[2023-09-29T08:49:12.401+0000] {processor.py:157} INFO - Started process (PID=30) to work on /opt/airflow/dags/my_dag.py
[2023-09-29T08:49:12.402+0000] {processor.py:829} INFO - Processing file /opt/airflow/dags/my_dag.py for tasks to queue
[2023-09-29T08:49:12.404+0000] {logging_mixin.py:151} INFO - [2023-09-29T08:49:12.404+0000] {dagbag.py:539} INFO - Filling up the DagBag from /opt/airflow/dags/my_dag.py
[2023-09-29T08:49:12.425+0000] {processor.py:839} INFO - DAG(s) dict_keys(['my_dag']) retrieved from /opt/airflow/dags/my_dag.py
[2023-09-29T08:49:12.581+0000] {logging_mixin.py:151} INFO - [2023-09-29T08:49:12.581+0000] {security.py:708} INFO - Not syncing DAG-level permissions for DAG 'DAG:my_dag' as access control is unset.
[2023-09-29T08:49:12.581+0000] {logging_mixin.py:151} INFO - [2023-09-29T08:49:12.581+0000] {dag.py:2915} INFO - Sync 1 DAGs
[2023-09-29T08:49:12.593+0000] {logging_mixin.py:151} INFO - [2023-09-29T08:49:12.593+0000] {dag.py:3696} INFO - Setting next_dagrun for my_dag to 2023-09-28T00:00:00+00:00, run_after=2023-09-29T00:00:00+00:00
[2023-09-29T08:49:12.603+0000] {processor.py:179} INFO - Processing /opt/airflow/dags/my_dag.py took 0.205 seconds
[2023-09-29T08:49:42.960+0000] {processor.py:157} INFO - Started process (PID=87) to work on /opt/airflow/dags/my_dag.py
[2023-09-29T08:49:42.968+0000] {processor.py:829} INFO - Processing file /opt/airflow/dags/my_dag.py for tasks to queue
[2023-09-29T08:49:42.979+0000] {logging_mixin.py:151} INFO - [2023-09-29T08:49:42.977+0000] {dagbag.py:539} INFO - Filling up the DagBag from /opt/airflow/dags/my_dag.py
[2023-09-29T08:49:43.019+0000] {processor.py:839} INFO - DAG(s) dict_keys(['my_dag']) retrieved from /opt/airflow/dags/my_dag.py
[2023-09-29T08:49:43.100+0000] {logging_mixin.py:151} INFO - [2023-09-29T08:49:43.100+0000] {dag.py:2915} INFO - Sync 1 DAGs
[2023-09-29T08:49:43.133+0000] {logging_mixin.py:151} INFO - [2023-09-29T08:49:43.132+0000] {dag.py:3696} INFO - Setting next_dagrun for my_dag to 2023-09-28T00:00:00+00:00, run_after=2023-09-29T00:00:00+00:00
[2023-09-29T08:49:43.144+0000] {processor.py:179} INFO - Processing /opt/airflow/dags/my_dag.py took 0.202 seconds
[2023-09-29T08:50:13.765+0000] {processor.py:157} INFO - Started process (PID=144) to work on /opt/airflow/dags/my_dag.py
[2023-09-29T08:50:13.769+0000] {processor.py:829} INFO - Processing file /opt/airflow/dags/my_dag.py for tasks to queue
[2023-09-29T08:50:13.772+0000] {logging_mixin.py:151} INFO - [2023-09-29T08:50:13.772+0000] {dagbag.py:539} INFO - Filling up the DagBag from /opt/airflow/dags/my_dag.py
[2023-09-29T08:50:13.787+0000] {processor.py:839} INFO - DAG(s) dict_keys(['my_dag']) retrieved from /opt/airflow/dags/my_dag.py
[2023-09-29T08:50:13.814+0000] {logging_mixin.py:151} INFO - [2023-09-29T08:50:13.814+0000] {dag.py:2915} INFO - Sync 1 DAGs
[2023-09-29T08:50:13.831+0000] {logging_mixin.py:151} INFO - [2023-09-29T08:50:13.831+0000] {dag.py:3696} INFO - Setting next_dagrun for my_dag to 2023-09-28T00:00:00+00:00, run_after=2023-09-29T00:00:00+00:00
[2023-09-29T08:50:13.840+0000] {processor.py:179} INFO - Processing /opt/airflow/dags/my_dag.py took 0.082 seconds
[2023-09-29T08:50:44.029+0000] {processor.py:157} INFO - Started process (PID=201) to work on /opt/airflow/dags/my_dag.py
[2023-09-29T08:50:44.031+0000] {processor.py:829} INFO - Processing file /opt/airflow/dags/my_dag.py for tasks to queue
[2023-09-29T08:50:44.035+0000] {logging_mixin.py:151} INFO - [2023-09-29T08:50:44.034+0000] {dagbag.py:539} INFO - Filling up the DagBag from /opt/airflow/dags/my_dag.py
[2023-09-29T08:50:44.045+0000] {processor.py:839} INFO - DAG(s) dict_keys(['my_dag']) retrieved from /opt/airflow/dags/my_dag.py
[2023-09-29T08:50:44.076+0000] {logging_mixin.py:151} INFO - [2023-09-29T08:50:44.076+0000] {dag.py:2915} INFO - Sync 1 DAGs
[2023-09-29T08:50:44.092+0000] {logging_mixin.py:151} INFO - [2023-09-29T08:50:44.092+0000] {dag.py:3696} INFO - Setting next_dagrun for my_dag to 2023-09-28T00:00:00+00:00, run_after=2023-09-29T00:00:00+00:00
[2023-09-29T08:50:44.101+0000] {processor.py:179} INFO - Processing /opt/airflow/dags/my_dag.py took 0.077 seconds
[2023-09-29T08:51:14.260+0000] {processor.py:157} INFO - Started process (PID=258) to work on /opt/airflow/dags/my_dag.py
[2023-09-29T08:51:14.261+0000] {processor.py:829} INFO - Processing file /opt/airflow/dags/my_dag.py for tasks to queue
[2023-09-29T08:51:14.264+0000] {logging_mixin.py:151} INFO - [2023-09-29T08:51:14.264+0000] {dagbag.py:539} INFO - Filling up the DagBag from /opt/airflow/dags/my_dag.py
[2023-09-29T08:51:14.275+0000] {processor.py:839} INFO - DAG(s) dict_keys(['my_dag']) retrieved from /opt/airflow/dags/my_dag.py
[2023-09-29T08:51:14.306+0000] {logging_mixin.py:151} INFO - [2023-09-29T08:51:14.305+0000] {dag.py:2915} INFO - Sync 1 DAGs
[2023-09-29T08:51:14.322+0000] {logging_mixin.py:151} INFO - [2023-09-29T08:51:14.321+0000] {dag.py:3696} INFO - Setting next_dagrun for my_dag to 2023-09-28T00:00:00+00:00, run_after=2023-09-29T00:00:00+00:00
[2023-09-29T08:51:14.331+0000] {processor.py:179} INFO - Processing /opt/airflow/dags/my_dag.py took 0.089 seconds
[2023-09-29T08:51:44.500+0000] {processor.py:157} INFO - Started process (PID=315) to work on /opt/airflow/dags/my_dag.py
[2023-09-29T08:51:44.503+0000] {processor.py:829} INFO - Processing file /opt/airflow/dags/my_dag.py for tasks to queue
[2023-09-29T08:51:44.514+0000] {logging_mixin.py:151} INFO - [2023-09-29T08:51:44.513+0000] {dagbag.py:539} INFO - Filling up the DagBag from /opt/airflow/dags/my_dag.py
[2023-09-29T08:51:44.536+0000] {processor.py:839} INFO - DAG(s) dict_keys(['my_dag']) retrieved from /opt/airflow/dags/my_dag.py
[2023-09-29T08:51:44.589+0000] {logging_mixin.py:151} INFO - [2023-09-29T08:51:44.589+0000] {dag.py:2915} INFO - Sync 1 DAGs
[2023-09-29T08:51:44.620+0000] {logging_mixin.py:151} INFO - [2023-09-29T08:51:44.620+0000] {dag.py:3696} INFO - Setting next_dagrun for my_dag to 2023-09-28T00:00:00+00:00, run_after=2023-09-29T00:00:00+00:00
[2023-09-29T08:51:44.629+0000] {processor.py:179} INFO - Processing /opt/airflow/dags/my_dag.py took 0.136 seconds
[2023-09-29T08:52:14.866+0000] {processor.py:157} INFO - Started process (PID=372) to work on /opt/airflow/dags/my_dag.py
[2023-09-29T08:52:14.870+0000] {processor.py:829} INFO - Processing file /opt/airflow/dags/my_dag.py for tasks to queue
[2023-09-29T08:52:14.876+0000] {logging_mixin.py:151} INFO - [2023-09-29T08:52:14.876+0000] {dagbag.py:539} INFO - Filling up the DagBag from /opt/airflow/dags/my_dag.py
[2023-09-29T08:52:14.889+0000] {processor.py:839} INFO - DAG(s) dict_keys(['my_dag']) retrieved from /opt/airflow/dags/my_dag.py
[2023-09-29T08:52:14.910+0000] {logging_mixin.py:151} INFO - [2023-09-29T08:52:14.910+0000] {dag.py:2915} INFO - Sync 1 DAGs
[2023-09-29T08:52:14.935+0000] {logging_mixin.py:151} INFO - [2023-09-29T08:52:14.935+0000] {dag.py:3696} INFO - Setting next_dagrun for my_dag to 2023-09-28T00:00:00+00:00, run_after=2023-09-29T00:00:00+00:00
[2023-09-29T08:52:14.944+0000] {processor.py:179} INFO - Processing /opt/airflow/dags/my_dag.py took 0.102 seconds
[2023-09-29T08:52:45.355+0000] {processor.py:157} INFO - Started process (PID=429) to work on /opt/airflow/dags/my_dag.py
[2023-09-29T08:52:45.358+0000] {processor.py:829} INFO - Processing file /opt/airflow/dags/my_dag.py for tasks to queue
[2023-09-29T08:52:45.363+0000] {logging_mixin.py:151} INFO - [2023-09-29T08:52:45.363+0000] {dagbag.py:539} INFO - Filling up the DagBag from /opt/airflow/dags/my_dag.py
[2023-09-29T08:52:45.375+0000] {processor.py:839} INFO - DAG(s) dict_keys(['my_dag']) retrieved from /opt/airflow/dags/my_dag.py
[2023-09-29T08:52:45.405+0000] {logging_mixin.py:151} INFO - [2023-09-29T08:52:45.404+0000] {dag.py:2915} INFO - Sync 1 DAGs
[2023-09-29T08:52:45.420+0000] {logging_mixin.py:151} INFO - [2023-09-29T08:52:45.420+0000] {dag.py:3696} INFO - Setting next_dagrun for my_dag to 2023-09-28T00:00:00+00:00, run_after=2023-09-29T00:00:00+00:00
[2023-09-29T08:52:45.430+0000] {processor.py:179} INFO - Processing /opt/airflow/dags/my_dag.py took 0.085 seconds
[2023-09-29T08:53:15.631+0000] {processor.py:157} INFO - Started process (PID=486) to work on /opt/airflow/dags/my_dag.py
[2023-09-29T08:53:15.633+0000] {processor.py:829} INFO - Processing file /opt/airflow/dags/my_dag.py for tasks to queue
[2023-09-29T08:53:15.648+0000] {logging_mixin.py:151} INFO - [2023-09-29T08:53:15.646+0000] {dagbag.py:539} INFO - Filling up the DagBag from /opt/airflow/dags/my_dag.py
[2023-09-29T08:53:15.685+0000] {processor.py:839} INFO - DAG(s) dict_keys(['my_dag']) retrieved from /opt/airflow/dags/my_dag.py
[2023-09-29T08:53:15.722+0000] {logging_mixin.py:151} INFO - [2023-09-29T08:53:15.722+0000] {dag.py:2915} INFO - Sync 1 DAGs
[2023-09-29T08:53:15.742+0000] {logging_mixin.py:151} INFO - [2023-09-29T08:53:15.742+0000] {dag.py:3696} INFO - Setting next_dagrun for my_dag to 2023-09-28T00:00:00+00:00, run_after=2023-09-29T00:00:00+00:00
[2023-09-29T08:53:15.753+0000] {processor.py:179} INFO - Processing /opt/airflow/dags/my_dag.py took 0.132 seconds
[2023-09-29T08:53:45.874+0000] {processor.py:157} INFO - Started process (PID=543) to work on /opt/airflow/dags/my_dag.py
[2023-09-29T08:53:45.876+0000] {processor.py:829} INFO - Processing file /opt/airflow/dags/my_dag.py for tasks to queue
[2023-09-29T08:53:45.880+0000] {logging_mixin.py:151} INFO - [2023-09-29T08:53:45.880+0000] {dagbag.py:539} INFO - Filling up the DagBag from /opt/airflow/dags/my_dag.py
[2023-09-29T08:53:45.900+0000] {processor.py:839} INFO - DAG(s) dict_keys(['my_dag']) retrieved from /opt/airflow/dags/my_dag.py
[2023-09-29T08:53:45.929+0000] {logging_mixin.py:151} INFO - [2023-09-29T08:53:45.929+0000] {dag.py:2915} INFO - Sync 1 DAGs
[2023-09-29T08:53:45.944+0000] {logging_mixin.py:151} INFO - [2023-09-29T08:53:45.944+0000] {dag.py:3696} INFO - Setting next_dagrun for my_dag to 2023-09-28T00:00:00+00:00, run_after=2023-09-29T00:00:00+00:00
[2023-09-29T08:53:45.952+0000] {processor.py:179} INFO - Processing /opt/airflow/dags/my_dag.py took 0.086 seconds
[2023-09-29T08:54:16.491+0000] {processor.py:157} INFO - Started process (PID=600) to work on /opt/airflow/dags/my_dag.py
[2023-09-29T08:54:16.492+0000] {processor.py:829} INFO - Processing file /opt/airflow/dags/my_dag.py for tasks to queue
[2023-09-29T08:54:16.496+0000] {logging_mixin.py:151} INFO - [2023-09-29T08:54:16.496+0000] {dagbag.py:539} INFO - Filling up the DagBag from /opt/airflow/dags/my_dag.py
[2023-09-29T08:54:16.508+0000] {processor.py:839} INFO - DAG(s) dict_keys(['my_dag']) retrieved from /opt/airflow/dags/my_dag.py
[2023-09-29T08:54:16.528+0000] {logging_mixin.py:151} INFO - [2023-09-29T08:54:16.528+0000] {dag.py:2915} INFO - Sync 1 DAGs
[2023-09-29T08:54:16.542+0000] {logging_mixin.py:151} INFO - [2023-09-29T08:54:16.542+0000] {dag.py:3696} INFO - Setting next_dagrun for my_dag to 2023-09-28T00:00:00+00:00, run_after=2023-09-29T00:00:00+00:00
[2023-09-29T08:54:16.551+0000] {processor.py:179} INFO - Processing /opt/airflow/dags/my_dag.py took 0.068 seconds
[2023-09-29T08:54:46.892+0000] {processor.py:157} INFO - Started process (PID=657) to work on /opt/airflow/dags/my_dag.py
[2023-09-29T08:54:46.894+0000] {processor.py:829} INFO - Processing file /opt/airflow/dags/my_dag.py for tasks to queue
[2023-09-29T08:54:46.901+0000] {logging_mixin.py:151} INFO - [2023-09-29T08:54:46.900+0000] {dagbag.py:539} INFO - Filling up the DagBag from /opt/airflow/dags/my_dag.py
[2023-09-29T08:54:46.911+0000] {processor.py:839} INFO - DAG(s) dict_keys(['my_dag']) retrieved from /opt/airflow/dags/my_dag.py
[2023-09-29T08:54:46.930+0000] {logging_mixin.py:151} INFO - [2023-09-29T08:54:46.930+0000] {dag.py:2915} INFO - Sync 1 DAGs
[2023-09-29T08:54:46.945+0000] {logging_mixin.py:151} INFO - [2023-09-29T08:54:46.945+0000] {dag.py:3696} INFO - Setting next_dagrun for my_dag to 2023-09-28T00:00:00+00:00, run_after=2023-09-29T00:00:00+00:00
[2023-09-29T08:54:46.954+0000] {processor.py:179} INFO - Processing /opt/airflow/dags/my_dag.py took 0.083 seconds
[2023-09-29T08:55:17.057+0000] {processor.py:157} INFO - Started process (PID=714) to work on /opt/airflow/dags/my_dag.py
[2023-09-29T08:55:17.061+0000] {processor.py:829} INFO - Processing file /opt/airflow/dags/my_dag.py for tasks to queue
[2023-09-29T08:55:17.066+0000] {logging_mixin.py:151} INFO - [2023-09-29T08:55:17.065+0000] {dagbag.py:539} INFO - Filling up the DagBag from /opt/airflow/dags/my_dag.py
[2023-09-29T08:55:17.076+0000] {processor.py:839} INFO - DAG(s) dict_keys(['my_dag']) retrieved from /opt/airflow/dags/my_dag.py
[2023-09-29T08:55:17.105+0000] {logging_mixin.py:151} INFO - [2023-09-29T08:55:17.105+0000] {dag.py:2915} INFO - Sync 1 DAGs
[2023-09-29T08:55:17.120+0000] {logging_mixin.py:151} INFO - [2023-09-29T08:55:17.120+0000] {dag.py:3696} INFO - Setting next_dagrun for my_dag to 2023-09-28T00:00:00+00:00, run_after=2023-09-29T00:00:00+00:00
[2023-09-29T08:55:17.129+0000] {processor.py:179} INFO - Processing /opt/airflow/dags/my_dag.py took 0.091 seconds
[2023-09-29T08:55:47.244+0000] {processor.py:157} INFO - Started process (PID=771) to work on /opt/airflow/dags/my_dag.py
[2023-09-29T08:55:47.253+0000] {processor.py:829} INFO - Processing file /opt/airflow/dags/my_dag.py for tasks to queue
[2023-09-29T08:55:47.257+0000] {logging_mixin.py:151} INFO - [2023-09-29T08:55:47.257+0000] {dagbag.py:539} INFO - Filling up the DagBag from /opt/airflow/dags/my_dag.py
[2023-09-29T08:55:47.268+0000] {processor.py:839} INFO - DAG(s) dict_keys(['my_dag']) retrieved from /opt/airflow/dags/my_dag.py
[2023-09-29T08:55:47.292+0000] {logging_mixin.py:151} INFO - [2023-09-29T08:55:47.292+0000] {dag.py:2915} INFO - Sync 1 DAGs
[2023-09-29T08:55:47.307+0000] {logging_mixin.py:151} INFO - [2023-09-29T08:55:47.307+0000] {dag.py:3696} INFO - Setting next_dagrun for my_dag to 2023-09-28T00:00:00+00:00, run_after=2023-09-29T00:00:00+00:00
[2023-09-29T08:55:47.315+0000] {processor.py:179} INFO - Processing /opt/airflow/dags/my_dag.py took 0.085 seconds
[2023-09-29T08:56:17.528+0000] {processor.py:157} INFO - Started process (PID=828) to work on /opt/airflow/dags/my_dag.py
[2023-09-29T08:56:17.531+0000] {processor.py:829} INFO - Processing file /opt/airflow/dags/my_dag.py for tasks to queue
[2023-09-29T08:56:17.535+0000] {logging_mixin.py:151} INFO - [2023-09-29T08:56:17.534+0000] {dagbag.py:539} INFO - Filling up the DagBag from /opt/airflow/dags/my_dag.py
[2023-09-29T08:56:17.552+0000] {processor.py:839} INFO - DAG(s) dict_keys(['my_dag']) retrieved from /opt/airflow/dags/my_dag.py
[2023-09-29T08:56:17.583+0000] {logging_mixin.py:151} INFO - [2023-09-29T08:56:17.583+0000] {dag.py:2915} INFO - Sync 1 DAGs
[2023-09-29T08:56:17.598+0000] {logging_mixin.py:151} INFO - [2023-09-29T08:56:17.597+0000] {dag.py:3696} INFO - Setting next_dagrun for my_dag to 2023-09-28T00:00:00+00:00, run_after=2023-09-29T00:00:00+00:00
[2023-09-29T08:56:17.609+0000] {processor.py:179} INFO - Processing /opt/airflow/dags/my_dag.py took 0.089 seconds
[2023-09-29T10:54:59.631+0000] {processor.py:157} INFO - Started process (PID=30) to work on /opt/airflow/dags/my_dag.py
[2023-09-29T10:54:59.632+0000] {processor.py:829} INFO - Processing file /opt/airflow/dags/my_dag.py for tasks to queue
[2023-09-29T10:54:59.634+0000] {logging_mixin.py:151} INFO - [2023-09-29T10:54:59.634+0000] {dagbag.py:539} INFO - Filling up the DagBag from /opt/airflow/dags/my_dag.py
[2023-09-29T10:54:59.647+0000] {processor.py:839} INFO - DAG(s) dict_keys(['my_dag']) retrieved from /opt/airflow/dags/my_dag.py
[2023-09-29T10:54:59.785+0000] {logging_mixin.py:151} INFO - [2023-09-29T10:54:59.785+0000] {security.py:708} INFO - Not syncing DAG-level permissions for DAG 'DAG:my_dag' as access control is unset.
[2023-09-29T10:54:59.785+0000] {logging_mixin.py:151} INFO - [2023-09-29T10:54:59.785+0000] {dag.py:2915} INFO - Sync 1 DAGs
[2023-09-29T10:54:59.801+0000] {logging_mixin.py:151} INFO - [2023-09-29T10:54:59.801+0000] {dag.py:3696} INFO - Setting next_dagrun for my_dag to 2023-09-28T00:00:00+00:00, run_after=2023-09-29T00:00:00+00:00
[2023-09-29T10:54:59.815+0000] {processor.py:179} INFO - Processing /opt/airflow/dags/my_dag.py took 0.187 seconds
[2023-09-29T10:55:30.394+0000] {processor.py:157} INFO - Started process (PID=86) to work on /opt/airflow/dags/my_dag.py
[2023-09-29T10:55:30.396+0000] {processor.py:829} INFO - Processing file /opt/airflow/dags/my_dag.py for tasks to queue
[2023-09-29T10:55:30.404+0000] {logging_mixin.py:151} INFO - [2023-09-29T10:55:30.403+0000] {dagbag.py:539} INFO - Filling up the DagBag from /opt/airflow/dags/my_dag.py
[2023-09-29T10:55:30.417+0000] {processor.py:839} INFO - DAG(s) dict_keys(['my_dag']) retrieved from /opt/airflow/dags/my_dag.py
[2023-09-29T10:55:30.446+0000] {logging_mixin.py:151} INFO - [2023-09-29T10:55:30.446+0000] {dag.py:2915} INFO - Sync 1 DAGs
[2023-09-29T10:55:30.462+0000] {logging_mixin.py:151} INFO - [2023-09-29T10:55:30.461+0000] {dag.py:3696} INFO - Setting next_dagrun for my_dag to 2023-09-28T00:00:00+00:00, run_after=2023-09-29T00:00:00+00:00
[2023-09-29T10:55:30.472+0000] {processor.py:179} INFO - Processing /opt/airflow/dags/my_dag.py took 0.085 seconds
[2023-09-29T10:56:00.696+0000] {processor.py:157} INFO - Started process (PID=143) to work on /opt/airflow/dags/my_dag.py
[2023-09-29T10:56:00.703+0000] {processor.py:829} INFO - Processing file /opt/airflow/dags/my_dag.py for tasks to queue
[2023-09-29T10:56:00.713+0000] {logging_mixin.py:151} INFO - [2023-09-29T10:56:00.712+0000] {dagbag.py:539} INFO - Filling up the DagBag from /opt/airflow/dags/my_dag.py
[2023-09-29T10:56:00.731+0000] {processor.py:839} INFO - DAG(s) dict_keys(['my_dag']) retrieved from /opt/airflow/dags/my_dag.py
[2023-09-29T10:56:00.756+0000] {logging_mixin.py:151} INFO - [2023-09-29T10:56:00.756+0000] {dag.py:2915} INFO - Sync 1 DAGs
[2023-09-29T10:56:00.782+0000] {logging_mixin.py:151} INFO - [2023-09-29T10:56:00.782+0000] {dag.py:3696} INFO - Setting next_dagrun for my_dag to 2023-09-28T00:00:00+00:00, run_after=2023-09-29T00:00:00+00:00
[2023-09-29T10:56:00.796+0000] {processor.py:179} INFO - Processing /opt/airflow/dags/my_dag.py took 0.109 seconds
[2023-09-29T10:56:30.988+0000] {processor.py:157} INFO - Started process (PID=200) to work on /opt/airflow/dags/my_dag.py
[2023-09-29T10:56:30.995+0000] {processor.py:829} INFO - Processing file /opt/airflow/dags/my_dag.py for tasks to queue
[2023-09-29T10:56:30.999+0000] {logging_mixin.py:151} INFO - [2023-09-29T10:56:30.998+0000] {dagbag.py:539} INFO - Filling up the DagBag from /opt/airflow/dags/my_dag.py
[2023-09-29T10:56:31.009+0000] {processor.py:839} INFO - DAG(s) dict_keys(['my_dag']) retrieved from /opt/airflow/dags/my_dag.py
[2023-09-29T10:56:31.044+0000] {logging_mixin.py:151} INFO - [2023-09-29T10:56:31.044+0000] {dag.py:2915} INFO - Sync 1 DAGs
[2023-09-29T10:56:31.063+0000] {logging_mixin.py:151} INFO - [2023-09-29T10:56:31.063+0000] {dag.py:3696} INFO - Setting next_dagrun for my_dag to 2023-09-28T00:00:00+00:00, run_after=2023-09-29T00:00:00+00:00
[2023-09-29T10:56:31.073+0000] {processor.py:179} INFO - Processing /opt/airflow/dags/my_dag.py took 0.102 seconds
[2023-09-29T10:57:01.583+0000] {processor.py:157} INFO - Started process (PID=258) to work on /opt/airflow/dags/my_dag.py
[2023-09-29T10:57:01.585+0000] {processor.py:829} INFO - Processing file /opt/airflow/dags/my_dag.py for tasks to queue
[2023-09-29T10:57:01.589+0000] {logging_mixin.py:151} INFO - [2023-09-29T10:57:01.588+0000] {dagbag.py:539} INFO - Filling up the DagBag from /opt/airflow/dags/my_dag.py
[2023-09-29T10:57:01.608+0000] {processor.py:839} INFO - DAG(s) dict_keys(['my_dag']) retrieved from /opt/airflow/dags/my_dag.py
[2023-09-29T10:57:01.649+0000] {logging_mixin.py:151} INFO - [2023-09-29T10:57:01.648+0000] {dag.py:2915} INFO - Sync 1 DAGs
[2023-09-29T10:57:01.668+0000] {logging_mixin.py:151} INFO - [2023-09-29T10:57:01.668+0000] {dag.py:3696} INFO - Setting next_dagrun for my_dag to 2023-09-28T00:00:00+00:00, run_after=2023-09-29T00:00:00+00:00
[2023-09-29T10:57:01.680+0000] {processor.py:179} INFO - Processing /opt/airflow/dags/my_dag.py took 0.104 seconds
[2023-09-29T10:57:32.022+0000] {processor.py:157} INFO - Started process (PID=315) to work on /opt/airflow/dags/my_dag.py
[2023-09-29T10:57:32.025+0000] {processor.py:829} INFO - Processing file /opt/airflow/dags/my_dag.py for tasks to queue
[2023-09-29T10:57:32.037+0000] {logging_mixin.py:151} INFO - [2023-09-29T10:57:32.036+0000] {dagbag.py:539} INFO - Filling up the DagBag from /opt/airflow/dags/my_dag.py
[2023-09-29T10:57:32.057+0000] {processor.py:839} INFO - DAG(s) dict_keys(['my_dag']) retrieved from /opt/airflow/dags/my_dag.py
[2023-09-29T10:57:32.080+0000] {logging_mixin.py:151} INFO - [2023-09-29T10:57:32.080+0000] {dag.py:2915} INFO - Sync 1 DAGs
[2023-09-29T10:57:32.098+0000] {logging_mixin.py:151} INFO - [2023-09-29T10:57:32.097+0000] {dag.py:3696} INFO - Setting next_dagrun for my_dag to 2023-09-28T00:00:00+00:00, run_after=2023-09-29T00:00:00+00:00
[2023-09-29T10:57:32.106+0000] {processor.py:179} INFO - Processing /opt/airflow/dags/my_dag.py took 0.093 seconds
[2023-09-29T10:58:02.181+0000] {processor.py:157} INFO - Started process (PID=372) to work on /opt/airflow/dags/my_dag.py
[2023-09-29T10:58:02.185+0000] {processor.py:829} INFO - Processing file /opt/airflow/dags/my_dag.py for tasks to queue
[2023-09-29T10:58:02.188+0000] {logging_mixin.py:151} INFO - [2023-09-29T10:58:02.187+0000] {dagbag.py:539} INFO - Filling up the DagBag from /opt/airflow/dags/my_dag.py
[2023-09-29T10:58:02.202+0000] {processor.py:839} INFO - DAG(s) dict_keys(['my_dag']) retrieved from /opt/airflow/dags/my_dag.py
[2023-09-29T10:58:02.224+0000] {logging_mixin.py:151} INFO - [2023-09-29T10:58:02.223+0000] {dag.py:2915} INFO - Sync 1 DAGs
[2023-09-29T10:58:02.238+0000] {logging_mixin.py:151} INFO - [2023-09-29T10:58:02.238+0000] {dag.py:3696} INFO - Setting next_dagrun for my_dag to 2023-09-28T00:00:00+00:00, run_after=2023-09-29T00:00:00+00:00
[2023-09-29T10:58:02.246+0000] {processor.py:179} INFO - Processing /opt/airflow/dags/my_dag.py took 0.081 seconds
[2023-09-29T10:58:32.310+0000] {processor.py:157} INFO - Started process (PID=429) to work on /opt/airflow/dags/my_dag.py
[2023-09-29T10:58:32.312+0000] {processor.py:829} INFO - Processing file /opt/airflow/dags/my_dag.py for tasks to queue
[2023-09-29T10:58:32.316+0000] {logging_mixin.py:151} INFO - [2023-09-29T10:58:32.315+0000] {dagbag.py:539} INFO - Filling up the DagBag from /opt/airflow/dags/my_dag.py
[2023-09-29T10:58:32.327+0000] {processor.py:839} INFO - DAG(s) dict_keys(['my_dag']) retrieved from /opt/airflow/dags/my_dag.py
[2023-09-29T10:58:32.390+0000] {logging_mixin.py:151} INFO - [2023-09-29T10:58:32.390+0000] {dag.py:2915} INFO - Sync 1 DAGs
[2023-09-29T10:58:32.423+0000] {logging_mixin.py:151} INFO - [2023-09-29T10:58:32.423+0000] {dag.py:3696} INFO - Setting next_dagrun for my_dag to 2023-09-28T00:00:00+00:00, run_after=2023-09-29T00:00:00+00:00
[2023-09-29T10:58:32.432+0000] {processor.py:179} INFO - Processing /opt/airflow/dags/my_dag.py took 0.126 seconds
[2023-09-29T10:59:02.603+0000] {processor.py:157} INFO - Started process (PID=486) to work on /opt/airflow/dags/my_dag.py
[2023-09-29T10:59:02.604+0000] {processor.py:829} INFO - Processing file /opt/airflow/dags/my_dag.py for tasks to queue
[2023-09-29T10:59:02.608+0000] {logging_mixin.py:151} INFO - [2023-09-29T10:59:02.608+0000] {dagbag.py:539} INFO - Filling up the DagBag from /opt/airflow/dags/my_dag.py
[2023-09-29T10:59:02.617+0000] {processor.py:839} INFO - DAG(s) dict_keys(['my_dag']) retrieved from /opt/airflow/dags/my_dag.py
[2023-09-29T10:59:02.636+0000] {logging_mixin.py:151} INFO - [2023-09-29T10:59:02.636+0000] {dag.py:2915} INFO - Sync 1 DAGs
[2023-09-29T10:59:02.651+0000] {logging_mixin.py:151} INFO - [2023-09-29T10:59:02.651+0000] {dag.py:3696} INFO - Setting next_dagrun for my_dag to 2023-09-28T00:00:00+00:00, run_after=2023-09-29T00:00:00+00:00
[2023-09-29T10:59:02.659+0000] {processor.py:179} INFO - Processing /opt/airflow/dags/my_dag.py took 0.073 seconds
[2023-09-29T10:59:32.865+0000] {processor.py:157} INFO - Started process (PID=543) to work on /opt/airflow/dags/my_dag.py
[2023-09-29T10:59:32.866+0000] {processor.py:829} INFO - Processing file /opt/airflow/dags/my_dag.py for tasks to queue
[2023-09-29T10:59:32.870+0000] {logging_mixin.py:151} INFO - [2023-09-29T10:59:32.870+0000] {dagbag.py:539} INFO - Filling up the DagBag from /opt/airflow/dags/my_dag.py
[2023-09-29T10:59:32.880+0000] {processor.py:839} INFO - DAG(s) dict_keys(['my_dag']) retrieved from /opt/airflow/dags/my_dag.py
[2023-09-29T10:59:32.904+0000] {logging_mixin.py:151} INFO - [2023-09-29T10:59:32.903+0000] {dag.py:2915} INFO - Sync 1 DAGs
[2023-09-29T10:59:32.927+0000] {logging_mixin.py:151} INFO - [2023-09-29T10:59:32.927+0000] {dag.py:3696} INFO - Setting next_dagrun for my_dag to 2023-09-28T00:00:00+00:00, run_after=2023-09-29T00:00:00+00:00
[2023-09-29T10:59:32.936+0000] {processor.py:179} INFO - Processing /opt/airflow/dags/my_dag.py took 0.089 seconds
[2023-09-29T11:00:03.081+0000] {processor.py:157} INFO - Started process (PID=600) to work on /opt/airflow/dags/my_dag.py
[2023-09-29T11:00:03.083+0000] {processor.py:829} INFO - Processing file /opt/airflow/dags/my_dag.py for tasks to queue
[2023-09-29T11:00:03.088+0000] {logging_mixin.py:151} INFO - [2023-09-29T11:00:03.088+0000] {dagbag.py:539} INFO - Filling up the DagBag from /opt/airflow/dags/my_dag.py
[2023-09-29T11:00:03.100+0000] {processor.py:839} INFO - DAG(s) dict_keys(['my_dag']) retrieved from /opt/airflow/dags/my_dag.py
[2023-09-29T11:00:03.120+0000] {logging_mixin.py:151} INFO - [2023-09-29T11:00:03.119+0000] {dag.py:2915} INFO - Sync 1 DAGs
[2023-09-29T11:00:03.145+0000] {logging_mixin.py:151} INFO - [2023-09-29T11:00:03.144+0000] {dag.py:3696} INFO - Setting next_dagrun for my_dag to 2023-09-28T00:00:00+00:00, run_after=2023-09-29T00:00:00+00:00
[2023-09-29T11:00:03.154+0000] {processor.py:179} INFO - Processing /opt/airflow/dags/my_dag.py took 0.084 seconds
[2023-09-29T11:00:33.755+0000] {processor.py:157} INFO - Started process (PID=657) to work on /opt/airflow/dags/my_dag.py
[2023-09-29T11:00:33.758+0000] {processor.py:829} INFO - Processing file /opt/airflow/dags/my_dag.py for tasks to queue
[2023-09-29T11:00:33.775+0000] {logging_mixin.py:151} INFO - [2023-09-29T11:00:33.774+0000] {dagbag.py:539} INFO - Filling up the DagBag from /opt/airflow/dags/my_dag.py
[2023-09-29T11:00:33.786+0000] {processor.py:839} INFO - DAG(s) dict_keys(['my_dag']) retrieved from /opt/airflow/dags/my_dag.py
[2023-09-29T11:00:33.817+0000] {logging_mixin.py:151} INFO - [2023-09-29T11:00:33.817+0000] {dag.py:2915} INFO - Sync 1 DAGs
[2023-09-29T11:00:33.832+0000] {logging_mixin.py:151} INFO - [2023-09-29T11:00:33.832+0000] {dag.py:3696} INFO - Setting next_dagrun for my_dag to 2023-09-28T00:00:00+00:00, run_after=2023-09-29T00:00:00+00:00
[2023-09-29T11:00:33.840+0000] {processor.py:179} INFO - Processing /opt/airflow/dags/my_dag.py took 0.094 seconds
[2023-09-29T11:01:03.969+0000] {processor.py:157} INFO - Started process (PID=714) to work on /opt/airflow/dags/my_dag.py
[2023-09-29T11:01:03.971+0000] {processor.py:829} INFO - Processing file /opt/airflow/dags/my_dag.py for tasks to queue
[2023-09-29T11:01:03.986+0000] {logging_mixin.py:151} INFO - [2023-09-29T11:01:03.985+0000] {dagbag.py:539} INFO - Filling up the DagBag from /opt/airflow/dags/my_dag.py
[2023-09-29T11:01:04.003+0000] {processor.py:839} INFO - DAG(s) dict_keys(['my_dag']) retrieved from /opt/airflow/dags/my_dag.py
[2023-09-29T11:01:04.024+0000] {logging_mixin.py:151} INFO - [2023-09-29T11:01:04.024+0000] {dag.py:2915} INFO - Sync 1 DAGs
[2023-09-29T11:01:04.038+0000] {logging_mixin.py:151} INFO - [2023-09-29T11:01:04.038+0000] {dag.py:3696} INFO - Setting next_dagrun for my_dag to 2023-09-28T00:00:00+00:00, run_after=2023-09-29T00:00:00+00:00
[2023-09-29T11:01:04.046+0000] {processor.py:179} INFO - Processing /opt/airflow/dags/my_dag.py took 0.085 seconds
[2023-09-29T11:01:34.148+0000] {processor.py:157} INFO - Started process (PID=771) to work on /opt/airflow/dags/my_dag.py
[2023-09-29T11:01:34.150+0000] {processor.py:829} INFO - Processing file /opt/airflow/dags/my_dag.py for tasks to queue
[2023-09-29T11:01:34.155+0000] {logging_mixin.py:151} INFO - [2023-09-29T11:01:34.154+0000] {dagbag.py:539} INFO - Filling up the DagBag from /opt/airflow/dags/my_dag.py
[2023-09-29T11:01:34.179+0000] {processor.py:839} INFO - DAG(s) dict_keys(['my_dag']) retrieved from /opt/airflow/dags/my_dag.py
[2023-09-29T11:01:34.210+0000] {logging_mixin.py:151} INFO - [2023-09-29T11:01:34.210+0000] {dag.py:2915} INFO - Sync 1 DAGs
[2023-09-29T11:01:34.249+0000] {logging_mixin.py:151} INFO - [2023-09-29T11:01:34.249+0000] {dag.py:3696} INFO - Setting next_dagrun for my_dag to 2023-09-28T00:00:00+00:00, run_after=2023-09-29T00:00:00+00:00
[2023-09-29T11:01:34.263+0000] {processor.py:179} INFO - Processing /opt/airflow/dags/my_dag.py took 0.128 seconds
[2023-09-29T11:02:04.369+0000] {processor.py:157} INFO - Started process (PID=828) to work on /opt/airflow/dags/my_dag.py
[2023-09-29T11:02:04.371+0000] {processor.py:829} INFO - Processing file /opt/airflow/dags/my_dag.py for tasks to queue
[2023-09-29T11:02:04.377+0000] {logging_mixin.py:151} INFO - [2023-09-29T11:02:04.376+0000] {dagbag.py:539} INFO - Filling up the DagBag from /opt/airflow/dags/my_dag.py
[2023-09-29T11:02:04.408+0000] {processor.py:839} INFO - DAG(s) dict_keys(['my_dag']) retrieved from /opt/airflow/dags/my_dag.py
[2023-09-29T11:02:04.459+0000] {logging_mixin.py:151} INFO - [2023-09-29T11:02:04.458+0000] {dag.py:2915} INFO - Sync 1 DAGs
[2023-09-29T11:02:04.481+0000] {logging_mixin.py:151} INFO - [2023-09-29T11:02:04.480+0000] {dag.py:3696} INFO - Setting next_dagrun for my_dag to 2023-09-28T00:00:00+00:00, run_after=2023-09-29T00:00:00+00:00
[2023-09-29T11:02:04.493+0000] {processor.py:179} INFO - Processing /opt/airflow/dags/my_dag.py took 0.180 seconds
[2023-09-29T11:02:34.733+0000] {processor.py:157} INFO - Started process (PID=886) to work on /opt/airflow/dags/my_dag.py
[2023-09-29T11:02:34.734+0000] {processor.py:829} INFO - Processing file /opt/airflow/dags/my_dag.py for tasks to queue
[2023-09-29T11:02:34.738+0000] {logging_mixin.py:151} INFO - [2023-09-29T11:02:34.738+0000] {dagbag.py:539} INFO - Filling up the DagBag from /opt/airflow/dags/my_dag.py
[2023-09-29T11:02:34.749+0000] {processor.py:839} INFO - DAG(s) dict_keys(['my_dag']) retrieved from /opt/airflow/dags/my_dag.py
[2023-09-29T11:02:34.766+0000] {logging_mixin.py:151} INFO - [2023-09-29T11:02:34.766+0000] {dag.py:2915} INFO - Sync 1 DAGs
[2023-09-29T11:02:34.798+0000] {logging_mixin.py:151} INFO - [2023-09-29T11:02:34.798+0000] {dag.py:3696} INFO - Setting next_dagrun for my_dag to 2023-09-28T00:00:00+00:00, run_after=2023-09-29T00:00:00+00:00
[2023-09-29T11:02:34.807+0000] {processor.py:179} INFO - Processing /opt/airflow/dags/my_dag.py took 0.081 seconds
[2023-09-29T11:03:04.883+0000] {processor.py:157} INFO - Started process (PID=942) to work on /opt/airflow/dags/my_dag.py
[2023-09-29T11:03:04.886+0000] {processor.py:829} INFO - Processing file /opt/airflow/dags/my_dag.py for tasks to queue
[2023-09-29T11:03:04.899+0000] {logging_mixin.py:151} INFO - [2023-09-29T11:03:04.898+0000] {dagbag.py:539} INFO - Filling up the DagBag from /opt/airflow/dags/my_dag.py
[2023-09-29T11:03:04.916+0000] {processor.py:839} INFO - DAG(s) dict_keys(['my_dag']) retrieved from /opt/airflow/dags/my_dag.py
[2023-09-29T11:03:04.935+0000] {logging_mixin.py:151} INFO - [2023-09-29T11:03:04.935+0000] {dag.py:2915} INFO - Sync 1 DAGs
[2023-09-29T11:03:04.960+0000] {logging_mixin.py:151} INFO - [2023-09-29T11:03:04.959+0000] {dag.py:3696} INFO - Setting next_dagrun for my_dag to 2023-09-28T00:00:00+00:00, run_after=2023-09-29T00:00:00+00:00
[2023-09-29T11:03:04.973+0000] {processor.py:179} INFO - Processing /opt/airflow/dags/my_dag.py took 0.097 seconds
[2023-09-29T11:03:35.121+0000] {processor.py:157} INFO - Started process (PID=999) to work on /opt/airflow/dags/my_dag.py
[2023-09-29T11:03:35.123+0000] {processor.py:829} INFO - Processing file /opt/airflow/dags/my_dag.py for tasks to queue
[2023-09-29T11:03:35.126+0000] {logging_mixin.py:151} INFO - [2023-09-29T11:03:35.126+0000] {dagbag.py:539} INFO - Filling up the DagBag from /opt/airflow/dags/my_dag.py
[2023-09-29T11:03:35.136+0000] {processor.py:839} INFO - DAG(s) dict_keys(['my_dag']) retrieved from /opt/airflow/dags/my_dag.py
[2023-09-29T11:03:35.155+0000] {logging_mixin.py:151} INFO - [2023-09-29T11:03:35.155+0000] {dag.py:2915} INFO - Sync 1 DAGs
[2023-09-29T11:03:35.188+0000] {logging_mixin.py:151} INFO - [2023-09-29T11:03:35.188+0000] {dag.py:3696} INFO - Setting next_dagrun for my_dag to 2023-09-28T00:00:00+00:00, run_after=2023-09-29T00:00:00+00:00
[2023-09-29T11:03:35.198+0000] {processor.py:179} INFO - Processing /opt/airflow/dags/my_dag.py took 0.083 seconds
[2023-09-29T11:04:05.380+0000] {processor.py:157} INFO - Started process (PID=1056) to work on /opt/airflow/dags/my_dag.py
[2023-09-29T11:04:05.381+0000] {processor.py:829} INFO - Processing file /opt/airflow/dags/my_dag.py for tasks to queue
[2023-09-29T11:04:05.389+0000] {logging_mixin.py:151} INFO - [2023-09-29T11:04:05.389+0000] {dagbag.py:539} INFO - Filling up the DagBag from /opt/airflow/dags/my_dag.py
[2023-09-29T11:04:05.399+0000] {processor.py:839} INFO - DAG(s) dict_keys(['my_dag']) retrieved from /opt/airflow/dags/my_dag.py
[2023-09-29T11:04:05.419+0000] {logging_mixin.py:151} INFO - [2023-09-29T11:04:05.419+0000] {dag.py:2915} INFO - Sync 1 DAGs
[2023-09-29T11:04:05.448+0000] {logging_mixin.py:151} INFO - [2023-09-29T11:04:05.448+0000] {dag.py:3696} INFO - Setting next_dagrun for my_dag to 2023-09-28T00:00:00+00:00, run_after=2023-09-29T00:00:00+00:00
[2023-09-29T11:04:05.459+0000] {processor.py:179} INFO - Processing /opt/airflow/dags/my_dag.py took 0.099 seconds
[2023-09-29T11:04:35.526+0000] {processor.py:157} INFO - Started process (PID=1113) to work on /opt/airflow/dags/my_dag.py
[2023-09-29T11:04:35.528+0000] {processor.py:829} INFO - Processing file /opt/airflow/dags/my_dag.py for tasks to queue
[2023-09-29T11:04:35.533+0000] {logging_mixin.py:151} INFO - [2023-09-29T11:04:35.533+0000] {dagbag.py:539} INFO - Filling up the DagBag from /opt/airflow/dags/my_dag.py
[2023-09-29T11:04:35.556+0000] {processor.py:839} INFO - DAG(s) dict_keys(['my_dag']) retrieved from /opt/airflow/dags/my_dag.py
[2023-09-29T11:04:35.582+0000] {logging_mixin.py:151} INFO - [2023-09-29T11:04:35.581+0000] {dag.py:2915} INFO - Sync 1 DAGs
[2023-09-29T11:04:35.612+0000] {logging_mixin.py:151} INFO - [2023-09-29T11:04:35.612+0000] {dag.py:3696} INFO - Setting next_dagrun for my_dag to 2023-09-28T00:00:00+00:00, run_after=2023-09-29T00:00:00+00:00
[2023-09-29T11:04:35.623+0000] {processor.py:179} INFO - Processing /opt/airflow/dags/my_dag.py took 0.104 seconds
[2023-09-29T11:05:06.574+0000] {processor.py:157} INFO - Started process (PID=1170) to work on /opt/airflow/dags/my_dag.py
[2023-09-29T11:05:06.579+0000] {processor.py:829} INFO - Processing file /opt/airflow/dags/my_dag.py for tasks to queue
[2023-09-29T11:05:06.583+0000] {logging_mixin.py:151} INFO - [2023-09-29T11:05:06.583+0000] {dagbag.py:539} INFO - Filling up the DagBag from /opt/airflow/dags/my_dag.py
[2023-09-29T11:05:06.594+0000] {processor.py:839} INFO - DAG(s) dict_keys(['my_dag']) retrieved from /opt/airflow/dags/my_dag.py
[2023-09-29T11:05:06.617+0000] {logging_mixin.py:151} INFO - [2023-09-29T11:05:06.617+0000] {dag.py:2915} INFO - Sync 1 DAGs
[2023-09-29T11:05:06.638+0000] {logging_mixin.py:151} INFO - [2023-09-29T11:05:06.638+0000] {dag.py:3696} INFO - Setting next_dagrun for my_dag to 2023-09-28T00:00:00+00:00, run_after=2023-09-29T00:00:00+00:00
[2023-09-29T11:05:06.648+0000] {processor.py:179} INFO - Processing /opt/airflow/dags/my_dag.py took 0.081 seconds
[2023-09-29T11:05:37.463+0000] {processor.py:157} INFO - Started process (PID=1227) to work on /opt/airflow/dags/my_dag.py
[2023-09-29T11:05:37.465+0000] {processor.py:829} INFO - Processing file /opt/airflow/dags/my_dag.py for tasks to queue
[2023-09-29T11:05:37.469+0000] {logging_mixin.py:151} INFO - [2023-09-29T11:05:37.468+0000] {dagbag.py:539} INFO - Filling up the DagBag from /opt/airflow/dags/my_dag.py
[2023-09-29T11:05:37.494+0000] {processor.py:839} INFO - DAG(s) dict_keys(['my_dag']) retrieved from /opt/airflow/dags/my_dag.py
[2023-09-29T11:05:37.529+0000] {logging_mixin.py:151} INFO - [2023-09-29T11:05:37.529+0000] {dag.py:2915} INFO - Sync 1 DAGs
[2023-09-29T11:05:37.558+0000] {logging_mixin.py:151} INFO - [2023-09-29T11:05:37.558+0000] {dag.py:3696} INFO - Setting next_dagrun for my_dag to 2023-09-28T00:00:00+00:00, run_after=2023-09-29T00:00:00+00:00
[2023-09-29T11:05:37.572+0000] {processor.py:179} INFO - Processing /opt/airflow/dags/my_dag.py took 0.117 seconds
