[2023-09-29T08:49:12.508+0000] {processor.py:157} INFO - Started process (PID=31) to work on /opt/airflow/dags/user_processing.py
[2023-09-29T08:49:12.516+0000] {processor.py:829} INFO - Processing file /opt/airflow/dags/user_processing.py for tasks to queue
[2023-09-29T08:49:12.518+0000] {logging_mixin.py:151} INFO - [2023-09-29T08:49:12.518+0000] {dagbag.py:539} INFO - Filling up the DagBag from /opt/airflow/dags/user_processing.py
[2023-09-29T08:49:13.303+0000] {processor.py:839} INFO - DAG(s) dict_keys(['user_processing']) retrieved from /opt/airflow/dags/user_processing.py
[2023-09-29T08:49:13.412+0000] {logging_mixin.py:151} INFO - [2023-09-29T08:49:13.411+0000] {security.py:708} INFO - Not syncing DAG-level permissions for DAG 'DAG:user_processing' as access control is unset.
[2023-09-29T08:49:13.412+0000] {logging_mixin.py:151} INFO - [2023-09-29T08:49:13.412+0000] {dag.py:2915} INFO - Sync 1 DAGs
[2023-09-29T08:49:13.425+0000] {logging_mixin.py:151} INFO - [2023-09-29T08:49:13.424+0000] {dag.py:3696} INFO - Setting next_dagrun for user_processing to 2023-09-28T00:00:00+00:00, run_after=2023-09-29T00:00:00+00:00
[2023-09-29T08:49:13.435+0000] {processor.py:179} INFO - Processing /opt/airflow/dags/user_processing.py took 0.929 seconds
[2023-09-29T08:49:44.187+0000] {processor.py:157} INFO - Started process (PID=90) to work on /opt/airflow/dags/user_processing.py
[2023-09-29T08:49:44.188+0000] {processor.py:829} INFO - Processing file /opt/airflow/dags/user_processing.py for tasks to queue
[2023-09-29T08:49:44.191+0000] {logging_mixin.py:151} INFO - [2023-09-29T08:49:44.191+0000] {dagbag.py:539} INFO - Filling up the DagBag from /opt/airflow/dags/user_processing.py
[2023-09-29T08:49:44.623+0000] {processor.py:839} INFO - DAG(s) dict_keys(['user_processing']) retrieved from /opt/airflow/dags/user_processing.py
[2023-09-29T08:49:44.635+0000] {logging_mixin.py:151} INFO - [2023-09-29T08:49:44.635+0000] {dag.py:2915} INFO - Sync 1 DAGs
[2023-09-29T08:49:44.650+0000] {logging_mixin.py:151} INFO - [2023-09-29T08:49:44.650+0000] {dag.py:3696} INFO - Setting next_dagrun for user_processing to 2023-09-28T00:00:00+00:00, run_after=2023-09-29T00:00:00+00:00
[2023-09-29T08:49:44.659+0000] {processor.py:179} INFO - Processing /opt/airflow/dags/user_processing.py took 0.478 seconds
[2023-09-29T08:50:14.871+0000] {processor.py:157} INFO - Started process (PID=147) to work on /opt/airflow/dags/user_processing.py
[2023-09-29T08:50:14.872+0000] {processor.py:829} INFO - Processing file /opt/airflow/dags/user_processing.py for tasks to queue
[2023-09-29T08:50:14.874+0000] {logging_mixin.py:151} INFO - [2023-09-29T08:50:14.874+0000] {dagbag.py:539} INFO - Filling up the DagBag from /opt/airflow/dags/user_processing.py
[2023-09-29T08:50:15.135+0000] {processor.py:839} INFO - DAG(s) dict_keys(['user_processing']) retrieved from /opt/airflow/dags/user_processing.py
[2023-09-29T08:50:15.150+0000] {logging_mixin.py:151} INFO - [2023-09-29T08:50:15.150+0000] {dag.py:2915} INFO - Sync 1 DAGs
[2023-09-29T08:50:15.168+0000] {logging_mixin.py:151} INFO - [2023-09-29T08:50:15.168+0000] {dag.py:3696} INFO - Setting next_dagrun for user_processing to 2023-09-28T00:00:00+00:00, run_after=2023-09-29T00:00:00+00:00
[2023-09-29T08:50:15.180+0000] {processor.py:179} INFO - Processing /opt/airflow/dags/user_processing.py took 0.312 seconds
[2023-09-29T08:50:45.223+0000] {processor.py:157} INFO - Started process (PID=204) to work on /opt/airflow/dags/user_processing.py
[2023-09-29T08:50:45.228+0000] {processor.py:829} INFO - Processing file /opt/airflow/dags/user_processing.py for tasks to queue
[2023-09-29T08:50:45.231+0000] {logging_mixin.py:151} INFO - [2023-09-29T08:50:45.231+0000] {dagbag.py:539} INFO - Filling up the DagBag from /opt/airflow/dags/user_processing.py
[2023-09-29T08:50:45.523+0000] {processor.py:839} INFO - DAG(s) dict_keys(['user_processing']) retrieved from /opt/airflow/dags/user_processing.py
[2023-09-29T08:50:45.538+0000] {logging_mixin.py:151} INFO - [2023-09-29T08:50:45.537+0000] {dag.py:2915} INFO - Sync 1 DAGs
[2023-09-29T08:50:45.562+0000] {logging_mixin.py:151} INFO - [2023-09-29T08:50:45.562+0000] {dag.py:3696} INFO - Setting next_dagrun for user_processing to 2023-09-28T00:00:00+00:00, run_after=2023-09-29T00:00:00+00:00
[2023-09-29T08:50:45.583+0000] {processor.py:179} INFO - Processing /opt/airflow/dags/user_processing.py took 0.367 seconds
[2023-09-29T08:51:16.418+0000] {processor.py:157} INFO - Started process (PID=261) to work on /opt/airflow/dags/user_processing.py
[2023-09-29T08:51:16.420+0000] {processor.py:829} INFO - Processing file /opt/airflow/dags/user_processing.py for tasks to queue
[2023-09-29T08:51:16.426+0000] {logging_mixin.py:151} INFO - [2023-09-29T08:51:16.425+0000] {dagbag.py:539} INFO - Filling up the DagBag from /opt/airflow/dags/user_processing.py
[2023-09-29T08:51:16.725+0000] {processor.py:839} INFO - DAG(s) dict_keys(['user_processing']) retrieved from /opt/airflow/dags/user_processing.py
[2023-09-29T08:51:16.742+0000] {logging_mixin.py:151} INFO - [2023-09-29T08:51:16.742+0000] {dag.py:2915} INFO - Sync 1 DAGs
[2023-09-29T08:51:16.755+0000] {logging_mixin.py:151} INFO - [2023-09-29T08:51:16.755+0000] {dag.py:3696} INFO - Setting next_dagrun for user_processing to 2023-09-28T00:00:00+00:00, run_after=2023-09-29T00:00:00+00:00
[2023-09-29T08:51:16.763+0000] {processor.py:179} INFO - Processing /opt/airflow/dags/user_processing.py took 0.353 seconds
[2023-09-29T08:51:47.744+0000] {processor.py:157} INFO - Started process (PID=318) to work on /opt/airflow/dags/user_processing.py
[2023-09-29T08:51:47.746+0000] {processor.py:829} INFO - Processing file /opt/airflow/dags/user_processing.py for tasks to queue
[2023-09-29T08:51:47.763+0000] {logging_mixin.py:151} INFO - [2023-09-29T08:51:47.761+0000] {dagbag.py:539} INFO - Filling up the DagBag from /opt/airflow/dags/user_processing.py
[2023-09-29T08:51:48.015+0000] {processor.py:839} INFO - DAG(s) dict_keys(['user_processing']) retrieved from /opt/airflow/dags/user_processing.py
[2023-09-29T08:51:48.034+0000] {logging_mixin.py:151} INFO - [2023-09-29T08:51:48.033+0000] {dag.py:2915} INFO - Sync 1 DAGs
[2023-09-29T08:51:48.048+0000] {logging_mixin.py:151} INFO - [2023-09-29T08:51:48.047+0000] {dag.py:3696} INFO - Setting next_dagrun for user_processing to 2023-09-28T00:00:00+00:00, run_after=2023-09-29T00:00:00+00:00
[2023-09-29T08:51:48.055+0000] {processor.py:179} INFO - Processing /opt/airflow/dags/user_processing.py took 0.320 seconds
[2023-09-29T08:52:19.069+0000] {processor.py:157} INFO - Started process (PID=375) to work on /opt/airflow/dags/user_processing.py
[2023-09-29T08:52:19.070+0000] {processor.py:829} INFO - Processing file /opt/airflow/dags/user_processing.py for tasks to queue
[2023-09-29T08:52:19.074+0000] {logging_mixin.py:151} INFO - [2023-09-29T08:52:19.073+0000] {dagbag.py:539} INFO - Filling up the DagBag from /opt/airflow/dags/user_processing.py
[2023-09-29T08:52:19.330+0000] {processor.py:839} INFO - DAG(s) dict_keys(['user_processing']) retrieved from /opt/airflow/dags/user_processing.py
[2023-09-29T08:52:19.346+0000] {logging_mixin.py:151} INFO - [2023-09-29T08:52:19.345+0000] {dag.py:2915} INFO - Sync 1 DAGs
[2023-09-29T08:52:19.365+0000] {logging_mixin.py:151} INFO - [2023-09-29T08:52:19.365+0000] {dag.py:3696} INFO - Setting next_dagrun for user_processing to 2023-09-28T00:00:00+00:00, run_after=2023-09-29T00:00:00+00:00
[2023-09-29T08:52:19.376+0000] {processor.py:179} INFO - Processing /opt/airflow/dags/user_processing.py took 0.316 seconds
[2023-09-29T08:52:49.523+0000] {processor.py:157} INFO - Started process (PID=432) to work on /opt/airflow/dags/user_processing.py
[2023-09-29T08:52:49.525+0000] {processor.py:829} INFO - Processing file /opt/airflow/dags/user_processing.py for tasks to queue
[2023-09-29T08:52:49.528+0000] {logging_mixin.py:151} INFO - [2023-09-29T08:52:49.527+0000] {dagbag.py:539} INFO - Filling up the DagBag from /opt/airflow/dags/user_processing.py
[2023-09-29T08:52:49.735+0000] {processor.py:839} INFO - DAG(s) dict_keys(['user_processing']) retrieved from /opt/airflow/dags/user_processing.py
[2023-09-29T08:52:49.746+0000] {logging_mixin.py:151} INFO - [2023-09-29T08:52:49.746+0000] {dag.py:2915} INFO - Sync 1 DAGs
[2023-09-29T08:52:49.758+0000] {logging_mixin.py:151} INFO - [2023-09-29T08:52:49.758+0000] {dag.py:3696} INFO - Setting next_dagrun for user_processing to 2023-09-28T00:00:00+00:00, run_after=2023-09-29T00:00:00+00:00
[2023-09-29T08:52:49.766+0000] {processor.py:179} INFO - Processing /opt/airflow/dags/user_processing.py took 0.253 seconds
[2023-09-29T08:53:19.838+0000] {processor.py:157} INFO - Started process (PID=489) to work on /opt/airflow/dags/user_processing.py
[2023-09-29T08:53:19.840+0000] {processor.py:829} INFO - Processing file /opt/airflow/dags/user_processing.py for tasks to queue
[2023-09-29T08:53:19.843+0000] {logging_mixin.py:151} INFO - [2023-09-29T08:53:19.843+0000] {dagbag.py:539} INFO - Filling up the DagBag from /opt/airflow/dags/user_processing.py
[2023-09-29T08:53:20.279+0000] {processor.py:839} INFO - DAG(s) dict_keys(['user_processing']) retrieved from /opt/airflow/dags/user_processing.py
[2023-09-29T08:53:20.417+0000] {logging_mixin.py:151} INFO - [2023-09-29T08:53:20.414+0000] {dag.py:2915} INFO - Sync 1 DAGs
[2023-09-29T08:53:20.485+0000] {logging_mixin.py:151} INFO - [2023-09-29T08:53:20.485+0000] {dag.py:3696} INFO - Setting next_dagrun for user_processing to 2023-09-28T00:00:00+00:00, run_after=2023-09-29T00:00:00+00:00
[2023-09-29T08:53:20.655+0000] {processor.py:179} INFO - Processing /opt/airflow/dags/user_processing.py took 0.831 seconds
[2023-09-29T08:53:51.107+0000] {processor.py:157} INFO - Started process (PID=546) to work on /opt/airflow/dags/user_processing.py
[2023-09-29T08:53:51.109+0000] {processor.py:829} INFO - Processing file /opt/airflow/dags/user_processing.py for tasks to queue
[2023-09-29T08:53:51.112+0000] {logging_mixin.py:151} INFO - [2023-09-29T08:53:51.112+0000] {dagbag.py:539} INFO - Filling up the DagBag from /opt/airflow/dags/user_processing.py
[2023-09-29T08:53:51.433+0000] {processor.py:839} INFO - DAG(s) dict_keys(['user_processing']) retrieved from /opt/airflow/dags/user_processing.py
[2023-09-29T08:53:51.452+0000] {logging_mixin.py:151} INFO - [2023-09-29T08:53:51.451+0000] {dag.py:2915} INFO - Sync 1 DAGs
[2023-09-29T08:53:51.467+0000] {logging_mixin.py:151} INFO - [2023-09-29T08:53:51.467+0000] {dag.py:3696} INFO - Setting next_dagrun for user_processing to 2023-09-28T00:00:00+00:00, run_after=2023-09-29T00:00:00+00:00
[2023-09-29T08:53:51.479+0000] {processor.py:179} INFO - Processing /opt/airflow/dags/user_processing.py took 0.383 seconds
[2023-09-29T08:54:21.664+0000] {processor.py:157} INFO - Started process (PID=603) to work on /opt/airflow/dags/user_processing.py
[2023-09-29T08:54:21.666+0000] {processor.py:829} INFO - Processing file /opt/airflow/dags/user_processing.py for tasks to queue
[2023-09-29T08:54:21.669+0000] {logging_mixin.py:151} INFO - [2023-09-29T08:54:21.668+0000] {dagbag.py:539} INFO - Filling up the DagBag from /opt/airflow/dags/user_processing.py
[2023-09-29T08:54:21.941+0000] {processor.py:839} INFO - DAG(s) dict_keys(['user_processing']) retrieved from /opt/airflow/dags/user_processing.py
[2023-09-29T08:54:21.961+0000] {logging_mixin.py:151} INFO - [2023-09-29T08:54:21.961+0000] {dag.py:2915} INFO - Sync 1 DAGs
[2023-09-29T08:54:21.977+0000] {logging_mixin.py:151} INFO - [2023-09-29T08:54:21.977+0000] {dag.py:3696} INFO - Setting next_dagrun for user_processing to 2023-09-28T00:00:00+00:00, run_after=2023-09-29T00:00:00+00:00
[2023-09-29T08:54:21.985+0000] {processor.py:179} INFO - Processing /opt/airflow/dags/user_processing.py took 0.327 seconds
[2023-09-29T08:54:52.044+0000] {processor.py:157} INFO - Started process (PID=660) to work on /opt/airflow/dags/user_processing.py
[2023-09-29T08:54:52.046+0000] {processor.py:829} INFO - Processing file /opt/airflow/dags/user_processing.py for tasks to queue
[2023-09-29T08:54:52.048+0000] {logging_mixin.py:151} INFO - [2023-09-29T08:54:52.048+0000] {dagbag.py:539} INFO - Filling up the DagBag from /opt/airflow/dags/user_processing.py
[2023-09-29T08:54:52.306+0000] {processor.py:839} INFO - DAG(s) dict_keys(['user_processing']) retrieved from /opt/airflow/dags/user_processing.py
[2023-09-29T08:54:52.320+0000] {logging_mixin.py:151} INFO - [2023-09-29T08:54:52.319+0000] {dag.py:2915} INFO - Sync 1 DAGs
[2023-09-29T08:54:52.335+0000] {logging_mixin.py:151} INFO - [2023-09-29T08:54:52.335+0000] {dag.py:3696} INFO - Setting next_dagrun for user_processing to 2023-09-28T00:00:00+00:00, run_after=2023-09-29T00:00:00+00:00
[2023-09-29T08:54:52.344+0000] {processor.py:179} INFO - Processing /opt/airflow/dags/user_processing.py took 0.305 seconds
[2023-09-29T08:55:23.256+0000] {processor.py:157} INFO - Started process (PID=717) to work on /opt/airflow/dags/user_processing.py
[2023-09-29T08:55:23.257+0000] {processor.py:829} INFO - Processing file /opt/airflow/dags/user_processing.py for tasks to queue
[2023-09-29T08:55:23.260+0000] {logging_mixin.py:151} INFO - [2023-09-29T08:55:23.260+0000] {dagbag.py:539} INFO - Filling up the DagBag from /opt/airflow/dags/user_processing.py
[2023-09-29T08:55:23.508+0000] {processor.py:839} INFO - DAG(s) dict_keys(['user_processing']) retrieved from /opt/airflow/dags/user_processing.py
[2023-09-29T08:55:23.522+0000] {logging_mixin.py:151} INFO - [2023-09-29T08:55:23.521+0000] {dag.py:2915} INFO - Sync 1 DAGs
[2023-09-29T08:55:23.535+0000] {logging_mixin.py:151} INFO - [2023-09-29T08:55:23.535+0000] {dag.py:3696} INFO - Setting next_dagrun for user_processing to 2023-09-28T00:00:00+00:00, run_after=2023-09-29T00:00:00+00:00
[2023-09-29T08:55:23.543+0000] {processor.py:179} INFO - Processing /opt/airflow/dags/user_processing.py took 0.294 seconds
[2023-09-29T08:55:54.530+0000] {processor.py:157} INFO - Started process (PID=774) to work on /opt/airflow/dags/user_processing.py
[2023-09-29T08:55:54.532+0000] {processor.py:829} INFO - Processing file /opt/airflow/dags/user_processing.py for tasks to queue
[2023-09-29T08:55:54.535+0000] {logging_mixin.py:151} INFO - [2023-09-29T08:55:54.535+0000] {dagbag.py:539} INFO - Filling up the DagBag from /opt/airflow/dags/user_processing.py
[2023-09-29T08:55:54.805+0000] {processor.py:839} INFO - DAG(s) dict_keys(['user_processing']) retrieved from /opt/airflow/dags/user_processing.py
[2023-09-29T08:55:54.819+0000] {logging_mixin.py:151} INFO - [2023-09-29T08:55:54.818+0000] {dag.py:2915} INFO - Sync 1 DAGs
[2023-09-29T08:55:54.831+0000] {logging_mixin.py:151} INFO - [2023-09-29T08:55:54.830+0000] {dag.py:3696} INFO - Setting next_dagrun for user_processing to 2023-09-28T00:00:00+00:00, run_after=2023-09-29T00:00:00+00:00
[2023-09-29T08:55:54.838+0000] {processor.py:179} INFO - Processing /opt/airflow/dags/user_processing.py took 0.317 seconds
[2023-09-29T08:56:25.776+0000] {processor.py:157} INFO - Started process (PID=831) to work on /opt/airflow/dags/user_processing.py
[2023-09-29T08:56:25.778+0000] {processor.py:829} INFO - Processing file /opt/airflow/dags/user_processing.py for tasks to queue
[2023-09-29T08:56:25.781+0000] {logging_mixin.py:151} INFO - [2023-09-29T08:56:25.781+0000] {dagbag.py:539} INFO - Filling up the DagBag from /opt/airflow/dags/user_processing.py
[2023-09-29T08:56:26.056+0000] {processor.py:839} INFO - DAG(s) dict_keys(['user_processing']) retrieved from /opt/airflow/dags/user_processing.py
[2023-09-29T08:56:26.070+0000] {logging_mixin.py:151} INFO - [2023-09-29T08:56:26.070+0000] {dag.py:2915} INFO - Sync 1 DAGs
[2023-09-29T08:56:26.083+0000] {logging_mixin.py:151} INFO - [2023-09-29T08:56:26.083+0000] {dag.py:3696} INFO - Setting next_dagrun for user_processing to 2023-09-28T00:00:00+00:00, run_after=2023-09-29T00:00:00+00:00
[2023-09-29T08:56:26.091+0000] {processor.py:179} INFO - Processing /opt/airflow/dags/user_processing.py took 0.324 seconds
[2023-09-29T10:54:59.770+0000] {processor.py:157} INFO - Started process (PID=31) to work on /opt/airflow/dags/user_processing.py
[2023-09-29T10:54:59.775+0000] {processor.py:829} INFO - Processing file /opt/airflow/dags/user_processing.py for tasks to queue
[2023-09-29T10:54:59.776+0000] {logging_mixin.py:151} INFO - [2023-09-29T10:54:59.776+0000] {dagbag.py:539} INFO - Filling up the DagBag from /opt/airflow/dags/user_processing.py
[2023-09-29T10:55:00.500+0000] {processor.py:839} INFO - DAG(s) dict_keys(['user_processing']) retrieved from /opt/airflow/dags/user_processing.py
[2023-09-29T10:55:00.569+0000] {logging_mixin.py:151} INFO - [2023-09-29T10:55:00.568+0000] {security.py:708} INFO - Not syncing DAG-level permissions for DAG 'DAG:user_processing' as access control is unset.
[2023-09-29T10:55:00.569+0000] {logging_mixin.py:151} INFO - [2023-09-29T10:55:00.569+0000] {dag.py:2915} INFO - Sync 1 DAGs
[2023-09-29T10:55:00.580+0000] {logging_mixin.py:151} INFO - [2023-09-29T10:55:00.580+0000] {dag.py:3696} INFO - Setting next_dagrun for user_processing to 2023-09-28T00:00:00+00:00, run_after=2023-09-29T00:00:00+00:00
[2023-09-29T10:55:00.589+0000] {processor.py:179} INFO - Processing /opt/airflow/dags/user_processing.py took 0.828 seconds
[2023-09-29T10:55:31.516+0000] {processor.py:157} INFO - Started process (PID=89) to work on /opt/airflow/dags/user_processing.py
[2023-09-29T10:55:31.518+0000] {processor.py:829} INFO - Processing file /opt/airflow/dags/user_processing.py for tasks to queue
[2023-09-29T10:55:31.521+0000] {logging_mixin.py:151} INFO - [2023-09-29T10:55:31.521+0000] {dagbag.py:539} INFO - Filling up the DagBag from /opt/airflow/dags/user_processing.py
[2023-09-29T10:55:31.804+0000] {processor.py:839} INFO - DAG(s) dict_keys(['user_processing']) retrieved from /opt/airflow/dags/user_processing.py
[2023-09-29T10:55:31.820+0000] {logging_mixin.py:151} INFO - [2023-09-29T10:55:31.819+0000] {dag.py:2915} INFO - Sync 1 DAGs
[2023-09-29T10:55:31.876+0000] {logging_mixin.py:151} INFO - [2023-09-29T10:55:31.874+0000] {dag.py:3696} INFO - Setting next_dagrun for user_processing to 2023-09-28T00:00:00+00:00, run_after=2023-09-29T00:00:00+00:00
[2023-09-29T10:55:31.961+0000] {processor.py:179} INFO - Processing /opt/airflow/dags/user_processing.py took 0.450 seconds
[2023-09-29T10:56:02.842+0000] {processor.py:157} INFO - Started process (PID=146) to work on /opt/airflow/dags/user_processing.py
[2023-09-29T10:56:02.843+0000] {processor.py:829} INFO - Processing file /opt/airflow/dags/user_processing.py for tasks to queue
[2023-09-29T10:56:02.847+0000] {logging_mixin.py:151} INFO - [2023-09-29T10:56:02.846+0000] {dagbag.py:539} INFO - Filling up the DagBag from /opt/airflow/dags/user_processing.py
[2023-09-29T10:56:03.114+0000] {processor.py:839} INFO - DAG(s) dict_keys(['user_processing']) retrieved from /opt/airflow/dags/user_processing.py
[2023-09-29T10:56:03.128+0000] {logging_mixin.py:151} INFO - [2023-09-29T10:56:03.127+0000] {dag.py:2915} INFO - Sync 1 DAGs
[2023-09-29T10:56:03.142+0000] {logging_mixin.py:151} INFO - [2023-09-29T10:56:03.141+0000] {dag.py:3696} INFO - Setting next_dagrun for user_processing to 2023-09-28T00:00:00+00:00, run_after=2023-09-29T00:00:00+00:00
[2023-09-29T10:56:03.151+0000] {processor.py:179} INFO - Processing /opt/airflow/dags/user_processing.py took 0.314 seconds
[2023-09-29T10:56:33.468+0000] {processor.py:157} INFO - Started process (PID=204) to work on /opt/airflow/dags/user_processing.py
[2023-09-29T10:56:33.469+0000] {processor.py:829} INFO - Processing file /opt/airflow/dags/user_processing.py for tasks to queue
[2023-09-29T10:56:33.470+0000] {logging_mixin.py:151} INFO - [2023-09-29T10:56:33.470+0000] {dagbag.py:539} INFO - Filling up the DagBag from /opt/airflow/dags/user_processing.py
[2023-09-29T10:56:33.671+0000] {processor.py:839} INFO - DAG(s) dict_keys(['user_processing']) retrieved from /opt/airflow/dags/user_processing.py
[2023-09-29T10:56:33.684+0000] {logging_mixin.py:151} INFO - [2023-09-29T10:56:33.684+0000] {dag.py:2915} INFO - Sync 1 DAGs
[2023-09-29T10:56:33.696+0000] {logging_mixin.py:151} INFO - [2023-09-29T10:56:33.696+0000] {dag.py:3696} INFO - Setting next_dagrun for user_processing to 2023-09-28T00:00:00+00:00, run_after=2023-09-29T00:00:00+00:00
[2023-09-29T10:56:33.704+0000] {processor.py:179} INFO - Processing /opt/airflow/dags/user_processing.py took 0.238 seconds
[2023-09-29T10:57:03.927+0000] {processor.py:157} INFO - Started process (PID=264) to work on /opt/airflow/dags/user_processing.py
[2023-09-29T10:57:03.928+0000] {processor.py:829} INFO - Processing file /opt/airflow/dags/user_processing.py for tasks to queue
[2023-09-29T10:57:03.930+0000] {logging_mixin.py:151} INFO - [2023-09-29T10:57:03.930+0000] {dagbag.py:539} INFO - Filling up the DagBag from /opt/airflow/dags/user_processing.py
[2023-09-29T10:57:04.177+0000] {processor.py:839} INFO - DAG(s) dict_keys(['user_processing']) retrieved from /opt/airflow/dags/user_processing.py
[2023-09-29T10:57:04.193+0000] {logging_mixin.py:151} INFO - [2023-09-29T10:57:04.193+0000] {dag.py:2915} INFO - Sync 1 DAGs
[2023-09-29T10:57:04.209+0000] {logging_mixin.py:151} INFO - [2023-09-29T10:57:04.208+0000] {dag.py:3696} INFO - Setting next_dagrun for user_processing to 2023-09-28T00:00:00+00:00, run_after=2023-09-29T00:00:00+00:00
[2023-09-29T10:57:04.217+0000] {processor.py:179} INFO - Processing /opt/airflow/dags/user_processing.py took 0.293 seconds
[2023-09-29T10:57:34.264+0000] {processor.py:157} INFO - Started process (PID=321) to work on /opt/airflow/dags/user_processing.py
[2023-09-29T10:57:34.265+0000] {processor.py:829} INFO - Processing file /opt/airflow/dags/user_processing.py for tasks to queue
[2023-09-29T10:57:34.266+0000] {logging_mixin.py:151} INFO - [2023-09-29T10:57:34.266+0000] {dagbag.py:539} INFO - Filling up the DagBag from /opt/airflow/dags/user_processing.py
[2023-09-29T10:57:34.565+0000] {processor.py:839} INFO - DAG(s) dict_keys(['user_processing']) retrieved from /opt/airflow/dags/user_processing.py
[2023-09-29T10:57:34.577+0000] {logging_mixin.py:151} INFO - [2023-09-29T10:57:34.576+0000] {dag.py:2915} INFO - Sync 1 DAGs
[2023-09-29T10:57:34.588+0000] {logging_mixin.py:151} INFO - [2023-09-29T10:57:34.588+0000] {dag.py:3696} INFO - Setting next_dagrun for user_processing to 2023-09-28T00:00:00+00:00, run_after=2023-09-29T00:00:00+00:00
[2023-09-29T10:57:34.595+0000] {processor.py:179} INFO - Processing /opt/airflow/dags/user_processing.py took 0.334 seconds
[2023-09-29T10:58:05.340+0000] {processor.py:157} INFO - Started process (PID=377) to work on /opt/airflow/dags/user_processing.py
[2023-09-29T10:58:05.341+0000] {processor.py:829} INFO - Processing file /opt/airflow/dags/user_processing.py for tasks to queue
[2023-09-29T10:58:05.343+0000] {logging_mixin.py:151} INFO - [2023-09-29T10:58:05.343+0000] {dagbag.py:539} INFO - Filling up the DagBag from /opt/airflow/dags/user_processing.py
[2023-09-29T10:58:05.573+0000] {processor.py:839} INFO - DAG(s) dict_keys(['user_processing']) retrieved from /opt/airflow/dags/user_processing.py
[2023-09-29T10:58:05.587+0000] {logging_mixin.py:151} INFO - [2023-09-29T10:58:05.587+0000] {dag.py:2915} INFO - Sync 1 DAGs
[2023-09-29T10:58:05.599+0000] {logging_mixin.py:151} INFO - [2023-09-29T10:58:05.598+0000] {dag.py:3696} INFO - Setting next_dagrun for user_processing to 2023-09-28T00:00:00+00:00, run_after=2023-09-29T00:00:00+00:00
[2023-09-29T10:58:05.606+0000] {processor.py:179} INFO - Processing /opt/airflow/dags/user_processing.py took 0.270 seconds
[2023-09-29T10:58:36.562+0000] {processor.py:157} INFO - Started process (PID=434) to work on /opt/airflow/dags/user_processing.py
[2023-09-29T10:58:36.564+0000] {processor.py:829} INFO - Processing file /opt/airflow/dags/user_processing.py for tasks to queue
[2023-09-29T10:58:36.568+0000] {logging_mixin.py:151} INFO - [2023-09-29T10:58:36.568+0000] {dagbag.py:539} INFO - Filling up the DagBag from /opt/airflow/dags/user_processing.py
[2023-09-29T10:58:36.839+0000] {processor.py:839} INFO - DAG(s) dict_keys(['user_processing']) retrieved from /opt/airflow/dags/user_processing.py
[2023-09-29T10:58:36.863+0000] {logging_mixin.py:151} INFO - [2023-09-29T10:58:36.863+0000] {dag.py:2915} INFO - Sync 1 DAGs
[2023-09-29T10:58:36.878+0000] {logging_mixin.py:151} INFO - [2023-09-29T10:58:36.878+0000] {dag.py:3696} INFO - Setting next_dagrun for user_processing to 2023-09-28T00:00:00+00:00, run_after=2023-09-29T00:00:00+00:00
[2023-09-29T10:58:36.889+0000] {processor.py:179} INFO - Processing /opt/airflow/dags/user_processing.py took 0.333 seconds
[2023-09-29T10:59:07.810+0000] {processor.py:157} INFO - Started process (PID=491) to work on /opt/airflow/dags/user_processing.py
[2023-09-29T10:59:07.812+0000] {processor.py:829} INFO - Processing file /opt/airflow/dags/user_processing.py for tasks to queue
[2023-09-29T10:59:07.817+0000] {logging_mixin.py:151} INFO - [2023-09-29T10:59:07.816+0000] {dagbag.py:539} INFO - Filling up the DagBag from /opt/airflow/dags/user_processing.py
[2023-09-29T10:59:08.083+0000] {processor.py:839} INFO - DAG(s) dict_keys(['user_processing']) retrieved from /opt/airflow/dags/user_processing.py
[2023-09-29T10:59:08.097+0000] {logging_mixin.py:151} INFO - [2023-09-29T10:59:08.097+0000] {dag.py:2915} INFO - Sync 1 DAGs
[2023-09-29T10:59:08.110+0000] {logging_mixin.py:151} INFO - [2023-09-29T10:59:08.110+0000] {dag.py:3696} INFO - Setting next_dagrun for user_processing to 2023-09-28T00:00:00+00:00, run_after=2023-09-29T00:00:00+00:00
[2023-09-29T10:59:08.118+0000] {processor.py:179} INFO - Processing /opt/airflow/dags/user_processing.py took 0.317 seconds
[2023-09-29T10:59:38.411+0000] {processor.py:157} INFO - Started process (PID=549) to work on /opt/airflow/dags/user_processing.py
[2023-09-29T10:59:38.412+0000] {processor.py:829} INFO - Processing file /opt/airflow/dags/user_processing.py for tasks to queue
[2023-09-29T10:59:38.414+0000] {logging_mixin.py:151} INFO - [2023-09-29T10:59:38.414+0000] {dagbag.py:539} INFO - Filling up the DagBag from /opt/airflow/dags/user_processing.py
[2023-09-29T10:59:38.610+0000] {processor.py:839} INFO - DAG(s) dict_keys(['user_processing']) retrieved from /opt/airflow/dags/user_processing.py
[2023-09-29T10:59:38.621+0000] {logging_mixin.py:151} INFO - [2023-09-29T10:59:38.621+0000] {dag.py:2915} INFO - Sync 1 DAGs
[2023-09-29T10:59:38.633+0000] {logging_mixin.py:151} INFO - [2023-09-29T10:59:38.633+0000] {dag.py:3696} INFO - Setting next_dagrun for user_processing to 2023-09-28T00:00:00+00:00, run_after=2023-09-29T00:00:00+00:00
[2023-09-29T10:59:38.641+0000] {processor.py:179} INFO - Processing /opt/airflow/dags/user_processing.py took 0.232 seconds
[2023-09-29T11:00:09.360+0000] {processor.py:157} INFO - Started process (PID=605) to work on /opt/airflow/dags/user_processing.py
[2023-09-29T11:00:09.372+0000] {processor.py:829} INFO - Processing file /opt/airflow/dags/user_processing.py for tasks to queue
[2023-09-29T11:00:09.389+0000] {logging_mixin.py:151} INFO - [2023-09-29T11:00:09.388+0000] {dagbag.py:539} INFO - Filling up the DagBag from /opt/airflow/dags/user_processing.py
[2023-09-29T11:00:09.653+0000] {processor.py:839} INFO - DAG(s) dict_keys(['user_processing']) retrieved from /opt/airflow/dags/user_processing.py
[2023-09-29T11:00:09.666+0000] {logging_mixin.py:151} INFO - [2023-09-29T11:00:09.666+0000] {dag.py:2915} INFO - Sync 1 DAGs
[2023-09-29T11:00:09.679+0000] {logging_mixin.py:151} INFO - [2023-09-29T11:00:09.679+0000] {dag.py:3696} INFO - Setting next_dagrun for user_processing to 2023-09-28T00:00:00+00:00, run_after=2023-09-29T00:00:00+00:00
[2023-09-29T11:00:09.688+0000] {processor.py:179} INFO - Processing /opt/airflow/dags/user_processing.py took 0.337 seconds
[2023-09-29T11:00:39.993+0000] {processor.py:157} INFO - Started process (PID=662) to work on /opt/airflow/dags/user_processing.py
[2023-09-29T11:00:39.995+0000] {processor.py:829} INFO - Processing file /opt/airflow/dags/user_processing.py for tasks to queue
[2023-09-29T11:00:39.999+0000] {logging_mixin.py:151} INFO - [2023-09-29T11:00:39.999+0000] {dagbag.py:539} INFO - Filling up the DagBag from /opt/airflow/dags/user_processing.py
[2023-09-29T11:00:40.315+0000] {processor.py:839} INFO - DAG(s) dict_keys(['user_processing']) retrieved from /opt/airflow/dags/user_processing.py
[2023-09-29T11:00:40.330+0000] {logging_mixin.py:151} INFO - [2023-09-29T11:00:40.330+0000] {dag.py:2915} INFO - Sync 1 DAGs
[2023-09-29T11:00:40.344+0000] {logging_mixin.py:151} INFO - [2023-09-29T11:00:40.344+0000] {dag.py:3696} INFO - Setting next_dagrun for user_processing to 2023-09-28T00:00:00+00:00, run_after=2023-09-29T00:00:00+00:00
[2023-09-29T11:00:40.353+0000] {processor.py:179} INFO - Processing /opt/airflow/dags/user_processing.py took 0.367 seconds
[2023-09-29T11:01:11.220+0000] {processor.py:157} INFO - Started process (PID=719) to work on /opt/airflow/dags/user_processing.py
[2023-09-29T11:01:11.224+0000] {processor.py:829} INFO - Processing file /opt/airflow/dags/user_processing.py for tasks to queue
[2023-09-29T11:01:11.228+0000] {logging_mixin.py:151} INFO - [2023-09-29T11:01:11.228+0000] {dagbag.py:539} INFO - Filling up the DagBag from /opt/airflow/dags/user_processing.py
[2023-09-29T11:01:11.447+0000] {processor.py:839} INFO - DAG(s) dict_keys(['user_processing']) retrieved from /opt/airflow/dags/user_processing.py
[2023-09-29T11:01:11.462+0000] {logging_mixin.py:151} INFO - [2023-09-29T11:01:11.461+0000] {dag.py:2915} INFO - Sync 1 DAGs
[2023-09-29T11:01:11.475+0000] {logging_mixin.py:151} INFO - [2023-09-29T11:01:11.475+0000] {dag.py:3696} INFO - Setting next_dagrun for user_processing to 2023-09-28T00:00:00+00:00, run_after=2023-09-29T00:00:00+00:00
[2023-09-29T11:01:11.483+0000] {processor.py:179} INFO - Processing /opt/airflow/dags/user_processing.py took 0.278 seconds
[2023-09-29T11:01:42.457+0000] {processor.py:157} INFO - Started process (PID=776) to work on /opt/airflow/dags/user_processing.py
[2023-09-29T11:01:42.459+0000] {processor.py:829} INFO - Processing file /opt/airflow/dags/user_processing.py for tasks to queue
[2023-09-29T11:01:42.463+0000] {logging_mixin.py:151} INFO - [2023-09-29T11:01:42.462+0000] {dagbag.py:539} INFO - Filling up the DagBag from /opt/airflow/dags/user_processing.py
[2023-09-29T11:01:42.732+0000] {processor.py:839} INFO - DAG(s) dict_keys(['user_processing']) retrieved from /opt/airflow/dags/user_processing.py
[2023-09-29T11:01:42.745+0000] {logging_mixin.py:151} INFO - [2023-09-29T11:01:42.745+0000] {dag.py:2915} INFO - Sync 1 DAGs
[2023-09-29T11:01:42.777+0000] {logging_mixin.py:151} INFO - [2023-09-29T11:01:42.777+0000] {dag.py:3696} INFO - Setting next_dagrun for user_processing to 2023-09-28T00:00:00+00:00, run_after=2023-09-29T00:00:00+00:00
[2023-09-29T11:01:42.785+0000] {processor.py:179} INFO - Processing /opt/airflow/dags/user_processing.py took 0.337 seconds
[2023-09-29T11:02:13.683+0000] {processor.py:157} INFO - Started process (PID=833) to work on /opt/airflow/dags/user_processing.py
[2023-09-29T11:02:13.684+0000] {processor.py:829} INFO - Processing file /opt/airflow/dags/user_processing.py for tasks to queue
[2023-09-29T11:02:13.691+0000] {logging_mixin.py:151} INFO - [2023-09-29T11:02:13.689+0000] {dagbag.py:539} INFO - Filling up the DagBag from /opt/airflow/dags/user_processing.py
[2023-09-29T11:02:13.925+0000] {processor.py:839} INFO - DAG(s) dict_keys(['user_processing']) retrieved from /opt/airflow/dags/user_processing.py
[2023-09-29T11:02:13.936+0000] {logging_mixin.py:151} INFO - [2023-09-29T11:02:13.936+0000] {dag.py:2915} INFO - Sync 1 DAGs
[2023-09-29T11:02:13.949+0000] {logging_mixin.py:151} INFO - [2023-09-29T11:02:13.949+0000] {dag.py:3696} INFO - Setting next_dagrun for user_processing to 2023-09-28T00:00:00+00:00, run_after=2023-09-29T00:00:00+00:00
[2023-09-29T11:02:13.961+0000] {processor.py:179} INFO - Processing /opt/airflow/dags/user_processing.py took 0.286 seconds
[2023-09-29T11:02:43.999+0000] {processor.py:157} INFO - Started process (PID=892) to work on /opt/airflow/dags/user_processing.py
[2023-09-29T11:02:44.000+0000] {processor.py:829} INFO - Processing file /opt/airflow/dags/user_processing.py for tasks to queue
[2023-09-29T11:02:44.002+0000] {logging_mixin.py:151} INFO - [2023-09-29T11:02:44.002+0000] {dagbag.py:539} INFO - Filling up the DagBag from /opt/airflow/dags/user_processing.py
[2023-09-29T11:02:44.198+0000] {processor.py:839} INFO - DAG(s) dict_keys(['user_processing']) retrieved from /opt/airflow/dags/user_processing.py
[2023-09-29T11:02:44.216+0000] {logging_mixin.py:151} INFO - [2023-09-29T11:02:44.215+0000] {dag.py:2915} INFO - Sync 1 DAGs
[2023-09-29T11:02:44.234+0000] {logging_mixin.py:151} INFO - [2023-09-29T11:02:44.234+0000] {dag.py:3696} INFO - Setting next_dagrun for user_processing to 2023-09-28T00:00:00+00:00, run_after=2023-09-29T00:00:00+00:00
[2023-09-29T11:02:44.245+0000] {processor.py:179} INFO - Processing /opt/airflow/dags/user_processing.py took 0.248 seconds
[2023-09-29T11:03:15.157+0000] {processor.py:157} INFO - Started process (PID=947) to work on /opt/airflow/dags/user_processing.py
[2023-09-29T11:03:15.159+0000] {processor.py:829} INFO - Processing file /opt/airflow/dags/user_processing.py for tasks to queue
[2023-09-29T11:03:15.164+0000] {logging_mixin.py:151} INFO - [2023-09-29T11:03:15.163+0000] {dagbag.py:539} INFO - Filling up the DagBag from /opt/airflow/dags/user_processing.py
[2023-09-29T11:03:15.392+0000] {processor.py:839} INFO - DAG(s) dict_keys(['user_processing']) retrieved from /opt/airflow/dags/user_processing.py
[2023-09-29T11:03:15.404+0000] {logging_mixin.py:151} INFO - [2023-09-29T11:03:15.404+0000] {dag.py:2915} INFO - Sync 1 DAGs
[2023-09-29T11:03:15.425+0000] {logging_mixin.py:151} INFO - [2023-09-29T11:03:15.424+0000] {dag.py:3696} INFO - Setting next_dagrun for user_processing to 2023-09-28T00:00:00+00:00, run_after=2023-09-29T00:00:00+00:00
[2023-09-29T11:03:15.433+0000] {processor.py:179} INFO - Processing /opt/airflow/dags/user_processing.py took 0.282 seconds
[2023-09-29T11:03:45.467+0000] {processor.py:157} INFO - Started process (PID=1004) to work on /opt/airflow/dags/user_processing.py
[2023-09-29T11:03:45.469+0000] {processor.py:829} INFO - Processing file /opt/airflow/dags/user_processing.py for tasks to queue
[2023-09-29T11:03:45.473+0000] {logging_mixin.py:151} INFO - [2023-09-29T11:03:45.472+0000] {dagbag.py:539} INFO - Filling up the DagBag from /opt/airflow/dags/user_processing.py
[2023-09-29T11:03:45.667+0000] {processor.py:839} INFO - DAG(s) dict_keys(['user_processing']) retrieved from /opt/airflow/dags/user_processing.py
[2023-09-29T11:03:45.677+0000] {logging_mixin.py:151} INFO - [2023-09-29T11:03:45.677+0000] {dag.py:2915} INFO - Sync 1 DAGs
[2023-09-29T11:03:45.690+0000] {logging_mixin.py:151} INFO - [2023-09-29T11:03:45.690+0000] {dag.py:3696} INFO - Setting next_dagrun for user_processing to 2023-09-28T00:00:00+00:00, run_after=2023-09-29T00:00:00+00:00
[2023-09-29T11:03:45.697+0000] {processor.py:179} INFO - Processing /opt/airflow/dags/user_processing.py took 0.234 seconds
[2023-09-29T11:04:16.697+0000] {processor.py:157} INFO - Started process (PID=1061) to work on /opt/airflow/dags/user_processing.py
[2023-09-29T11:04:16.700+0000] {processor.py:829} INFO - Processing file /opt/airflow/dags/user_processing.py for tasks to queue
[2023-09-29T11:04:16.704+0000] {logging_mixin.py:151} INFO - [2023-09-29T11:04:16.704+0000] {dagbag.py:539} INFO - Filling up the DagBag from /opt/airflow/dags/user_processing.py
[2023-09-29T11:04:16.922+0000] {processor.py:839} INFO - DAG(s) dict_keys(['user_processing']) retrieved from /opt/airflow/dags/user_processing.py
[2023-09-29T11:04:16.934+0000] {logging_mixin.py:151} INFO - [2023-09-29T11:04:16.934+0000] {dag.py:2915} INFO - Sync 1 DAGs
[2023-09-29T11:04:16.946+0000] {logging_mixin.py:151} INFO - [2023-09-29T11:04:16.946+0000] {dag.py:3696} INFO - Setting next_dagrun for user_processing to 2023-09-28T00:00:00+00:00, run_after=2023-09-29T00:00:00+00:00
[2023-09-29T11:04:16.962+0000] {processor.py:179} INFO - Processing /opt/airflow/dags/user_processing.py took 0.288 seconds
[2023-09-29T11:04:47.853+0000] {processor.py:157} INFO - Started process (PID=1118) to work on /opt/airflow/dags/user_processing.py
[2023-09-29T11:04:47.855+0000] {processor.py:829} INFO - Processing file /opt/airflow/dags/user_processing.py for tasks to queue
[2023-09-29T11:04:47.859+0000] {logging_mixin.py:151} INFO - [2023-09-29T11:04:47.858+0000] {dagbag.py:539} INFO - Filling up the DagBag from /opt/airflow/dags/user_processing.py
[2023-09-29T11:04:48.055+0000] {processor.py:839} INFO - DAG(s) dict_keys(['user_processing']) retrieved from /opt/airflow/dags/user_processing.py
[2023-09-29T11:04:48.066+0000] {logging_mixin.py:151} INFO - [2023-09-29T11:04:48.065+0000] {dag.py:2915} INFO - Sync 1 DAGs
[2023-09-29T11:04:48.078+0000] {logging_mixin.py:151} INFO - [2023-09-29T11:04:48.078+0000] {dag.py:3696} INFO - Setting next_dagrun for user_processing to 2023-09-28T00:00:00+00:00, run_after=2023-09-29T00:00:00+00:00
[2023-09-29T11:04:48.085+0000] {processor.py:179} INFO - Processing /opt/airflow/dags/user_processing.py took 0.238 seconds
[2023-09-29T11:05:18.854+0000] {processor.py:157} INFO - Started process (PID=1175) to work on /opt/airflow/dags/user_processing.py
[2023-09-29T11:05:18.856+0000] {processor.py:829} INFO - Processing file /opt/airflow/dags/user_processing.py for tasks to queue
[2023-09-29T11:05:18.858+0000] {logging_mixin.py:151} INFO - [2023-09-29T11:05:18.858+0000] {dagbag.py:539} INFO - Filling up the DagBag from /opt/airflow/dags/user_processing.py
[2023-09-29T11:05:19.063+0000] {processor.py:839} INFO - DAG(s) dict_keys(['user_processing']) retrieved from /opt/airflow/dags/user_processing.py
[2023-09-29T11:05:19.074+0000] {logging_mixin.py:151} INFO - [2023-09-29T11:05:19.074+0000] {dag.py:2915} INFO - Sync 1 DAGs
[2023-09-29T11:05:19.085+0000] {logging_mixin.py:151} INFO - [2023-09-29T11:05:19.085+0000] {dag.py:3696} INFO - Setting next_dagrun for user_processing to 2023-09-28T00:00:00+00:00, run_after=2023-09-29T00:00:00+00:00
[2023-09-29T11:05:19.092+0000] {processor.py:179} INFO - Processing /opt/airflow/dags/user_processing.py took 0.243 seconds
[2023-09-29T11:05:49.904+0000] {processor.py:157} INFO - Started process (PID=1232) to work on /opt/airflow/dags/user_processing.py
[2023-09-29T11:05:49.905+0000] {processor.py:829} INFO - Processing file /opt/airflow/dags/user_processing.py for tasks to queue
[2023-09-29T11:05:49.908+0000] {logging_mixin.py:151} INFO - [2023-09-29T11:05:49.907+0000] {dagbag.py:539} INFO - Filling up the DagBag from /opt/airflow/dags/user_processing.py
[2023-09-29T11:05:50.122+0000] {processor.py:839} INFO - DAG(s) dict_keys(['user_processing']) retrieved from /opt/airflow/dags/user_processing.py
[2023-09-29T11:05:50.133+0000] {logging_mixin.py:151} INFO - [2023-09-29T11:05:50.132+0000] {dag.py:2915} INFO - Sync 1 DAGs
[2023-09-29T11:05:50.152+0000] {logging_mixin.py:151} INFO - [2023-09-29T11:05:50.152+0000] {dag.py:3696} INFO - Setting next_dagrun for user_processing to 2023-09-28T00:00:00+00:00, run_after=2023-09-29T00:00:00+00:00
[2023-09-29T11:05:50.163+0000] {processor.py:179} INFO - Processing /opt/airflow/dags/user_processing.py took 0.264 seconds
