[2023-10-02T08:55:29.362+0000] {taskinstance.py:1157} INFO - Dependencies all met for dep_context=non-requeueable deps ti=<TaskInstance: user_processing.create_table scheduled__2023-10-01T00:00:00+00:00 [queued]>
[2023-10-02T08:55:29.366+0000] {taskinstance.py:1157} INFO - Dependencies all met for dep_context=requeueable deps ti=<TaskInstance: user_processing.create_table scheduled__2023-10-01T00:00:00+00:00 [queued]>
[2023-10-02T08:55:29.366+0000] {taskinstance.py:1359} INFO - Starting attempt 1 of 1
[2023-10-02T08:55:29.372+0000] {taskinstance.py:1380} INFO - Executing <Task(PostgresOperator): create_table> on 2023-10-01 00:00:00+00:00
[2023-10-02T08:55:29.385+0000] {standard_task_runner.py:57} INFO - Started process 65 to run task
[2023-10-02T08:55:29.392+0000] {standard_task_runner.py:84} INFO - Running: ['***', 'tasks', 'run', 'user_processing', 'create_table', 'scheduled__2023-10-01T00:00:00+00:00', '--job-id', '49', '--raw', '--subdir', 'DAGS_FOLDER/user_processing.py', '--cfg-path', '/tmp/tmpg2chwiaw']
[2023-10-02T08:55:29.394+0000] {standard_task_runner.py:85} INFO - Job 49: Subtask create_table
[2023-10-02T08:55:29.423+0000] {task_command.py:415} INFO - Running <TaskInstance: user_processing.create_table scheduled__2023-10-01T00:00:00+00:00 [running]> on host fee5d26fa460
[2023-10-02T08:55:29.456+0000] {taskinstance.py:1660} INFO - Exporting env vars: AIRFLOW_CTX_DAG_OWNER='***' AIRFLOW_CTX_DAG_ID='user_processing' AIRFLOW_CTX_TASK_ID='create_table' AIRFLOW_CTX_EXECUTION_DATE='2023-10-01T00:00:00+00:00' AIRFLOW_CTX_TRY_NUMBER='1' AIRFLOW_CTX_DAG_RUN_ID='scheduled__2023-10-01T00:00:00+00:00'
[2023-10-02T08:55:29.458+0000] {sql.py:274} INFO - Executing: 
            CREATE TABLE IF NOT EXISTS users (
                firstname TEXT NOT NULL,
                lastname TEXT NOT NULL,
                country TEXT NOT NULL,
                username TEXT NOT NULL,
                password TEXT NOT NULL,
                email TEXT NOT NULL
            );
        
[2023-10-02T08:55:29.462+0000] {base.py:73} INFO - Using connection ID 'postgres' for task execution.
[2023-10-02T08:55:29.465+0000] {base.py:73} INFO - Using connection ID 'postgres' for task execution.
[2023-10-02T08:55:29.467+0000] {sql.py:418} INFO - Running statement: 
            CREATE TABLE IF NOT EXISTS users (
                firstname TEXT NOT NULL,
                lastname TEXT NOT NULL,
                country TEXT NOT NULL,
                username TEXT NOT NULL,
                password TEXT NOT NULL,
                email TEXT NOT NULL
            );
        , parameters: None
[2023-10-02T08:55:29.471+0000] {taskinstance.py:1398} INFO - Marking task as SUCCESS. dag_id=user_processing, task_id=create_table, execution_date=20231001T000000, start_date=20231002T085529, end_date=20231002T085529
[2023-10-02T08:55:29.484+0000] {local_task_job_runner.py:228} INFO - Task exited with return code 0
[2023-10-02T08:55:29.503+0000] {taskinstance.py:2776} INFO - 1 downstream tasks scheduled from follow-on schedule check
