[2023-10-03T07:43:51.811+0000] {processor.py:157} INFO - Started process (PID=29) to work on /opt/airflow/dags/consumer.py
[2023-10-03T07:43:51.812+0000] {processor.py:829} INFO - Processing file /opt/airflow/dags/consumer.py for tasks to queue
[2023-10-03T07:43:51.815+0000] {logging_mixin.py:151} INFO - [2023-10-03T07:43:51.815+0000] {dagbag.py:539} INFO - Filling up the DagBag from /opt/airflow/dags/consumer.py
[2023-10-03T07:43:52.047+0000] {logging_mixin.py:151} INFO - [2023-10-03T07:43:51.824+0000] {dagbag.py:347} ERROR - Failed to import: /opt/airflow/dags/consumer.py
Traceback (most recent call last):
  File "/home/airflow/.local/lib/python3.8/site-packages/airflow/models/dagbag.py", line 343, in parse
    loader.exec_module(new_module)
  File "<frozen importlib._bootstrap_external>", line 839, in exec_module
  File "<frozen importlib._bootstrap_external>", line 976, in get_code
  File "<frozen importlib._bootstrap_external>", line 906, in source_to_code
  File "<frozen importlib._bootstrap>", line 219, in _call_with_frames_removed
  File "/opt/airflow/dags/consumer.py", line 10
    schedule = [my_file],
    ^
SyntaxError: invalid syntax
[2023-10-03T07:43:52.049+0000] {processor.py:841} WARNING - No viable dags retrieved from /opt/airflow/dags/consumer.py
[2023-10-03T07:43:52.065+0000] {processor.py:179} INFO - Processing /opt/airflow/dags/consumer.py took 0.258 seconds
[2023-10-03T07:44:22.366+0000] {processor.py:157} INFO - Started process (PID=88) to work on /opt/airflow/dags/consumer.py
[2023-10-03T07:44:22.369+0000] {processor.py:829} INFO - Processing file /opt/airflow/dags/consumer.py for tasks to queue
[2023-10-03T07:44:22.374+0000] {logging_mixin.py:151} INFO - [2023-10-03T07:44:22.373+0000] {dagbag.py:539} INFO - Filling up the DagBag from /opt/airflow/dags/consumer.py
[2023-10-03T07:44:22.384+0000] {logging_mixin.py:151} INFO - [2023-10-03T07:44:22.381+0000] {dagbag.py:347} ERROR - Failed to import: /opt/airflow/dags/consumer.py
Traceback (most recent call last):
  File "/home/airflow/.local/lib/python3.8/site-packages/airflow/models/dagbag.py", line 343, in parse
    loader.exec_module(new_module)
  File "<frozen importlib._bootstrap_external>", line 839, in exec_module
  File "<frozen importlib._bootstrap_external>", line 976, in get_code
  File "<frozen importlib._bootstrap_external>", line 906, in source_to_code
  File "<frozen importlib._bootstrap>", line 219, in _call_with_frames_removed
  File "/opt/airflow/dags/consumer.py", line 10
    schedule = [my_file],
    ^
SyntaxError: invalid syntax
[2023-10-03T07:44:22.384+0000] {processor.py:841} WARNING - No viable dags retrieved from /opt/airflow/dags/consumer.py
[2023-10-03T07:44:22.425+0000] {processor.py:179} INFO - Processing /opt/airflow/dags/consumer.py took 0.068 seconds
[2023-10-03T07:44:52.933+0000] {processor.py:157} INFO - Started process (PID=147) to work on /opt/airflow/dags/consumer.py
[2023-10-03T07:44:52.935+0000] {processor.py:829} INFO - Processing file /opt/airflow/dags/consumer.py for tasks to queue
[2023-10-03T07:44:52.938+0000] {logging_mixin.py:151} INFO - [2023-10-03T07:44:52.938+0000] {dagbag.py:539} INFO - Filling up the DagBag from /opt/airflow/dags/consumer.py
[2023-10-03T07:44:52.950+0000] {logging_mixin.py:151} INFO - [2023-10-03T07:44:52.944+0000] {dagbag.py:347} ERROR - Failed to import: /opt/airflow/dags/consumer.py
Traceback (most recent call last):
  File "/home/airflow/.local/lib/python3.8/site-packages/airflow/models/dagbag.py", line 343, in parse
    loader.exec_module(new_module)
  File "<frozen importlib._bootstrap_external>", line 839, in exec_module
  File "<frozen importlib._bootstrap_external>", line 976, in get_code
  File "<frozen importlib._bootstrap_external>", line 906, in source_to_code
  File "<frozen importlib._bootstrap>", line 219, in _call_with_frames_removed
  File "/opt/airflow/dags/consumer.py", line 10
    schedule = [my_file],
    ^
SyntaxError: invalid syntax
[2023-10-03T07:44:52.951+0000] {processor.py:841} WARNING - No viable dags retrieved from /opt/airflow/dags/consumer.py
[2023-10-03T07:44:52.980+0000] {processor.py:179} INFO - Processing /opt/airflow/dags/consumer.py took 0.053 seconds
[2023-10-03T07:45:23.212+0000] {processor.py:157} INFO - Started process (PID=206) to work on /opt/airflow/dags/consumer.py
[2023-10-03T07:45:23.214+0000] {processor.py:829} INFO - Processing file /opt/airflow/dags/consumer.py for tasks to queue
[2023-10-03T07:45:23.224+0000] {logging_mixin.py:151} INFO - [2023-10-03T07:45:23.223+0000] {dagbag.py:539} INFO - Filling up the DagBag from /opt/airflow/dags/consumer.py
[2023-10-03T07:45:23.245+0000] {logging_mixin.py:151} INFO - [2023-10-03T07:45:23.242+0000] {dagbag.py:347} ERROR - Failed to import: /opt/airflow/dags/consumer.py
Traceback (most recent call last):
  File "/home/airflow/.local/lib/python3.8/site-packages/airflow/models/dagbag.py", line 343, in parse
    loader.exec_module(new_module)
  File "<frozen importlib._bootstrap_external>", line 839, in exec_module
  File "<frozen importlib._bootstrap_external>", line 976, in get_code
  File "<frozen importlib._bootstrap_external>", line 906, in source_to_code
  File "<frozen importlib._bootstrap>", line 219, in _call_with_frames_removed
  File "/opt/airflow/dags/consumer.py", line 10
    schedule = [my_file],
    ^
SyntaxError: invalid syntax
[2023-10-03T07:45:23.246+0000] {processor.py:841} WARNING - No viable dags retrieved from /opt/airflow/dags/consumer.py
[2023-10-03T07:45:23.346+0000] {processor.py:179} INFO - Processing /opt/airflow/dags/consumer.py took 0.139 seconds
[2023-10-03T07:45:53.888+0000] {processor.py:157} INFO - Started process (PID=265) to work on /opt/airflow/dags/consumer.py
[2023-10-03T07:45:53.890+0000] {processor.py:829} INFO - Processing file /opt/airflow/dags/consumer.py for tasks to queue
[2023-10-03T07:45:53.894+0000] {logging_mixin.py:151} INFO - [2023-10-03T07:45:53.894+0000] {dagbag.py:539} INFO - Filling up the DagBag from /opt/airflow/dags/consumer.py
[2023-10-03T07:45:53.901+0000] {logging_mixin.py:151} INFO - [2023-10-03T07:45:53.899+0000] {dagbag.py:347} ERROR - Failed to import: /opt/airflow/dags/consumer.py
Traceback (most recent call last):
  File "/home/airflow/.local/lib/python3.8/site-packages/airflow/models/dagbag.py", line 343, in parse
    loader.exec_module(new_module)
  File "<frozen importlib._bootstrap_external>", line 839, in exec_module
  File "<frozen importlib._bootstrap_external>", line 976, in get_code
  File "<frozen importlib._bootstrap_external>", line 906, in source_to_code
  File "<frozen importlib._bootstrap>", line 219, in _call_with_frames_removed
  File "/opt/airflow/dags/consumer.py", line 10
    schedule = [my_file],
    ^
SyntaxError: invalid syntax
[2023-10-03T07:45:53.901+0000] {processor.py:841} WARNING - No viable dags retrieved from /opt/airflow/dags/consumer.py
[2023-10-03T07:45:53.925+0000] {processor.py:179} INFO - Processing /opt/airflow/dags/consumer.py took 0.043 seconds
[2023-10-03T07:50:23.822+0000] {processor.py:157} INFO - Started process (PID=30) to work on /opt/airflow/dags/consumer.py
[2023-10-03T07:50:23.823+0000] {processor.py:829} INFO - Processing file /opt/airflow/dags/consumer.py for tasks to queue
[2023-10-03T07:50:23.826+0000] {logging_mixin.py:151} INFO - [2023-10-03T07:50:23.825+0000] {dagbag.py:539} INFO - Filling up the DagBag from /opt/airflow/dags/consumer.py
[2023-10-03T07:50:23.840+0000] {processor.py:839} INFO - DAG(s) dict_keys(['consumer']) retrieved from /opt/airflow/dags/consumer.py
[2023-10-03T07:50:24.016+0000] {logging_mixin.py:151} INFO - [2023-10-03T07:50:24.016+0000] {manager.py:499} INFO - Created Permission View: %s
[2023-10-03T07:50:24.023+0000] {logging_mixin.py:151} INFO - [2023-10-03T07:50:24.023+0000] {manager.py:499} INFO - Created Permission View: %s
[2023-10-03T07:50:24.027+0000] {logging_mixin.py:151} INFO - [2023-10-03T07:50:24.027+0000] {manager.py:499} INFO - Created Permission View: %s
[2023-10-03T07:50:24.027+0000] {logging_mixin.py:151} INFO - [2023-10-03T07:50:24.027+0000] {security.py:708} INFO - Not syncing DAG-level permissions for DAG 'DAG:consumer' as access control is unset.
[2023-10-03T07:50:24.028+0000] {logging_mixin.py:151} INFO - [2023-10-03T07:50:24.028+0000] {dag.py:2915} INFO - Sync 1 DAGs
[2023-10-03T07:50:24.035+0000] {logging_mixin.py:151} INFO - [2023-10-03T07:50:24.035+0000] {dag.py:2937} INFO - Creating ORM DAG for consumer
[2023-10-03T07:50:24.041+0000] {logging_mixin.py:151} INFO - [2023-10-03T07:50:24.040+0000] {dag.py:3696} INFO - Setting next_dagrun for consumer to None, run_after=None
[2023-10-03T07:50:24.057+0000] {processor.py:179} INFO - Processing /opt/airflow/dags/consumer.py took 0.240 seconds
[2023-10-03T07:50:54.102+0000] {processor.py:157} INFO - Started process (PID=90) to work on /opt/airflow/dags/consumer.py
[2023-10-03T07:50:54.103+0000] {processor.py:829} INFO - Processing file /opt/airflow/dags/consumer.py for tasks to queue
[2023-10-03T07:50:54.104+0000] {logging_mixin.py:151} INFO - [2023-10-03T07:50:54.104+0000] {dagbag.py:539} INFO - Filling up the DagBag from /opt/airflow/dags/consumer.py
[2023-10-03T07:50:54.109+0000] {processor.py:839} INFO - DAG(s) dict_keys(['consumer']) retrieved from /opt/airflow/dags/consumer.py
[2023-10-03T07:50:54.125+0000] {logging_mixin.py:151} INFO - [2023-10-03T07:50:54.124+0000] {dag.py:2915} INFO - Sync 1 DAGs
[2023-10-03T07:50:54.137+0000] {logging_mixin.py:151} INFO - [2023-10-03T07:50:54.137+0000] {dag.py:3696} INFO - Setting next_dagrun for consumer to None, run_after=None
[2023-10-03T07:50:54.147+0000] {processor.py:179} INFO - Processing /opt/airflow/dags/consumer.py took 0.047 seconds
[2023-10-03T07:51:24.892+0000] {processor.py:157} INFO - Started process (PID=149) to work on /opt/airflow/dags/consumer.py
[2023-10-03T07:51:24.893+0000] {processor.py:829} INFO - Processing file /opt/airflow/dags/consumer.py for tasks to queue
[2023-10-03T07:51:24.897+0000] {logging_mixin.py:151} INFO - [2023-10-03T07:51:24.896+0000] {dagbag.py:539} INFO - Filling up the DagBag from /opt/airflow/dags/consumer.py
[2023-10-03T07:51:24.905+0000] {processor.py:839} INFO - DAG(s) dict_keys(['consumer']) retrieved from /opt/airflow/dags/consumer.py
[2023-10-03T07:51:24.937+0000] {logging_mixin.py:151} INFO - [2023-10-03T07:51:24.937+0000] {dag.py:2915} INFO - Sync 1 DAGs
[2023-10-03T07:51:24.953+0000] {logging_mixin.py:151} INFO - [2023-10-03T07:51:24.953+0000] {dag.py:3696} INFO - Setting next_dagrun for consumer to None, run_after=None
[2023-10-03T07:51:24.966+0000] {processor.py:179} INFO - Processing /opt/airflow/dags/consumer.py took 0.087 seconds
[2023-10-03T07:57:11.174+0000] {processor.py:157} INFO - Started process (PID=31) to work on /opt/airflow/dags/consumer.py
[2023-10-03T07:57:11.182+0000] {processor.py:829} INFO - Processing file /opt/airflow/dags/consumer.py for tasks to queue
[2023-10-03T07:57:11.183+0000] {logging_mixin.py:151} INFO - [2023-10-03T07:57:11.183+0000] {dagbag.py:539} INFO - Filling up the DagBag from /opt/airflow/dags/consumer.py
[2023-10-03T07:57:11.188+0000] {processor.py:839} INFO - DAG(s) dict_keys(['consumer']) retrieved from /opt/airflow/dags/consumer.py
[2023-10-03T07:57:11.334+0000] {logging_mixin.py:151} INFO - [2023-10-03T07:57:11.334+0000] {security.py:708} INFO - Not syncing DAG-level permissions for DAG 'DAG:consumer' as access control is unset.
[2023-10-03T07:57:11.334+0000] {logging_mixin.py:151} INFO - [2023-10-03T07:57:11.334+0000] {dag.py:2915} INFO - Sync 1 DAGs
[2023-10-03T07:57:11.344+0000] {logging_mixin.py:151} INFO - [2023-10-03T07:57:11.344+0000] {dag.py:3696} INFO - Setting next_dagrun for consumer to None, run_after=None
[2023-10-03T07:57:11.359+0000] {processor.py:179} INFO - Processing /opt/airflow/dags/consumer.py took 0.207 seconds
[2023-10-03T07:57:42.102+0000] {processor.py:157} INFO - Started process (PID=90) to work on /opt/airflow/dags/consumer.py
[2023-10-03T07:57:42.103+0000] {processor.py:829} INFO - Processing file /opt/airflow/dags/consumer.py for tasks to queue
[2023-10-03T07:57:42.107+0000] {logging_mixin.py:151} INFO - [2023-10-03T07:57:42.107+0000] {dagbag.py:539} INFO - Filling up the DagBag from /opt/airflow/dags/consumer.py
[2023-10-03T07:57:42.117+0000] {processor.py:839} INFO - DAG(s) dict_keys(['consumer']) retrieved from /opt/airflow/dags/consumer.py
[2023-10-03T07:57:42.153+0000] {logging_mixin.py:151} INFO - [2023-10-03T07:57:42.153+0000] {dag.py:2915} INFO - Sync 1 DAGs
[2023-10-03T07:57:42.169+0000] {logging_mixin.py:151} INFO - [2023-10-03T07:57:42.168+0000] {dag.py:3696} INFO - Setting next_dagrun for consumer to None, run_after=None
[2023-10-03T07:57:42.181+0000] {processor.py:179} INFO - Processing /opt/airflow/dags/consumer.py took 0.086 seconds
[2023-10-03T07:58:12.563+0000] {processor.py:157} INFO - Started process (PID=149) to work on /opt/airflow/dags/consumer.py
[2023-10-03T07:58:12.564+0000] {processor.py:829} INFO - Processing file /opt/airflow/dags/consumer.py for tasks to queue
[2023-10-03T07:58:12.566+0000] {logging_mixin.py:151} INFO - [2023-10-03T07:58:12.566+0000] {dagbag.py:539} INFO - Filling up the DagBag from /opt/airflow/dags/consumer.py
[2023-10-03T07:58:12.574+0000] {processor.py:839} INFO - DAG(s) dict_keys(['consumer']) retrieved from /opt/airflow/dags/consumer.py
[2023-10-03T07:58:12.594+0000] {logging_mixin.py:151} INFO - [2023-10-03T07:58:12.594+0000] {dag.py:2915} INFO - Sync 1 DAGs
[2023-10-03T07:58:12.610+0000] {logging_mixin.py:151} INFO - [2023-10-03T07:58:12.610+0000] {dag.py:3696} INFO - Setting next_dagrun for consumer to None, run_after=None
[2023-10-03T07:58:12.632+0000] {processor.py:179} INFO - Processing /opt/airflow/dags/consumer.py took 0.074 seconds
[2023-10-03T07:58:42.803+0000] {processor.py:157} INFO - Started process (PID=208) to work on /opt/airflow/dags/consumer.py
[2023-10-03T07:58:42.806+0000] {processor.py:829} INFO - Processing file /opt/airflow/dags/consumer.py for tasks to queue
[2023-10-03T07:58:42.809+0000] {logging_mixin.py:151} INFO - [2023-10-03T07:58:42.809+0000] {dagbag.py:539} INFO - Filling up the DagBag from /opt/airflow/dags/consumer.py
[2023-10-03T07:58:42.818+0000] {processor.py:839} INFO - DAG(s) dict_keys(['consumer']) retrieved from /opt/airflow/dags/consumer.py
[2023-10-03T07:58:42.840+0000] {logging_mixin.py:151} INFO - [2023-10-03T07:58:42.840+0000] {dag.py:2915} INFO - Sync 1 DAGs
[2023-10-03T07:58:42.855+0000] {logging_mixin.py:151} INFO - [2023-10-03T07:58:42.854+0000] {dag.py:3696} INFO - Setting next_dagrun for consumer to None, run_after=None
[2023-10-03T07:58:42.868+0000] {processor.py:179} INFO - Processing /opt/airflow/dags/consumer.py took 0.073 seconds
[2023-10-03T07:59:13.035+0000] {processor.py:157} INFO - Started process (PID=267) to work on /opt/airflow/dags/consumer.py
[2023-10-03T07:59:13.037+0000] {processor.py:829} INFO - Processing file /opt/airflow/dags/consumer.py for tasks to queue
[2023-10-03T07:59:13.045+0000] {logging_mixin.py:151} INFO - [2023-10-03T07:59:13.044+0000] {dagbag.py:539} INFO - Filling up the DagBag from /opt/airflow/dags/consumer.py
[2023-10-03T07:59:13.060+0000] {processor.py:839} INFO - DAG(s) dict_keys(['consumer']) retrieved from /opt/airflow/dags/consumer.py
[2023-10-03T07:59:13.097+0000] {logging_mixin.py:151} INFO - [2023-10-03T07:59:13.097+0000] {dag.py:2915} INFO - Sync 1 DAGs
[2023-10-03T07:59:13.114+0000] {logging_mixin.py:151} INFO - [2023-10-03T07:59:13.114+0000] {dag.py:3696} INFO - Setting next_dagrun for consumer to None, run_after=None
[2023-10-03T07:59:13.128+0000] {processor.py:179} INFO - Processing /opt/airflow/dags/consumer.py took 0.101 seconds
[2023-10-03T07:59:43.760+0000] {processor.py:157} INFO - Started process (PID=326) to work on /opt/airflow/dags/consumer.py
[2023-10-03T07:59:43.762+0000] {processor.py:829} INFO - Processing file /opt/airflow/dags/consumer.py for tasks to queue
[2023-10-03T07:59:43.765+0000] {logging_mixin.py:151} INFO - [2023-10-03T07:59:43.764+0000] {dagbag.py:539} INFO - Filling up the DagBag from /opt/airflow/dags/consumer.py
[2023-10-03T07:59:43.773+0000] {processor.py:839} INFO - DAG(s) dict_keys(['consumer']) retrieved from /opt/airflow/dags/consumer.py
[2023-10-03T07:59:43.792+0000] {logging_mixin.py:151} INFO - [2023-10-03T07:59:43.792+0000] {dag.py:2915} INFO - Sync 1 DAGs
[2023-10-03T07:59:43.806+0000] {logging_mixin.py:151} INFO - [2023-10-03T07:59:43.806+0000] {dag.py:3696} INFO - Setting next_dagrun for consumer to None, run_after=None
[2023-10-03T07:59:43.816+0000] {processor.py:179} INFO - Processing /opt/airflow/dags/consumer.py took 0.060 seconds
[2023-10-03T08:00:14.007+0000] {processor.py:157} INFO - Started process (PID=385) to work on /opt/airflow/dags/consumer.py
[2023-10-03T08:00:14.008+0000] {processor.py:829} INFO - Processing file /opt/airflow/dags/consumer.py for tasks to queue
[2023-10-03T08:00:14.012+0000] {logging_mixin.py:151} INFO - [2023-10-03T08:00:14.012+0000] {dagbag.py:539} INFO - Filling up the DagBag from /opt/airflow/dags/consumer.py
[2023-10-03T08:00:14.022+0000] {processor.py:839} INFO - DAG(s) dict_keys(['consumer']) retrieved from /opt/airflow/dags/consumer.py
[2023-10-03T08:00:14.043+0000] {logging_mixin.py:151} INFO - [2023-10-03T08:00:14.043+0000] {dag.py:2915} INFO - Sync 1 DAGs
[2023-10-03T08:00:14.057+0000] {logging_mixin.py:151} INFO - [2023-10-03T08:00:14.057+0000] {dag.py:3696} INFO - Setting next_dagrun for consumer to None, run_after=None
[2023-10-03T08:00:14.069+0000] {processor.py:179} INFO - Processing /opt/airflow/dags/consumer.py took 0.071 seconds
[2023-10-03T08:00:44.321+0000] {processor.py:157} INFO - Started process (PID=444) to work on /opt/airflow/dags/consumer.py
[2023-10-03T08:00:44.322+0000] {processor.py:829} INFO - Processing file /opt/airflow/dags/consumer.py for tasks to queue
[2023-10-03T08:00:44.325+0000] {logging_mixin.py:151} INFO - [2023-10-03T08:00:44.325+0000] {dagbag.py:539} INFO - Filling up the DagBag from /opt/airflow/dags/consumer.py
[2023-10-03T08:00:44.333+0000] {processor.py:839} INFO - DAG(s) dict_keys(['consumer']) retrieved from /opt/airflow/dags/consumer.py
[2023-10-03T08:00:44.350+0000] {logging_mixin.py:151} INFO - [2023-10-03T08:00:44.350+0000] {dag.py:2915} INFO - Sync 1 DAGs
[2023-10-03T08:00:44.363+0000] {logging_mixin.py:151} INFO - [2023-10-03T08:00:44.363+0000] {dag.py:3696} INFO - Setting next_dagrun for consumer to None, run_after=None
[2023-10-03T08:00:44.373+0000] {processor.py:179} INFO - Processing /opt/airflow/dags/consumer.py took 0.056 seconds
[2023-10-03T08:01:14.412+0000] {processor.py:157} INFO - Started process (PID=503) to work on /opt/airflow/dags/consumer.py
[2023-10-03T08:01:14.413+0000] {processor.py:829} INFO - Processing file /opt/airflow/dags/consumer.py for tasks to queue
[2023-10-03T08:01:14.416+0000] {logging_mixin.py:151} INFO - [2023-10-03T08:01:14.416+0000] {dagbag.py:539} INFO - Filling up the DagBag from /opt/airflow/dags/consumer.py
[2023-10-03T08:01:14.422+0000] {processor.py:839} INFO - DAG(s) dict_keys(['consumer']) retrieved from /opt/airflow/dags/consumer.py
[2023-10-03T08:01:14.436+0000] {logging_mixin.py:151} INFO - [2023-10-03T08:01:14.436+0000] {dag.py:2915} INFO - Sync 1 DAGs
[2023-10-03T08:01:14.447+0000] {logging_mixin.py:151} INFO - [2023-10-03T08:01:14.447+0000] {dag.py:3696} INFO - Setting next_dagrun for consumer to None, run_after=None
[2023-10-03T08:01:14.458+0000] {processor.py:179} INFO - Processing /opt/airflow/dags/consumer.py took 0.049 seconds
[2023-10-03T08:01:44.513+0000] {processor.py:157} INFO - Started process (PID=562) to work on /opt/airflow/dags/consumer.py
[2023-10-03T08:01:44.515+0000] {processor.py:829} INFO - Processing file /opt/airflow/dags/consumer.py for tasks to queue
[2023-10-03T08:01:44.519+0000] {logging_mixin.py:151} INFO - [2023-10-03T08:01:44.518+0000] {dagbag.py:539} INFO - Filling up the DagBag from /opt/airflow/dags/consumer.py
[2023-10-03T08:01:44.537+0000] {processor.py:839} INFO - DAG(s) dict_keys(['consumer']) retrieved from /opt/airflow/dags/consumer.py
[2023-10-03T08:01:44.566+0000] {logging_mixin.py:151} INFO - [2023-10-03T08:01:44.566+0000] {dag.py:2915} INFO - Sync 1 DAGs
[2023-10-03T08:01:44.581+0000] {logging_mixin.py:151} INFO - [2023-10-03T08:01:44.581+0000] {dag.py:3696} INFO - Setting next_dagrun for consumer to None, run_after=None
[2023-10-03T08:01:44.594+0000] {processor.py:179} INFO - Processing /opt/airflow/dags/consumer.py took 0.085 seconds
[2023-10-03T08:02:15.681+0000] {processor.py:157} INFO - Started process (PID=621) to work on /opt/airflow/dags/consumer.py
[2023-10-03T08:02:15.683+0000] {processor.py:829} INFO - Processing file /opt/airflow/dags/consumer.py for tasks to queue
[2023-10-03T08:02:15.686+0000] {logging_mixin.py:151} INFO - [2023-10-03T08:02:15.685+0000] {dagbag.py:539} INFO - Filling up the DagBag from /opt/airflow/dags/consumer.py
[2023-10-03T08:02:15.696+0000] {processor.py:839} INFO - DAG(s) dict_keys(['consumer']) retrieved from /opt/airflow/dags/consumer.py
[2023-10-03T08:02:15.730+0000] {logging_mixin.py:151} INFO - [2023-10-03T08:02:15.729+0000] {dag.py:2915} INFO - Sync 1 DAGs
[2023-10-03T08:02:15.744+0000] {logging_mixin.py:151} INFO - [2023-10-03T08:02:15.744+0000] {dag.py:3696} INFO - Setting next_dagrun for consumer to None, run_after=None
[2023-10-03T08:02:15.755+0000] {processor.py:179} INFO - Processing /opt/airflow/dags/consumer.py took 0.084 seconds
[2023-10-03T08:02:46.093+0000] {processor.py:157} INFO - Started process (PID=680) to work on /opt/airflow/dags/consumer.py
[2023-10-03T08:02:46.095+0000] {processor.py:829} INFO - Processing file /opt/airflow/dags/consumer.py for tasks to queue
[2023-10-03T08:02:46.099+0000] {logging_mixin.py:151} INFO - [2023-10-03T08:02:46.099+0000] {dagbag.py:539} INFO - Filling up the DagBag from /opt/airflow/dags/consumer.py
[2023-10-03T08:02:46.118+0000] {processor.py:839} INFO - DAG(s) dict_keys(['consumer']) retrieved from /opt/airflow/dags/consumer.py
[2023-10-03T08:02:46.145+0000] {logging_mixin.py:151} INFO - [2023-10-03T08:02:46.144+0000] {dag.py:2915} INFO - Sync 1 DAGs
[2023-10-03T08:02:46.165+0000] {logging_mixin.py:151} INFO - [2023-10-03T08:02:46.165+0000] {dag.py:3696} INFO - Setting next_dagrun for consumer to None, run_after=None
[2023-10-03T08:02:46.179+0000] {processor.py:179} INFO - Processing /opt/airflow/dags/consumer.py took 0.092 seconds
[2023-10-03T08:03:16.590+0000] {processor.py:157} INFO - Started process (PID=739) to work on /opt/airflow/dags/consumer.py
[2023-10-03T08:03:16.593+0000] {processor.py:829} INFO - Processing file /opt/airflow/dags/consumer.py for tasks to queue
[2023-10-03T08:03:16.601+0000] {logging_mixin.py:151} INFO - [2023-10-03T08:03:16.600+0000] {dagbag.py:539} INFO - Filling up the DagBag from /opt/airflow/dags/consumer.py
[2023-10-03T08:03:16.615+0000] {processor.py:839} INFO - DAG(s) dict_keys(['consumer']) retrieved from /opt/airflow/dags/consumer.py
[2023-10-03T08:03:16.636+0000] {logging_mixin.py:151} INFO - [2023-10-03T08:03:16.636+0000] {dag.py:2915} INFO - Sync 1 DAGs
[2023-10-03T08:03:16.650+0000] {logging_mixin.py:151} INFO - [2023-10-03T08:03:16.650+0000] {dag.py:3696} INFO - Setting next_dagrun for consumer to None, run_after=None
[2023-10-03T08:03:16.662+0000] {processor.py:179} INFO - Processing /opt/airflow/dags/consumer.py took 0.080 seconds
[2023-10-03T08:03:46.966+0000] {processor.py:157} INFO - Started process (PID=798) to work on /opt/airflow/dags/consumer.py
[2023-10-03T08:03:46.968+0000] {processor.py:829} INFO - Processing file /opt/airflow/dags/consumer.py for tasks to queue
[2023-10-03T08:03:46.973+0000] {logging_mixin.py:151} INFO - [2023-10-03T08:03:46.972+0000] {dagbag.py:539} INFO - Filling up the DagBag from /opt/airflow/dags/consumer.py
[2023-10-03T08:03:46.982+0000] {processor.py:839} INFO - DAG(s) dict_keys(['consumer']) retrieved from /opt/airflow/dags/consumer.py
[2023-10-03T08:03:47.018+0000] {logging_mixin.py:151} INFO - [2023-10-03T08:03:47.018+0000] {dag.py:2915} INFO - Sync 1 DAGs
[2023-10-03T08:03:47.034+0000] {logging_mixin.py:151} INFO - [2023-10-03T08:03:47.034+0000] {dag.py:3696} INFO - Setting next_dagrun for consumer to None, run_after=None
[2023-10-03T08:03:47.047+0000] {processor.py:179} INFO - Processing /opt/airflow/dags/consumer.py took 0.087 seconds
[2023-10-03T08:04:17.242+0000] {processor.py:157} INFO - Started process (PID=857) to work on /opt/airflow/dags/consumer.py
[2023-10-03T08:04:17.244+0000] {processor.py:829} INFO - Processing file /opt/airflow/dags/consumer.py for tasks to queue
[2023-10-03T08:04:17.247+0000] {logging_mixin.py:151} INFO - [2023-10-03T08:04:17.247+0000] {dagbag.py:539} INFO - Filling up the DagBag from /opt/airflow/dags/consumer.py
[2023-10-03T08:04:17.258+0000] {processor.py:839} INFO - DAG(s) dict_keys(['consumer']) retrieved from /opt/airflow/dags/consumer.py
[2023-10-03T08:04:17.293+0000] {logging_mixin.py:151} INFO - [2023-10-03T08:04:17.292+0000] {dag.py:2915} INFO - Sync 1 DAGs
[2023-10-03T08:04:17.308+0000] {logging_mixin.py:151} INFO - [2023-10-03T08:04:17.308+0000] {dag.py:3696} INFO - Setting next_dagrun for consumer to None, run_after=None
[2023-10-03T08:04:17.325+0000] {processor.py:179} INFO - Processing /opt/airflow/dags/consumer.py took 0.090 seconds
[2023-10-03T08:04:48.113+0000] {processor.py:157} INFO - Started process (PID=916) to work on /opt/airflow/dags/consumer.py
[2023-10-03T08:04:48.115+0000] {processor.py:829} INFO - Processing file /opt/airflow/dags/consumer.py for tasks to queue
[2023-10-03T08:04:48.119+0000] {logging_mixin.py:151} INFO - [2023-10-03T08:04:48.119+0000] {dagbag.py:539} INFO - Filling up the DagBag from /opt/airflow/dags/consumer.py
[2023-10-03T08:04:48.138+0000] {processor.py:839} INFO - DAG(s) dict_keys(['consumer']) retrieved from /opt/airflow/dags/consumer.py
[2023-10-03T08:04:48.164+0000] {logging_mixin.py:151} INFO - [2023-10-03T08:04:48.164+0000] {dag.py:2915} INFO - Sync 1 DAGs
[2023-10-03T08:04:48.181+0000] {logging_mixin.py:151} INFO - [2023-10-03T08:04:48.181+0000] {dag.py:3696} INFO - Setting next_dagrun for consumer to None, run_after=None
[2023-10-03T08:04:48.200+0000] {processor.py:179} INFO - Processing /opt/airflow/dags/consumer.py took 0.094 seconds
[2023-10-03T08:05:18.333+0000] {processor.py:157} INFO - Started process (PID=975) to work on /opt/airflow/dags/consumer.py
[2023-10-03T08:05:18.335+0000] {processor.py:829} INFO - Processing file /opt/airflow/dags/consumer.py for tasks to queue
[2023-10-03T08:05:18.342+0000] {logging_mixin.py:151} INFO - [2023-10-03T08:05:18.341+0000] {dagbag.py:539} INFO - Filling up the DagBag from /opt/airflow/dags/consumer.py
[2023-10-03T08:05:18.357+0000] {processor.py:839} INFO - DAG(s) dict_keys(['consumer']) retrieved from /opt/airflow/dags/consumer.py
[2023-10-03T08:05:18.382+0000] {logging_mixin.py:151} INFO - [2023-10-03T08:05:18.382+0000] {dag.py:2915} INFO - Sync 1 DAGs
[2023-10-03T08:05:18.396+0000] {logging_mixin.py:151} INFO - [2023-10-03T08:05:18.396+0000] {dag.py:3696} INFO - Setting next_dagrun for consumer to None, run_after=None
[2023-10-03T08:05:18.417+0000] {processor.py:179} INFO - Processing /opt/airflow/dags/consumer.py took 0.102 seconds
[2023-10-03T08:05:48.578+0000] {processor.py:157} INFO - Started process (PID=1034) to work on /opt/airflow/dags/consumer.py
[2023-10-03T08:05:48.579+0000] {processor.py:829} INFO - Processing file /opt/airflow/dags/consumer.py for tasks to queue
[2023-10-03T08:05:48.580+0000] {logging_mixin.py:151} INFO - [2023-10-03T08:05:48.580+0000] {dagbag.py:539} INFO - Filling up the DagBag from /opt/airflow/dags/consumer.py
[2023-10-03T08:05:48.584+0000] {processor.py:839} INFO - DAG(s) dict_keys(['consumer']) retrieved from /opt/airflow/dags/consumer.py
[2023-10-03T08:05:48.595+0000] {logging_mixin.py:151} INFO - [2023-10-03T08:05:48.595+0000] {dag.py:2915} INFO - Sync 1 DAGs
[2023-10-03T08:05:48.605+0000] {logging_mixin.py:151} INFO - [2023-10-03T08:05:48.605+0000] {dag.py:3696} INFO - Setting next_dagrun for consumer to None, run_after=None
[2023-10-03T08:05:48.613+0000] {processor.py:179} INFO - Processing /opt/airflow/dags/consumer.py took 0.037 seconds
[2023-10-03T08:06:18.787+0000] {processor.py:157} INFO - Started process (PID=1093) to work on /opt/airflow/dags/consumer.py
[2023-10-03T08:06:18.790+0000] {processor.py:829} INFO - Processing file /opt/airflow/dags/consumer.py for tasks to queue
[2023-10-03T08:06:18.798+0000] {logging_mixin.py:151} INFO - [2023-10-03T08:06:18.798+0000] {dagbag.py:539} INFO - Filling up the DagBag from /opt/airflow/dags/consumer.py
[2023-10-03T08:06:18.815+0000] {processor.py:839} INFO - DAG(s) dict_keys(['consumer']) retrieved from /opt/airflow/dags/consumer.py
[2023-10-03T08:06:18.840+0000] {logging_mixin.py:151} INFO - [2023-10-03T08:06:18.840+0000] {dag.py:2915} INFO - Sync 1 DAGs
[2023-10-03T08:06:18.859+0000] {logging_mixin.py:151} INFO - [2023-10-03T08:06:18.859+0000] {dag.py:3696} INFO - Setting next_dagrun for consumer to None, run_after=None
[2023-10-03T08:06:18.871+0000] {processor.py:179} INFO - Processing /opt/airflow/dags/consumer.py took 0.089 seconds
[2023-10-03T08:06:48.976+0000] {processor.py:157} INFO - Started process (PID=1152) to work on /opt/airflow/dags/consumer.py
[2023-10-03T08:06:48.979+0000] {processor.py:829} INFO - Processing file /opt/airflow/dags/consumer.py for tasks to queue
[2023-10-03T08:06:48.984+0000] {logging_mixin.py:151} INFO - [2023-10-03T08:06:48.984+0000] {dagbag.py:539} INFO - Filling up the DagBag from /opt/airflow/dags/consumer.py
[2023-10-03T08:06:48.995+0000] {processor.py:839} INFO - DAG(s) dict_keys(['consumer']) retrieved from /opt/airflow/dags/consumer.py
[2023-10-03T08:06:49.041+0000] {logging_mixin.py:151} INFO - [2023-10-03T08:06:49.041+0000] {dag.py:2915} INFO - Sync 1 DAGs
[2023-10-03T08:06:49.058+0000] {logging_mixin.py:151} INFO - [2023-10-03T08:06:49.058+0000] {dag.py:3696} INFO - Setting next_dagrun for consumer to None, run_after=None
[2023-10-03T08:06:49.071+0000] {processor.py:179} INFO - Processing /opt/airflow/dags/consumer.py took 0.098 seconds
[2023-10-03T08:07:19.174+0000] {processor.py:157} INFO - Started process (PID=1211) to work on /opt/airflow/dags/consumer.py
[2023-10-03T08:07:19.176+0000] {processor.py:829} INFO - Processing file /opt/airflow/dags/consumer.py for tasks to queue
[2023-10-03T08:07:19.182+0000] {logging_mixin.py:151} INFO - [2023-10-03T08:07:19.182+0000] {dagbag.py:539} INFO - Filling up the DagBag from /opt/airflow/dags/consumer.py
[2023-10-03T08:07:19.190+0000] {processor.py:839} INFO - DAG(s) dict_keys(['consumer']) retrieved from /opt/airflow/dags/consumer.py
[2023-10-03T08:07:19.215+0000] {logging_mixin.py:151} INFO - [2023-10-03T08:07:19.215+0000] {dag.py:2915} INFO - Sync 1 DAGs
[2023-10-03T08:07:19.233+0000] {logging_mixin.py:151} INFO - [2023-10-03T08:07:19.233+0000] {dag.py:3696} INFO - Setting next_dagrun for consumer to None, run_after=None
[2023-10-03T08:07:19.249+0000] {processor.py:179} INFO - Processing /opt/airflow/dags/consumer.py took 0.080 seconds
[2023-10-03T08:07:50.163+0000] {processor.py:157} INFO - Started process (PID=1270) to work on /opt/airflow/dags/consumer.py
[2023-10-03T08:07:50.165+0000] {processor.py:829} INFO - Processing file /opt/airflow/dags/consumer.py for tasks to queue
[2023-10-03T08:07:50.173+0000] {logging_mixin.py:151} INFO - [2023-10-03T08:07:50.172+0000] {dagbag.py:539} INFO - Filling up the DagBag from /opt/airflow/dags/consumer.py
[2023-10-03T08:07:50.182+0000] {processor.py:839} INFO - DAG(s) dict_keys(['consumer']) retrieved from /opt/airflow/dags/consumer.py
[2023-10-03T08:07:50.202+0000] {logging_mixin.py:151} INFO - [2023-10-03T08:07:50.202+0000] {dag.py:2915} INFO - Sync 1 DAGs
[2023-10-03T08:07:50.220+0000] {logging_mixin.py:151} INFO - [2023-10-03T08:07:50.219+0000] {dag.py:3696} INFO - Setting next_dagrun for consumer to None, run_after=None
[2023-10-03T08:07:50.240+0000] {processor.py:179} INFO - Processing /opt/airflow/dags/consumer.py took 0.083 seconds
[2023-10-03T08:08:20.327+0000] {processor.py:157} INFO - Started process (PID=1329) to work on /opt/airflow/dags/consumer.py
[2023-10-03T08:08:20.329+0000] {processor.py:829} INFO - Processing file /opt/airflow/dags/consumer.py for tasks to queue
[2023-10-03T08:08:20.332+0000] {logging_mixin.py:151} INFO - [2023-10-03T08:08:20.331+0000] {dagbag.py:539} INFO - Filling up the DagBag from /opt/airflow/dags/consumer.py
[2023-10-03T08:08:20.339+0000] {processor.py:839} INFO - DAG(s) dict_keys(['consumer']) retrieved from /opt/airflow/dags/consumer.py
[2023-10-03T08:08:20.377+0000] {logging_mixin.py:151} INFO - [2023-10-03T08:08:20.376+0000] {dag.py:2915} INFO - Sync 1 DAGs
[2023-10-03T08:08:20.395+0000] {logging_mixin.py:151} INFO - [2023-10-03T08:08:20.395+0000] {dag.py:3696} INFO - Setting next_dagrun for consumer to None, run_after=None
[2023-10-03T08:08:20.410+0000] {processor.py:179} INFO - Processing /opt/airflow/dags/consumer.py took 0.086 seconds
[2023-10-03T08:08:50.740+0000] {processor.py:157} INFO - Started process (PID=1388) to work on /opt/airflow/dags/consumer.py
[2023-10-03T08:08:50.742+0000] {processor.py:829} INFO - Processing file /opt/airflow/dags/consumer.py for tasks to queue
[2023-10-03T08:08:50.745+0000] {logging_mixin.py:151} INFO - [2023-10-03T08:08:50.745+0000] {dagbag.py:539} INFO - Filling up the DagBag from /opt/airflow/dags/consumer.py
[2023-10-03T08:08:50.754+0000] {processor.py:839} INFO - DAG(s) dict_keys(['consumer']) retrieved from /opt/airflow/dags/consumer.py
[2023-10-03T08:08:50.791+0000] {logging_mixin.py:151} INFO - [2023-10-03T08:08:50.790+0000] {dag.py:2915} INFO - Sync 1 DAGs
[2023-10-03T08:08:50.807+0000] {logging_mixin.py:151} INFO - [2023-10-03T08:08:50.807+0000] {dag.py:3696} INFO - Setting next_dagrun for consumer to None, run_after=None
[2023-10-03T08:08:50.821+0000] {processor.py:179} INFO - Processing /opt/airflow/dags/consumer.py took 0.087 seconds
[2023-10-03T08:09:20.998+0000] {processor.py:157} INFO - Started process (PID=1447) to work on /opt/airflow/dags/consumer.py
[2023-10-03T08:09:20.999+0000] {processor.py:829} INFO - Processing file /opt/airflow/dags/consumer.py for tasks to queue
[2023-10-03T08:09:21.003+0000] {logging_mixin.py:151} INFO - [2023-10-03T08:09:21.003+0000] {dagbag.py:539} INFO - Filling up the DagBag from /opt/airflow/dags/consumer.py
[2023-10-03T08:09:21.012+0000] {processor.py:839} INFO - DAG(s) dict_keys(['consumer']) retrieved from /opt/airflow/dags/consumer.py
[2023-10-03T08:09:21.053+0000] {logging_mixin.py:151} INFO - [2023-10-03T08:09:21.053+0000] {dag.py:2915} INFO - Sync 1 DAGs
[2023-10-03T08:09:21.073+0000] {logging_mixin.py:151} INFO - [2023-10-03T08:09:21.073+0000] {dag.py:3696} INFO - Setting next_dagrun for consumer to None, run_after=None
[2023-10-03T08:09:21.090+0000] {processor.py:179} INFO - Processing /opt/airflow/dags/consumer.py took 0.097 seconds
[2023-10-03T08:09:51.522+0000] {processor.py:157} INFO - Started process (PID=1506) to work on /opt/airflow/dags/consumer.py
[2023-10-03T08:09:51.523+0000] {processor.py:829} INFO - Processing file /opt/airflow/dags/consumer.py for tasks to queue
[2023-10-03T08:09:51.526+0000] {logging_mixin.py:151} INFO - [2023-10-03T08:09:51.526+0000] {dagbag.py:539} INFO - Filling up the DagBag from /opt/airflow/dags/consumer.py
[2023-10-03T08:09:51.535+0000] {processor.py:839} INFO - DAG(s) dict_keys(['consumer']) retrieved from /opt/airflow/dags/consumer.py
[2023-10-03T08:09:51.569+0000] {logging_mixin.py:151} INFO - [2023-10-03T08:09:51.568+0000] {dag.py:2915} INFO - Sync 1 DAGs
[2023-10-03T08:09:51.591+0000] {logging_mixin.py:151} INFO - [2023-10-03T08:09:51.591+0000] {dag.py:3696} INFO - Setting next_dagrun for consumer to None, run_after=None
[2023-10-03T08:09:51.605+0000] {processor.py:179} INFO - Processing /opt/airflow/dags/consumer.py took 0.086 seconds
[2023-10-03T08:10:21.924+0000] {processor.py:157} INFO - Started process (PID=1565) to work on /opt/airflow/dags/consumer.py
[2023-10-03T08:10:21.927+0000] {processor.py:829} INFO - Processing file /opt/airflow/dags/consumer.py for tasks to queue
[2023-10-03T08:10:21.934+0000] {logging_mixin.py:151} INFO - [2023-10-03T08:10:21.933+0000] {dagbag.py:539} INFO - Filling up the DagBag from /opt/airflow/dags/consumer.py
[2023-10-03T08:10:21.946+0000] {processor.py:839} INFO - DAG(s) dict_keys(['consumer']) retrieved from /opt/airflow/dags/consumer.py
[2023-10-03T08:10:22.054+0000] {logging_mixin.py:151} INFO - [2023-10-03T08:10:22.054+0000] {security.py:708} INFO - Not syncing DAG-level permissions for DAG 'DAG:consumer' as access control is unset.
[2023-10-03T08:10:22.054+0000] {logging_mixin.py:151} INFO - [2023-10-03T08:10:22.054+0000] {dag.py:2915} INFO - Sync 1 DAGs
[2023-10-03T08:10:22.066+0000] {logging_mixin.py:151} INFO - [2023-10-03T08:10:22.066+0000] {dag.py:3696} INFO - Setting next_dagrun for consumer to None, run_after=None
[2023-10-03T08:10:22.079+0000] {processor.py:179} INFO - Processing /opt/airflow/dags/consumer.py took 0.178 seconds
[2023-10-03T08:10:52.137+0000] {processor.py:157} INFO - Started process (PID=1624) to work on /opt/airflow/dags/consumer.py
[2023-10-03T08:10:52.143+0000] {processor.py:829} INFO - Processing file /opt/airflow/dags/consumer.py for tasks to queue
[2023-10-03T08:10:52.152+0000] {logging_mixin.py:151} INFO - [2023-10-03T08:10:52.150+0000] {dagbag.py:539} INFO - Filling up the DagBag from /opt/airflow/dags/consumer.py
[2023-10-03T08:10:52.165+0000] {processor.py:839} INFO - DAG(s) dict_keys(['consumer']) retrieved from /opt/airflow/dags/consumer.py
[2023-10-03T08:10:52.189+0000] {logging_mixin.py:151} INFO - [2023-10-03T08:10:52.189+0000] {dag.py:2915} INFO - Sync 1 DAGs
[2023-10-03T08:10:52.330+0000] {logging_mixin.py:151} INFO - [2023-10-03T08:10:52.328+0000] {dag.py:3696} INFO - Setting next_dagrun for consumer to None, run_after=None
[2023-10-03T08:10:52.400+0000] {processor.py:179} INFO - Processing /opt/airflow/dags/consumer.py took 0.276 seconds
[2023-10-03T08:11:22.651+0000] {processor.py:157} INFO - Started process (PID=1683) to work on /opt/airflow/dags/consumer.py
[2023-10-03T08:11:22.653+0000] {processor.py:829} INFO - Processing file /opt/airflow/dags/consumer.py for tasks to queue
[2023-10-03T08:11:22.655+0000] {logging_mixin.py:151} INFO - [2023-10-03T08:11:22.655+0000] {dagbag.py:539} INFO - Filling up the DagBag from /opt/airflow/dags/consumer.py
[2023-10-03T08:11:22.681+0000] {processor.py:839} INFO - DAG(s) dict_keys(['consumer']) retrieved from /opt/airflow/dags/consumer.py
[2023-10-03T08:11:22.703+0000] {logging_mixin.py:151} INFO - [2023-10-03T08:11:22.702+0000] {dag.py:2915} INFO - Sync 1 DAGs
[2023-10-03T08:11:22.716+0000] {logging_mixin.py:151} INFO - [2023-10-03T08:11:22.716+0000] {dag.py:3696} INFO - Setting next_dagrun for consumer to None, run_after=None
[2023-10-03T08:11:22.728+0000] {processor.py:179} INFO - Processing /opt/airflow/dags/consumer.py took 0.081 seconds
[2023-10-03T08:11:52.875+0000] {processor.py:157} INFO - Started process (PID=1742) to work on /opt/airflow/dags/consumer.py
[2023-10-03T08:11:52.877+0000] {processor.py:829} INFO - Processing file /opt/airflow/dags/consumer.py for tasks to queue
[2023-10-03T08:11:52.879+0000] {logging_mixin.py:151} INFO - [2023-10-03T08:11:52.879+0000] {dagbag.py:539} INFO - Filling up the DagBag from /opt/airflow/dags/consumer.py
[2023-10-03T08:11:52.889+0000] {processor.py:839} INFO - DAG(s) dict_keys(['consumer']) retrieved from /opt/airflow/dags/consumer.py
[2023-10-03T08:11:52.912+0000] {logging_mixin.py:151} INFO - [2023-10-03T08:11:52.912+0000] {dag.py:2915} INFO - Sync 1 DAGs
[2023-10-03T08:11:52.930+0000] {logging_mixin.py:151} INFO - [2023-10-03T08:11:52.930+0000] {dag.py:3696} INFO - Setting next_dagrun for consumer to None, run_after=None
[2023-10-03T08:11:52.954+0000] {processor.py:179} INFO - Processing /opt/airflow/dags/consumer.py took 0.097 seconds
[2023-10-03T08:12:23.599+0000] {processor.py:157} INFO - Started process (PID=1803) to work on /opt/airflow/dags/consumer.py
[2023-10-03T08:12:23.601+0000] {processor.py:829} INFO - Processing file /opt/airflow/dags/consumer.py for tasks to queue
[2023-10-03T08:12:23.604+0000] {logging_mixin.py:151} INFO - [2023-10-03T08:12:23.603+0000] {dagbag.py:539} INFO - Filling up the DagBag from /opt/airflow/dags/consumer.py
[2023-10-03T08:12:23.619+0000] {processor.py:839} INFO - DAG(s) dict_keys(['consumer']) retrieved from /opt/airflow/dags/consumer.py
[2023-10-03T08:12:23.654+0000] {logging_mixin.py:151} INFO - [2023-10-03T08:12:23.654+0000] {dag.py:2915} INFO - Sync 1 DAGs
[2023-10-03T08:12:23.669+0000] {logging_mixin.py:151} INFO - [2023-10-03T08:12:23.669+0000] {dag.py:3696} INFO - Setting next_dagrun for consumer to None, run_after=None
[2023-10-03T08:12:23.681+0000] {processor.py:179} INFO - Processing /opt/airflow/dags/consumer.py took 0.089 seconds
[2023-10-03T08:12:53.898+0000] {processor.py:157} INFO - Started process (PID=1863) to work on /opt/airflow/dags/consumer.py
[2023-10-03T08:12:53.900+0000] {processor.py:829} INFO - Processing file /opt/airflow/dags/consumer.py for tasks to queue
[2023-10-03T08:12:53.905+0000] {logging_mixin.py:151} INFO - [2023-10-03T08:12:53.905+0000] {dagbag.py:539} INFO - Filling up the DagBag from /opt/airflow/dags/consumer.py
[2023-10-03T08:12:53.927+0000] {processor.py:839} INFO - DAG(s) dict_keys(['consumer']) retrieved from /opt/airflow/dags/consumer.py
[2023-10-03T08:12:53.951+0000] {logging_mixin.py:151} INFO - [2023-10-03T08:12:53.951+0000] {dag.py:2915} INFO - Sync 1 DAGs
[2023-10-03T08:12:53.965+0000] {logging_mixin.py:151} INFO - [2023-10-03T08:12:53.965+0000] {dag.py:3696} INFO - Setting next_dagrun for consumer to None, run_after=None
[2023-10-03T08:12:53.977+0000] {processor.py:179} INFO - Processing /opt/airflow/dags/consumer.py took 0.085 seconds
[2023-10-03T08:13:34.874+0000] {processor.py:157} INFO - Started process (PID=32) to work on /opt/airflow/dags/consumer.py
[2023-10-03T08:13:34.875+0000] {processor.py:829} INFO - Processing file /opt/airflow/dags/consumer.py for tasks to queue
[2023-10-03T08:13:34.879+0000] {logging_mixin.py:151} INFO - [2023-10-03T08:13:34.879+0000] {dagbag.py:539} INFO - Filling up the DagBag from /opt/airflow/dags/consumer.py
[2023-10-03T08:13:34.897+0000] {processor.py:839} INFO - DAG(s) dict_keys(['consumer']) retrieved from /opt/airflow/dags/consumer.py
[2023-10-03T08:13:34.963+0000] {logging_mixin.py:151} INFO - [2023-10-03T08:13:34.963+0000] {security.py:708} INFO - Not syncing DAG-level permissions for DAG 'DAG:consumer' as access control is unset.
[2023-10-03T08:13:34.964+0000] {logging_mixin.py:151} INFO - [2023-10-03T08:13:34.964+0000] {dag.py:2915} INFO - Sync 1 DAGs
[2023-10-03T08:13:34.982+0000] {logging_mixin.py:151} INFO - [2023-10-03T08:13:34.982+0000] {dag.py:3696} INFO - Setting next_dagrun for consumer to None, run_after=None
[2023-10-03T08:13:35.001+0000] {processor.py:179} INFO - Processing /opt/airflow/dags/consumer.py took 0.129 seconds
[2023-10-03T08:14:05.952+0000] {processor.py:157} INFO - Started process (PID=92) to work on /opt/airflow/dags/consumer.py
[2023-10-03T08:14:05.953+0000] {processor.py:829} INFO - Processing file /opt/airflow/dags/consumer.py for tasks to queue
[2023-10-03T08:14:05.954+0000] {logging_mixin.py:151} INFO - [2023-10-03T08:14:05.954+0000] {dagbag.py:539} INFO - Filling up the DagBag from /opt/airflow/dags/consumer.py
[2023-10-03T08:14:05.958+0000] {processor.py:839} INFO - DAG(s) dict_keys(['consumer']) retrieved from /opt/airflow/dags/consumer.py
[2023-10-03T08:14:05.969+0000] {logging_mixin.py:151} INFO - [2023-10-03T08:14:05.969+0000] {dag.py:2915} INFO - Sync 1 DAGs
[2023-10-03T08:14:05.979+0000] {logging_mixin.py:151} INFO - [2023-10-03T08:14:05.978+0000] {dag.py:3696} INFO - Setting next_dagrun for consumer to None, run_after=None
[2023-10-03T08:14:05.988+0000] {processor.py:179} INFO - Processing /opt/airflow/dags/consumer.py took 0.037 seconds
[2023-10-03T08:14:36.664+0000] {processor.py:157} INFO - Started process (PID=152) to work on /opt/airflow/dags/consumer.py
[2023-10-03T08:14:36.665+0000] {processor.py:829} INFO - Processing file /opt/airflow/dags/consumer.py for tasks to queue
[2023-10-03T08:14:36.666+0000] {logging_mixin.py:151} INFO - [2023-10-03T08:14:36.666+0000] {dagbag.py:539} INFO - Filling up the DagBag from /opt/airflow/dags/consumer.py
[2023-10-03T08:14:36.670+0000] {processor.py:839} INFO - DAG(s) dict_keys(['consumer']) retrieved from /opt/airflow/dags/consumer.py
[2023-10-03T08:14:36.681+0000] {logging_mixin.py:151} INFO - [2023-10-03T08:14:36.681+0000] {dag.py:2915} INFO - Sync 1 DAGs
[2023-10-03T08:14:36.691+0000] {logging_mixin.py:151} INFO - [2023-10-03T08:14:36.691+0000] {dag.py:3696} INFO - Setting next_dagrun for consumer to None, run_after=None
[2023-10-03T08:14:36.700+0000] {processor.py:179} INFO - Processing /opt/airflow/dags/consumer.py took 0.038 seconds
[2023-10-03T08:15:07.683+0000] {processor.py:157} INFO - Started process (PID=212) to work on /opt/airflow/dags/consumer.py
[2023-10-03T08:15:07.683+0000] {processor.py:829} INFO - Processing file /opt/airflow/dags/consumer.py for tasks to queue
[2023-10-03T08:15:07.684+0000] {logging_mixin.py:151} INFO - [2023-10-03T08:15:07.684+0000] {dagbag.py:539} INFO - Filling up the DagBag from /opt/airflow/dags/consumer.py
[2023-10-03T08:15:07.687+0000] {processor.py:839} INFO - DAG(s) dict_keys(['consumer']) retrieved from /opt/airflow/dags/consumer.py
[2023-10-03T08:15:07.697+0000] {logging_mixin.py:151} INFO - [2023-10-03T08:15:07.697+0000] {dag.py:2915} INFO - Sync 1 DAGs
[2023-10-03T08:15:07.707+0000] {logging_mixin.py:151} INFO - [2023-10-03T08:15:07.707+0000] {dag.py:3696} INFO - Setting next_dagrun for consumer to None, run_after=None
[2023-10-03T08:15:07.715+0000] {processor.py:179} INFO - Processing /opt/airflow/dags/consumer.py took 0.035 seconds
[2023-10-03T08:15:38.030+0000] {processor.py:157} INFO - Started process (PID=273) to work on /opt/airflow/dags/consumer.py
[2023-10-03T08:15:38.031+0000] {processor.py:829} INFO - Processing file /opt/airflow/dags/consumer.py for tasks to queue
[2023-10-03T08:15:38.032+0000] {logging_mixin.py:151} INFO - [2023-10-03T08:15:38.032+0000] {dagbag.py:539} INFO - Filling up the DagBag from /opt/airflow/dags/consumer.py
[2023-10-03T08:15:38.036+0000] {processor.py:839} INFO - DAG(s) dict_keys(['consumer']) retrieved from /opt/airflow/dags/consumer.py
[2023-10-03T08:15:38.050+0000] {logging_mixin.py:151} INFO - [2023-10-03T08:15:38.049+0000] {dag.py:2915} INFO - Sync 1 DAGs
[2023-10-03T08:15:38.062+0000] {logging_mixin.py:151} INFO - [2023-10-03T08:15:38.062+0000] {dag.py:3696} INFO - Setting next_dagrun for consumer to None, run_after=None
[2023-10-03T08:15:38.070+0000] {processor.py:179} INFO - Processing /opt/airflow/dags/consumer.py took 0.042 seconds
[2023-10-03T08:16:08.420+0000] {processor.py:157} INFO - Started process (PID=333) to work on /opt/airflow/dags/consumer.py
[2023-10-03T08:16:08.421+0000] {processor.py:829} INFO - Processing file /opt/airflow/dags/consumer.py for tasks to queue
[2023-10-03T08:16:08.422+0000] {logging_mixin.py:151} INFO - [2023-10-03T08:16:08.422+0000] {dagbag.py:539} INFO - Filling up the DagBag from /opt/airflow/dags/consumer.py
[2023-10-03T08:16:08.425+0000] {processor.py:839} INFO - DAG(s) dict_keys(['consumer']) retrieved from /opt/airflow/dags/consumer.py
[2023-10-03T08:16:08.435+0000] {logging_mixin.py:151} INFO - [2023-10-03T08:16:08.435+0000] {dag.py:2915} INFO - Sync 1 DAGs
[2023-10-03T08:16:08.445+0000] {logging_mixin.py:151} INFO - [2023-10-03T08:16:08.445+0000] {dag.py:3696} INFO - Setting next_dagrun for consumer to None, run_after=None
[2023-10-03T08:16:08.454+0000] {processor.py:179} INFO - Processing /opt/airflow/dags/consumer.py took 0.036 seconds
[2023-10-03T08:16:39.020+0000] {processor.py:157} INFO - Started process (PID=393) to work on /opt/airflow/dags/consumer.py
[2023-10-03T08:16:39.021+0000] {processor.py:829} INFO - Processing file /opt/airflow/dags/consumer.py for tasks to queue
[2023-10-03T08:16:39.022+0000] {logging_mixin.py:151} INFO - [2023-10-03T08:16:39.022+0000] {dagbag.py:539} INFO - Filling up the DagBag from /opt/airflow/dags/consumer.py
[2023-10-03T08:16:39.026+0000] {processor.py:839} INFO - DAG(s) dict_keys(['consumer']) retrieved from /opt/airflow/dags/consumer.py
[2023-10-03T08:16:39.037+0000] {logging_mixin.py:151} INFO - [2023-10-03T08:16:39.037+0000] {dag.py:2915} INFO - Sync 1 DAGs
[2023-10-03T08:16:39.047+0000] {logging_mixin.py:151} INFO - [2023-10-03T08:16:39.047+0000] {dag.py:3696} INFO - Setting next_dagrun for consumer to None, run_after=None
[2023-10-03T08:16:39.056+0000] {processor.py:179} INFO - Processing /opt/airflow/dags/consumer.py took 0.038 seconds
[2023-10-03T08:17:09.339+0000] {processor.py:157} INFO - Started process (PID=453) to work on /opt/airflow/dags/consumer.py
[2023-10-03T08:17:09.339+0000] {processor.py:829} INFO - Processing file /opt/airflow/dags/consumer.py for tasks to queue
[2023-10-03T08:17:09.341+0000] {logging_mixin.py:151} INFO - [2023-10-03T08:17:09.341+0000] {dagbag.py:539} INFO - Filling up the DagBag from /opt/airflow/dags/consumer.py
[2023-10-03T08:17:09.344+0000] {processor.py:839} INFO - DAG(s) dict_keys(['consumer']) retrieved from /opt/airflow/dags/consumer.py
[2023-10-03T08:17:09.356+0000] {logging_mixin.py:151} INFO - [2023-10-03T08:17:09.356+0000] {dag.py:2915} INFO - Sync 1 DAGs
[2023-10-03T08:17:09.365+0000] {logging_mixin.py:151} INFO - [2023-10-03T08:17:09.365+0000] {dag.py:3696} INFO - Setting next_dagrun for consumer to None, run_after=None
[2023-10-03T08:17:09.373+0000] {processor.py:179} INFO - Processing /opt/airflow/dags/consumer.py took 0.037 seconds
