[2023-10-03T07:43:53.131+0000] {processor.py:157} INFO - Started process (PID=33) to work on /opt/airflow/dags/my_dag.py
[2023-10-03T07:43:53.132+0000] {processor.py:829} INFO - Processing file /opt/airflow/dags/my_dag.py for tasks to queue
[2023-10-03T07:43:53.135+0000] {logging_mixin.py:151} INFO - [2023-10-03T07:43:53.135+0000] {dagbag.py:539} INFO - Filling up the DagBag from /opt/airflow/dags/my_dag.py
[2023-10-03T07:43:53.154+0000] {processor.py:839} INFO - DAG(s) dict_keys(['my_dag']) retrieved from /opt/airflow/dags/my_dag.py
[2023-10-03T07:43:53.262+0000] {logging_mixin.py:151} INFO - [2023-10-03T07:43:53.262+0000] {security.py:708} INFO - Not syncing DAG-level permissions for DAG 'DAG:my_dag' as access control is unset.
[2023-10-03T07:43:53.262+0000] {logging_mixin.py:151} INFO - [2023-10-03T07:43:53.262+0000] {dag.py:2915} INFO - Sync 1 DAGs
[2023-10-03T07:43:53.279+0000] {logging_mixin.py:151} INFO - [2023-10-03T07:43:53.279+0000] {dag.py:3696} INFO - Setting next_dagrun for my_dag to 2023-10-02T00:00:00+00:00, run_after=2023-10-03T00:00:00+00:00
[2023-10-03T07:43:53.294+0000] {processor.py:179} INFO - Processing /opt/airflow/dags/my_dag.py took 0.166 seconds
[2023-10-03T07:44:23.486+0000] {processor.py:157} INFO - Started process (PID=91) to work on /opt/airflow/dags/my_dag.py
[2023-10-03T07:44:23.487+0000] {processor.py:829} INFO - Processing file /opt/airflow/dags/my_dag.py for tasks to queue
[2023-10-03T07:44:23.489+0000] {logging_mixin.py:151} INFO - [2023-10-03T07:44:23.489+0000] {dagbag.py:539} INFO - Filling up the DagBag from /opt/airflow/dags/my_dag.py
[2023-10-03T07:44:23.502+0000] {processor.py:839} INFO - DAG(s) dict_keys(['my_dag']) retrieved from /opt/airflow/dags/my_dag.py
[2023-10-03T07:44:23.520+0000] {logging_mixin.py:151} INFO - [2023-10-03T07:44:23.520+0000] {dag.py:2915} INFO - Sync 1 DAGs
[2023-10-03T07:44:23.549+0000] {logging_mixin.py:151} INFO - [2023-10-03T07:44:23.549+0000] {dag.py:3696} INFO - Setting next_dagrun for my_dag to 2023-10-02T00:00:00+00:00, run_after=2023-10-03T00:00:00+00:00
[2023-10-03T07:44:23.559+0000] {processor.py:179} INFO - Processing /opt/airflow/dags/my_dag.py took 0.076 seconds
[2023-10-03T07:44:53.991+0000] {processor.py:157} INFO - Started process (PID=150) to work on /opt/airflow/dags/my_dag.py
[2023-10-03T07:44:53.992+0000] {processor.py:829} INFO - Processing file /opt/airflow/dags/my_dag.py for tasks to queue
[2023-10-03T07:44:53.994+0000] {logging_mixin.py:151} INFO - [2023-10-03T07:44:53.994+0000] {dagbag.py:539} INFO - Filling up the DagBag from /opt/airflow/dags/my_dag.py
[2023-10-03T07:44:54.006+0000] {processor.py:839} INFO - DAG(s) dict_keys(['my_dag']) retrieved from /opt/airflow/dags/my_dag.py
[2023-10-03T07:44:54.031+0000] {logging_mixin.py:151} INFO - [2023-10-03T07:44:54.031+0000] {dag.py:2915} INFO - Sync 1 DAGs
[2023-10-03T07:44:54.058+0000] {logging_mixin.py:151} INFO - [2023-10-03T07:44:54.058+0000] {dag.py:3696} INFO - Setting next_dagrun for my_dag to 2023-10-02T00:00:00+00:00, run_after=2023-10-03T00:00:00+00:00
[2023-10-03T07:44:54.069+0000] {processor.py:179} INFO - Processing /opt/airflow/dags/my_dag.py took 0.083 seconds
[2023-10-03T07:45:24.453+0000] {processor.py:157} INFO - Started process (PID=209) to work on /opt/airflow/dags/my_dag.py
[2023-10-03T07:45:24.454+0000] {processor.py:829} INFO - Processing file /opt/airflow/dags/my_dag.py for tasks to queue
[2023-10-03T07:45:24.457+0000] {logging_mixin.py:151} INFO - [2023-10-03T07:45:24.457+0000] {dagbag.py:539} INFO - Filling up the DagBag from /opt/airflow/dags/my_dag.py
[2023-10-03T07:45:24.471+0000] {processor.py:839} INFO - DAG(s) dict_keys(['my_dag']) retrieved from /opt/airflow/dags/my_dag.py
[2023-10-03T07:45:24.491+0000] {logging_mixin.py:151} INFO - [2023-10-03T07:45:24.491+0000] {dag.py:2915} INFO - Sync 1 DAGs
[2023-10-03T07:45:24.511+0000] {logging_mixin.py:151} INFO - [2023-10-03T07:45:24.511+0000] {dag.py:3696} INFO - Setting next_dagrun for my_dag to 2023-10-02T00:00:00+00:00, run_after=2023-10-03T00:00:00+00:00
[2023-10-03T07:45:24.523+0000] {processor.py:179} INFO - Processing /opt/airflow/dags/my_dag.py took 0.079 seconds
[2023-10-03T07:45:54.945+0000] {processor.py:157} INFO - Started process (PID=268) to work on /opt/airflow/dags/my_dag.py
[2023-10-03T07:45:54.947+0000] {processor.py:829} INFO - Processing file /opt/airflow/dags/my_dag.py for tasks to queue
[2023-10-03T07:45:54.950+0000] {logging_mixin.py:151} INFO - [2023-10-03T07:45:54.949+0000] {dagbag.py:539} INFO - Filling up the DagBag from /opt/airflow/dags/my_dag.py
[2023-10-03T07:45:54.963+0000] {processor.py:839} INFO - DAG(s) dict_keys(['my_dag']) retrieved from /opt/airflow/dags/my_dag.py
[2023-10-03T07:45:54.985+0000] {logging_mixin.py:151} INFO - [2023-10-03T07:45:54.984+0000] {dag.py:2915} INFO - Sync 1 DAGs
[2023-10-03T07:45:55.027+0000] {logging_mixin.py:151} INFO - [2023-10-03T07:45:55.026+0000] {dag.py:3696} INFO - Setting next_dagrun for my_dag to 2023-10-02T00:00:00+00:00, run_after=2023-10-03T00:00:00+00:00
[2023-10-03T07:45:55.043+0000] {processor.py:179} INFO - Processing /opt/airflow/dags/my_dag.py took 0.103 seconds
[2023-10-03T07:50:24.078+0000] {processor.py:157} INFO - Started process (PID=34) to work on /opt/airflow/dags/my_dag.py
[2023-10-03T07:50:24.082+0000] {processor.py:829} INFO - Processing file /opt/airflow/dags/my_dag.py for tasks to queue
[2023-10-03T07:50:24.084+0000] {logging_mixin.py:151} INFO - [2023-10-03T07:50:24.084+0000] {dagbag.py:539} INFO - Filling up the DagBag from /opt/airflow/dags/my_dag.py
[2023-10-03T07:50:24.096+0000] {processor.py:839} INFO - DAG(s) dict_keys(['my_dag']) retrieved from /opt/airflow/dags/my_dag.py
[2023-10-03T07:50:24.159+0000] {logging_mixin.py:151} INFO - [2023-10-03T07:50:24.158+0000] {security.py:708} INFO - Not syncing DAG-level permissions for DAG 'DAG:my_dag' as access control is unset.
[2023-10-03T07:50:24.159+0000] {logging_mixin.py:151} INFO - [2023-10-03T07:50:24.159+0000] {dag.py:2915} INFO - Sync 1 DAGs
[2023-10-03T07:50:24.171+0000] {logging_mixin.py:151} INFO - [2023-10-03T07:50:24.171+0000] {dag.py:3696} INFO - Setting next_dagrun for my_dag to 2023-10-02T00:00:00+00:00, run_after=2023-10-03T00:00:00+00:00
[2023-10-03T07:50:24.183+0000] {processor.py:179} INFO - Processing /opt/airflow/dags/my_dag.py took 0.108 seconds
[2023-10-03T07:50:55.132+0000] {processor.py:157} INFO - Started process (PID=92) to work on /opt/airflow/dags/my_dag.py
[2023-10-03T07:50:55.133+0000] {processor.py:829} INFO - Processing file /opt/airflow/dags/my_dag.py for tasks to queue
[2023-10-03T07:50:55.135+0000] {logging_mixin.py:151} INFO - [2023-10-03T07:50:55.135+0000] {dagbag.py:539} INFO - Filling up the DagBag from /opt/airflow/dags/my_dag.py
[2023-10-03T07:50:55.144+0000] {processor.py:839} INFO - DAG(s) dict_keys(['my_dag']) retrieved from /opt/airflow/dags/my_dag.py
[2023-10-03T07:50:55.170+0000] {logging_mixin.py:151} INFO - [2023-10-03T07:50:55.169+0000] {dag.py:2915} INFO - Sync 1 DAGs
[2023-10-03T07:50:55.185+0000] {logging_mixin.py:151} INFO - [2023-10-03T07:50:55.185+0000] {dag.py:3696} INFO - Setting next_dagrun for my_dag to 2023-10-02T00:00:00+00:00, run_after=2023-10-03T00:00:00+00:00
[2023-10-03T07:50:55.195+0000] {processor.py:179} INFO - Processing /opt/airflow/dags/my_dag.py took 0.067 seconds
[2023-10-03T07:51:25.969+0000] {processor.py:157} INFO - Started process (PID=151) to work on /opt/airflow/dags/my_dag.py
[2023-10-03T07:51:25.972+0000] {processor.py:829} INFO - Processing file /opt/airflow/dags/my_dag.py for tasks to queue
[2023-10-03T07:51:25.974+0000] {logging_mixin.py:151} INFO - [2023-10-03T07:51:25.974+0000] {dagbag.py:539} INFO - Filling up the DagBag from /opt/airflow/dags/my_dag.py
[2023-10-03T07:51:25.985+0000] {processor.py:839} INFO - DAG(s) dict_keys(['my_dag']) retrieved from /opt/airflow/dags/my_dag.py
[2023-10-03T07:51:26.014+0000] {logging_mixin.py:151} INFO - [2023-10-03T07:51:26.014+0000] {dag.py:2915} INFO - Sync 1 DAGs
[2023-10-03T07:51:26.032+0000] {logging_mixin.py:151} INFO - [2023-10-03T07:51:26.032+0000] {dag.py:3696} INFO - Setting next_dagrun for my_dag to 2023-10-02T00:00:00+00:00, run_after=2023-10-03T00:00:00+00:00
[2023-10-03T07:51:26.053+0000] {processor.py:179} INFO - Processing /opt/airflow/dags/my_dag.py took 0.091 seconds
[2023-10-03T07:57:12.135+0000] {processor.py:157} INFO - Started process (PID=34) to work on /opt/airflow/dags/my_dag.py
[2023-10-03T07:57:12.136+0000] {processor.py:829} INFO - Processing file /opt/airflow/dags/my_dag.py for tasks to queue
[2023-10-03T07:57:12.138+0000] {logging_mixin.py:151} INFO - [2023-10-03T07:57:12.138+0000] {dagbag.py:539} INFO - Filling up the DagBag from /opt/airflow/dags/my_dag.py
[2023-10-03T07:57:12.145+0000] {processor.py:839} INFO - DAG(s) dict_keys(['my_dag']) retrieved from /opt/airflow/dags/my_dag.py
[2023-10-03T07:57:12.205+0000] {logging_mixin.py:151} INFO - [2023-10-03T07:57:12.205+0000] {security.py:708} INFO - Not syncing DAG-level permissions for DAG 'DAG:my_dag' as access control is unset.
[2023-10-03T07:57:12.206+0000] {logging_mixin.py:151} INFO - [2023-10-03T07:57:12.205+0000] {dag.py:2915} INFO - Sync 1 DAGs
[2023-10-03T07:57:12.222+0000] {logging_mixin.py:151} INFO - [2023-10-03T07:57:12.222+0000] {dag.py:3696} INFO - Setting next_dagrun for my_dag to 2023-10-02T00:00:00+00:00, run_after=2023-10-03T00:00:00+00:00
[2023-10-03T07:57:12.235+0000] {processor.py:179} INFO - Processing /opt/airflow/dags/my_dag.py took 0.103 seconds
[2023-10-03T07:57:42.493+0000] {processor.py:157} INFO - Started process (PID=94) to work on /opt/airflow/dags/my_dag.py
[2023-10-03T07:57:42.494+0000] {processor.py:829} INFO - Processing file /opt/airflow/dags/my_dag.py for tasks to queue
[2023-10-03T07:57:42.496+0000] {logging_mixin.py:151} INFO - [2023-10-03T07:57:42.496+0000] {dagbag.py:539} INFO - Filling up the DagBag from /opt/airflow/dags/my_dag.py
[2023-10-03T07:57:42.502+0000] {processor.py:839} INFO - DAG(s) dict_keys(['my_dag']) retrieved from /opt/airflow/dags/my_dag.py
[2023-10-03T07:57:42.512+0000] {logging_mixin.py:151} INFO - [2023-10-03T07:57:42.512+0000] {dag.py:2915} INFO - Sync 1 DAGs
[2023-10-03T07:57:42.522+0000] {logging_mixin.py:151} INFO - [2023-10-03T07:57:42.522+0000] {dag.py:3696} INFO - Setting next_dagrun for my_dag to 2023-10-02T00:00:00+00:00, run_after=2023-10-03T00:00:00+00:00
[2023-10-03T07:57:42.530+0000] {processor.py:179} INFO - Processing /opt/airflow/dags/my_dag.py took 0.039 seconds
[2023-10-03T07:58:12.918+0000] {processor.py:157} INFO - Started process (PID=153) to work on /opt/airflow/dags/my_dag.py
[2023-10-03T07:58:12.918+0000] {processor.py:829} INFO - Processing file /opt/airflow/dags/my_dag.py for tasks to queue
[2023-10-03T07:58:12.920+0000] {logging_mixin.py:151} INFO - [2023-10-03T07:58:12.920+0000] {dagbag.py:539} INFO - Filling up the DagBag from /opt/airflow/dags/my_dag.py
[2023-10-03T07:58:12.925+0000] {processor.py:839} INFO - DAG(s) dict_keys(['my_dag']) retrieved from /opt/airflow/dags/my_dag.py
[2023-10-03T07:58:12.936+0000] {logging_mixin.py:151} INFO - [2023-10-03T07:58:12.936+0000] {dag.py:2915} INFO - Sync 1 DAGs
[2023-10-03T07:58:12.947+0000] {logging_mixin.py:151} INFO - [2023-10-03T07:58:12.947+0000] {dag.py:3696} INFO - Setting next_dagrun for my_dag to 2023-10-02T00:00:00+00:00, run_after=2023-10-03T00:00:00+00:00
[2023-10-03T07:58:12.955+0000] {processor.py:179} INFO - Processing /opt/airflow/dags/my_dag.py took 0.039 seconds
[2023-10-03T07:58:43.137+0000] {processor.py:157} INFO - Started process (PID=211) to work on /opt/airflow/dags/my_dag.py
[2023-10-03T07:58:43.138+0000] {processor.py:829} INFO - Processing file /opt/airflow/dags/my_dag.py for tasks to queue
[2023-10-03T07:58:43.139+0000] {logging_mixin.py:151} INFO - [2023-10-03T07:58:43.139+0000] {dagbag.py:539} INFO - Filling up the DagBag from /opt/airflow/dags/my_dag.py
[2023-10-03T07:58:43.145+0000] {processor.py:839} INFO - DAG(s) dict_keys(['my_dag']) retrieved from /opt/airflow/dags/my_dag.py
[2023-10-03T07:58:43.156+0000] {logging_mixin.py:151} INFO - [2023-10-03T07:58:43.156+0000] {dag.py:2915} INFO - Sync 1 DAGs
[2023-10-03T07:58:43.167+0000] {logging_mixin.py:151} INFO - [2023-10-03T07:58:43.167+0000] {dag.py:3696} INFO - Setting next_dagrun for my_dag to 2023-10-02T00:00:00+00:00, run_after=2023-10-03T00:00:00+00:00
[2023-10-03T07:58:43.174+0000] {processor.py:179} INFO - Processing /opt/airflow/dags/my_dag.py took 0.040 seconds
[2023-10-03T07:59:13.377+0000] {processor.py:157} INFO - Started process (PID=270) to work on /opt/airflow/dags/my_dag.py
[2023-10-03T07:59:13.378+0000] {processor.py:829} INFO - Processing file /opt/airflow/dags/my_dag.py for tasks to queue
[2023-10-03T07:59:13.379+0000] {logging_mixin.py:151} INFO - [2023-10-03T07:59:13.379+0000] {dagbag.py:539} INFO - Filling up the DagBag from /opt/airflow/dags/my_dag.py
[2023-10-03T07:59:13.385+0000] {processor.py:839} INFO - DAG(s) dict_keys(['my_dag']) retrieved from /opt/airflow/dags/my_dag.py
[2023-10-03T07:59:13.396+0000] {logging_mixin.py:151} INFO - [2023-10-03T07:59:13.396+0000] {dag.py:2915} INFO - Sync 1 DAGs
[2023-10-03T07:59:13.408+0000] {logging_mixin.py:151} INFO - [2023-10-03T07:59:13.408+0000] {dag.py:3696} INFO - Setting next_dagrun for my_dag to 2023-10-02T00:00:00+00:00, run_after=2023-10-03T00:00:00+00:00
[2023-10-03T07:59:13.415+0000] {processor.py:179} INFO - Processing /opt/airflow/dags/my_dag.py took 0.040 seconds
[2023-10-03T07:59:44.054+0000] {processor.py:157} INFO - Started process (PID=329) to work on /opt/airflow/dags/my_dag.py
[2023-10-03T07:59:44.055+0000] {processor.py:829} INFO - Processing file /opt/airflow/dags/my_dag.py for tasks to queue
[2023-10-03T07:59:44.056+0000] {logging_mixin.py:151} INFO - [2023-10-03T07:59:44.056+0000] {dagbag.py:539} INFO - Filling up the DagBag from /opt/airflow/dags/my_dag.py
[2023-10-03T07:59:44.062+0000] {processor.py:839} INFO - DAG(s) dict_keys(['my_dag']) retrieved from /opt/airflow/dags/my_dag.py
[2023-10-03T07:59:44.072+0000] {logging_mixin.py:151} INFO - [2023-10-03T07:59:44.072+0000] {dag.py:2915} INFO - Sync 1 DAGs
[2023-10-03T07:59:44.083+0000] {logging_mixin.py:151} INFO - [2023-10-03T07:59:44.083+0000] {dag.py:3696} INFO - Setting next_dagrun for my_dag to 2023-10-02T00:00:00+00:00, run_after=2023-10-03T00:00:00+00:00
[2023-10-03T07:59:44.089+0000] {processor.py:179} INFO - Processing /opt/airflow/dags/my_dag.py took 0.037 seconds
[2023-10-03T08:00:14.308+0000] {processor.py:157} INFO - Started process (PID=388) to work on /opt/airflow/dags/my_dag.py
[2023-10-03T08:00:14.309+0000] {processor.py:829} INFO - Processing file /opt/airflow/dags/my_dag.py for tasks to queue
[2023-10-03T08:00:14.310+0000] {logging_mixin.py:151} INFO - [2023-10-03T08:00:14.310+0000] {dagbag.py:539} INFO - Filling up the DagBag from /opt/airflow/dags/my_dag.py
[2023-10-03T08:00:14.316+0000] {processor.py:839} INFO - DAG(s) dict_keys(['my_dag']) retrieved from /opt/airflow/dags/my_dag.py
[2023-10-03T08:00:14.326+0000] {logging_mixin.py:151} INFO - [2023-10-03T08:00:14.326+0000] {dag.py:2915} INFO - Sync 1 DAGs
[2023-10-03T08:00:14.337+0000] {logging_mixin.py:151} INFO - [2023-10-03T08:00:14.337+0000] {dag.py:3696} INFO - Setting next_dagrun for my_dag to 2023-10-02T00:00:00+00:00, run_after=2023-10-03T00:00:00+00:00
[2023-10-03T08:00:14.343+0000] {processor.py:179} INFO - Processing /opt/airflow/dags/my_dag.py took 0.038 seconds
[2023-10-03T08:00:44.597+0000] {processor.py:157} INFO - Started process (PID=447) to work on /opt/airflow/dags/my_dag.py
[2023-10-03T08:00:44.598+0000] {processor.py:829} INFO - Processing file /opt/airflow/dags/my_dag.py for tasks to queue
[2023-10-03T08:00:44.600+0000] {logging_mixin.py:151} INFO - [2023-10-03T08:00:44.599+0000] {dagbag.py:539} INFO - Filling up the DagBag from /opt/airflow/dags/my_dag.py
[2023-10-03T08:00:44.606+0000] {processor.py:839} INFO - DAG(s) dict_keys(['my_dag']) retrieved from /opt/airflow/dags/my_dag.py
[2023-10-03T08:00:44.617+0000] {logging_mixin.py:151} INFO - [2023-10-03T08:00:44.617+0000] {dag.py:2915} INFO - Sync 1 DAGs
[2023-10-03T08:00:44.628+0000] {logging_mixin.py:151} INFO - [2023-10-03T08:00:44.628+0000] {dag.py:3696} INFO - Setting next_dagrun for my_dag to 2023-10-02T00:00:00+00:00, run_after=2023-10-03T00:00:00+00:00
[2023-10-03T08:00:44.635+0000] {processor.py:179} INFO - Processing /opt/airflow/dags/my_dag.py took 0.040 seconds
[2023-10-03T08:01:15.436+0000] {processor.py:157} INFO - Started process (PID=505) to work on /opt/airflow/dags/my_dag.py
[2023-10-03T08:01:15.436+0000] {processor.py:829} INFO - Processing file /opt/airflow/dags/my_dag.py for tasks to queue
[2023-10-03T08:01:15.438+0000] {logging_mixin.py:151} INFO - [2023-10-03T08:01:15.438+0000] {dagbag.py:539} INFO - Filling up the DagBag from /opt/airflow/dags/my_dag.py
[2023-10-03T08:01:15.445+0000] {processor.py:839} INFO - DAG(s) dict_keys(['my_dag']) retrieved from /opt/airflow/dags/my_dag.py
[2023-10-03T08:01:15.458+0000] {logging_mixin.py:151} INFO - [2023-10-03T08:01:15.458+0000] {dag.py:2915} INFO - Sync 1 DAGs
[2023-10-03T08:01:15.470+0000] {logging_mixin.py:151} INFO - [2023-10-03T08:01:15.470+0000] {dag.py:3696} INFO - Setting next_dagrun for my_dag to 2023-10-02T00:00:00+00:00, run_after=2023-10-03T00:00:00+00:00
[2023-10-03T08:01:15.478+0000] {processor.py:179} INFO - Processing /opt/airflow/dags/my_dag.py took 0.046 seconds
[2023-10-03T08:01:45.529+0000] {processor.py:157} INFO - Started process (PID=563) to work on /opt/airflow/dags/my_dag.py
[2023-10-03T08:01:45.531+0000] {processor.py:829} INFO - Processing file /opt/airflow/dags/my_dag.py for tasks to queue
[2023-10-03T08:01:45.534+0000] {logging_mixin.py:151} INFO - [2023-10-03T08:01:45.533+0000] {dagbag.py:539} INFO - Filling up the DagBag from /opt/airflow/dags/my_dag.py
[2023-10-03T08:01:45.543+0000] {processor.py:839} INFO - DAG(s) dict_keys(['my_dag']) retrieved from /opt/airflow/dags/my_dag.py
[2023-10-03T08:01:45.571+0000] {logging_mixin.py:151} INFO - [2023-10-03T08:01:45.571+0000] {dag.py:2915} INFO - Sync 1 DAGs
[2023-10-03T08:01:45.588+0000] {logging_mixin.py:151} INFO - [2023-10-03T08:01:45.588+0000] {dag.py:3696} INFO - Setting next_dagrun for my_dag to 2023-10-02T00:00:00+00:00, run_after=2023-10-03T00:00:00+00:00
[2023-10-03T08:01:45.598+0000] {processor.py:179} INFO - Processing /opt/airflow/dags/my_dag.py took 0.073 seconds
[2023-10-03T08:02:15.771+0000] {processor.py:157} INFO - Started process (PID=622) to work on /opt/airflow/dags/my_dag.py
[2023-10-03T08:02:15.773+0000] {processor.py:829} INFO - Processing file /opt/airflow/dags/my_dag.py for tasks to queue
[2023-10-03T08:02:15.776+0000] {logging_mixin.py:151} INFO - [2023-10-03T08:02:15.775+0000] {dagbag.py:539} INFO - Filling up the DagBag from /opt/airflow/dags/my_dag.py
[2023-10-03T08:02:15.783+0000] {processor.py:839} INFO - DAG(s) dict_keys(['my_dag']) retrieved from /opt/airflow/dags/my_dag.py
[2023-10-03T08:02:15.795+0000] {logging_mixin.py:151} INFO - [2023-10-03T08:02:15.795+0000] {dag.py:2915} INFO - Sync 1 DAGs
[2023-10-03T08:02:15.807+0000] {logging_mixin.py:151} INFO - [2023-10-03T08:02:15.806+0000] {dag.py:3696} INFO - Setting next_dagrun for my_dag to 2023-10-02T00:00:00+00:00, run_after=2023-10-03T00:00:00+00:00
[2023-10-03T08:02:15.814+0000] {processor.py:179} INFO - Processing /opt/airflow/dags/my_dag.py took 0.045 seconds
[2023-10-03T08:02:46.191+0000] {processor.py:157} INFO - Started process (PID=681) to work on /opt/airflow/dags/my_dag.py
[2023-10-03T08:02:46.192+0000] {processor.py:829} INFO - Processing file /opt/airflow/dags/my_dag.py for tasks to queue
[2023-10-03T08:02:46.193+0000] {logging_mixin.py:151} INFO - [2023-10-03T08:02:46.193+0000] {dagbag.py:539} INFO - Filling up the DagBag from /opt/airflow/dags/my_dag.py
[2023-10-03T08:02:46.198+0000] {processor.py:839} INFO - DAG(s) dict_keys(['my_dag']) retrieved from /opt/airflow/dags/my_dag.py
[2023-10-03T08:02:46.210+0000] {logging_mixin.py:151} INFO - [2023-10-03T08:02:46.210+0000] {dag.py:2915} INFO - Sync 1 DAGs
[2023-10-03T08:02:46.220+0000] {logging_mixin.py:151} INFO - [2023-10-03T08:02:46.220+0000] {dag.py:3696} INFO - Setting next_dagrun for my_dag to 2023-10-02T00:00:00+00:00, run_after=2023-10-03T00:00:00+00:00
[2023-10-03T08:02:46.227+0000] {processor.py:179} INFO - Processing /opt/airflow/dags/my_dag.py took 0.038 seconds
[2023-10-03T08:03:16.674+0000] {processor.py:157} INFO - Started process (PID=740) to work on /opt/airflow/dags/my_dag.py
[2023-10-03T08:03:16.675+0000] {processor.py:829} INFO - Processing file /opt/airflow/dags/my_dag.py for tasks to queue
[2023-10-03T08:03:16.677+0000] {logging_mixin.py:151} INFO - [2023-10-03T08:03:16.677+0000] {dagbag.py:539} INFO - Filling up the DagBag from /opt/airflow/dags/my_dag.py
[2023-10-03T08:03:16.683+0000] {processor.py:839} INFO - DAG(s) dict_keys(['my_dag']) retrieved from /opt/airflow/dags/my_dag.py
[2023-10-03T08:03:16.696+0000] {logging_mixin.py:151} INFO - [2023-10-03T08:03:16.696+0000] {dag.py:2915} INFO - Sync 1 DAGs
[2023-10-03T08:03:16.707+0000] {logging_mixin.py:151} INFO - [2023-10-03T08:03:16.707+0000] {dag.py:3696} INFO - Setting next_dagrun for my_dag to 2023-10-02T00:00:00+00:00, run_after=2023-10-03T00:00:00+00:00
[2023-10-03T08:03:16.714+0000] {processor.py:179} INFO - Processing /opt/airflow/dags/my_dag.py took 0.042 seconds
[2023-10-03T08:03:47.062+0000] {processor.py:157} INFO - Started process (PID=799) to work on /opt/airflow/dags/my_dag.py
[2023-10-03T08:03:47.063+0000] {processor.py:829} INFO - Processing file /opt/airflow/dags/my_dag.py for tasks to queue
[2023-10-03T08:03:47.064+0000] {logging_mixin.py:151} INFO - [2023-10-03T08:03:47.064+0000] {dagbag.py:539} INFO - Filling up the DagBag from /opt/airflow/dags/my_dag.py
[2023-10-03T08:03:47.070+0000] {processor.py:839} INFO - DAG(s) dict_keys(['my_dag']) retrieved from /opt/airflow/dags/my_dag.py
[2023-10-03T08:03:47.082+0000] {logging_mixin.py:151} INFO - [2023-10-03T08:03:47.081+0000] {dag.py:2915} INFO - Sync 1 DAGs
[2023-10-03T08:03:47.092+0000] {logging_mixin.py:151} INFO - [2023-10-03T08:03:47.092+0000] {dag.py:3696} INFO - Setting next_dagrun for my_dag to 2023-10-02T00:00:00+00:00, run_after=2023-10-03T00:00:00+00:00
[2023-10-03T08:03:47.099+0000] {processor.py:179} INFO - Processing /opt/airflow/dags/my_dag.py took 0.040 seconds
[2023-10-03T08:04:17.341+0000] {processor.py:157} INFO - Started process (PID=858) to work on /opt/airflow/dags/my_dag.py
[2023-10-03T08:04:17.341+0000] {processor.py:829} INFO - Processing file /opt/airflow/dags/my_dag.py for tasks to queue
[2023-10-03T08:04:17.343+0000] {logging_mixin.py:151} INFO - [2023-10-03T08:04:17.343+0000] {dagbag.py:539} INFO - Filling up the DagBag from /opt/airflow/dags/my_dag.py
[2023-10-03T08:04:17.349+0000] {processor.py:839} INFO - DAG(s) dict_keys(['my_dag']) retrieved from /opt/airflow/dags/my_dag.py
[2023-10-03T08:04:17.360+0000] {logging_mixin.py:151} INFO - [2023-10-03T08:04:17.360+0000] {dag.py:2915} INFO - Sync 1 DAGs
[2023-10-03T08:04:17.370+0000] {logging_mixin.py:151} INFO - [2023-10-03T08:04:17.370+0000] {dag.py:3696} INFO - Setting next_dagrun for my_dag to 2023-10-02T00:00:00+00:00, run_after=2023-10-03T00:00:00+00:00
[2023-10-03T08:04:17.378+0000] {processor.py:179} INFO - Processing /opt/airflow/dags/my_dag.py took 0.041 seconds
[2023-10-03T08:04:48.439+0000] {processor.py:157} INFO - Started process (PID=919) to work on /opt/airflow/dags/my_dag.py
[2023-10-03T08:04:48.440+0000] {processor.py:829} INFO - Processing file /opt/airflow/dags/my_dag.py for tasks to queue
[2023-10-03T08:04:48.441+0000] {logging_mixin.py:151} INFO - [2023-10-03T08:04:48.441+0000] {dagbag.py:539} INFO - Filling up the DagBag from /opt/airflow/dags/my_dag.py
[2023-10-03T08:04:48.447+0000] {processor.py:839} INFO - DAG(s) dict_keys(['my_dag']) retrieved from /opt/airflow/dags/my_dag.py
[2023-10-03T08:04:48.459+0000] {logging_mixin.py:151} INFO - [2023-10-03T08:04:48.459+0000] {dag.py:2915} INFO - Sync 1 DAGs
[2023-10-03T08:04:48.472+0000] {logging_mixin.py:151} INFO - [2023-10-03T08:04:48.472+0000] {dag.py:3696} INFO - Setting next_dagrun for my_dag to 2023-10-02T00:00:00+00:00, run_after=2023-10-03T00:00:00+00:00
[2023-10-03T08:04:48.481+0000] {processor.py:179} INFO - Processing /opt/airflow/dags/my_dag.py took 0.044 seconds
[2023-10-03T08:05:19.388+0000] {processor.py:157} INFO - Started process (PID=977) to work on /opt/airflow/dags/my_dag.py
[2023-10-03T08:05:19.389+0000] {processor.py:829} INFO - Processing file /opt/airflow/dags/my_dag.py for tasks to queue
[2023-10-03T08:05:19.391+0000] {logging_mixin.py:151} INFO - [2023-10-03T08:05:19.390+0000] {dagbag.py:539} INFO - Filling up the DagBag from /opt/airflow/dags/my_dag.py
[2023-10-03T08:05:19.397+0000] {processor.py:839} INFO - DAG(s) dict_keys(['my_dag']) retrieved from /opt/airflow/dags/my_dag.py
[2023-10-03T08:05:19.410+0000] {logging_mixin.py:151} INFO - [2023-10-03T08:05:19.410+0000] {dag.py:2915} INFO - Sync 1 DAGs
[2023-10-03T08:05:19.421+0000] {logging_mixin.py:151} INFO - [2023-10-03T08:05:19.421+0000] {dag.py:3696} INFO - Setting next_dagrun for my_dag to 2023-10-02T00:00:00+00:00, run_after=2023-10-03T00:00:00+00:00
[2023-10-03T08:05:19.430+0000] {processor.py:179} INFO - Processing /opt/airflow/dags/my_dag.py took 0.045 seconds
[2023-10-03T08:05:49.589+0000] {processor.py:157} INFO - Started process (PID=1035) to work on /opt/airflow/dags/my_dag.py
[2023-10-03T08:05:49.590+0000] {processor.py:829} INFO - Processing file /opt/airflow/dags/my_dag.py for tasks to queue
[2023-10-03T08:05:49.592+0000] {logging_mixin.py:151} INFO - [2023-10-03T08:05:49.592+0000] {dagbag.py:539} INFO - Filling up the DagBag from /opt/airflow/dags/my_dag.py
[2023-10-03T08:05:49.598+0000] {processor.py:839} INFO - DAG(s) dict_keys(['my_dag']) retrieved from /opt/airflow/dags/my_dag.py
[2023-10-03T08:05:49.612+0000] {logging_mixin.py:151} INFO - [2023-10-03T08:05:49.612+0000] {dag.py:2915} INFO - Sync 1 DAGs
[2023-10-03T08:05:49.625+0000] {logging_mixin.py:151} INFO - [2023-10-03T08:05:49.625+0000] {dag.py:3696} INFO - Setting next_dagrun for my_dag to 2023-10-02T00:00:00+00:00, run_after=2023-10-03T00:00:00+00:00
[2023-10-03T08:05:49.640+0000] {processor.py:179} INFO - Processing /opt/airflow/dags/my_dag.py took 0.053 seconds
[2023-10-03T08:06:19.816+0000] {processor.py:157} INFO - Started process (PID=1094) to work on /opt/airflow/dags/my_dag.py
[2023-10-03T08:06:19.818+0000] {processor.py:829} INFO - Processing file /opt/airflow/dags/my_dag.py for tasks to queue
[2023-10-03T08:06:19.823+0000] {logging_mixin.py:151} INFO - [2023-10-03T08:06:19.823+0000] {dagbag.py:539} INFO - Filling up the DagBag from /opt/airflow/dags/my_dag.py
[2023-10-03T08:06:19.836+0000] {processor.py:839} INFO - DAG(s) dict_keys(['my_dag']) retrieved from /opt/airflow/dags/my_dag.py
[2023-10-03T08:06:19.851+0000] {logging_mixin.py:151} INFO - [2023-10-03T08:06:19.851+0000] {dag.py:2915} INFO - Sync 1 DAGs
[2023-10-03T08:06:19.865+0000] {logging_mixin.py:151} INFO - [2023-10-03T08:06:19.865+0000] {dag.py:3696} INFO - Setting next_dagrun for my_dag to 2023-10-02T00:00:00+00:00, run_after=2023-10-03T00:00:00+00:00
[2023-10-03T08:06:19.872+0000] {processor.py:179} INFO - Processing /opt/airflow/dags/my_dag.py took 0.065 seconds
[2023-10-03T08:06:50.011+0000] {processor.py:157} INFO - Started process (PID=1153) to work on /opt/airflow/dags/my_dag.py
[2023-10-03T08:06:50.013+0000] {processor.py:829} INFO - Processing file /opt/airflow/dags/my_dag.py for tasks to queue
[2023-10-03T08:06:50.017+0000] {logging_mixin.py:151} INFO - [2023-10-03T08:06:50.016+0000] {dagbag.py:539} INFO - Filling up the DagBag from /opt/airflow/dags/my_dag.py
[2023-10-03T08:06:50.029+0000] {processor.py:839} INFO - DAG(s) dict_keys(['my_dag']) retrieved from /opt/airflow/dags/my_dag.py
[2023-10-03T08:06:50.045+0000] {logging_mixin.py:151} INFO - [2023-10-03T08:06:50.045+0000] {dag.py:2915} INFO - Sync 1 DAGs
[2023-10-03T08:06:50.058+0000] {logging_mixin.py:151} INFO - [2023-10-03T08:06:50.058+0000] {dag.py:3696} INFO - Setting next_dagrun for my_dag to 2023-10-02T00:00:00+00:00, run_after=2023-10-03T00:00:00+00:00
[2023-10-03T08:06:50.068+0000] {processor.py:179} INFO - Processing /opt/airflow/dags/my_dag.py took 0.063 seconds
[2023-10-03T08:07:20.215+0000] {processor.py:157} INFO - Started process (PID=1212) to work on /opt/airflow/dags/my_dag.py
[2023-10-03T08:07:20.217+0000] {processor.py:829} INFO - Processing file /opt/airflow/dags/my_dag.py for tasks to queue
[2023-10-03T08:07:20.221+0000] {logging_mixin.py:151} INFO - [2023-10-03T08:07:20.220+0000] {dagbag.py:539} INFO - Filling up the DagBag from /opt/airflow/dags/my_dag.py
[2023-10-03T08:07:20.233+0000] {processor.py:839} INFO - DAG(s) dict_keys(['my_dag']) retrieved from /opt/airflow/dags/my_dag.py
[2023-10-03T08:07:20.250+0000] {logging_mixin.py:151} INFO - [2023-10-03T08:07:20.250+0000] {dag.py:2915} INFO - Sync 1 DAGs
[2023-10-03T08:07:20.268+0000] {logging_mixin.py:151} INFO - [2023-10-03T08:07:20.267+0000] {dag.py:3696} INFO - Setting next_dagrun for my_dag to 2023-10-02T00:00:00+00:00, run_after=2023-10-03T00:00:00+00:00
[2023-10-03T08:07:20.276+0000] {processor.py:179} INFO - Processing /opt/airflow/dags/my_dag.py took 0.067 seconds
[2023-10-03T08:07:51.199+0000] {processor.py:157} INFO - Started process (PID=1271) to work on /opt/airflow/dags/my_dag.py
[2023-10-03T08:07:51.201+0000] {processor.py:829} INFO - Processing file /opt/airflow/dags/my_dag.py for tasks to queue
[2023-10-03T08:07:51.205+0000] {logging_mixin.py:151} INFO - [2023-10-03T08:07:51.205+0000] {dagbag.py:539} INFO - Filling up the DagBag from /opt/airflow/dags/my_dag.py
[2023-10-03T08:07:51.218+0000] {processor.py:839} INFO - DAG(s) dict_keys(['my_dag']) retrieved from /opt/airflow/dags/my_dag.py
[2023-10-03T08:07:51.240+0000] {logging_mixin.py:151} INFO - [2023-10-03T08:07:51.240+0000] {dag.py:2915} INFO - Sync 1 DAGs
[2023-10-03T08:07:51.256+0000] {logging_mixin.py:151} INFO - [2023-10-03T08:07:51.256+0000] {dag.py:3696} INFO - Setting next_dagrun for my_dag to 2023-10-02T00:00:00+00:00, run_after=2023-10-03T00:00:00+00:00
[2023-10-03T08:07:51.264+0000] {processor.py:179} INFO - Processing /opt/airflow/dags/my_dag.py took 0.072 seconds
[2023-10-03T08:08:21.363+0000] {processor.py:157} INFO - Started process (PID=1330) to work on /opt/airflow/dags/my_dag.py
[2023-10-03T08:08:21.365+0000] {processor.py:829} INFO - Processing file /opt/airflow/dags/my_dag.py for tasks to queue
[2023-10-03T08:08:21.369+0000] {logging_mixin.py:151} INFO - [2023-10-03T08:08:21.369+0000] {dagbag.py:539} INFO - Filling up the DagBag from /opt/airflow/dags/my_dag.py
[2023-10-03T08:08:21.380+0000] {processor.py:839} INFO - DAG(s) dict_keys(['my_dag']) retrieved from /opt/airflow/dags/my_dag.py
[2023-10-03T08:08:21.396+0000] {logging_mixin.py:151} INFO - [2023-10-03T08:08:21.396+0000] {dag.py:2915} INFO - Sync 1 DAGs
[2023-10-03T08:08:21.409+0000] {logging_mixin.py:151} INFO - [2023-10-03T08:08:21.409+0000] {dag.py:3696} INFO - Setting next_dagrun for my_dag to 2023-10-02T00:00:00+00:00, run_after=2023-10-03T00:00:00+00:00
[2023-10-03T08:08:21.416+0000] {processor.py:179} INFO - Processing /opt/airflow/dags/my_dag.py took 0.059 seconds
[2023-10-03T08:08:51.764+0000] {processor.py:157} INFO - Started process (PID=1389) to work on /opt/airflow/dags/my_dag.py
[2023-10-03T08:08:51.766+0000] {processor.py:829} INFO - Processing file /opt/airflow/dags/my_dag.py for tasks to queue
[2023-10-03T08:08:51.770+0000] {logging_mixin.py:151} INFO - [2023-10-03T08:08:51.769+0000] {dagbag.py:539} INFO - Filling up the DagBag from /opt/airflow/dags/my_dag.py
[2023-10-03T08:08:51.781+0000] {processor.py:839} INFO - DAG(s) dict_keys(['my_dag']) retrieved from /opt/airflow/dags/my_dag.py
[2023-10-03T08:08:51.799+0000] {logging_mixin.py:151} INFO - [2023-10-03T08:08:51.798+0000] {dag.py:2915} INFO - Sync 1 DAGs
[2023-10-03T08:08:51.812+0000] {logging_mixin.py:151} INFO - [2023-10-03T08:08:51.812+0000] {dag.py:3696} INFO - Setting next_dagrun for my_dag to 2023-10-02T00:00:00+00:00, run_after=2023-10-03T00:00:00+00:00
[2023-10-03T08:08:51.821+0000] {processor.py:179} INFO - Processing /opt/airflow/dags/my_dag.py took 0.061 seconds
[2023-10-03T08:09:22.111+0000] {processor.py:157} INFO - Started process (PID=1448) to work on /opt/airflow/dags/my_dag.py
[2023-10-03T08:09:22.114+0000] {processor.py:829} INFO - Processing file /opt/airflow/dags/my_dag.py for tasks to queue
[2023-10-03T08:09:22.117+0000] {logging_mixin.py:151} INFO - [2023-10-03T08:09:22.117+0000] {dagbag.py:539} INFO - Filling up the DagBag from /opt/airflow/dags/my_dag.py
[2023-10-03T08:09:22.126+0000] {processor.py:839} INFO - DAG(s) dict_keys(['my_dag']) retrieved from /opt/airflow/dags/my_dag.py
[2023-10-03T08:09:22.142+0000] {logging_mixin.py:151} INFO - [2023-10-03T08:09:22.141+0000] {dag.py:2915} INFO - Sync 1 DAGs
[2023-10-03T08:09:22.153+0000] {logging_mixin.py:151} INFO - [2023-10-03T08:09:22.153+0000] {dag.py:3696} INFO - Setting next_dagrun for my_dag to 2023-10-02T00:00:00+00:00, run_after=2023-10-03T00:00:00+00:00
[2023-10-03T08:09:22.163+0000] {processor.py:179} INFO - Processing /opt/airflow/dags/my_dag.py took 0.058 seconds
[2023-10-03T08:09:52.627+0000] {processor.py:157} INFO - Started process (PID=1507) to work on /opt/airflow/dags/my_dag.py
[2023-10-03T08:09:52.628+0000] {processor.py:829} INFO - Processing file /opt/airflow/dags/my_dag.py for tasks to queue
[2023-10-03T08:09:52.634+0000] {logging_mixin.py:151} INFO - [2023-10-03T08:09:52.633+0000] {dagbag.py:539} INFO - Filling up the DagBag from /opt/airflow/dags/my_dag.py
[2023-10-03T08:09:52.644+0000] {processor.py:839} INFO - DAG(s) dict_keys(['my_dag']) retrieved from /opt/airflow/dags/my_dag.py
[2023-10-03T08:09:52.655+0000] {logging_mixin.py:151} INFO - [2023-10-03T08:09:52.655+0000] {dag.py:2915} INFO - Sync 1 DAGs
[2023-10-03T08:09:52.666+0000] {logging_mixin.py:151} INFO - [2023-10-03T08:09:52.666+0000] {dag.py:3696} INFO - Setting next_dagrun for my_dag to 2023-10-02T00:00:00+00:00, run_after=2023-10-03T00:00:00+00:00
[2023-10-03T08:09:52.675+0000] {processor.py:179} INFO - Processing /opt/airflow/dags/my_dag.py took 0.051 seconds
[2023-10-03T08:10:23.018+0000] {processor.py:157} INFO - Started process (PID=1566) to work on /opt/airflow/dags/my_dag.py
[2023-10-03T08:10:23.021+0000] {processor.py:829} INFO - Processing file /opt/airflow/dags/my_dag.py for tasks to queue
[2023-10-03T08:10:23.024+0000] {logging_mixin.py:151} INFO - [2023-10-03T08:10:23.024+0000] {dagbag.py:539} INFO - Filling up the DagBag from /opt/airflow/dags/my_dag.py
[2023-10-03T08:10:23.035+0000] {processor.py:839} INFO - DAG(s) dict_keys(['my_dag']) retrieved from /opt/airflow/dags/my_dag.py
[2023-10-03T08:10:23.092+0000] {logging_mixin.py:151} INFO - [2023-10-03T08:10:23.092+0000] {security.py:708} INFO - Not syncing DAG-level permissions for DAG 'DAG:my_dag' as access control is unset.
[2023-10-03T08:10:23.092+0000] {logging_mixin.py:151} INFO - [2023-10-03T08:10:23.092+0000] {dag.py:2915} INFO - Sync 1 DAGs
[2023-10-03T08:10:23.103+0000] {logging_mixin.py:151} INFO - [2023-10-03T08:10:23.103+0000] {dag.py:3696} INFO - Setting next_dagrun for my_dag to 2023-10-02T00:00:00+00:00, run_after=2023-10-03T00:00:00+00:00
[2023-10-03T08:10:23.112+0000] {processor.py:179} INFO - Processing /opt/airflow/dags/my_dag.py took 0.099 seconds
[2023-10-03T08:10:53.192+0000] {processor.py:157} INFO - Started process (PID=1625) to work on /opt/airflow/dags/my_dag.py
[2023-10-03T08:10:53.194+0000] {processor.py:829} INFO - Processing file /opt/airflow/dags/my_dag.py for tasks to queue
[2023-10-03T08:10:53.199+0000] {logging_mixin.py:151} INFO - [2023-10-03T08:10:53.199+0000] {dagbag.py:539} INFO - Filling up the DagBag from /opt/airflow/dags/my_dag.py
[2023-10-03T08:10:53.219+0000] {processor.py:839} INFO - DAG(s) dict_keys(['my_dag']) retrieved from /opt/airflow/dags/my_dag.py
[2023-10-03T08:10:53.254+0000] {logging_mixin.py:151} INFO - [2023-10-03T08:10:53.254+0000] {dag.py:2915} INFO - Sync 1 DAGs
[2023-10-03T08:10:53.293+0000] {logging_mixin.py:151} INFO - [2023-10-03T08:10:53.293+0000] {dag.py:3696} INFO - Setting next_dagrun for my_dag to 2023-10-02T00:00:00+00:00, run_after=2023-10-03T00:00:00+00:00
[2023-10-03T08:10:53.306+0000] {processor.py:179} INFO - Processing /opt/airflow/dags/my_dag.py took 0.120 seconds
[2023-10-03T08:11:23.683+0000] {processor.py:157} INFO - Started process (PID=1684) to work on /opt/airflow/dags/my_dag.py
[2023-10-03T08:11:23.685+0000] {processor.py:829} INFO - Processing file /opt/airflow/dags/my_dag.py for tasks to queue
[2023-10-03T08:11:23.689+0000] {logging_mixin.py:151} INFO - [2023-10-03T08:11:23.688+0000] {dagbag.py:539} INFO - Filling up the DagBag from /opt/airflow/dags/my_dag.py
[2023-10-03T08:11:23.699+0000] {processor.py:839} INFO - DAG(s) dict_keys(['my_dag']) retrieved from /opt/airflow/dags/my_dag.py
[2023-10-03T08:11:23.714+0000] {logging_mixin.py:151} INFO - [2023-10-03T08:11:23.714+0000] {dag.py:2915} INFO - Sync 1 DAGs
[2023-10-03T08:11:23.726+0000] {logging_mixin.py:151} INFO - [2023-10-03T08:11:23.726+0000] {dag.py:3696} INFO - Setting next_dagrun for my_dag to 2023-10-02T00:00:00+00:00, run_after=2023-10-03T00:00:00+00:00
[2023-10-03T08:11:23.734+0000] {processor.py:179} INFO - Processing /opt/airflow/dags/my_dag.py took 0.055 seconds
[2023-10-03T08:11:54.002+0000] {processor.py:157} INFO - Started process (PID=1743) to work on /opt/airflow/dags/my_dag.py
[2023-10-03T08:11:54.004+0000] {processor.py:829} INFO - Processing file /opt/airflow/dags/my_dag.py for tasks to queue
[2023-10-03T08:11:54.007+0000] {logging_mixin.py:151} INFO - [2023-10-03T08:11:54.007+0000] {dagbag.py:539} INFO - Filling up the DagBag from /opt/airflow/dags/my_dag.py
[2023-10-03T08:11:54.017+0000] {processor.py:839} INFO - DAG(s) dict_keys(['my_dag']) retrieved from /opt/airflow/dags/my_dag.py
[2023-10-03T08:11:54.032+0000] {logging_mixin.py:151} INFO - [2023-10-03T08:11:54.032+0000] {dag.py:2915} INFO - Sync 1 DAGs
[2023-10-03T08:11:54.045+0000] {logging_mixin.py:151} INFO - [2023-10-03T08:11:54.045+0000] {dag.py:3696} INFO - Setting next_dagrun for my_dag to 2023-10-02T00:00:00+00:00, run_after=2023-10-03T00:00:00+00:00
[2023-10-03T08:11:54.053+0000] {processor.py:179} INFO - Processing /opt/airflow/dags/my_dag.py took 0.056 seconds
[2023-10-03T08:12:24.635+0000] {processor.py:157} INFO - Started process (PID=1804) to work on /opt/airflow/dags/my_dag.py
[2023-10-03T08:12:24.636+0000] {processor.py:829} INFO - Processing file /opt/airflow/dags/my_dag.py for tasks to queue
[2023-10-03T08:12:24.639+0000] {logging_mixin.py:151} INFO - [2023-10-03T08:12:24.639+0000] {dagbag.py:539} INFO - Filling up the DagBag from /opt/airflow/dags/my_dag.py
[2023-10-03T08:12:24.651+0000] {processor.py:839} INFO - DAG(s) dict_keys(['my_dag']) retrieved from /opt/airflow/dags/my_dag.py
[2023-10-03T08:12:24.671+0000] {logging_mixin.py:151} INFO - [2023-10-03T08:12:24.671+0000] {dag.py:2915} INFO - Sync 1 DAGs
[2023-10-03T08:12:24.687+0000] {logging_mixin.py:151} INFO - [2023-10-03T08:12:24.687+0000] {dag.py:3696} INFO - Setting next_dagrun for my_dag to 2023-10-02T00:00:00+00:00, run_after=2023-10-03T00:00:00+00:00
[2023-10-03T08:12:24.696+0000] {processor.py:179} INFO - Processing /opt/airflow/dags/my_dag.py took 0.066 seconds
[2023-10-03T08:12:54.942+0000] {processor.py:157} INFO - Started process (PID=1864) to work on /opt/airflow/dags/my_dag.py
[2023-10-03T08:12:54.944+0000] {processor.py:829} INFO - Processing file /opt/airflow/dags/my_dag.py for tasks to queue
[2023-10-03T08:12:54.948+0000] {logging_mixin.py:151} INFO - [2023-10-03T08:12:54.947+0000] {dagbag.py:539} INFO - Filling up the DagBag from /opt/airflow/dags/my_dag.py
[2023-10-03T08:12:54.959+0000] {processor.py:839} INFO - DAG(s) dict_keys(['my_dag']) retrieved from /opt/airflow/dags/my_dag.py
[2023-10-03T08:12:54.975+0000] {logging_mixin.py:151} INFO - [2023-10-03T08:12:54.975+0000] {dag.py:2915} INFO - Sync 1 DAGs
[2023-10-03T08:12:54.990+0000] {logging_mixin.py:151} INFO - [2023-10-03T08:12:54.990+0000] {dag.py:3696} INFO - Setting next_dagrun for my_dag to 2023-10-02T00:00:00+00:00, run_after=2023-10-03T00:00:00+00:00
[2023-10-03T08:12:54.999+0000] {processor.py:179} INFO - Processing /opt/airflow/dags/my_dag.py took 0.062 seconds
[2023-10-03T08:13:35.082+0000] {processor.py:157} INFO - Started process (PID=34) to work on /opt/airflow/dags/my_dag.py
[2023-10-03T08:13:35.082+0000] {processor.py:829} INFO - Processing file /opt/airflow/dags/my_dag.py for tasks to queue
[2023-10-03T08:13:35.084+0000] {logging_mixin.py:151} INFO - [2023-10-03T08:13:35.084+0000] {dagbag.py:539} INFO - Filling up the DagBag from /opt/airflow/dags/my_dag.py
[2023-10-03T08:13:35.092+0000] {processor.py:839} INFO - DAG(s) dict_keys(['my_dag']) retrieved from /opt/airflow/dags/my_dag.py
[2023-10-03T08:13:35.156+0000] {logging_mixin.py:151} INFO - [2023-10-03T08:13:35.156+0000] {security.py:708} INFO - Not syncing DAG-level permissions for DAG 'DAG:my_dag' as access control is unset.
[2023-10-03T08:13:35.156+0000] {logging_mixin.py:151} INFO - [2023-10-03T08:13:35.156+0000] {dag.py:2915} INFO - Sync 1 DAGs
[2023-10-03T08:13:35.176+0000] {logging_mixin.py:151} INFO - [2023-10-03T08:13:35.176+0000] {dag.py:3696} INFO - Setting next_dagrun for my_dag to 2023-10-02T00:00:00+00:00, run_after=2023-10-03T00:00:00+00:00
[2023-10-03T08:13:35.190+0000] {processor.py:179} INFO - Processing /opt/airflow/dags/my_dag.py took 0.111 seconds
[2023-10-03T08:14:06.000+0000] {processor.py:157} INFO - Started process (PID=93) to work on /opt/airflow/dags/my_dag.py
[2023-10-03T08:14:06.001+0000] {processor.py:829} INFO - Processing file /opt/airflow/dags/my_dag.py for tasks to queue
[2023-10-03T08:14:06.002+0000] {logging_mixin.py:151} INFO - [2023-10-03T08:14:06.002+0000] {dagbag.py:539} INFO - Filling up the DagBag from /opt/airflow/dags/my_dag.py
[2023-10-03T08:14:06.009+0000] {processor.py:839} INFO - DAG(s) dict_keys(['my_dag']) retrieved from /opt/airflow/dags/my_dag.py
[2023-10-03T08:14:06.020+0000] {logging_mixin.py:151} INFO - [2023-10-03T08:14:06.019+0000] {dag.py:2915} INFO - Sync 1 DAGs
[2023-10-03T08:14:06.030+0000] {logging_mixin.py:151} INFO - [2023-10-03T08:14:06.030+0000] {dag.py:3696} INFO - Setting next_dagrun for my_dag to 2023-10-02T00:00:00+00:00, run_after=2023-10-03T00:00:00+00:00
[2023-10-03T08:14:06.039+0000] {processor.py:179} INFO - Processing /opt/airflow/dags/my_dag.py took 0.040 seconds
[2023-10-03T08:14:36.712+0000] {processor.py:157} INFO - Started process (PID=153) to work on /opt/airflow/dags/my_dag.py
[2023-10-03T08:14:36.713+0000] {processor.py:829} INFO - Processing file /opt/airflow/dags/my_dag.py for tasks to queue
[2023-10-03T08:14:36.714+0000] {logging_mixin.py:151} INFO - [2023-10-03T08:14:36.714+0000] {dagbag.py:539} INFO - Filling up the DagBag from /opt/airflow/dags/my_dag.py
[2023-10-03T08:14:36.721+0000] {processor.py:839} INFO - DAG(s) dict_keys(['my_dag']) retrieved from /opt/airflow/dags/my_dag.py
[2023-10-03T08:14:36.734+0000] {logging_mixin.py:151} INFO - [2023-10-03T08:14:36.734+0000] {dag.py:2915} INFO - Sync 1 DAGs
[2023-10-03T08:14:36.744+0000] {logging_mixin.py:151} INFO - [2023-10-03T08:14:36.744+0000] {dag.py:3696} INFO - Setting next_dagrun for my_dag to 2023-10-02T00:00:00+00:00, run_after=2023-10-03T00:00:00+00:00
[2023-10-03T08:14:36.751+0000] {processor.py:179} INFO - Processing /opt/airflow/dags/my_dag.py took 0.041 seconds
[2023-10-03T08:15:07.728+0000] {processor.py:157} INFO - Started process (PID=213) to work on /opt/airflow/dags/my_dag.py
[2023-10-03T08:15:07.728+0000] {processor.py:829} INFO - Processing file /opt/airflow/dags/my_dag.py for tasks to queue
[2023-10-03T08:15:07.730+0000] {logging_mixin.py:151} INFO - [2023-10-03T08:15:07.730+0000] {dagbag.py:539} INFO - Filling up the DagBag from /opt/airflow/dags/my_dag.py
[2023-10-03T08:15:07.736+0000] {processor.py:839} INFO - DAG(s) dict_keys(['my_dag']) retrieved from /opt/airflow/dags/my_dag.py
[2023-10-03T08:15:07.746+0000] {logging_mixin.py:151} INFO - [2023-10-03T08:15:07.746+0000] {dag.py:2915} INFO - Sync 1 DAGs
[2023-10-03T08:15:07.757+0000] {logging_mixin.py:151} INFO - [2023-10-03T08:15:07.757+0000] {dag.py:3696} INFO - Setting next_dagrun for my_dag to 2023-10-02T00:00:00+00:00, run_after=2023-10-03T00:00:00+00:00
[2023-10-03T08:15:07.764+0000] {processor.py:179} INFO - Processing /opt/airflow/dags/my_dag.py took 0.038 seconds
[2023-10-03T08:15:38.083+0000] {processor.py:157} INFO - Started process (PID=274) to work on /opt/airflow/dags/my_dag.py
[2023-10-03T08:15:38.083+0000] {processor.py:829} INFO - Processing file /opt/airflow/dags/my_dag.py for tasks to queue
[2023-10-03T08:15:38.084+0000] {logging_mixin.py:151} INFO - [2023-10-03T08:15:38.084+0000] {dagbag.py:539} INFO - Filling up the DagBag from /opt/airflow/dags/my_dag.py
[2023-10-03T08:15:38.091+0000] {processor.py:839} INFO - DAG(s) dict_keys(['my_dag']) retrieved from /opt/airflow/dags/my_dag.py
[2023-10-03T08:15:38.105+0000] {logging_mixin.py:151} INFO - [2023-10-03T08:15:38.105+0000] {dag.py:2915} INFO - Sync 1 DAGs
[2023-10-03T08:15:38.116+0000] {logging_mixin.py:151} INFO - [2023-10-03T08:15:38.116+0000] {dag.py:3696} INFO - Setting next_dagrun for my_dag to 2023-10-02T00:00:00+00:00, run_after=2023-10-03T00:00:00+00:00
[2023-10-03T08:15:38.123+0000] {processor.py:179} INFO - Processing /opt/airflow/dags/my_dag.py took 0.043 seconds
[2023-10-03T08:16:08.466+0000] {processor.py:157} INFO - Started process (PID=334) to work on /opt/airflow/dags/my_dag.py
[2023-10-03T08:16:08.467+0000] {processor.py:829} INFO - Processing file /opt/airflow/dags/my_dag.py for tasks to queue
[2023-10-03T08:16:08.468+0000] {logging_mixin.py:151} INFO - [2023-10-03T08:16:08.468+0000] {dagbag.py:539} INFO - Filling up the DagBag from /opt/airflow/dags/my_dag.py
[2023-10-03T08:16:08.477+0000] {processor.py:839} INFO - DAG(s) dict_keys(['my_dag']) retrieved from /opt/airflow/dags/my_dag.py
[2023-10-03T08:16:08.490+0000] {logging_mixin.py:151} INFO - [2023-10-03T08:16:08.489+0000] {dag.py:2915} INFO - Sync 1 DAGs
[2023-10-03T08:16:08.500+0000] {logging_mixin.py:151} INFO - [2023-10-03T08:16:08.500+0000] {dag.py:3696} INFO - Setting next_dagrun for my_dag to 2023-10-02T00:00:00+00:00, run_after=2023-10-03T00:00:00+00:00
[2023-10-03T08:16:08.508+0000] {processor.py:179} INFO - Processing /opt/airflow/dags/my_dag.py took 0.044 seconds
[2023-10-03T08:16:39.068+0000] {processor.py:157} INFO - Started process (PID=394) to work on /opt/airflow/dags/my_dag.py
[2023-10-03T08:16:39.069+0000] {processor.py:829} INFO - Processing file /opt/airflow/dags/my_dag.py for tasks to queue
[2023-10-03T08:16:39.070+0000] {logging_mixin.py:151} INFO - [2023-10-03T08:16:39.070+0000] {dagbag.py:539} INFO - Filling up the DagBag from /opt/airflow/dags/my_dag.py
[2023-10-03T08:16:39.076+0000] {processor.py:839} INFO - DAG(s) dict_keys(['my_dag']) retrieved from /opt/airflow/dags/my_dag.py
[2023-10-03T08:16:39.088+0000] {logging_mixin.py:151} INFO - [2023-10-03T08:16:39.088+0000] {dag.py:2915} INFO - Sync 1 DAGs
[2023-10-03T08:16:39.098+0000] {logging_mixin.py:151} INFO - [2023-10-03T08:16:39.098+0000] {dag.py:3696} INFO - Setting next_dagrun for my_dag to 2023-10-02T00:00:00+00:00, run_after=2023-10-03T00:00:00+00:00
[2023-10-03T08:16:39.105+0000] {processor.py:179} INFO - Processing /opt/airflow/dags/my_dag.py took 0.039 seconds
[2023-10-03T08:17:09.386+0000] {processor.py:157} INFO - Started process (PID=454) to work on /opt/airflow/dags/my_dag.py
[2023-10-03T08:17:09.386+0000] {processor.py:829} INFO - Processing file /opt/airflow/dags/my_dag.py for tasks to queue
[2023-10-03T08:17:09.388+0000] {logging_mixin.py:151} INFO - [2023-10-03T08:17:09.388+0000] {dagbag.py:539} INFO - Filling up the DagBag from /opt/airflow/dags/my_dag.py
[2023-10-03T08:17:09.393+0000] {processor.py:839} INFO - DAG(s) dict_keys(['my_dag']) retrieved from /opt/airflow/dags/my_dag.py
[2023-10-03T08:17:09.405+0000] {logging_mixin.py:151} INFO - [2023-10-03T08:17:09.405+0000] {dag.py:2915} INFO - Sync 1 DAGs
[2023-10-03T08:17:09.416+0000] {logging_mixin.py:151} INFO - [2023-10-03T08:17:09.416+0000] {dag.py:3696} INFO - Setting next_dagrun for my_dag to 2023-10-02T00:00:00+00:00, run_after=2023-10-03T00:00:00+00:00
[2023-10-03T08:17:09.424+0000] {processor.py:179} INFO - Processing /opt/airflow/dags/my_dag.py took 0.040 seconds
