[2023-10-03T07:43:52.200+0000] {processor.py:157} INFO - Started process (PID=31) to work on /opt/airflow/dags/user_processing.py
[2023-10-03T07:43:52.202+0000] {processor.py:829} INFO - Processing file /opt/airflow/dags/user_processing.py for tasks to queue
[2023-10-03T07:43:52.207+0000] {logging_mixin.py:151} INFO - [2023-10-03T07:43:52.207+0000] {dagbag.py:539} INFO - Filling up the DagBag from /opt/airflow/dags/user_processing.py
[2023-10-03T07:43:53.103+0000] {processor.py:839} INFO - DAG(s) dict_keys(['user_processing']) retrieved from /opt/airflow/dags/user_processing.py
[2023-10-03T07:43:53.262+0000] {logging_mixin.py:151} INFO - [2023-10-03T07:43:53.262+0000] {security.py:708} INFO - Not syncing DAG-level permissions for DAG 'DAG:user_processing' as access control is unset.
[2023-10-03T07:43:53.262+0000] {logging_mixin.py:151} INFO - [2023-10-03T07:43:53.262+0000] {dag.py:2915} INFO - Sync 1 DAGs
[2023-10-03T07:43:53.278+0000] {logging_mixin.py:151} INFO - [2023-10-03T07:43:53.277+0000] {dag.py:3696} INFO - Setting next_dagrun for user_processing to 2023-10-02T00:00:00+00:00, run_after=2023-10-03T00:00:00+00:00
[2023-10-03T07:43:53.288+0000] {processor.py:179} INFO - Processing /opt/airflow/dags/user_processing.py took 1.097 seconds
[2023-10-03T07:44:23.477+0000] {processor.py:157} INFO - Started process (PID=90) to work on /opt/airflow/dags/user_processing.py
[2023-10-03T07:44:23.479+0000] {processor.py:829} INFO - Processing file /opt/airflow/dags/user_processing.py for tasks to queue
[2023-10-03T07:44:23.482+0000] {logging_mixin.py:151} INFO - [2023-10-03T07:44:23.481+0000] {dagbag.py:539} INFO - Filling up the DagBag from /opt/airflow/dags/user_processing.py
[2023-10-03T07:44:23.759+0000] {processor.py:839} INFO - DAG(s) dict_keys(['user_processing']) retrieved from /opt/airflow/dags/user_processing.py
[2023-10-03T07:44:23.772+0000] {logging_mixin.py:151} INFO - [2023-10-03T07:44:23.772+0000] {dag.py:2915} INFO - Sync 1 DAGs
[2023-10-03T07:44:23.784+0000] {logging_mixin.py:151} INFO - [2023-10-03T07:44:23.784+0000] {dag.py:3696} INFO - Setting next_dagrun for user_processing to 2023-10-02T00:00:00+00:00, run_after=2023-10-03T00:00:00+00:00
[2023-10-03T07:44:23.792+0000] {processor.py:179} INFO - Processing /opt/airflow/dags/user_processing.py took 0.321 seconds
[2023-10-03T07:44:53.982+0000] {processor.py:157} INFO - Started process (PID=149) to work on /opt/airflow/dags/user_processing.py
[2023-10-03T07:44:53.984+0000] {processor.py:829} INFO - Processing file /opt/airflow/dags/user_processing.py for tasks to queue
[2023-10-03T07:44:53.988+0000] {logging_mixin.py:151} INFO - [2023-10-03T07:44:53.987+0000] {dagbag.py:539} INFO - Filling up the DagBag from /opt/airflow/dags/user_processing.py
[2023-10-03T07:44:54.234+0000] {processor.py:839} INFO - DAG(s) dict_keys(['user_processing']) retrieved from /opt/airflow/dags/user_processing.py
[2023-10-03T07:44:54.245+0000] {logging_mixin.py:151} INFO - [2023-10-03T07:44:54.245+0000] {dag.py:2915} INFO - Sync 1 DAGs
[2023-10-03T07:44:54.259+0000] {logging_mixin.py:151} INFO - [2023-10-03T07:44:54.259+0000] {dag.py:3696} INFO - Setting next_dagrun for user_processing to 2023-10-02T00:00:00+00:00, run_after=2023-10-03T00:00:00+00:00
[2023-10-03T07:44:54.267+0000] {processor.py:179} INFO - Processing /opt/airflow/dags/user_processing.py took 0.291 seconds
[2023-10-03T07:45:24.438+0000] {processor.py:157} INFO - Started process (PID=208) to work on /opt/airflow/dags/user_processing.py
[2023-10-03T07:45:24.444+0000] {processor.py:829} INFO - Processing file /opt/airflow/dags/user_processing.py for tasks to queue
[2023-10-03T07:45:24.454+0000] {logging_mixin.py:151} INFO - [2023-10-03T07:45:24.453+0000] {dagbag.py:539} INFO - Filling up the DagBag from /opt/airflow/dags/user_processing.py
[2023-10-03T07:45:24.685+0000] {processor.py:839} INFO - DAG(s) dict_keys(['user_processing']) retrieved from /opt/airflow/dags/user_processing.py
[2023-10-03T07:45:24.698+0000] {logging_mixin.py:151} INFO - [2023-10-03T07:45:24.697+0000] {dag.py:2915} INFO - Sync 1 DAGs
[2023-10-03T07:45:24.709+0000] {logging_mixin.py:151} INFO - [2023-10-03T07:45:24.709+0000] {dag.py:3696} INFO - Setting next_dagrun for user_processing to 2023-10-02T00:00:00+00:00, run_after=2023-10-03T00:00:00+00:00
[2023-10-03T07:45:24.717+0000] {processor.py:179} INFO - Processing /opt/airflow/dags/user_processing.py took 0.302 seconds
[2023-10-03T07:45:54.936+0000] {processor.py:157} INFO - Started process (PID=267) to work on /opt/airflow/dags/user_processing.py
[2023-10-03T07:45:54.938+0000] {processor.py:829} INFO - Processing file /opt/airflow/dags/user_processing.py for tasks to queue
[2023-10-03T07:45:54.941+0000] {logging_mixin.py:151} INFO - [2023-10-03T07:45:54.941+0000] {dagbag.py:539} INFO - Filling up the DagBag from /opt/airflow/dags/user_processing.py
[2023-10-03T07:45:55.194+0000] {processor.py:839} INFO - DAG(s) dict_keys(['user_processing']) retrieved from /opt/airflow/dags/user_processing.py
[2023-10-03T07:45:55.205+0000] {logging_mixin.py:151} INFO - [2023-10-03T07:45:55.205+0000] {dag.py:2915} INFO - Sync 1 DAGs
[2023-10-03T07:45:55.216+0000] {logging_mixin.py:151} INFO - [2023-10-03T07:45:55.216+0000] {dag.py:3696} INFO - Setting next_dagrun for user_processing to 2023-10-02T00:00:00+00:00, run_after=2023-10-03T00:00:00+00:00
[2023-10-03T07:45:55.224+0000] {processor.py:179} INFO - Processing /opt/airflow/dags/user_processing.py took 0.295 seconds
[2023-10-03T07:50:23.981+0000] {processor.py:157} INFO - Started process (PID=32) to work on /opt/airflow/dags/user_processing.py
[2023-10-03T07:50:23.983+0000] {processor.py:829} INFO - Processing file /opt/airflow/dags/user_processing.py for tasks to queue
[2023-10-03T07:50:23.984+0000] {logging_mixin.py:151} INFO - [2023-10-03T07:50:23.984+0000] {dagbag.py:539} INFO - Filling up the DagBag from /opt/airflow/dags/user_processing.py
[2023-10-03T07:50:24.727+0000] {processor.py:839} INFO - DAG(s) dict_keys(['user_processing']) retrieved from /opt/airflow/dags/user_processing.py
[2023-10-03T07:50:24.874+0000] {logging_mixin.py:151} INFO - [2023-10-03T07:50:24.873+0000] {security.py:708} INFO - Not syncing DAG-level permissions for DAG 'DAG:user_processing' as access control is unset.
[2023-10-03T07:50:24.874+0000] {logging_mixin.py:151} INFO - [2023-10-03T07:50:24.874+0000] {dag.py:2915} INFO - Sync 1 DAGs
[2023-10-03T07:50:24.886+0000] {logging_mixin.py:151} INFO - [2023-10-03T07:50:24.886+0000] {dag.py:3696} INFO - Setting next_dagrun for user_processing to 2023-10-02T00:00:00+00:00, run_after=2023-10-03T00:00:00+00:00
[2023-10-03T07:50:24.908+0000] {processor.py:179} INFO - Processing /opt/airflow/dags/user_processing.py took 0.931 seconds
[2023-10-03T07:50:55.126+0000] {processor.py:157} INFO - Started process (PID=91) to work on /opt/airflow/dags/user_processing.py
[2023-10-03T07:50:55.127+0000] {processor.py:829} INFO - Processing file /opt/airflow/dags/user_processing.py for tasks to queue
[2023-10-03T07:50:55.130+0000] {logging_mixin.py:151} INFO - [2023-10-03T07:50:55.130+0000] {dagbag.py:539} INFO - Filling up the DagBag from /opt/airflow/dags/user_processing.py
[2023-10-03T07:50:55.425+0000] {processor.py:839} INFO - DAG(s) dict_keys(['user_processing']) retrieved from /opt/airflow/dags/user_processing.py
[2023-10-03T07:50:55.437+0000] {logging_mixin.py:151} INFO - [2023-10-03T07:50:55.437+0000] {dag.py:2915} INFO - Sync 1 DAGs
[2023-10-03T07:50:55.449+0000] {logging_mixin.py:151} INFO - [2023-10-03T07:50:55.449+0000] {dag.py:3696} INFO - Setting next_dagrun for user_processing to 2023-10-02T00:00:00+00:00, run_after=2023-10-03T00:00:00+00:00
[2023-10-03T07:50:55.457+0000] {processor.py:179} INFO - Processing /opt/airflow/dags/user_processing.py took 0.335 seconds
[2023-10-03T07:51:25.962+0000] {processor.py:157} INFO - Started process (PID=150) to work on /opt/airflow/dags/user_processing.py
[2023-10-03T07:51:25.964+0000] {processor.py:829} INFO - Processing file /opt/airflow/dags/user_processing.py for tasks to queue
[2023-10-03T07:51:25.966+0000] {logging_mixin.py:151} INFO - [2023-10-03T07:51:25.966+0000] {dagbag.py:539} INFO - Filling up the DagBag from /opt/airflow/dags/user_processing.py
[2023-10-03T07:51:26.226+0000] {processor.py:839} INFO - DAG(s) dict_keys(['user_processing']) retrieved from /opt/airflow/dags/user_processing.py
[2023-10-03T07:51:26.239+0000] {logging_mixin.py:151} INFO - [2023-10-03T07:51:26.238+0000] {dag.py:2915} INFO - Sync 1 DAGs
[2023-10-03T07:51:26.251+0000] {logging_mixin.py:151} INFO - [2023-10-03T07:51:26.250+0000] {dag.py:3696} INFO - Setting next_dagrun for user_processing to 2023-10-02T00:00:00+00:00, run_after=2023-10-03T00:00:00+00:00
[2023-10-03T07:51:26.260+0000] {processor.py:179} INFO - Processing /opt/airflow/dags/user_processing.py took 0.306 seconds
[2023-10-03T07:57:11.431+0000] {processor.py:157} INFO - Started process (PID=32) to work on /opt/airflow/dags/user_processing.py
[2023-10-03T07:57:11.432+0000] {processor.py:829} INFO - Processing file /opt/airflow/dags/user_processing.py for tasks to queue
[2023-10-03T07:57:11.433+0000] {logging_mixin.py:151} INFO - [2023-10-03T07:57:11.433+0000] {dagbag.py:539} INFO - Filling up the DagBag from /opt/airflow/dags/user_processing.py
[2023-10-03T07:57:12.021+0000] {processor.py:839} INFO - DAG(s) dict_keys(['user_processing']) retrieved from /opt/airflow/dags/user_processing.py
[2023-10-03T07:57:12.077+0000] {logging_mixin.py:151} INFO - [2023-10-03T07:57:12.076+0000] {security.py:708} INFO - Not syncing DAG-level permissions for DAG 'DAG:user_processing' as access control is unset.
[2023-10-03T07:57:12.077+0000] {logging_mixin.py:151} INFO - [2023-10-03T07:57:12.077+0000] {dag.py:2915} INFO - Sync 1 DAGs
[2023-10-03T07:57:12.091+0000] {logging_mixin.py:151} INFO - [2023-10-03T07:57:12.091+0000] {dag.py:3696} INFO - Setting next_dagrun for user_processing to 2023-10-02T00:00:00+00:00, run_after=2023-10-03T00:00:00+00:00
[2023-10-03T07:57:12.113+0000] {processor.py:179} INFO - Processing /opt/airflow/dags/user_processing.py took 0.684 seconds
[2023-10-03T07:57:42.196+0000] {processor.py:157} INFO - Started process (PID=91) to work on /opt/airflow/dags/user_processing.py
[2023-10-03T07:57:42.197+0000] {processor.py:829} INFO - Processing file /opt/airflow/dags/user_processing.py for tasks to queue
[2023-10-03T07:57:42.198+0000] {logging_mixin.py:151} INFO - [2023-10-03T07:57:42.198+0000] {dagbag.py:539} INFO - Filling up the DagBag from /opt/airflow/dags/user_processing.py
[2023-10-03T07:57:42.394+0000] {processor.py:839} INFO - DAG(s) dict_keys(['user_processing']) retrieved from /opt/airflow/dags/user_processing.py
[2023-10-03T07:57:42.406+0000] {logging_mixin.py:151} INFO - [2023-10-03T07:57:42.406+0000] {dag.py:2915} INFO - Sync 1 DAGs
[2023-10-03T07:57:42.420+0000] {logging_mixin.py:151} INFO - [2023-10-03T07:57:42.420+0000] {dag.py:3696} INFO - Setting next_dagrun for user_processing to 2023-10-02T00:00:00+00:00, run_after=2023-10-03T00:00:00+00:00
[2023-10-03T07:57:42.431+0000] {processor.py:179} INFO - Processing /opt/airflow/dags/user_processing.py took 0.237 seconds
[2023-10-03T07:58:12.644+0000] {processor.py:157} INFO - Started process (PID=150) to work on /opt/airflow/dags/user_processing.py
[2023-10-03T07:58:12.644+0000] {processor.py:829} INFO - Processing file /opt/airflow/dags/user_processing.py for tasks to queue
[2023-10-03T07:58:12.645+0000] {logging_mixin.py:151} INFO - [2023-10-03T07:58:12.645+0000] {dagbag.py:539} INFO - Filling up the DagBag from /opt/airflow/dags/user_processing.py
[2023-10-03T07:58:12.830+0000] {processor.py:839} INFO - DAG(s) dict_keys(['user_processing']) retrieved from /opt/airflow/dags/user_processing.py
[2023-10-03T07:58:12.842+0000] {logging_mixin.py:151} INFO - [2023-10-03T07:58:12.841+0000] {dag.py:2915} INFO - Sync 1 DAGs
[2023-10-03T07:58:12.853+0000] {logging_mixin.py:151} INFO - [2023-10-03T07:58:12.853+0000] {dag.py:3696} INFO - Setting next_dagrun for user_processing to 2023-10-02T00:00:00+00:00, run_after=2023-10-03T00:00:00+00:00
[2023-10-03T07:58:12.862+0000] {processor.py:179} INFO - Processing /opt/airflow/dags/user_processing.py took 0.220 seconds
[2023-10-03T07:58:42.880+0000] {processor.py:157} INFO - Started process (PID=209) to work on /opt/airflow/dags/user_processing.py
[2023-10-03T07:58:42.881+0000] {processor.py:829} INFO - Processing file /opt/airflow/dags/user_processing.py for tasks to queue
[2023-10-03T07:58:42.882+0000] {logging_mixin.py:151} INFO - [2023-10-03T07:58:42.882+0000] {dagbag.py:539} INFO - Filling up the DagBag from /opt/airflow/dags/user_processing.py
[2023-10-03T07:58:43.085+0000] {processor.py:839} INFO - DAG(s) dict_keys(['user_processing']) retrieved from /opt/airflow/dags/user_processing.py
[2023-10-03T07:58:43.100+0000] {logging_mixin.py:151} INFO - [2023-10-03T07:58:43.099+0000] {dag.py:2915} INFO - Sync 1 DAGs
[2023-10-03T07:58:43.111+0000] {logging_mixin.py:151} INFO - [2023-10-03T07:58:43.111+0000] {dag.py:3696} INFO - Setting next_dagrun for user_processing to 2023-10-02T00:00:00+00:00, run_after=2023-10-03T00:00:00+00:00
[2023-10-03T07:58:43.118+0000] {processor.py:179} INFO - Processing /opt/airflow/dags/user_processing.py took 0.240 seconds
[2023-10-03T07:59:13.143+0000] {processor.py:157} INFO - Started process (PID=268) to work on /opt/airflow/dags/user_processing.py
[2023-10-03T07:59:13.143+0000] {processor.py:829} INFO - Processing file /opt/airflow/dags/user_processing.py for tasks to queue
[2023-10-03T07:59:13.145+0000] {logging_mixin.py:151} INFO - [2023-10-03T07:59:13.144+0000] {dagbag.py:539} INFO - Filling up the DagBag from /opt/airflow/dags/user_processing.py
[2023-10-03T07:59:13.331+0000] {processor.py:839} INFO - DAG(s) dict_keys(['user_processing']) retrieved from /opt/airflow/dags/user_processing.py
[2023-10-03T07:59:13.344+0000] {logging_mixin.py:151} INFO - [2023-10-03T07:59:13.343+0000] {dag.py:2915} INFO - Sync 1 DAGs
[2023-10-03T07:59:13.355+0000] {logging_mixin.py:151} INFO - [2023-10-03T07:59:13.355+0000] {dag.py:3696} INFO - Setting next_dagrun for user_processing to 2023-10-02T00:00:00+00:00, run_after=2023-10-03T00:00:00+00:00
[2023-10-03T07:59:13.362+0000] {processor.py:179} INFO - Processing /opt/airflow/dags/user_processing.py took 0.221 seconds
[2023-10-03T07:59:43.830+0000] {processor.py:157} INFO - Started process (PID=327) to work on /opt/airflow/dags/user_processing.py
[2023-10-03T07:59:43.831+0000] {processor.py:829} INFO - Processing file /opt/airflow/dags/user_processing.py for tasks to queue
[2023-10-03T07:59:43.832+0000] {logging_mixin.py:151} INFO - [2023-10-03T07:59:43.832+0000] {dagbag.py:539} INFO - Filling up the DagBag from /opt/airflow/dags/user_processing.py
[2023-10-03T07:59:44.011+0000] {processor.py:839} INFO - DAG(s) dict_keys(['user_processing']) retrieved from /opt/airflow/dags/user_processing.py
[2023-10-03T07:59:44.022+0000] {logging_mixin.py:151} INFO - [2023-10-03T07:59:44.022+0000] {dag.py:2915} INFO - Sync 1 DAGs
[2023-10-03T07:59:44.032+0000] {logging_mixin.py:151} INFO - [2023-10-03T07:59:44.032+0000] {dag.py:3696} INFO - Setting next_dagrun for user_processing to 2023-10-02T00:00:00+00:00, run_after=2023-10-03T00:00:00+00:00
[2023-10-03T07:59:44.039+0000] {processor.py:179} INFO - Processing /opt/airflow/dags/user_processing.py took 0.212 seconds
[2023-10-03T08:00:14.082+0000] {processor.py:157} INFO - Started process (PID=386) to work on /opt/airflow/dags/user_processing.py
[2023-10-03T08:00:14.082+0000] {processor.py:829} INFO - Processing file /opt/airflow/dags/user_processing.py for tasks to queue
[2023-10-03T08:00:14.083+0000] {logging_mixin.py:151} INFO - [2023-10-03T08:00:14.083+0000] {dagbag.py:539} INFO - Filling up the DagBag from /opt/airflow/dags/user_processing.py
[2023-10-03T08:00:14.264+0000] {processor.py:839} INFO - DAG(s) dict_keys(['user_processing']) retrieved from /opt/airflow/dags/user_processing.py
[2023-10-03T08:00:14.275+0000] {logging_mixin.py:151} INFO - [2023-10-03T08:00:14.275+0000] {dag.py:2915} INFO - Sync 1 DAGs
[2023-10-03T08:00:14.286+0000] {logging_mixin.py:151} INFO - [2023-10-03T08:00:14.285+0000] {dag.py:3696} INFO - Setting next_dagrun for user_processing to 2023-10-02T00:00:00+00:00, run_after=2023-10-03T00:00:00+00:00
[2023-10-03T08:00:14.293+0000] {processor.py:179} INFO - Processing /opt/airflow/dags/user_processing.py took 0.213 seconds
[2023-10-03T08:00:44.385+0000] {processor.py:157} INFO - Started process (PID=445) to work on /opt/airflow/dags/user_processing.py
[2023-10-03T08:00:44.385+0000] {processor.py:829} INFO - Processing file /opt/airflow/dags/user_processing.py for tasks to queue
[2023-10-03T08:00:44.386+0000] {logging_mixin.py:151} INFO - [2023-10-03T08:00:44.386+0000] {dagbag.py:539} INFO - Filling up the DagBag from /opt/airflow/dags/user_processing.py
[2023-10-03T08:00:44.556+0000] {processor.py:839} INFO - DAG(s) dict_keys(['user_processing']) retrieved from /opt/airflow/dags/user_processing.py
[2023-10-03T08:00:44.565+0000] {logging_mixin.py:151} INFO - [2023-10-03T08:00:44.565+0000] {dag.py:2915} INFO - Sync 1 DAGs
[2023-10-03T08:00:44.575+0000] {logging_mixin.py:151} INFO - [2023-10-03T08:00:44.575+0000] {dag.py:3696} INFO - Setting next_dagrun for user_processing to 2023-10-02T00:00:00+00:00, run_after=2023-10-03T00:00:00+00:00
[2023-10-03T08:00:44.582+0000] {processor.py:179} INFO - Processing /opt/airflow/dags/user_processing.py took 0.200 seconds
[2023-10-03T08:01:15.430+0000] {processor.py:157} INFO - Started process (PID=504) to work on /opt/airflow/dags/user_processing.py
[2023-10-03T08:01:15.431+0000] {processor.py:829} INFO - Processing file /opt/airflow/dags/user_processing.py for tasks to queue
[2023-10-03T08:01:15.433+0000] {logging_mixin.py:151} INFO - [2023-10-03T08:01:15.433+0000] {dagbag.py:539} INFO - Filling up the DagBag from /opt/airflow/dags/user_processing.py
[2023-10-03T08:01:15.631+0000] {processor.py:839} INFO - DAG(s) dict_keys(['user_processing']) retrieved from /opt/airflow/dags/user_processing.py
[2023-10-03T08:01:15.642+0000] {logging_mixin.py:151} INFO - [2023-10-03T08:01:15.641+0000] {dag.py:2915} INFO - Sync 1 DAGs
[2023-10-03T08:01:15.652+0000] {logging_mixin.py:151} INFO - [2023-10-03T08:01:15.652+0000] {dag.py:3696} INFO - Setting next_dagrun for user_processing to 2023-10-02T00:00:00+00:00, run_after=2023-10-03T00:00:00+00:00
[2023-10-03T08:01:15.659+0000] {processor.py:179} INFO - Processing /opt/airflow/dags/user_processing.py took 0.233 seconds
[2023-10-03T08:01:45.699+0000] {processor.py:157} INFO - Started process (PID=567) to work on /opt/airflow/dags/user_processing.py
[2023-10-03T08:01:45.700+0000] {processor.py:829} INFO - Processing file /opt/airflow/dags/user_processing.py for tasks to queue
[2023-10-03T08:01:45.701+0000] {logging_mixin.py:151} INFO - [2023-10-03T08:01:45.701+0000] {dagbag.py:539} INFO - Filling up the DagBag from /opt/airflow/dags/user_processing.py
[2023-10-03T08:01:45.871+0000] {processor.py:839} INFO - DAG(s) dict_keys(['user_processing']) retrieved from /opt/airflow/dags/user_processing.py
[2023-10-03T08:01:45.881+0000] {logging_mixin.py:151} INFO - [2023-10-03T08:01:45.881+0000] {dag.py:2915} INFO - Sync 1 DAGs
[2023-10-03T08:01:45.891+0000] {logging_mixin.py:151} INFO - [2023-10-03T08:01:45.891+0000] {dag.py:3696} INFO - Setting next_dagrun for user_processing to 2023-10-02T00:00:00+00:00, run_after=2023-10-03T00:00:00+00:00
[2023-10-03T08:01:45.898+0000] {processor.py:179} INFO - Processing /opt/airflow/dags/user_processing.py took 0.201 seconds
[2023-10-03T08:02:15.946+0000] {processor.py:157} INFO - Started process (PID=627) to work on /opt/airflow/dags/user_processing.py
[2023-10-03T08:02:15.947+0000] {processor.py:829} INFO - Processing file /opt/airflow/dags/user_processing.py for tasks to queue
[2023-10-03T08:02:15.949+0000] {logging_mixin.py:151} INFO - [2023-10-03T08:02:15.949+0000] {dagbag.py:539} INFO - Filling up the DagBag from /opt/airflow/dags/user_processing.py
[2023-10-03T08:02:16.149+0000] {processor.py:839} INFO - DAG(s) dict_keys(['user_processing']) retrieved from /opt/airflow/dags/user_processing.py
[2023-10-03T08:02:16.161+0000] {logging_mixin.py:151} INFO - [2023-10-03T08:02:16.161+0000] {dag.py:2915} INFO - Sync 1 DAGs
[2023-10-03T08:02:16.173+0000] {logging_mixin.py:151} INFO - [2023-10-03T08:02:16.173+0000] {dag.py:3696} INFO - Setting next_dagrun for user_processing to 2023-10-02T00:00:00+00:00, run_after=2023-10-03T00:00:00+00:00
[2023-10-03T08:02:16.181+0000] {processor.py:179} INFO - Processing /opt/airflow/dags/user_processing.py took 0.237 seconds
[2023-10-03T08:02:46.327+0000] {processor.py:157} INFO - Started process (PID=686) to work on /opt/airflow/dags/user_processing.py
[2023-10-03T08:02:46.327+0000] {processor.py:829} INFO - Processing file /opt/airflow/dags/user_processing.py for tasks to queue
[2023-10-03T08:02:46.329+0000] {logging_mixin.py:151} INFO - [2023-10-03T08:02:46.328+0000] {dagbag.py:539} INFO - Filling up the DagBag from /opt/airflow/dags/user_processing.py
[2023-10-03T08:02:46.511+0000] {processor.py:839} INFO - DAG(s) dict_keys(['user_processing']) retrieved from /opt/airflow/dags/user_processing.py
[2023-10-03T08:02:46.522+0000] {logging_mixin.py:151} INFO - [2023-10-03T08:02:46.522+0000] {dag.py:2915} INFO - Sync 1 DAGs
[2023-10-03T08:02:46.534+0000] {logging_mixin.py:151} INFO - [2023-10-03T08:02:46.534+0000] {dag.py:3696} INFO - Setting next_dagrun for user_processing to 2023-10-02T00:00:00+00:00, run_after=2023-10-03T00:00:00+00:00
[2023-10-03T08:02:46.541+0000] {processor.py:179} INFO - Processing /opt/airflow/dags/user_processing.py took 0.217 seconds
[2023-10-03T08:03:16.813+0000] {processor.py:157} INFO - Started process (PID=745) to work on /opt/airflow/dags/user_processing.py
[2023-10-03T08:03:16.813+0000] {processor.py:829} INFO - Processing file /opt/airflow/dags/user_processing.py for tasks to queue
[2023-10-03T08:03:16.814+0000] {logging_mixin.py:151} INFO - [2023-10-03T08:03:16.814+0000] {dagbag.py:539} INFO - Filling up the DagBag from /opt/airflow/dags/user_processing.py
[2023-10-03T08:03:16.979+0000] {processor.py:839} INFO - DAG(s) dict_keys(['user_processing']) retrieved from /opt/airflow/dags/user_processing.py
[2023-10-03T08:03:16.989+0000] {logging_mixin.py:151} INFO - [2023-10-03T08:03:16.989+0000] {dag.py:2915} INFO - Sync 1 DAGs
[2023-10-03T08:03:17.000+0000] {logging_mixin.py:151} INFO - [2023-10-03T08:03:17.000+0000] {dag.py:3696} INFO - Setting next_dagrun for user_processing to 2023-10-02T00:00:00+00:00, run_after=2023-10-03T00:00:00+00:00
[2023-10-03T08:03:17.008+0000] {processor.py:179} INFO - Processing /opt/airflow/dags/user_processing.py took 0.197 seconds
[2023-10-03T08:03:47.229+0000] {processor.py:157} INFO - Started process (PID=804) to work on /opt/airflow/dags/user_processing.py
[2023-10-03T08:03:47.229+0000] {processor.py:829} INFO - Processing file /opt/airflow/dags/user_processing.py for tasks to queue
[2023-10-03T08:03:47.230+0000] {logging_mixin.py:151} INFO - [2023-10-03T08:03:47.230+0000] {dagbag.py:539} INFO - Filling up the DagBag from /opt/airflow/dags/user_processing.py
[2023-10-03T08:03:47.406+0000] {processor.py:839} INFO - DAG(s) dict_keys(['user_processing']) retrieved from /opt/airflow/dags/user_processing.py
[2023-10-03T08:03:47.419+0000] {logging_mixin.py:151} INFO - [2023-10-03T08:03:47.419+0000] {dag.py:2915} INFO - Sync 1 DAGs
[2023-10-03T08:03:47.430+0000] {logging_mixin.py:151} INFO - [2023-10-03T08:03:47.430+0000] {dag.py:3696} INFO - Setting next_dagrun for user_processing to 2023-10-02T00:00:00+00:00, run_after=2023-10-03T00:00:00+00:00
[2023-10-03T08:03:47.442+0000] {processor.py:179} INFO - Processing /opt/airflow/dags/user_processing.py took 0.214 seconds
[2023-10-03T08:04:17.467+0000] {processor.py:157} INFO - Started process (PID=861) to work on /opt/airflow/dags/user_processing.py
[2023-10-03T08:04:17.468+0000] {processor.py:829} INFO - Processing file /opt/airflow/dags/user_processing.py for tasks to queue
[2023-10-03T08:04:17.469+0000] {logging_mixin.py:151} INFO - [2023-10-03T08:04:17.469+0000] {dagbag.py:539} INFO - Filling up the DagBag from /opt/airflow/dags/user_processing.py
[2023-10-03T08:04:17.721+0000] {processor.py:839} INFO - DAG(s) dict_keys(['user_processing']) retrieved from /opt/airflow/dags/user_processing.py
[2023-10-03T08:04:17.734+0000] {logging_mixin.py:151} INFO - [2023-10-03T08:04:17.734+0000] {dag.py:2915} INFO - Sync 1 DAGs
[2023-10-03T08:04:17.746+0000] {logging_mixin.py:151} INFO - [2023-10-03T08:04:17.745+0000] {dag.py:3696} INFO - Setting next_dagrun for user_processing to 2023-10-02T00:00:00+00:00, run_after=2023-10-03T00:00:00+00:00
[2023-10-03T08:04:17.753+0000] {processor.py:179} INFO - Processing /opt/airflow/dags/user_processing.py took 0.288 seconds
[2023-10-03T08:04:48.214+0000] {processor.py:157} INFO - Started process (PID=917) to work on /opt/airflow/dags/user_processing.py
[2023-10-03T08:04:48.215+0000] {processor.py:829} INFO - Processing file /opt/airflow/dags/user_processing.py for tasks to queue
[2023-10-03T08:04:48.216+0000] {logging_mixin.py:151} INFO - [2023-10-03T08:04:48.216+0000] {dagbag.py:539} INFO - Filling up the DagBag from /opt/airflow/dags/user_processing.py
[2023-10-03T08:04:48.395+0000] {processor.py:839} INFO - DAG(s) dict_keys(['user_processing']) retrieved from /opt/airflow/dags/user_processing.py
[2023-10-03T08:04:48.406+0000] {logging_mixin.py:151} INFO - [2023-10-03T08:04:48.405+0000] {dag.py:2915} INFO - Sync 1 DAGs
[2023-10-03T08:04:48.417+0000] {logging_mixin.py:151} INFO - [2023-10-03T08:04:48.417+0000] {dag.py:3696} INFO - Setting next_dagrun for user_processing to 2023-10-02T00:00:00+00:00, run_after=2023-10-03T00:00:00+00:00
[2023-10-03T08:04:48.425+0000] {processor.py:179} INFO - Processing /opt/airflow/dags/user_processing.py took 0.213 seconds
[2023-10-03T08:05:19.383+0000] {processor.py:157} INFO - Started process (PID=976) to work on /opt/airflow/dags/user_processing.py
[2023-10-03T08:05:19.384+0000] {processor.py:829} INFO - Processing file /opt/airflow/dags/user_processing.py for tasks to queue
[2023-10-03T08:05:19.386+0000] {logging_mixin.py:151} INFO - [2023-10-03T08:05:19.386+0000] {dagbag.py:539} INFO - Filling up the DagBag from /opt/airflow/dags/user_processing.py
[2023-10-03T08:05:19.588+0000] {processor.py:839} INFO - DAG(s) dict_keys(['user_processing']) retrieved from /opt/airflow/dags/user_processing.py
[2023-10-03T08:05:19.599+0000] {logging_mixin.py:151} INFO - [2023-10-03T08:05:19.599+0000] {dag.py:2915} INFO - Sync 1 DAGs
[2023-10-03T08:05:19.611+0000] {logging_mixin.py:151} INFO - [2023-10-03T08:05:19.610+0000] {dag.py:3696} INFO - Setting next_dagrun for user_processing to 2023-10-02T00:00:00+00:00, run_after=2023-10-03T00:00:00+00:00
[2023-10-03T08:05:19.619+0000] {processor.py:179} INFO - Processing /opt/airflow/dags/user_processing.py took 0.240 seconds
[2023-10-03T08:05:49.693+0000] {processor.py:157} INFO - Started process (PID=1039) to work on /opt/airflow/dags/user_processing.py
[2023-10-03T08:05:49.693+0000] {processor.py:829} INFO - Processing file /opt/airflow/dags/user_processing.py for tasks to queue
[2023-10-03T08:05:49.694+0000] {logging_mixin.py:151} INFO - [2023-10-03T08:05:49.694+0000] {dagbag.py:539} INFO - Filling up the DagBag from /opt/airflow/dags/user_processing.py
[2023-10-03T08:05:49.867+0000] {processor.py:839} INFO - DAG(s) dict_keys(['user_processing']) retrieved from /opt/airflow/dags/user_processing.py
[2023-10-03T08:05:49.878+0000] {logging_mixin.py:151} INFO - [2023-10-03T08:05:49.878+0000] {dag.py:2915} INFO - Sync 1 DAGs
[2023-10-03T08:05:49.888+0000] {logging_mixin.py:151} INFO - [2023-10-03T08:05:49.888+0000] {dag.py:3696} INFO - Setting next_dagrun for user_processing to 2023-10-02T00:00:00+00:00, run_after=2023-10-03T00:00:00+00:00
[2023-10-03T08:05:49.895+0000] {processor.py:179} INFO - Processing /opt/airflow/dags/user_processing.py took 0.204 seconds
[2023-10-03T08:06:19.969+0000] {processor.py:157} INFO - Started process (PID=1098) to work on /opt/airflow/dags/user_processing.py
[2023-10-03T08:06:19.970+0000] {processor.py:829} INFO - Processing file /opt/airflow/dags/user_processing.py for tasks to queue
[2023-10-03T08:06:19.971+0000] {logging_mixin.py:151} INFO - [2023-10-03T08:06:19.971+0000] {dagbag.py:539} INFO - Filling up the DagBag from /opt/airflow/dags/user_processing.py
[2023-10-03T08:06:20.145+0000] {processor.py:839} INFO - DAG(s) dict_keys(['user_processing']) retrieved from /opt/airflow/dags/user_processing.py
[2023-10-03T08:06:20.156+0000] {logging_mixin.py:151} INFO - [2023-10-03T08:06:20.156+0000] {dag.py:2915} INFO - Sync 1 DAGs
[2023-10-03T08:06:20.167+0000] {logging_mixin.py:151} INFO - [2023-10-03T08:06:20.167+0000] {dag.py:3696} INFO - Setting next_dagrun for user_processing to 2023-10-02T00:00:00+00:00, run_after=2023-10-03T00:00:00+00:00
[2023-10-03T08:06:20.175+0000] {processor.py:179} INFO - Processing /opt/airflow/dags/user_processing.py took 0.208 seconds
[2023-10-03T08:06:50.208+0000] {processor.py:157} INFO - Started process (PID=1158) to work on /opt/airflow/dags/user_processing.py
[2023-10-03T08:06:50.209+0000] {processor.py:829} INFO - Processing file /opt/airflow/dags/user_processing.py for tasks to queue
[2023-10-03T08:06:50.210+0000] {logging_mixin.py:151} INFO - [2023-10-03T08:06:50.210+0000] {dagbag.py:539} INFO - Filling up the DagBag from /opt/airflow/dags/user_processing.py
[2023-10-03T08:06:50.378+0000] {processor.py:839} INFO - DAG(s) dict_keys(['user_processing']) retrieved from /opt/airflow/dags/user_processing.py
[2023-10-03T08:06:50.389+0000] {logging_mixin.py:151} INFO - [2023-10-03T08:06:50.389+0000] {dag.py:2915} INFO - Sync 1 DAGs
[2023-10-03T08:06:50.400+0000] {logging_mixin.py:151} INFO - [2023-10-03T08:06:50.400+0000] {dag.py:3696} INFO - Setting next_dagrun for user_processing to 2023-10-02T00:00:00+00:00, run_after=2023-10-03T00:00:00+00:00
[2023-10-03T08:06:50.407+0000] {processor.py:179} INFO - Processing /opt/airflow/dags/user_processing.py took 0.201 seconds
[2023-10-03T08:07:21.359+0000] {processor.py:157} INFO - Started process (PID=1217) to work on /opt/airflow/dags/user_processing.py
[2023-10-03T08:07:21.361+0000] {processor.py:829} INFO - Processing file /opt/airflow/dags/user_processing.py for tasks to queue
[2023-10-03T08:07:21.364+0000] {logging_mixin.py:151} INFO - [2023-10-03T08:07:21.364+0000] {dagbag.py:539} INFO - Filling up the DagBag from /opt/airflow/dags/user_processing.py
[2023-10-03T08:07:21.574+0000] {processor.py:839} INFO - DAG(s) dict_keys(['user_processing']) retrieved from /opt/airflow/dags/user_processing.py
[2023-10-03T08:07:21.588+0000] {logging_mixin.py:151} INFO - [2023-10-03T08:07:21.587+0000] {dag.py:2915} INFO - Sync 1 DAGs
[2023-10-03T08:07:21.628+0000] {logging_mixin.py:151} INFO - [2023-10-03T08:07:21.628+0000] {dag.py:3696} INFO - Setting next_dagrun for user_processing to 2023-10-02T00:00:00+00:00, run_after=2023-10-03T00:00:00+00:00
[2023-10-03T08:07:21.644+0000] {processor.py:179} INFO - Processing /opt/airflow/dags/user_processing.py took 0.289 seconds
[2023-10-03T08:07:52.351+0000] {processor.py:157} INFO - Started process (PID=1276) to work on /opt/airflow/dags/user_processing.py
[2023-10-03T08:07:52.354+0000] {processor.py:829} INFO - Processing file /opt/airflow/dags/user_processing.py for tasks to queue
[2023-10-03T08:07:52.357+0000] {logging_mixin.py:151} INFO - [2023-10-03T08:07:52.356+0000] {dagbag.py:539} INFO - Filling up the DagBag from /opt/airflow/dags/user_processing.py
[2023-10-03T08:07:52.580+0000] {processor.py:839} INFO - DAG(s) dict_keys(['user_processing']) retrieved from /opt/airflow/dags/user_processing.py
[2023-10-03T08:07:52.596+0000] {logging_mixin.py:151} INFO - [2023-10-03T08:07:52.596+0000] {dag.py:2915} INFO - Sync 1 DAGs
[2023-10-03T08:07:52.613+0000] {logging_mixin.py:151} INFO - [2023-10-03T08:07:52.613+0000] {dag.py:3696} INFO - Setting next_dagrun for user_processing to 2023-10-02T00:00:00+00:00, run_after=2023-10-03T00:00:00+00:00
[2023-10-03T08:07:52.622+0000] {processor.py:179} INFO - Processing /opt/airflow/dags/user_processing.py took 0.276 seconds
[2023-10-03T08:08:23.554+0000] {processor.py:157} INFO - Started process (PID=1335) to work on /opt/airflow/dags/user_processing.py
[2023-10-03T08:08:23.557+0000] {processor.py:829} INFO - Processing file /opt/airflow/dags/user_processing.py for tasks to queue
[2023-10-03T08:08:23.559+0000] {logging_mixin.py:151} INFO - [2023-10-03T08:08:23.559+0000] {dagbag.py:539} INFO - Filling up the DagBag from /opt/airflow/dags/user_processing.py
[2023-10-03T08:08:23.762+0000] {processor.py:839} INFO - DAG(s) dict_keys(['user_processing']) retrieved from /opt/airflow/dags/user_processing.py
[2023-10-03T08:08:23.776+0000] {logging_mixin.py:151} INFO - [2023-10-03T08:08:23.775+0000] {dag.py:2915} INFO - Sync 1 DAGs
[2023-10-03T08:08:23.787+0000] {logging_mixin.py:151} INFO - [2023-10-03T08:08:23.787+0000] {dag.py:3696} INFO - Setting next_dagrun for user_processing to 2023-10-02T00:00:00+00:00, run_after=2023-10-03T00:00:00+00:00
[2023-10-03T08:08:23.794+0000] {processor.py:179} INFO - Processing /opt/airflow/dags/user_processing.py took 0.245 seconds
[2023-10-03T08:08:53.929+0000] {processor.py:157} INFO - Started process (PID=1394) to work on /opt/airflow/dags/user_processing.py
[2023-10-03T08:08:53.931+0000] {processor.py:829} INFO - Processing file /opt/airflow/dags/user_processing.py for tasks to queue
[2023-10-03T08:08:53.934+0000] {logging_mixin.py:151} INFO - [2023-10-03T08:08:53.933+0000] {dagbag.py:539} INFO - Filling up the DagBag from /opt/airflow/dags/user_processing.py
[2023-10-03T08:08:54.155+0000] {processor.py:839} INFO - DAG(s) dict_keys(['user_processing']) retrieved from /opt/airflow/dags/user_processing.py
[2023-10-03T08:08:54.177+0000] {logging_mixin.py:151} INFO - [2023-10-03T08:08:54.177+0000] {dag.py:2915} INFO - Sync 1 DAGs
[2023-10-03T08:08:54.189+0000] {logging_mixin.py:151} INFO - [2023-10-03T08:08:54.189+0000] {dag.py:3696} INFO - Setting next_dagrun for user_processing to 2023-10-02T00:00:00+00:00, run_after=2023-10-03T00:00:00+00:00
[2023-10-03T08:08:54.197+0000] {processor.py:179} INFO - Processing /opt/airflow/dags/user_processing.py took 0.274 seconds
[2023-10-03T08:09:24.342+0000] {processor.py:157} INFO - Started process (PID=1453) to work on /opt/airflow/dags/user_processing.py
[2023-10-03T08:09:24.345+0000] {processor.py:829} INFO - Processing file /opt/airflow/dags/user_processing.py for tasks to queue
[2023-10-03T08:09:24.349+0000] {logging_mixin.py:151} INFO - [2023-10-03T08:09:24.349+0000] {dagbag.py:539} INFO - Filling up the DagBag from /opt/airflow/dags/user_processing.py
[2023-10-03T08:09:24.549+0000] {processor.py:839} INFO - DAG(s) dict_keys(['user_processing']) retrieved from /opt/airflow/dags/user_processing.py
[2023-10-03T08:09:24.564+0000] {logging_mixin.py:151} INFO - [2023-10-03T08:09:24.564+0000] {dag.py:2915} INFO - Sync 1 DAGs
[2023-10-03T08:09:24.586+0000] {logging_mixin.py:151} INFO - [2023-10-03T08:09:24.586+0000] {dag.py:3696} INFO - Setting next_dagrun for user_processing to 2023-10-02T00:00:00+00:00, run_after=2023-10-03T00:00:00+00:00
[2023-10-03T08:09:24.597+0000] {processor.py:179} INFO - Processing /opt/airflow/dags/user_processing.py took 0.260 seconds
[2023-10-03T08:09:54.848+0000] {processor.py:157} INFO - Started process (PID=1512) to work on /opt/airflow/dags/user_processing.py
[2023-10-03T08:09:54.851+0000] {processor.py:829} INFO - Processing file /opt/airflow/dags/user_processing.py for tasks to queue
[2023-10-03T08:09:54.857+0000] {logging_mixin.py:151} INFO - [2023-10-03T08:09:54.857+0000] {dagbag.py:539} INFO - Filling up the DagBag from /opt/airflow/dags/user_processing.py
[2023-10-03T08:09:55.172+0000] {processor.py:839} INFO - DAG(s) dict_keys(['user_processing']) retrieved from /opt/airflow/dags/user_processing.py
[2023-10-03T08:09:55.211+0000] {logging_mixin.py:151} INFO - [2023-10-03T08:09:55.210+0000] {dag.py:2915} INFO - Sync 1 DAGs
[2023-10-03T08:09:55.278+0000] {logging_mixin.py:151} INFO - [2023-10-03T08:09:55.277+0000] {dag.py:3696} INFO - Setting next_dagrun for user_processing to 2023-10-02T00:00:00+00:00, run_after=2023-10-03T00:00:00+00:00
[2023-10-03T08:09:55.302+0000] {processor.py:179} INFO - Processing /opt/airflow/dags/user_processing.py took 0.467 seconds
[2023-10-03T08:10:26.237+0000] {processor.py:157} INFO - Started process (PID=1571) to work on /opt/airflow/dags/user_processing.py
[2023-10-03T08:10:26.240+0000] {processor.py:829} INFO - Processing file /opt/airflow/dags/user_processing.py for tasks to queue
[2023-10-03T08:10:26.242+0000] {logging_mixin.py:151} INFO - [2023-10-03T08:10:26.242+0000] {dagbag.py:539} INFO - Filling up the DagBag from /opt/airflow/dags/user_processing.py
[2023-10-03T08:10:26.432+0000] {processor.py:839} INFO - DAG(s) dict_keys(['user_processing']) retrieved from /opt/airflow/dags/user_processing.py
[2023-10-03T08:10:26.475+0000] {logging_mixin.py:151} INFO - [2023-10-03T08:10:26.475+0000] {security.py:708} INFO - Not syncing DAG-level permissions for DAG 'DAG:user_processing' as access control is unset.
[2023-10-03T08:10:26.475+0000] {logging_mixin.py:151} INFO - [2023-10-03T08:10:26.475+0000] {dag.py:2915} INFO - Sync 1 DAGs
[2023-10-03T08:10:26.484+0000] {logging_mixin.py:151} INFO - [2023-10-03T08:10:26.484+0000] {dag.py:3696} INFO - Setting next_dagrun for user_processing to 2023-10-02T00:00:00+00:00, run_after=2023-10-03T00:00:00+00:00
[2023-10-03T08:10:26.492+0000] {processor.py:179} INFO - Processing /opt/airflow/dags/user_processing.py took 0.260 seconds
[2023-10-03T08:10:57.501+0000] {processor.py:157} INFO - Started process (PID=1630) to work on /opt/airflow/dags/user_processing.py
[2023-10-03T08:10:57.504+0000] {processor.py:829} INFO - Processing file /opt/airflow/dags/user_processing.py for tasks to queue
[2023-10-03T08:10:57.513+0000] {logging_mixin.py:151} INFO - [2023-10-03T08:10:57.512+0000] {dagbag.py:539} INFO - Filling up the DagBag from /opt/airflow/dags/user_processing.py
[2023-10-03T08:10:57.729+0000] {processor.py:839} INFO - DAG(s) dict_keys(['user_processing']) retrieved from /opt/airflow/dags/user_processing.py
[2023-10-03T08:10:57.745+0000] {logging_mixin.py:151} INFO - [2023-10-03T08:10:57.745+0000] {dag.py:2915} INFO - Sync 1 DAGs
[2023-10-03T08:10:57.758+0000] {logging_mixin.py:151} INFO - [2023-10-03T08:10:57.758+0000] {dag.py:3696} INFO - Setting next_dagrun for user_processing to 2023-10-02T00:00:00+00:00, run_after=2023-10-03T00:00:00+00:00
[2023-10-03T08:10:57.766+0000] {processor.py:179} INFO - Processing /opt/airflow/dags/user_processing.py took 0.271 seconds
[2023-10-03T08:11:27.843+0000] {processor.py:157} INFO - Started process (PID=1689) to work on /opt/airflow/dags/user_processing.py
[2023-10-03T08:11:27.845+0000] {processor.py:829} INFO - Processing file /opt/airflow/dags/user_processing.py for tasks to queue
[2023-10-03T08:11:27.847+0000] {logging_mixin.py:151} INFO - [2023-10-03T08:11:27.846+0000] {dagbag.py:539} INFO - Filling up the DagBag from /opt/airflow/dags/user_processing.py
[2023-10-03T08:11:28.024+0000] {processor.py:839} INFO - DAG(s) dict_keys(['user_processing']) retrieved from /opt/airflow/dags/user_processing.py
[2023-10-03T08:11:28.035+0000] {logging_mixin.py:151} INFO - [2023-10-03T08:11:28.035+0000] {dag.py:2915} INFO - Sync 1 DAGs
[2023-10-03T08:11:28.047+0000] {logging_mixin.py:151} INFO - [2023-10-03T08:11:28.046+0000] {dag.py:3696} INFO - Setting next_dagrun for user_processing to 2023-10-02T00:00:00+00:00, run_after=2023-10-03T00:00:00+00:00
[2023-10-03T08:11:28.055+0000] {processor.py:179} INFO - Processing /opt/airflow/dags/user_processing.py took 0.215 seconds
[2023-10-03T08:11:58.202+0000] {processor.py:157} INFO - Started process (PID=1748) to work on /opt/airflow/dags/user_processing.py
[2023-10-03T08:11:58.203+0000] {processor.py:829} INFO - Processing file /opt/airflow/dags/user_processing.py for tasks to queue
[2023-10-03T08:11:58.207+0000] {logging_mixin.py:151} INFO - [2023-10-03T08:11:58.206+0000] {dagbag.py:539} INFO - Filling up the DagBag from /opt/airflow/dags/user_processing.py
[2023-10-03T08:11:58.425+0000] {processor.py:839} INFO - DAG(s) dict_keys(['user_processing']) retrieved from /opt/airflow/dags/user_processing.py
[2023-10-03T08:11:58.453+0000] {logging_mixin.py:151} INFO - [2023-10-03T08:11:58.452+0000] {dag.py:2915} INFO - Sync 1 DAGs
[2023-10-03T08:11:58.469+0000] {logging_mixin.py:151} INFO - [2023-10-03T08:11:58.469+0000] {dag.py:3696} INFO - Setting next_dagrun for user_processing to 2023-10-02T00:00:00+00:00, run_after=2023-10-03T00:00:00+00:00
[2023-10-03T08:11:58.477+0000] {processor.py:179} INFO - Processing /opt/airflow/dags/user_processing.py took 0.281 seconds
[2023-10-03T08:12:28.833+0000] {processor.py:157} INFO - Started process (PID=1809) to work on /opt/airflow/dags/user_processing.py
[2023-10-03T08:12:28.835+0000] {processor.py:829} INFO - Processing file /opt/airflow/dags/user_processing.py for tasks to queue
[2023-10-03T08:12:28.840+0000] {logging_mixin.py:151} INFO - [2023-10-03T08:12:28.839+0000] {dagbag.py:539} INFO - Filling up the DagBag from /opt/airflow/dags/user_processing.py
[2023-10-03T08:12:29.040+0000] {processor.py:839} INFO - DAG(s) dict_keys(['user_processing']) retrieved from /opt/airflow/dags/user_processing.py
[2023-10-03T08:12:29.056+0000] {logging_mixin.py:151} INFO - [2023-10-03T08:12:29.055+0000] {dag.py:2915} INFO - Sync 1 DAGs
[2023-10-03T08:12:29.068+0000] {logging_mixin.py:151} INFO - [2023-10-03T08:12:29.068+0000] {dag.py:3696} INFO - Setting next_dagrun for user_processing to 2023-10-02T00:00:00+00:00, run_after=2023-10-03T00:00:00+00:00
[2023-10-03T08:12:29.082+0000] {processor.py:179} INFO - Processing /opt/airflow/dags/user_processing.py took 0.256 seconds
[2023-10-03T08:13:35.077+0000] {processor.py:157} INFO - Started process (PID=33) to work on /opt/airflow/dags/user_processing.py
[2023-10-03T08:13:35.078+0000] {processor.py:829} INFO - Processing file /opt/airflow/dags/user_processing.py for tasks to queue
[2023-10-03T08:13:35.079+0000] {logging_mixin.py:151} INFO - [2023-10-03T08:13:35.079+0000] {dagbag.py:539} INFO - Filling up the DagBag from /opt/airflow/dags/user_processing.py
[2023-10-03T08:13:35.957+0000] {processor.py:839} INFO - DAG(s) dict_keys(['user_processing']) retrieved from /opt/airflow/dags/user_processing.py
[2023-10-03T08:13:36.092+0000] {logging_mixin.py:151} INFO - [2023-10-03T08:13:36.091+0000] {security.py:708} INFO - Not syncing DAG-level permissions for DAG 'DAG:user_processing' as access control is unset.
[2023-10-03T08:13:36.093+0000] {logging_mixin.py:151} INFO - [2023-10-03T08:13:36.092+0000] {dag.py:2915} INFO - Sync 1 DAGs
[2023-10-03T08:13:36.108+0000] {logging_mixin.py:151} INFO - [2023-10-03T08:13:36.108+0000] {dag.py:3696} INFO - Setting next_dagrun for user_processing to 2023-10-02T00:00:00+00:00, run_after=2023-10-03T00:00:00+00:00
[2023-10-03T08:13:36.124+0000] {processor.py:179} INFO - Processing /opt/airflow/dags/user_processing.py took 1.049 seconds
[2023-10-03T08:14:07.084+0000] {processor.py:157} INFO - Started process (PID=96) to work on /opt/airflow/dags/user_processing.py
[2023-10-03T08:14:07.089+0000] {processor.py:829} INFO - Processing file /opt/airflow/dags/user_processing.py for tasks to queue
[2023-10-03T08:14:07.092+0000] {logging_mixin.py:151} INFO - [2023-10-03T08:14:07.091+0000] {dagbag.py:539} INFO - Filling up the DagBag from /opt/airflow/dags/user_processing.py
[2023-10-03T08:14:07.807+0000] {processor.py:839} INFO - DAG(s) dict_keys(['user_processing']) retrieved from /opt/airflow/dags/user_processing.py
[2023-10-03T08:14:07.935+0000] {logging_mixin.py:151} INFO - [2023-10-03T08:14:07.932+0000] {dag.py:2915} INFO - Sync 1 DAGs
[2023-10-03T08:14:08.011+0000] {logging_mixin.py:151} INFO - [2023-10-03T08:14:08.009+0000] {dag.py:3696} INFO - Setting next_dagrun for user_processing to 2023-10-02T00:00:00+00:00, run_after=2023-10-03T00:00:00+00:00
[2023-10-03T08:14:08.056+0000] {processor.py:179} INFO - Processing /opt/airflow/dags/user_processing.py took 0.977 seconds
[2023-10-03T08:14:38.814+0000] {processor.py:157} INFO - Started process (PID=156) to work on /opt/airflow/dags/user_processing.py
[2023-10-03T08:14:38.816+0000] {processor.py:829} INFO - Processing file /opt/airflow/dags/user_processing.py for tasks to queue
[2023-10-03T08:14:38.819+0000] {logging_mixin.py:151} INFO - [2023-10-03T08:14:38.818+0000] {dagbag.py:539} INFO - Filling up the DagBag from /opt/airflow/dags/user_processing.py
[2023-10-03T08:14:39.063+0000] {processor.py:839} INFO - DAG(s) dict_keys(['user_processing']) retrieved from /opt/airflow/dags/user_processing.py
[2023-10-03T08:14:39.077+0000] {logging_mixin.py:151} INFO - [2023-10-03T08:14:39.076+0000] {dag.py:2915} INFO - Sync 1 DAGs
[2023-10-03T08:14:39.090+0000] {logging_mixin.py:151} INFO - [2023-10-03T08:14:39.090+0000] {dag.py:3696} INFO - Setting next_dagrun for user_processing to 2023-10-02T00:00:00+00:00, run_after=2023-10-03T00:00:00+00:00
[2023-10-03T08:14:39.097+0000] {processor.py:179} INFO - Processing /opt/airflow/dags/user_processing.py took 0.288 seconds
[2023-10-03T08:15:09.822+0000] {processor.py:157} INFO - Started process (PID=216) to work on /opt/airflow/dags/user_processing.py
[2023-10-03T08:15:09.823+0000] {processor.py:829} INFO - Processing file /opt/airflow/dags/user_processing.py for tasks to queue
[2023-10-03T08:15:09.828+0000] {logging_mixin.py:151} INFO - [2023-10-03T08:15:09.828+0000] {dagbag.py:539} INFO - Filling up the DagBag from /opt/airflow/dags/user_processing.py
[2023-10-03T08:15:10.079+0000] {processor.py:839} INFO - DAG(s) dict_keys(['user_processing']) retrieved from /opt/airflow/dags/user_processing.py
[2023-10-03T08:15:10.092+0000] {logging_mixin.py:151} INFO - [2023-10-03T08:15:10.091+0000] {dag.py:2915} INFO - Sync 1 DAGs
[2023-10-03T08:15:10.103+0000] {logging_mixin.py:151} INFO - [2023-10-03T08:15:10.103+0000] {dag.py:3696} INFO - Setting next_dagrun for user_processing to 2023-10-02T00:00:00+00:00, run_after=2023-10-03T00:00:00+00:00
[2023-10-03T08:15:10.112+0000] {processor.py:179} INFO - Processing /opt/airflow/dags/user_processing.py took 0.293 seconds
[2023-10-03T08:15:40.174+0000] {processor.py:157} INFO - Started process (PID=277) to work on /opt/airflow/dags/user_processing.py
[2023-10-03T08:15:40.175+0000] {processor.py:829} INFO - Processing file /opt/airflow/dags/user_processing.py for tasks to queue
[2023-10-03T08:15:40.177+0000] {logging_mixin.py:151} INFO - [2023-10-03T08:15:40.177+0000] {dagbag.py:539} INFO - Filling up the DagBag from /opt/airflow/dags/user_processing.py
[2023-10-03T08:15:40.422+0000] {processor.py:839} INFO - DAG(s) dict_keys(['user_processing']) retrieved from /opt/airflow/dags/user_processing.py
[2023-10-03T08:15:40.436+0000] {logging_mixin.py:151} INFO - [2023-10-03T08:15:40.436+0000] {dag.py:2915} INFO - Sync 1 DAGs
[2023-10-03T08:15:40.451+0000] {logging_mixin.py:151} INFO - [2023-10-03T08:15:40.450+0000] {dag.py:3696} INFO - Setting next_dagrun for user_processing to 2023-10-02T00:00:00+00:00, run_after=2023-10-03T00:00:00+00:00
[2023-10-03T08:15:40.459+0000] {processor.py:179} INFO - Processing /opt/airflow/dags/user_processing.py took 0.289 seconds
[2023-10-03T08:16:10.569+0000] {processor.py:157} INFO - Started process (PID=337) to work on /opt/airflow/dags/user_processing.py
[2023-10-03T08:16:10.571+0000] {processor.py:829} INFO - Processing file /opt/airflow/dags/user_processing.py for tasks to queue
[2023-10-03T08:16:10.575+0000] {logging_mixin.py:151} INFO - [2023-10-03T08:16:10.574+0000] {dagbag.py:539} INFO - Filling up the DagBag from /opt/airflow/dags/user_processing.py
[2023-10-03T08:16:10.832+0000] {processor.py:839} INFO - DAG(s) dict_keys(['user_processing']) retrieved from /opt/airflow/dags/user_processing.py
[2023-10-03T08:16:10.850+0000] {logging_mixin.py:151} INFO - [2023-10-03T08:16:10.849+0000] {dag.py:2915} INFO - Sync 1 DAGs
[2023-10-03T08:16:10.864+0000] {logging_mixin.py:151} INFO - [2023-10-03T08:16:10.864+0000] {dag.py:3696} INFO - Setting next_dagrun for user_processing to 2023-10-02T00:00:00+00:00, run_after=2023-10-03T00:00:00+00:00
[2023-10-03T08:16:10.872+0000] {processor.py:179} INFO - Processing /opt/airflow/dags/user_processing.py took 0.308 seconds
[2023-10-03T08:16:41.161+0000] {processor.py:157} INFO - Started process (PID=397) to work on /opt/airflow/dags/user_processing.py
[2023-10-03T08:16:41.163+0000] {processor.py:829} INFO - Processing file /opt/airflow/dags/user_processing.py for tasks to queue
[2023-10-03T08:16:41.168+0000] {logging_mixin.py:151} INFO - [2023-10-03T08:16:41.167+0000] {dagbag.py:539} INFO - Filling up the DagBag from /opt/airflow/dags/user_processing.py
[2023-10-03T08:16:41.464+0000] {processor.py:839} INFO - DAG(s) dict_keys(['user_processing']) retrieved from /opt/airflow/dags/user_processing.py
[2023-10-03T08:16:41.481+0000] {logging_mixin.py:151} INFO - [2023-10-03T08:16:41.480+0000] {dag.py:2915} INFO - Sync 1 DAGs
[2023-10-03T08:16:41.497+0000] {logging_mixin.py:151} INFO - [2023-10-03T08:16:41.496+0000] {dag.py:3696} INFO - Setting next_dagrun for user_processing to 2023-10-02T00:00:00+00:00, run_after=2023-10-03T00:00:00+00:00
[2023-10-03T08:16:41.505+0000] {processor.py:179} INFO - Processing /opt/airflow/dags/user_processing.py took 0.350 seconds
[2023-10-03T08:17:11.799+0000] {processor.py:157} INFO - Started process (PID=458) to work on /opt/airflow/dags/user_processing.py
[2023-10-03T08:17:11.800+0000] {processor.py:829} INFO - Processing file /opt/airflow/dags/user_processing.py for tasks to queue
[2023-10-03T08:17:11.802+0000] {logging_mixin.py:151} INFO - [2023-10-03T08:17:11.802+0000] {dagbag.py:539} INFO - Filling up the DagBag from /opt/airflow/dags/user_processing.py
[2023-10-03T08:17:11.986+0000] {processor.py:839} INFO - DAG(s) dict_keys(['user_processing']) retrieved from /opt/airflow/dags/user_processing.py
[2023-10-03T08:17:11.998+0000] {logging_mixin.py:151} INFO - [2023-10-03T08:17:11.998+0000] {dag.py:2915} INFO - Sync 1 DAGs
[2023-10-03T08:17:12.009+0000] {logging_mixin.py:151} INFO - [2023-10-03T08:17:12.009+0000] {dag.py:3696} INFO - Setting next_dagrun for user_processing to 2023-10-02T00:00:00+00:00, run_after=2023-10-03T00:00:00+00:00
[2023-10-03T08:17:12.017+0000] {processor.py:179} INFO - Processing /opt/airflow/dags/user_processing.py took 0.220 seconds
