[2023-10-02T08:54:29.561+0000] {processor.py:157} INFO - Started process (PID=44) to work on /home/airflow/.local/lib/python3.8/site-packages/airflow/example_dags/example_external_task_marker_dag.py
[2023-10-02T08:54:29.562+0000] {processor.py:829} INFO - Processing file /home/airflow/.local/lib/python3.8/site-packages/airflow/example_dags/example_external_task_marker_dag.py for tasks to queue
[2023-10-02T08:54:29.565+0000] {logging_mixin.py:151} INFO - [2023-10-02T08:54:29.565+0000] {dagbag.py:539} INFO - Filling up the DagBag from /home/airflow/.local/lib/python3.8/site-packages/airflow/example_dags/example_external_task_marker_dag.py
[2023-10-02T08:54:29.577+0000] {processor.py:839} INFO - DAG(s) dict_keys(['example_external_task_marker_parent', 'example_external_task_marker_child']) retrieved from /home/airflow/.local/lib/python3.8/site-packages/airflow/example_dags/example_external_task_marker_dag.py
[2023-10-02T08:54:29.625+0000] {logging_mixin.py:151} INFO - [2023-10-02T08:54:29.625+0000] {dag.py:2915} INFO - Sync 2 DAGs
[2023-10-02T08:54:29.653+0000] {logging_mixin.py:151} INFO - [2023-10-02T08:54:29.653+0000] {dag.py:3696} INFO - Setting next_dagrun for example_external_task_marker_child to None, run_after=None
[2023-10-02T08:54:29.658+0000] {logging_mixin.py:151} INFO - [2023-10-02T08:54:29.658+0000] {dag.py:3696} INFO - Setting next_dagrun for example_external_task_marker_parent to None, run_after=None
[2023-10-02T08:54:29.679+0000] {processor.py:179} INFO - Processing /home/airflow/.local/lib/python3.8/site-packages/airflow/example_dags/example_external_task_marker_dag.py took 0.121 seconds
[2023-10-02T08:55:01.125+0000] {processor.py:157} INFO - Started process (PID=101) to work on /home/airflow/.local/lib/python3.8/site-packages/airflow/example_dags/example_external_task_marker_dag.py
[2023-10-02T08:55:01.126+0000] {processor.py:829} INFO - Processing file /home/airflow/.local/lib/python3.8/site-packages/airflow/example_dags/example_external_task_marker_dag.py for tasks to queue
[2023-10-02T08:55:01.127+0000] {logging_mixin.py:151} INFO - [2023-10-02T08:55:01.127+0000] {dagbag.py:539} INFO - Filling up the DagBag from /home/airflow/.local/lib/python3.8/site-packages/airflow/example_dags/example_external_task_marker_dag.py
[2023-10-02T08:55:01.132+0000] {processor.py:839} INFO - DAG(s) dict_keys(['example_external_task_marker_parent', 'example_external_task_marker_child']) retrieved from /home/airflow/.local/lib/python3.8/site-packages/airflow/example_dags/example_external_task_marker_dag.py
[2023-10-02T08:55:01.145+0000] {logging_mixin.py:151} INFO - [2023-10-02T08:55:01.145+0000] {dag.py:2915} INFO - Sync 2 DAGs
[2023-10-02T08:55:01.151+0000] {logging_mixin.py:151} INFO - [2023-10-02T08:55:01.151+0000] {dag.py:3696} INFO - Setting next_dagrun for example_external_task_marker_child to None, run_after=None
[2023-10-02T08:55:01.153+0000] {logging_mixin.py:151} INFO - [2023-10-02T08:55:01.153+0000] {dag.py:3696} INFO - Setting next_dagrun for example_external_task_marker_parent to None, run_after=None
[2023-10-02T08:55:01.160+0000] {processor.py:179} INFO - Processing /home/airflow/.local/lib/python3.8/site-packages/airflow/example_dags/example_external_task_marker_dag.py took 0.037 seconds
[2023-10-02T08:55:31.748+0000] {processor.py:157} INFO - Started process (PID=158) to work on /home/airflow/.local/lib/python3.8/site-packages/airflow/example_dags/example_external_task_marker_dag.py
[2023-10-02T08:55:31.749+0000] {processor.py:829} INFO - Processing file /home/airflow/.local/lib/python3.8/site-packages/airflow/example_dags/example_external_task_marker_dag.py for tasks to queue
[2023-10-02T08:55:31.750+0000] {logging_mixin.py:151} INFO - [2023-10-02T08:55:31.750+0000] {dagbag.py:539} INFO - Filling up the DagBag from /home/airflow/.local/lib/python3.8/site-packages/airflow/example_dags/example_external_task_marker_dag.py
[2023-10-02T08:55:31.753+0000] {processor.py:839} INFO - DAG(s) dict_keys(['example_external_task_marker_parent', 'example_external_task_marker_child']) retrieved from /home/airflow/.local/lib/python3.8/site-packages/airflow/example_dags/example_external_task_marker_dag.py
[2023-10-02T08:55:31.765+0000] {logging_mixin.py:151} INFO - [2023-10-02T08:55:31.765+0000] {dag.py:2915} INFO - Sync 2 DAGs
[2023-10-02T08:55:31.771+0000] {logging_mixin.py:151} INFO - [2023-10-02T08:55:31.771+0000] {dag.py:3696} INFO - Setting next_dagrun for example_external_task_marker_child to None, run_after=None
[2023-10-02T08:55:31.772+0000] {logging_mixin.py:151} INFO - [2023-10-02T08:55:31.772+0000] {dag.py:3696} INFO - Setting next_dagrun for example_external_task_marker_parent to None, run_after=None
[2023-10-02T08:55:31.779+0000] {processor.py:179} INFO - Processing /home/airflow/.local/lib/python3.8/site-packages/airflow/example_dags/example_external_task_marker_dag.py took 0.032 seconds
[2023-10-02T08:56:02.206+0000] {processor.py:157} INFO - Started process (PID=215) to work on /home/airflow/.local/lib/python3.8/site-packages/airflow/example_dags/example_external_task_marker_dag.py
[2023-10-02T08:56:02.207+0000] {processor.py:829} INFO - Processing file /home/airflow/.local/lib/python3.8/site-packages/airflow/example_dags/example_external_task_marker_dag.py for tasks to queue
[2023-10-02T08:56:02.208+0000] {logging_mixin.py:151} INFO - [2023-10-02T08:56:02.208+0000] {dagbag.py:539} INFO - Filling up the DagBag from /home/airflow/.local/lib/python3.8/site-packages/airflow/example_dags/example_external_task_marker_dag.py
[2023-10-02T08:56:02.211+0000] {processor.py:839} INFO - DAG(s) dict_keys(['example_external_task_marker_parent', 'example_external_task_marker_child']) retrieved from /home/airflow/.local/lib/python3.8/site-packages/airflow/example_dags/example_external_task_marker_dag.py
[2023-10-02T08:56:02.223+0000] {logging_mixin.py:151} INFO - [2023-10-02T08:56:02.223+0000] {dag.py:2915} INFO - Sync 2 DAGs
[2023-10-02T08:56:02.229+0000] {logging_mixin.py:151} INFO - [2023-10-02T08:56:02.229+0000] {dag.py:3696} INFO - Setting next_dagrun for example_external_task_marker_child to None, run_after=None
[2023-10-02T08:56:02.230+0000] {logging_mixin.py:151} INFO - [2023-10-02T08:56:02.230+0000] {dag.py:3696} INFO - Setting next_dagrun for example_external_task_marker_parent to None, run_after=None
[2023-10-02T08:56:02.238+0000] {processor.py:179} INFO - Processing /home/airflow/.local/lib/python3.8/site-packages/airflow/example_dags/example_external_task_marker_dag.py took 0.033 seconds
[2023-10-02T08:56:33.219+0000] {processor.py:157} INFO - Started process (PID=272) to work on /home/airflow/.local/lib/python3.8/site-packages/airflow/example_dags/example_external_task_marker_dag.py
[2023-10-02T08:56:33.220+0000] {processor.py:829} INFO - Processing file /home/airflow/.local/lib/python3.8/site-packages/airflow/example_dags/example_external_task_marker_dag.py for tasks to queue
[2023-10-02T08:56:33.221+0000] {logging_mixin.py:151} INFO - [2023-10-02T08:56:33.220+0000] {dagbag.py:539} INFO - Filling up the DagBag from /home/airflow/.local/lib/python3.8/site-packages/airflow/example_dags/example_external_task_marker_dag.py
[2023-10-02T08:56:33.224+0000] {processor.py:839} INFO - DAG(s) dict_keys(['example_external_task_marker_child', 'example_external_task_marker_parent']) retrieved from /home/airflow/.local/lib/python3.8/site-packages/airflow/example_dags/example_external_task_marker_dag.py
[2023-10-02T08:56:33.236+0000] {logging_mixin.py:151} INFO - [2023-10-02T08:56:33.235+0000] {dag.py:2915} INFO - Sync 2 DAGs
[2023-10-02T08:56:33.241+0000] {logging_mixin.py:151} INFO - [2023-10-02T08:56:33.241+0000] {dag.py:3696} INFO - Setting next_dagrun for example_external_task_marker_child to None, run_after=None
[2023-10-02T08:56:33.242+0000] {logging_mixin.py:151} INFO - [2023-10-02T08:56:33.242+0000] {dag.py:3696} INFO - Setting next_dagrun for example_external_task_marker_parent to None, run_after=None
[2023-10-02T08:56:33.249+0000] {processor.py:179} INFO - Processing /home/airflow/.local/lib/python3.8/site-packages/airflow/example_dags/example_external_task_marker_dag.py took 0.032 seconds
[2023-10-02T08:57:04.197+0000] {processor.py:157} INFO - Started process (PID=329) to work on /home/airflow/.local/lib/python3.8/site-packages/airflow/example_dags/example_external_task_marker_dag.py
[2023-10-02T08:57:04.198+0000] {processor.py:829} INFO - Processing file /home/airflow/.local/lib/python3.8/site-packages/airflow/example_dags/example_external_task_marker_dag.py for tasks to queue
[2023-10-02T08:57:04.199+0000] {logging_mixin.py:151} INFO - [2023-10-02T08:57:04.199+0000] {dagbag.py:539} INFO - Filling up the DagBag from /home/airflow/.local/lib/python3.8/site-packages/airflow/example_dags/example_external_task_marker_dag.py
[2023-10-02T08:57:04.202+0000] {processor.py:839} INFO - DAG(s) dict_keys(['example_external_task_marker_child', 'example_external_task_marker_parent']) retrieved from /home/airflow/.local/lib/python3.8/site-packages/airflow/example_dags/example_external_task_marker_dag.py
[2023-10-02T08:57:04.214+0000] {logging_mixin.py:151} INFO - [2023-10-02T08:57:04.214+0000] {dag.py:2915} INFO - Sync 2 DAGs
[2023-10-02T08:57:04.220+0000] {logging_mixin.py:151} INFO - [2023-10-02T08:57:04.220+0000] {dag.py:3696} INFO - Setting next_dagrun for example_external_task_marker_child to None, run_after=None
[2023-10-02T08:57:04.222+0000] {logging_mixin.py:151} INFO - [2023-10-02T08:57:04.221+0000] {dag.py:3696} INFO - Setting next_dagrun for example_external_task_marker_parent to None, run_after=None
[2023-10-02T08:57:04.228+0000] {processor.py:179} INFO - Processing /home/airflow/.local/lib/python3.8/site-packages/airflow/example_dags/example_external_task_marker_dag.py took 0.033 seconds
[2023-10-02T08:57:35.067+0000] {processor.py:157} INFO - Started process (PID=386) to work on /home/airflow/.local/lib/python3.8/site-packages/airflow/example_dags/example_external_task_marker_dag.py
[2023-10-02T08:57:35.068+0000] {processor.py:829} INFO - Processing file /home/airflow/.local/lib/python3.8/site-packages/airflow/example_dags/example_external_task_marker_dag.py for tasks to queue
[2023-10-02T08:57:35.069+0000] {logging_mixin.py:151} INFO - [2023-10-02T08:57:35.069+0000] {dagbag.py:539} INFO - Filling up the DagBag from /home/airflow/.local/lib/python3.8/site-packages/airflow/example_dags/example_external_task_marker_dag.py
[2023-10-02T08:57:35.073+0000] {processor.py:839} INFO - DAG(s) dict_keys(['example_external_task_marker_parent', 'example_external_task_marker_child']) retrieved from /home/airflow/.local/lib/python3.8/site-packages/airflow/example_dags/example_external_task_marker_dag.py
[2023-10-02T08:57:35.084+0000] {logging_mixin.py:151} INFO - [2023-10-02T08:57:35.084+0000] {dag.py:2915} INFO - Sync 2 DAGs
[2023-10-02T08:57:35.090+0000] {logging_mixin.py:151} INFO - [2023-10-02T08:57:35.090+0000] {dag.py:3696} INFO - Setting next_dagrun for example_external_task_marker_child to None, run_after=None
[2023-10-02T08:57:35.091+0000] {logging_mixin.py:151} INFO - [2023-10-02T08:57:35.091+0000] {dag.py:3696} INFO - Setting next_dagrun for example_external_task_marker_parent to None, run_after=None
[2023-10-02T08:57:35.098+0000] {processor.py:179} INFO - Processing /home/airflow/.local/lib/python3.8/site-packages/airflow/example_dags/example_external_task_marker_dag.py took 0.033 seconds
[2023-10-02T08:58:06.037+0000] {processor.py:157} INFO - Started process (PID=443) to work on /home/airflow/.local/lib/python3.8/site-packages/airflow/example_dags/example_external_task_marker_dag.py
[2023-10-02T08:58:06.038+0000] {processor.py:829} INFO - Processing file /home/airflow/.local/lib/python3.8/site-packages/airflow/example_dags/example_external_task_marker_dag.py for tasks to queue
[2023-10-02T08:58:06.039+0000] {logging_mixin.py:151} INFO - [2023-10-02T08:58:06.039+0000] {dagbag.py:539} INFO - Filling up the DagBag from /home/airflow/.local/lib/python3.8/site-packages/airflow/example_dags/example_external_task_marker_dag.py
[2023-10-02T08:58:06.043+0000] {processor.py:839} INFO - DAG(s) dict_keys(['example_external_task_marker_parent', 'example_external_task_marker_child']) retrieved from /home/airflow/.local/lib/python3.8/site-packages/airflow/example_dags/example_external_task_marker_dag.py
[2023-10-02T08:58:06.055+0000] {logging_mixin.py:151} INFO - [2023-10-02T08:58:06.055+0000] {dag.py:2915} INFO - Sync 2 DAGs
[2023-10-02T08:58:06.061+0000] {logging_mixin.py:151} INFO - [2023-10-02T08:58:06.061+0000] {dag.py:3696} INFO - Setting next_dagrun for example_external_task_marker_child to None, run_after=None
[2023-10-02T08:58:06.062+0000] {logging_mixin.py:151} INFO - [2023-10-02T08:58:06.062+0000] {dag.py:3696} INFO - Setting next_dagrun for example_external_task_marker_parent to None, run_after=None
[2023-10-02T08:58:06.069+0000] {processor.py:179} INFO - Processing /home/airflow/.local/lib/python3.8/site-packages/airflow/example_dags/example_external_task_marker_dag.py took 0.033 seconds
[2023-10-02T08:58:36.978+0000] {processor.py:157} INFO - Started process (PID=500) to work on /home/airflow/.local/lib/python3.8/site-packages/airflow/example_dags/example_external_task_marker_dag.py
[2023-10-02T08:58:36.978+0000] {processor.py:829} INFO - Processing file /home/airflow/.local/lib/python3.8/site-packages/airflow/example_dags/example_external_task_marker_dag.py for tasks to queue
[2023-10-02T08:58:36.980+0000] {logging_mixin.py:151} INFO - [2023-10-02T08:58:36.980+0000] {dagbag.py:539} INFO - Filling up the DagBag from /home/airflow/.local/lib/python3.8/site-packages/airflow/example_dags/example_external_task_marker_dag.py
[2023-10-02T08:58:36.983+0000] {processor.py:839} INFO - DAG(s) dict_keys(['example_external_task_marker_child', 'example_external_task_marker_parent']) retrieved from /home/airflow/.local/lib/python3.8/site-packages/airflow/example_dags/example_external_task_marker_dag.py
[2023-10-02T08:58:36.995+0000] {logging_mixin.py:151} INFO - [2023-10-02T08:58:36.995+0000] {dag.py:2915} INFO - Sync 2 DAGs
[2023-10-02T08:58:37.001+0000] {logging_mixin.py:151} INFO - [2023-10-02T08:58:37.001+0000] {dag.py:3696} INFO - Setting next_dagrun for example_external_task_marker_child to None, run_after=None
[2023-10-02T08:58:37.002+0000] {logging_mixin.py:151} INFO - [2023-10-02T08:58:37.002+0000] {dag.py:3696} INFO - Setting next_dagrun for example_external_task_marker_parent to None, run_after=None
[2023-10-02T08:58:37.009+0000] {processor.py:179} INFO - Processing /home/airflow/.local/lib/python3.8/site-packages/airflow/example_dags/example_external_task_marker_dag.py took 0.033 seconds
[2023-10-02T08:59:07.844+0000] {processor.py:157} INFO - Started process (PID=558) to work on /home/airflow/.local/lib/python3.8/site-packages/airflow/example_dags/example_external_task_marker_dag.py
[2023-10-02T08:59:07.844+0000] {processor.py:829} INFO - Processing file /home/airflow/.local/lib/python3.8/site-packages/airflow/example_dags/example_external_task_marker_dag.py for tasks to queue
[2023-10-02T08:59:07.845+0000] {logging_mixin.py:151} INFO - [2023-10-02T08:59:07.845+0000] {dagbag.py:539} INFO - Filling up the DagBag from /home/airflow/.local/lib/python3.8/site-packages/airflow/example_dags/example_external_task_marker_dag.py
[2023-10-02T08:59:07.849+0000] {processor.py:839} INFO - DAG(s) dict_keys(['example_external_task_marker_child', 'example_external_task_marker_parent']) retrieved from /home/airflow/.local/lib/python3.8/site-packages/airflow/example_dags/example_external_task_marker_dag.py
[2023-10-02T08:59:07.860+0000] {logging_mixin.py:151} INFO - [2023-10-02T08:59:07.860+0000] {dag.py:2915} INFO - Sync 2 DAGs
[2023-10-02T08:59:07.866+0000] {logging_mixin.py:151} INFO - [2023-10-02T08:59:07.866+0000] {dag.py:3696} INFO - Setting next_dagrun for example_external_task_marker_child to None, run_after=None
[2023-10-02T08:59:07.868+0000] {logging_mixin.py:151} INFO - [2023-10-02T08:59:07.868+0000] {dag.py:3696} INFO - Setting next_dagrun for example_external_task_marker_parent to None, run_after=None
[2023-10-02T08:59:07.874+0000] {processor.py:179} INFO - Processing /home/airflow/.local/lib/python3.8/site-packages/airflow/example_dags/example_external_task_marker_dag.py took 0.033 seconds
[2023-10-02T08:59:38.940+0000] {processor.py:157} INFO - Started process (PID=615) to work on /home/airflow/.local/lib/python3.8/site-packages/airflow/example_dags/example_external_task_marker_dag.py
[2023-10-02T08:59:38.941+0000] {processor.py:829} INFO - Processing file /home/airflow/.local/lib/python3.8/site-packages/airflow/example_dags/example_external_task_marker_dag.py for tasks to queue
[2023-10-02T08:59:38.942+0000] {logging_mixin.py:151} INFO - [2023-10-02T08:59:38.942+0000] {dagbag.py:539} INFO - Filling up the DagBag from /home/airflow/.local/lib/python3.8/site-packages/airflow/example_dags/example_external_task_marker_dag.py
[2023-10-02T08:59:38.946+0000] {processor.py:839} INFO - DAG(s) dict_keys(['example_external_task_marker_parent', 'example_external_task_marker_child']) retrieved from /home/airflow/.local/lib/python3.8/site-packages/airflow/example_dags/example_external_task_marker_dag.py
[2023-10-02T08:59:38.961+0000] {logging_mixin.py:151} INFO - [2023-10-02T08:59:38.961+0000] {dag.py:2915} INFO - Sync 2 DAGs
[2023-10-02T08:59:38.971+0000] {logging_mixin.py:151} INFO - [2023-10-02T08:59:38.971+0000] {dag.py:3696} INFO - Setting next_dagrun for example_external_task_marker_child to None, run_after=None
[2023-10-02T08:59:38.974+0000] {logging_mixin.py:151} INFO - [2023-10-02T08:59:38.974+0000] {dag.py:3696} INFO - Setting next_dagrun for example_external_task_marker_parent to None, run_after=None
[2023-10-02T08:59:38.982+0000] {processor.py:179} INFO - Processing /home/airflow/.local/lib/python3.8/site-packages/airflow/example_dags/example_external_task_marker_dag.py took 0.044 seconds
[2023-10-02T09:00:10.164+0000] {processor.py:157} INFO - Started process (PID=672) to work on /home/airflow/.local/lib/python3.8/site-packages/airflow/example_dags/example_external_task_marker_dag.py
[2023-10-02T09:00:10.165+0000] {processor.py:829} INFO - Processing file /home/airflow/.local/lib/python3.8/site-packages/airflow/example_dags/example_external_task_marker_dag.py for tasks to queue
[2023-10-02T09:00:10.166+0000] {logging_mixin.py:151} INFO - [2023-10-02T09:00:10.166+0000] {dagbag.py:539} INFO - Filling up the DagBag from /home/airflow/.local/lib/python3.8/site-packages/airflow/example_dags/example_external_task_marker_dag.py
[2023-10-02T09:00:10.170+0000] {processor.py:839} INFO - DAG(s) dict_keys(['example_external_task_marker_child', 'example_external_task_marker_parent']) retrieved from /home/airflow/.local/lib/python3.8/site-packages/airflow/example_dags/example_external_task_marker_dag.py
[2023-10-02T09:00:10.181+0000] {logging_mixin.py:151} INFO - [2023-10-02T09:00:10.181+0000] {dag.py:2915} INFO - Sync 2 DAGs
[2023-10-02T09:00:10.186+0000] {logging_mixin.py:151} INFO - [2023-10-02T09:00:10.186+0000] {dag.py:3696} INFO - Setting next_dagrun for example_external_task_marker_child to None, run_after=None
[2023-10-02T09:00:10.188+0000] {logging_mixin.py:151} INFO - [2023-10-02T09:00:10.188+0000] {dag.py:3696} INFO - Setting next_dagrun for example_external_task_marker_parent to None, run_after=None
[2023-10-02T09:00:10.195+0000] {processor.py:179} INFO - Processing /home/airflow/.local/lib/python3.8/site-packages/airflow/example_dags/example_external_task_marker_dag.py took 0.033 seconds
[2023-10-02T09:00:41.153+0000] {processor.py:157} INFO - Started process (PID=729) to work on /home/airflow/.local/lib/python3.8/site-packages/airflow/example_dags/example_external_task_marker_dag.py
[2023-10-02T09:00:41.154+0000] {processor.py:829} INFO - Processing file /home/airflow/.local/lib/python3.8/site-packages/airflow/example_dags/example_external_task_marker_dag.py for tasks to queue
[2023-10-02T09:00:41.155+0000] {logging_mixin.py:151} INFO - [2023-10-02T09:00:41.155+0000] {dagbag.py:539} INFO - Filling up the DagBag from /home/airflow/.local/lib/python3.8/site-packages/airflow/example_dags/example_external_task_marker_dag.py
[2023-10-02T09:00:41.158+0000] {processor.py:839} INFO - DAG(s) dict_keys(['example_external_task_marker_parent', 'example_external_task_marker_child']) retrieved from /home/airflow/.local/lib/python3.8/site-packages/airflow/example_dags/example_external_task_marker_dag.py
[2023-10-02T09:00:41.169+0000] {logging_mixin.py:151} INFO - [2023-10-02T09:00:41.169+0000] {dag.py:2915} INFO - Sync 2 DAGs
[2023-10-02T09:00:41.175+0000] {logging_mixin.py:151} INFO - [2023-10-02T09:00:41.175+0000] {dag.py:3696} INFO - Setting next_dagrun for example_external_task_marker_child to None, run_after=None
[2023-10-02T09:00:41.177+0000] {logging_mixin.py:151} INFO - [2023-10-02T09:00:41.177+0000] {dag.py:3696} INFO - Setting next_dagrun for example_external_task_marker_parent to None, run_after=None
[2023-10-02T09:00:41.184+0000] {processor.py:179} INFO - Processing /home/airflow/.local/lib/python3.8/site-packages/airflow/example_dags/example_external_task_marker_dag.py took 0.033 seconds
[2023-10-02T09:01:12.110+0000] {processor.py:157} INFO - Started process (PID=786) to work on /home/airflow/.local/lib/python3.8/site-packages/airflow/example_dags/example_external_task_marker_dag.py
[2023-10-02T09:01:12.110+0000] {processor.py:829} INFO - Processing file /home/airflow/.local/lib/python3.8/site-packages/airflow/example_dags/example_external_task_marker_dag.py for tasks to queue
[2023-10-02T09:01:12.111+0000] {logging_mixin.py:151} INFO - [2023-10-02T09:01:12.111+0000] {dagbag.py:539} INFO - Filling up the DagBag from /home/airflow/.local/lib/python3.8/site-packages/airflow/example_dags/example_external_task_marker_dag.py
[2023-10-02T09:01:12.115+0000] {processor.py:839} INFO - DAG(s) dict_keys(['example_external_task_marker_child', 'example_external_task_marker_parent']) retrieved from /home/airflow/.local/lib/python3.8/site-packages/airflow/example_dags/example_external_task_marker_dag.py
[2023-10-02T09:01:12.127+0000] {logging_mixin.py:151} INFO - [2023-10-02T09:01:12.126+0000] {dag.py:2915} INFO - Sync 2 DAGs
[2023-10-02T09:01:12.132+0000] {logging_mixin.py:151} INFO - [2023-10-02T09:01:12.132+0000] {dag.py:3696} INFO - Setting next_dagrun for example_external_task_marker_child to None, run_after=None
[2023-10-02T09:01:12.134+0000] {logging_mixin.py:151} INFO - [2023-10-02T09:01:12.134+0000] {dag.py:3696} INFO - Setting next_dagrun for example_external_task_marker_parent to None, run_after=None
[2023-10-02T09:01:12.140+0000] {processor.py:179} INFO - Processing /home/airflow/.local/lib/python3.8/site-packages/airflow/example_dags/example_external_task_marker_dag.py took 0.032 seconds
[2023-10-02T09:01:43.192+0000] {processor.py:157} INFO - Started process (PID=843) to work on /home/airflow/.local/lib/python3.8/site-packages/airflow/example_dags/example_external_task_marker_dag.py
[2023-10-02T09:01:43.193+0000] {processor.py:829} INFO - Processing file /home/airflow/.local/lib/python3.8/site-packages/airflow/example_dags/example_external_task_marker_dag.py for tasks to queue
[2023-10-02T09:01:43.194+0000] {logging_mixin.py:151} INFO - [2023-10-02T09:01:43.194+0000] {dagbag.py:539} INFO - Filling up the DagBag from /home/airflow/.local/lib/python3.8/site-packages/airflow/example_dags/example_external_task_marker_dag.py
[2023-10-02T09:01:43.197+0000] {processor.py:839} INFO - DAG(s) dict_keys(['example_external_task_marker_parent', 'example_external_task_marker_child']) retrieved from /home/airflow/.local/lib/python3.8/site-packages/airflow/example_dags/example_external_task_marker_dag.py
[2023-10-02T09:01:43.209+0000] {logging_mixin.py:151} INFO - [2023-10-02T09:01:43.209+0000] {dag.py:2915} INFO - Sync 2 DAGs
[2023-10-02T09:01:43.215+0000] {logging_mixin.py:151} INFO - [2023-10-02T09:01:43.215+0000] {dag.py:3696} INFO - Setting next_dagrun for example_external_task_marker_child to None, run_after=None
[2023-10-02T09:01:43.216+0000] {logging_mixin.py:151} INFO - [2023-10-02T09:01:43.216+0000] {dag.py:3696} INFO - Setting next_dagrun for example_external_task_marker_parent to None, run_after=None
[2023-10-02T09:01:43.223+0000] {processor.py:179} INFO - Processing /home/airflow/.local/lib/python3.8/site-packages/airflow/example_dags/example_external_task_marker_dag.py took 0.033 seconds
[2023-10-02T09:02:14.152+0000] {processor.py:157} INFO - Started process (PID=900) to work on /home/airflow/.local/lib/python3.8/site-packages/airflow/example_dags/example_external_task_marker_dag.py
[2023-10-02T09:02:14.153+0000] {processor.py:829} INFO - Processing file /home/airflow/.local/lib/python3.8/site-packages/airflow/example_dags/example_external_task_marker_dag.py for tasks to queue
[2023-10-02T09:02:14.154+0000] {logging_mixin.py:151} INFO - [2023-10-02T09:02:14.154+0000] {dagbag.py:539} INFO - Filling up the DagBag from /home/airflow/.local/lib/python3.8/site-packages/airflow/example_dags/example_external_task_marker_dag.py
[2023-10-02T09:02:14.158+0000] {processor.py:839} INFO - DAG(s) dict_keys(['example_external_task_marker_child', 'example_external_task_marker_parent']) retrieved from /home/airflow/.local/lib/python3.8/site-packages/airflow/example_dags/example_external_task_marker_dag.py
[2023-10-02T09:02:14.169+0000] {logging_mixin.py:151} INFO - [2023-10-02T09:02:14.169+0000] {dag.py:2915} INFO - Sync 2 DAGs
[2023-10-02T09:02:14.175+0000] {logging_mixin.py:151} INFO - [2023-10-02T09:02:14.175+0000] {dag.py:3696} INFO - Setting next_dagrun for example_external_task_marker_child to None, run_after=None
[2023-10-02T09:02:14.177+0000] {logging_mixin.py:151} INFO - [2023-10-02T09:02:14.177+0000] {dag.py:3696} INFO - Setting next_dagrun for example_external_task_marker_parent to None, run_after=None
[2023-10-02T09:02:14.184+0000] {processor.py:179} INFO - Processing /home/airflow/.local/lib/python3.8/site-packages/airflow/example_dags/example_external_task_marker_dag.py took 0.033 seconds
