[2023-10-02T08:54:28.093+0000] {processor.py:157} INFO - Started process (PID=35) to work on /home/airflow/.local/lib/python3.8/site-packages/airflow/example_dags/example_kubernetes_executor.py
[2023-10-02T08:54:28.094+0000] {processor.py:829} INFO - Processing file /home/airflow/.local/lib/python3.8/site-packages/airflow/example_dags/example_kubernetes_executor.py for tasks to queue
[2023-10-02T08:54:28.099+0000] {logging_mixin.py:151} INFO - [2023-10-02T08:54:28.099+0000] {dagbag.py:539} INFO - Filling up the DagBag from /home/airflow/.local/lib/python3.8/site-packages/airflow/example_dags/example_kubernetes_executor.py
[2023-10-02T08:54:29.299+0000] {processor.py:839} INFO - DAG(s) dict_keys(['example_kubernetes_executor']) retrieved from /home/airflow/.local/lib/python3.8/site-packages/airflow/example_dags/example_kubernetes_executor.py
[2023-10-02T08:54:29.320+0000] {logging_mixin.py:151} INFO - [2023-10-02T08:54:29.319+0000] {dag.py:2915} INFO - Sync 1 DAGs
[2023-10-02T08:54:29.337+0000] {logging_mixin.py:151} INFO - [2023-10-02T08:54:29.337+0000] {dag.py:3696} INFO - Setting next_dagrun for example_kubernetes_executor to None, run_after=None
[2023-10-02T08:54:29.349+0000] {processor.py:179} INFO - Processing /home/airflow/.local/lib/python3.8/site-packages/airflow/example_dags/example_kubernetes_executor.py took 1.261 seconds
[2023-10-02T08:54:59.841+0000] {processor.py:157} INFO - Started process (PID=91) to work on /home/airflow/.local/lib/python3.8/site-packages/airflow/example_dags/example_kubernetes_executor.py
[2023-10-02T08:54:59.841+0000] {processor.py:829} INFO - Processing file /home/airflow/.local/lib/python3.8/site-packages/airflow/example_dags/example_kubernetes_executor.py for tasks to queue
[2023-10-02T08:54:59.843+0000] {logging_mixin.py:151} INFO - [2023-10-02T08:54:59.843+0000] {dagbag.py:539} INFO - Filling up the DagBag from /home/airflow/.local/lib/python3.8/site-packages/airflow/example_dags/example_kubernetes_executor.py
[2023-10-02T08:55:00.218+0000] {processor.py:839} INFO - DAG(s) dict_keys(['example_kubernetes_executor']) retrieved from /home/airflow/.local/lib/python3.8/site-packages/airflow/example_dags/example_kubernetes_executor.py
[2023-10-02T08:55:00.308+0000] {logging_mixin.py:151} INFO - [2023-10-02T08:55:00.307+0000] {dag.py:2915} INFO - Sync 1 DAGs
[2023-10-02T08:55:00.400+0000] {logging_mixin.py:151} INFO - [2023-10-02T08:55:00.399+0000] {dag.py:3696} INFO - Setting next_dagrun for example_kubernetes_executor to None, run_after=None
[2023-10-02T08:55:00.445+0000] {processor.py:179} INFO - Processing /home/airflow/.local/lib/python3.8/site-packages/airflow/example_dags/example_kubernetes_executor.py took 0.606 seconds
[2023-10-02T08:55:31.229+0000] {processor.py:157} INFO - Started process (PID=148) to work on /home/airflow/.local/lib/python3.8/site-packages/airflow/example_dags/example_kubernetes_executor.py
[2023-10-02T08:55:31.230+0000] {processor.py:829} INFO - Processing file /home/airflow/.local/lib/python3.8/site-packages/airflow/example_dags/example_kubernetes_executor.py for tasks to queue
[2023-10-02T08:55:31.231+0000] {logging_mixin.py:151} INFO - [2023-10-02T08:55:31.231+0000] {dagbag.py:539} INFO - Filling up the DagBag from /home/airflow/.local/lib/python3.8/site-packages/airflow/example_dags/example_kubernetes_executor.py
[2023-10-02T08:55:31.393+0000] {processor.py:839} INFO - DAG(s) dict_keys(['example_kubernetes_executor']) retrieved from /home/airflow/.local/lib/python3.8/site-packages/airflow/example_dags/example_kubernetes_executor.py
[2023-10-02T08:55:31.435+0000] {logging_mixin.py:151} INFO - [2023-10-02T08:55:31.434+0000] {dag.py:2915} INFO - Sync 1 DAGs
[2023-10-02T08:55:31.443+0000] {logging_mixin.py:151} INFO - [2023-10-02T08:55:31.443+0000] {dag.py:3696} INFO - Setting next_dagrun for example_kubernetes_executor to None, run_after=None
[2023-10-02T08:55:31.453+0000] {processor.py:179} INFO - Processing /home/airflow/.local/lib/python3.8/site-packages/airflow/example_dags/example_kubernetes_executor.py took 0.227 seconds
[2023-10-02T08:56:01.560+0000] {processor.py:157} INFO - Started process (PID=204) to work on /home/airflow/.local/lib/python3.8/site-packages/airflow/example_dags/example_kubernetes_executor.py
[2023-10-02T08:56:01.562+0000] {processor.py:829} INFO - Processing file /home/airflow/.local/lib/python3.8/site-packages/airflow/example_dags/example_kubernetes_executor.py for tasks to queue
[2023-10-02T08:56:01.566+0000] {logging_mixin.py:151} INFO - [2023-10-02T08:56:01.565+0000] {dagbag.py:539} INFO - Filling up the DagBag from /home/airflow/.local/lib/python3.8/site-packages/airflow/example_dags/example_kubernetes_executor.py
[2023-10-02T08:56:01.746+0000] {processor.py:839} INFO - DAG(s) dict_keys(['example_kubernetes_executor']) retrieved from /home/airflow/.local/lib/python3.8/site-packages/airflow/example_dags/example_kubernetes_executor.py
[2023-10-02T08:56:01.774+0000] {logging_mixin.py:151} INFO - [2023-10-02T08:56:01.774+0000] {dag.py:2915} INFO - Sync 1 DAGs
[2023-10-02T08:56:01.783+0000] {logging_mixin.py:151} INFO - [2023-10-02T08:56:01.783+0000] {dag.py:3696} INFO - Setting next_dagrun for example_kubernetes_executor to None, run_after=None
[2023-10-02T08:56:01.791+0000] {processor.py:179} INFO - Processing /home/airflow/.local/lib/python3.8/site-packages/airflow/example_dags/example_kubernetes_executor.py took 0.239 seconds
[2023-10-02T08:56:32.726+0000] {processor.py:157} INFO - Started process (PID=262) to work on /home/airflow/.local/lib/python3.8/site-packages/airflow/example_dags/example_kubernetes_executor.py
[2023-10-02T08:56:32.727+0000] {processor.py:829} INFO - Processing file /home/airflow/.local/lib/python3.8/site-packages/airflow/example_dags/example_kubernetes_executor.py for tasks to queue
[2023-10-02T08:56:32.729+0000] {logging_mixin.py:151} INFO - [2023-10-02T08:56:32.729+0000] {dagbag.py:539} INFO - Filling up the DagBag from /home/airflow/.local/lib/python3.8/site-packages/airflow/example_dags/example_kubernetes_executor.py
[2023-10-02T08:56:32.911+0000] {processor.py:839} INFO - DAG(s) dict_keys(['example_kubernetes_executor']) retrieved from /home/airflow/.local/lib/python3.8/site-packages/airflow/example_dags/example_kubernetes_executor.py
[2023-10-02T08:56:32.933+0000] {logging_mixin.py:151} INFO - [2023-10-02T08:56:32.933+0000] {dag.py:2915} INFO - Sync 1 DAGs
[2023-10-02T08:56:32.940+0000] {logging_mixin.py:151} INFO - [2023-10-02T08:56:32.940+0000] {dag.py:3696} INFO - Setting next_dagrun for example_kubernetes_executor to None, run_after=None
[2023-10-02T08:56:32.950+0000] {processor.py:179} INFO - Processing /home/airflow/.local/lib/python3.8/site-packages/airflow/example_dags/example_kubernetes_executor.py took 0.229 seconds
[2023-10-02T08:57:03.718+0000] {processor.py:157} INFO - Started process (PID=319) to work on /home/airflow/.local/lib/python3.8/site-packages/airflow/example_dags/example_kubernetes_executor.py
[2023-10-02T08:57:03.719+0000] {processor.py:829} INFO - Processing file /home/airflow/.local/lib/python3.8/site-packages/airflow/example_dags/example_kubernetes_executor.py for tasks to queue
[2023-10-02T08:57:03.721+0000] {logging_mixin.py:151} INFO - [2023-10-02T08:57:03.721+0000] {dagbag.py:539} INFO - Filling up the DagBag from /home/airflow/.local/lib/python3.8/site-packages/airflow/example_dags/example_kubernetes_executor.py
[2023-10-02T08:57:03.900+0000] {processor.py:839} INFO - DAG(s) dict_keys(['example_kubernetes_executor']) retrieved from /home/airflow/.local/lib/python3.8/site-packages/airflow/example_dags/example_kubernetes_executor.py
[2023-10-02T08:57:03.923+0000] {logging_mixin.py:151} INFO - [2023-10-02T08:57:03.923+0000] {dag.py:2915} INFO - Sync 1 DAGs
[2023-10-02T08:57:03.930+0000] {logging_mixin.py:151} INFO - [2023-10-02T08:57:03.930+0000] {dag.py:3696} INFO - Setting next_dagrun for example_kubernetes_executor to None, run_after=None
[2023-10-02T08:57:03.939+0000] {processor.py:179} INFO - Processing /home/airflow/.local/lib/python3.8/site-packages/airflow/example_dags/example_kubernetes_executor.py took 0.225 seconds
[2023-10-02T08:57:34.573+0000] {processor.py:157} INFO - Started process (PID=376) to work on /home/airflow/.local/lib/python3.8/site-packages/airflow/example_dags/example_kubernetes_executor.py
[2023-10-02T08:57:34.574+0000] {processor.py:829} INFO - Processing file /home/airflow/.local/lib/python3.8/site-packages/airflow/example_dags/example_kubernetes_executor.py for tasks to queue
[2023-10-02T08:57:34.576+0000] {logging_mixin.py:151} INFO - [2023-10-02T08:57:34.576+0000] {dagbag.py:539} INFO - Filling up the DagBag from /home/airflow/.local/lib/python3.8/site-packages/airflow/example_dags/example_kubernetes_executor.py
[2023-10-02T08:57:34.751+0000] {processor.py:839} INFO - DAG(s) dict_keys(['example_kubernetes_executor']) retrieved from /home/airflow/.local/lib/python3.8/site-packages/airflow/example_dags/example_kubernetes_executor.py
[2023-10-02T08:57:34.787+0000] {logging_mixin.py:151} INFO - [2023-10-02T08:57:34.787+0000] {dag.py:2915} INFO - Sync 1 DAGs
[2023-10-02T08:57:34.797+0000] {logging_mixin.py:151} INFO - [2023-10-02T08:57:34.797+0000] {dag.py:3696} INFO - Setting next_dagrun for example_kubernetes_executor to None, run_after=None
[2023-10-02T08:57:34.807+0000] {processor.py:179} INFO - Processing /home/airflow/.local/lib/python3.8/site-packages/airflow/example_dags/example_kubernetes_executor.py took 0.238 seconds
[2023-10-02T08:58:05.565+0000] {processor.py:157} INFO - Started process (PID=433) to work on /home/airflow/.local/lib/python3.8/site-packages/airflow/example_dags/example_kubernetes_executor.py
[2023-10-02T08:58:05.566+0000] {processor.py:829} INFO - Processing file /home/airflow/.local/lib/python3.8/site-packages/airflow/example_dags/example_kubernetes_executor.py for tasks to queue
[2023-10-02T08:58:05.569+0000] {logging_mixin.py:151} INFO - [2023-10-02T08:58:05.569+0000] {dagbag.py:539} INFO - Filling up the DagBag from /home/airflow/.local/lib/python3.8/site-packages/airflow/example_dags/example_kubernetes_executor.py
[2023-10-02T08:58:05.722+0000] {processor.py:839} INFO - DAG(s) dict_keys(['example_kubernetes_executor']) retrieved from /home/airflow/.local/lib/python3.8/site-packages/airflow/example_dags/example_kubernetes_executor.py
[2023-10-02T08:58:05.742+0000] {logging_mixin.py:151} INFO - [2023-10-02T08:58:05.742+0000] {dag.py:2915} INFO - Sync 1 DAGs
[2023-10-02T08:58:05.749+0000] {logging_mixin.py:151} INFO - [2023-10-02T08:58:05.749+0000] {dag.py:3696} INFO - Setting next_dagrun for example_kubernetes_executor to None, run_after=None
[2023-10-02T08:58:05.757+0000] {processor.py:179} INFO - Processing /home/airflow/.local/lib/python3.8/site-packages/airflow/example_dags/example_kubernetes_executor.py took 0.198 seconds
[2023-10-02T08:58:36.494+0000] {processor.py:157} INFO - Started process (PID=490) to work on /home/airflow/.local/lib/python3.8/site-packages/airflow/example_dags/example_kubernetes_executor.py
[2023-10-02T08:58:36.496+0000] {processor.py:829} INFO - Processing file /home/airflow/.local/lib/python3.8/site-packages/airflow/example_dags/example_kubernetes_executor.py for tasks to queue
[2023-10-02T08:58:36.499+0000] {logging_mixin.py:151} INFO - [2023-10-02T08:58:36.499+0000] {dagbag.py:539} INFO - Filling up the DagBag from /home/airflow/.local/lib/python3.8/site-packages/airflow/example_dags/example_kubernetes_executor.py
[2023-10-02T08:58:36.654+0000] {processor.py:839} INFO - DAG(s) dict_keys(['example_kubernetes_executor']) retrieved from /home/airflow/.local/lib/python3.8/site-packages/airflow/example_dags/example_kubernetes_executor.py
[2023-10-02T08:58:36.674+0000] {logging_mixin.py:151} INFO - [2023-10-02T08:58:36.673+0000] {dag.py:2915} INFO - Sync 1 DAGs
[2023-10-02T08:58:36.680+0000] {logging_mixin.py:151} INFO - [2023-10-02T08:58:36.680+0000] {dag.py:3696} INFO - Setting next_dagrun for example_kubernetes_executor to None, run_after=None
[2023-10-02T08:58:36.688+0000] {processor.py:179} INFO - Processing /home/airflow/.local/lib/python3.8/site-packages/airflow/example_dags/example_kubernetes_executor.py took 0.200 seconds
[2023-10-02T08:59:07.372+0000] {processor.py:157} INFO - Started process (PID=548) to work on /home/airflow/.local/lib/python3.8/site-packages/airflow/example_dags/example_kubernetes_executor.py
[2023-10-02T08:59:07.373+0000] {processor.py:829} INFO - Processing file /home/airflow/.local/lib/python3.8/site-packages/airflow/example_dags/example_kubernetes_executor.py for tasks to queue
[2023-10-02T08:59:07.375+0000] {logging_mixin.py:151} INFO - [2023-10-02T08:59:07.374+0000] {dagbag.py:539} INFO - Filling up the DagBag from /home/airflow/.local/lib/python3.8/site-packages/airflow/example_dags/example_kubernetes_executor.py
[2023-10-02T08:59:07.541+0000] {processor.py:839} INFO - DAG(s) dict_keys(['example_kubernetes_executor']) retrieved from /home/airflow/.local/lib/python3.8/site-packages/airflow/example_dags/example_kubernetes_executor.py
[2023-10-02T08:59:07.565+0000] {logging_mixin.py:151} INFO - [2023-10-02T08:59:07.565+0000] {dag.py:2915} INFO - Sync 1 DAGs
[2023-10-02T08:59:07.572+0000] {logging_mixin.py:151} INFO - [2023-10-02T08:59:07.572+0000] {dag.py:3696} INFO - Setting next_dagrun for example_kubernetes_executor to None, run_after=None
[2023-10-02T08:59:07.582+0000] {processor.py:179} INFO - Processing /home/airflow/.local/lib/python3.8/site-packages/airflow/example_dags/example_kubernetes_executor.py took 0.212 seconds
[2023-10-02T08:59:38.411+0000] {processor.py:157} INFO - Started process (PID=605) to work on /home/airflow/.local/lib/python3.8/site-packages/airflow/example_dags/example_kubernetes_executor.py
[2023-10-02T08:59:38.412+0000] {processor.py:829} INFO - Processing file /home/airflow/.local/lib/python3.8/site-packages/airflow/example_dags/example_kubernetes_executor.py for tasks to queue
[2023-10-02T08:59:38.414+0000] {logging_mixin.py:151} INFO - [2023-10-02T08:59:38.414+0000] {dagbag.py:539} INFO - Filling up the DagBag from /home/airflow/.local/lib/python3.8/site-packages/airflow/example_dags/example_kubernetes_executor.py
[2023-10-02T08:59:38.594+0000] {processor.py:839} INFO - DAG(s) dict_keys(['example_kubernetes_executor']) retrieved from /home/airflow/.local/lib/python3.8/site-packages/airflow/example_dags/example_kubernetes_executor.py
[2023-10-02T08:59:38.621+0000] {logging_mixin.py:151} INFO - [2023-10-02T08:59:38.620+0000] {dag.py:2915} INFO - Sync 1 DAGs
[2023-10-02T08:59:38.628+0000] {logging_mixin.py:151} INFO - [2023-10-02T08:59:38.628+0000] {dag.py:3696} INFO - Setting next_dagrun for example_kubernetes_executor to None, run_after=None
[2023-10-02T08:59:38.638+0000] {processor.py:179} INFO - Processing /home/airflow/.local/lib/python3.8/site-packages/airflow/example_dags/example_kubernetes_executor.py took 0.231 seconds
[2023-10-02T09:00:09.630+0000] {processor.py:157} INFO - Started process (PID=662) to work on /home/airflow/.local/lib/python3.8/site-packages/airflow/example_dags/example_kubernetes_executor.py
[2023-10-02T09:00:09.635+0000] {processor.py:829} INFO - Processing file /home/airflow/.local/lib/python3.8/site-packages/airflow/example_dags/example_kubernetes_executor.py for tasks to queue
[2023-10-02T09:00:09.643+0000] {logging_mixin.py:151} INFO - [2023-10-02T09:00:09.643+0000] {dagbag.py:539} INFO - Filling up the DagBag from /home/airflow/.local/lib/python3.8/site-packages/airflow/example_dags/example_kubernetes_executor.py
[2023-10-02T09:00:09.836+0000] {processor.py:839} INFO - DAG(s) dict_keys(['example_kubernetes_executor']) retrieved from /home/airflow/.local/lib/python3.8/site-packages/airflow/example_dags/example_kubernetes_executor.py
[2023-10-02T09:00:09.862+0000] {logging_mixin.py:151} INFO - [2023-10-02T09:00:09.862+0000] {dag.py:2915} INFO - Sync 1 DAGs
[2023-10-02T09:00:09.869+0000] {logging_mixin.py:151} INFO - [2023-10-02T09:00:09.869+0000] {dag.py:3696} INFO - Setting next_dagrun for example_kubernetes_executor to None, run_after=None
[2023-10-02T09:00:09.880+0000] {processor.py:179} INFO - Processing /home/airflow/.local/lib/python3.8/site-packages/airflow/example_dags/example_kubernetes_executor.py took 0.257 seconds
[2023-10-02T09:00:40.675+0000] {processor.py:157} INFO - Started process (PID=719) to work on /home/airflow/.local/lib/python3.8/site-packages/airflow/example_dags/example_kubernetes_executor.py
[2023-10-02T09:00:40.677+0000] {processor.py:829} INFO - Processing file /home/airflow/.local/lib/python3.8/site-packages/airflow/example_dags/example_kubernetes_executor.py for tasks to queue
[2023-10-02T09:00:40.680+0000] {logging_mixin.py:151} INFO - [2023-10-02T09:00:40.679+0000] {dagbag.py:539} INFO - Filling up the DagBag from /home/airflow/.local/lib/python3.8/site-packages/airflow/example_dags/example_kubernetes_executor.py
[2023-10-02T09:00:40.850+0000] {processor.py:839} INFO - DAG(s) dict_keys(['example_kubernetes_executor']) retrieved from /home/airflow/.local/lib/python3.8/site-packages/airflow/example_dags/example_kubernetes_executor.py
[2023-10-02T09:00:40.876+0000] {logging_mixin.py:151} INFO - [2023-10-02T09:00:40.876+0000] {dag.py:2915} INFO - Sync 1 DAGs
[2023-10-02T09:00:40.884+0000] {logging_mixin.py:151} INFO - [2023-10-02T09:00:40.884+0000] {dag.py:3696} INFO - Setting next_dagrun for example_kubernetes_executor to None, run_after=None
[2023-10-02T09:00:40.893+0000] {processor.py:179} INFO - Processing /home/airflow/.local/lib/python3.8/site-packages/airflow/example_dags/example_kubernetes_executor.py took 0.223 seconds
[2023-10-02T09:01:11.620+0000] {processor.py:157} INFO - Started process (PID=776) to work on /home/airflow/.local/lib/python3.8/site-packages/airflow/example_dags/example_kubernetes_executor.py
[2023-10-02T09:01:11.621+0000] {processor.py:829} INFO - Processing file /home/airflow/.local/lib/python3.8/site-packages/airflow/example_dags/example_kubernetes_executor.py for tasks to queue
[2023-10-02T09:01:11.624+0000] {logging_mixin.py:151} INFO - [2023-10-02T09:01:11.624+0000] {dagbag.py:539} INFO - Filling up the DagBag from /home/airflow/.local/lib/python3.8/site-packages/airflow/example_dags/example_kubernetes_executor.py
[2023-10-02T09:01:11.815+0000] {processor.py:839} INFO - DAG(s) dict_keys(['example_kubernetes_executor']) retrieved from /home/airflow/.local/lib/python3.8/site-packages/airflow/example_dags/example_kubernetes_executor.py
[2023-10-02T09:01:11.839+0000] {logging_mixin.py:151} INFO - [2023-10-02T09:01:11.839+0000] {dag.py:2915} INFO - Sync 1 DAGs
[2023-10-02T09:01:11.846+0000] {logging_mixin.py:151} INFO - [2023-10-02T09:01:11.846+0000] {dag.py:3696} INFO - Setting next_dagrun for example_kubernetes_executor to None, run_after=None
[2023-10-02T09:01:11.855+0000] {processor.py:179} INFO - Processing /home/airflow/.local/lib/python3.8/site-packages/airflow/example_dags/example_kubernetes_executor.py took 0.240 seconds
[2023-10-02T09:01:42.637+0000] {processor.py:157} INFO - Started process (PID=833) to work on /home/airflow/.local/lib/python3.8/site-packages/airflow/example_dags/example_kubernetes_executor.py
[2023-10-02T09:01:42.638+0000] {processor.py:829} INFO - Processing file /home/airflow/.local/lib/python3.8/site-packages/airflow/example_dags/example_kubernetes_executor.py for tasks to queue
[2023-10-02T09:01:42.642+0000] {logging_mixin.py:151} INFO - [2023-10-02T09:01:42.641+0000] {dagbag.py:539} INFO - Filling up the DagBag from /home/airflow/.local/lib/python3.8/site-packages/airflow/example_dags/example_kubernetes_executor.py
[2023-10-02T09:01:42.853+0000] {processor.py:839} INFO - DAG(s) dict_keys(['example_kubernetes_executor']) retrieved from /home/airflow/.local/lib/python3.8/site-packages/airflow/example_dags/example_kubernetes_executor.py
[2023-10-02T09:01:42.885+0000] {logging_mixin.py:151} INFO - [2023-10-02T09:01:42.885+0000] {dag.py:2915} INFO - Sync 1 DAGs
[2023-10-02T09:01:42.893+0000] {logging_mixin.py:151} INFO - [2023-10-02T09:01:42.893+0000] {dag.py:3696} INFO - Setting next_dagrun for example_kubernetes_executor to None, run_after=None
[2023-10-02T09:01:42.903+0000] {processor.py:179} INFO - Processing /home/airflow/.local/lib/python3.8/site-packages/airflow/example_dags/example_kubernetes_executor.py took 0.274 seconds
[2023-10-02T09:02:13.691+0000] {processor.py:157} INFO - Started process (PID=890) to work on /home/airflow/.local/lib/python3.8/site-packages/airflow/example_dags/example_kubernetes_executor.py
[2023-10-02T09:02:13.693+0000] {processor.py:829} INFO - Processing file /home/airflow/.local/lib/python3.8/site-packages/airflow/example_dags/example_kubernetes_executor.py for tasks to queue
[2023-10-02T09:02:13.696+0000] {logging_mixin.py:151} INFO - [2023-10-02T09:02:13.696+0000] {dagbag.py:539} INFO - Filling up the DagBag from /home/airflow/.local/lib/python3.8/site-packages/airflow/example_dags/example_kubernetes_executor.py
[2023-10-02T09:02:13.843+0000] {processor.py:839} INFO - DAG(s) dict_keys(['example_kubernetes_executor']) retrieved from /home/airflow/.local/lib/python3.8/site-packages/airflow/example_dags/example_kubernetes_executor.py
[2023-10-02T09:02:13.864+0000] {logging_mixin.py:151} INFO - [2023-10-02T09:02:13.864+0000] {dag.py:2915} INFO - Sync 1 DAGs
[2023-10-02T09:02:13.874+0000] {logging_mixin.py:151} INFO - [2023-10-02T09:02:13.873+0000] {dag.py:3696} INFO - Setting next_dagrun for example_kubernetes_executor to None, run_after=None
[2023-10-02T09:02:13.882+0000] {processor.py:179} INFO - Processing /home/airflow/.local/lib/python3.8/site-packages/airflow/example_dags/example_kubernetes_executor.py took 0.197 seconds
