[2023-10-02T08:54:30.834+0000] {processor.py:157} INFO - Started process (PID=58) to work on /home/airflow/.local/lib/python3.8/site-packages/airflow/example_dags/example_task_group_decorator.py
[2023-10-02T08:54:30.836+0000] {processor.py:829} INFO - Processing file /home/airflow/.local/lib/python3.8/site-packages/airflow/example_dags/example_task_group_decorator.py for tasks to queue
[2023-10-02T08:54:30.839+0000] {logging_mixin.py:151} INFO - [2023-10-02T08:54:30.838+0000] {dagbag.py:539} INFO - Filling up the DagBag from /home/airflow/.local/lib/python3.8/site-packages/airflow/example_dags/example_task_group_decorator.py
[2023-10-02T08:54:30.859+0000] {processor.py:839} INFO - DAG(s) dict_keys(['example_task_group_decorator']) retrieved from /home/airflow/.local/lib/python3.8/site-packages/airflow/example_dags/example_task_group_decorator.py
[2023-10-02T08:54:30.868+0000] {logging_mixin.py:151} INFO - [2023-10-02T08:54:30.868+0000] {dag.py:2915} INFO - Sync 1 DAGs
[2023-10-02T08:54:30.888+0000] {logging_mixin.py:151} INFO - [2023-10-02T08:54:30.888+0000] {dag.py:3696} INFO - Setting next_dagrun for example_task_group_decorator to 2023-10-01T08:54:30.887896+00:00, run_after=2023-10-02T08:54:30.887896+00:00
[2023-10-02T08:54:30.910+0000] {processor.py:179} INFO - Processing /home/airflow/.local/lib/python3.8/site-packages/airflow/example_dags/example_task_group_decorator.py took 0.094 seconds
[2023-10-02T08:55:01.620+0000] {processor.py:157} INFO - Started process (PID=115) to work on /home/airflow/.local/lib/python3.8/site-packages/airflow/example_dags/example_task_group_decorator.py
[2023-10-02T08:55:01.621+0000] {processor.py:829} INFO - Processing file /home/airflow/.local/lib/python3.8/site-packages/airflow/example_dags/example_task_group_decorator.py for tasks to queue
[2023-10-02T08:55:01.622+0000] {logging_mixin.py:151} INFO - [2023-10-02T08:55:01.622+0000] {dagbag.py:539} INFO - Filling up the DagBag from /home/airflow/.local/lib/python3.8/site-packages/airflow/example_dags/example_task_group_decorator.py
[2023-10-02T08:55:01.633+0000] {processor.py:839} INFO - DAG(s) dict_keys(['example_task_group_decorator']) retrieved from /home/airflow/.local/lib/python3.8/site-packages/airflow/example_dags/example_task_group_decorator.py
[2023-10-02T08:55:01.648+0000] {logging_mixin.py:151} INFO - [2023-10-02T08:55:01.648+0000] {dag.py:2915} INFO - Sync 1 DAGs
[2023-10-02T08:55:01.657+0000] {logging_mixin.py:151} INFO - [2023-10-02T08:55:01.657+0000] {dag.py:3696} INFO - Setting next_dagrun for example_task_group_decorator to 2023-10-01T08:55:01.657729+00:00, run_after=2023-10-02T08:55:01.657729+00:00
[2023-10-02T08:55:01.665+0000] {processor.py:179} INFO - Processing /home/airflow/.local/lib/python3.8/site-packages/airflow/example_dags/example_task_group_decorator.py took 0.047 seconds
[2023-10-02T08:55:32.224+0000] {processor.py:157} INFO - Started process (PID=172) to work on /home/airflow/.local/lib/python3.8/site-packages/airflow/example_dags/example_task_group_decorator.py
[2023-10-02T08:55:32.224+0000] {processor.py:829} INFO - Processing file /home/airflow/.local/lib/python3.8/site-packages/airflow/example_dags/example_task_group_decorator.py for tasks to queue
[2023-10-02T08:55:32.226+0000] {logging_mixin.py:151} INFO - [2023-10-02T08:55:32.225+0000] {dagbag.py:539} INFO - Filling up the DagBag from /home/airflow/.local/lib/python3.8/site-packages/airflow/example_dags/example_task_group_decorator.py
[2023-10-02T08:55:32.233+0000] {processor.py:839} INFO - DAG(s) dict_keys(['example_task_group_decorator']) retrieved from /home/airflow/.local/lib/python3.8/site-packages/airflow/example_dags/example_task_group_decorator.py
[2023-10-02T08:55:32.246+0000] {logging_mixin.py:151} INFO - [2023-10-02T08:55:32.245+0000] {dag.py:2915} INFO - Sync 1 DAGs
[2023-10-02T08:55:32.256+0000] {logging_mixin.py:151} INFO - [2023-10-02T08:55:32.256+0000] {dag.py:3696} INFO - Setting next_dagrun for example_task_group_decorator to 2023-10-01T08:55:32.256257+00:00, run_after=2023-10-02T08:55:32.256257+00:00
[2023-10-02T08:55:32.264+0000] {processor.py:179} INFO - Processing /home/airflow/.local/lib/python3.8/site-packages/airflow/example_dags/example_task_group_decorator.py took 0.042 seconds
[2023-10-02T08:56:02.610+0000] {processor.py:157} INFO - Started process (PID=229) to work on /home/airflow/.local/lib/python3.8/site-packages/airflow/example_dags/example_task_group_decorator.py
[2023-10-02T08:56:02.610+0000] {processor.py:829} INFO - Processing file /home/airflow/.local/lib/python3.8/site-packages/airflow/example_dags/example_task_group_decorator.py for tasks to queue
[2023-10-02T08:56:02.611+0000] {logging_mixin.py:151} INFO - [2023-10-02T08:56:02.611+0000] {dagbag.py:539} INFO - Filling up the DagBag from /home/airflow/.local/lib/python3.8/site-packages/airflow/example_dags/example_task_group_decorator.py
[2023-10-02T08:56:02.618+0000] {processor.py:839} INFO - DAG(s) dict_keys(['example_task_group_decorator']) retrieved from /home/airflow/.local/lib/python3.8/site-packages/airflow/example_dags/example_task_group_decorator.py
[2023-10-02T08:56:02.630+0000] {logging_mixin.py:151} INFO - [2023-10-02T08:56:02.630+0000] {dag.py:2915} INFO - Sync 1 DAGs
[2023-10-02T08:56:02.639+0000] {logging_mixin.py:151} INFO - [2023-10-02T08:56:02.639+0000] {dag.py:3696} INFO - Setting next_dagrun for example_task_group_decorator to 2023-10-01T08:56:02.639088+00:00, run_after=2023-10-02T08:56:02.639088+00:00
[2023-10-02T08:56:02.646+0000] {processor.py:179} INFO - Processing /home/airflow/.local/lib/python3.8/site-packages/airflow/example_dags/example_task_group_decorator.py took 0.038 seconds
[2023-10-02T08:56:33.642+0000] {processor.py:157} INFO - Started process (PID=286) to work on /home/airflow/.local/lib/python3.8/site-packages/airflow/example_dags/example_task_group_decorator.py
[2023-10-02T08:56:33.642+0000] {processor.py:829} INFO - Processing file /home/airflow/.local/lib/python3.8/site-packages/airflow/example_dags/example_task_group_decorator.py for tasks to queue
[2023-10-02T08:56:33.643+0000] {logging_mixin.py:151} INFO - [2023-10-02T08:56:33.643+0000] {dagbag.py:539} INFO - Filling up the DagBag from /home/airflow/.local/lib/python3.8/site-packages/airflow/example_dags/example_task_group_decorator.py
[2023-10-02T08:56:33.650+0000] {processor.py:839} INFO - DAG(s) dict_keys(['example_task_group_decorator']) retrieved from /home/airflow/.local/lib/python3.8/site-packages/airflow/example_dags/example_task_group_decorator.py
[2023-10-02T08:56:33.661+0000] {logging_mixin.py:151} INFO - [2023-10-02T08:56:33.661+0000] {dag.py:2915} INFO - Sync 1 DAGs
[2023-10-02T08:56:33.670+0000] {logging_mixin.py:151} INFO - [2023-10-02T08:56:33.670+0000] {dag.py:3696} INFO - Setting next_dagrun for example_task_group_decorator to 2023-10-01T08:56:33.670058+00:00, run_after=2023-10-02T08:56:33.670058+00:00
[2023-10-02T08:56:33.677+0000] {processor.py:179} INFO - Processing /home/airflow/.local/lib/python3.8/site-packages/airflow/example_dags/example_task_group_decorator.py took 0.037 seconds
[2023-10-02T08:57:04.564+0000] {processor.py:157} INFO - Started process (PID=343) to work on /home/airflow/.local/lib/python3.8/site-packages/airflow/example_dags/example_task_group_decorator.py
[2023-10-02T08:57:04.564+0000] {processor.py:829} INFO - Processing file /home/airflow/.local/lib/python3.8/site-packages/airflow/example_dags/example_task_group_decorator.py for tasks to queue
[2023-10-02T08:57:04.566+0000] {logging_mixin.py:151} INFO - [2023-10-02T08:57:04.566+0000] {dagbag.py:539} INFO - Filling up the DagBag from /home/airflow/.local/lib/python3.8/site-packages/airflow/example_dags/example_task_group_decorator.py
[2023-10-02T08:57:04.573+0000] {processor.py:839} INFO - DAG(s) dict_keys(['example_task_group_decorator']) retrieved from /home/airflow/.local/lib/python3.8/site-packages/airflow/example_dags/example_task_group_decorator.py
[2023-10-02T08:57:04.588+0000] {logging_mixin.py:151} INFO - [2023-10-02T08:57:04.588+0000] {dag.py:2915} INFO - Sync 1 DAGs
[2023-10-02T08:57:04.598+0000] {logging_mixin.py:151} INFO - [2023-10-02T08:57:04.598+0000] {dag.py:3696} INFO - Setting next_dagrun for example_task_group_decorator to 2023-10-01T08:57:04.598630+00:00, run_after=2023-10-02T08:57:04.598630+00:00
[2023-10-02T08:57:04.606+0000] {processor.py:179} INFO - Processing /home/airflow/.local/lib/python3.8/site-packages/airflow/example_dags/example_task_group_decorator.py took 0.044 seconds
[2023-10-02T08:57:35.508+0000] {processor.py:157} INFO - Started process (PID=400) to work on /home/airflow/.local/lib/python3.8/site-packages/airflow/example_dags/example_task_group_decorator.py
[2023-10-02T08:57:35.508+0000] {processor.py:829} INFO - Processing file /home/airflow/.local/lib/python3.8/site-packages/airflow/example_dags/example_task_group_decorator.py for tasks to queue
[2023-10-02T08:57:35.510+0000] {logging_mixin.py:151} INFO - [2023-10-02T08:57:35.510+0000] {dagbag.py:539} INFO - Filling up the DagBag from /home/airflow/.local/lib/python3.8/site-packages/airflow/example_dags/example_task_group_decorator.py
[2023-10-02T08:57:35.516+0000] {processor.py:839} INFO - DAG(s) dict_keys(['example_task_group_decorator']) retrieved from /home/airflow/.local/lib/python3.8/site-packages/airflow/example_dags/example_task_group_decorator.py
[2023-10-02T08:57:35.527+0000] {logging_mixin.py:151} INFO - [2023-10-02T08:57:35.527+0000] {dag.py:2915} INFO - Sync 1 DAGs
[2023-10-02T08:57:35.536+0000] {logging_mixin.py:151} INFO - [2023-10-02T08:57:35.536+0000] {dag.py:3696} INFO - Setting next_dagrun for example_task_group_decorator to 2023-10-01T08:57:35.536578+00:00, run_after=2023-10-02T08:57:35.536578+00:00
[2023-10-02T08:57:35.544+0000] {processor.py:179} INFO - Processing /home/airflow/.local/lib/python3.8/site-packages/airflow/example_dags/example_task_group_decorator.py took 0.038 seconds
[2023-10-02T08:58:06.400+0000] {processor.py:157} INFO - Started process (PID=457) to work on /home/airflow/.local/lib/python3.8/site-packages/airflow/example_dags/example_task_group_decorator.py
[2023-10-02T08:58:06.401+0000] {processor.py:829} INFO - Processing file /home/airflow/.local/lib/python3.8/site-packages/airflow/example_dags/example_task_group_decorator.py for tasks to queue
[2023-10-02T08:58:06.402+0000] {logging_mixin.py:151} INFO - [2023-10-02T08:58:06.401+0000] {dagbag.py:539} INFO - Filling up the DagBag from /home/airflow/.local/lib/python3.8/site-packages/airflow/example_dags/example_task_group_decorator.py
[2023-10-02T08:58:06.408+0000] {processor.py:839} INFO - DAG(s) dict_keys(['example_task_group_decorator']) retrieved from /home/airflow/.local/lib/python3.8/site-packages/airflow/example_dags/example_task_group_decorator.py
[2023-10-02T08:58:06.424+0000] {logging_mixin.py:151} INFO - [2023-10-02T08:58:06.424+0000] {dag.py:2915} INFO - Sync 1 DAGs
[2023-10-02T08:58:06.434+0000] {logging_mixin.py:151} INFO - [2023-10-02T08:58:06.434+0000] {dag.py:3696} INFO - Setting next_dagrun for example_task_group_decorator to 2023-10-01T08:58:06.434168+00:00, run_after=2023-10-02T08:58:06.434168+00:00
[2023-10-02T08:58:06.441+0000] {processor.py:179} INFO - Processing /home/airflow/.local/lib/python3.8/site-packages/airflow/example_dags/example_task_group_decorator.py took 0.043 seconds
[2023-10-02T08:58:37.414+0000] {processor.py:157} INFO - Started process (PID=514) to work on /home/airflow/.local/lib/python3.8/site-packages/airflow/example_dags/example_task_group_decorator.py
[2023-10-02T08:58:37.414+0000] {processor.py:829} INFO - Processing file /home/airflow/.local/lib/python3.8/site-packages/airflow/example_dags/example_task_group_decorator.py for tasks to queue
[2023-10-02T08:58:37.415+0000] {logging_mixin.py:151} INFO - [2023-10-02T08:58:37.415+0000] {dagbag.py:539} INFO - Filling up the DagBag from /home/airflow/.local/lib/python3.8/site-packages/airflow/example_dags/example_task_group_decorator.py
[2023-10-02T08:58:37.422+0000] {processor.py:839} INFO - DAG(s) dict_keys(['example_task_group_decorator']) retrieved from /home/airflow/.local/lib/python3.8/site-packages/airflow/example_dags/example_task_group_decorator.py
[2023-10-02T08:58:37.433+0000] {logging_mixin.py:151} INFO - [2023-10-02T08:58:37.433+0000] {dag.py:2915} INFO - Sync 1 DAGs
[2023-10-02T08:58:37.442+0000] {logging_mixin.py:151} INFO - [2023-10-02T08:58:37.442+0000] {dag.py:3696} INFO - Setting next_dagrun for example_task_group_decorator to 2023-10-01T08:58:37.442467+00:00, run_after=2023-10-02T08:58:37.442467+00:00
[2023-10-02T08:58:37.450+0000] {processor.py:179} INFO - Processing /home/airflow/.local/lib/python3.8/site-packages/airflow/example_dags/example_task_group_decorator.py took 0.038 seconds
[2023-10-02T08:59:08.221+0000] {processor.py:157} INFO - Started process (PID=572) to work on /home/airflow/.local/lib/python3.8/site-packages/airflow/example_dags/example_task_group_decorator.py
[2023-10-02T08:59:08.221+0000] {processor.py:829} INFO - Processing file /home/airflow/.local/lib/python3.8/site-packages/airflow/example_dags/example_task_group_decorator.py for tasks to queue
[2023-10-02T08:59:08.223+0000] {logging_mixin.py:151} INFO - [2023-10-02T08:59:08.222+0000] {dagbag.py:539} INFO - Filling up the DagBag from /home/airflow/.local/lib/python3.8/site-packages/airflow/example_dags/example_task_group_decorator.py
[2023-10-02T08:59:08.229+0000] {processor.py:839} INFO - DAG(s) dict_keys(['example_task_group_decorator']) retrieved from /home/airflow/.local/lib/python3.8/site-packages/airflow/example_dags/example_task_group_decorator.py
[2023-10-02T08:59:08.241+0000] {logging_mixin.py:151} INFO - [2023-10-02T08:59:08.241+0000] {dag.py:2915} INFO - Sync 1 DAGs
[2023-10-02T08:59:08.250+0000] {logging_mixin.py:151} INFO - [2023-10-02T08:59:08.250+0000] {dag.py:3696} INFO - Setting next_dagrun for example_task_group_decorator to 2023-10-01T08:59:08.250669+00:00, run_after=2023-10-02T08:59:08.250669+00:00
[2023-10-02T08:59:08.257+0000] {processor.py:179} INFO - Processing /home/airflow/.local/lib/python3.8/site-packages/airflow/example_dags/example_task_group_decorator.py took 0.039 seconds
[2023-10-02T08:59:39.460+0000] {processor.py:157} INFO - Started process (PID=629) to work on /home/airflow/.local/lib/python3.8/site-packages/airflow/example_dags/example_task_group_decorator.py
[2023-10-02T08:59:39.461+0000] {processor.py:829} INFO - Processing file /home/airflow/.local/lib/python3.8/site-packages/airflow/example_dags/example_task_group_decorator.py for tasks to queue
[2023-10-02T08:59:39.462+0000] {logging_mixin.py:151} INFO - [2023-10-02T08:59:39.462+0000] {dagbag.py:539} INFO - Filling up the DagBag from /home/airflow/.local/lib/python3.8/site-packages/airflow/example_dags/example_task_group_decorator.py
[2023-10-02T08:59:39.470+0000] {processor.py:839} INFO - DAG(s) dict_keys(['example_task_group_decorator']) retrieved from /home/airflow/.local/lib/python3.8/site-packages/airflow/example_dags/example_task_group_decorator.py
[2023-10-02T08:59:39.484+0000] {logging_mixin.py:151} INFO - [2023-10-02T08:59:39.483+0000] {dag.py:2915} INFO - Sync 1 DAGs
[2023-10-02T08:59:39.494+0000] {logging_mixin.py:151} INFO - [2023-10-02T08:59:39.493+0000] {dag.py:3696} INFO - Setting next_dagrun for example_task_group_decorator to 2023-10-01T08:59:39.493797+00:00, run_after=2023-10-02T08:59:39.493797+00:00
[2023-10-02T08:59:39.501+0000] {processor.py:179} INFO - Processing /home/airflow/.local/lib/python3.8/site-packages/airflow/example_dags/example_task_group_decorator.py took 0.043 seconds
[2023-10-02T09:00:10.606+0000] {processor.py:157} INFO - Started process (PID=686) to work on /home/airflow/.local/lib/python3.8/site-packages/airflow/example_dags/example_task_group_decorator.py
[2023-10-02T09:00:10.606+0000] {processor.py:829} INFO - Processing file /home/airflow/.local/lib/python3.8/site-packages/airflow/example_dags/example_task_group_decorator.py for tasks to queue
[2023-10-02T09:00:10.608+0000] {logging_mixin.py:151} INFO - [2023-10-02T09:00:10.607+0000] {dagbag.py:539} INFO - Filling up the DagBag from /home/airflow/.local/lib/python3.8/site-packages/airflow/example_dags/example_task_group_decorator.py
[2023-10-02T09:00:10.615+0000] {processor.py:839} INFO - DAG(s) dict_keys(['example_task_group_decorator']) retrieved from /home/airflow/.local/lib/python3.8/site-packages/airflow/example_dags/example_task_group_decorator.py
[2023-10-02T09:00:10.626+0000] {logging_mixin.py:151} INFO - [2023-10-02T09:00:10.626+0000] {dag.py:2915} INFO - Sync 1 DAGs
[2023-10-02T09:00:10.635+0000] {logging_mixin.py:151} INFO - [2023-10-02T09:00:10.635+0000] {dag.py:3696} INFO - Setting next_dagrun for example_task_group_decorator to 2023-10-01T09:00:10.635054+00:00, run_after=2023-10-02T09:00:10.635054+00:00
[2023-10-02T09:00:10.642+0000] {processor.py:179} INFO - Processing /home/airflow/.local/lib/python3.8/site-packages/airflow/example_dags/example_task_group_decorator.py took 0.038 seconds
[2023-10-02T09:00:41.588+0000] {processor.py:157} INFO - Started process (PID=743) to work on /home/airflow/.local/lib/python3.8/site-packages/airflow/example_dags/example_task_group_decorator.py
[2023-10-02T09:00:41.588+0000] {processor.py:829} INFO - Processing file /home/airflow/.local/lib/python3.8/site-packages/airflow/example_dags/example_task_group_decorator.py for tasks to queue
[2023-10-02T09:00:41.590+0000] {logging_mixin.py:151} INFO - [2023-10-02T09:00:41.589+0000] {dagbag.py:539} INFO - Filling up the DagBag from /home/airflow/.local/lib/python3.8/site-packages/airflow/example_dags/example_task_group_decorator.py
[2023-10-02T09:00:41.596+0000] {processor.py:839} INFO - DAG(s) dict_keys(['example_task_group_decorator']) retrieved from /home/airflow/.local/lib/python3.8/site-packages/airflow/example_dags/example_task_group_decorator.py
[2023-10-02T09:00:41.607+0000] {logging_mixin.py:151} INFO - [2023-10-02T09:00:41.607+0000] {dag.py:2915} INFO - Sync 1 DAGs
[2023-10-02T09:00:41.616+0000] {logging_mixin.py:151} INFO - [2023-10-02T09:00:41.616+0000] {dag.py:3696} INFO - Setting next_dagrun for example_task_group_decorator to 2023-10-01T09:00:41.616645+00:00, run_after=2023-10-02T09:00:41.616645+00:00
[2023-10-02T09:00:41.623+0000] {processor.py:179} INFO - Processing /home/airflow/.local/lib/python3.8/site-packages/airflow/example_dags/example_task_group_decorator.py took 0.038 seconds
[2023-10-02T09:01:12.439+0000] {processor.py:157} INFO - Started process (PID=800) to work on /home/airflow/.local/lib/python3.8/site-packages/airflow/example_dags/example_task_group_decorator.py
[2023-10-02T09:01:12.439+0000] {processor.py:829} INFO - Processing file /home/airflow/.local/lib/python3.8/site-packages/airflow/example_dags/example_task_group_decorator.py for tasks to queue
[2023-10-02T09:01:12.441+0000] {logging_mixin.py:151} INFO - [2023-10-02T09:01:12.440+0000] {dagbag.py:539} INFO - Filling up the DagBag from /home/airflow/.local/lib/python3.8/site-packages/airflow/example_dags/example_task_group_decorator.py
[2023-10-02T09:01:12.447+0000] {processor.py:839} INFO - DAG(s) dict_keys(['example_task_group_decorator']) retrieved from /home/airflow/.local/lib/python3.8/site-packages/airflow/example_dags/example_task_group_decorator.py
[2023-10-02T09:01:12.458+0000] {logging_mixin.py:151} INFO - [2023-10-02T09:01:12.458+0000] {dag.py:2915} INFO - Sync 1 DAGs
[2023-10-02T09:01:12.467+0000] {logging_mixin.py:151} INFO - [2023-10-02T09:01:12.467+0000] {dag.py:3696} INFO - Setting next_dagrun for example_task_group_decorator to 2023-10-01T09:01:12.467213+00:00, run_after=2023-10-02T09:01:12.467213+00:00
[2023-10-02T09:01:12.474+0000] {processor.py:179} INFO - Processing /home/airflow/.local/lib/python3.8/site-packages/airflow/example_dags/example_task_group_decorator.py took 0.037 seconds
[2023-10-02T09:01:43.593+0000] {processor.py:157} INFO - Started process (PID=857) to work on /home/airflow/.local/lib/python3.8/site-packages/airflow/example_dags/example_task_group_decorator.py
[2023-10-02T09:01:43.594+0000] {processor.py:829} INFO - Processing file /home/airflow/.local/lib/python3.8/site-packages/airflow/example_dags/example_task_group_decorator.py for tasks to queue
[2023-10-02T09:01:43.595+0000] {logging_mixin.py:151} INFO - [2023-10-02T09:01:43.595+0000] {dagbag.py:539} INFO - Filling up the DagBag from /home/airflow/.local/lib/python3.8/site-packages/airflow/example_dags/example_task_group_decorator.py
[2023-10-02T09:01:43.602+0000] {processor.py:839} INFO - DAG(s) dict_keys(['example_task_group_decorator']) retrieved from /home/airflow/.local/lib/python3.8/site-packages/airflow/example_dags/example_task_group_decorator.py
[2023-10-02T09:01:43.613+0000] {logging_mixin.py:151} INFO - [2023-10-02T09:01:43.613+0000] {dag.py:2915} INFO - Sync 1 DAGs
[2023-10-02T09:01:43.622+0000] {logging_mixin.py:151} INFO - [2023-10-02T09:01:43.622+0000] {dag.py:3696} INFO - Setting next_dagrun for example_task_group_decorator to 2023-10-01T09:01:43.622246+00:00, run_after=2023-10-02T09:01:43.622246+00:00
[2023-10-02T09:01:43.629+0000] {processor.py:179} INFO - Processing /home/airflow/.local/lib/python3.8/site-packages/airflow/example_dags/example_task_group_decorator.py took 0.037 seconds
[2023-10-02T09:02:14.491+0000] {processor.py:157} INFO - Started process (PID=914) to work on /home/airflow/.local/lib/python3.8/site-packages/airflow/example_dags/example_task_group_decorator.py
[2023-10-02T09:02:14.491+0000] {processor.py:829} INFO - Processing file /home/airflow/.local/lib/python3.8/site-packages/airflow/example_dags/example_task_group_decorator.py for tasks to queue
[2023-10-02T09:02:14.493+0000] {logging_mixin.py:151} INFO - [2023-10-02T09:02:14.493+0000] {dagbag.py:539} INFO - Filling up the DagBag from /home/airflow/.local/lib/python3.8/site-packages/airflow/example_dags/example_task_group_decorator.py
[2023-10-02T09:02:14.499+0000] {processor.py:839} INFO - DAG(s) dict_keys(['example_task_group_decorator']) retrieved from /home/airflow/.local/lib/python3.8/site-packages/airflow/example_dags/example_task_group_decorator.py
[2023-10-02T09:02:14.510+0000] {logging_mixin.py:151} INFO - [2023-10-02T09:02:14.510+0000] {dag.py:2915} INFO - Sync 1 DAGs
[2023-10-02T09:02:14.520+0000] {logging_mixin.py:151} INFO - [2023-10-02T09:02:14.520+0000] {dag.py:3696} INFO - Setting next_dagrun for example_task_group_decorator to 2023-10-01T09:02:14.520034+00:00, run_after=2023-10-02T09:02:14.520034+00:00
[2023-10-02T09:02:14.527+0000] {processor.py:179} INFO - Processing /home/airflow/.local/lib/python3.8/site-packages/airflow/example_dags/example_task_group_decorator.py took 0.038 seconds
