[2023-10-02T08:54:29.499+0000] {processor.py:157} INFO - Started process (PID=42) to work on /home/airflow/.local/lib/python3.8/site-packages/airflow/example_dags/example_short_circuit_decorator.py
[2023-10-02T08:54:29.500+0000] {processor.py:829} INFO - Processing file /home/airflow/.local/lib/python3.8/site-packages/airflow/example_dags/example_short_circuit_decorator.py for tasks to queue
[2023-10-02T08:54:29.501+0000] {logging_mixin.py:151} INFO - [2023-10-02T08:54:29.501+0000] {dagbag.py:539} INFO - Filling up the DagBag from /home/airflow/.local/lib/python3.8/site-packages/airflow/example_dags/example_short_circuit_decorator.py
[2023-10-02T08:54:29.509+0000] {processor.py:839} INFO - DAG(s) dict_keys(['example_short_circuit_decorator']) retrieved from /home/airflow/.local/lib/python3.8/site-packages/airflow/example_dags/example_short_circuit_decorator.py
[2023-10-02T08:54:29.524+0000] {logging_mixin.py:151} INFO - [2023-10-02T08:54:29.524+0000] {dag.py:2915} INFO - Sync 1 DAGs
[2023-10-02T08:54:29.537+0000] {logging_mixin.py:151} INFO - [2023-10-02T08:54:29.537+0000] {dag.py:3696} INFO - Setting next_dagrun for example_short_circuit_decorator to 2023-10-01T08:54:29.537103+00:00, run_after=2023-10-02T08:54:29.537103+00:00
[2023-10-02T08:54:29.546+0000] {processor.py:179} INFO - Processing /home/airflow/.local/lib/python3.8/site-packages/airflow/example_dags/example_short_circuit_decorator.py took 0.049 seconds
[2023-10-02T08:55:01.058+0000] {processor.py:157} INFO - Started process (PID=99) to work on /home/airflow/.local/lib/python3.8/site-packages/airflow/example_dags/example_short_circuit_decorator.py
[2023-10-02T08:55:01.059+0000] {processor.py:829} INFO - Processing file /home/airflow/.local/lib/python3.8/site-packages/airflow/example_dags/example_short_circuit_decorator.py for tasks to queue
[2023-10-02T08:55:01.061+0000] {logging_mixin.py:151} INFO - [2023-10-02T08:55:01.060+0000] {dagbag.py:539} INFO - Filling up the DagBag from /home/airflow/.local/lib/python3.8/site-packages/airflow/example_dags/example_short_circuit_decorator.py
[2023-10-02T08:55:01.069+0000] {processor.py:839} INFO - DAG(s) dict_keys(['example_short_circuit_decorator']) retrieved from /home/airflow/.local/lib/python3.8/site-packages/airflow/example_dags/example_short_circuit_decorator.py
[2023-10-02T08:55:01.084+0000] {logging_mixin.py:151} INFO - [2023-10-02T08:55:01.084+0000] {dag.py:2915} INFO - Sync 1 DAGs
[2023-10-02T08:55:01.103+0000] {logging_mixin.py:151} INFO - [2023-10-02T08:55:01.102+0000] {dag.py:3696} INFO - Setting next_dagrun for example_short_circuit_decorator to 2023-10-01T08:55:01.102723+00:00, run_after=2023-10-02T08:55:01.102723+00:00
[2023-10-02T08:55:01.112+0000] {processor.py:179} INFO - Processing /home/airflow/.local/lib/python3.8/site-packages/airflow/example_dags/example_short_circuit_decorator.py took 0.058 seconds
[2023-10-02T08:55:31.702+0000] {processor.py:157} INFO - Started process (PID=156) to work on /home/airflow/.local/lib/python3.8/site-packages/airflow/example_dags/example_short_circuit_decorator.py
[2023-10-02T08:55:31.702+0000] {processor.py:829} INFO - Processing file /home/airflow/.local/lib/python3.8/site-packages/airflow/example_dags/example_short_circuit_decorator.py for tasks to queue
[2023-10-02T08:55:31.703+0000] {logging_mixin.py:151} INFO - [2023-10-02T08:55:31.703+0000] {dagbag.py:539} INFO - Filling up the DagBag from /home/airflow/.local/lib/python3.8/site-packages/airflow/example_dags/example_short_circuit_decorator.py
[2023-10-02T08:55:31.708+0000] {processor.py:839} INFO - DAG(s) dict_keys(['example_short_circuit_decorator']) retrieved from /home/airflow/.local/lib/python3.8/site-packages/airflow/example_dags/example_short_circuit_decorator.py
[2023-10-02T08:55:31.719+0000] {logging_mixin.py:151} INFO - [2023-10-02T08:55:31.719+0000] {dag.py:2915} INFO - Sync 1 DAGs
[2023-10-02T08:55:31.728+0000] {logging_mixin.py:151} INFO - [2023-10-02T08:55:31.728+0000] {dag.py:3696} INFO - Setting next_dagrun for example_short_circuit_decorator to 2023-10-01T08:55:31.728251+00:00, run_after=2023-10-02T08:55:31.728251+00:00
[2023-10-02T08:55:31.735+0000] {processor.py:179} INFO - Processing /home/airflow/.local/lib/python3.8/site-packages/airflow/example_dags/example_short_circuit_decorator.py took 0.036 seconds
[2023-10-02T08:56:02.160+0000] {processor.py:157} INFO - Started process (PID=213) to work on /home/airflow/.local/lib/python3.8/site-packages/airflow/example_dags/example_short_circuit_decorator.py
[2023-10-02T08:56:02.160+0000] {processor.py:829} INFO - Processing file /home/airflow/.local/lib/python3.8/site-packages/airflow/example_dags/example_short_circuit_decorator.py for tasks to queue
[2023-10-02T08:56:02.162+0000] {logging_mixin.py:151} INFO - [2023-10-02T08:56:02.162+0000] {dagbag.py:539} INFO - Filling up the DagBag from /home/airflow/.local/lib/python3.8/site-packages/airflow/example_dags/example_short_circuit_decorator.py
[2023-10-02T08:56:02.166+0000] {processor.py:839} INFO - DAG(s) dict_keys(['example_short_circuit_decorator']) retrieved from /home/airflow/.local/lib/python3.8/site-packages/airflow/example_dags/example_short_circuit_decorator.py
[2023-10-02T08:56:02.177+0000] {logging_mixin.py:151} INFO - [2023-10-02T08:56:02.177+0000] {dag.py:2915} INFO - Sync 1 DAGs
[2023-10-02T08:56:02.187+0000] {logging_mixin.py:151} INFO - [2023-10-02T08:56:02.187+0000] {dag.py:3696} INFO - Setting next_dagrun for example_short_circuit_decorator to 2023-10-01T08:56:02.187232+00:00, run_after=2023-10-02T08:56:02.187232+00:00
[2023-10-02T08:56:02.194+0000] {processor.py:179} INFO - Processing /home/airflow/.local/lib/python3.8/site-packages/airflow/example_dags/example_short_circuit_decorator.py took 0.036 seconds
[2023-10-02T08:56:33.173+0000] {processor.py:157} INFO - Started process (PID=270) to work on /home/airflow/.local/lib/python3.8/site-packages/airflow/example_dags/example_short_circuit_decorator.py
[2023-10-02T08:56:33.174+0000] {processor.py:829} INFO - Processing file /home/airflow/.local/lib/python3.8/site-packages/airflow/example_dags/example_short_circuit_decorator.py for tasks to queue
[2023-10-02T08:56:33.175+0000] {logging_mixin.py:151} INFO - [2023-10-02T08:56:33.175+0000] {dagbag.py:539} INFO - Filling up the DagBag from /home/airflow/.local/lib/python3.8/site-packages/airflow/example_dags/example_short_circuit_decorator.py
[2023-10-02T08:56:33.179+0000] {processor.py:839} INFO - DAG(s) dict_keys(['example_short_circuit_decorator']) retrieved from /home/airflow/.local/lib/python3.8/site-packages/airflow/example_dags/example_short_circuit_decorator.py
[2023-10-02T08:56:33.190+0000] {logging_mixin.py:151} INFO - [2023-10-02T08:56:33.190+0000] {dag.py:2915} INFO - Sync 1 DAGs
[2023-10-02T08:56:33.199+0000] {logging_mixin.py:151} INFO - [2023-10-02T08:56:33.199+0000] {dag.py:3696} INFO - Setting next_dagrun for example_short_circuit_decorator to 2023-10-01T08:56:33.199205+00:00, run_after=2023-10-02T08:56:33.199205+00:00
[2023-10-02T08:56:33.207+0000] {processor.py:179} INFO - Processing /home/airflow/.local/lib/python3.8/site-packages/airflow/example_dags/example_short_circuit_decorator.py took 0.035 seconds
[2023-10-02T08:57:04.152+0000] {processor.py:157} INFO - Started process (PID=327) to work on /home/airflow/.local/lib/python3.8/site-packages/airflow/example_dags/example_short_circuit_decorator.py
[2023-10-02T08:57:04.152+0000] {processor.py:829} INFO - Processing file /home/airflow/.local/lib/python3.8/site-packages/airflow/example_dags/example_short_circuit_decorator.py for tasks to queue
[2023-10-02T08:57:04.153+0000] {logging_mixin.py:151} INFO - [2023-10-02T08:57:04.153+0000] {dagbag.py:539} INFO - Filling up the DagBag from /home/airflow/.local/lib/python3.8/site-packages/airflow/example_dags/example_short_circuit_decorator.py
[2023-10-02T08:57:04.158+0000] {processor.py:839} INFO - DAG(s) dict_keys(['example_short_circuit_decorator']) retrieved from /home/airflow/.local/lib/python3.8/site-packages/airflow/example_dags/example_short_circuit_decorator.py
[2023-10-02T08:57:04.169+0000] {logging_mixin.py:151} INFO - [2023-10-02T08:57:04.169+0000] {dag.py:2915} INFO - Sync 1 DAGs
[2023-10-02T08:57:04.179+0000] {logging_mixin.py:151} INFO - [2023-10-02T08:57:04.178+0000] {dag.py:3696} INFO - Setting next_dagrun for example_short_circuit_decorator to 2023-10-01T08:57:04.178797+00:00, run_after=2023-10-02T08:57:04.178797+00:00
[2023-10-02T08:57:04.186+0000] {processor.py:179} INFO - Processing /home/airflow/.local/lib/python3.8/site-packages/airflow/example_dags/example_short_circuit_decorator.py took 0.036 seconds
[2023-10-02T08:57:35.022+0000] {processor.py:157} INFO - Started process (PID=384) to work on /home/airflow/.local/lib/python3.8/site-packages/airflow/example_dags/example_short_circuit_decorator.py
[2023-10-02T08:57:35.022+0000] {processor.py:829} INFO - Processing file /home/airflow/.local/lib/python3.8/site-packages/airflow/example_dags/example_short_circuit_decorator.py for tasks to queue
[2023-10-02T08:57:35.023+0000] {logging_mixin.py:151} INFO - [2023-10-02T08:57:35.023+0000] {dagbag.py:539} INFO - Filling up the DagBag from /home/airflow/.local/lib/python3.8/site-packages/airflow/example_dags/example_short_circuit_decorator.py
[2023-10-02T08:57:35.028+0000] {processor.py:839} INFO - DAG(s) dict_keys(['example_short_circuit_decorator']) retrieved from /home/airflow/.local/lib/python3.8/site-packages/airflow/example_dags/example_short_circuit_decorator.py
[2023-10-02T08:57:35.039+0000] {logging_mixin.py:151} INFO - [2023-10-02T08:57:35.039+0000] {dag.py:2915} INFO - Sync 1 DAGs
[2023-10-02T08:57:35.048+0000] {logging_mixin.py:151} INFO - [2023-10-02T08:57:35.048+0000] {dag.py:3696} INFO - Setting next_dagrun for example_short_circuit_decorator to 2023-10-01T08:57:35.047914+00:00, run_after=2023-10-02T08:57:35.047914+00:00
[2023-10-02T08:57:35.054+0000] {processor.py:179} INFO - Processing /home/airflow/.local/lib/python3.8/site-packages/airflow/example_dags/example_short_circuit_decorator.py took 0.034 seconds
[2023-10-02T08:58:05.990+0000] {processor.py:157} INFO - Started process (PID=441) to work on /home/airflow/.local/lib/python3.8/site-packages/airflow/example_dags/example_short_circuit_decorator.py
[2023-10-02T08:58:05.991+0000] {processor.py:829} INFO - Processing file /home/airflow/.local/lib/python3.8/site-packages/airflow/example_dags/example_short_circuit_decorator.py for tasks to queue
[2023-10-02T08:58:05.992+0000] {logging_mixin.py:151} INFO - [2023-10-02T08:58:05.992+0000] {dagbag.py:539} INFO - Filling up the DagBag from /home/airflow/.local/lib/python3.8/site-packages/airflow/example_dags/example_short_circuit_decorator.py
[2023-10-02T08:58:05.997+0000] {processor.py:839} INFO - DAG(s) dict_keys(['example_short_circuit_decorator']) retrieved from /home/airflow/.local/lib/python3.8/site-packages/airflow/example_dags/example_short_circuit_decorator.py
[2023-10-02T08:58:06.008+0000] {logging_mixin.py:151} INFO - [2023-10-02T08:58:06.008+0000] {dag.py:2915} INFO - Sync 1 DAGs
[2023-10-02T08:58:06.018+0000] {logging_mixin.py:151} INFO - [2023-10-02T08:58:06.018+0000] {dag.py:3696} INFO - Setting next_dagrun for example_short_circuit_decorator to 2023-10-01T08:58:06.018013+00:00, run_after=2023-10-02T08:58:06.018013+00:00
[2023-10-02T08:58:06.025+0000] {processor.py:179} INFO - Processing /home/airflow/.local/lib/python3.8/site-packages/airflow/example_dags/example_short_circuit_decorator.py took 0.037 seconds
[2023-10-02T08:58:36.928+0000] {processor.py:157} INFO - Started process (PID=498) to work on /home/airflow/.local/lib/python3.8/site-packages/airflow/example_dags/example_short_circuit_decorator.py
[2023-10-02T08:58:36.928+0000] {processor.py:829} INFO - Processing file /home/airflow/.local/lib/python3.8/site-packages/airflow/example_dags/example_short_circuit_decorator.py for tasks to queue
[2023-10-02T08:58:36.930+0000] {logging_mixin.py:151} INFO - [2023-10-02T08:58:36.929+0000] {dagbag.py:539} INFO - Filling up the DagBag from /home/airflow/.local/lib/python3.8/site-packages/airflow/example_dags/example_short_circuit_decorator.py
[2023-10-02T08:58:36.935+0000] {processor.py:839} INFO - DAG(s) dict_keys(['example_short_circuit_decorator']) retrieved from /home/airflow/.local/lib/python3.8/site-packages/airflow/example_dags/example_short_circuit_decorator.py
[2023-10-02T08:58:36.947+0000] {logging_mixin.py:151} INFO - [2023-10-02T08:58:36.947+0000] {dag.py:2915} INFO - Sync 1 DAGs
[2023-10-02T08:58:36.957+0000] {logging_mixin.py:151} INFO - [2023-10-02T08:58:36.957+0000] {dag.py:3696} INFO - Setting next_dagrun for example_short_circuit_decorator to 2023-10-01T08:58:36.957186+00:00, run_after=2023-10-02T08:58:36.957186+00:00
[2023-10-02T08:58:36.964+0000] {processor.py:179} INFO - Processing /home/airflow/.local/lib/python3.8/site-packages/airflow/example_dags/example_short_circuit_decorator.py took 0.039 seconds
[2023-10-02T08:59:07.797+0000] {processor.py:157} INFO - Started process (PID=556) to work on /home/airflow/.local/lib/python3.8/site-packages/airflow/example_dags/example_short_circuit_decorator.py
[2023-10-02T08:59:07.798+0000] {processor.py:829} INFO - Processing file /home/airflow/.local/lib/python3.8/site-packages/airflow/example_dags/example_short_circuit_decorator.py for tasks to queue
[2023-10-02T08:59:07.799+0000] {logging_mixin.py:151} INFO - [2023-10-02T08:59:07.799+0000] {dagbag.py:539} INFO - Filling up the DagBag from /home/airflow/.local/lib/python3.8/site-packages/airflow/example_dags/example_short_circuit_decorator.py
[2023-10-02T08:59:07.804+0000] {processor.py:839} INFO - DAG(s) dict_keys(['example_short_circuit_decorator']) retrieved from /home/airflow/.local/lib/python3.8/site-packages/airflow/example_dags/example_short_circuit_decorator.py
[2023-10-02T08:59:07.815+0000] {logging_mixin.py:151} INFO - [2023-10-02T08:59:07.815+0000] {dag.py:2915} INFO - Sync 1 DAGs
[2023-10-02T08:59:07.825+0000] {logging_mixin.py:151} INFO - [2023-10-02T08:59:07.824+0000] {dag.py:3696} INFO - Setting next_dagrun for example_short_circuit_decorator to 2023-10-01T08:59:07.824790+00:00, run_after=2023-10-02T08:59:07.824790+00:00
[2023-10-02T08:59:07.832+0000] {processor.py:179} INFO - Processing /home/airflow/.local/lib/python3.8/site-packages/airflow/example_dags/example_short_circuit_decorator.py took 0.037 seconds
[2023-10-02T08:59:38.892+0000] {processor.py:157} INFO - Started process (PID=613) to work on /home/airflow/.local/lib/python3.8/site-packages/airflow/example_dags/example_short_circuit_decorator.py
[2023-10-02T08:59:38.892+0000] {processor.py:829} INFO - Processing file /home/airflow/.local/lib/python3.8/site-packages/airflow/example_dags/example_short_circuit_decorator.py for tasks to queue
[2023-10-02T08:59:38.894+0000] {logging_mixin.py:151} INFO - [2023-10-02T08:59:38.893+0000] {dagbag.py:539} INFO - Filling up the DagBag from /home/airflow/.local/lib/python3.8/site-packages/airflow/example_dags/example_short_circuit_decorator.py
[2023-10-02T08:59:38.899+0000] {processor.py:839} INFO - DAG(s) dict_keys(['example_short_circuit_decorator']) retrieved from /home/airflow/.local/lib/python3.8/site-packages/airflow/example_dags/example_short_circuit_decorator.py
[2023-10-02T08:59:38.911+0000] {logging_mixin.py:151} INFO - [2023-10-02T08:59:38.911+0000] {dag.py:2915} INFO - Sync 1 DAGs
[2023-10-02T08:59:38.920+0000] {logging_mixin.py:151} INFO - [2023-10-02T08:59:38.920+0000] {dag.py:3696} INFO - Setting next_dagrun for example_short_circuit_decorator to 2023-10-01T08:59:38.920246+00:00, run_after=2023-10-02T08:59:38.920246+00:00
[2023-10-02T08:59:38.927+0000] {processor.py:179} INFO - Processing /home/airflow/.local/lib/python3.8/site-packages/airflow/example_dags/example_short_circuit_decorator.py took 0.037 seconds
[2023-10-02T09:00:10.117+0000] {processor.py:157} INFO - Started process (PID=670) to work on /home/airflow/.local/lib/python3.8/site-packages/airflow/example_dags/example_short_circuit_decorator.py
[2023-10-02T09:00:10.118+0000] {processor.py:829} INFO - Processing file /home/airflow/.local/lib/python3.8/site-packages/airflow/example_dags/example_short_circuit_decorator.py for tasks to queue
[2023-10-02T09:00:10.119+0000] {logging_mixin.py:151} INFO - [2023-10-02T09:00:10.119+0000] {dagbag.py:539} INFO - Filling up the DagBag from /home/airflow/.local/lib/python3.8/site-packages/airflow/example_dags/example_short_circuit_decorator.py
[2023-10-02T09:00:10.123+0000] {processor.py:839} INFO - DAG(s) dict_keys(['example_short_circuit_decorator']) retrieved from /home/airflow/.local/lib/python3.8/site-packages/airflow/example_dags/example_short_circuit_decorator.py
[2023-10-02T09:00:10.135+0000] {logging_mixin.py:151} INFO - [2023-10-02T09:00:10.135+0000] {dag.py:2915} INFO - Sync 1 DAGs
[2023-10-02T09:00:10.144+0000] {logging_mixin.py:151} INFO - [2023-10-02T09:00:10.144+0000] {dag.py:3696} INFO - Setting next_dagrun for example_short_circuit_decorator to 2023-10-01T09:00:10.144251+00:00, run_after=2023-10-02T09:00:10.144251+00:00
[2023-10-02T09:00:10.151+0000] {processor.py:179} INFO - Processing /home/airflow/.local/lib/python3.8/site-packages/airflow/example_dags/example_short_circuit_decorator.py took 0.036 seconds
[2023-10-02T09:00:41.107+0000] {processor.py:157} INFO - Started process (PID=727) to work on /home/airflow/.local/lib/python3.8/site-packages/airflow/example_dags/example_short_circuit_decorator.py
[2023-10-02T09:00:41.108+0000] {processor.py:829} INFO - Processing file /home/airflow/.local/lib/python3.8/site-packages/airflow/example_dags/example_short_circuit_decorator.py for tasks to queue
[2023-10-02T09:00:41.109+0000] {logging_mixin.py:151} INFO - [2023-10-02T09:00:41.109+0000] {dagbag.py:539} INFO - Filling up the DagBag from /home/airflow/.local/lib/python3.8/site-packages/airflow/example_dags/example_short_circuit_decorator.py
[2023-10-02T09:00:41.114+0000] {processor.py:839} INFO - DAG(s) dict_keys(['example_short_circuit_decorator']) retrieved from /home/airflow/.local/lib/python3.8/site-packages/airflow/example_dags/example_short_circuit_decorator.py
[2023-10-02T09:00:41.124+0000] {logging_mixin.py:151} INFO - [2023-10-02T09:00:41.124+0000] {dag.py:2915} INFO - Sync 1 DAGs
[2023-10-02T09:00:41.133+0000] {logging_mixin.py:151} INFO - [2023-10-02T09:00:41.133+0000] {dag.py:3696} INFO - Setting next_dagrun for example_short_circuit_decorator to 2023-10-01T09:00:41.133371+00:00, run_after=2023-10-02T09:00:41.133371+00:00
[2023-10-02T09:00:41.140+0000] {processor.py:179} INFO - Processing /home/airflow/.local/lib/python3.8/site-packages/airflow/example_dags/example_short_circuit_decorator.py took 0.035 seconds
[2023-10-02T09:01:12.065+0000] {processor.py:157} INFO - Started process (PID=784) to work on /home/airflow/.local/lib/python3.8/site-packages/airflow/example_dags/example_short_circuit_decorator.py
[2023-10-02T09:01:12.065+0000] {processor.py:829} INFO - Processing file /home/airflow/.local/lib/python3.8/site-packages/airflow/example_dags/example_short_circuit_decorator.py for tasks to queue
[2023-10-02T09:01:12.066+0000] {logging_mixin.py:151} INFO - [2023-10-02T09:01:12.066+0000] {dagbag.py:539} INFO - Filling up the DagBag from /home/airflow/.local/lib/python3.8/site-packages/airflow/example_dags/example_short_circuit_decorator.py
[2023-10-02T09:01:12.071+0000] {processor.py:839} INFO - DAG(s) dict_keys(['example_short_circuit_decorator']) retrieved from /home/airflow/.local/lib/python3.8/site-packages/airflow/example_dags/example_short_circuit_decorator.py
[2023-10-02T09:01:12.082+0000] {logging_mixin.py:151} INFO - [2023-10-02T09:01:12.082+0000] {dag.py:2915} INFO - Sync 1 DAGs
[2023-10-02T09:01:12.091+0000] {logging_mixin.py:151} INFO - [2023-10-02T09:01:12.091+0000] {dag.py:3696} INFO - Setting next_dagrun for example_short_circuit_decorator to 2023-10-01T09:01:12.091577+00:00, run_after=2023-10-02T09:01:12.091577+00:00
[2023-10-02T09:01:12.098+0000] {processor.py:179} INFO - Processing /home/airflow/.local/lib/python3.8/site-packages/airflow/example_dags/example_short_circuit_decorator.py took 0.035 seconds
[2023-10-02T09:01:43.144+0000] {processor.py:157} INFO - Started process (PID=841) to work on /home/airflow/.local/lib/python3.8/site-packages/airflow/example_dags/example_short_circuit_decorator.py
[2023-10-02T09:01:43.145+0000] {processor.py:829} INFO - Processing file /home/airflow/.local/lib/python3.8/site-packages/airflow/example_dags/example_short_circuit_decorator.py for tasks to queue
[2023-10-02T09:01:43.146+0000] {logging_mixin.py:151} INFO - [2023-10-02T09:01:43.146+0000] {dagbag.py:539} INFO - Filling up the DagBag from /home/airflow/.local/lib/python3.8/site-packages/airflow/example_dags/example_short_circuit_decorator.py
[2023-10-02T09:01:43.151+0000] {processor.py:839} INFO - DAG(s) dict_keys(['example_short_circuit_decorator']) retrieved from /home/airflow/.local/lib/python3.8/site-packages/airflow/example_dags/example_short_circuit_decorator.py
[2023-10-02T09:01:43.162+0000] {logging_mixin.py:151} INFO - [2023-10-02T09:01:43.162+0000] {dag.py:2915} INFO - Sync 1 DAGs
[2023-10-02T09:01:43.171+0000] {logging_mixin.py:151} INFO - [2023-10-02T09:01:43.171+0000] {dag.py:3696} INFO - Setting next_dagrun for example_short_circuit_decorator to 2023-10-01T09:01:43.171570+00:00, run_after=2023-10-02T09:01:43.171570+00:00
[2023-10-02T09:01:43.179+0000] {processor.py:179} INFO - Processing /home/airflow/.local/lib/python3.8/site-packages/airflow/example_dags/example_short_circuit_decorator.py took 0.036 seconds
[2023-10-02T09:02:14.106+0000] {processor.py:157} INFO - Started process (PID=898) to work on /home/airflow/.local/lib/python3.8/site-packages/airflow/example_dags/example_short_circuit_decorator.py
[2023-10-02T09:02:14.107+0000] {processor.py:829} INFO - Processing file /home/airflow/.local/lib/python3.8/site-packages/airflow/example_dags/example_short_circuit_decorator.py for tasks to queue
[2023-10-02T09:02:14.108+0000] {logging_mixin.py:151} INFO - [2023-10-02T09:02:14.108+0000] {dagbag.py:539} INFO - Filling up the DagBag from /home/airflow/.local/lib/python3.8/site-packages/airflow/example_dags/example_short_circuit_decorator.py
[2023-10-02T09:02:14.113+0000] {processor.py:839} INFO - DAG(s) dict_keys(['example_short_circuit_decorator']) retrieved from /home/airflow/.local/lib/python3.8/site-packages/airflow/example_dags/example_short_circuit_decorator.py
[2023-10-02T09:02:14.124+0000] {logging_mixin.py:151} INFO - [2023-10-02T09:02:14.124+0000] {dag.py:2915} INFO - Sync 1 DAGs
[2023-10-02T09:02:14.134+0000] {logging_mixin.py:151} INFO - [2023-10-02T09:02:14.134+0000] {dag.py:3696} INFO - Setting next_dagrun for example_short_circuit_decorator to 2023-10-01T09:02:14.134084+00:00, run_after=2023-10-02T09:02:14.134084+00:00
[2023-10-02T09:02:14.141+0000] {processor.py:179} INFO - Processing /home/airflow/.local/lib/python3.8/site-packages/airflow/example_dags/example_short_circuit_decorator.py took 0.036 seconds
