[2023-10-02T08:54:29.736+0000] {processor.py:157} INFO - Started process (PID=47) to work on /home/airflow/.local/lib/python3.8/site-packages/airflow/example_dags/example_branch_python_dop_operator_3.py
[2023-10-02T08:54:29.737+0000] {processor.py:829} INFO - Processing file /home/airflow/.local/lib/python3.8/site-packages/airflow/example_dags/example_branch_python_dop_operator_3.py for tasks to queue
[2023-10-02T08:54:29.741+0000] {logging_mixin.py:151} INFO - [2023-10-02T08:54:29.740+0000] {dagbag.py:539} INFO - Filling up the DagBag from /home/airflow/.local/lib/python3.8/site-packages/airflow/example_dags/example_branch_python_dop_operator_3.py
[2023-10-02T08:54:29.751+0000] {processor.py:839} INFO - DAG(s) dict_keys(['example_branch_dop_operator_v3']) retrieved from /home/airflow/.local/lib/python3.8/site-packages/airflow/example_dags/example_branch_python_dop_operator_3.py
[2023-10-02T08:54:29.758+0000] {logging_mixin.py:151} INFO - [2023-10-02T08:54:29.758+0000] {dag.py:2915} INFO - Sync 1 DAGs
[2023-10-02T08:54:29.843+0000] {logging_mixin.py:151} INFO - [2023-10-02T08:54:29.841+0000] {dag.py:3696} INFO - Setting next_dagrun for example_branch_dop_operator_v3 to 2023-10-02T08:53:00+00:00, run_after=2023-10-02T08:54:00+00:00
[2023-10-02T08:54:29.893+0000] {processor.py:179} INFO - Processing /home/airflow/.local/lib/python3.8/site-packages/airflow/example_dags/example_branch_python_dop_operator_3.py took 0.162 seconds
[2023-10-02T08:55:01.190+0000] {processor.py:157} INFO - Started process (PID=104) to work on /home/airflow/.local/lib/python3.8/site-packages/airflow/example_dags/example_branch_python_dop_operator_3.py
[2023-10-02T08:55:01.191+0000] {processor.py:829} INFO - Processing file /home/airflow/.local/lib/python3.8/site-packages/airflow/example_dags/example_branch_python_dop_operator_3.py for tasks to queue
[2023-10-02T08:55:01.192+0000] {logging_mixin.py:151} INFO - [2023-10-02T08:55:01.192+0000] {dagbag.py:539} INFO - Filling up the DagBag from /home/airflow/.local/lib/python3.8/site-packages/airflow/example_dags/example_branch_python_dop_operator_3.py
[2023-10-02T08:55:01.198+0000] {processor.py:839} INFO - DAG(s) dict_keys(['example_branch_dop_operator_v3']) retrieved from /home/airflow/.local/lib/python3.8/site-packages/airflow/example_dags/example_branch_python_dop_operator_3.py
[2023-10-02T08:55:01.210+0000] {logging_mixin.py:151} INFO - [2023-10-02T08:55:01.210+0000] {dag.py:2915} INFO - Sync 1 DAGs
[2023-10-02T08:55:01.223+0000] {logging_mixin.py:151} INFO - [2023-10-02T08:55:01.223+0000] {dag.py:3696} INFO - Setting next_dagrun for example_branch_dop_operator_v3 to 2023-10-02T08:54:00+00:00, run_after=2023-10-02T08:55:00+00:00
[2023-10-02T08:55:01.231+0000] {processor.py:179} INFO - Processing /home/airflow/.local/lib/python3.8/site-packages/airflow/example_dags/example_branch_python_dop_operator_3.py took 0.043 seconds
[2023-10-02T08:55:31.847+0000] {processor.py:157} INFO - Started process (PID=161) to work on /home/airflow/.local/lib/python3.8/site-packages/airflow/example_dags/example_branch_python_dop_operator_3.py
[2023-10-02T08:55:31.847+0000] {processor.py:829} INFO - Processing file /home/airflow/.local/lib/python3.8/site-packages/airflow/example_dags/example_branch_python_dop_operator_3.py for tasks to queue
[2023-10-02T08:55:31.849+0000] {logging_mixin.py:151} INFO - [2023-10-02T08:55:31.849+0000] {dagbag.py:539} INFO - Filling up the DagBag from /home/airflow/.local/lib/python3.8/site-packages/airflow/example_dags/example_branch_python_dop_operator_3.py
[2023-10-02T08:55:31.854+0000] {processor.py:839} INFO - DAG(s) dict_keys(['example_branch_dop_operator_v3']) retrieved from /home/airflow/.local/lib/python3.8/site-packages/airflow/example_dags/example_branch_python_dop_operator_3.py
[2023-10-02T08:55:31.864+0000] {logging_mixin.py:151} INFO - [2023-10-02T08:55:31.864+0000] {dag.py:2915} INFO - Sync 1 DAGs
[2023-10-02T08:55:31.875+0000] {logging_mixin.py:151} INFO - [2023-10-02T08:55:31.875+0000] {dag.py:3696} INFO - Setting next_dagrun for example_branch_dop_operator_v3 to 2023-10-02T08:54:00+00:00, run_after=2023-10-02T08:55:00+00:00
[2023-10-02T08:55:31.882+0000] {processor.py:179} INFO - Processing /home/airflow/.local/lib/python3.8/site-packages/airflow/example_dags/example_branch_python_dop_operator_3.py took 0.038 seconds
[2023-10-02T08:56:02.295+0000] {processor.py:157} INFO - Started process (PID=218) to work on /home/airflow/.local/lib/python3.8/site-packages/airflow/example_dags/example_branch_python_dop_operator_3.py
[2023-10-02T08:56:02.297+0000] {processor.py:829} INFO - Processing file /home/airflow/.local/lib/python3.8/site-packages/airflow/example_dags/example_branch_python_dop_operator_3.py for tasks to queue
[2023-10-02T08:56:02.299+0000] {logging_mixin.py:151} INFO - [2023-10-02T08:56:02.299+0000] {dagbag.py:539} INFO - Filling up the DagBag from /home/airflow/.local/lib/python3.8/site-packages/airflow/example_dags/example_branch_python_dop_operator_3.py
[2023-10-02T08:56:02.306+0000] {processor.py:839} INFO - DAG(s) dict_keys(['example_branch_dop_operator_v3']) retrieved from /home/airflow/.local/lib/python3.8/site-packages/airflow/example_dags/example_branch_python_dop_operator_3.py
[2023-10-02T08:56:02.318+0000] {logging_mixin.py:151} INFO - [2023-10-02T08:56:02.318+0000] {dag.py:2915} INFO - Sync 1 DAGs
[2023-10-02T08:56:02.331+0000] {logging_mixin.py:151} INFO - [2023-10-02T08:56:02.331+0000] {dag.py:3696} INFO - Setting next_dagrun for example_branch_dop_operator_v3 to 2023-10-02T08:55:00+00:00, run_after=2023-10-02T08:56:00+00:00
[2023-10-02T08:56:02.339+0000] {processor.py:179} INFO - Processing /home/airflow/.local/lib/python3.8/site-packages/airflow/example_dags/example_branch_python_dop_operator_3.py took 0.046 seconds
[2023-10-02T08:56:33.310+0000] {processor.py:157} INFO - Started process (PID=275) to work on /home/airflow/.local/lib/python3.8/site-packages/airflow/example_dags/example_branch_python_dop_operator_3.py
[2023-10-02T08:56:33.311+0000] {processor.py:829} INFO - Processing file /home/airflow/.local/lib/python3.8/site-packages/airflow/example_dags/example_branch_python_dop_operator_3.py for tasks to queue
[2023-10-02T08:56:33.312+0000] {logging_mixin.py:151} INFO - [2023-10-02T08:56:33.312+0000] {dagbag.py:539} INFO - Filling up the DagBag from /home/airflow/.local/lib/python3.8/site-packages/airflow/example_dags/example_branch_python_dop_operator_3.py
[2023-10-02T08:56:33.317+0000] {processor.py:839} INFO - DAG(s) dict_keys(['example_branch_dop_operator_v3']) retrieved from /home/airflow/.local/lib/python3.8/site-packages/airflow/example_dags/example_branch_python_dop_operator_3.py
[2023-10-02T08:56:33.326+0000] {logging_mixin.py:151} INFO - [2023-10-02T08:56:33.326+0000] {dag.py:2915} INFO - Sync 1 DAGs
[2023-10-02T08:56:33.337+0000] {logging_mixin.py:151} INFO - [2023-10-02T08:56:33.337+0000] {dag.py:3696} INFO - Setting next_dagrun for example_branch_dop_operator_v3 to 2023-10-02T08:55:00+00:00, run_after=2023-10-02T08:56:00+00:00
[2023-10-02T08:56:33.344+0000] {processor.py:179} INFO - Processing /home/airflow/.local/lib/python3.8/site-packages/airflow/example_dags/example_branch_python_dop_operator_3.py took 0.035 seconds
[2023-10-02T08:57:04.254+0000] {processor.py:157} INFO - Started process (PID=332) to work on /home/airflow/.local/lib/python3.8/site-packages/airflow/example_dags/example_branch_python_dop_operator_3.py
[2023-10-02T08:57:04.255+0000] {processor.py:829} INFO - Processing file /home/airflow/.local/lib/python3.8/site-packages/airflow/example_dags/example_branch_python_dop_operator_3.py for tasks to queue
[2023-10-02T08:57:04.256+0000] {logging_mixin.py:151} INFO - [2023-10-02T08:57:04.256+0000] {dagbag.py:539} INFO - Filling up the DagBag from /home/airflow/.local/lib/python3.8/site-packages/airflow/example_dags/example_branch_python_dop_operator_3.py
[2023-10-02T08:57:04.261+0000] {processor.py:839} INFO - DAG(s) dict_keys(['example_branch_dop_operator_v3']) retrieved from /home/airflow/.local/lib/python3.8/site-packages/airflow/example_dags/example_branch_python_dop_operator_3.py
[2023-10-02T08:57:04.271+0000] {logging_mixin.py:151} INFO - [2023-10-02T08:57:04.271+0000] {dag.py:2915} INFO - Sync 1 DAGs
[2023-10-02T08:57:04.282+0000] {logging_mixin.py:151} INFO - [2023-10-02T08:57:04.282+0000] {dag.py:3696} INFO - Setting next_dagrun for example_branch_dop_operator_v3 to 2023-10-02T08:56:00+00:00, run_after=2023-10-02T08:57:00+00:00
[2023-10-02T08:57:04.289+0000] {processor.py:179} INFO - Processing /home/airflow/.local/lib/python3.8/site-packages/airflow/example_dags/example_branch_python_dop_operator_3.py took 0.037 seconds
[2023-10-02T08:57:35.161+0000] {processor.py:157} INFO - Started process (PID=389) to work on /home/airflow/.local/lib/python3.8/site-packages/airflow/example_dags/example_branch_python_dop_operator_3.py
[2023-10-02T08:57:35.161+0000] {processor.py:829} INFO - Processing file /home/airflow/.local/lib/python3.8/site-packages/airflow/example_dags/example_branch_python_dop_operator_3.py for tasks to queue
[2023-10-02T08:57:35.162+0000] {logging_mixin.py:151} INFO - [2023-10-02T08:57:35.162+0000] {dagbag.py:539} INFO - Filling up the DagBag from /home/airflow/.local/lib/python3.8/site-packages/airflow/example_dags/example_branch_python_dop_operator_3.py
[2023-10-02T08:57:35.167+0000] {processor.py:839} INFO - DAG(s) dict_keys(['example_branch_dop_operator_v3']) retrieved from /home/airflow/.local/lib/python3.8/site-packages/airflow/example_dags/example_branch_python_dop_operator_3.py
[2023-10-02T08:57:35.177+0000] {logging_mixin.py:151} INFO - [2023-10-02T08:57:35.177+0000] {dag.py:2915} INFO - Sync 1 DAGs
[2023-10-02T08:57:35.191+0000] {logging_mixin.py:151} INFO - [2023-10-02T08:57:35.191+0000] {dag.py:3696} INFO - Setting next_dagrun for example_branch_dop_operator_v3 to 2023-10-02T08:56:00+00:00, run_after=2023-10-02T08:57:00+00:00
[2023-10-02T08:57:35.199+0000] {processor.py:179} INFO - Processing /home/airflow/.local/lib/python3.8/site-packages/airflow/example_dags/example_branch_python_dop_operator_3.py took 0.040 seconds
[2023-10-02T08:58:06.117+0000] {processor.py:157} INFO - Started process (PID=446) to work on /home/airflow/.local/lib/python3.8/site-packages/airflow/example_dags/example_branch_python_dop_operator_3.py
[2023-10-02T08:58:06.118+0000] {processor.py:829} INFO - Processing file /home/airflow/.local/lib/python3.8/site-packages/airflow/example_dags/example_branch_python_dop_operator_3.py for tasks to queue
[2023-10-02T08:58:06.119+0000] {logging_mixin.py:151} INFO - [2023-10-02T08:58:06.119+0000] {dagbag.py:539} INFO - Filling up the DagBag from /home/airflow/.local/lib/python3.8/site-packages/airflow/example_dags/example_branch_python_dop_operator_3.py
[2023-10-02T08:58:06.126+0000] {processor.py:839} INFO - DAG(s) dict_keys(['example_branch_dop_operator_v3']) retrieved from /home/airflow/.local/lib/python3.8/site-packages/airflow/example_dags/example_branch_python_dop_operator_3.py
[2023-10-02T08:58:06.137+0000] {logging_mixin.py:151} INFO - [2023-10-02T08:58:06.137+0000] {dag.py:2915} INFO - Sync 1 DAGs
[2023-10-02T08:58:06.148+0000] {logging_mixin.py:151} INFO - [2023-10-02T08:58:06.148+0000] {dag.py:3696} INFO - Setting next_dagrun for example_branch_dop_operator_v3 to 2023-10-02T08:57:00+00:00, run_after=2023-10-02T08:58:00+00:00
[2023-10-02T08:58:06.156+0000] {processor.py:179} INFO - Processing /home/airflow/.local/lib/python3.8/site-packages/airflow/example_dags/example_branch_python_dop_operator_3.py took 0.041 seconds
[2023-10-02T08:58:37.072+0000] {processor.py:157} INFO - Started process (PID=503) to work on /home/airflow/.local/lib/python3.8/site-packages/airflow/example_dags/example_branch_python_dop_operator_3.py
[2023-10-02T08:58:37.073+0000] {processor.py:829} INFO - Processing file /home/airflow/.local/lib/python3.8/site-packages/airflow/example_dags/example_branch_python_dop_operator_3.py for tasks to queue
[2023-10-02T08:58:37.074+0000] {logging_mixin.py:151} INFO - [2023-10-02T08:58:37.074+0000] {dagbag.py:539} INFO - Filling up the DagBag from /home/airflow/.local/lib/python3.8/site-packages/airflow/example_dags/example_branch_python_dop_operator_3.py
[2023-10-02T08:58:37.082+0000] {processor.py:839} INFO - DAG(s) dict_keys(['example_branch_dop_operator_v3']) retrieved from /home/airflow/.local/lib/python3.8/site-packages/airflow/example_dags/example_branch_python_dop_operator_3.py
[2023-10-02T08:58:37.095+0000] {logging_mixin.py:151} INFO - [2023-10-02T08:58:37.095+0000] {dag.py:2915} INFO - Sync 1 DAGs
[2023-10-02T08:58:37.106+0000] {logging_mixin.py:151} INFO - [2023-10-02T08:58:37.106+0000] {dag.py:3696} INFO - Setting next_dagrun for example_branch_dop_operator_v3 to 2023-10-02T08:57:00+00:00, run_after=2023-10-02T08:58:00+00:00
[2023-10-02T08:58:37.114+0000] {processor.py:179} INFO - Processing /home/airflow/.local/lib/python3.8/site-packages/airflow/example_dags/example_branch_python_dop_operator_3.py took 0.045 seconds
[2023-10-02T08:59:07.904+0000] {processor.py:157} INFO - Started process (PID=561) to work on /home/airflow/.local/lib/python3.8/site-packages/airflow/example_dags/example_branch_python_dop_operator_3.py
[2023-10-02T08:59:07.905+0000] {processor.py:829} INFO - Processing file /home/airflow/.local/lib/python3.8/site-packages/airflow/example_dags/example_branch_python_dop_operator_3.py for tasks to queue
[2023-10-02T08:59:07.906+0000] {logging_mixin.py:151} INFO - [2023-10-02T08:59:07.906+0000] {dagbag.py:539} INFO - Filling up the DagBag from /home/airflow/.local/lib/python3.8/site-packages/airflow/example_dags/example_branch_python_dop_operator_3.py
[2023-10-02T08:59:07.911+0000] {processor.py:839} INFO - DAG(s) dict_keys(['example_branch_dop_operator_v3']) retrieved from /home/airflow/.local/lib/python3.8/site-packages/airflow/example_dags/example_branch_python_dop_operator_3.py
[2023-10-02T08:59:07.921+0000] {logging_mixin.py:151} INFO - [2023-10-02T08:59:07.921+0000] {dag.py:2915} INFO - Sync 1 DAGs
[2023-10-02T08:59:07.932+0000] {logging_mixin.py:151} INFO - [2023-10-02T08:59:07.932+0000] {dag.py:3696} INFO - Setting next_dagrun for example_branch_dop_operator_v3 to 2023-10-02T08:58:00+00:00, run_after=2023-10-02T08:59:00+00:00
[2023-10-02T08:59:07.940+0000] {processor.py:179} INFO - Processing /home/airflow/.local/lib/python3.8/site-packages/airflow/example_dags/example_branch_python_dop_operator_3.py took 0.037 seconds
[2023-10-02T08:59:39.049+0000] {processor.py:157} INFO - Started process (PID=618) to work on /home/airflow/.local/lib/python3.8/site-packages/airflow/example_dags/example_branch_python_dop_operator_3.py
[2023-10-02T08:59:39.050+0000] {processor.py:829} INFO - Processing file /home/airflow/.local/lib/python3.8/site-packages/airflow/example_dags/example_branch_python_dop_operator_3.py for tasks to queue
[2023-10-02T08:59:39.051+0000] {logging_mixin.py:151} INFO - [2023-10-02T08:59:39.051+0000] {dagbag.py:539} INFO - Filling up the DagBag from /home/airflow/.local/lib/python3.8/site-packages/airflow/example_dags/example_branch_python_dop_operator_3.py
[2023-10-02T08:59:39.056+0000] {processor.py:839} INFO - DAG(s) dict_keys(['example_branch_dop_operator_v3']) retrieved from /home/airflow/.local/lib/python3.8/site-packages/airflow/example_dags/example_branch_python_dop_operator_3.py
[2023-10-02T08:59:39.065+0000] {logging_mixin.py:151} INFO - [2023-10-02T08:59:39.065+0000] {dag.py:2915} INFO - Sync 1 DAGs
[2023-10-02T08:59:39.079+0000] {logging_mixin.py:151} INFO - [2023-10-02T08:59:39.079+0000] {dag.py:3696} INFO - Setting next_dagrun for example_branch_dop_operator_v3 to 2023-10-02T08:58:00+00:00, run_after=2023-10-02T08:59:00+00:00
[2023-10-02T08:59:39.087+0000] {processor.py:179} INFO - Processing /home/airflow/.local/lib/python3.8/site-packages/airflow/example_dags/example_branch_python_dop_operator_3.py took 0.040 seconds
[2023-10-02T09:00:10.260+0000] {processor.py:157} INFO - Started process (PID=675) to work on /home/airflow/.local/lib/python3.8/site-packages/airflow/example_dags/example_branch_python_dop_operator_3.py
[2023-10-02T09:00:10.261+0000] {processor.py:829} INFO - Processing file /home/airflow/.local/lib/python3.8/site-packages/airflow/example_dags/example_branch_python_dop_operator_3.py for tasks to queue
[2023-10-02T09:00:10.262+0000] {logging_mixin.py:151} INFO - [2023-10-02T09:00:10.262+0000] {dagbag.py:539} INFO - Filling up the DagBag from /home/airflow/.local/lib/python3.8/site-packages/airflow/example_dags/example_branch_python_dop_operator_3.py
[2023-10-02T09:00:10.267+0000] {processor.py:839} INFO - DAG(s) dict_keys(['example_branch_dop_operator_v3']) retrieved from /home/airflow/.local/lib/python3.8/site-packages/airflow/example_dags/example_branch_python_dop_operator_3.py
[2023-10-02T09:00:10.276+0000] {logging_mixin.py:151} INFO - [2023-10-02T09:00:10.276+0000] {dag.py:2915} INFO - Sync 1 DAGs
[2023-10-02T09:00:10.287+0000] {logging_mixin.py:151} INFO - [2023-10-02T09:00:10.287+0000] {dag.py:3696} INFO - Setting next_dagrun for example_branch_dop_operator_v3 to 2023-10-02T08:59:00+00:00, run_after=2023-10-02T09:00:00+00:00
[2023-10-02T09:00:10.294+0000] {processor.py:179} INFO - Processing /home/airflow/.local/lib/python3.8/site-packages/airflow/example_dags/example_branch_python_dop_operator_3.py took 0.036 seconds
[2023-10-02T09:00:41.247+0000] {processor.py:157} INFO - Started process (PID=732) to work on /home/airflow/.local/lib/python3.8/site-packages/airflow/example_dags/example_branch_python_dop_operator_3.py
[2023-10-02T09:00:41.248+0000] {processor.py:829} INFO - Processing file /home/airflow/.local/lib/python3.8/site-packages/airflow/example_dags/example_branch_python_dop_operator_3.py for tasks to queue
[2023-10-02T09:00:41.249+0000] {logging_mixin.py:151} INFO - [2023-10-02T09:00:41.249+0000] {dagbag.py:539} INFO - Filling up the DagBag from /home/airflow/.local/lib/python3.8/site-packages/airflow/example_dags/example_branch_python_dop_operator_3.py
[2023-10-02T09:00:41.253+0000] {processor.py:839} INFO - DAG(s) dict_keys(['example_branch_dop_operator_v3']) retrieved from /home/airflow/.local/lib/python3.8/site-packages/airflow/example_dags/example_branch_python_dop_operator_3.py
[2023-10-02T09:00:41.263+0000] {logging_mixin.py:151} INFO - [2023-10-02T09:00:41.263+0000] {dag.py:2915} INFO - Sync 1 DAGs
[2023-10-02T09:00:41.274+0000] {logging_mixin.py:151} INFO - [2023-10-02T09:00:41.273+0000] {dag.py:3696} INFO - Setting next_dagrun for example_branch_dop_operator_v3 to 2023-10-02T08:59:00+00:00, run_after=2023-10-02T09:00:00+00:00
[2023-10-02T09:00:41.281+0000] {processor.py:179} INFO - Processing /home/airflow/.local/lib/python3.8/site-packages/airflow/example_dags/example_branch_python_dop_operator_3.py took 0.036 seconds
[2023-10-02T09:01:12.168+0000] {processor.py:157} INFO - Started process (PID=789) to work on /home/airflow/.local/lib/python3.8/site-packages/airflow/example_dags/example_branch_python_dop_operator_3.py
[2023-10-02T09:01:12.169+0000] {processor.py:829} INFO - Processing file /home/airflow/.local/lib/python3.8/site-packages/airflow/example_dags/example_branch_python_dop_operator_3.py for tasks to queue
[2023-10-02T09:01:12.170+0000] {logging_mixin.py:151} INFO - [2023-10-02T09:01:12.170+0000] {dagbag.py:539} INFO - Filling up the DagBag from /home/airflow/.local/lib/python3.8/site-packages/airflow/example_dags/example_branch_python_dop_operator_3.py
[2023-10-02T09:01:12.175+0000] {processor.py:839} INFO - DAG(s) dict_keys(['example_branch_dop_operator_v3']) retrieved from /home/airflow/.local/lib/python3.8/site-packages/airflow/example_dags/example_branch_python_dop_operator_3.py
[2023-10-02T09:01:12.185+0000] {logging_mixin.py:151} INFO - [2023-10-02T09:01:12.184+0000] {dag.py:2915} INFO - Sync 1 DAGs
[2023-10-02T09:01:12.196+0000] {logging_mixin.py:151} INFO - [2023-10-02T09:01:12.196+0000] {dag.py:3696} INFO - Setting next_dagrun for example_branch_dop_operator_v3 to 2023-10-02T09:00:00+00:00, run_after=2023-10-02T09:01:00+00:00
[2023-10-02T09:01:12.204+0000] {processor.py:179} INFO - Processing /home/airflow/.local/lib/python3.8/site-packages/airflow/example_dags/example_branch_python_dop_operator_3.py took 0.037 seconds
[2023-10-02T09:01:43.287+0000] {processor.py:157} INFO - Started process (PID=846) to work on /home/airflow/.local/lib/python3.8/site-packages/airflow/example_dags/example_branch_python_dop_operator_3.py
[2023-10-02T09:01:43.287+0000] {processor.py:829} INFO - Processing file /home/airflow/.local/lib/python3.8/site-packages/airflow/example_dags/example_branch_python_dop_operator_3.py for tasks to queue
[2023-10-02T09:01:43.289+0000] {logging_mixin.py:151} INFO - [2023-10-02T09:01:43.289+0000] {dagbag.py:539} INFO - Filling up the DagBag from /home/airflow/.local/lib/python3.8/site-packages/airflow/example_dags/example_branch_python_dop_operator_3.py
[2023-10-02T09:01:43.293+0000] {processor.py:839} INFO - DAG(s) dict_keys(['example_branch_dop_operator_v3']) retrieved from /home/airflow/.local/lib/python3.8/site-packages/airflow/example_dags/example_branch_python_dop_operator_3.py
[2023-10-02T09:01:43.303+0000] {logging_mixin.py:151} INFO - [2023-10-02T09:01:43.303+0000] {dag.py:2915} INFO - Sync 1 DAGs
[2023-10-02T09:01:43.314+0000] {logging_mixin.py:151} INFO - [2023-10-02T09:01:43.314+0000] {dag.py:3696} INFO - Setting next_dagrun for example_branch_dop_operator_v3 to 2023-10-02T09:00:00+00:00, run_after=2023-10-02T09:01:00+00:00
[2023-10-02T09:01:43.321+0000] {processor.py:179} INFO - Processing /home/airflow/.local/lib/python3.8/site-packages/airflow/example_dags/example_branch_python_dop_operator_3.py took 0.036 seconds
[2023-10-02T09:02:14.211+0000] {processor.py:157} INFO - Started process (PID=903) to work on /home/airflow/.local/lib/python3.8/site-packages/airflow/example_dags/example_branch_python_dop_operator_3.py
[2023-10-02T09:02:14.212+0000] {processor.py:829} INFO - Processing file /home/airflow/.local/lib/python3.8/site-packages/airflow/example_dags/example_branch_python_dop_operator_3.py for tasks to queue
[2023-10-02T09:02:14.213+0000] {logging_mixin.py:151} INFO - [2023-10-02T09:02:14.213+0000] {dagbag.py:539} INFO - Filling up the DagBag from /home/airflow/.local/lib/python3.8/site-packages/airflow/example_dags/example_branch_python_dop_operator_3.py
[2023-10-02T09:02:14.218+0000] {processor.py:839} INFO - DAG(s) dict_keys(['example_branch_dop_operator_v3']) retrieved from /home/airflow/.local/lib/python3.8/site-packages/airflow/example_dags/example_branch_python_dop_operator_3.py
[2023-10-02T09:02:14.228+0000] {logging_mixin.py:151} INFO - [2023-10-02T09:02:14.228+0000] {dag.py:2915} INFO - Sync 1 DAGs
[2023-10-02T09:02:14.239+0000] {logging_mixin.py:151} INFO - [2023-10-02T09:02:14.239+0000] {dag.py:3696} INFO - Setting next_dagrun for example_branch_dop_operator_v3 to 2023-10-02T09:01:00+00:00, run_after=2023-10-02T09:02:00+00:00
[2023-10-02T09:02:14.247+0000] {processor.py:179} INFO - Processing /home/airflow/.local/lib/python3.8/site-packages/airflow/example_dags/example_branch_python_dop_operator_3.py took 0.037 seconds
