[2023-10-02T08:54:27.995+0000] {processor.py:157} INFO - Started process (PID=34) to work on /home/airflow/.local/lib/python3.8/site-packages/airflow/example_dags/example_branch_day_of_week_operator.py
[2023-10-02T08:54:27.996+0000] {processor.py:829} INFO - Processing file /home/airflow/.local/lib/python3.8/site-packages/airflow/example_dags/example_branch_day_of_week_operator.py for tasks to queue
[2023-10-02T08:54:27.997+0000] {logging_mixin.py:151} INFO - [2023-10-02T08:54:27.997+0000] {dagbag.py:539} INFO - Filling up the DagBag from /home/airflow/.local/lib/python3.8/site-packages/airflow/example_dags/example_branch_day_of_week_operator.py
[2023-10-02T08:54:28.006+0000] {processor.py:839} INFO - DAG(s) dict_keys(['example_weekday_branch_operator']) retrieved from /home/airflow/.local/lib/python3.8/site-packages/airflow/example_dags/example_branch_day_of_week_operator.py
[2023-10-02T08:54:28.018+0000] {logging_mixin.py:151} INFO - [2023-10-02T08:54:28.018+0000] {dag.py:2915} INFO - Sync 1 DAGs
[2023-10-02T08:54:28.051+0000] {logging_mixin.py:151} INFO - [2023-10-02T08:54:28.051+0000] {dag.py:3696} INFO - Setting next_dagrun for example_weekday_branch_operator to 2023-10-01T00:00:00+00:00, run_after=2023-10-02T00:00:00+00:00
[2023-10-02T08:54:28.070+0000] {processor.py:179} INFO - Processing /home/airflow/.local/lib/python3.8/site-packages/airflow/example_dags/example_branch_day_of_week_operator.py took 0.077 seconds
[2023-10-02T08:54:58.819+0000] {processor.py:157} INFO - Started process (PID=89) to work on /home/airflow/.local/lib/python3.8/site-packages/airflow/example_dags/example_branch_day_of_week_operator.py
[2023-10-02T08:54:58.820+0000] {processor.py:829} INFO - Processing file /home/airflow/.local/lib/python3.8/site-packages/airflow/example_dags/example_branch_day_of_week_operator.py for tasks to queue
[2023-10-02T08:54:58.821+0000] {logging_mixin.py:151} INFO - [2023-10-02T08:54:58.821+0000] {dagbag.py:539} INFO - Filling up the DagBag from /home/airflow/.local/lib/python3.8/site-packages/airflow/example_dags/example_branch_day_of_week_operator.py
[2023-10-02T08:54:58.827+0000] {processor.py:839} INFO - DAG(s) dict_keys(['example_weekday_branch_operator']) retrieved from /home/airflow/.local/lib/python3.8/site-packages/airflow/example_dags/example_branch_day_of_week_operator.py
[2023-10-02T08:54:58.839+0000] {logging_mixin.py:151} INFO - [2023-10-02T08:54:58.838+0000] {dag.py:2915} INFO - Sync 1 DAGs
[2023-10-02T08:54:58.849+0000] {logging_mixin.py:151} INFO - [2023-10-02T08:54:58.849+0000] {dag.py:3696} INFO - Setting next_dagrun for example_weekday_branch_operator to 2023-10-01T00:00:00+00:00, run_after=2023-10-02T00:00:00+00:00
[2023-10-02T08:54:58.856+0000] {processor.py:179} INFO - Processing /home/airflow/.local/lib/python3.8/site-packages/airflow/example_dags/example_branch_day_of_week_operator.py took 0.039 seconds
[2023-10-02T08:55:29.148+0000] {processor.py:157} INFO - Started process (PID=146) to work on /home/airflow/.local/lib/python3.8/site-packages/airflow/example_dags/example_branch_day_of_week_operator.py
[2023-10-02T08:55:29.154+0000] {processor.py:829} INFO - Processing file /home/airflow/.local/lib/python3.8/site-packages/airflow/example_dags/example_branch_day_of_week_operator.py for tasks to queue
[2023-10-02T08:55:29.163+0000] {logging_mixin.py:151} INFO - [2023-10-02T08:55:29.162+0000] {dagbag.py:539} INFO - Filling up the DagBag from /home/airflow/.local/lib/python3.8/site-packages/airflow/example_dags/example_branch_day_of_week_operator.py
[2023-10-02T08:55:29.192+0000] {processor.py:839} INFO - DAG(s) dict_keys(['example_weekday_branch_operator']) retrieved from /home/airflow/.local/lib/python3.8/site-packages/airflow/example_dags/example_branch_day_of_week_operator.py
[2023-10-02T08:55:29.265+0000] {logging_mixin.py:151} INFO - [2023-10-02T08:55:29.265+0000] {dag.py:2915} INFO - Sync 1 DAGs
[2023-10-02T08:55:29.285+0000] {logging_mixin.py:151} INFO - [2023-10-02T08:55:29.285+0000] {dag.py:3696} INFO - Setting next_dagrun for example_weekday_branch_operator to 2023-10-01T00:00:00+00:00, run_after=2023-10-02T00:00:00+00:00
[2023-10-02T08:55:29.303+0000] {processor.py:179} INFO - Processing /home/airflow/.local/lib/python3.8/site-packages/airflow/example_dags/example_branch_day_of_week_operator.py took 0.160 seconds
[2023-10-02T08:55:59.406+0000] {processor.py:157} INFO - Started process (PID=203) to work on /home/airflow/.local/lib/python3.8/site-packages/airflow/example_dags/example_branch_day_of_week_operator.py
[2023-10-02T08:55:59.408+0000] {processor.py:829} INFO - Processing file /home/airflow/.local/lib/python3.8/site-packages/airflow/example_dags/example_branch_day_of_week_operator.py for tasks to queue
[2023-10-02T08:55:59.413+0000] {logging_mixin.py:151} INFO - [2023-10-02T08:55:59.413+0000] {dagbag.py:539} INFO - Filling up the DagBag from /home/airflow/.local/lib/python3.8/site-packages/airflow/example_dags/example_branch_day_of_week_operator.py
[2023-10-02T08:55:59.419+0000] {processor.py:839} INFO - DAG(s) dict_keys(['example_weekday_branch_operator']) retrieved from /home/airflow/.local/lib/python3.8/site-packages/airflow/example_dags/example_branch_day_of_week_operator.py
[2023-10-02T08:55:59.433+0000] {logging_mixin.py:151} INFO - [2023-10-02T08:55:59.433+0000] {dag.py:2915} INFO - Sync 1 DAGs
[2023-10-02T08:55:59.444+0000] {logging_mixin.py:151} INFO - [2023-10-02T08:55:59.443+0000] {dag.py:3696} INFO - Setting next_dagrun for example_weekday_branch_operator to 2023-10-01T00:00:00+00:00, run_after=2023-10-02T00:00:00+00:00
[2023-10-02T08:55:59.451+0000] {processor.py:179} INFO - Processing /home/airflow/.local/lib/python3.8/site-packages/airflow/example_dags/example_branch_day_of_week_operator.py took 0.048 seconds
[2023-10-02T08:56:29.660+0000] {processor.py:157} INFO - Started process (PID=260) to work on /home/airflow/.local/lib/python3.8/site-packages/airflow/example_dags/example_branch_day_of_week_operator.py
[2023-10-02T08:56:29.661+0000] {processor.py:829} INFO - Processing file /home/airflow/.local/lib/python3.8/site-packages/airflow/example_dags/example_branch_day_of_week_operator.py for tasks to queue
[2023-10-02T08:56:29.662+0000] {logging_mixin.py:151} INFO - [2023-10-02T08:56:29.662+0000] {dagbag.py:539} INFO - Filling up the DagBag from /home/airflow/.local/lib/python3.8/site-packages/airflow/example_dags/example_branch_day_of_week_operator.py
[2023-10-02T08:56:29.666+0000] {processor.py:839} INFO - DAG(s) dict_keys(['example_weekday_branch_operator']) retrieved from /home/airflow/.local/lib/python3.8/site-packages/airflow/example_dags/example_branch_day_of_week_operator.py
[2023-10-02T08:56:29.678+0000] {logging_mixin.py:151} INFO - [2023-10-02T08:56:29.678+0000] {dag.py:2915} INFO - Sync 1 DAGs
[2023-10-02T08:56:29.687+0000] {logging_mixin.py:151} INFO - [2023-10-02T08:56:29.687+0000] {dag.py:3696} INFO - Setting next_dagrun for example_weekday_branch_operator to 2023-10-01T00:00:00+00:00, run_after=2023-10-02T00:00:00+00:00
[2023-10-02T08:56:29.694+0000] {processor.py:179} INFO - Processing /home/airflow/.local/lib/python3.8/site-packages/airflow/example_dags/example_branch_day_of_week_operator.py took 0.036 seconds
[2023-10-02T08:57:00.637+0000] {processor.py:157} INFO - Started process (PID=317) to work on /home/airflow/.local/lib/python3.8/site-packages/airflow/example_dags/example_branch_day_of_week_operator.py
[2023-10-02T08:57:00.637+0000] {processor.py:829} INFO - Processing file /home/airflow/.local/lib/python3.8/site-packages/airflow/example_dags/example_branch_day_of_week_operator.py for tasks to queue
[2023-10-02T08:57:00.638+0000] {logging_mixin.py:151} INFO - [2023-10-02T08:57:00.638+0000] {dagbag.py:539} INFO - Filling up the DagBag from /home/airflow/.local/lib/python3.8/site-packages/airflow/example_dags/example_branch_day_of_week_operator.py
[2023-10-02T08:57:00.642+0000] {processor.py:839} INFO - DAG(s) dict_keys(['example_weekday_branch_operator']) retrieved from /home/airflow/.local/lib/python3.8/site-packages/airflow/example_dags/example_branch_day_of_week_operator.py
[2023-10-02T08:57:00.653+0000] {logging_mixin.py:151} INFO - [2023-10-02T08:57:00.653+0000] {dag.py:2915} INFO - Sync 1 DAGs
[2023-10-02T08:57:00.662+0000] {logging_mixin.py:151} INFO - [2023-10-02T08:57:00.662+0000] {dag.py:3696} INFO - Setting next_dagrun for example_weekday_branch_operator to 2023-10-01T00:00:00+00:00, run_after=2023-10-02T00:00:00+00:00
[2023-10-02T08:57:00.669+0000] {processor.py:179} INFO - Processing /home/airflow/.local/lib/python3.8/site-packages/airflow/example_dags/example_branch_day_of_week_operator.py took 0.034 seconds
[2023-10-02T08:57:31.505+0000] {processor.py:157} INFO - Started process (PID=374) to work on /home/airflow/.local/lib/python3.8/site-packages/airflow/example_dags/example_branch_day_of_week_operator.py
[2023-10-02T08:57:31.505+0000] {processor.py:829} INFO - Processing file /home/airflow/.local/lib/python3.8/site-packages/airflow/example_dags/example_branch_day_of_week_operator.py for tasks to queue
[2023-10-02T08:57:31.507+0000] {logging_mixin.py:151} INFO - [2023-10-02T08:57:31.506+0000] {dagbag.py:539} INFO - Filling up the DagBag from /home/airflow/.local/lib/python3.8/site-packages/airflow/example_dags/example_branch_day_of_week_operator.py
[2023-10-02T08:57:31.510+0000] {processor.py:839} INFO - DAG(s) dict_keys(['example_weekday_branch_operator']) retrieved from /home/airflow/.local/lib/python3.8/site-packages/airflow/example_dags/example_branch_day_of_week_operator.py
[2023-10-02T08:57:31.521+0000] {logging_mixin.py:151} INFO - [2023-10-02T08:57:31.521+0000] {dag.py:2915} INFO - Sync 1 DAGs
[2023-10-02T08:57:31.530+0000] {logging_mixin.py:151} INFO - [2023-10-02T08:57:31.530+0000] {dag.py:3696} INFO - Setting next_dagrun for example_weekday_branch_operator to 2023-10-01T00:00:00+00:00, run_after=2023-10-02T00:00:00+00:00
[2023-10-02T08:57:31.537+0000] {processor.py:179} INFO - Processing /home/airflow/.local/lib/python3.8/site-packages/airflow/example_dags/example_branch_day_of_week_operator.py took 0.035 seconds
[2023-10-02T08:58:02.507+0000] {processor.py:157} INFO - Started process (PID=431) to work on /home/airflow/.local/lib/python3.8/site-packages/airflow/example_dags/example_branch_day_of_week_operator.py
[2023-10-02T08:58:02.508+0000] {processor.py:829} INFO - Processing file /home/airflow/.local/lib/python3.8/site-packages/airflow/example_dags/example_branch_day_of_week_operator.py for tasks to queue
[2023-10-02T08:58:02.509+0000] {logging_mixin.py:151} INFO - [2023-10-02T08:58:02.509+0000] {dagbag.py:539} INFO - Filling up the DagBag from /home/airflow/.local/lib/python3.8/site-packages/airflow/example_dags/example_branch_day_of_week_operator.py
[2023-10-02T08:58:02.513+0000] {processor.py:839} INFO - DAG(s) dict_keys(['example_weekday_branch_operator']) retrieved from /home/airflow/.local/lib/python3.8/site-packages/airflow/example_dags/example_branch_day_of_week_operator.py
[2023-10-02T08:58:02.525+0000] {logging_mixin.py:151} INFO - [2023-10-02T08:58:02.525+0000] {dag.py:2915} INFO - Sync 1 DAGs
[2023-10-02T08:58:02.535+0000] {logging_mixin.py:151} INFO - [2023-10-02T08:58:02.535+0000] {dag.py:3696} INFO - Setting next_dagrun for example_weekday_branch_operator to 2023-10-01T00:00:00+00:00, run_after=2023-10-02T00:00:00+00:00
[2023-10-02T08:58:02.542+0000] {processor.py:179} INFO - Processing /home/airflow/.local/lib/python3.8/site-packages/airflow/example_dags/example_branch_day_of_week_operator.py took 0.036 seconds
[2023-10-02T08:58:33.410+0000] {processor.py:157} INFO - Started process (PID=488) to work on /home/airflow/.local/lib/python3.8/site-packages/airflow/example_dags/example_branch_day_of_week_operator.py
[2023-10-02T08:58:33.410+0000] {processor.py:829} INFO - Processing file /home/airflow/.local/lib/python3.8/site-packages/airflow/example_dags/example_branch_day_of_week_operator.py for tasks to queue
[2023-10-02T08:58:33.411+0000] {logging_mixin.py:151} INFO - [2023-10-02T08:58:33.411+0000] {dagbag.py:539} INFO - Filling up the DagBag from /home/airflow/.local/lib/python3.8/site-packages/airflow/example_dags/example_branch_day_of_week_operator.py
[2023-10-02T08:58:33.424+0000] {processor.py:839} INFO - DAG(s) dict_keys(['example_weekday_branch_operator']) retrieved from /home/airflow/.local/lib/python3.8/site-packages/airflow/example_dags/example_branch_day_of_week_operator.py
[2023-10-02T08:58:33.440+0000] {logging_mixin.py:151} INFO - [2023-10-02T08:58:33.440+0000] {dag.py:2915} INFO - Sync 1 DAGs
[2023-10-02T08:58:33.451+0000] {logging_mixin.py:151} INFO - [2023-10-02T08:58:33.451+0000] {dag.py:3696} INFO - Setting next_dagrun for example_weekday_branch_operator to 2023-10-01T00:00:00+00:00, run_after=2023-10-02T00:00:00+00:00
[2023-10-02T08:58:33.458+0000] {processor.py:179} INFO - Processing /home/airflow/.local/lib/python3.8/site-packages/airflow/example_dags/example_branch_day_of_week_operator.py took 0.050 seconds
[2023-10-02T08:59:04.338+0000] {processor.py:157} INFO - Started process (PID=546) to work on /home/airflow/.local/lib/python3.8/site-packages/airflow/example_dags/example_branch_day_of_week_operator.py
[2023-10-02T08:59:04.339+0000] {processor.py:829} INFO - Processing file /home/airflow/.local/lib/python3.8/site-packages/airflow/example_dags/example_branch_day_of_week_operator.py for tasks to queue
[2023-10-02T08:59:04.340+0000] {logging_mixin.py:151} INFO - [2023-10-02T08:59:04.340+0000] {dagbag.py:539} INFO - Filling up the DagBag from /home/airflow/.local/lib/python3.8/site-packages/airflow/example_dags/example_branch_day_of_week_operator.py
[2023-10-02T08:59:04.344+0000] {processor.py:839} INFO - DAG(s) dict_keys(['example_weekday_branch_operator']) retrieved from /home/airflow/.local/lib/python3.8/site-packages/airflow/example_dags/example_branch_day_of_week_operator.py
[2023-10-02T08:59:04.356+0000] {logging_mixin.py:151} INFO - [2023-10-02T08:59:04.356+0000] {dag.py:2915} INFO - Sync 1 DAGs
[2023-10-02T08:59:04.366+0000] {logging_mixin.py:151} INFO - [2023-10-02T08:59:04.366+0000] {dag.py:3696} INFO - Setting next_dagrun for example_weekday_branch_operator to 2023-10-01T00:00:00+00:00, run_after=2023-10-02T00:00:00+00:00
[2023-10-02T08:59:04.373+0000] {processor.py:179} INFO - Processing /home/airflow/.local/lib/python3.8/site-packages/airflow/example_dags/example_branch_day_of_week_operator.py took 0.036 seconds
[2023-10-02T08:59:35.361+0000] {processor.py:157} INFO - Started process (PID=603) to work on /home/airflow/.local/lib/python3.8/site-packages/airflow/example_dags/example_branch_day_of_week_operator.py
[2023-10-02T08:59:35.362+0000] {processor.py:829} INFO - Processing file /home/airflow/.local/lib/python3.8/site-packages/airflow/example_dags/example_branch_day_of_week_operator.py for tasks to queue
[2023-10-02T08:59:35.364+0000] {logging_mixin.py:151} INFO - [2023-10-02T08:59:35.364+0000] {dagbag.py:539} INFO - Filling up the DagBag from /home/airflow/.local/lib/python3.8/site-packages/airflow/example_dags/example_branch_day_of_week_operator.py
[2023-10-02T08:59:35.368+0000] {processor.py:839} INFO - DAG(s) dict_keys(['example_weekday_branch_operator']) retrieved from /home/airflow/.local/lib/python3.8/site-packages/airflow/example_dags/example_branch_day_of_week_operator.py
[2023-10-02T08:59:35.386+0000] {logging_mixin.py:151} INFO - [2023-10-02T08:59:35.386+0000] {dag.py:2915} INFO - Sync 1 DAGs
[2023-10-02T08:59:35.397+0000] {logging_mixin.py:151} INFO - [2023-10-02T08:59:35.397+0000] {dag.py:3696} INFO - Setting next_dagrun for example_weekday_branch_operator to 2023-10-01T00:00:00+00:00, run_after=2023-10-02T00:00:00+00:00
[2023-10-02T08:59:35.405+0000] {processor.py:179} INFO - Processing /home/airflow/.local/lib/python3.8/site-packages/airflow/example_dags/example_branch_day_of_week_operator.py took 0.048 seconds
[2023-10-02T09:00:05.533+0000] {processor.py:157} INFO - Started process (PID=660) to work on /home/airflow/.local/lib/python3.8/site-packages/airflow/example_dags/example_branch_day_of_week_operator.py
[2023-10-02T09:00:05.534+0000] {processor.py:829} INFO - Processing file /home/airflow/.local/lib/python3.8/site-packages/airflow/example_dags/example_branch_day_of_week_operator.py for tasks to queue
[2023-10-02T09:00:05.535+0000] {logging_mixin.py:151} INFO - [2023-10-02T09:00:05.535+0000] {dagbag.py:539} INFO - Filling up the DagBag from /home/airflow/.local/lib/python3.8/site-packages/airflow/example_dags/example_branch_day_of_week_operator.py
[2023-10-02T09:00:05.540+0000] {processor.py:839} INFO - DAG(s) dict_keys(['example_weekday_branch_operator']) retrieved from /home/airflow/.local/lib/python3.8/site-packages/airflow/example_dags/example_branch_day_of_week_operator.py
[2023-10-02T09:00:05.550+0000] {logging_mixin.py:151} INFO - [2023-10-02T09:00:05.550+0000] {dag.py:2915} INFO - Sync 1 DAGs
[2023-10-02T09:00:05.562+0000] {logging_mixin.py:151} INFO - [2023-10-02T09:00:05.561+0000] {dag.py:3696} INFO - Setting next_dagrun for example_weekday_branch_operator to 2023-10-01T00:00:00+00:00, run_after=2023-10-02T00:00:00+00:00
[2023-10-02T09:00:05.570+0000] {processor.py:179} INFO - Processing /home/airflow/.local/lib/python3.8/site-packages/airflow/example_dags/example_branch_day_of_week_operator.py took 0.038 seconds
[2023-10-02T09:00:36.600+0000] {processor.py:157} INFO - Started process (PID=717) to work on /home/airflow/.local/lib/python3.8/site-packages/airflow/example_dags/example_branch_day_of_week_operator.py
[2023-10-02T09:00:36.601+0000] {processor.py:829} INFO - Processing file /home/airflow/.local/lib/python3.8/site-packages/airflow/example_dags/example_branch_day_of_week_operator.py for tasks to queue
[2023-10-02T09:00:36.602+0000] {logging_mixin.py:151} INFO - [2023-10-02T09:00:36.602+0000] {dagbag.py:539} INFO - Filling up the DagBag from /home/airflow/.local/lib/python3.8/site-packages/airflow/example_dags/example_branch_day_of_week_operator.py
[2023-10-02T09:00:36.606+0000] {processor.py:839} INFO - DAG(s) dict_keys(['example_weekday_branch_operator']) retrieved from /home/airflow/.local/lib/python3.8/site-packages/airflow/example_dags/example_branch_day_of_week_operator.py
[2023-10-02T09:00:36.617+0000] {logging_mixin.py:151} INFO - [2023-10-02T09:00:36.617+0000] {dag.py:2915} INFO - Sync 1 DAGs
[2023-10-02T09:00:36.629+0000] {logging_mixin.py:151} INFO - [2023-10-02T09:00:36.629+0000] {dag.py:3696} INFO - Setting next_dagrun for example_weekday_branch_operator to 2023-10-01T00:00:00+00:00, run_after=2023-10-02T00:00:00+00:00
[2023-10-02T09:00:36.636+0000] {processor.py:179} INFO - Processing /home/airflow/.local/lib/python3.8/site-packages/airflow/example_dags/example_branch_day_of_week_operator.py took 0.038 seconds
[2023-10-02T09:01:07.528+0000] {processor.py:157} INFO - Started process (PID=774) to work on /home/airflow/.local/lib/python3.8/site-packages/airflow/example_dags/example_branch_day_of_week_operator.py
[2023-10-02T09:01:07.529+0000] {processor.py:829} INFO - Processing file /home/airflow/.local/lib/python3.8/site-packages/airflow/example_dags/example_branch_day_of_week_operator.py for tasks to queue
[2023-10-02T09:01:07.530+0000] {logging_mixin.py:151} INFO - [2023-10-02T09:01:07.530+0000] {dagbag.py:539} INFO - Filling up the DagBag from /home/airflow/.local/lib/python3.8/site-packages/airflow/example_dags/example_branch_day_of_week_operator.py
[2023-10-02T09:01:07.538+0000] {processor.py:839} INFO - DAG(s) dict_keys(['example_weekday_branch_operator']) retrieved from /home/airflow/.local/lib/python3.8/site-packages/airflow/example_dags/example_branch_day_of_week_operator.py
[2023-10-02T09:01:07.554+0000] {logging_mixin.py:151} INFO - [2023-10-02T09:01:07.554+0000] {dag.py:2915} INFO - Sync 1 DAGs
[2023-10-02T09:01:07.566+0000] {logging_mixin.py:151} INFO - [2023-10-02T09:01:07.566+0000] {dag.py:3696} INFO - Setting next_dagrun for example_weekday_branch_operator to 2023-10-01T00:00:00+00:00, run_after=2023-10-02T00:00:00+00:00
[2023-10-02T09:01:07.574+0000] {processor.py:179} INFO - Processing /home/airflow/.local/lib/python3.8/site-packages/airflow/example_dags/example_branch_day_of_week_operator.py took 0.048 seconds
[2023-10-02T09:01:38.493+0000] {processor.py:157} INFO - Started process (PID=831) to work on /home/airflow/.local/lib/python3.8/site-packages/airflow/example_dags/example_branch_day_of_week_operator.py
[2023-10-02T09:01:38.494+0000] {processor.py:829} INFO - Processing file /home/airflow/.local/lib/python3.8/site-packages/airflow/example_dags/example_branch_day_of_week_operator.py for tasks to queue
[2023-10-02T09:01:38.496+0000] {logging_mixin.py:151} INFO - [2023-10-02T09:01:38.495+0000] {dagbag.py:539} INFO - Filling up the DagBag from /home/airflow/.local/lib/python3.8/site-packages/airflow/example_dags/example_branch_day_of_week_operator.py
[2023-10-02T09:01:38.503+0000] {processor.py:839} INFO - DAG(s) dict_keys(['example_weekday_branch_operator']) retrieved from /home/airflow/.local/lib/python3.8/site-packages/airflow/example_dags/example_branch_day_of_week_operator.py
[2023-10-02T09:01:38.516+0000] {logging_mixin.py:151} INFO - [2023-10-02T09:01:38.516+0000] {dag.py:2915} INFO - Sync 1 DAGs
[2023-10-02T09:01:38.528+0000] {logging_mixin.py:151} INFO - [2023-10-02T09:01:38.528+0000] {dag.py:3696} INFO - Setting next_dagrun for example_weekday_branch_operator to 2023-10-01T00:00:00+00:00, run_after=2023-10-02T00:00:00+00:00
[2023-10-02T09:01:38.535+0000] {processor.py:179} INFO - Processing /home/airflow/.local/lib/python3.8/site-packages/airflow/example_dags/example_branch_day_of_week_operator.py took 0.044 seconds
[2023-10-02T09:02:08.582+0000] {processor.py:157} INFO - Started process (PID=888) to work on /home/airflow/.local/lib/python3.8/site-packages/airflow/example_dags/example_branch_day_of_week_operator.py
[2023-10-02T09:02:08.582+0000] {processor.py:829} INFO - Processing file /home/airflow/.local/lib/python3.8/site-packages/airflow/example_dags/example_branch_day_of_week_operator.py for tasks to queue
[2023-10-02T09:02:08.583+0000] {logging_mixin.py:151} INFO - [2023-10-02T09:02:08.583+0000] {dagbag.py:539} INFO - Filling up the DagBag from /home/airflow/.local/lib/python3.8/site-packages/airflow/example_dags/example_branch_day_of_week_operator.py
[2023-10-02T09:02:08.587+0000] {processor.py:839} INFO - DAG(s) dict_keys(['example_weekday_branch_operator']) retrieved from /home/airflow/.local/lib/python3.8/site-packages/airflow/example_dags/example_branch_day_of_week_operator.py
[2023-10-02T09:02:08.598+0000] {logging_mixin.py:151} INFO - [2023-10-02T09:02:08.598+0000] {dag.py:2915} INFO - Sync 1 DAGs
[2023-10-02T09:02:08.609+0000] {logging_mixin.py:151} INFO - [2023-10-02T09:02:08.609+0000] {dag.py:3696} INFO - Setting next_dagrun for example_weekday_branch_operator to 2023-10-01T00:00:00+00:00, run_after=2023-10-02T00:00:00+00:00
[2023-10-02T09:02:08.618+0000] {processor.py:179} INFO - Processing /home/airflow/.local/lib/python3.8/site-packages/airflow/example_dags/example_branch_day_of_week_operator.py took 0.039 seconds
