[2023-10-02T08:54:29.436+0000] {processor.py:157} INFO - Started process (PID=41) to work on /home/airflow/.local/lib/python3.8/site-packages/airflow/example_dags/example_branch_operator_decorator.py
[2023-10-02T08:54:29.437+0000] {processor.py:829} INFO - Processing file /home/airflow/.local/lib/python3.8/site-packages/airflow/example_dags/example_branch_operator_decorator.py for tasks to queue
[2023-10-02T08:54:29.440+0000] {logging_mixin.py:151} INFO - [2023-10-02T08:54:29.439+0000] {dagbag.py:539} INFO - Filling up the DagBag from /home/airflow/.local/lib/python3.8/site-packages/airflow/example_dags/example_branch_operator_decorator.py
[2023-10-02T08:54:29.449+0000] {processor.py:839} INFO - DAG(s) dict_keys(['example_branch_python_operator_decorator']) retrieved from /home/airflow/.local/lib/python3.8/site-packages/airflow/example_dags/example_branch_operator_decorator.py
[2023-10-02T08:54:29.465+0000] {logging_mixin.py:151} INFO - [2023-10-02T08:54:29.465+0000] {dag.py:2915} INFO - Sync 1 DAGs
[2023-10-02T08:54:29.482+0000] {logging_mixin.py:151} INFO - [2023-10-02T08:54:29.482+0000] {dag.py:3696} INFO - Setting next_dagrun for example_branch_python_operator_decorator to 2023-10-01T00:00:00+00:00, run_after=2023-10-02T00:00:00+00:00
[2023-10-02T08:54:29.490+0000] {processor.py:179} INFO - Processing /home/airflow/.local/lib/python3.8/site-packages/airflow/example_dags/example_branch_operator_decorator.py took 0.057 seconds
[2023-10-02T08:55:00.934+0000] {processor.py:157} INFO - Started process (PID=98) to work on /home/airflow/.local/lib/python3.8/site-packages/airflow/example_dags/example_branch_operator_decorator.py
[2023-10-02T08:55:00.936+0000] {processor.py:829} INFO - Processing file /home/airflow/.local/lib/python3.8/site-packages/airflow/example_dags/example_branch_operator_decorator.py for tasks to queue
[2023-10-02T08:55:00.939+0000] {logging_mixin.py:151} INFO - [2023-10-02T08:55:00.938+0000] {dagbag.py:539} INFO - Filling up the DagBag from /home/airflow/.local/lib/python3.8/site-packages/airflow/example_dags/example_branch_operator_decorator.py
[2023-10-02T08:55:00.951+0000] {processor.py:839} INFO - DAG(s) dict_keys(['example_branch_python_operator_decorator']) retrieved from /home/airflow/.local/lib/python3.8/site-packages/airflow/example_dags/example_branch_operator_decorator.py
[2023-10-02T08:55:00.999+0000] {logging_mixin.py:151} INFO - [2023-10-02T08:55:00.999+0000] {dag.py:2915} INFO - Sync 1 DAGs
[2023-10-02T08:55:01.017+0000] {logging_mixin.py:151} INFO - [2023-10-02T08:55:01.017+0000] {dag.py:3696} INFO - Setting next_dagrun for example_branch_python_operator_decorator to 2023-10-01T00:00:00+00:00, run_after=2023-10-02T00:00:00+00:00
[2023-10-02T08:55:01.028+0000] {processor.py:179} INFO - Processing /home/airflow/.local/lib/python3.8/site-packages/airflow/example_dags/example_branch_operator_decorator.py took 0.098 seconds
[2023-10-02T08:55:31.655+0000] {processor.py:157} INFO - Started process (PID=155) to work on /home/airflow/.local/lib/python3.8/site-packages/airflow/example_dags/example_branch_operator_decorator.py
[2023-10-02T08:55:31.656+0000] {processor.py:829} INFO - Processing file /home/airflow/.local/lib/python3.8/site-packages/airflow/example_dags/example_branch_operator_decorator.py for tasks to queue
[2023-10-02T08:55:31.657+0000] {logging_mixin.py:151} INFO - [2023-10-02T08:55:31.657+0000] {dagbag.py:539} INFO - Filling up the DagBag from /home/airflow/.local/lib/python3.8/site-packages/airflow/example_dags/example_branch_operator_decorator.py
[2023-10-02T08:55:31.662+0000] {processor.py:839} INFO - DAG(s) dict_keys(['example_branch_python_operator_decorator']) retrieved from /home/airflow/.local/lib/python3.8/site-packages/airflow/example_dags/example_branch_operator_decorator.py
[2023-10-02T08:55:31.674+0000] {logging_mixin.py:151} INFO - [2023-10-02T08:55:31.673+0000] {dag.py:2915} INFO - Sync 1 DAGs
[2023-10-02T08:55:31.684+0000] {logging_mixin.py:151} INFO - [2023-10-02T08:55:31.684+0000] {dag.py:3696} INFO - Setting next_dagrun for example_branch_python_operator_decorator to 2023-10-01T00:00:00+00:00, run_after=2023-10-02T00:00:00+00:00
[2023-10-02T08:55:31.692+0000] {processor.py:179} INFO - Processing /home/airflow/.local/lib/python3.8/site-packages/airflow/example_dags/example_branch_operator_decorator.py took 0.039 seconds
[2023-10-02T08:56:02.137+0000] {processor.py:157} INFO - Started process (PID=212) to work on /home/airflow/.local/lib/python3.8/site-packages/airflow/example_dags/example_branch_operator_decorator.py
[2023-10-02T08:56:02.138+0000] {processor.py:829} INFO - Processing file /home/airflow/.local/lib/python3.8/site-packages/airflow/example_dags/example_branch_operator_decorator.py for tasks to queue
[2023-10-02T08:56:02.139+0000] {logging_mixin.py:151} INFO - [2023-10-02T08:56:02.139+0000] {dagbag.py:539} INFO - Filling up the DagBag from /home/airflow/.local/lib/python3.8/site-packages/airflow/example_dags/example_branch_operator_decorator.py
[2023-10-02T08:56:02.144+0000] {processor.py:839} INFO - DAG(s) dict_keys(['example_branch_python_operator_decorator']) retrieved from /home/airflow/.local/lib/python3.8/site-packages/airflow/example_dags/example_branch_operator_decorator.py
[2023-10-02T08:56:02.155+0000] {logging_mixin.py:151} INFO - [2023-10-02T08:56:02.155+0000] {dag.py:2915} INFO - Sync 1 DAGs
[2023-10-02T08:56:02.165+0000] {logging_mixin.py:151} INFO - [2023-10-02T08:56:02.165+0000] {dag.py:3696} INFO - Setting next_dagrun for example_branch_python_operator_decorator to 2023-10-01T00:00:00+00:00, run_after=2023-10-02T00:00:00+00:00
[2023-10-02T08:56:02.173+0000] {processor.py:179} INFO - Processing /home/airflow/.local/lib/python3.8/site-packages/airflow/example_dags/example_branch_operator_decorator.py took 0.038 seconds
[2023-10-02T08:56:33.129+0000] {processor.py:157} INFO - Started process (PID=269) to work on /home/airflow/.local/lib/python3.8/site-packages/airflow/example_dags/example_branch_operator_decorator.py
[2023-10-02T08:56:33.129+0000] {processor.py:829} INFO - Processing file /home/airflow/.local/lib/python3.8/site-packages/airflow/example_dags/example_branch_operator_decorator.py for tasks to queue
[2023-10-02T08:56:33.130+0000] {logging_mixin.py:151} INFO - [2023-10-02T08:56:33.130+0000] {dagbag.py:539} INFO - Filling up the DagBag from /home/airflow/.local/lib/python3.8/site-packages/airflow/example_dags/example_branch_operator_decorator.py
[2023-10-02T08:56:33.136+0000] {processor.py:839} INFO - DAG(s) dict_keys(['example_branch_python_operator_decorator']) retrieved from /home/airflow/.local/lib/python3.8/site-packages/airflow/example_dags/example_branch_operator_decorator.py
[2023-10-02T08:56:33.146+0000] {logging_mixin.py:151} INFO - [2023-10-02T08:56:33.146+0000] {dag.py:2915} INFO - Sync 1 DAGs
[2023-10-02T08:56:33.156+0000] {logging_mixin.py:151} INFO - [2023-10-02T08:56:33.156+0000] {dag.py:3696} INFO - Setting next_dagrun for example_branch_python_operator_decorator to 2023-10-01T00:00:00+00:00, run_after=2023-10-02T00:00:00+00:00
[2023-10-02T08:56:33.163+0000] {processor.py:179} INFO - Processing /home/airflow/.local/lib/python3.8/site-packages/airflow/example_dags/example_branch_operator_decorator.py took 0.036 seconds
[2023-10-02T08:57:04.110+0000] {processor.py:157} INFO - Started process (PID=326) to work on /home/airflow/.local/lib/python3.8/site-packages/airflow/example_dags/example_branch_operator_decorator.py
[2023-10-02T08:57:04.111+0000] {processor.py:829} INFO - Processing file /home/airflow/.local/lib/python3.8/site-packages/airflow/example_dags/example_branch_operator_decorator.py for tasks to queue
[2023-10-02T08:57:04.112+0000] {logging_mixin.py:151} INFO - [2023-10-02T08:57:04.112+0000] {dagbag.py:539} INFO - Filling up the DagBag from /home/airflow/.local/lib/python3.8/site-packages/airflow/example_dags/example_branch_operator_decorator.py
[2023-10-02T08:57:04.118+0000] {processor.py:839} INFO - DAG(s) dict_keys(['example_branch_python_operator_decorator']) retrieved from /home/airflow/.local/lib/python3.8/site-packages/airflow/example_dags/example_branch_operator_decorator.py
[2023-10-02T08:57:04.129+0000] {logging_mixin.py:151} INFO - [2023-10-02T08:57:04.129+0000] {dag.py:2915} INFO - Sync 1 DAGs
[2023-10-02T08:57:04.139+0000] {logging_mixin.py:151} INFO - [2023-10-02T08:57:04.139+0000] {dag.py:3696} INFO - Setting next_dagrun for example_branch_python_operator_decorator to 2023-10-01T00:00:00+00:00, run_after=2023-10-02T00:00:00+00:00
[2023-10-02T08:57:04.146+0000] {processor.py:179} INFO - Processing /home/airflow/.local/lib/python3.8/site-packages/airflow/example_dags/example_branch_operator_decorator.py took 0.038 seconds
[2023-10-02T08:57:34.975+0000] {processor.py:157} INFO - Started process (PID=383) to work on /home/airflow/.local/lib/python3.8/site-packages/airflow/example_dags/example_branch_operator_decorator.py
[2023-10-02T08:57:34.976+0000] {processor.py:829} INFO - Processing file /home/airflow/.local/lib/python3.8/site-packages/airflow/example_dags/example_branch_operator_decorator.py for tasks to queue
[2023-10-02T08:57:34.977+0000] {logging_mixin.py:151} INFO - [2023-10-02T08:57:34.977+0000] {dagbag.py:539} INFO - Filling up the DagBag from /home/airflow/.local/lib/python3.8/site-packages/airflow/example_dags/example_branch_operator_decorator.py
[2023-10-02T08:57:34.983+0000] {processor.py:839} INFO - DAG(s) dict_keys(['example_branch_python_operator_decorator']) retrieved from /home/airflow/.local/lib/python3.8/site-packages/airflow/example_dags/example_branch_operator_decorator.py
[2023-10-02T08:57:34.993+0000] {logging_mixin.py:151} INFO - [2023-10-02T08:57:34.993+0000] {dag.py:2915} INFO - Sync 1 DAGs
[2023-10-02T08:57:35.004+0000] {logging_mixin.py:151} INFO - [2023-10-02T08:57:35.004+0000] {dag.py:3696} INFO - Setting next_dagrun for example_branch_python_operator_decorator to 2023-10-01T00:00:00+00:00, run_after=2023-10-02T00:00:00+00:00
[2023-10-02T08:57:35.011+0000] {processor.py:179} INFO - Processing /home/airflow/.local/lib/python3.8/site-packages/airflow/example_dags/example_branch_operator_decorator.py took 0.037 seconds
[2023-10-02T08:58:05.942+0000] {processor.py:157} INFO - Started process (PID=440) to work on /home/airflow/.local/lib/python3.8/site-packages/airflow/example_dags/example_branch_operator_decorator.py
[2023-10-02T08:58:05.943+0000] {processor.py:829} INFO - Processing file /home/airflow/.local/lib/python3.8/site-packages/airflow/example_dags/example_branch_operator_decorator.py for tasks to queue
[2023-10-02T08:58:05.944+0000] {logging_mixin.py:151} INFO - [2023-10-02T08:58:05.944+0000] {dagbag.py:539} INFO - Filling up the DagBag from /home/airflow/.local/lib/python3.8/site-packages/airflow/example_dags/example_branch_operator_decorator.py
[2023-10-02T08:58:05.950+0000] {processor.py:839} INFO - DAG(s) dict_keys(['example_branch_python_operator_decorator']) retrieved from /home/airflow/.local/lib/python3.8/site-packages/airflow/example_dags/example_branch_operator_decorator.py
[2023-10-02T08:58:05.962+0000] {logging_mixin.py:151} INFO - [2023-10-02T08:58:05.962+0000] {dag.py:2915} INFO - Sync 1 DAGs
[2023-10-02T08:58:05.972+0000] {logging_mixin.py:151} INFO - [2023-10-02T08:58:05.972+0000] {dag.py:3696} INFO - Setting next_dagrun for example_branch_python_operator_decorator to 2023-10-01T00:00:00+00:00, run_after=2023-10-02T00:00:00+00:00
[2023-10-02T08:58:05.979+0000] {processor.py:179} INFO - Processing /home/airflow/.local/lib/python3.8/site-packages/airflow/example_dags/example_branch_operator_decorator.py took 0.039 seconds
[2023-10-02T08:58:36.871+0000] {processor.py:157} INFO - Started process (PID=497) to work on /home/airflow/.local/lib/python3.8/site-packages/airflow/example_dags/example_branch_operator_decorator.py
[2023-10-02T08:58:36.872+0000] {processor.py:829} INFO - Processing file /home/airflow/.local/lib/python3.8/site-packages/airflow/example_dags/example_branch_operator_decorator.py for tasks to queue
[2023-10-02T08:58:36.873+0000] {logging_mixin.py:151} INFO - [2023-10-02T08:58:36.873+0000] {dagbag.py:539} INFO - Filling up the DagBag from /home/airflow/.local/lib/python3.8/site-packages/airflow/example_dags/example_branch_operator_decorator.py
[2023-10-02T08:58:36.879+0000] {processor.py:839} INFO - DAG(s) dict_keys(['example_branch_python_operator_decorator']) retrieved from /home/airflow/.local/lib/python3.8/site-packages/airflow/example_dags/example_branch_operator_decorator.py
[2023-10-02T08:58:36.890+0000] {logging_mixin.py:151} INFO - [2023-10-02T08:58:36.890+0000] {dag.py:2915} INFO - Sync 1 DAGs
[2023-10-02T08:58:36.903+0000] {logging_mixin.py:151} INFO - [2023-10-02T08:58:36.903+0000] {dag.py:3696} INFO - Setting next_dagrun for example_branch_python_operator_decorator to 2023-10-01T00:00:00+00:00, run_after=2023-10-02T00:00:00+00:00
[2023-10-02T08:58:36.912+0000] {processor.py:179} INFO - Processing /home/airflow/.local/lib/python3.8/site-packages/airflow/example_dags/example_branch_operator_decorator.py took 0.043 seconds
[2023-10-02T08:59:07.759+0000] {processor.py:157} INFO - Started process (PID=555) to work on /home/airflow/.local/lib/python3.8/site-packages/airflow/example_dags/example_branch_operator_decorator.py
[2023-10-02T08:59:07.760+0000] {processor.py:829} INFO - Processing file /home/airflow/.local/lib/python3.8/site-packages/airflow/example_dags/example_branch_operator_decorator.py for tasks to queue
[2023-10-02T08:59:07.761+0000] {logging_mixin.py:151} INFO - [2023-10-02T08:59:07.761+0000] {dagbag.py:539} INFO - Filling up the DagBag from /home/airflow/.local/lib/python3.8/site-packages/airflow/example_dags/example_branch_operator_decorator.py
[2023-10-02T08:59:07.766+0000] {processor.py:839} INFO - DAG(s) dict_keys(['example_branch_python_operator_decorator']) retrieved from /home/airflow/.local/lib/python3.8/site-packages/airflow/example_dags/example_branch_operator_decorator.py
[2023-10-02T08:59:07.777+0000] {logging_mixin.py:151} INFO - [2023-10-02T08:59:07.777+0000] {dag.py:2915} INFO - Sync 1 DAGs
[2023-10-02T08:59:07.787+0000] {logging_mixin.py:151} INFO - [2023-10-02T08:59:07.787+0000] {dag.py:3696} INFO - Setting next_dagrun for example_branch_python_operator_decorator to 2023-10-01T00:00:00+00:00, run_after=2023-10-02T00:00:00+00:00
[2023-10-02T08:59:07.794+0000] {processor.py:179} INFO - Processing /home/airflow/.local/lib/python3.8/site-packages/airflow/example_dags/example_branch_operator_decorator.py took 0.037 seconds
[2023-10-02T08:59:38.835+0000] {processor.py:157} INFO - Started process (PID=612) to work on /home/airflow/.local/lib/python3.8/site-packages/airflow/example_dags/example_branch_operator_decorator.py
[2023-10-02T08:59:38.836+0000] {processor.py:829} INFO - Processing file /home/airflow/.local/lib/python3.8/site-packages/airflow/example_dags/example_branch_operator_decorator.py for tasks to queue
[2023-10-02T08:59:38.837+0000] {logging_mixin.py:151} INFO - [2023-10-02T08:59:38.837+0000] {dagbag.py:539} INFO - Filling up the DagBag from /home/airflow/.local/lib/python3.8/site-packages/airflow/example_dags/example_branch_operator_decorator.py
[2023-10-02T08:59:38.843+0000] {processor.py:839} INFO - DAG(s) dict_keys(['example_branch_python_operator_decorator']) retrieved from /home/airflow/.local/lib/python3.8/site-packages/airflow/example_dags/example_branch_operator_decorator.py
[2023-10-02T08:59:38.856+0000] {logging_mixin.py:151} INFO - [2023-10-02T08:59:38.856+0000] {dag.py:2915} INFO - Sync 1 DAGs
[2023-10-02T08:59:38.871+0000] {logging_mixin.py:151} INFO - [2023-10-02T08:59:38.870+0000] {dag.py:3696} INFO - Setting next_dagrun for example_branch_python_operator_decorator to 2023-10-01T00:00:00+00:00, run_after=2023-10-02T00:00:00+00:00
[2023-10-02T08:59:38.882+0000] {processor.py:179} INFO - Processing /home/airflow/.local/lib/python3.8/site-packages/airflow/example_dags/example_branch_operator_decorator.py took 0.049 seconds
[2023-10-02T09:00:10.069+0000] {processor.py:157} INFO - Started process (PID=669) to work on /home/airflow/.local/lib/python3.8/site-packages/airflow/example_dags/example_branch_operator_decorator.py
[2023-10-02T09:00:10.069+0000] {processor.py:829} INFO - Processing file /home/airflow/.local/lib/python3.8/site-packages/airflow/example_dags/example_branch_operator_decorator.py for tasks to queue
[2023-10-02T09:00:10.071+0000] {logging_mixin.py:151} INFO - [2023-10-02T09:00:10.070+0000] {dagbag.py:539} INFO - Filling up the DagBag from /home/airflow/.local/lib/python3.8/site-packages/airflow/example_dags/example_branch_operator_decorator.py
[2023-10-02T09:00:10.076+0000] {processor.py:839} INFO - DAG(s) dict_keys(['example_branch_python_operator_decorator']) retrieved from /home/airflow/.local/lib/python3.8/site-packages/airflow/example_dags/example_branch_operator_decorator.py
[2023-10-02T09:00:10.087+0000] {logging_mixin.py:151} INFO - [2023-10-02T09:00:10.087+0000] {dag.py:2915} INFO - Sync 1 DAGs
[2023-10-02T09:00:10.097+0000] {logging_mixin.py:151} INFO - [2023-10-02T09:00:10.097+0000] {dag.py:3696} INFO - Setting next_dagrun for example_branch_python_operator_decorator to 2023-10-01T00:00:00+00:00, run_after=2023-10-02T00:00:00+00:00
[2023-10-02T09:00:10.105+0000] {processor.py:179} INFO - Processing /home/airflow/.local/lib/python3.8/site-packages/airflow/example_dags/example_branch_operator_decorator.py took 0.038 seconds
[2023-10-02T09:00:41.062+0000] {processor.py:157} INFO - Started process (PID=726) to work on /home/airflow/.local/lib/python3.8/site-packages/airflow/example_dags/example_branch_operator_decorator.py
[2023-10-02T09:00:41.063+0000] {processor.py:829} INFO - Processing file /home/airflow/.local/lib/python3.8/site-packages/airflow/example_dags/example_branch_operator_decorator.py for tasks to queue
[2023-10-02T09:00:41.064+0000] {logging_mixin.py:151} INFO - [2023-10-02T09:00:41.064+0000] {dagbag.py:539} INFO - Filling up the DagBag from /home/airflow/.local/lib/python3.8/site-packages/airflow/example_dags/example_branch_operator_decorator.py
[2023-10-02T09:00:41.070+0000] {processor.py:839} INFO - DAG(s) dict_keys(['example_branch_python_operator_decorator']) retrieved from /home/airflow/.local/lib/python3.8/site-packages/airflow/example_dags/example_branch_operator_decorator.py
[2023-10-02T09:00:41.080+0000] {logging_mixin.py:151} INFO - [2023-10-02T09:00:41.080+0000] {dag.py:2915} INFO - Sync 1 DAGs
[2023-10-02T09:00:41.091+0000] {logging_mixin.py:151} INFO - [2023-10-02T09:00:41.090+0000] {dag.py:3696} INFO - Setting next_dagrun for example_branch_python_operator_decorator to 2023-10-01T00:00:00+00:00, run_after=2023-10-02T00:00:00+00:00
[2023-10-02T09:00:41.097+0000] {processor.py:179} INFO - Processing /home/airflow/.local/lib/python3.8/site-packages/airflow/example_dags/example_branch_operator_decorator.py took 0.037 seconds
[2023-10-02T09:01:12.024+0000] {processor.py:157} INFO - Started process (PID=783) to work on /home/airflow/.local/lib/python3.8/site-packages/airflow/example_dags/example_branch_operator_decorator.py
[2023-10-02T09:01:12.025+0000] {processor.py:829} INFO - Processing file /home/airflow/.local/lib/python3.8/site-packages/airflow/example_dags/example_branch_operator_decorator.py for tasks to queue
[2023-10-02T09:01:12.026+0000] {logging_mixin.py:151} INFO - [2023-10-02T09:01:12.026+0000] {dagbag.py:539} INFO - Filling up the DagBag from /home/airflow/.local/lib/python3.8/site-packages/airflow/example_dags/example_branch_operator_decorator.py
[2023-10-02T09:01:12.031+0000] {processor.py:839} INFO - DAG(s) dict_keys(['example_branch_python_operator_decorator']) retrieved from /home/airflow/.local/lib/python3.8/site-packages/airflow/example_dags/example_branch_operator_decorator.py
[2023-10-02T09:01:12.042+0000] {logging_mixin.py:151} INFO - [2023-10-02T09:01:12.042+0000] {dag.py:2915} INFO - Sync 1 DAGs
[2023-10-02T09:01:12.052+0000] {logging_mixin.py:151} INFO - [2023-10-02T09:01:12.052+0000] {dag.py:3696} INFO - Setting next_dagrun for example_branch_python_operator_decorator to 2023-10-01T00:00:00+00:00, run_after=2023-10-02T00:00:00+00:00
[2023-10-02T09:01:12.059+0000] {processor.py:179} INFO - Processing /home/airflow/.local/lib/python3.8/site-packages/airflow/example_dags/example_branch_operator_decorator.py took 0.037 seconds
[2023-10-02T09:01:43.097+0000] {processor.py:157} INFO - Started process (PID=840) to work on /home/airflow/.local/lib/python3.8/site-packages/airflow/example_dags/example_branch_operator_decorator.py
[2023-10-02T09:01:43.097+0000] {processor.py:829} INFO - Processing file /home/airflow/.local/lib/python3.8/site-packages/airflow/example_dags/example_branch_operator_decorator.py for tasks to queue
[2023-10-02T09:01:43.099+0000] {logging_mixin.py:151} INFO - [2023-10-02T09:01:43.098+0000] {dagbag.py:539} INFO - Filling up the DagBag from /home/airflow/.local/lib/python3.8/site-packages/airflow/example_dags/example_branch_operator_decorator.py
[2023-10-02T09:01:43.105+0000] {processor.py:839} INFO - DAG(s) dict_keys(['example_branch_python_operator_decorator']) retrieved from /home/airflow/.local/lib/python3.8/site-packages/airflow/example_dags/example_branch_operator_decorator.py
[2023-10-02T09:01:43.116+0000] {logging_mixin.py:151} INFO - [2023-10-02T09:01:43.116+0000] {dag.py:2915} INFO - Sync 1 DAGs
[2023-10-02T09:01:43.126+0000] {logging_mixin.py:151} INFO - [2023-10-02T09:01:43.126+0000] {dag.py:3696} INFO - Setting next_dagrun for example_branch_python_operator_decorator to 2023-10-01T00:00:00+00:00, run_after=2023-10-02T00:00:00+00:00
[2023-10-02T09:01:43.133+0000] {processor.py:179} INFO - Processing /home/airflow/.local/lib/python3.8/site-packages/airflow/example_dags/example_branch_operator_decorator.py took 0.039 seconds
[2023-10-02T09:02:14.065+0000] {processor.py:157} INFO - Started process (PID=897) to work on /home/airflow/.local/lib/python3.8/site-packages/airflow/example_dags/example_branch_operator_decorator.py
[2023-10-02T09:02:14.066+0000] {processor.py:829} INFO - Processing file /home/airflow/.local/lib/python3.8/site-packages/airflow/example_dags/example_branch_operator_decorator.py for tasks to queue
[2023-10-02T09:02:14.067+0000] {logging_mixin.py:151} INFO - [2023-10-02T09:02:14.067+0000] {dagbag.py:539} INFO - Filling up the DagBag from /home/airflow/.local/lib/python3.8/site-packages/airflow/example_dags/example_branch_operator_decorator.py
[2023-10-02T09:02:14.072+0000] {processor.py:839} INFO - DAG(s) dict_keys(['example_branch_python_operator_decorator']) retrieved from /home/airflow/.local/lib/python3.8/site-packages/airflow/example_dags/example_branch_operator_decorator.py
[2023-10-02T09:02:14.084+0000] {logging_mixin.py:151} INFO - [2023-10-02T09:02:14.084+0000] {dag.py:2915} INFO - Sync 1 DAGs
[2023-10-02T09:02:14.094+0000] {logging_mixin.py:151} INFO - [2023-10-02T09:02:14.094+0000] {dag.py:3696} INFO - Setting next_dagrun for example_branch_python_operator_decorator to 2023-10-01T00:00:00+00:00, run_after=2023-10-02T00:00:00+00:00
[2023-10-02T09:02:14.101+0000] {processor.py:179} INFO - Processing /home/airflow/.local/lib/python3.8/site-packages/airflow/example_dags/example_branch_operator_decorator.py took 0.038 seconds
