[2023-10-02T08:54:29.618+0000] {processor.py:157} INFO - Started process (PID=45) to work on /home/airflow/.local/lib/python3.8/site-packages/airflow/example_dags/example_branch_datetime_operator.py
[2023-10-02T08:54:29.622+0000] {processor.py:829} INFO - Processing file /home/airflow/.local/lib/python3.8/site-packages/airflow/example_dags/example_branch_datetime_operator.py for tasks to queue
[2023-10-02T08:54:29.627+0000] {logging_mixin.py:151} INFO - [2023-10-02T08:54:29.626+0000] {dagbag.py:539} INFO - Filling up the DagBag from /home/airflow/.local/lib/python3.8/site-packages/airflow/example_dags/example_branch_datetime_operator.py
[2023-10-02T08:54:29.657+0000] {processor.py:839} INFO - DAG(s) dict_keys(['example_branch_datetime_operator_2', 'example_branch_datetime_operator', 'example_branch_datetime_operator_3']) retrieved from /home/airflow/.local/lib/python3.8/site-packages/airflow/example_dags/example_branch_datetime_operator.py
[2023-10-02T08:54:29.678+0000] {logging_mixin.py:151} INFO - [2023-10-02T08:54:29.678+0000] {dag.py:2915} INFO - Sync 3 DAGs
[2023-10-02T08:54:29.700+0000] {logging_mixin.py:151} INFO - [2023-10-02T08:54:29.700+0000] {dag.py:3696} INFO - Setting next_dagrun for example_branch_datetime_operator to 2023-10-01T00:00:00+00:00, run_after=2023-10-02T00:00:00+00:00
[2023-10-02T08:54:29.703+0000] {logging_mixin.py:151} INFO - [2023-10-02T08:54:29.703+0000] {dag.py:3696} INFO - Setting next_dagrun for example_branch_datetime_operator_2 to 2023-10-01T00:00:00+00:00, run_after=2023-10-02T00:00:00+00:00
[2023-10-02T08:54:29.704+0000] {logging_mixin.py:151} INFO - [2023-10-02T08:54:29.704+0000] {dag.py:3696} INFO - Setting next_dagrun for example_branch_datetime_operator_3 to 2023-10-01T00:00:00+00:00, run_after=2023-10-02T00:00:00+00:00
[2023-10-02T08:54:29.713+0000] {processor.py:179} INFO - Processing /home/airflow/.local/lib/python3.8/site-packages/airflow/example_dags/example_branch_datetime_operator.py took 0.115 seconds
[2023-10-02T08:55:01.135+0000] {processor.py:157} INFO - Started process (PID=102) to work on /home/airflow/.local/lib/python3.8/site-packages/airflow/example_dags/example_branch_datetime_operator.py
[2023-10-02T08:55:01.135+0000] {processor.py:829} INFO - Processing file /home/airflow/.local/lib/python3.8/site-packages/airflow/example_dags/example_branch_datetime_operator.py for tasks to queue
[2023-10-02T08:55:01.137+0000] {logging_mixin.py:151} INFO - [2023-10-02T08:55:01.136+0000] {dagbag.py:539} INFO - Filling up the DagBag from /home/airflow/.local/lib/python3.8/site-packages/airflow/example_dags/example_branch_datetime_operator.py
[2023-10-02T08:55:01.142+0000] {processor.py:839} INFO - DAG(s) dict_keys(['example_branch_datetime_operator', 'example_branch_datetime_operator_3', 'example_branch_datetime_operator_2']) retrieved from /home/airflow/.local/lib/python3.8/site-packages/airflow/example_dags/example_branch_datetime_operator.py
[2023-10-02T08:55:01.155+0000] {logging_mixin.py:151} INFO - [2023-10-02T08:55:01.155+0000] {dag.py:2915} INFO - Sync 3 DAGs
[2023-10-02T08:55:01.166+0000] {logging_mixin.py:151} INFO - [2023-10-02T08:55:01.166+0000] {dag.py:3696} INFO - Setting next_dagrun for example_branch_datetime_operator to 2023-10-01T00:00:00+00:00, run_after=2023-10-02T00:00:00+00:00
[2023-10-02T08:55:01.168+0000] {logging_mixin.py:151} INFO - [2023-10-02T08:55:01.168+0000] {dag.py:3696} INFO - Setting next_dagrun for example_branch_datetime_operator_2 to 2023-10-01T00:00:00+00:00, run_after=2023-10-02T00:00:00+00:00
[2023-10-02T08:55:01.170+0000] {logging_mixin.py:151} INFO - [2023-10-02T08:55:01.170+0000] {dag.py:3696} INFO - Setting next_dagrun for example_branch_datetime_operator_3 to 2023-10-01T00:00:00+00:00, run_after=2023-10-02T00:00:00+00:00
[2023-10-02T08:55:01.177+0000] {processor.py:179} INFO - Processing /home/airflow/.local/lib/python3.8/site-packages/airflow/example_dags/example_branch_datetime_operator.py took 0.044 seconds
[2023-10-02T08:55:31.790+0000] {processor.py:157} INFO - Started process (PID=159) to work on /home/airflow/.local/lib/python3.8/site-packages/airflow/example_dags/example_branch_datetime_operator.py
[2023-10-02T08:55:31.791+0000] {processor.py:829} INFO - Processing file /home/airflow/.local/lib/python3.8/site-packages/airflow/example_dags/example_branch_datetime_operator.py for tasks to queue
[2023-10-02T08:55:31.792+0000] {logging_mixin.py:151} INFO - [2023-10-02T08:55:31.792+0000] {dagbag.py:539} INFO - Filling up the DagBag from /home/airflow/.local/lib/python3.8/site-packages/airflow/example_dags/example_branch_datetime_operator.py
[2023-10-02T08:55:31.797+0000] {processor.py:839} INFO - DAG(s) dict_keys(['example_branch_datetime_operator', 'example_branch_datetime_operator_2', 'example_branch_datetime_operator_3']) retrieved from /home/airflow/.local/lib/python3.8/site-packages/airflow/example_dags/example_branch_datetime_operator.py
[2023-10-02T08:55:31.812+0000] {logging_mixin.py:151} INFO - [2023-10-02T08:55:31.812+0000] {dag.py:2915} INFO - Sync 3 DAGs
[2023-10-02T08:55:31.824+0000] {logging_mixin.py:151} INFO - [2023-10-02T08:55:31.824+0000] {dag.py:3696} INFO - Setting next_dagrun for example_branch_datetime_operator to 2023-10-01T00:00:00+00:00, run_after=2023-10-02T00:00:00+00:00
[2023-10-02T08:55:31.826+0000] {logging_mixin.py:151} INFO - [2023-10-02T08:55:31.826+0000] {dag.py:3696} INFO - Setting next_dagrun for example_branch_datetime_operator_2 to 2023-10-01T00:00:00+00:00, run_after=2023-10-02T00:00:00+00:00
[2023-10-02T08:55:31.827+0000] {logging_mixin.py:151} INFO - [2023-10-02T08:55:31.827+0000] {dag.py:3696} INFO - Setting next_dagrun for example_branch_datetime_operator_3 to 2023-10-01T00:00:00+00:00, run_after=2023-10-02T00:00:00+00:00
[2023-10-02T08:55:31.834+0000] {processor.py:179} INFO - Processing /home/airflow/.local/lib/python3.8/site-packages/airflow/example_dags/example_branch_datetime_operator.py took 0.046 seconds
[2023-10-02T08:56:02.233+0000] {processor.py:157} INFO - Started process (PID=216) to work on /home/airflow/.local/lib/python3.8/site-packages/airflow/example_dags/example_branch_datetime_operator.py
[2023-10-02T08:56:02.234+0000] {processor.py:829} INFO - Processing file /home/airflow/.local/lib/python3.8/site-packages/airflow/example_dags/example_branch_datetime_operator.py for tasks to queue
[2023-10-02T08:56:02.235+0000] {logging_mixin.py:151} INFO - [2023-10-02T08:56:02.235+0000] {dagbag.py:539} INFO - Filling up the DagBag from /home/airflow/.local/lib/python3.8/site-packages/airflow/example_dags/example_branch_datetime_operator.py
[2023-10-02T08:56:02.240+0000] {processor.py:839} INFO - DAG(s) dict_keys(['example_branch_datetime_operator_3', 'example_branch_datetime_operator', 'example_branch_datetime_operator_2']) retrieved from /home/airflow/.local/lib/python3.8/site-packages/airflow/example_dags/example_branch_datetime_operator.py
[2023-10-02T08:56:02.254+0000] {logging_mixin.py:151} INFO - [2023-10-02T08:56:02.254+0000] {dag.py:2915} INFO - Sync 3 DAGs
[2023-10-02T08:56:02.265+0000] {logging_mixin.py:151} INFO - [2023-10-02T08:56:02.265+0000] {dag.py:3696} INFO - Setting next_dagrun for example_branch_datetime_operator to 2023-10-01T00:00:00+00:00, run_after=2023-10-02T00:00:00+00:00
[2023-10-02T08:56:02.267+0000] {logging_mixin.py:151} INFO - [2023-10-02T08:56:02.267+0000] {dag.py:3696} INFO - Setting next_dagrun for example_branch_datetime_operator_2 to 2023-10-01T00:00:00+00:00, run_after=2023-10-02T00:00:00+00:00
[2023-10-02T08:56:02.269+0000] {logging_mixin.py:151} INFO - [2023-10-02T08:56:02.268+0000] {dag.py:3696} INFO - Setting next_dagrun for example_branch_datetime_operator_3 to 2023-10-01T00:00:00+00:00, run_after=2023-10-02T00:00:00+00:00
[2023-10-02T08:56:02.281+0000] {processor.py:179} INFO - Processing /home/airflow/.local/lib/python3.8/site-packages/airflow/example_dags/example_branch_datetime_operator.py took 0.050 seconds
[2023-10-02T08:56:33.260+0000] {processor.py:157} INFO - Started process (PID=273) to work on /home/airflow/.local/lib/python3.8/site-packages/airflow/example_dags/example_branch_datetime_operator.py
[2023-10-02T08:56:33.260+0000] {processor.py:829} INFO - Processing file /home/airflow/.local/lib/python3.8/site-packages/airflow/example_dags/example_branch_datetime_operator.py for tasks to queue
[2023-10-02T08:56:33.262+0000] {logging_mixin.py:151} INFO - [2023-10-02T08:56:33.261+0000] {dagbag.py:539} INFO - Filling up the DagBag from /home/airflow/.local/lib/python3.8/site-packages/airflow/example_dags/example_branch_datetime_operator.py
[2023-10-02T08:56:33.267+0000] {processor.py:839} INFO - DAG(s) dict_keys(['example_branch_datetime_operator_3', 'example_branch_datetime_operator', 'example_branch_datetime_operator_2']) retrieved from /home/airflow/.local/lib/python3.8/site-packages/airflow/example_dags/example_branch_datetime_operator.py
[2023-10-02T08:56:33.279+0000] {logging_mixin.py:151} INFO - [2023-10-02T08:56:33.279+0000] {dag.py:2915} INFO - Sync 3 DAGs
[2023-10-02T08:56:33.288+0000] {logging_mixin.py:151} INFO - [2023-10-02T08:56:33.288+0000] {dag.py:3696} INFO - Setting next_dagrun for example_branch_datetime_operator to 2023-10-01T00:00:00+00:00, run_after=2023-10-02T00:00:00+00:00
[2023-10-02T08:56:33.290+0000] {logging_mixin.py:151} INFO - [2023-10-02T08:56:33.290+0000] {dag.py:3696} INFO - Setting next_dagrun for example_branch_datetime_operator_2 to 2023-10-01T00:00:00+00:00, run_after=2023-10-02T00:00:00+00:00
[2023-10-02T08:56:33.291+0000] {logging_mixin.py:151} INFO - [2023-10-02T08:56:33.291+0000] {dag.py:3696} INFO - Setting next_dagrun for example_branch_datetime_operator_3 to 2023-10-01T00:00:00+00:00, run_after=2023-10-02T00:00:00+00:00
[2023-10-02T08:56:33.298+0000] {processor.py:179} INFO - Processing /home/airflow/.local/lib/python3.8/site-packages/airflow/example_dags/example_branch_datetime_operator.py took 0.040 seconds
[2023-10-02T08:57:04.204+0000] {processor.py:157} INFO - Started process (PID=330) to work on /home/airflow/.local/lib/python3.8/site-packages/airflow/example_dags/example_branch_datetime_operator.py
[2023-10-02T08:57:04.205+0000] {processor.py:829} INFO - Processing file /home/airflow/.local/lib/python3.8/site-packages/airflow/example_dags/example_branch_datetime_operator.py for tasks to queue
[2023-10-02T08:57:04.206+0000] {logging_mixin.py:151} INFO - [2023-10-02T08:57:04.206+0000] {dagbag.py:539} INFO - Filling up the DagBag from /home/airflow/.local/lib/python3.8/site-packages/airflow/example_dags/example_branch_datetime_operator.py
[2023-10-02T08:57:04.211+0000] {processor.py:839} INFO - DAG(s) dict_keys(['example_branch_datetime_operator', 'example_branch_datetime_operator_2', 'example_branch_datetime_operator_3']) retrieved from /home/airflow/.local/lib/python3.8/site-packages/airflow/example_dags/example_branch_datetime_operator.py
[2023-10-02T08:57:04.223+0000] {logging_mixin.py:151} INFO - [2023-10-02T08:57:04.223+0000] {dag.py:2915} INFO - Sync 3 DAGs
[2023-10-02T08:57:04.234+0000] {logging_mixin.py:151} INFO - [2023-10-02T08:57:04.234+0000] {dag.py:3696} INFO - Setting next_dagrun for example_branch_datetime_operator to 2023-10-01T00:00:00+00:00, run_after=2023-10-02T00:00:00+00:00
[2023-10-02T08:57:04.236+0000] {logging_mixin.py:151} INFO - [2023-10-02T08:57:04.235+0000] {dag.py:3696} INFO - Setting next_dagrun for example_branch_datetime_operator_2 to 2023-10-01T00:00:00+00:00, run_after=2023-10-02T00:00:00+00:00
[2023-10-02T08:57:04.237+0000] {logging_mixin.py:151} INFO - [2023-10-02T08:57:04.237+0000] {dag.py:3696} INFO - Setting next_dagrun for example_branch_datetime_operator_3 to 2023-10-01T00:00:00+00:00, run_after=2023-10-02T00:00:00+00:00
[2023-10-02T08:57:04.243+0000] {processor.py:179} INFO - Processing /home/airflow/.local/lib/python3.8/site-packages/airflow/example_dags/example_branch_datetime_operator.py took 0.041 seconds
[2023-10-02T08:57:35.110+0000] {processor.py:157} INFO - Started process (PID=387) to work on /home/airflow/.local/lib/python3.8/site-packages/airflow/example_dags/example_branch_datetime_operator.py
[2023-10-02T08:57:35.110+0000] {processor.py:829} INFO - Processing file /home/airflow/.local/lib/python3.8/site-packages/airflow/example_dags/example_branch_datetime_operator.py for tasks to queue
[2023-10-02T08:57:35.112+0000] {logging_mixin.py:151} INFO - [2023-10-02T08:57:35.111+0000] {dagbag.py:539} INFO - Filling up the DagBag from /home/airflow/.local/lib/python3.8/site-packages/airflow/example_dags/example_branch_datetime_operator.py
[2023-10-02T08:57:35.116+0000] {processor.py:839} INFO - DAG(s) dict_keys(['example_branch_datetime_operator_3', 'example_branch_datetime_operator_2', 'example_branch_datetime_operator']) retrieved from /home/airflow/.local/lib/python3.8/site-packages/airflow/example_dags/example_branch_datetime_operator.py
[2023-10-02T08:57:35.129+0000] {logging_mixin.py:151} INFO - [2023-10-02T08:57:35.129+0000] {dag.py:2915} INFO - Sync 3 DAGs
[2023-10-02T08:57:35.139+0000] {logging_mixin.py:151} INFO - [2023-10-02T08:57:35.139+0000] {dag.py:3696} INFO - Setting next_dagrun for example_branch_datetime_operator to 2023-10-01T00:00:00+00:00, run_after=2023-10-02T00:00:00+00:00
[2023-10-02T08:57:35.140+0000] {logging_mixin.py:151} INFO - [2023-10-02T08:57:35.140+0000] {dag.py:3696} INFO - Setting next_dagrun for example_branch_datetime_operator_2 to 2023-10-01T00:00:00+00:00, run_after=2023-10-02T00:00:00+00:00
[2023-10-02T08:57:35.142+0000] {logging_mixin.py:151} INFO - [2023-10-02T08:57:35.141+0000] {dag.py:3696} INFO - Setting next_dagrun for example_branch_datetime_operator_3 to 2023-10-01T00:00:00+00:00, run_after=2023-10-02T00:00:00+00:00
[2023-10-02T08:57:35.148+0000] {processor.py:179} INFO - Processing /home/airflow/.local/lib/python3.8/site-packages/airflow/example_dags/example_branch_datetime_operator.py took 0.040 seconds
[2023-10-02T08:58:06.065+0000] {processor.py:157} INFO - Started process (PID=444) to work on /home/airflow/.local/lib/python3.8/site-packages/airflow/example_dags/example_branch_datetime_operator.py
[2023-10-02T08:58:06.066+0000] {processor.py:829} INFO - Processing file /home/airflow/.local/lib/python3.8/site-packages/airflow/example_dags/example_branch_datetime_operator.py for tasks to queue
[2023-10-02T08:58:06.067+0000] {logging_mixin.py:151} INFO - [2023-10-02T08:58:06.067+0000] {dagbag.py:539} INFO - Filling up the DagBag from /home/airflow/.local/lib/python3.8/site-packages/airflow/example_dags/example_branch_datetime_operator.py
[2023-10-02T08:58:06.072+0000] {processor.py:839} INFO - DAG(s) dict_keys(['example_branch_datetime_operator_3', 'example_branch_datetime_operator', 'example_branch_datetime_operator_2']) retrieved from /home/airflow/.local/lib/python3.8/site-packages/airflow/example_dags/example_branch_datetime_operator.py
[2023-10-02T08:58:06.085+0000] {logging_mixin.py:151} INFO - [2023-10-02T08:58:06.085+0000] {dag.py:2915} INFO - Sync 3 DAGs
[2023-10-02T08:58:06.095+0000] {logging_mixin.py:151} INFO - [2023-10-02T08:58:06.095+0000] {dag.py:3696} INFO - Setting next_dagrun for example_branch_datetime_operator to 2023-10-01T00:00:00+00:00, run_after=2023-10-02T00:00:00+00:00
[2023-10-02T08:58:06.098+0000] {logging_mixin.py:151} INFO - [2023-10-02T08:58:06.098+0000] {dag.py:3696} INFO - Setting next_dagrun for example_branch_datetime_operator_2 to 2023-10-01T00:00:00+00:00, run_after=2023-10-02T00:00:00+00:00
[2023-10-02T08:58:06.099+0000] {logging_mixin.py:151} INFO - [2023-10-02T08:58:06.099+0000] {dag.py:3696} INFO - Setting next_dagrun for example_branch_datetime_operator_3 to 2023-10-01T00:00:00+00:00, run_after=2023-10-02T00:00:00+00:00
[2023-10-02T08:58:06.105+0000] {processor.py:179} INFO - Processing /home/airflow/.local/lib/python3.8/site-packages/airflow/example_dags/example_branch_datetime_operator.py took 0.042 seconds
[2023-10-02T08:58:37.020+0000] {processor.py:157} INFO - Started process (PID=501) to work on /home/airflow/.local/lib/python3.8/site-packages/airflow/example_dags/example_branch_datetime_operator.py
[2023-10-02T08:58:37.021+0000] {processor.py:829} INFO - Processing file /home/airflow/.local/lib/python3.8/site-packages/airflow/example_dags/example_branch_datetime_operator.py for tasks to queue
[2023-10-02T08:58:37.022+0000] {logging_mixin.py:151} INFO - [2023-10-02T08:58:37.022+0000] {dagbag.py:539} INFO - Filling up the DagBag from /home/airflow/.local/lib/python3.8/site-packages/airflow/example_dags/example_branch_datetime_operator.py
[2023-10-02T08:58:37.026+0000] {processor.py:839} INFO - DAG(s) dict_keys(['example_branch_datetime_operator_3', 'example_branch_datetime_operator', 'example_branch_datetime_operator_2']) retrieved from /home/airflow/.local/lib/python3.8/site-packages/airflow/example_dags/example_branch_datetime_operator.py
[2023-10-02T08:58:37.039+0000] {logging_mixin.py:151} INFO - [2023-10-02T08:58:37.039+0000] {dag.py:2915} INFO - Sync 3 DAGs
[2023-10-02T08:58:37.048+0000] {logging_mixin.py:151} INFO - [2023-10-02T08:58:37.048+0000] {dag.py:3696} INFO - Setting next_dagrun for example_branch_datetime_operator to 2023-10-01T00:00:00+00:00, run_after=2023-10-02T00:00:00+00:00
[2023-10-02T08:58:37.050+0000] {logging_mixin.py:151} INFO - [2023-10-02T08:58:37.050+0000] {dag.py:3696} INFO - Setting next_dagrun for example_branch_datetime_operator_2 to 2023-10-01T00:00:00+00:00, run_after=2023-10-02T00:00:00+00:00
[2023-10-02T08:58:37.051+0000] {logging_mixin.py:151} INFO - [2023-10-02T08:58:37.051+0000] {dag.py:3696} INFO - Setting next_dagrun for example_branch_datetime_operator_3 to 2023-10-01T00:00:00+00:00, run_after=2023-10-02T00:00:00+00:00
[2023-10-02T08:58:37.057+0000] {processor.py:179} INFO - Processing /home/airflow/.local/lib/python3.8/site-packages/airflow/example_dags/example_branch_datetime_operator.py took 0.039 seconds
[2023-10-02T08:59:07.854+0000] {processor.py:157} INFO - Started process (PID=559) to work on /home/airflow/.local/lib/python3.8/site-packages/airflow/example_dags/example_branch_datetime_operator.py
[2023-10-02T08:59:07.855+0000] {processor.py:829} INFO - Processing file /home/airflow/.local/lib/python3.8/site-packages/airflow/example_dags/example_branch_datetime_operator.py for tasks to queue
[2023-10-02T08:59:07.856+0000] {logging_mixin.py:151} INFO - [2023-10-02T08:59:07.856+0000] {dagbag.py:539} INFO - Filling up the DagBag from /home/airflow/.local/lib/python3.8/site-packages/airflow/example_dags/example_branch_datetime_operator.py
[2023-10-02T08:59:07.861+0000] {processor.py:839} INFO - DAG(s) dict_keys(['example_branch_datetime_operator_3', 'example_branch_datetime_operator', 'example_branch_datetime_operator_2']) retrieved from /home/airflow/.local/lib/python3.8/site-packages/airflow/example_dags/example_branch_datetime_operator.py
[2023-10-02T08:59:07.873+0000] {logging_mixin.py:151} INFO - [2023-10-02T08:59:07.873+0000] {dag.py:2915} INFO - Sync 3 DAGs
[2023-10-02T08:59:07.883+0000] {logging_mixin.py:151} INFO - [2023-10-02T08:59:07.883+0000] {dag.py:3696} INFO - Setting next_dagrun for example_branch_datetime_operator to 2023-10-01T00:00:00+00:00, run_after=2023-10-02T00:00:00+00:00
[2023-10-02T08:59:07.885+0000] {logging_mixin.py:151} INFO - [2023-10-02T08:59:07.885+0000] {dag.py:3696} INFO - Setting next_dagrun for example_branch_datetime_operator_2 to 2023-10-01T00:00:00+00:00, run_after=2023-10-02T00:00:00+00:00
[2023-10-02T08:59:07.886+0000] {logging_mixin.py:151} INFO - [2023-10-02T08:59:07.886+0000] {dag.py:3696} INFO - Setting next_dagrun for example_branch_datetime_operator_3 to 2023-10-01T00:00:00+00:00, run_after=2023-10-02T00:00:00+00:00
[2023-10-02T08:59:07.893+0000] {processor.py:179} INFO - Processing /home/airflow/.local/lib/python3.8/site-packages/airflow/example_dags/example_branch_datetime_operator.py took 0.041 seconds
[2023-10-02T08:59:38.997+0000] {processor.py:157} INFO - Started process (PID=616) to work on /home/airflow/.local/lib/python3.8/site-packages/airflow/example_dags/example_branch_datetime_operator.py
[2023-10-02T08:59:38.997+0000] {processor.py:829} INFO - Processing file /home/airflow/.local/lib/python3.8/site-packages/airflow/example_dags/example_branch_datetime_operator.py for tasks to queue
[2023-10-02T08:59:38.998+0000] {logging_mixin.py:151} INFO - [2023-10-02T08:59:38.998+0000] {dagbag.py:539} INFO - Filling up the DagBag from /home/airflow/.local/lib/python3.8/site-packages/airflow/example_dags/example_branch_datetime_operator.py
[2023-10-02T08:59:39.003+0000] {processor.py:839} INFO - DAG(s) dict_keys(['example_branch_datetime_operator_2', 'example_branch_datetime_operator', 'example_branch_datetime_operator_3']) retrieved from /home/airflow/.local/lib/python3.8/site-packages/airflow/example_dags/example_branch_datetime_operator.py
[2023-10-02T08:59:39.016+0000] {logging_mixin.py:151} INFO - [2023-10-02T08:59:39.016+0000] {dag.py:2915} INFO - Sync 3 DAGs
[2023-10-02T08:59:39.027+0000] {logging_mixin.py:151} INFO - [2023-10-02T08:59:39.027+0000] {dag.py:3696} INFO - Setting next_dagrun for example_branch_datetime_operator to 2023-10-01T00:00:00+00:00, run_after=2023-10-02T00:00:00+00:00
[2023-10-02T08:59:39.029+0000] {logging_mixin.py:151} INFO - [2023-10-02T08:59:39.029+0000] {dag.py:3696} INFO - Setting next_dagrun for example_branch_datetime_operator_2 to 2023-10-01T00:00:00+00:00, run_after=2023-10-02T00:00:00+00:00
[2023-10-02T08:59:39.030+0000] {logging_mixin.py:151} INFO - [2023-10-02T08:59:39.030+0000] {dag.py:3696} INFO - Setting next_dagrun for example_branch_datetime_operator_3 to 2023-10-01T00:00:00+00:00, run_after=2023-10-02T00:00:00+00:00
[2023-10-02T08:59:39.036+0000] {processor.py:179} INFO - Processing /home/airflow/.local/lib/python3.8/site-packages/airflow/example_dags/example_branch_datetime_operator.py took 0.041 seconds
[2023-10-02T09:00:10.207+0000] {processor.py:157} INFO - Started process (PID=673) to work on /home/airflow/.local/lib/python3.8/site-packages/airflow/example_dags/example_branch_datetime_operator.py
[2023-10-02T09:00:10.207+0000] {processor.py:829} INFO - Processing file /home/airflow/.local/lib/python3.8/site-packages/airflow/example_dags/example_branch_datetime_operator.py for tasks to queue
[2023-10-02T09:00:10.209+0000] {logging_mixin.py:151} INFO - [2023-10-02T09:00:10.208+0000] {dagbag.py:539} INFO - Filling up the DagBag from /home/airflow/.local/lib/python3.8/site-packages/airflow/example_dags/example_branch_datetime_operator.py
[2023-10-02T09:00:10.214+0000] {processor.py:839} INFO - DAG(s) dict_keys(['example_branch_datetime_operator_2', 'example_branch_datetime_operator', 'example_branch_datetime_operator_3']) retrieved from /home/airflow/.local/lib/python3.8/site-packages/airflow/example_dags/example_branch_datetime_operator.py
[2023-10-02T09:00:10.227+0000] {logging_mixin.py:151} INFO - [2023-10-02T09:00:10.227+0000] {dag.py:2915} INFO - Sync 3 DAGs
[2023-10-02T09:00:10.238+0000] {logging_mixin.py:151} INFO - [2023-10-02T09:00:10.238+0000] {dag.py:3696} INFO - Setting next_dagrun for example_branch_datetime_operator to 2023-10-01T00:00:00+00:00, run_after=2023-10-02T00:00:00+00:00
[2023-10-02T09:00:10.240+0000] {logging_mixin.py:151} INFO - [2023-10-02T09:00:10.240+0000] {dag.py:3696} INFO - Setting next_dagrun for example_branch_datetime_operator_2 to 2023-10-01T00:00:00+00:00, run_after=2023-10-02T00:00:00+00:00
[2023-10-02T09:00:10.241+0000] {logging_mixin.py:151} INFO - [2023-10-02T09:00:10.241+0000] {dag.py:3696} INFO - Setting next_dagrun for example_branch_datetime_operator_3 to 2023-10-01T00:00:00+00:00, run_after=2023-10-02T00:00:00+00:00
[2023-10-02T09:00:10.247+0000] {processor.py:179} INFO - Processing /home/airflow/.local/lib/python3.8/site-packages/airflow/example_dags/example_branch_datetime_operator.py took 0.042 seconds
[2023-10-02T09:00:41.195+0000] {processor.py:157} INFO - Started process (PID=730) to work on /home/airflow/.local/lib/python3.8/site-packages/airflow/example_dags/example_branch_datetime_operator.py
[2023-10-02T09:00:41.196+0000] {processor.py:829} INFO - Processing file /home/airflow/.local/lib/python3.8/site-packages/airflow/example_dags/example_branch_datetime_operator.py for tasks to queue
[2023-10-02T09:00:41.197+0000] {logging_mixin.py:151} INFO - [2023-10-02T09:00:41.197+0000] {dagbag.py:539} INFO - Filling up the DagBag from /home/airflow/.local/lib/python3.8/site-packages/airflow/example_dags/example_branch_datetime_operator.py
[2023-10-02T09:00:41.202+0000] {processor.py:839} INFO - DAG(s) dict_keys(['example_branch_datetime_operator_2', 'example_branch_datetime_operator_3', 'example_branch_datetime_operator']) retrieved from /home/airflow/.local/lib/python3.8/site-packages/airflow/example_dags/example_branch_datetime_operator.py
[2023-10-02T09:00:41.214+0000] {logging_mixin.py:151} INFO - [2023-10-02T09:00:41.214+0000] {dag.py:2915} INFO - Sync 3 DAGs
[2023-10-02T09:00:41.224+0000] {logging_mixin.py:151} INFO - [2023-10-02T09:00:41.224+0000] {dag.py:3696} INFO - Setting next_dagrun for example_branch_datetime_operator to 2023-10-01T00:00:00+00:00, run_after=2023-10-02T00:00:00+00:00
[2023-10-02T09:00:41.226+0000] {logging_mixin.py:151} INFO - [2023-10-02T09:00:41.226+0000] {dag.py:3696} INFO - Setting next_dagrun for example_branch_datetime_operator_2 to 2023-10-01T00:00:00+00:00, run_after=2023-10-02T00:00:00+00:00
[2023-10-02T09:00:41.227+0000] {logging_mixin.py:151} INFO - [2023-10-02T09:00:41.227+0000] {dag.py:3696} INFO - Setting next_dagrun for example_branch_datetime_operator_3 to 2023-10-01T00:00:00+00:00, run_after=2023-10-02T00:00:00+00:00
[2023-10-02T09:00:41.233+0000] {processor.py:179} INFO - Processing /home/airflow/.local/lib/python3.8/site-packages/airflow/example_dags/example_branch_datetime_operator.py took 0.039 seconds
[2023-10-02T09:01:12.116+0000] {processor.py:157} INFO - Started process (PID=787) to work on /home/airflow/.local/lib/python3.8/site-packages/airflow/example_dags/example_branch_datetime_operator.py
[2023-10-02T09:01:12.117+0000] {processor.py:829} INFO - Processing file /home/airflow/.local/lib/python3.8/site-packages/airflow/example_dags/example_branch_datetime_operator.py for tasks to queue
[2023-10-02T09:01:12.118+0000] {logging_mixin.py:151} INFO - [2023-10-02T09:01:12.118+0000] {dagbag.py:539} INFO - Filling up the DagBag from /home/airflow/.local/lib/python3.8/site-packages/airflow/example_dags/example_branch_datetime_operator.py
[2023-10-02T09:01:12.123+0000] {processor.py:839} INFO - DAG(s) dict_keys(['example_branch_datetime_operator_2', 'example_branch_datetime_operator_3', 'example_branch_datetime_operator']) retrieved from /home/airflow/.local/lib/python3.8/site-packages/airflow/example_dags/example_branch_datetime_operator.py
[2023-10-02T09:01:12.136+0000] {logging_mixin.py:151} INFO - [2023-10-02T09:01:12.136+0000] {dag.py:2915} INFO - Sync 3 DAGs
[2023-10-02T09:01:12.146+0000] {logging_mixin.py:151} INFO - [2023-10-02T09:01:12.146+0000] {dag.py:3696} INFO - Setting next_dagrun for example_branch_datetime_operator to 2023-10-01T00:00:00+00:00, run_after=2023-10-02T00:00:00+00:00
[2023-10-02T09:01:12.148+0000] {logging_mixin.py:151} INFO - [2023-10-02T09:01:12.148+0000] {dag.py:3696} INFO - Setting next_dagrun for example_branch_datetime_operator_2 to 2023-10-01T00:00:00+00:00, run_after=2023-10-02T00:00:00+00:00
[2023-10-02T09:01:12.149+0000] {logging_mixin.py:151} INFO - [2023-10-02T09:01:12.149+0000] {dag.py:3696} INFO - Setting next_dagrun for example_branch_datetime_operator_3 to 2023-10-01T00:00:00+00:00, run_after=2023-10-02T00:00:00+00:00
[2023-10-02T09:01:12.156+0000] {processor.py:179} INFO - Processing /home/airflow/.local/lib/python3.8/site-packages/airflow/example_dags/example_branch_datetime_operator.py took 0.041 seconds
[2023-10-02T09:01:43.234+0000] {processor.py:157} INFO - Started process (PID=844) to work on /home/airflow/.local/lib/python3.8/site-packages/airflow/example_dags/example_branch_datetime_operator.py
[2023-10-02T09:01:43.235+0000] {processor.py:829} INFO - Processing file /home/airflow/.local/lib/python3.8/site-packages/airflow/example_dags/example_branch_datetime_operator.py for tasks to queue
[2023-10-02T09:01:43.236+0000] {logging_mixin.py:151} INFO - [2023-10-02T09:01:43.236+0000] {dagbag.py:539} INFO - Filling up the DagBag from /home/airflow/.local/lib/python3.8/site-packages/airflow/example_dags/example_branch_datetime_operator.py
[2023-10-02T09:01:43.241+0000] {processor.py:839} INFO - DAG(s) dict_keys(['example_branch_datetime_operator_2', 'example_branch_datetime_operator_3', 'example_branch_datetime_operator']) retrieved from /home/airflow/.local/lib/python3.8/site-packages/airflow/example_dags/example_branch_datetime_operator.py
[2023-10-02T09:01:43.254+0000] {logging_mixin.py:151} INFO - [2023-10-02T09:01:43.253+0000] {dag.py:2915} INFO - Sync 3 DAGs
[2023-10-02T09:01:43.263+0000] {logging_mixin.py:151} INFO - [2023-10-02T09:01:43.263+0000] {dag.py:3696} INFO - Setting next_dagrun for example_branch_datetime_operator to 2023-10-01T00:00:00+00:00, run_after=2023-10-02T00:00:00+00:00
[2023-10-02T09:01:43.265+0000] {logging_mixin.py:151} INFO - [2023-10-02T09:01:43.265+0000] {dag.py:3696} INFO - Setting next_dagrun for example_branch_datetime_operator_2 to 2023-10-01T00:00:00+00:00, run_after=2023-10-02T00:00:00+00:00
[2023-10-02T09:01:43.267+0000] {logging_mixin.py:151} INFO - [2023-10-02T09:01:43.267+0000] {dag.py:3696} INFO - Setting next_dagrun for example_branch_datetime_operator_3 to 2023-10-01T00:00:00+00:00, run_after=2023-10-02T00:00:00+00:00
[2023-10-02T09:01:43.274+0000] {processor.py:179} INFO - Processing /home/airflow/.local/lib/python3.8/site-packages/airflow/example_dags/example_branch_datetime_operator.py took 0.041 seconds
[2023-10-02T09:02:14.160+0000] {processor.py:157} INFO - Started process (PID=901) to work on /home/airflow/.local/lib/python3.8/site-packages/airflow/example_dags/example_branch_datetime_operator.py
[2023-10-02T09:02:14.161+0000] {processor.py:829} INFO - Processing file /home/airflow/.local/lib/python3.8/site-packages/airflow/example_dags/example_branch_datetime_operator.py for tasks to queue
[2023-10-02T09:02:14.162+0000] {logging_mixin.py:151} INFO - [2023-10-02T09:02:14.162+0000] {dagbag.py:539} INFO - Filling up the DagBag from /home/airflow/.local/lib/python3.8/site-packages/airflow/example_dags/example_branch_datetime_operator.py
[2023-10-02T09:02:14.167+0000] {processor.py:839} INFO - DAG(s) dict_keys(['example_branch_datetime_operator_2', 'example_branch_datetime_operator', 'example_branch_datetime_operator_3']) retrieved from /home/airflow/.local/lib/python3.8/site-packages/airflow/example_dags/example_branch_datetime_operator.py
[2023-10-02T09:02:14.180+0000] {logging_mixin.py:151} INFO - [2023-10-02T09:02:14.179+0000] {dag.py:2915} INFO - Sync 3 DAGs
[2023-10-02T09:02:14.190+0000] {logging_mixin.py:151} INFO - [2023-10-02T09:02:14.190+0000] {dag.py:3696} INFO - Setting next_dagrun for example_branch_datetime_operator to 2023-10-01T00:00:00+00:00, run_after=2023-10-02T00:00:00+00:00
[2023-10-02T09:02:14.192+0000] {logging_mixin.py:151} INFO - [2023-10-02T09:02:14.192+0000] {dag.py:3696} INFO - Setting next_dagrun for example_branch_datetime_operator_2 to 2023-10-01T00:00:00+00:00, run_after=2023-10-02T00:00:00+00:00
[2023-10-02T09:02:14.193+0000] {logging_mixin.py:151} INFO - [2023-10-02T09:02:14.193+0000] {dag.py:3696} INFO - Setting next_dagrun for example_branch_datetime_operator_3 to 2023-10-01T00:00:00+00:00, run_after=2023-10-02T00:00:00+00:00
[2023-10-02T09:02:14.200+0000] {processor.py:179} INFO - Processing /home/airflow/.local/lib/python3.8/site-packages/airflow/example_dags/example_branch_datetime_operator.py took 0.041 seconds
