[2023-10-02T08:54:31.791+0000] {processor.py:157} INFO - Started process (PID=73) to work on /home/airflow/.local/lib/python3.8/site-packages/airflow/example_dags/example_complex.py
[2023-10-02T08:54:31.793+0000] {processor.py:829} INFO - Processing file /home/airflow/.local/lib/python3.8/site-packages/airflow/example_dags/example_complex.py for tasks to queue
[2023-10-02T08:54:31.799+0000] {logging_mixin.py:151} INFO - [2023-10-02T08:54:31.797+0000] {dagbag.py:539} INFO - Filling up the DagBag from /home/airflow/.local/lib/python3.8/site-packages/airflow/example_dags/example_complex.py
[2023-10-02T08:54:31.847+0000] {processor.py:839} INFO - DAG(s) dict_keys(['example_complex']) retrieved from /home/airflow/.local/lib/python3.8/site-packages/airflow/example_dags/example_complex.py
[2023-10-02T08:54:31.864+0000] {logging_mixin.py:151} INFO - [2023-10-02T08:54:31.864+0000] {dag.py:2915} INFO - Sync 1 DAGs
[2023-10-02T08:54:31.879+0000] {logging_mixin.py:151} INFO - [2023-10-02T08:54:31.879+0000] {dag.py:3696} INFO - Setting next_dagrun for example_complex to None, run_after=None
[2023-10-02T08:54:31.900+0000] {processor.py:179} INFO - Processing /home/airflow/.local/lib/python3.8/site-packages/airflow/example_dags/example_complex.py took 0.118 seconds
[2023-10-02T08:55:02.217+0000] {processor.py:157} INFO - Started process (PID=130) to work on /home/airflow/.local/lib/python3.8/site-packages/airflow/example_dags/example_complex.py
[2023-10-02T08:55:02.218+0000] {processor.py:829} INFO - Processing file /home/airflow/.local/lib/python3.8/site-packages/airflow/example_dags/example_complex.py for tasks to queue
[2023-10-02T08:55:02.219+0000] {logging_mixin.py:151} INFO - [2023-10-02T08:55:02.219+0000] {dagbag.py:539} INFO - Filling up the DagBag from /home/airflow/.local/lib/python3.8/site-packages/airflow/example_dags/example_complex.py
[2023-10-02T08:55:02.225+0000] {processor.py:839} INFO - DAG(s) dict_keys(['example_complex']) retrieved from /home/airflow/.local/lib/python3.8/site-packages/airflow/example_dags/example_complex.py
[2023-10-02T08:55:02.239+0000] {logging_mixin.py:151} INFO - [2023-10-02T08:55:02.239+0000] {dag.py:2915} INFO - Sync 1 DAGs
[2023-10-02T08:55:02.245+0000] {logging_mixin.py:151} INFO - [2023-10-02T08:55:02.245+0000] {dag.py:3696} INFO - Setting next_dagrun for example_complex to None, run_after=None
[2023-10-02T08:55:02.253+0000] {processor.py:179} INFO - Processing /home/airflow/.local/lib/python3.8/site-packages/airflow/example_dags/example_complex.py took 0.037 seconds
[2023-10-02T08:55:32.683+0000] {processor.py:157} INFO - Started process (PID=187) to work on /home/airflow/.local/lib/python3.8/site-packages/airflow/example_dags/example_complex.py
[2023-10-02T08:55:32.684+0000] {processor.py:829} INFO - Processing file /home/airflow/.local/lib/python3.8/site-packages/airflow/example_dags/example_complex.py for tasks to queue
[2023-10-02T08:55:32.685+0000] {logging_mixin.py:151} INFO - [2023-10-02T08:55:32.685+0000] {dagbag.py:539} INFO - Filling up the DagBag from /home/airflow/.local/lib/python3.8/site-packages/airflow/example_dags/example_complex.py
[2023-10-02T08:55:32.691+0000] {processor.py:839} INFO - DAG(s) dict_keys(['example_complex']) retrieved from /home/airflow/.local/lib/python3.8/site-packages/airflow/example_dags/example_complex.py
[2023-10-02T08:55:32.706+0000] {logging_mixin.py:151} INFO - [2023-10-02T08:55:32.706+0000] {dag.py:2915} INFO - Sync 1 DAGs
[2023-10-02T08:55:32.712+0000] {logging_mixin.py:151} INFO - [2023-10-02T08:55:32.712+0000] {dag.py:3696} INFO - Setting next_dagrun for example_complex to None, run_after=None
[2023-10-02T08:55:32.719+0000] {processor.py:179} INFO - Processing /home/airflow/.local/lib/python3.8/site-packages/airflow/example_dags/example_complex.py took 0.039 seconds
[2023-10-02T08:56:03.064+0000] {processor.py:157} INFO - Started process (PID=244) to work on /home/airflow/.local/lib/python3.8/site-packages/airflow/example_dags/example_complex.py
[2023-10-02T08:56:03.064+0000] {processor.py:829} INFO - Processing file /home/airflow/.local/lib/python3.8/site-packages/airflow/example_dags/example_complex.py for tasks to queue
[2023-10-02T08:56:03.066+0000] {logging_mixin.py:151} INFO - [2023-10-02T08:56:03.065+0000] {dagbag.py:539} INFO - Filling up the DagBag from /home/airflow/.local/lib/python3.8/site-packages/airflow/example_dags/example_complex.py
[2023-10-02T08:56:03.071+0000] {processor.py:839} INFO - DAG(s) dict_keys(['example_complex']) retrieved from /home/airflow/.local/lib/python3.8/site-packages/airflow/example_dags/example_complex.py
[2023-10-02T08:56:03.085+0000] {logging_mixin.py:151} INFO - [2023-10-02T08:56:03.085+0000] {dag.py:2915} INFO - Sync 1 DAGs
[2023-10-02T08:56:03.091+0000] {logging_mixin.py:151} INFO - [2023-10-02T08:56:03.091+0000] {dag.py:3696} INFO - Setting next_dagrun for example_complex to None, run_after=None
[2023-10-02T08:56:03.099+0000] {processor.py:179} INFO - Processing /home/airflow/.local/lib/python3.8/site-packages/airflow/example_dags/example_complex.py took 0.037 seconds
[2023-10-02T08:56:34.078+0000] {processor.py:157} INFO - Started process (PID=301) to work on /home/airflow/.local/lib/python3.8/site-packages/airflow/example_dags/example_complex.py
[2023-10-02T08:56:34.078+0000] {processor.py:829} INFO - Processing file /home/airflow/.local/lib/python3.8/site-packages/airflow/example_dags/example_complex.py for tasks to queue
[2023-10-02T08:56:34.080+0000] {logging_mixin.py:151} INFO - [2023-10-02T08:56:34.080+0000] {dagbag.py:539} INFO - Filling up the DagBag from /home/airflow/.local/lib/python3.8/site-packages/airflow/example_dags/example_complex.py
[2023-10-02T08:56:34.086+0000] {processor.py:839} INFO - DAG(s) dict_keys(['example_complex']) retrieved from /home/airflow/.local/lib/python3.8/site-packages/airflow/example_dags/example_complex.py
[2023-10-02T08:56:34.102+0000] {logging_mixin.py:151} INFO - [2023-10-02T08:56:34.102+0000] {dag.py:2915} INFO - Sync 1 DAGs
[2023-10-02T08:56:34.108+0000] {logging_mixin.py:151} INFO - [2023-10-02T08:56:34.108+0000] {dag.py:3696} INFO - Setting next_dagrun for example_complex to None, run_after=None
[2023-10-02T08:56:34.116+0000] {processor.py:179} INFO - Processing /home/airflow/.local/lib/python3.8/site-packages/airflow/example_dags/example_complex.py took 0.041 seconds
[2023-10-02T08:57:04.986+0000] {processor.py:157} INFO - Started process (PID=358) to work on /home/airflow/.local/lib/python3.8/site-packages/airflow/example_dags/example_complex.py
[2023-10-02T08:57:04.987+0000] {processor.py:829} INFO - Processing file /home/airflow/.local/lib/python3.8/site-packages/airflow/example_dags/example_complex.py for tasks to queue
[2023-10-02T08:57:04.988+0000] {logging_mixin.py:151} INFO - [2023-10-02T08:57:04.988+0000] {dagbag.py:539} INFO - Filling up the DagBag from /home/airflow/.local/lib/python3.8/site-packages/airflow/example_dags/example_complex.py
[2023-10-02T08:57:04.994+0000] {processor.py:839} INFO - DAG(s) dict_keys(['example_complex']) retrieved from /home/airflow/.local/lib/python3.8/site-packages/airflow/example_dags/example_complex.py
[2023-10-02T08:57:05.008+0000] {logging_mixin.py:151} INFO - [2023-10-02T08:57:05.008+0000] {dag.py:2915} INFO - Sync 1 DAGs
[2023-10-02T08:57:05.014+0000] {logging_mixin.py:151} INFO - [2023-10-02T08:57:05.014+0000] {dag.py:3696} INFO - Setting next_dagrun for example_complex to None, run_after=None
[2023-10-02T08:57:05.021+0000] {processor.py:179} INFO - Processing /home/airflow/.local/lib/python3.8/site-packages/airflow/example_dags/example_complex.py took 0.037 seconds
[2023-10-02T08:57:35.942+0000] {processor.py:157} INFO - Started process (PID=415) to work on /home/airflow/.local/lib/python3.8/site-packages/airflow/example_dags/example_complex.py
[2023-10-02T08:57:35.943+0000] {processor.py:829} INFO - Processing file /home/airflow/.local/lib/python3.8/site-packages/airflow/example_dags/example_complex.py for tasks to queue
[2023-10-02T08:57:35.944+0000] {logging_mixin.py:151} INFO - [2023-10-02T08:57:35.944+0000] {dagbag.py:539} INFO - Filling up the DagBag from /home/airflow/.local/lib/python3.8/site-packages/airflow/example_dags/example_complex.py
[2023-10-02T08:57:35.951+0000] {processor.py:839} INFO - DAG(s) dict_keys(['example_complex']) retrieved from /home/airflow/.local/lib/python3.8/site-packages/airflow/example_dags/example_complex.py
[2023-10-02T08:57:35.967+0000] {logging_mixin.py:151} INFO - [2023-10-02T08:57:35.967+0000] {dag.py:2915} INFO - Sync 1 DAGs
[2023-10-02T08:57:35.974+0000] {logging_mixin.py:151} INFO - [2023-10-02T08:57:35.973+0000] {dag.py:3696} INFO - Setting next_dagrun for example_complex to None, run_after=None
[2023-10-02T08:57:35.981+0000] {processor.py:179} INFO - Processing /home/airflow/.local/lib/python3.8/site-packages/airflow/example_dags/example_complex.py took 0.042 seconds
[2023-10-02T08:58:06.850+0000] {processor.py:157} INFO - Started process (PID=472) to work on /home/airflow/.local/lib/python3.8/site-packages/airflow/example_dags/example_complex.py
[2023-10-02T08:58:06.850+0000] {processor.py:829} INFO - Processing file /home/airflow/.local/lib/python3.8/site-packages/airflow/example_dags/example_complex.py for tasks to queue
[2023-10-02T08:58:06.852+0000] {logging_mixin.py:151} INFO - [2023-10-02T08:58:06.851+0000] {dagbag.py:539} INFO - Filling up the DagBag from /home/airflow/.local/lib/python3.8/site-packages/airflow/example_dags/example_complex.py
[2023-10-02T08:58:06.857+0000] {processor.py:839} INFO - DAG(s) dict_keys(['example_complex']) retrieved from /home/airflow/.local/lib/python3.8/site-packages/airflow/example_dags/example_complex.py
[2023-10-02T08:58:06.871+0000] {logging_mixin.py:151} INFO - [2023-10-02T08:58:06.871+0000] {dag.py:2915} INFO - Sync 1 DAGs
[2023-10-02T08:58:06.877+0000] {logging_mixin.py:151} INFO - [2023-10-02T08:58:06.877+0000] {dag.py:3696} INFO - Setting next_dagrun for example_complex to None, run_after=None
[2023-10-02T08:58:06.884+0000] {processor.py:179} INFO - Processing /home/airflow/.local/lib/python3.8/site-packages/airflow/example_dags/example_complex.py took 0.036 seconds
[2023-10-02T08:58:37.839+0000] {processor.py:157} INFO - Started process (PID=529) to work on /home/airflow/.local/lib/python3.8/site-packages/airflow/example_dags/example_complex.py
[2023-10-02T08:58:37.839+0000] {processor.py:829} INFO - Processing file /home/airflow/.local/lib/python3.8/site-packages/airflow/example_dags/example_complex.py for tasks to queue
[2023-10-02T08:58:37.841+0000] {logging_mixin.py:151} INFO - [2023-10-02T08:58:37.840+0000] {dagbag.py:539} INFO - Filling up the DagBag from /home/airflow/.local/lib/python3.8/site-packages/airflow/example_dags/example_complex.py
[2023-10-02T08:58:37.846+0000] {processor.py:839} INFO - DAG(s) dict_keys(['example_complex']) retrieved from /home/airflow/.local/lib/python3.8/site-packages/airflow/example_dags/example_complex.py
[2023-10-02T08:58:37.861+0000] {logging_mixin.py:151} INFO - [2023-10-02T08:58:37.861+0000] {dag.py:2915} INFO - Sync 1 DAGs
[2023-10-02T08:58:37.867+0000] {logging_mixin.py:151} INFO - [2023-10-02T08:58:37.867+0000] {dag.py:3696} INFO - Setting next_dagrun for example_complex to None, run_after=None
[2023-10-02T08:58:37.874+0000] {processor.py:179} INFO - Processing /home/airflow/.local/lib/python3.8/site-packages/airflow/example_dags/example_complex.py took 0.037 seconds
[2023-10-02T08:59:08.647+0000] {processor.py:157} INFO - Started process (PID=587) to work on /home/airflow/.local/lib/python3.8/site-packages/airflow/example_dags/example_complex.py
[2023-10-02T08:59:08.648+0000] {processor.py:829} INFO - Processing file /home/airflow/.local/lib/python3.8/site-packages/airflow/example_dags/example_complex.py for tasks to queue
[2023-10-02T08:59:08.649+0000] {logging_mixin.py:151} INFO - [2023-10-02T08:59:08.649+0000] {dagbag.py:539} INFO - Filling up the DagBag from /home/airflow/.local/lib/python3.8/site-packages/airflow/example_dags/example_complex.py
[2023-10-02T08:59:08.654+0000] {processor.py:839} INFO - DAG(s) dict_keys(['example_complex']) retrieved from /home/airflow/.local/lib/python3.8/site-packages/airflow/example_dags/example_complex.py
[2023-10-02T08:59:08.669+0000] {logging_mixin.py:151} INFO - [2023-10-02T08:59:08.669+0000] {dag.py:2915} INFO - Sync 1 DAGs
[2023-10-02T08:59:08.675+0000] {logging_mixin.py:151} INFO - [2023-10-02T08:59:08.674+0000] {dag.py:3696} INFO - Setting next_dagrun for example_complex to None, run_after=None
[2023-10-02T08:59:08.682+0000] {processor.py:179} INFO - Processing /home/airflow/.local/lib/python3.8/site-packages/airflow/example_dags/example_complex.py took 0.037 seconds
[2023-10-02T08:59:40.000+0000] {processor.py:157} INFO - Started process (PID=644) to work on /home/airflow/.local/lib/python3.8/site-packages/airflow/example_dags/example_complex.py
[2023-10-02T08:59:40.001+0000] {processor.py:829} INFO - Processing file /home/airflow/.local/lib/python3.8/site-packages/airflow/example_dags/example_complex.py for tasks to queue
[2023-10-02T08:59:40.002+0000] {logging_mixin.py:151} INFO - [2023-10-02T08:59:40.002+0000] {dagbag.py:539} INFO - Filling up the DagBag from /home/airflow/.local/lib/python3.8/site-packages/airflow/example_dags/example_complex.py
[2023-10-02T08:59:40.008+0000] {processor.py:839} INFO - DAG(s) dict_keys(['example_complex']) retrieved from /home/airflow/.local/lib/python3.8/site-packages/airflow/example_dags/example_complex.py
[2023-10-02T08:59:40.024+0000] {logging_mixin.py:151} INFO - [2023-10-02T08:59:40.023+0000] {dag.py:2915} INFO - Sync 1 DAGs
[2023-10-02T08:59:40.029+0000] {logging_mixin.py:151} INFO - [2023-10-02T08:59:40.029+0000] {dag.py:3696} INFO - Setting next_dagrun for example_complex to None, run_after=None
[2023-10-02T08:59:40.037+0000] {processor.py:179} INFO - Processing /home/airflow/.local/lib/python3.8/site-packages/airflow/example_dags/example_complex.py took 0.039 seconds
[2023-10-02T09:00:11.036+0000] {processor.py:157} INFO - Started process (PID=701) to work on /home/airflow/.local/lib/python3.8/site-packages/airflow/example_dags/example_complex.py
[2023-10-02T09:00:11.037+0000] {processor.py:829} INFO - Processing file /home/airflow/.local/lib/python3.8/site-packages/airflow/example_dags/example_complex.py for tasks to queue
[2023-10-02T09:00:11.038+0000] {logging_mixin.py:151} INFO - [2023-10-02T09:00:11.038+0000] {dagbag.py:539} INFO - Filling up the DagBag from /home/airflow/.local/lib/python3.8/site-packages/airflow/example_dags/example_complex.py
[2023-10-02T09:00:11.044+0000] {processor.py:839} INFO - DAG(s) dict_keys(['example_complex']) retrieved from /home/airflow/.local/lib/python3.8/site-packages/airflow/example_dags/example_complex.py
[2023-10-02T09:00:11.058+0000] {logging_mixin.py:151} INFO - [2023-10-02T09:00:11.058+0000] {dag.py:2915} INFO - Sync 1 DAGs
[2023-10-02T09:00:11.064+0000] {logging_mixin.py:151} INFO - [2023-10-02T09:00:11.064+0000] {dag.py:3696} INFO - Setting next_dagrun for example_complex to None, run_after=None
[2023-10-02T09:00:11.071+0000] {processor.py:179} INFO - Processing /home/airflow/.local/lib/python3.8/site-packages/airflow/example_dags/example_complex.py took 0.037 seconds
[2023-10-02T09:00:42.019+0000] {processor.py:157} INFO - Started process (PID=758) to work on /home/airflow/.local/lib/python3.8/site-packages/airflow/example_dags/example_complex.py
[2023-10-02T09:00:42.020+0000] {processor.py:829} INFO - Processing file /home/airflow/.local/lib/python3.8/site-packages/airflow/example_dags/example_complex.py for tasks to queue
[2023-10-02T09:00:42.022+0000] {logging_mixin.py:151} INFO - [2023-10-02T09:00:42.022+0000] {dagbag.py:539} INFO - Filling up the DagBag from /home/airflow/.local/lib/python3.8/site-packages/airflow/example_dags/example_complex.py
[2023-10-02T09:00:42.029+0000] {processor.py:839} INFO - DAG(s) dict_keys(['example_complex']) retrieved from /home/airflow/.local/lib/python3.8/site-packages/airflow/example_dags/example_complex.py
[2023-10-02T09:00:42.044+0000] {logging_mixin.py:151} INFO - [2023-10-02T09:00:42.044+0000] {dag.py:2915} INFO - Sync 1 DAGs
[2023-10-02T09:00:42.051+0000] {logging_mixin.py:151} INFO - [2023-10-02T09:00:42.050+0000] {dag.py:3696} INFO - Setting next_dagrun for example_complex to None, run_after=None
[2023-10-02T09:00:42.058+0000] {processor.py:179} INFO - Processing /home/airflow/.local/lib/python3.8/site-packages/airflow/example_dags/example_complex.py took 0.042 seconds
[2023-10-02T09:01:12.881+0000] {processor.py:157} INFO - Started process (PID=815) to work on /home/airflow/.local/lib/python3.8/site-packages/airflow/example_dags/example_complex.py
[2023-10-02T09:01:12.882+0000] {processor.py:829} INFO - Processing file /home/airflow/.local/lib/python3.8/site-packages/airflow/example_dags/example_complex.py for tasks to queue
[2023-10-02T09:01:12.883+0000] {logging_mixin.py:151} INFO - [2023-10-02T09:01:12.883+0000] {dagbag.py:539} INFO - Filling up the DagBag from /home/airflow/.local/lib/python3.8/site-packages/airflow/example_dags/example_complex.py
[2023-10-02T09:01:12.889+0000] {processor.py:839} INFO - DAG(s) dict_keys(['example_complex']) retrieved from /home/airflow/.local/lib/python3.8/site-packages/airflow/example_dags/example_complex.py
[2023-10-02T09:01:12.903+0000] {logging_mixin.py:151} INFO - [2023-10-02T09:01:12.903+0000] {dag.py:2915} INFO - Sync 1 DAGs
[2023-10-02T09:01:12.909+0000] {logging_mixin.py:151} INFO - [2023-10-02T09:01:12.909+0000] {dag.py:3696} INFO - Setting next_dagrun for example_complex to None, run_after=None
[2023-10-02T09:01:12.917+0000] {processor.py:179} INFO - Processing /home/airflow/.local/lib/python3.8/site-packages/airflow/example_dags/example_complex.py took 0.037 seconds
[2023-10-02T09:01:44.019+0000] {processor.py:157} INFO - Started process (PID=872) to work on /home/airflow/.local/lib/python3.8/site-packages/airflow/example_dags/example_complex.py
[2023-10-02T09:01:44.020+0000] {processor.py:829} INFO - Processing file /home/airflow/.local/lib/python3.8/site-packages/airflow/example_dags/example_complex.py for tasks to queue
[2023-10-02T09:01:44.021+0000] {logging_mixin.py:151} INFO - [2023-10-02T09:01:44.021+0000] {dagbag.py:539} INFO - Filling up the DagBag from /home/airflow/.local/lib/python3.8/site-packages/airflow/example_dags/example_complex.py
[2023-10-02T09:01:44.026+0000] {processor.py:839} INFO - DAG(s) dict_keys(['example_complex']) retrieved from /home/airflow/.local/lib/python3.8/site-packages/airflow/example_dags/example_complex.py
[2023-10-02T09:01:44.041+0000] {logging_mixin.py:151} INFO - [2023-10-02T09:01:44.041+0000] {dag.py:2915} INFO - Sync 1 DAGs
[2023-10-02T09:01:44.047+0000] {logging_mixin.py:151} INFO - [2023-10-02T09:01:44.047+0000] {dag.py:3696} INFO - Setting next_dagrun for example_complex to None, run_after=None
[2023-10-02T09:01:44.055+0000] {processor.py:179} INFO - Processing /home/airflow/.local/lib/python3.8/site-packages/airflow/example_dags/example_complex.py took 0.038 seconds
[2023-10-02T09:02:14.917+0000] {processor.py:157} INFO - Started process (PID=929) to work on /home/airflow/.local/lib/python3.8/site-packages/airflow/example_dags/example_complex.py
[2023-10-02T09:02:14.917+0000] {processor.py:829} INFO - Processing file /home/airflow/.local/lib/python3.8/site-packages/airflow/example_dags/example_complex.py for tasks to queue
[2023-10-02T09:02:14.919+0000] {logging_mixin.py:151} INFO - [2023-10-02T09:02:14.918+0000] {dagbag.py:539} INFO - Filling up the DagBag from /home/airflow/.local/lib/python3.8/site-packages/airflow/example_dags/example_complex.py
[2023-10-02T09:02:14.924+0000] {processor.py:839} INFO - DAG(s) dict_keys(['example_complex']) retrieved from /home/airflow/.local/lib/python3.8/site-packages/airflow/example_dags/example_complex.py
[2023-10-02T09:02:14.940+0000] {logging_mixin.py:151} INFO - [2023-10-02T09:02:14.939+0000] {dag.py:2915} INFO - Sync 1 DAGs
[2023-10-02T09:02:14.945+0000] {logging_mixin.py:151} INFO - [2023-10-02T09:02:14.945+0000] {dag.py:3696} INFO - Setting next_dagrun for example_complex to None, run_after=None
[2023-10-02T09:02:14.953+0000] {processor.py:179} INFO - Processing /home/airflow/.local/lib/python3.8/site-packages/airflow/example_dags/example_complex.py took 0.038 seconds
