[2023-10-02T08:54:29.704+0000] {processor.py:157} INFO - Started process (PID=46) to work on /home/airflow/.local/lib/python3.8/site-packages/airflow/example_dags/example_sla_dag.py
[2023-10-02T08:54:29.705+0000] {processor.py:829} INFO - Processing file /home/airflow/.local/lib/python3.8/site-packages/airflow/example_dags/example_sla_dag.py for tasks to queue
[2023-10-02T08:54:29.706+0000] {logging_mixin.py:151} INFO - [2023-10-02T08:54:29.706+0000] {dagbag.py:539} INFO - Filling up the DagBag from /home/airflow/.local/lib/python3.8/site-packages/airflow/example_dags/example_sla_dag.py
[2023-10-02T08:54:29.716+0000] {processor.py:839} INFO - DAG(s) dict_keys(['example_sla_dag']) retrieved from /home/airflow/.local/lib/python3.8/site-packages/airflow/example_dags/example_sla_dag.py
[2023-10-02T08:54:29.726+0000] {logging_mixin.py:151} INFO - [2023-10-02T08:54:29.726+0000] {dag.py:2915} INFO - Sync 1 DAGs
[2023-10-02T08:54:29.743+0000] {logging_mixin.py:151} INFO - [2023-10-02T08:54:29.743+0000] {dag.py:3696} INFO - Setting next_dagrun for example_sla_dag to 2023-10-02T08:52:00+00:00, run_after=2023-10-02T08:54:00+00:00
[2023-10-02T08:54:29.752+0000] {processor.py:179} INFO - Processing /home/airflow/.local/lib/python3.8/site-packages/airflow/example_dags/example_sla_dag.py took 0.051 seconds
[2023-10-02T08:55:01.173+0000] {processor.py:157} INFO - Started process (PID=103) to work on /home/airflow/.local/lib/python3.8/site-packages/airflow/example_dags/example_sla_dag.py
[2023-10-02T08:55:01.173+0000] {processor.py:829} INFO - Processing file /home/airflow/.local/lib/python3.8/site-packages/airflow/example_dags/example_sla_dag.py for tasks to queue
[2023-10-02T08:55:01.175+0000] {logging_mixin.py:151} INFO - [2023-10-02T08:55:01.174+0000] {dagbag.py:539} INFO - Filling up the DagBag from /home/airflow/.local/lib/python3.8/site-packages/airflow/example_dags/example_sla_dag.py
[2023-10-02T08:55:01.180+0000] {processor.py:839} INFO - DAG(s) dict_keys(['example_sla_dag']) retrieved from /home/airflow/.local/lib/python3.8/site-packages/airflow/example_dags/example_sla_dag.py
[2023-10-02T08:55:01.190+0000] {logging_mixin.py:151} INFO - [2023-10-02T08:55:01.190+0000] {dag.py:2915} INFO - Sync 1 DAGs
[2023-10-02T08:55:01.202+0000] {logging_mixin.py:151} INFO - [2023-10-02T08:55:01.202+0000] {dag.py:3696} INFO - Setting next_dagrun for example_sla_dag to 2023-10-02T08:52:00+00:00, run_after=2023-10-02T08:54:00+00:00
[2023-10-02T08:55:01.211+0000] {processor.py:179} INFO - Processing /home/airflow/.local/lib/python3.8/site-packages/airflow/example_dags/example_sla_dag.py took 0.040 seconds
[2023-10-02T08:55:31.796+0000] {processor.py:157} INFO - Started process (PID=160) to work on /home/airflow/.local/lib/python3.8/site-packages/airflow/example_dags/example_sla_dag.py
[2023-10-02T08:55:31.796+0000] {processor.py:829} INFO - Processing file /home/airflow/.local/lib/python3.8/site-packages/airflow/example_dags/example_sla_dag.py for tasks to queue
[2023-10-02T08:55:31.798+0000] {logging_mixin.py:151} INFO - [2023-10-02T08:55:31.797+0000] {dagbag.py:539} INFO - Filling up the DagBag from /home/airflow/.local/lib/python3.8/site-packages/airflow/example_dags/example_sla_dag.py
[2023-10-02T08:55:31.802+0000] {processor.py:839} INFO - DAG(s) dict_keys(['example_sla_dag']) retrieved from /home/airflow/.local/lib/python3.8/site-packages/airflow/example_dags/example_sla_dag.py
[2023-10-02T08:55:31.815+0000] {logging_mixin.py:151} INFO - [2023-10-02T08:55:31.814+0000] {dag.py:2915} INFO - Sync 1 DAGs
[2023-10-02T08:55:31.826+0000] {logging_mixin.py:151} INFO - [2023-10-02T08:55:31.826+0000] {dag.py:3696} INFO - Setting next_dagrun for example_sla_dag to 2023-10-02T08:52:00+00:00, run_after=2023-10-02T08:54:00+00:00
[2023-10-02T08:55:31.834+0000] {processor.py:179} INFO - Processing /home/airflow/.local/lib/python3.8/site-packages/airflow/example_dags/example_sla_dag.py took 0.040 seconds
[2023-10-02T08:56:02.249+0000] {processor.py:157} INFO - Started process (PID=217) to work on /home/airflow/.local/lib/python3.8/site-packages/airflow/example_dags/example_sla_dag.py
[2023-10-02T08:56:02.250+0000] {processor.py:829} INFO - Processing file /home/airflow/.local/lib/python3.8/site-packages/airflow/example_dags/example_sla_dag.py for tasks to queue
[2023-10-02T08:56:02.251+0000] {logging_mixin.py:151} INFO - [2023-10-02T08:56:02.251+0000] {dagbag.py:539} INFO - Filling up the DagBag from /home/airflow/.local/lib/python3.8/site-packages/airflow/example_dags/example_sla_dag.py
[2023-10-02T08:56:02.256+0000] {processor.py:839} INFO - DAG(s) dict_keys(['example_sla_dag']) retrieved from /home/airflow/.local/lib/python3.8/site-packages/airflow/example_dags/example_sla_dag.py
[2023-10-02T08:56:02.266+0000] {logging_mixin.py:151} INFO - [2023-10-02T08:56:02.266+0000] {dag.py:2915} INFO - Sync 1 DAGs
[2023-10-02T08:56:02.280+0000] {logging_mixin.py:151} INFO - [2023-10-02T08:56:02.280+0000] {dag.py:3696} INFO - Setting next_dagrun for example_sla_dag to 2023-10-02T08:54:00+00:00, run_after=2023-10-02T08:56:00+00:00
[2023-10-02T08:56:02.289+0000] {processor.py:179} INFO - Processing /home/airflow/.local/lib/python3.8/site-packages/airflow/example_dags/example_sla_dag.py took 0.042 seconds
[2023-10-02T08:56:33.308+0000] {processor.py:157} INFO - Started process (PID=274) to work on /home/airflow/.local/lib/python3.8/site-packages/airflow/example_dags/example_sla_dag.py
[2023-10-02T08:56:33.309+0000] {processor.py:829} INFO - Processing file /home/airflow/.local/lib/python3.8/site-packages/airflow/example_dags/example_sla_dag.py for tasks to queue
[2023-10-02T08:56:33.310+0000] {logging_mixin.py:151} INFO - [2023-10-02T08:56:33.310+0000] {dagbag.py:539} INFO - Filling up the DagBag from /home/airflow/.local/lib/python3.8/site-packages/airflow/example_dags/example_sla_dag.py
[2023-10-02T08:56:33.315+0000] {processor.py:839} INFO - DAG(s) dict_keys(['example_sla_dag']) retrieved from /home/airflow/.local/lib/python3.8/site-packages/airflow/example_dags/example_sla_dag.py
[2023-10-02T08:56:33.324+0000] {logging_mixin.py:151} INFO - [2023-10-02T08:56:33.324+0000] {dag.py:2915} INFO - Sync 1 DAGs
[2023-10-02T08:56:33.335+0000] {logging_mixin.py:151} INFO - [2023-10-02T08:56:33.335+0000] {dag.py:3696} INFO - Setting next_dagrun for example_sla_dag to 2023-10-02T08:54:00+00:00, run_after=2023-10-02T08:56:00+00:00
[2023-10-02T08:56:33.342+0000] {processor.py:179} INFO - Processing /home/airflow/.local/lib/python3.8/site-packages/airflow/example_dags/example_sla_dag.py took 0.036 seconds
[2023-10-02T08:57:04.239+0000] {processor.py:157} INFO - Started process (PID=331) to work on /home/airflow/.local/lib/python3.8/site-packages/airflow/example_dags/example_sla_dag.py
[2023-10-02T08:57:04.240+0000] {processor.py:829} INFO - Processing file /home/airflow/.local/lib/python3.8/site-packages/airflow/example_dags/example_sla_dag.py for tasks to queue
[2023-10-02T08:57:04.241+0000] {logging_mixin.py:151} INFO - [2023-10-02T08:57:04.241+0000] {dagbag.py:539} INFO - Filling up the DagBag from /home/airflow/.local/lib/python3.8/site-packages/airflow/example_dags/example_sla_dag.py
[2023-10-02T08:57:04.246+0000] {processor.py:839} INFO - DAG(s) dict_keys(['example_sla_dag']) retrieved from /home/airflow/.local/lib/python3.8/site-packages/airflow/example_dags/example_sla_dag.py
[2023-10-02T08:57:04.255+0000] {logging_mixin.py:151} INFO - [2023-10-02T08:57:04.255+0000] {dag.py:2915} INFO - Sync 1 DAGs
[2023-10-02T08:57:04.266+0000] {logging_mixin.py:151} INFO - [2023-10-02T08:57:04.266+0000] {dag.py:3696} INFO - Setting next_dagrun for example_sla_dag to 2023-10-02T08:54:00+00:00, run_after=2023-10-02T08:56:00+00:00
[2023-10-02T08:57:04.274+0000] {processor.py:179} INFO - Processing /home/airflow/.local/lib/python3.8/site-packages/airflow/example_dags/example_sla_dag.py took 0.036 seconds
[2023-10-02T08:57:35.158+0000] {processor.py:157} INFO - Started process (PID=388) to work on /home/airflow/.local/lib/python3.8/site-packages/airflow/example_dags/example_sla_dag.py
[2023-10-02T08:57:35.159+0000] {processor.py:829} INFO - Processing file /home/airflow/.local/lib/python3.8/site-packages/airflow/example_dags/example_sla_dag.py for tasks to queue
[2023-10-02T08:57:35.160+0000] {logging_mixin.py:151} INFO - [2023-10-02T08:57:35.160+0000] {dagbag.py:539} INFO - Filling up the DagBag from /home/airflow/.local/lib/python3.8/site-packages/airflow/example_dags/example_sla_dag.py
[2023-10-02T08:57:35.165+0000] {processor.py:839} INFO - DAG(s) dict_keys(['example_sla_dag']) retrieved from /home/airflow/.local/lib/python3.8/site-packages/airflow/example_dags/example_sla_dag.py
[2023-10-02T08:57:35.175+0000] {logging_mixin.py:151} INFO - [2023-10-02T08:57:35.175+0000] {dag.py:2915} INFO - Sync 1 DAGs
[2023-10-02T08:57:35.189+0000] {logging_mixin.py:151} INFO - [2023-10-02T08:57:35.189+0000] {dag.py:3696} INFO - Setting next_dagrun for example_sla_dag to 2023-10-02T08:54:00+00:00, run_after=2023-10-02T08:56:00+00:00
[2023-10-02T08:57:35.198+0000] {processor.py:179} INFO - Processing /home/airflow/.local/lib/python3.8/site-packages/airflow/example_dags/example_sla_dag.py took 0.041 seconds
[2023-10-02T08:58:06.081+0000] {processor.py:157} INFO - Started process (PID=445) to work on /home/airflow/.local/lib/python3.8/site-packages/airflow/example_dags/example_sla_dag.py
[2023-10-02T08:58:06.081+0000] {processor.py:829} INFO - Processing file /home/airflow/.local/lib/python3.8/site-packages/airflow/example_dags/example_sla_dag.py for tasks to queue
[2023-10-02T08:58:06.082+0000] {logging_mixin.py:151} INFO - [2023-10-02T08:58:06.082+0000] {dagbag.py:539} INFO - Filling up the DagBag from /home/airflow/.local/lib/python3.8/site-packages/airflow/example_dags/example_sla_dag.py
[2023-10-02T08:58:06.087+0000] {processor.py:839} INFO - DAG(s) dict_keys(['example_sla_dag']) retrieved from /home/airflow/.local/lib/python3.8/site-packages/airflow/example_dags/example_sla_dag.py
[2023-10-02T08:58:06.096+0000] {logging_mixin.py:151} INFO - [2023-10-02T08:58:06.096+0000] {dag.py:2915} INFO - Sync 1 DAGs
[2023-10-02T08:58:06.107+0000] {logging_mixin.py:151} INFO - [2023-10-02T08:58:06.107+0000] {dag.py:3696} INFO - Setting next_dagrun for example_sla_dag to 2023-10-02T08:56:00+00:00, run_after=2023-10-02T08:58:00+00:00
[2023-10-02T08:58:06.114+0000] {processor.py:179} INFO - Processing /home/airflow/.local/lib/python3.8/site-packages/airflow/example_dags/example_sla_dag.py took 0.035 seconds
[2023-10-02T08:58:37.068+0000] {processor.py:157} INFO - Started process (PID=502) to work on /home/airflow/.local/lib/python3.8/site-packages/airflow/example_dags/example_sla_dag.py
[2023-10-02T08:58:37.068+0000] {processor.py:829} INFO - Processing file /home/airflow/.local/lib/python3.8/site-packages/airflow/example_dags/example_sla_dag.py for tasks to queue
[2023-10-02T08:58:37.070+0000] {logging_mixin.py:151} INFO - [2023-10-02T08:58:37.070+0000] {dagbag.py:539} INFO - Filling up the DagBag from /home/airflow/.local/lib/python3.8/site-packages/airflow/example_dags/example_sla_dag.py
[2023-10-02T08:58:37.077+0000] {processor.py:839} INFO - DAG(s) dict_keys(['example_sla_dag']) retrieved from /home/airflow/.local/lib/python3.8/site-packages/airflow/example_dags/example_sla_dag.py
[2023-10-02T08:58:37.093+0000] {logging_mixin.py:151} INFO - [2023-10-02T08:58:37.093+0000] {dag.py:2915} INFO - Sync 1 DAGs
[2023-10-02T08:58:37.106+0000] {logging_mixin.py:151} INFO - [2023-10-02T08:58:37.106+0000] {dag.py:3696} INFO - Setting next_dagrun for example_sla_dag to 2023-10-02T08:56:00+00:00, run_after=2023-10-02T08:58:00+00:00
[2023-10-02T08:58:37.113+0000] {processor.py:179} INFO - Processing /home/airflow/.local/lib/python3.8/site-packages/airflow/example_dags/example_sla_dag.py took 0.048 seconds
[2023-10-02T08:59:07.886+0000] {processor.py:157} INFO - Started process (PID=560) to work on /home/airflow/.local/lib/python3.8/site-packages/airflow/example_dags/example_sla_dag.py
[2023-10-02T08:59:07.886+0000] {processor.py:829} INFO - Processing file /home/airflow/.local/lib/python3.8/site-packages/airflow/example_dags/example_sla_dag.py for tasks to queue
[2023-10-02T08:59:07.888+0000] {logging_mixin.py:151} INFO - [2023-10-02T08:59:07.887+0000] {dagbag.py:539} INFO - Filling up the DagBag from /home/airflow/.local/lib/python3.8/site-packages/airflow/example_dags/example_sla_dag.py
[2023-10-02T08:59:07.892+0000] {processor.py:839} INFO - DAG(s) dict_keys(['example_sla_dag']) retrieved from /home/airflow/.local/lib/python3.8/site-packages/airflow/example_dags/example_sla_dag.py
[2023-10-02T08:59:07.902+0000] {logging_mixin.py:151} INFO - [2023-10-02T08:59:07.902+0000] {dag.py:2915} INFO - Sync 1 DAGs
[2023-10-02T08:59:07.913+0000] {logging_mixin.py:151} INFO - [2023-10-02T08:59:07.912+0000] {dag.py:3696} INFO - Setting next_dagrun for example_sla_dag to 2023-10-02T08:56:00+00:00, run_after=2023-10-02T08:58:00+00:00
[2023-10-02T08:59:07.919+0000] {processor.py:179} INFO - Processing /home/airflow/.local/lib/python3.8/site-packages/airflow/example_dags/example_sla_dag.py took 0.035 seconds
[2023-10-02T08:59:39.046+0000] {processor.py:157} INFO - Started process (PID=617) to work on /home/airflow/.local/lib/python3.8/site-packages/airflow/example_dags/example_sla_dag.py
[2023-10-02T08:59:39.047+0000] {processor.py:829} INFO - Processing file /home/airflow/.local/lib/python3.8/site-packages/airflow/example_dags/example_sla_dag.py for tasks to queue
[2023-10-02T08:59:39.048+0000] {logging_mixin.py:151} INFO - [2023-10-02T08:59:39.048+0000] {dagbag.py:539} INFO - Filling up the DagBag from /home/airflow/.local/lib/python3.8/site-packages/airflow/example_dags/example_sla_dag.py
[2023-10-02T08:59:39.053+0000] {processor.py:839} INFO - DAG(s) dict_keys(['example_sla_dag']) retrieved from /home/airflow/.local/lib/python3.8/site-packages/airflow/example_dags/example_sla_dag.py
[2023-10-02T08:59:39.064+0000] {logging_mixin.py:151} INFO - [2023-10-02T08:59:39.063+0000] {dag.py:2915} INFO - Sync 1 DAGs
[2023-10-02T08:59:39.077+0000] {logging_mixin.py:151} INFO - [2023-10-02T08:59:39.077+0000] {dag.py:3696} INFO - Setting next_dagrun for example_sla_dag to 2023-10-02T08:56:00+00:00, run_after=2023-10-02T08:58:00+00:00
[2023-10-02T08:59:39.085+0000] {processor.py:179} INFO - Processing /home/airflow/.local/lib/python3.8/site-packages/airflow/example_dags/example_sla_dag.py took 0.041 seconds
[2023-10-02T09:00:10.258+0000] {processor.py:157} INFO - Started process (PID=674) to work on /home/airflow/.local/lib/python3.8/site-packages/airflow/example_dags/example_sla_dag.py
[2023-10-02T09:00:10.258+0000] {processor.py:829} INFO - Processing file /home/airflow/.local/lib/python3.8/site-packages/airflow/example_dags/example_sla_dag.py for tasks to queue
[2023-10-02T09:00:10.259+0000] {logging_mixin.py:151} INFO - [2023-10-02T09:00:10.259+0000] {dagbag.py:539} INFO - Filling up the DagBag from /home/airflow/.local/lib/python3.8/site-packages/airflow/example_dags/example_sla_dag.py
[2023-10-02T09:00:10.264+0000] {processor.py:839} INFO - DAG(s) dict_keys(['example_sla_dag']) retrieved from /home/airflow/.local/lib/python3.8/site-packages/airflow/example_dags/example_sla_dag.py
[2023-10-02T09:00:10.274+0000] {logging_mixin.py:151} INFO - [2023-10-02T09:00:10.274+0000] {dag.py:2915} INFO - Sync 1 DAGs
[2023-10-02T09:00:10.285+0000] {logging_mixin.py:151} INFO - [2023-10-02T09:00:10.285+0000] {dag.py:3696} INFO - Setting next_dagrun for example_sla_dag to 2023-10-02T08:58:00+00:00, run_after=2023-10-02T09:00:00+00:00
[2023-10-02T09:00:10.293+0000] {processor.py:179} INFO - Processing /home/airflow/.local/lib/python3.8/site-packages/airflow/example_dags/example_sla_dag.py took 0.037 seconds
[2023-10-02T09:00:41.244+0000] {processor.py:157} INFO - Started process (PID=731) to work on /home/airflow/.local/lib/python3.8/site-packages/airflow/example_dags/example_sla_dag.py
[2023-10-02T09:00:41.245+0000] {processor.py:829} INFO - Processing file /home/airflow/.local/lib/python3.8/site-packages/airflow/example_dags/example_sla_dag.py for tasks to queue
[2023-10-02T09:00:41.246+0000] {logging_mixin.py:151} INFO - [2023-10-02T09:00:41.246+0000] {dagbag.py:539} INFO - Filling up the DagBag from /home/airflow/.local/lib/python3.8/site-packages/airflow/example_dags/example_sla_dag.py
[2023-10-02T09:00:41.251+0000] {processor.py:839} INFO - DAG(s) dict_keys(['example_sla_dag']) retrieved from /home/airflow/.local/lib/python3.8/site-packages/airflow/example_dags/example_sla_dag.py
[2023-10-02T09:00:41.261+0000] {logging_mixin.py:151} INFO - [2023-10-02T09:00:41.261+0000] {dag.py:2915} INFO - Sync 1 DAGs
[2023-10-02T09:00:41.272+0000] {logging_mixin.py:151} INFO - [2023-10-02T09:00:41.272+0000] {dag.py:3696} INFO - Setting next_dagrun for example_sla_dag to 2023-10-02T08:58:00+00:00, run_after=2023-10-02T09:00:00+00:00
[2023-10-02T09:00:41.279+0000] {processor.py:179} INFO - Processing /home/airflow/.local/lib/python3.8/site-packages/airflow/example_dags/example_sla_dag.py took 0.037 seconds
[2023-10-02T09:01:12.152+0000] {processor.py:157} INFO - Started process (PID=788) to work on /home/airflow/.local/lib/python3.8/site-packages/airflow/example_dags/example_sla_dag.py
[2023-10-02T09:01:12.152+0000] {processor.py:829} INFO - Processing file /home/airflow/.local/lib/python3.8/site-packages/airflow/example_dags/example_sla_dag.py for tasks to queue
[2023-10-02T09:01:12.154+0000] {logging_mixin.py:151} INFO - [2023-10-02T09:01:12.153+0000] {dagbag.py:539} INFO - Filling up the DagBag from /home/airflow/.local/lib/python3.8/site-packages/airflow/example_dags/example_sla_dag.py
[2023-10-02T09:01:12.159+0000] {processor.py:839} INFO - DAG(s) dict_keys(['example_sla_dag']) retrieved from /home/airflow/.local/lib/python3.8/site-packages/airflow/example_dags/example_sla_dag.py
[2023-10-02T09:01:12.169+0000] {logging_mixin.py:151} INFO - [2023-10-02T09:01:12.169+0000] {dag.py:2915} INFO - Sync 1 DAGs
[2023-10-02T09:01:12.180+0000] {logging_mixin.py:151} INFO - [2023-10-02T09:01:12.180+0000] {dag.py:3696} INFO - Setting next_dagrun for example_sla_dag to 2023-10-02T08:58:00+00:00, run_after=2023-10-02T09:00:00+00:00
[2023-10-02T09:01:12.187+0000] {processor.py:179} INFO - Processing /home/airflow/.local/lib/python3.8/site-packages/airflow/example_dags/example_sla_dag.py took 0.037 seconds
[2023-10-02T09:01:43.284+0000] {processor.py:157} INFO - Started process (PID=845) to work on /home/airflow/.local/lib/python3.8/site-packages/airflow/example_dags/example_sla_dag.py
[2023-10-02T09:01:43.285+0000] {processor.py:829} INFO - Processing file /home/airflow/.local/lib/python3.8/site-packages/airflow/example_dags/example_sla_dag.py for tasks to queue
[2023-10-02T09:01:43.286+0000] {logging_mixin.py:151} INFO - [2023-10-02T09:01:43.286+0000] {dagbag.py:539} INFO - Filling up the DagBag from /home/airflow/.local/lib/python3.8/site-packages/airflow/example_dags/example_sla_dag.py
[2023-10-02T09:01:43.291+0000] {processor.py:839} INFO - DAG(s) dict_keys(['example_sla_dag']) retrieved from /home/airflow/.local/lib/python3.8/site-packages/airflow/example_dags/example_sla_dag.py
[2023-10-02T09:01:43.301+0000] {logging_mixin.py:151} INFO - [2023-10-02T09:01:43.301+0000] {dag.py:2915} INFO - Sync 1 DAGs
[2023-10-02T09:01:43.312+0000] {logging_mixin.py:151} INFO - [2023-10-02T09:01:43.312+0000] {dag.py:3696} INFO - Setting next_dagrun for example_sla_dag to 2023-10-02T08:58:00+00:00, run_after=2023-10-02T09:00:00+00:00
[2023-10-02T09:01:43.319+0000] {processor.py:179} INFO - Processing /home/airflow/.local/lib/python3.8/site-packages/airflow/example_dags/example_sla_dag.py took 0.037 seconds
[2023-10-02T09:02:14.194+0000] {processor.py:157} INFO - Started process (PID=902) to work on /home/airflow/.local/lib/python3.8/site-packages/airflow/example_dags/example_sla_dag.py
[2023-10-02T09:02:14.195+0000] {processor.py:829} INFO - Processing file /home/airflow/.local/lib/python3.8/site-packages/airflow/example_dags/example_sla_dag.py for tasks to queue
[2023-10-02T09:02:14.196+0000] {logging_mixin.py:151} INFO - [2023-10-02T09:02:14.196+0000] {dagbag.py:539} INFO - Filling up the DagBag from /home/airflow/.local/lib/python3.8/site-packages/airflow/example_dags/example_sla_dag.py
[2023-10-02T09:02:14.201+0000] {processor.py:839} INFO - DAG(s) dict_keys(['example_sla_dag']) retrieved from /home/airflow/.local/lib/python3.8/site-packages/airflow/example_dags/example_sla_dag.py
[2023-10-02T09:02:14.211+0000] {logging_mixin.py:151} INFO - [2023-10-02T09:02:14.211+0000] {dag.py:2915} INFO - Sync 1 DAGs
[2023-10-02T09:02:14.222+0000] {logging_mixin.py:151} INFO - [2023-10-02T09:02:14.222+0000] {dag.py:3696} INFO - Setting next_dagrun for example_sla_dag to 2023-10-02T09:00:00+00:00, run_after=2023-10-02T09:02:00+00:00
[2023-10-02T09:02:14.230+0000] {processor.py:179} INFO - Processing /home/airflow/.local/lib/python3.8/site-packages/airflow/example_dags/example_sla_dag.py took 0.037 seconds
