[2023-10-02T08:54:31.333+0000] {processor.py:157} INFO - Started process (PID=67) to work on /home/airflow/.local/lib/python3.8/site-packages/airflow/example_dags/example_dag_decorator.py
[2023-10-02T08:54:31.335+0000] {processor.py:829} INFO - Processing file /home/airflow/.local/lib/python3.8/site-packages/airflow/example_dags/example_dag_decorator.py for tasks to queue
[2023-10-02T08:54:31.338+0000] {logging_mixin.py:151} INFO - [2023-10-02T08:54:31.338+0000] {dagbag.py:539} INFO - Filling up the DagBag from /home/airflow/.local/lib/python3.8/site-packages/airflow/example_dags/example_dag_decorator.py
[2023-10-02T08:54:31.468+0000] {processor.py:839} INFO - DAG(s) dict_keys(['example_dag_decorator']) retrieved from /home/airflow/.local/lib/python3.8/site-packages/airflow/example_dags/example_dag_decorator.py
[2023-10-02T08:54:31.483+0000] {logging_mixin.py:151} INFO - [2023-10-02T08:54:31.482+0000] {dag.py:2915} INFO - Sync 1 DAGs
[2023-10-02T08:54:31.505+0000] {logging_mixin.py:151} INFO - [2023-10-02T08:54:31.505+0000] {dag.py:3696} INFO - Setting next_dagrun for example_dag_decorator to None, run_after=None
[2023-10-02T08:54:31.519+0000] {processor.py:179} INFO - Processing /home/airflow/.local/lib/python3.8/site-packages/airflow/example_dags/example_dag_decorator.py took 0.193 seconds
[2023-10-02T08:55:01.934+0000] {processor.py:157} INFO - Started process (PID=124) to work on /home/airflow/.local/lib/python3.8/site-packages/airflow/example_dags/example_dag_decorator.py
[2023-10-02T08:55:01.934+0000] {processor.py:829} INFO - Processing file /home/airflow/.local/lib/python3.8/site-packages/airflow/example_dags/example_dag_decorator.py for tasks to queue
[2023-10-02T08:55:01.935+0000] {logging_mixin.py:151} INFO - [2023-10-02T08:55:01.935+0000] {dagbag.py:539} INFO - Filling up the DagBag from /home/airflow/.local/lib/python3.8/site-packages/airflow/example_dags/example_dag_decorator.py
[2023-10-02T08:55:01.973+0000] {processor.py:839} INFO - DAG(s) dict_keys(['example_dag_decorator']) retrieved from /home/airflow/.local/lib/python3.8/site-packages/airflow/example_dags/example_dag_decorator.py
[2023-10-02T08:55:02.041+0000] {logging_mixin.py:151} INFO - [2023-10-02T08:55:02.041+0000] {security.py:708} INFO - Not syncing DAG-level permissions for DAG 'DAG:example_dag_decorator' as access control is unset.
[2023-10-02T08:55:02.041+0000] {logging_mixin.py:151} INFO - [2023-10-02T08:55:02.041+0000] {dag.py:2915} INFO - Sync 1 DAGs
[2023-10-02T08:55:02.047+0000] {logging_mixin.py:151} INFO - [2023-10-02T08:55:02.047+0000] {dag.py:3696} INFO - Setting next_dagrun for example_dag_decorator to None, run_after=None
[2023-10-02T08:55:02.058+0000] {processor.py:179} INFO - Processing /home/airflow/.local/lib/python3.8/site-packages/airflow/example_dags/example_dag_decorator.py took 0.126 seconds
[2023-10-02T08:55:32.503+0000] {processor.py:157} INFO - Started process (PID=181) to work on /home/airflow/.local/lib/python3.8/site-packages/airflow/example_dags/example_dag_decorator.py
[2023-10-02T08:55:32.503+0000] {processor.py:829} INFO - Processing file /home/airflow/.local/lib/python3.8/site-packages/airflow/example_dags/example_dag_decorator.py for tasks to queue
[2023-10-02T08:55:32.505+0000] {logging_mixin.py:151} INFO - [2023-10-02T08:55:32.504+0000] {dagbag.py:539} INFO - Filling up the DagBag from /home/airflow/.local/lib/python3.8/site-packages/airflow/example_dags/example_dag_decorator.py
[2023-10-02T08:55:32.540+0000] {processor.py:839} INFO - DAG(s) dict_keys(['example_dag_decorator']) retrieved from /home/airflow/.local/lib/python3.8/site-packages/airflow/example_dags/example_dag_decorator.py
[2023-10-02T08:55:32.601+0000] {logging_mixin.py:151} INFO - [2023-10-02T08:55:32.601+0000] {security.py:708} INFO - Not syncing DAG-level permissions for DAG 'DAG:example_dag_decorator' as access control is unset.
[2023-10-02T08:55:32.601+0000] {logging_mixin.py:151} INFO - [2023-10-02T08:55:32.601+0000] {dag.py:2915} INFO - Sync 1 DAGs
[2023-10-02T08:55:32.608+0000] {logging_mixin.py:151} INFO - [2023-10-02T08:55:32.608+0000] {dag.py:3696} INFO - Setting next_dagrun for example_dag_decorator to None, run_after=None
[2023-10-02T08:55:32.619+0000] {processor.py:179} INFO - Processing /home/airflow/.local/lib/python3.8/site-packages/airflow/example_dags/example_dag_decorator.py took 0.118 seconds
[2023-10-02T08:56:02.898+0000] {processor.py:157} INFO - Started process (PID=239) to work on /home/airflow/.local/lib/python3.8/site-packages/airflow/example_dags/example_dag_decorator.py
[2023-10-02T08:56:02.899+0000] {processor.py:829} INFO - Processing file /home/airflow/.local/lib/python3.8/site-packages/airflow/example_dags/example_dag_decorator.py for tasks to queue
[2023-10-02T08:56:02.901+0000] {logging_mixin.py:151} INFO - [2023-10-02T08:56:02.900+0000] {dagbag.py:539} INFO - Filling up the DagBag from /home/airflow/.local/lib/python3.8/site-packages/airflow/example_dags/example_dag_decorator.py
[2023-10-02T08:56:02.941+0000] {processor.py:839} INFO - DAG(s) dict_keys(['example_dag_decorator']) retrieved from /home/airflow/.local/lib/python3.8/site-packages/airflow/example_dags/example_dag_decorator.py
[2023-10-02T08:56:03.003+0000] {logging_mixin.py:151} INFO - [2023-10-02T08:56:03.002+0000] {security.py:708} INFO - Not syncing DAG-level permissions for DAG 'DAG:example_dag_decorator' as access control is unset.
[2023-10-02T08:56:03.003+0000] {logging_mixin.py:151} INFO - [2023-10-02T08:56:03.003+0000] {dag.py:2915} INFO - Sync 1 DAGs
[2023-10-02T08:56:03.008+0000] {logging_mixin.py:151} INFO - [2023-10-02T08:56:03.007+0000] {dag.py:3696} INFO - Setting next_dagrun for example_dag_decorator to None, run_after=None
[2023-10-02T08:56:03.015+0000] {processor.py:179} INFO - Processing /home/airflow/.local/lib/python3.8/site-packages/airflow/example_dags/example_dag_decorator.py took 0.119 seconds
[2023-10-02T08:56:33.907+0000] {processor.py:157} INFO - Started process (PID=295) to work on /home/airflow/.local/lib/python3.8/site-packages/airflow/example_dags/example_dag_decorator.py
[2023-10-02T08:56:33.908+0000] {processor.py:829} INFO - Processing file /home/airflow/.local/lib/python3.8/site-packages/airflow/example_dags/example_dag_decorator.py for tasks to queue
[2023-10-02T08:56:33.909+0000] {logging_mixin.py:151} INFO - [2023-10-02T08:56:33.909+0000] {dagbag.py:539} INFO - Filling up the DagBag from /home/airflow/.local/lib/python3.8/site-packages/airflow/example_dags/example_dag_decorator.py
[2023-10-02T08:56:33.943+0000] {processor.py:839} INFO - DAG(s) dict_keys(['example_dag_decorator']) retrieved from /home/airflow/.local/lib/python3.8/site-packages/airflow/example_dags/example_dag_decorator.py
[2023-10-02T08:56:33.991+0000] {logging_mixin.py:151} INFO - [2023-10-02T08:56:33.991+0000] {security.py:708} INFO - Not syncing DAG-level permissions for DAG 'DAG:example_dag_decorator' as access control is unset.
[2023-10-02T08:56:33.991+0000] {logging_mixin.py:151} INFO - [2023-10-02T08:56:33.991+0000] {dag.py:2915} INFO - Sync 1 DAGs
[2023-10-02T08:56:33.996+0000] {logging_mixin.py:151} INFO - [2023-10-02T08:56:33.996+0000] {dag.py:3696} INFO - Setting next_dagrun for example_dag_decorator to None, run_after=None
[2023-10-02T08:56:34.003+0000] {processor.py:179} INFO - Processing /home/airflow/.local/lib/python3.8/site-packages/airflow/example_dags/example_dag_decorator.py took 0.098 seconds
[2023-10-02T08:57:04.799+0000] {processor.py:157} INFO - Started process (PID=352) to work on /home/airflow/.local/lib/python3.8/site-packages/airflow/example_dags/example_dag_decorator.py
[2023-10-02T08:57:04.800+0000] {processor.py:829} INFO - Processing file /home/airflow/.local/lib/python3.8/site-packages/airflow/example_dags/example_dag_decorator.py for tasks to queue
[2023-10-02T08:57:04.802+0000] {logging_mixin.py:151} INFO - [2023-10-02T08:57:04.802+0000] {dagbag.py:539} INFO - Filling up the DagBag from /home/airflow/.local/lib/python3.8/site-packages/airflow/example_dags/example_dag_decorator.py
[2023-10-02T08:57:04.835+0000] {processor.py:839} INFO - DAG(s) dict_keys(['example_dag_decorator']) retrieved from /home/airflow/.local/lib/python3.8/site-packages/airflow/example_dags/example_dag_decorator.py
[2023-10-02T08:57:04.893+0000] {logging_mixin.py:151} INFO - [2023-10-02T08:57:04.892+0000] {security.py:708} INFO - Not syncing DAG-level permissions for DAG 'DAG:example_dag_decorator' as access control is unset.
[2023-10-02T08:57:04.893+0000] {logging_mixin.py:151} INFO - [2023-10-02T08:57:04.893+0000] {dag.py:2915} INFO - Sync 1 DAGs
[2023-10-02T08:57:04.898+0000] {logging_mixin.py:151} INFO - [2023-10-02T08:57:04.898+0000] {dag.py:3696} INFO - Setting next_dagrun for example_dag_decorator to None, run_after=None
[2023-10-02T08:57:04.906+0000] {processor.py:179} INFO - Processing /home/airflow/.local/lib/python3.8/site-packages/airflow/example_dags/example_dag_decorator.py took 0.108 seconds
[2023-10-02T08:57:35.745+0000] {processor.py:157} INFO - Started process (PID=409) to work on /home/airflow/.local/lib/python3.8/site-packages/airflow/example_dags/example_dag_decorator.py
[2023-10-02T08:57:35.746+0000] {processor.py:829} INFO - Processing file /home/airflow/.local/lib/python3.8/site-packages/airflow/example_dags/example_dag_decorator.py for tasks to queue
[2023-10-02T08:57:35.748+0000] {logging_mixin.py:151} INFO - [2023-10-02T08:57:35.747+0000] {dagbag.py:539} INFO - Filling up the DagBag from /home/airflow/.local/lib/python3.8/site-packages/airflow/example_dags/example_dag_decorator.py
[2023-10-02T08:57:35.781+0000] {processor.py:839} INFO - DAG(s) dict_keys(['example_dag_decorator']) retrieved from /home/airflow/.local/lib/python3.8/site-packages/airflow/example_dags/example_dag_decorator.py
[2023-10-02T08:57:35.828+0000] {logging_mixin.py:151} INFO - [2023-10-02T08:57:35.828+0000] {security.py:708} INFO - Not syncing DAG-level permissions for DAG 'DAG:example_dag_decorator' as access control is unset.
[2023-10-02T08:57:35.828+0000] {logging_mixin.py:151} INFO - [2023-10-02T08:57:35.828+0000] {dag.py:2915} INFO - Sync 1 DAGs
[2023-10-02T08:57:35.833+0000] {logging_mixin.py:151} INFO - [2023-10-02T08:57:35.833+0000] {dag.py:3696} INFO - Setting next_dagrun for example_dag_decorator to None, run_after=None
[2023-10-02T08:57:35.841+0000] {processor.py:179} INFO - Processing /home/airflow/.local/lib/python3.8/site-packages/airflow/example_dags/example_dag_decorator.py took 0.097 seconds
[2023-10-02T08:58:06.656+0000] {processor.py:157} INFO - Started process (PID=466) to work on /home/airflow/.local/lib/python3.8/site-packages/airflow/example_dags/example_dag_decorator.py
[2023-10-02T08:58:06.656+0000] {processor.py:829} INFO - Processing file /home/airflow/.local/lib/python3.8/site-packages/airflow/example_dags/example_dag_decorator.py for tasks to queue
[2023-10-02T08:58:06.658+0000] {logging_mixin.py:151} INFO - [2023-10-02T08:58:06.658+0000] {dagbag.py:539} INFO - Filling up the DagBag from /home/airflow/.local/lib/python3.8/site-packages/airflow/example_dags/example_dag_decorator.py
[2023-10-02T08:58:06.715+0000] {processor.py:839} INFO - DAG(s) dict_keys(['example_dag_decorator']) retrieved from /home/airflow/.local/lib/python3.8/site-packages/airflow/example_dags/example_dag_decorator.py
[2023-10-02T08:58:06.765+0000] {logging_mixin.py:151} INFO - [2023-10-02T08:58:06.765+0000] {security.py:708} INFO - Not syncing DAG-level permissions for DAG 'DAG:example_dag_decorator' as access control is unset.
[2023-10-02T08:58:06.765+0000] {logging_mixin.py:151} INFO - [2023-10-02T08:58:06.765+0000] {dag.py:2915} INFO - Sync 1 DAGs
[2023-10-02T08:58:06.770+0000] {logging_mixin.py:151} INFO - [2023-10-02T08:58:06.770+0000] {dag.py:3696} INFO - Setting next_dagrun for example_dag_decorator to None, run_after=None
[2023-10-02T08:58:06.778+0000] {processor.py:179} INFO - Processing /home/airflow/.local/lib/python3.8/site-packages/airflow/example_dags/example_dag_decorator.py took 0.125 seconds
[2023-10-02T08:58:37.661+0000] {processor.py:157} INFO - Started process (PID=523) to work on /home/airflow/.local/lib/python3.8/site-packages/airflow/example_dags/example_dag_decorator.py
[2023-10-02T08:58:37.662+0000] {processor.py:829} INFO - Processing file /home/airflow/.local/lib/python3.8/site-packages/airflow/example_dags/example_dag_decorator.py for tasks to queue
[2023-10-02T08:58:37.663+0000] {logging_mixin.py:151} INFO - [2023-10-02T08:58:37.663+0000] {dagbag.py:539} INFO - Filling up the DagBag from /home/airflow/.local/lib/python3.8/site-packages/airflow/example_dags/example_dag_decorator.py
[2023-10-02T08:58:37.698+0000] {processor.py:839} INFO - DAG(s) dict_keys(['example_dag_decorator']) retrieved from /home/airflow/.local/lib/python3.8/site-packages/airflow/example_dags/example_dag_decorator.py
[2023-10-02T08:58:37.746+0000] {logging_mixin.py:151} INFO - [2023-10-02T08:58:37.746+0000] {security.py:708} INFO - Not syncing DAG-level permissions for DAG 'DAG:example_dag_decorator' as access control is unset.
[2023-10-02T08:58:37.746+0000] {logging_mixin.py:151} INFO - [2023-10-02T08:58:37.746+0000] {dag.py:2915} INFO - Sync 1 DAGs
[2023-10-02T08:58:37.750+0000] {logging_mixin.py:151} INFO - [2023-10-02T08:58:37.750+0000] {dag.py:3696} INFO - Setting next_dagrun for example_dag_decorator to None, run_after=None
[2023-10-02T08:58:37.758+0000] {processor.py:179} INFO - Processing /home/airflow/.local/lib/python3.8/site-packages/airflow/example_dags/example_dag_decorator.py took 0.098 seconds
[2023-10-02T08:59:08.469+0000] {processor.py:157} INFO - Started process (PID=581) to work on /home/airflow/.local/lib/python3.8/site-packages/airflow/example_dags/example_dag_decorator.py
[2023-10-02T08:59:08.470+0000] {processor.py:829} INFO - Processing file /home/airflow/.local/lib/python3.8/site-packages/airflow/example_dags/example_dag_decorator.py for tasks to queue
[2023-10-02T08:59:08.472+0000] {logging_mixin.py:151} INFO - [2023-10-02T08:59:08.472+0000] {dagbag.py:539} INFO - Filling up the DagBag from /home/airflow/.local/lib/python3.8/site-packages/airflow/example_dags/example_dag_decorator.py
[2023-10-02T08:59:08.507+0000] {processor.py:839} INFO - DAG(s) dict_keys(['example_dag_decorator']) retrieved from /home/airflow/.local/lib/python3.8/site-packages/airflow/example_dags/example_dag_decorator.py
[2023-10-02T08:59:08.557+0000] {logging_mixin.py:151} INFO - [2023-10-02T08:59:08.557+0000] {security.py:708} INFO - Not syncing DAG-level permissions for DAG 'DAG:example_dag_decorator' as access control is unset.
[2023-10-02T08:59:08.557+0000] {logging_mixin.py:151} INFO - [2023-10-02T08:59:08.557+0000] {dag.py:2915} INFO - Sync 1 DAGs
[2023-10-02T08:59:08.562+0000] {logging_mixin.py:151} INFO - [2023-10-02T08:59:08.562+0000] {dag.py:3696} INFO - Setting next_dagrun for example_dag_decorator to None, run_after=None
[2023-10-02T08:59:08.570+0000] {processor.py:179} INFO - Processing /home/airflow/.local/lib/python3.8/site-packages/airflow/example_dags/example_dag_decorator.py took 0.102 seconds
[2023-10-02T08:59:39.758+0000] {processor.py:157} INFO - Started process (PID=638) to work on /home/airflow/.local/lib/python3.8/site-packages/airflow/example_dags/example_dag_decorator.py
[2023-10-02T08:59:39.759+0000] {processor.py:829} INFO - Processing file /home/airflow/.local/lib/python3.8/site-packages/airflow/example_dags/example_dag_decorator.py for tasks to queue
[2023-10-02T08:59:39.761+0000] {logging_mixin.py:151} INFO - [2023-10-02T08:59:39.761+0000] {dagbag.py:539} INFO - Filling up the DagBag from /home/airflow/.local/lib/python3.8/site-packages/airflow/example_dags/example_dag_decorator.py
[2023-10-02T08:59:39.813+0000] {processor.py:839} INFO - DAG(s) dict_keys(['example_dag_decorator']) retrieved from /home/airflow/.local/lib/python3.8/site-packages/airflow/example_dags/example_dag_decorator.py
[2023-10-02T08:59:39.875+0000] {logging_mixin.py:151} INFO - [2023-10-02T08:59:39.875+0000] {security.py:708} INFO - Not syncing DAG-level permissions for DAG 'DAG:example_dag_decorator' as access control is unset.
[2023-10-02T08:59:39.876+0000] {logging_mixin.py:151} INFO - [2023-10-02T08:59:39.876+0000] {dag.py:2915} INFO - Sync 1 DAGs
[2023-10-02T08:59:39.883+0000] {logging_mixin.py:151} INFO - [2023-10-02T08:59:39.883+0000] {dag.py:3696} INFO - Setting next_dagrun for example_dag_decorator to None, run_after=None
[2023-10-02T08:59:39.893+0000] {processor.py:179} INFO - Processing /home/airflow/.local/lib/python3.8/site-packages/airflow/example_dags/example_dag_decorator.py took 0.138 seconds
[2023-10-02T09:00:10.850+0000] {processor.py:157} INFO - Started process (PID=695) to work on /home/airflow/.local/lib/python3.8/site-packages/airflow/example_dags/example_dag_decorator.py
[2023-10-02T09:00:10.851+0000] {processor.py:829} INFO - Processing file /home/airflow/.local/lib/python3.8/site-packages/airflow/example_dags/example_dag_decorator.py for tasks to queue
[2023-10-02T09:00:10.852+0000] {logging_mixin.py:151} INFO - [2023-10-02T09:00:10.852+0000] {dagbag.py:539} INFO - Filling up the DagBag from /home/airflow/.local/lib/python3.8/site-packages/airflow/example_dags/example_dag_decorator.py
[2023-10-02T09:00:10.886+0000] {processor.py:839} INFO - DAG(s) dict_keys(['example_dag_decorator']) retrieved from /home/airflow/.local/lib/python3.8/site-packages/airflow/example_dags/example_dag_decorator.py
[2023-10-02T09:00:10.934+0000] {logging_mixin.py:151} INFO - [2023-10-02T09:00:10.934+0000] {security.py:708} INFO - Not syncing DAG-level permissions for DAG 'DAG:example_dag_decorator' as access control is unset.
[2023-10-02T09:00:10.935+0000] {logging_mixin.py:151} INFO - [2023-10-02T09:00:10.934+0000] {dag.py:2915} INFO - Sync 1 DAGs
[2023-10-02T09:00:10.940+0000] {logging_mixin.py:151} INFO - [2023-10-02T09:00:10.940+0000] {dag.py:3696} INFO - Setting next_dagrun for example_dag_decorator to None, run_after=None
[2023-10-02T09:00:10.948+0000] {processor.py:179} INFO - Processing /home/airflow/.local/lib/python3.8/site-packages/airflow/example_dags/example_dag_decorator.py took 0.100 seconds
[2023-10-02T09:00:41.829+0000] {processor.py:157} INFO - Started process (PID=752) to work on /home/airflow/.local/lib/python3.8/site-packages/airflow/example_dags/example_dag_decorator.py
[2023-10-02T09:00:41.829+0000] {processor.py:829} INFO - Processing file /home/airflow/.local/lib/python3.8/site-packages/airflow/example_dags/example_dag_decorator.py for tasks to queue
[2023-10-02T09:00:41.831+0000] {logging_mixin.py:151} INFO - [2023-10-02T09:00:41.831+0000] {dagbag.py:539} INFO - Filling up the DagBag from /home/airflow/.local/lib/python3.8/site-packages/airflow/example_dags/example_dag_decorator.py
[2023-10-02T09:00:41.865+0000] {processor.py:839} INFO - DAG(s) dict_keys(['example_dag_decorator']) retrieved from /home/airflow/.local/lib/python3.8/site-packages/airflow/example_dags/example_dag_decorator.py
[2023-10-02T09:00:41.916+0000] {logging_mixin.py:151} INFO - [2023-10-02T09:00:41.916+0000] {security.py:708} INFO - Not syncing DAG-level permissions for DAG 'DAG:example_dag_decorator' as access control is unset.
[2023-10-02T09:00:41.916+0000] {logging_mixin.py:151} INFO - [2023-10-02T09:00:41.916+0000] {dag.py:2915} INFO - Sync 1 DAGs
[2023-10-02T09:00:41.921+0000] {logging_mixin.py:151} INFO - [2023-10-02T09:00:41.921+0000] {dag.py:3696} INFO - Setting next_dagrun for example_dag_decorator to None, run_after=None
[2023-10-02T09:00:41.928+0000] {processor.py:179} INFO - Processing /home/airflow/.local/lib/python3.8/site-packages/airflow/example_dags/example_dag_decorator.py took 0.101 seconds
[2023-10-02T09:01:12.711+0000] {processor.py:157} INFO - Started process (PID=809) to work on /home/airflow/.local/lib/python3.8/site-packages/airflow/example_dags/example_dag_decorator.py
[2023-10-02T09:01:12.711+0000] {processor.py:829} INFO - Processing file /home/airflow/.local/lib/python3.8/site-packages/airflow/example_dags/example_dag_decorator.py for tasks to queue
[2023-10-02T09:01:12.713+0000] {logging_mixin.py:151} INFO - [2023-10-02T09:01:12.712+0000] {dagbag.py:539} INFO - Filling up the DagBag from /home/airflow/.local/lib/python3.8/site-packages/airflow/example_dags/example_dag_decorator.py
[2023-10-02T09:01:12.747+0000] {processor.py:839} INFO - DAG(s) dict_keys(['example_dag_decorator']) retrieved from /home/airflow/.local/lib/python3.8/site-packages/airflow/example_dags/example_dag_decorator.py
[2023-10-02T09:01:12.796+0000] {logging_mixin.py:151} INFO - [2023-10-02T09:01:12.796+0000] {security.py:708} INFO - Not syncing DAG-level permissions for DAG 'DAG:example_dag_decorator' as access control is unset.
[2023-10-02T09:01:12.796+0000] {logging_mixin.py:151} INFO - [2023-10-02T09:01:12.796+0000] {dag.py:2915} INFO - Sync 1 DAGs
[2023-10-02T09:01:12.801+0000] {logging_mixin.py:151} INFO - [2023-10-02T09:01:12.801+0000] {dag.py:3696} INFO - Setting next_dagrun for example_dag_decorator to None, run_after=None
[2023-10-02T09:01:12.810+0000] {processor.py:179} INFO - Processing /home/airflow/.local/lib/python3.8/site-packages/airflow/example_dags/example_dag_decorator.py took 0.101 seconds
[2023-10-02T09:01:43.854+0000] {processor.py:157} INFO - Started process (PID=866) to work on /home/airflow/.local/lib/python3.8/site-packages/airflow/example_dags/example_dag_decorator.py
[2023-10-02T09:01:43.854+0000] {processor.py:829} INFO - Processing file /home/airflow/.local/lib/python3.8/site-packages/airflow/example_dags/example_dag_decorator.py for tasks to queue
[2023-10-02T09:01:43.855+0000] {logging_mixin.py:151} INFO - [2023-10-02T09:01:43.855+0000] {dagbag.py:539} INFO - Filling up the DagBag from /home/airflow/.local/lib/python3.8/site-packages/airflow/example_dags/example_dag_decorator.py
[2023-10-02T09:01:43.890+0000] {processor.py:839} INFO - DAG(s) dict_keys(['example_dag_decorator']) retrieved from /home/airflow/.local/lib/python3.8/site-packages/airflow/example_dags/example_dag_decorator.py
[2023-10-02T09:01:43.939+0000] {logging_mixin.py:151} INFO - [2023-10-02T09:01:43.939+0000] {security.py:708} INFO - Not syncing DAG-level permissions for DAG 'DAG:example_dag_decorator' as access control is unset.
[2023-10-02T09:01:43.939+0000] {logging_mixin.py:151} INFO - [2023-10-02T09:01:43.939+0000] {dag.py:2915} INFO - Sync 1 DAGs
[2023-10-02T09:01:43.943+0000] {logging_mixin.py:151} INFO - [2023-10-02T09:01:43.943+0000] {dag.py:3696} INFO - Setting next_dagrun for example_dag_decorator to None, run_after=None
[2023-10-02T09:01:43.951+0000] {processor.py:179} INFO - Processing /home/airflow/.local/lib/python3.8/site-packages/airflow/example_dags/example_dag_decorator.py took 0.100 seconds
[2023-10-02T09:02:14.737+0000] {processor.py:157} INFO - Started process (PID=923) to work on /home/airflow/.local/lib/python3.8/site-packages/airflow/example_dags/example_dag_decorator.py
[2023-10-02T09:02:14.737+0000] {processor.py:829} INFO - Processing file /home/airflow/.local/lib/python3.8/site-packages/airflow/example_dags/example_dag_decorator.py for tasks to queue
[2023-10-02T09:02:14.738+0000] {logging_mixin.py:151} INFO - [2023-10-02T09:02:14.738+0000] {dagbag.py:539} INFO - Filling up the DagBag from /home/airflow/.local/lib/python3.8/site-packages/airflow/example_dags/example_dag_decorator.py
[2023-10-02T09:02:14.773+0000] {processor.py:839} INFO - DAG(s) dict_keys(['example_dag_decorator']) retrieved from /home/airflow/.local/lib/python3.8/site-packages/airflow/example_dags/example_dag_decorator.py
[2023-10-02T09:02:14.832+0000] {logging_mixin.py:151} INFO - [2023-10-02T09:02:14.832+0000] {security.py:708} INFO - Not syncing DAG-level permissions for DAG 'DAG:example_dag_decorator' as access control is unset.
[2023-10-02T09:02:14.832+0000] {logging_mixin.py:151} INFO - [2023-10-02T09:02:14.832+0000] {dag.py:2915} INFO - Sync 1 DAGs
[2023-10-02T09:02:14.838+0000] {logging_mixin.py:151} INFO - [2023-10-02T09:02:14.837+0000] {dag.py:3696} INFO - Setting next_dagrun for example_dag_decorator to None, run_after=None
[2023-10-02T09:02:14.845+0000] {processor.py:179} INFO - Processing /home/airflow/.local/lib/python3.8/site-packages/airflow/example_dags/example_dag_decorator.py took 0.111 seconds
