[2023-10-02T08:54:31.300+0000] {processor.py:157} INFO - Started process (PID=66) to work on /home/airflow/.local/lib/python3.8/site-packages/airflow/example_dags/example_setup_teardown_taskflow.py
[2023-10-02T08:54:31.301+0000] {processor.py:829} INFO - Processing file /home/airflow/.local/lib/python3.8/site-packages/airflow/example_dags/example_setup_teardown_taskflow.py for tasks to queue
[2023-10-02T08:54:31.303+0000] {logging_mixin.py:151} INFO - [2023-10-02T08:54:31.303+0000] {dagbag.py:539} INFO - Filling up the DagBag from /home/airflow/.local/lib/python3.8/site-packages/airflow/example_dags/example_setup_teardown_taskflow.py
[2023-10-02T08:54:31.336+0000] {processor.py:839} INFO - DAG(s) dict_keys(['example_setup_teardown_taskflow']) retrieved from /home/airflow/.local/lib/python3.8/site-packages/airflow/example_dags/example_setup_teardown_taskflow.py
[2023-10-02T08:54:31.350+0000] {logging_mixin.py:151} INFO - [2023-10-02T08:54:31.350+0000] {dag.py:2915} INFO - Sync 1 DAGs
[2023-10-02T08:54:31.376+0000] {logging_mixin.py:151} INFO - [2023-10-02T08:54:31.376+0000] {dag.py:3696} INFO - Setting next_dagrun for example_setup_teardown_taskflow to 2023-10-01T08:54:31.375797+00:00, run_after=2023-10-02T08:54:31.375797+00:00
[2023-10-02T08:54:31.387+0000] {processor.py:179} INFO - Processing /home/airflow/.local/lib/python3.8/site-packages/airflow/example_dags/example_setup_teardown_taskflow.py took 0.089 seconds
[2023-10-02T08:55:01.891+0000] {processor.py:157} INFO - Started process (PID=123) to work on /home/airflow/.local/lib/python3.8/site-packages/airflow/example_dags/example_setup_teardown_taskflow.py
[2023-10-02T08:55:01.891+0000] {processor.py:829} INFO - Processing file /home/airflow/.local/lib/python3.8/site-packages/airflow/example_dags/example_setup_teardown_taskflow.py for tasks to queue
[2023-10-02T08:55:01.893+0000] {logging_mixin.py:151} INFO - [2023-10-02T08:55:01.893+0000] {dagbag.py:539} INFO - Filling up the DagBag from /home/airflow/.local/lib/python3.8/site-packages/airflow/example_dags/example_setup_teardown_taskflow.py
[2023-10-02T08:55:01.898+0000] {processor.py:839} INFO - DAG(s) dict_keys(['example_setup_teardown_taskflow']) retrieved from /home/airflow/.local/lib/python3.8/site-packages/airflow/example_dags/example_setup_teardown_taskflow.py
[2023-10-02T08:55:01.908+0000] {logging_mixin.py:151} INFO - [2023-10-02T08:55:01.908+0000] {dag.py:2915} INFO - Sync 1 DAGs
[2023-10-02T08:55:01.917+0000] {logging_mixin.py:151} INFO - [2023-10-02T08:55:01.917+0000] {dag.py:3696} INFO - Setting next_dagrun for example_setup_teardown_taskflow to 2023-10-01T08:55:01.917750+00:00, run_after=2023-10-02T08:55:01.917750+00:00
[2023-10-02T08:55:01.925+0000] {processor.py:179} INFO - Processing /home/airflow/.local/lib/python3.8/site-packages/airflow/example_dags/example_setup_teardown_taskflow.py took 0.036 seconds
[2023-10-02T08:55:32.461+0000] {processor.py:157} INFO - Started process (PID=180) to work on /home/airflow/.local/lib/python3.8/site-packages/airflow/example_dags/example_setup_teardown_taskflow.py
[2023-10-02T08:55:32.462+0000] {processor.py:829} INFO - Processing file /home/airflow/.local/lib/python3.8/site-packages/airflow/example_dags/example_setup_teardown_taskflow.py for tasks to queue
[2023-10-02T08:55:32.463+0000] {logging_mixin.py:151} INFO - [2023-10-02T08:55:32.463+0000] {dagbag.py:539} INFO - Filling up the DagBag from /home/airflow/.local/lib/python3.8/site-packages/airflow/example_dags/example_setup_teardown_taskflow.py
[2023-10-02T08:55:32.468+0000] {processor.py:839} INFO - DAG(s) dict_keys(['example_setup_teardown_taskflow']) retrieved from /home/airflow/.local/lib/python3.8/site-packages/airflow/example_dags/example_setup_teardown_taskflow.py
[2023-10-02T08:55:32.479+0000] {logging_mixin.py:151} INFO - [2023-10-02T08:55:32.479+0000] {dag.py:2915} INFO - Sync 1 DAGs
[2023-10-02T08:55:32.490+0000] {logging_mixin.py:151} INFO - [2023-10-02T08:55:32.490+0000] {dag.py:3696} INFO - Setting next_dagrun for example_setup_teardown_taskflow to 2023-10-01T08:55:32.489898+00:00, run_after=2023-10-02T08:55:32.489898+00:00
[2023-10-02T08:55:32.498+0000] {processor.py:179} INFO - Processing /home/airflow/.local/lib/python3.8/site-packages/airflow/example_dags/example_setup_teardown_taskflow.py took 0.039 seconds
[2023-10-02T08:56:02.851+0000] {processor.py:157} INFO - Started process (PID=237) to work on /home/airflow/.local/lib/python3.8/site-packages/airflow/example_dags/example_setup_teardown_taskflow.py
[2023-10-02T08:56:02.851+0000] {processor.py:829} INFO - Processing file /home/airflow/.local/lib/python3.8/site-packages/airflow/example_dags/example_setup_teardown_taskflow.py for tasks to queue
[2023-10-02T08:56:02.852+0000] {logging_mixin.py:151} INFO - [2023-10-02T08:56:02.852+0000] {dagbag.py:539} INFO - Filling up the DagBag from /home/airflow/.local/lib/python3.8/site-packages/airflow/example_dags/example_setup_teardown_taskflow.py
[2023-10-02T08:56:02.858+0000] {processor.py:839} INFO - DAG(s) dict_keys(['example_setup_teardown_taskflow']) retrieved from /home/airflow/.local/lib/python3.8/site-packages/airflow/example_dags/example_setup_teardown_taskflow.py
[2023-10-02T08:56:02.868+0000] {logging_mixin.py:151} INFO - [2023-10-02T08:56:02.868+0000] {dag.py:2915} INFO - Sync 1 DAGs
[2023-10-02T08:56:02.878+0000] {logging_mixin.py:151} INFO - [2023-10-02T08:56:02.878+0000] {dag.py:3696} INFO - Setting next_dagrun for example_setup_teardown_taskflow to 2023-10-01T08:56:02.878490+00:00, run_after=2023-10-02T08:56:02.878490+00:00
[2023-10-02T08:56:02.886+0000] {processor.py:179} INFO - Processing /home/airflow/.local/lib/python3.8/site-packages/airflow/example_dags/example_setup_teardown_taskflow.py took 0.038 seconds
[2023-10-02T08:56:33.896+0000] {processor.py:157} INFO - Started process (PID=294) to work on /home/airflow/.local/lib/python3.8/site-packages/airflow/example_dags/example_setup_teardown_taskflow.py
[2023-10-02T08:56:33.897+0000] {processor.py:829} INFO - Processing file /home/airflow/.local/lib/python3.8/site-packages/airflow/example_dags/example_setup_teardown_taskflow.py for tasks to queue
[2023-10-02T08:56:33.898+0000] {logging_mixin.py:151} INFO - [2023-10-02T08:56:33.898+0000] {dagbag.py:539} INFO - Filling up the DagBag from /home/airflow/.local/lib/python3.8/site-packages/airflow/example_dags/example_setup_teardown_taskflow.py
[2023-10-02T08:56:33.903+0000] {processor.py:839} INFO - DAG(s) dict_keys(['example_setup_teardown_taskflow']) retrieved from /home/airflow/.local/lib/python3.8/site-packages/airflow/example_dags/example_setup_teardown_taskflow.py
[2023-10-02T08:56:33.914+0000] {logging_mixin.py:151} INFO - [2023-10-02T08:56:33.914+0000] {dag.py:2915} INFO - Sync 1 DAGs
[2023-10-02T08:56:33.923+0000] {logging_mixin.py:151} INFO - [2023-10-02T08:56:33.923+0000] {dag.py:3696} INFO - Setting next_dagrun for example_setup_teardown_taskflow to 2023-10-01T08:56:33.923379+00:00, run_after=2023-10-02T08:56:33.923379+00:00
[2023-10-02T08:56:33.930+0000] {processor.py:179} INFO - Processing /home/airflow/.local/lib/python3.8/site-packages/airflow/example_dags/example_setup_teardown_taskflow.py took 0.036 seconds
[2023-10-02T08:57:04.797+0000] {processor.py:157} INFO - Started process (PID=351) to work on /home/airflow/.local/lib/python3.8/site-packages/airflow/example_dags/example_setup_teardown_taskflow.py
[2023-10-02T08:57:04.798+0000] {processor.py:829} INFO - Processing file /home/airflow/.local/lib/python3.8/site-packages/airflow/example_dags/example_setup_teardown_taskflow.py for tasks to queue
[2023-10-02T08:57:04.799+0000] {logging_mixin.py:151} INFO - [2023-10-02T08:57:04.799+0000] {dagbag.py:539} INFO - Filling up the DagBag from /home/airflow/.local/lib/python3.8/site-packages/airflow/example_dags/example_setup_teardown_taskflow.py
[2023-10-02T08:57:04.804+0000] {processor.py:839} INFO - DAG(s) dict_keys(['example_setup_teardown_taskflow']) retrieved from /home/airflow/.local/lib/python3.8/site-packages/airflow/example_dags/example_setup_teardown_taskflow.py
[2023-10-02T08:57:04.814+0000] {logging_mixin.py:151} INFO - [2023-10-02T08:57:04.814+0000] {dag.py:2915} INFO - Sync 1 DAGs
[2023-10-02T08:57:04.823+0000] {logging_mixin.py:151} INFO - [2023-10-02T08:57:04.823+0000] {dag.py:3696} INFO - Setting next_dagrun for example_setup_teardown_taskflow to 2023-10-01T08:57:04.823675+00:00, run_after=2023-10-02T08:57:04.823675+00:00
[2023-10-02T08:57:04.831+0000] {processor.py:179} INFO - Processing /home/airflow/.local/lib/python3.8/site-packages/airflow/example_dags/example_setup_teardown_taskflow.py took 0.036 seconds
[2023-10-02T08:57:35.743+0000] {processor.py:157} INFO - Started process (PID=408) to work on /home/airflow/.local/lib/python3.8/site-packages/airflow/example_dags/example_setup_teardown_taskflow.py
[2023-10-02T08:57:35.744+0000] {processor.py:829} INFO - Processing file /home/airflow/.local/lib/python3.8/site-packages/airflow/example_dags/example_setup_teardown_taskflow.py for tasks to queue
[2023-10-02T08:57:35.745+0000] {logging_mixin.py:151} INFO - [2023-10-02T08:57:35.745+0000] {dagbag.py:539} INFO - Filling up the DagBag from /home/airflow/.local/lib/python3.8/site-packages/airflow/example_dags/example_setup_teardown_taskflow.py
[2023-10-02T08:57:35.750+0000] {processor.py:839} INFO - DAG(s) dict_keys(['example_setup_teardown_taskflow']) retrieved from /home/airflow/.local/lib/python3.8/site-packages/airflow/example_dags/example_setup_teardown_taskflow.py
[2023-10-02T08:57:35.761+0000] {logging_mixin.py:151} INFO - [2023-10-02T08:57:35.761+0000] {dag.py:2915} INFO - Sync 1 DAGs
[2023-10-02T08:57:35.770+0000] {logging_mixin.py:151} INFO - [2023-10-02T08:57:35.770+0000] {dag.py:3696} INFO - Setting next_dagrun for example_setup_teardown_taskflow to 2023-10-01T08:57:35.770074+00:00, run_after=2023-10-02T08:57:35.770074+00:00
[2023-10-02T08:57:35.777+0000] {processor.py:179} INFO - Processing /home/airflow/.local/lib/python3.8/site-packages/airflow/example_dags/example_setup_teardown_taskflow.py took 0.036 seconds
[2023-10-02T08:58:06.642+0000] {processor.py:157} INFO - Started process (PID=465) to work on /home/airflow/.local/lib/python3.8/site-packages/airflow/example_dags/example_setup_teardown_taskflow.py
[2023-10-02T08:58:06.643+0000] {processor.py:829} INFO - Processing file /home/airflow/.local/lib/python3.8/site-packages/airflow/example_dags/example_setup_teardown_taskflow.py for tasks to queue
[2023-10-02T08:58:06.644+0000] {logging_mixin.py:151} INFO - [2023-10-02T08:58:06.644+0000] {dagbag.py:539} INFO - Filling up the DagBag from /home/airflow/.local/lib/python3.8/site-packages/airflow/example_dags/example_setup_teardown_taskflow.py
[2023-10-02T08:58:06.650+0000] {processor.py:839} INFO - DAG(s) dict_keys(['example_setup_teardown_taskflow']) retrieved from /home/airflow/.local/lib/python3.8/site-packages/airflow/example_dags/example_setup_teardown_taskflow.py
[2023-10-02T08:58:06.666+0000] {logging_mixin.py:151} INFO - [2023-10-02T08:58:06.665+0000] {dag.py:2915} INFO - Sync 1 DAGs
[2023-10-02T08:58:06.683+0000] {logging_mixin.py:151} INFO - [2023-10-02T08:58:06.683+0000] {dag.py:3696} INFO - Setting next_dagrun for example_setup_teardown_taskflow to 2023-10-01T08:58:06.683248+00:00, run_after=2023-10-02T08:58:06.683248+00:00
[2023-10-02T08:58:06.697+0000] {processor.py:179} INFO - Processing /home/airflow/.local/lib/python3.8/site-packages/airflow/example_dags/example_setup_teardown_taskflow.py took 0.058 seconds
[2023-10-02T08:58:37.650+0000] {processor.py:157} INFO - Started process (PID=522) to work on /home/airflow/.local/lib/python3.8/site-packages/airflow/example_dags/example_setup_teardown_taskflow.py
[2023-10-02T08:58:37.650+0000] {processor.py:829} INFO - Processing file /home/airflow/.local/lib/python3.8/site-packages/airflow/example_dags/example_setup_teardown_taskflow.py for tasks to queue
[2023-10-02T08:58:37.652+0000] {logging_mixin.py:151} INFO - [2023-10-02T08:58:37.652+0000] {dagbag.py:539} INFO - Filling up the DagBag from /home/airflow/.local/lib/python3.8/site-packages/airflow/example_dags/example_setup_teardown_taskflow.py
[2023-10-02T08:58:37.657+0000] {processor.py:839} INFO - DAG(s) dict_keys(['example_setup_teardown_taskflow']) retrieved from /home/airflow/.local/lib/python3.8/site-packages/airflow/example_dags/example_setup_teardown_taskflow.py
[2023-10-02T08:58:37.667+0000] {logging_mixin.py:151} INFO - [2023-10-02T08:58:37.667+0000] {dag.py:2915} INFO - Sync 1 DAGs
[2023-10-02T08:58:37.677+0000] {logging_mixin.py:151} INFO - [2023-10-02T08:58:37.677+0000] {dag.py:3696} INFO - Setting next_dagrun for example_setup_teardown_taskflow to 2023-10-01T08:58:37.676895+00:00, run_after=2023-10-02T08:58:37.676895+00:00
[2023-10-02T08:58:37.684+0000] {processor.py:179} INFO - Processing /home/airflow/.local/lib/python3.8/site-packages/airflow/example_dags/example_setup_teardown_taskflow.py took 0.036 seconds
[2023-10-02T08:59:08.461+0000] {processor.py:157} INFO - Started process (PID=580) to work on /home/airflow/.local/lib/python3.8/site-packages/airflow/example_dags/example_setup_teardown_taskflow.py
[2023-10-02T08:59:08.462+0000] {processor.py:829} INFO - Processing file /home/airflow/.local/lib/python3.8/site-packages/airflow/example_dags/example_setup_teardown_taskflow.py for tasks to queue
[2023-10-02T08:59:08.463+0000] {logging_mixin.py:151} INFO - [2023-10-02T08:59:08.463+0000] {dagbag.py:539} INFO - Filling up the DagBag from /home/airflow/.local/lib/python3.8/site-packages/airflow/example_dags/example_setup_teardown_taskflow.py
[2023-10-02T08:59:08.468+0000] {processor.py:839} INFO - DAG(s) dict_keys(['example_setup_teardown_taskflow']) retrieved from /home/airflow/.local/lib/python3.8/site-packages/airflow/example_dags/example_setup_teardown_taskflow.py
[2023-10-02T08:59:08.481+0000] {logging_mixin.py:151} INFO - [2023-10-02T08:59:08.481+0000] {dag.py:2915} INFO - Sync 1 DAGs
[2023-10-02T08:59:08.490+0000] {logging_mixin.py:151} INFO - [2023-10-02T08:59:08.490+0000] {dag.py:3696} INFO - Setting next_dagrun for example_setup_teardown_taskflow to 2023-10-01T08:59:08.490401+00:00, run_after=2023-10-02T08:59:08.490401+00:00
[2023-10-02T08:59:08.498+0000] {processor.py:179} INFO - Processing /home/airflow/.local/lib/python3.8/site-packages/airflow/example_dags/example_setup_teardown_taskflow.py took 0.039 seconds
[2023-10-02T08:59:39.753+0000] {processor.py:157} INFO - Started process (PID=637) to work on /home/airflow/.local/lib/python3.8/site-packages/airflow/example_dags/example_setup_teardown_taskflow.py
[2023-10-02T08:59:39.754+0000] {processor.py:829} INFO - Processing file /home/airflow/.local/lib/python3.8/site-packages/airflow/example_dags/example_setup_teardown_taskflow.py for tasks to queue
[2023-10-02T08:59:39.756+0000] {logging_mixin.py:151} INFO - [2023-10-02T08:59:39.756+0000] {dagbag.py:539} INFO - Filling up the DagBag from /home/airflow/.local/lib/python3.8/site-packages/airflow/example_dags/example_setup_teardown_taskflow.py
[2023-10-02T08:59:39.764+0000] {processor.py:839} INFO - DAG(s) dict_keys(['example_setup_teardown_taskflow']) retrieved from /home/airflow/.local/lib/python3.8/site-packages/airflow/example_dags/example_setup_teardown_taskflow.py
[2023-10-02T08:59:39.779+0000] {logging_mixin.py:151} INFO - [2023-10-02T08:59:39.779+0000] {dag.py:2915} INFO - Sync 1 DAGs
[2023-10-02T08:59:39.791+0000] {logging_mixin.py:151} INFO - [2023-10-02T08:59:39.791+0000] {dag.py:3696} INFO - Setting next_dagrun for example_setup_teardown_taskflow to 2023-10-01T08:59:39.790960+00:00, run_after=2023-10-02T08:59:39.790960+00:00
[2023-10-02T08:59:39.801+0000] {processor.py:179} INFO - Processing /home/airflow/.local/lib/python3.8/site-packages/airflow/example_dags/example_setup_teardown_taskflow.py took 0.051 seconds
[2023-10-02T09:00:10.847+0000] {processor.py:157} INFO - Started process (PID=694) to work on /home/airflow/.local/lib/python3.8/site-packages/airflow/example_dags/example_setup_teardown_taskflow.py
[2023-10-02T09:00:10.848+0000] {processor.py:829} INFO - Processing file /home/airflow/.local/lib/python3.8/site-packages/airflow/example_dags/example_setup_teardown_taskflow.py for tasks to queue
[2023-10-02T09:00:10.850+0000] {logging_mixin.py:151} INFO - [2023-10-02T09:00:10.850+0000] {dagbag.py:539} INFO - Filling up the DagBag from /home/airflow/.local/lib/python3.8/site-packages/airflow/example_dags/example_setup_teardown_taskflow.py
[2023-10-02T09:00:10.855+0000] {processor.py:839} INFO - DAG(s) dict_keys(['example_setup_teardown_taskflow']) retrieved from /home/airflow/.local/lib/python3.8/site-packages/airflow/example_dags/example_setup_teardown_taskflow.py
[2023-10-02T09:00:10.866+0000] {logging_mixin.py:151} INFO - [2023-10-02T09:00:10.866+0000] {dag.py:2915} INFO - Sync 1 DAGs
[2023-10-02T09:00:10.875+0000] {logging_mixin.py:151} INFO - [2023-10-02T09:00:10.875+0000] {dag.py:3696} INFO - Setting next_dagrun for example_setup_teardown_taskflow to 2023-10-01T09:00:10.875284+00:00, run_after=2023-10-02T09:00:10.875284+00:00
[2023-10-02T09:00:10.882+0000] {processor.py:179} INFO - Processing /home/airflow/.local/lib/python3.8/site-packages/airflow/example_dags/example_setup_teardown_taskflow.py took 0.037 seconds
[2023-10-02T09:00:41.826+0000] {processor.py:157} INFO - Started process (PID=751) to work on /home/airflow/.local/lib/python3.8/site-packages/airflow/example_dags/example_setup_teardown_taskflow.py
[2023-10-02T09:00:41.827+0000] {processor.py:829} INFO - Processing file /home/airflow/.local/lib/python3.8/site-packages/airflow/example_dags/example_setup_teardown_taskflow.py for tasks to queue
[2023-10-02T09:00:41.829+0000] {logging_mixin.py:151} INFO - [2023-10-02T09:00:41.829+0000] {dagbag.py:539} INFO - Filling up the DagBag from /home/airflow/.local/lib/python3.8/site-packages/airflow/example_dags/example_setup_teardown_taskflow.py
[2023-10-02T09:00:41.833+0000] {processor.py:839} INFO - DAG(s) dict_keys(['example_setup_teardown_taskflow']) retrieved from /home/airflow/.local/lib/python3.8/site-packages/airflow/example_dags/example_setup_teardown_taskflow.py
[2023-10-02T09:00:41.845+0000] {logging_mixin.py:151} INFO - [2023-10-02T09:00:41.845+0000] {dag.py:2915} INFO - Sync 1 DAGs
[2023-10-02T09:00:41.854+0000] {logging_mixin.py:151} INFO - [2023-10-02T09:00:41.854+0000] {dag.py:3696} INFO - Setting next_dagrun for example_setup_teardown_taskflow to 2023-10-01T09:00:41.854430+00:00, run_after=2023-10-02T09:00:41.854430+00:00
[2023-10-02T09:00:41.862+0000] {processor.py:179} INFO - Processing /home/airflow/.local/lib/python3.8/site-packages/airflow/example_dags/example_setup_teardown_taskflow.py took 0.037 seconds
[2023-10-02T09:01:12.696+0000] {processor.py:157} INFO - Started process (PID=808) to work on /home/airflow/.local/lib/python3.8/site-packages/airflow/example_dags/example_setup_teardown_taskflow.py
[2023-10-02T09:01:12.697+0000] {processor.py:829} INFO - Processing file /home/airflow/.local/lib/python3.8/site-packages/airflow/example_dags/example_setup_teardown_taskflow.py for tasks to queue
[2023-10-02T09:01:12.698+0000] {logging_mixin.py:151} INFO - [2023-10-02T09:01:12.698+0000] {dagbag.py:539} INFO - Filling up the DagBag from /home/airflow/.local/lib/python3.8/site-packages/airflow/example_dags/example_setup_teardown_taskflow.py
[2023-10-02T09:01:12.704+0000] {processor.py:839} INFO - DAG(s) dict_keys(['example_setup_teardown_taskflow']) retrieved from /home/airflow/.local/lib/python3.8/site-packages/airflow/example_dags/example_setup_teardown_taskflow.py
[2023-10-02T09:01:12.714+0000] {logging_mixin.py:151} INFO - [2023-10-02T09:01:12.714+0000] {dag.py:2915} INFO - Sync 1 DAGs
[2023-10-02T09:01:12.723+0000] {logging_mixin.py:151} INFO - [2023-10-02T09:01:12.723+0000] {dag.py:3696} INFO - Setting next_dagrun for example_setup_teardown_taskflow to 2023-10-01T09:01:12.723740+00:00, run_after=2023-10-02T09:01:12.723740+00:00
[2023-10-02T09:01:12.731+0000] {processor.py:179} INFO - Processing /home/airflow/.local/lib/python3.8/site-packages/airflow/example_dags/example_setup_teardown_taskflow.py took 0.036 seconds
[2023-10-02T09:01:43.840+0000] {processor.py:157} INFO - Started process (PID=865) to work on /home/airflow/.local/lib/python3.8/site-packages/airflow/example_dags/example_setup_teardown_taskflow.py
[2023-10-02T09:01:43.840+0000] {processor.py:829} INFO - Processing file /home/airflow/.local/lib/python3.8/site-packages/airflow/example_dags/example_setup_teardown_taskflow.py for tasks to queue
[2023-10-02T09:01:43.842+0000] {logging_mixin.py:151} INFO - [2023-10-02T09:01:43.841+0000] {dagbag.py:539} INFO - Filling up the DagBag from /home/airflow/.local/lib/python3.8/site-packages/airflow/example_dags/example_setup_teardown_taskflow.py
[2023-10-02T09:01:43.847+0000] {processor.py:839} INFO - DAG(s) dict_keys(['example_setup_teardown_taskflow']) retrieved from /home/airflow/.local/lib/python3.8/site-packages/airflow/example_dags/example_setup_teardown_taskflow.py
[2023-10-02T09:01:43.857+0000] {logging_mixin.py:151} INFO - [2023-10-02T09:01:43.857+0000] {dag.py:2915} INFO - Sync 1 DAGs
[2023-10-02T09:01:43.867+0000] {logging_mixin.py:151} INFO - [2023-10-02T09:01:43.867+0000] {dag.py:3696} INFO - Setting next_dagrun for example_setup_teardown_taskflow to 2023-10-01T09:01:43.867059+00:00, run_after=2023-10-02T09:01:43.867059+00:00
[2023-10-02T09:01:43.874+0000] {processor.py:179} INFO - Processing /home/airflow/.local/lib/python3.8/site-packages/airflow/example_dags/example_setup_teardown_taskflow.py took 0.036 seconds
[2023-10-02T09:02:14.722+0000] {processor.py:157} INFO - Started process (PID=922) to work on /home/airflow/.local/lib/python3.8/site-packages/airflow/example_dags/example_setup_teardown_taskflow.py
[2023-10-02T09:02:14.723+0000] {processor.py:829} INFO - Processing file /home/airflow/.local/lib/python3.8/site-packages/airflow/example_dags/example_setup_teardown_taskflow.py for tasks to queue
[2023-10-02T09:02:14.724+0000] {logging_mixin.py:151} INFO - [2023-10-02T09:02:14.724+0000] {dagbag.py:539} INFO - Filling up the DagBag from /home/airflow/.local/lib/python3.8/site-packages/airflow/example_dags/example_setup_teardown_taskflow.py
[2023-10-02T09:02:14.730+0000] {processor.py:839} INFO - DAG(s) dict_keys(['example_setup_teardown_taskflow']) retrieved from /home/airflow/.local/lib/python3.8/site-packages/airflow/example_dags/example_setup_teardown_taskflow.py
[2023-10-02T09:02:14.740+0000] {logging_mixin.py:151} INFO - [2023-10-02T09:02:14.740+0000] {dag.py:2915} INFO - Sync 1 DAGs
[2023-10-02T09:02:14.750+0000] {logging_mixin.py:151} INFO - [2023-10-02T09:02:14.750+0000] {dag.py:3696} INFO - Setting next_dagrun for example_setup_teardown_taskflow to 2023-10-01T09:02:14.750022+00:00, run_after=2023-10-02T09:02:14.750022+00:00
[2023-10-02T09:02:14.757+0000] {processor.py:179} INFO - Processing /home/airflow/.local/lib/python3.8/site-packages/airflow/example_dags/example_setup_teardown_taskflow.py took 0.037 seconds
