[2023-10-02T08:54:31.779+0000] {processor.py:157} INFO - Started process (PID=72) to work on /home/airflow/.local/lib/python3.8/site-packages/airflow/example_dags/example_xcomargs.py
[2023-10-02T08:54:31.782+0000] {processor.py:829} INFO - Processing file /home/airflow/.local/lib/python3.8/site-packages/airflow/example_dags/example_xcomargs.py for tasks to queue
[2023-10-02T08:54:31.785+0000] {logging_mixin.py:151} INFO - [2023-10-02T08:54:31.785+0000] {dagbag.py:539} INFO - Filling up the DagBag from /home/airflow/.local/lib/python3.8/site-packages/airflow/example_dags/example_xcomargs.py
[2023-10-02T08:54:31.805+0000] {processor.py:839} INFO - DAG(s) dict_keys(['example_xcom_args', 'example_xcom_args_with_operators']) retrieved from /home/airflow/.local/lib/python3.8/site-packages/airflow/example_dags/example_xcomargs.py
[2023-10-02T08:54:31.862+0000] {logging_mixin.py:151} INFO - [2023-10-02T08:54:31.862+0000] {dag.py:2915} INFO - Sync 2 DAGs
[2023-10-02T08:54:31.886+0000] {logging_mixin.py:151} INFO - [2023-10-02T08:54:31.886+0000] {dag.py:3696} INFO - Setting next_dagrun for example_xcom_args to None, run_after=None
[2023-10-02T08:54:31.888+0000] {logging_mixin.py:151} INFO - [2023-10-02T08:54:31.888+0000] {dag.py:3696} INFO - Setting next_dagrun for example_xcom_args_with_operators to None, run_after=None
[2023-10-02T08:54:31.939+0000] {processor.py:179} INFO - Processing /home/airflow/.local/lib/python3.8/site-packages/airflow/example_dags/example_xcomargs.py took 0.168 seconds
[2023-10-02T08:55:02.185+0000] {processor.py:157} INFO - Started process (PID=129) to work on /home/airflow/.local/lib/python3.8/site-packages/airflow/example_dags/example_xcomargs.py
[2023-10-02T08:55:02.185+0000] {processor.py:829} INFO - Processing file /home/airflow/.local/lib/python3.8/site-packages/airflow/example_dags/example_xcomargs.py for tasks to queue
[2023-10-02T08:55:02.187+0000] {logging_mixin.py:151} INFO - [2023-10-02T08:55:02.186+0000] {dagbag.py:539} INFO - Filling up the DagBag from /home/airflow/.local/lib/python3.8/site-packages/airflow/example_dags/example_xcomargs.py
[2023-10-02T08:55:02.191+0000] {processor.py:839} INFO - DAG(s) dict_keys(['example_xcom_args', 'example_xcom_args_with_operators']) retrieved from /home/airflow/.local/lib/python3.8/site-packages/airflow/example_dags/example_xcomargs.py
[2023-10-02T08:55:02.203+0000] {logging_mixin.py:151} INFO - [2023-10-02T08:55:02.203+0000] {dag.py:2915} INFO - Sync 2 DAGs
[2023-10-02T08:55:02.209+0000] {logging_mixin.py:151} INFO - [2023-10-02T08:55:02.209+0000] {dag.py:3696} INFO - Setting next_dagrun for example_xcom_args to None, run_after=None
[2023-10-02T08:55:02.210+0000] {logging_mixin.py:151} INFO - [2023-10-02T08:55:02.210+0000] {dag.py:3696} INFO - Setting next_dagrun for example_xcom_args_with_operators to None, run_after=None
[2023-10-02T08:55:02.217+0000] {processor.py:179} INFO - Processing /home/airflow/.local/lib/python3.8/site-packages/airflow/example_dags/example_xcomargs.py took 0.033 seconds
[2023-10-02T08:55:32.666+0000] {processor.py:157} INFO - Started process (PID=186) to work on /home/airflow/.local/lib/python3.8/site-packages/airflow/example_dags/example_xcomargs.py
[2023-10-02T08:55:32.667+0000] {processor.py:829} INFO - Processing file /home/airflow/.local/lib/python3.8/site-packages/airflow/example_dags/example_xcomargs.py for tasks to queue
[2023-10-02T08:55:32.668+0000] {logging_mixin.py:151} INFO - [2023-10-02T08:55:32.668+0000] {dagbag.py:539} INFO - Filling up the DagBag from /home/airflow/.local/lib/python3.8/site-packages/airflow/example_dags/example_xcomargs.py
[2023-10-02T08:55:32.673+0000] {processor.py:839} INFO - DAG(s) dict_keys(['example_xcom_args', 'example_xcom_args_with_operators']) retrieved from /home/airflow/.local/lib/python3.8/site-packages/airflow/example_dags/example_xcomargs.py
[2023-10-02T08:55:32.685+0000] {logging_mixin.py:151} INFO - [2023-10-02T08:55:32.685+0000] {dag.py:2915} INFO - Sync 2 DAGs
[2023-10-02T08:55:32.691+0000] {logging_mixin.py:151} INFO - [2023-10-02T08:55:32.691+0000] {dag.py:3696} INFO - Setting next_dagrun for example_xcom_args to None, run_after=None
[2023-10-02T08:55:32.693+0000] {logging_mixin.py:151} INFO - [2023-10-02T08:55:32.693+0000] {dag.py:3696} INFO - Setting next_dagrun for example_xcom_args_with_operators to None, run_after=None
[2023-10-02T08:55:32.700+0000] {processor.py:179} INFO - Processing /home/airflow/.local/lib/python3.8/site-packages/airflow/example_dags/example_xcomargs.py took 0.036 seconds
[2023-10-02T08:56:03.028+0000] {processor.py:157} INFO - Started process (PID=243) to work on /home/airflow/.local/lib/python3.8/site-packages/airflow/example_dags/example_xcomargs.py
[2023-10-02T08:56:03.029+0000] {processor.py:829} INFO - Processing file /home/airflow/.local/lib/python3.8/site-packages/airflow/example_dags/example_xcomargs.py for tasks to queue
[2023-10-02T08:56:03.030+0000] {logging_mixin.py:151} INFO - [2023-10-02T08:56:03.030+0000] {dagbag.py:539} INFO - Filling up the DagBag from /home/airflow/.local/lib/python3.8/site-packages/airflow/example_dags/example_xcomargs.py
[2023-10-02T08:56:03.034+0000] {processor.py:839} INFO - DAG(s) dict_keys(['example_xcom_args_with_operators', 'example_xcom_args']) retrieved from /home/airflow/.local/lib/python3.8/site-packages/airflow/example_dags/example_xcomargs.py
[2023-10-02T08:56:03.046+0000] {logging_mixin.py:151} INFO - [2023-10-02T08:56:03.045+0000] {dag.py:2915} INFO - Sync 2 DAGs
[2023-10-02T08:56:03.051+0000] {logging_mixin.py:151} INFO - [2023-10-02T08:56:03.051+0000] {dag.py:3696} INFO - Setting next_dagrun for example_xcom_args to None, run_after=None
[2023-10-02T08:56:03.053+0000] {logging_mixin.py:151} INFO - [2023-10-02T08:56:03.053+0000] {dag.py:3696} INFO - Setting next_dagrun for example_xcom_args_with_operators to None, run_after=None
[2023-10-02T08:56:03.060+0000] {processor.py:179} INFO - Processing /home/airflow/.local/lib/python3.8/site-packages/airflow/example_dags/example_xcomargs.py took 0.034 seconds
[2023-10-02T08:56:34.058+0000] {processor.py:157} INFO - Started process (PID=300) to work on /home/airflow/.local/lib/python3.8/site-packages/airflow/example_dags/example_xcomargs.py
[2023-10-02T08:56:34.059+0000] {processor.py:829} INFO - Processing file /home/airflow/.local/lib/python3.8/site-packages/airflow/example_dags/example_xcomargs.py for tasks to queue
[2023-10-02T08:56:34.060+0000] {logging_mixin.py:151} INFO - [2023-10-02T08:56:34.060+0000] {dagbag.py:539} INFO - Filling up the DagBag from /home/airflow/.local/lib/python3.8/site-packages/airflow/example_dags/example_xcomargs.py
[2023-10-02T08:56:34.064+0000] {processor.py:839} INFO - DAG(s) dict_keys(['example_xcom_args_with_operators', 'example_xcom_args']) retrieved from /home/airflow/.local/lib/python3.8/site-packages/airflow/example_dags/example_xcomargs.py
[2023-10-02T08:56:34.076+0000] {logging_mixin.py:151} INFO - [2023-10-02T08:56:34.076+0000] {dag.py:2915} INFO - Sync 2 DAGs
[2023-10-02T08:56:34.083+0000] {logging_mixin.py:151} INFO - [2023-10-02T08:56:34.083+0000] {dag.py:3696} INFO - Setting next_dagrun for example_xcom_args to None, run_after=None
[2023-10-02T08:56:34.085+0000] {logging_mixin.py:151} INFO - [2023-10-02T08:56:34.085+0000] {dag.py:3696} INFO - Setting next_dagrun for example_xcom_args_with_operators to None, run_after=None
[2023-10-02T08:56:34.092+0000] {processor.py:179} INFO - Processing /home/airflow/.local/lib/python3.8/site-packages/airflow/example_dags/example_xcomargs.py took 0.036 seconds
[2023-10-02T08:57:04.962+0000] {processor.py:157} INFO - Started process (PID=357) to work on /home/airflow/.local/lib/python3.8/site-packages/airflow/example_dags/example_xcomargs.py
[2023-10-02T08:57:04.963+0000] {processor.py:829} INFO - Processing file /home/airflow/.local/lib/python3.8/site-packages/airflow/example_dags/example_xcomargs.py for tasks to queue
[2023-10-02T08:57:04.964+0000] {logging_mixin.py:151} INFO - [2023-10-02T08:57:04.964+0000] {dagbag.py:539} INFO - Filling up the DagBag from /home/airflow/.local/lib/python3.8/site-packages/airflow/example_dags/example_xcomargs.py
[2023-10-02T08:57:04.968+0000] {processor.py:839} INFO - DAG(s) dict_keys(['example_xcom_args_with_operators', 'example_xcom_args']) retrieved from /home/airflow/.local/lib/python3.8/site-packages/airflow/example_dags/example_xcomargs.py
[2023-10-02T08:57:04.979+0000] {logging_mixin.py:151} INFO - [2023-10-02T08:57:04.979+0000] {dag.py:2915} INFO - Sync 2 DAGs
[2023-10-02T08:57:04.985+0000] {logging_mixin.py:151} INFO - [2023-10-02T08:57:04.985+0000] {dag.py:3696} INFO - Setting next_dagrun for example_xcom_args to None, run_after=None
[2023-10-02T08:57:04.987+0000] {logging_mixin.py:151} INFO - [2023-10-02T08:57:04.987+0000] {dag.py:3696} INFO - Setting next_dagrun for example_xcom_args_with_operators to None, run_after=None
[2023-10-02T08:57:04.993+0000] {processor.py:179} INFO - Processing /home/airflow/.local/lib/python3.8/site-packages/airflow/example_dags/example_xcomargs.py took 0.033 seconds
[2023-10-02T08:57:35.897+0000] {processor.py:157} INFO - Started process (PID=414) to work on /home/airflow/.local/lib/python3.8/site-packages/airflow/example_dags/example_xcomargs.py
[2023-10-02T08:57:35.898+0000] {processor.py:829} INFO - Processing file /home/airflow/.local/lib/python3.8/site-packages/airflow/example_dags/example_xcomargs.py for tasks to queue
[2023-10-02T08:57:35.902+0000] {logging_mixin.py:151} INFO - [2023-10-02T08:57:35.901+0000] {dagbag.py:539} INFO - Filling up the DagBag from /home/airflow/.local/lib/python3.8/site-packages/airflow/example_dags/example_xcomargs.py
[2023-10-02T08:57:35.911+0000] {processor.py:839} INFO - DAG(s) dict_keys(['example_xcom_args_with_operators', 'example_xcom_args']) retrieved from /home/airflow/.local/lib/python3.8/site-packages/airflow/example_dags/example_xcomargs.py
[2023-10-02T08:57:35.928+0000] {logging_mixin.py:151} INFO - [2023-10-02T08:57:35.928+0000] {dag.py:2915} INFO - Sync 2 DAGs
[2023-10-02T08:57:35.935+0000] {logging_mixin.py:151} INFO - [2023-10-02T08:57:35.935+0000] {dag.py:3696} INFO - Setting next_dagrun for example_xcom_args to None, run_after=None
[2023-10-02T08:57:35.937+0000] {logging_mixin.py:151} INFO - [2023-10-02T08:57:35.937+0000] {dag.py:3696} INFO - Setting next_dagrun for example_xcom_args_with_operators to None, run_after=None
[2023-10-02T08:57:35.946+0000] {processor.py:179} INFO - Processing /home/airflow/.local/lib/python3.8/site-packages/airflow/example_dags/example_xcomargs.py took 0.051 seconds
[2023-10-02T08:58:06.834+0000] {processor.py:157} INFO - Started process (PID=471) to work on /home/airflow/.local/lib/python3.8/site-packages/airflow/example_dags/example_xcomargs.py
[2023-10-02T08:58:06.835+0000] {processor.py:829} INFO - Processing file /home/airflow/.local/lib/python3.8/site-packages/airflow/example_dags/example_xcomargs.py for tasks to queue
[2023-10-02T08:58:06.836+0000] {logging_mixin.py:151} INFO - [2023-10-02T08:58:06.836+0000] {dagbag.py:539} INFO - Filling up the DagBag from /home/airflow/.local/lib/python3.8/site-packages/airflow/example_dags/example_xcomargs.py
[2023-10-02T08:58:06.840+0000] {processor.py:839} INFO - DAG(s) dict_keys(['example_xcom_args_with_operators', 'example_xcom_args']) retrieved from /home/airflow/.local/lib/python3.8/site-packages/airflow/example_dags/example_xcomargs.py
[2023-10-02T08:58:06.852+0000] {logging_mixin.py:151} INFO - [2023-10-02T08:58:06.852+0000] {dag.py:2915} INFO - Sync 2 DAGs
[2023-10-02T08:58:06.858+0000] {logging_mixin.py:151} INFO - [2023-10-02T08:58:06.858+0000] {dag.py:3696} INFO - Setting next_dagrun for example_xcom_args to None, run_after=None
[2023-10-02T08:58:06.859+0000] {logging_mixin.py:151} INFO - [2023-10-02T08:58:06.859+0000] {dag.py:3696} INFO - Setting next_dagrun for example_xcom_args_with_operators to None, run_after=None
[2023-10-02T08:58:06.865+0000] {processor.py:179} INFO - Processing /home/airflow/.local/lib/python3.8/site-packages/airflow/example_dags/example_xcomargs.py took 0.033 seconds
[2023-10-02T08:58:37.817+0000] {processor.py:157} INFO - Started process (PID=528) to work on /home/airflow/.local/lib/python3.8/site-packages/airflow/example_dags/example_xcomargs.py
[2023-10-02T08:58:37.818+0000] {processor.py:829} INFO - Processing file /home/airflow/.local/lib/python3.8/site-packages/airflow/example_dags/example_xcomargs.py for tasks to queue
[2023-10-02T08:58:37.819+0000] {logging_mixin.py:151} INFO - [2023-10-02T08:58:37.819+0000] {dagbag.py:539} INFO - Filling up the DagBag from /home/airflow/.local/lib/python3.8/site-packages/airflow/example_dags/example_xcomargs.py
[2023-10-02T08:58:37.825+0000] {processor.py:839} INFO - DAG(s) dict_keys(['example_xcom_args_with_operators', 'example_xcom_args']) retrieved from /home/airflow/.local/lib/python3.8/site-packages/airflow/example_dags/example_xcomargs.py
[2023-10-02T08:58:37.838+0000] {logging_mixin.py:151} INFO - [2023-10-02T08:58:37.838+0000] {dag.py:2915} INFO - Sync 2 DAGs
[2023-10-02T08:58:37.844+0000] {logging_mixin.py:151} INFO - [2023-10-02T08:58:37.844+0000] {dag.py:3696} INFO - Setting next_dagrun for example_xcom_args to None, run_after=None
[2023-10-02T08:58:37.846+0000] {logging_mixin.py:151} INFO - [2023-10-02T08:58:37.846+0000] {dag.py:3696} INFO - Setting next_dagrun for example_xcom_args_with_operators to None, run_after=None
[2023-10-02T08:58:37.853+0000] {processor.py:179} INFO - Processing /home/airflow/.local/lib/python3.8/site-packages/airflow/example_dags/example_xcomargs.py took 0.038 seconds
[2023-10-02T08:59:08.624+0000] {processor.py:157} INFO - Started process (PID=586) to work on /home/airflow/.local/lib/python3.8/site-packages/airflow/example_dags/example_xcomargs.py
[2023-10-02T08:59:08.625+0000] {processor.py:829} INFO - Processing file /home/airflow/.local/lib/python3.8/site-packages/airflow/example_dags/example_xcomargs.py for tasks to queue
[2023-10-02T08:59:08.626+0000] {logging_mixin.py:151} INFO - [2023-10-02T08:59:08.626+0000] {dagbag.py:539} INFO - Filling up the DagBag from /home/airflow/.local/lib/python3.8/site-packages/airflow/example_dags/example_xcomargs.py
[2023-10-02T08:59:08.630+0000] {processor.py:839} INFO - DAG(s) dict_keys(['example_xcom_args_with_operators', 'example_xcom_args']) retrieved from /home/airflow/.local/lib/python3.8/site-packages/airflow/example_dags/example_xcomargs.py
[2023-10-02T08:59:08.642+0000] {logging_mixin.py:151} INFO - [2023-10-02T08:59:08.642+0000] {dag.py:2915} INFO - Sync 2 DAGs
[2023-10-02T08:59:08.648+0000] {logging_mixin.py:151} INFO - [2023-10-02T08:59:08.648+0000] {dag.py:3696} INFO - Setting next_dagrun for example_xcom_args to None, run_after=None
[2023-10-02T08:59:08.649+0000] {logging_mixin.py:151} INFO - [2023-10-02T08:59:08.649+0000] {dag.py:3696} INFO - Setting next_dagrun for example_xcom_args_with_operators to None, run_after=None
[2023-10-02T08:59:08.656+0000] {processor.py:179} INFO - Processing /home/airflow/.local/lib/python3.8/site-packages/airflow/example_dags/example_xcomargs.py took 0.033 seconds
[2023-10-02T08:59:39.974+0000] {processor.py:157} INFO - Started process (PID=643) to work on /home/airflow/.local/lib/python3.8/site-packages/airflow/example_dags/example_xcomargs.py
[2023-10-02T08:59:39.975+0000] {processor.py:829} INFO - Processing file /home/airflow/.local/lib/python3.8/site-packages/airflow/example_dags/example_xcomargs.py for tasks to queue
[2023-10-02T08:59:39.977+0000] {logging_mixin.py:151} INFO - [2023-10-02T08:59:39.977+0000] {dagbag.py:539} INFO - Filling up the DagBag from /home/airflow/.local/lib/python3.8/site-packages/airflow/example_dags/example_xcomargs.py
[2023-10-02T08:59:39.981+0000] {processor.py:839} INFO - DAG(s) dict_keys(['example_xcom_args', 'example_xcom_args_with_operators']) retrieved from /home/airflow/.local/lib/python3.8/site-packages/airflow/example_dags/example_xcomargs.py
[2023-10-02T08:59:39.993+0000] {logging_mixin.py:151} INFO - [2023-10-02T08:59:39.993+0000] {dag.py:2915} INFO - Sync 2 DAGs
[2023-10-02T08:59:39.999+0000] {logging_mixin.py:151} INFO - [2023-10-02T08:59:39.999+0000] {dag.py:3696} INFO - Setting next_dagrun for example_xcom_args to None, run_after=None
[2023-10-02T08:59:40.001+0000] {logging_mixin.py:151} INFO - [2023-10-02T08:59:40.001+0000] {dag.py:3696} INFO - Setting next_dagrun for example_xcom_args_with_operators to None, run_after=None
[2023-10-02T08:59:40.008+0000] {processor.py:179} INFO - Processing /home/airflow/.local/lib/python3.8/site-packages/airflow/example_dags/example_xcomargs.py took 0.035 seconds
[2023-10-02T09:00:11.005+0000] {processor.py:157} INFO - Started process (PID=700) to work on /home/airflow/.local/lib/python3.8/site-packages/airflow/example_dags/example_xcomargs.py
[2023-10-02T09:00:11.006+0000] {processor.py:829} INFO - Processing file /home/airflow/.local/lib/python3.8/site-packages/airflow/example_dags/example_xcomargs.py for tasks to queue
[2023-10-02T09:00:11.007+0000] {logging_mixin.py:151} INFO - [2023-10-02T09:00:11.007+0000] {dagbag.py:539} INFO - Filling up the DagBag from /home/airflow/.local/lib/python3.8/site-packages/airflow/example_dags/example_xcomargs.py
[2023-10-02T09:00:11.011+0000] {processor.py:839} INFO - DAG(s) dict_keys(['example_xcom_args', 'example_xcom_args_with_operators']) retrieved from /home/airflow/.local/lib/python3.8/site-packages/airflow/example_dags/example_xcomargs.py
[2023-10-02T09:00:11.024+0000] {logging_mixin.py:151} INFO - [2023-10-02T09:00:11.024+0000] {dag.py:2915} INFO - Sync 2 DAGs
[2023-10-02T09:00:11.030+0000] {logging_mixin.py:151} INFO - [2023-10-02T09:00:11.030+0000] {dag.py:3696} INFO - Setting next_dagrun for example_xcom_args to None, run_after=None
[2023-10-02T09:00:11.031+0000] {logging_mixin.py:151} INFO - [2023-10-02T09:00:11.031+0000] {dag.py:3696} INFO - Setting next_dagrun for example_xcom_args_with_operators to None, run_after=None
[2023-10-02T09:00:11.038+0000] {processor.py:179} INFO - Processing /home/airflow/.local/lib/python3.8/site-packages/airflow/example_dags/example_xcomargs.py took 0.034 seconds
[2023-10-02T09:00:41.983+0000] {processor.py:157} INFO - Started process (PID=757) to work on /home/airflow/.local/lib/python3.8/site-packages/airflow/example_dags/example_xcomargs.py
[2023-10-02T09:00:41.984+0000] {processor.py:829} INFO - Processing file /home/airflow/.local/lib/python3.8/site-packages/airflow/example_dags/example_xcomargs.py for tasks to queue
[2023-10-02T09:00:41.985+0000] {logging_mixin.py:151} INFO - [2023-10-02T09:00:41.985+0000] {dagbag.py:539} INFO - Filling up the DagBag from /home/airflow/.local/lib/python3.8/site-packages/airflow/example_dags/example_xcomargs.py
[2023-10-02T09:00:41.990+0000] {processor.py:839} INFO - DAG(s) dict_keys(['example_xcom_args_with_operators', 'example_xcom_args']) retrieved from /home/airflow/.local/lib/python3.8/site-packages/airflow/example_dags/example_xcomargs.py
[2023-10-02T09:00:42.004+0000] {logging_mixin.py:151} INFO - [2023-10-02T09:00:42.003+0000] {dag.py:2915} INFO - Sync 2 DAGs
[2023-10-02T09:00:42.014+0000] {logging_mixin.py:151} INFO - [2023-10-02T09:00:42.014+0000] {dag.py:3696} INFO - Setting next_dagrun for example_xcom_args to None, run_after=None
[2023-10-02T09:00:42.016+0000] {logging_mixin.py:151} INFO - [2023-10-02T09:00:42.016+0000] {dag.py:3696} INFO - Setting next_dagrun for example_xcom_args_with_operators to None, run_after=None
[2023-10-02T09:00:42.026+0000] {processor.py:179} INFO - Processing /home/airflow/.local/lib/python3.8/site-packages/airflow/example_dags/example_xcomargs.py took 0.044 seconds
[2023-10-02T09:01:12.867+0000] {processor.py:157} INFO - Started process (PID=814) to work on /home/airflow/.local/lib/python3.8/site-packages/airflow/example_dags/example_xcomargs.py
[2023-10-02T09:01:12.867+0000] {processor.py:829} INFO - Processing file /home/airflow/.local/lib/python3.8/site-packages/airflow/example_dags/example_xcomargs.py for tasks to queue
[2023-10-02T09:01:12.869+0000] {logging_mixin.py:151} INFO - [2023-10-02T09:01:12.868+0000] {dagbag.py:539} INFO - Filling up the DagBag from /home/airflow/.local/lib/python3.8/site-packages/airflow/example_dags/example_xcomargs.py
[2023-10-02T09:01:12.873+0000] {processor.py:839} INFO - DAG(s) dict_keys(['example_xcom_args', 'example_xcom_args_with_operators']) retrieved from /home/airflow/.local/lib/python3.8/site-packages/airflow/example_dags/example_xcomargs.py
[2023-10-02T09:01:12.884+0000] {logging_mixin.py:151} INFO - [2023-10-02T09:01:12.884+0000] {dag.py:2915} INFO - Sync 2 DAGs
[2023-10-02T09:01:12.890+0000] {logging_mixin.py:151} INFO - [2023-10-02T09:01:12.890+0000] {dag.py:3696} INFO - Setting next_dagrun for example_xcom_args to None, run_after=None
[2023-10-02T09:01:12.892+0000] {logging_mixin.py:151} INFO - [2023-10-02T09:01:12.892+0000] {dag.py:3696} INFO - Setting next_dagrun for example_xcom_args_with_operators to None, run_after=None
[2023-10-02T09:01:12.898+0000] {processor.py:179} INFO - Processing /home/airflow/.local/lib/python3.8/site-packages/airflow/example_dags/example_xcomargs.py took 0.033 seconds
[2023-10-02T09:01:44.007+0000] {processor.py:157} INFO - Started process (PID=871) to work on /home/airflow/.local/lib/python3.8/site-packages/airflow/example_dags/example_xcomargs.py
[2023-10-02T09:01:44.007+0000] {processor.py:829} INFO - Processing file /home/airflow/.local/lib/python3.8/site-packages/airflow/example_dags/example_xcomargs.py for tasks to queue
[2023-10-02T09:01:44.008+0000] {logging_mixin.py:151} INFO - [2023-10-02T09:01:44.008+0000] {dagbag.py:539} INFO - Filling up the DagBag from /home/airflow/.local/lib/python3.8/site-packages/airflow/example_dags/example_xcomargs.py
[2023-10-02T09:01:44.013+0000] {processor.py:839} INFO - DAG(s) dict_keys(['example_xcom_args_with_operators', 'example_xcom_args']) retrieved from /home/airflow/.local/lib/python3.8/site-packages/airflow/example_dags/example_xcomargs.py
[2023-10-02T09:01:44.024+0000] {logging_mixin.py:151} INFO - [2023-10-02T09:01:44.024+0000] {dag.py:2915} INFO - Sync 2 DAGs
[2023-10-02T09:01:44.030+0000] {logging_mixin.py:151} INFO - [2023-10-02T09:01:44.030+0000] {dag.py:3696} INFO - Setting next_dagrun for example_xcom_args to None, run_after=None
[2023-10-02T09:01:44.032+0000] {logging_mixin.py:151} INFO - [2023-10-02T09:01:44.032+0000] {dag.py:3696} INFO - Setting next_dagrun for example_xcom_args_with_operators to None, run_after=None
[2023-10-02T09:01:44.038+0000] {processor.py:179} INFO - Processing /home/airflow/.local/lib/python3.8/site-packages/airflow/example_dags/example_xcomargs.py took 0.034 seconds
[2023-10-02T09:02:14.902+0000] {processor.py:157} INFO - Started process (PID=928) to work on /home/airflow/.local/lib/python3.8/site-packages/airflow/example_dags/example_xcomargs.py
[2023-10-02T09:02:14.903+0000] {processor.py:829} INFO - Processing file /home/airflow/.local/lib/python3.8/site-packages/airflow/example_dags/example_xcomargs.py for tasks to queue
[2023-10-02T09:02:14.904+0000] {logging_mixin.py:151} INFO - [2023-10-02T09:02:14.904+0000] {dagbag.py:539} INFO - Filling up the DagBag from /home/airflow/.local/lib/python3.8/site-packages/airflow/example_dags/example_xcomargs.py
[2023-10-02T09:02:14.909+0000] {processor.py:839} INFO - DAG(s) dict_keys(['example_xcom_args', 'example_xcom_args_with_operators']) retrieved from /home/airflow/.local/lib/python3.8/site-packages/airflow/example_dags/example_xcomargs.py
[2023-10-02T09:02:14.920+0000] {logging_mixin.py:151} INFO - [2023-10-02T09:02:14.920+0000] {dag.py:2915} INFO - Sync 2 DAGs
[2023-10-02T09:02:14.926+0000] {logging_mixin.py:151} INFO - [2023-10-02T09:02:14.926+0000] {dag.py:3696} INFO - Setting next_dagrun for example_xcom_args to None, run_after=None
[2023-10-02T09:02:14.928+0000] {logging_mixin.py:151} INFO - [2023-10-02T09:02:14.927+0000] {dag.py:3696} INFO - Setting next_dagrun for example_xcom_args_with_operators to None, run_after=None
[2023-10-02T09:02:14.934+0000] {processor.py:179} INFO - Processing /home/airflow/.local/lib/python3.8/site-packages/airflow/example_dags/example_xcomargs.py took 0.034 seconds
