[2023-10-02T08:54:30.164+0000] {processor.py:157} INFO - Started process (PID=51) to work on /home/airflow/.local/lib/python3.8/site-packages/airflow/example_dags/example_dynamic_task_mapping_with_no_taskflow_operators.py
[2023-10-02T08:54:30.174+0000] {processor.py:829} INFO - Processing file /home/airflow/.local/lib/python3.8/site-packages/airflow/example_dags/example_dynamic_task_mapping_with_no_taskflow_operators.py for tasks to queue
[2023-10-02T08:54:30.187+0000] {logging_mixin.py:151} INFO - [2023-10-02T08:54:30.187+0000] {dagbag.py:539} INFO - Filling up the DagBag from /home/airflow/.local/lib/python3.8/site-packages/airflow/example_dags/example_dynamic_task_mapping_with_no_taskflow_operators.py
[2023-10-02T08:54:30.215+0000] {processor.py:839} INFO - DAG(s) dict_keys(['example_dynamic_task_mapping_with_no_taskflow_operators']) retrieved from /home/airflow/.local/lib/python3.8/site-packages/airflow/example_dags/example_dynamic_task_mapping_with_no_taskflow_operators.py
[2023-10-02T08:54:30.275+0000] {logging_mixin.py:151} INFO - [2023-10-02T08:54:30.274+0000] {dag.py:2915} INFO - Sync 1 DAGs
[2023-10-02T08:54:30.349+0000] {logging_mixin.py:151} INFO - [2023-10-02T08:54:30.349+0000] {dag.py:3696} INFO - Setting next_dagrun for example_dynamic_task_mapping_with_no_taskflow_operators to 2023-10-01T08:54:30.348980+00:00, run_after=2023-10-02T08:54:30.348980+00:00
[2023-10-02T08:54:30.397+0000] {processor.py:179} INFO - Processing /home/airflow/.local/lib/python3.8/site-packages/airflow/example_dags/example_dynamic_task_mapping_with_no_taskflow_operators.py took 0.257 seconds
[2023-10-02T08:55:01.327+0000] {processor.py:157} INFO - Started process (PID=108) to work on /home/airflow/.local/lib/python3.8/site-packages/airflow/example_dags/example_dynamic_task_mapping_with_no_taskflow_operators.py
[2023-10-02T08:55:01.329+0000] {processor.py:829} INFO - Processing file /home/airflow/.local/lib/python3.8/site-packages/airflow/example_dags/example_dynamic_task_mapping_with_no_taskflow_operators.py for tasks to queue
[2023-10-02T08:55:01.331+0000] {logging_mixin.py:151} INFO - [2023-10-02T08:55:01.330+0000] {dagbag.py:539} INFO - Filling up the DagBag from /home/airflow/.local/lib/python3.8/site-packages/airflow/example_dags/example_dynamic_task_mapping_with_no_taskflow_operators.py
[2023-10-02T08:55:01.335+0000] {processor.py:839} INFO - DAG(s) dict_keys(['example_dynamic_task_mapping_with_no_taskflow_operators']) retrieved from /home/airflow/.local/lib/python3.8/site-packages/airflow/example_dags/example_dynamic_task_mapping_with_no_taskflow_operators.py
[2023-10-02T08:55:01.345+0000] {logging_mixin.py:151} INFO - [2023-10-02T08:55:01.345+0000] {dag.py:2915} INFO - Sync 1 DAGs
[2023-10-02T08:55:01.356+0000] {logging_mixin.py:151} INFO - [2023-10-02T08:55:01.356+0000] {dag.py:3696} INFO - Setting next_dagrun for example_dynamic_task_mapping_with_no_taskflow_operators to 2023-10-01T08:55:01.356585+00:00, run_after=2023-10-02T08:55:01.356585+00:00
[2023-10-02T08:55:01.364+0000] {processor.py:179} INFO - Processing /home/airflow/.local/lib/python3.8/site-packages/airflow/example_dags/example_dynamic_task_mapping_with_no_taskflow_operators.py took 0.040 seconds
[2023-10-02T08:55:32.011+0000] {processor.py:157} INFO - Started process (PID=165) to work on /home/airflow/.local/lib/python3.8/site-packages/airflow/example_dags/example_dynamic_task_mapping_with_no_taskflow_operators.py
[2023-10-02T08:55:32.011+0000] {processor.py:829} INFO - Processing file /home/airflow/.local/lib/python3.8/site-packages/airflow/example_dags/example_dynamic_task_mapping_with_no_taskflow_operators.py for tasks to queue
[2023-10-02T08:55:32.013+0000] {logging_mixin.py:151} INFO - [2023-10-02T08:55:32.013+0000] {dagbag.py:539} INFO - Filling up the DagBag from /home/airflow/.local/lib/python3.8/site-packages/airflow/example_dags/example_dynamic_task_mapping_with_no_taskflow_operators.py
[2023-10-02T08:55:32.017+0000] {processor.py:839} INFO - DAG(s) dict_keys(['example_dynamic_task_mapping_with_no_taskflow_operators']) retrieved from /home/airflow/.local/lib/python3.8/site-packages/airflow/example_dags/example_dynamic_task_mapping_with_no_taskflow_operators.py
[2023-10-02T08:55:32.029+0000] {logging_mixin.py:151} INFO - [2023-10-02T08:55:32.029+0000] {dag.py:2915} INFO - Sync 1 DAGs
[2023-10-02T08:55:32.041+0000] {logging_mixin.py:151} INFO - [2023-10-02T08:55:32.041+0000] {dag.py:3696} INFO - Setting next_dagrun for example_dynamic_task_mapping_with_no_taskflow_operators to 2023-10-01T08:55:32.041113+00:00, run_after=2023-10-02T08:55:32.041113+00:00
[2023-10-02T08:55:32.048+0000] {processor.py:179} INFO - Processing /home/airflow/.local/lib/python3.8/site-packages/airflow/example_dags/example_dynamic_task_mapping_with_no_taskflow_operators.py took 0.040 seconds
[2023-10-02T08:56:02.391+0000] {processor.py:157} INFO - Started process (PID=222) to work on /home/airflow/.local/lib/python3.8/site-packages/airflow/example_dags/example_dynamic_task_mapping_with_no_taskflow_operators.py
[2023-10-02T08:56:02.393+0000] {processor.py:829} INFO - Processing file /home/airflow/.local/lib/python3.8/site-packages/airflow/example_dags/example_dynamic_task_mapping_with_no_taskflow_operators.py for tasks to queue
[2023-10-02T08:56:02.394+0000] {logging_mixin.py:151} INFO - [2023-10-02T08:56:02.394+0000] {dagbag.py:539} INFO - Filling up the DagBag from /home/airflow/.local/lib/python3.8/site-packages/airflow/example_dags/example_dynamic_task_mapping_with_no_taskflow_operators.py
[2023-10-02T08:56:02.397+0000] {processor.py:839} INFO - DAG(s) dict_keys(['example_dynamic_task_mapping_with_no_taskflow_operators']) retrieved from /home/airflow/.local/lib/python3.8/site-packages/airflow/example_dags/example_dynamic_task_mapping_with_no_taskflow_operators.py
[2023-10-02T08:56:02.413+0000] {logging_mixin.py:151} INFO - [2023-10-02T08:56:02.412+0000] {dag.py:2915} INFO - Sync 1 DAGs
[2023-10-02T08:56:02.425+0000] {logging_mixin.py:151} INFO - [2023-10-02T08:56:02.424+0000] {dag.py:3696} INFO - Setting next_dagrun for example_dynamic_task_mapping_with_no_taskflow_operators to 2023-10-01T08:56:02.424800+00:00, run_after=2023-10-02T08:56:02.424800+00:00
[2023-10-02T08:56:02.440+0000] {processor.py:179} INFO - Processing /home/airflow/.local/lib/python3.8/site-packages/airflow/example_dags/example_dynamic_task_mapping_with_no_taskflow_operators.py took 0.050 seconds
[2023-10-02T08:56:33.428+0000] {processor.py:157} INFO - Started process (PID=279) to work on /home/airflow/.local/lib/python3.8/site-packages/airflow/example_dags/example_dynamic_task_mapping_with_no_taskflow_operators.py
[2023-10-02T08:56:33.428+0000] {processor.py:829} INFO - Processing file /home/airflow/.local/lib/python3.8/site-packages/airflow/example_dags/example_dynamic_task_mapping_with_no_taskflow_operators.py for tasks to queue
[2023-10-02T08:56:33.430+0000] {logging_mixin.py:151} INFO - [2023-10-02T08:56:33.429+0000] {dagbag.py:539} INFO - Filling up the DagBag from /home/airflow/.local/lib/python3.8/site-packages/airflow/example_dags/example_dynamic_task_mapping_with_no_taskflow_operators.py
[2023-10-02T08:56:33.433+0000] {processor.py:839} INFO - DAG(s) dict_keys(['example_dynamic_task_mapping_with_no_taskflow_operators']) retrieved from /home/airflow/.local/lib/python3.8/site-packages/airflow/example_dags/example_dynamic_task_mapping_with_no_taskflow_operators.py
[2023-10-02T08:56:33.443+0000] {logging_mixin.py:151} INFO - [2023-10-02T08:56:33.443+0000] {dag.py:2915} INFO - Sync 1 DAGs
[2023-10-02T08:56:33.452+0000] {logging_mixin.py:151} INFO - [2023-10-02T08:56:33.452+0000] {dag.py:3696} INFO - Setting next_dagrun for example_dynamic_task_mapping_with_no_taskflow_operators to 2023-10-01T08:56:33.452303+00:00, run_after=2023-10-02T08:56:33.452303+00:00
[2023-10-02T08:56:33.459+0000] {processor.py:179} INFO - Processing /home/airflow/.local/lib/python3.8/site-packages/airflow/example_dags/example_dynamic_task_mapping_with_no_taskflow_operators.py took 0.033 seconds
[2023-10-02T08:57:04.340+0000] {processor.py:157} INFO - Started process (PID=336) to work on /home/airflow/.local/lib/python3.8/site-packages/airflow/example_dags/example_dynamic_task_mapping_with_no_taskflow_operators.py
[2023-10-02T08:57:04.341+0000] {processor.py:829} INFO - Processing file /home/airflow/.local/lib/python3.8/site-packages/airflow/example_dags/example_dynamic_task_mapping_with_no_taskflow_operators.py for tasks to queue
[2023-10-02T08:57:04.342+0000] {logging_mixin.py:151} INFO - [2023-10-02T08:57:04.342+0000] {dagbag.py:539} INFO - Filling up the DagBag from /home/airflow/.local/lib/python3.8/site-packages/airflow/example_dags/example_dynamic_task_mapping_with_no_taskflow_operators.py
[2023-10-02T08:57:04.345+0000] {processor.py:839} INFO - DAG(s) dict_keys(['example_dynamic_task_mapping_with_no_taskflow_operators']) retrieved from /home/airflow/.local/lib/python3.8/site-packages/airflow/example_dags/example_dynamic_task_mapping_with_no_taskflow_operators.py
[2023-10-02T08:57:04.354+0000] {logging_mixin.py:151} INFO - [2023-10-02T08:57:04.354+0000] {dag.py:2915} INFO - Sync 1 DAGs
[2023-10-02T08:57:04.363+0000] {logging_mixin.py:151} INFO - [2023-10-02T08:57:04.363+0000] {dag.py:3696} INFO - Setting next_dagrun for example_dynamic_task_mapping_with_no_taskflow_operators to 2023-10-01T08:57:04.363578+00:00, run_after=2023-10-02T08:57:04.363578+00:00
[2023-10-02T08:57:04.370+0000] {processor.py:179} INFO - Processing /home/airflow/.local/lib/python3.8/site-packages/airflow/example_dags/example_dynamic_task_mapping_with_no_taskflow_operators.py took 0.032 seconds
[2023-10-02T08:57:35.288+0000] {processor.py:157} INFO - Started process (PID=393) to work on /home/airflow/.local/lib/python3.8/site-packages/airflow/example_dags/example_dynamic_task_mapping_with_no_taskflow_operators.py
[2023-10-02T08:57:35.288+0000] {processor.py:829} INFO - Processing file /home/airflow/.local/lib/python3.8/site-packages/airflow/example_dags/example_dynamic_task_mapping_with_no_taskflow_operators.py for tasks to queue
[2023-10-02T08:57:35.290+0000] {logging_mixin.py:151} INFO - [2023-10-02T08:57:35.289+0000] {dagbag.py:539} INFO - Filling up the DagBag from /home/airflow/.local/lib/python3.8/site-packages/airflow/example_dags/example_dynamic_task_mapping_with_no_taskflow_operators.py
[2023-10-02T08:57:35.293+0000] {processor.py:839} INFO - DAG(s) dict_keys(['example_dynamic_task_mapping_with_no_taskflow_operators']) retrieved from /home/airflow/.local/lib/python3.8/site-packages/airflow/example_dags/example_dynamic_task_mapping_with_no_taskflow_operators.py
[2023-10-02T08:57:35.303+0000] {logging_mixin.py:151} INFO - [2023-10-02T08:57:35.303+0000] {dag.py:2915} INFO - Sync 1 DAGs
[2023-10-02T08:57:35.315+0000] {logging_mixin.py:151} INFO - [2023-10-02T08:57:35.315+0000] {dag.py:3696} INFO - Setting next_dagrun for example_dynamic_task_mapping_with_no_taskflow_operators to 2023-10-01T08:57:35.314984+00:00, run_after=2023-10-02T08:57:35.314984+00:00
[2023-10-02T08:57:35.323+0000] {processor.py:179} INFO - Processing /home/airflow/.local/lib/python3.8/site-packages/airflow/example_dags/example_dynamic_task_mapping_with_no_taskflow_operators.py took 0.037 seconds
[2023-10-02T08:58:06.207+0000] {processor.py:157} INFO - Started process (PID=450) to work on /home/airflow/.local/lib/python3.8/site-packages/airflow/example_dags/example_dynamic_task_mapping_with_no_taskflow_operators.py
[2023-10-02T08:58:06.208+0000] {processor.py:829} INFO - Processing file /home/airflow/.local/lib/python3.8/site-packages/airflow/example_dags/example_dynamic_task_mapping_with_no_taskflow_operators.py for tasks to queue
[2023-10-02T08:58:06.209+0000] {logging_mixin.py:151} INFO - [2023-10-02T08:58:06.209+0000] {dagbag.py:539} INFO - Filling up the DagBag from /home/airflow/.local/lib/python3.8/site-packages/airflow/example_dags/example_dynamic_task_mapping_with_no_taskflow_operators.py
[2023-10-02T08:58:06.213+0000] {processor.py:839} INFO - DAG(s) dict_keys(['example_dynamic_task_mapping_with_no_taskflow_operators']) retrieved from /home/airflow/.local/lib/python3.8/site-packages/airflow/example_dags/example_dynamic_task_mapping_with_no_taskflow_operators.py
[2023-10-02T08:58:06.222+0000] {logging_mixin.py:151} INFO - [2023-10-02T08:58:06.222+0000] {dag.py:2915} INFO - Sync 1 DAGs
[2023-10-02T08:58:06.232+0000] {logging_mixin.py:151} INFO - [2023-10-02T08:58:06.232+0000] {dag.py:3696} INFO - Setting next_dagrun for example_dynamic_task_mapping_with_no_taskflow_operators to 2023-10-01T08:58:06.232151+00:00, run_after=2023-10-02T08:58:06.232151+00:00
[2023-10-02T08:58:06.240+0000] {processor.py:179} INFO - Processing /home/airflow/.local/lib/python3.8/site-packages/airflow/example_dags/example_dynamic_task_mapping_with_no_taskflow_operators.py took 0.034 seconds
[2023-10-02T08:58:37.225+0000] {processor.py:157} INFO - Started process (PID=507) to work on /home/airflow/.local/lib/python3.8/site-packages/airflow/example_dags/example_dynamic_task_mapping_with_no_taskflow_operators.py
[2023-10-02T08:58:37.226+0000] {processor.py:829} INFO - Processing file /home/airflow/.local/lib/python3.8/site-packages/airflow/example_dags/example_dynamic_task_mapping_with_no_taskflow_operators.py for tasks to queue
[2023-10-02T08:58:37.228+0000] {logging_mixin.py:151} INFO - [2023-10-02T08:58:37.228+0000] {dagbag.py:539} INFO - Filling up the DagBag from /home/airflow/.local/lib/python3.8/site-packages/airflow/example_dags/example_dynamic_task_mapping_with_no_taskflow_operators.py
[2023-10-02T08:58:37.233+0000] {processor.py:839} INFO - DAG(s) dict_keys(['example_dynamic_task_mapping_with_no_taskflow_operators']) retrieved from /home/airflow/.local/lib/python3.8/site-packages/airflow/example_dags/example_dynamic_task_mapping_with_no_taskflow_operators.py
[2023-10-02T08:58:37.249+0000] {logging_mixin.py:151} INFO - [2023-10-02T08:58:37.248+0000] {dag.py:2915} INFO - Sync 1 DAGs
[2023-10-02T08:58:37.260+0000] {logging_mixin.py:151} INFO - [2023-10-02T08:58:37.260+0000] {dag.py:3696} INFO - Setting next_dagrun for example_dynamic_task_mapping_with_no_taskflow_operators to 2023-10-01T08:58:37.260014+00:00, run_after=2023-10-02T08:58:37.260014+00:00
[2023-10-02T08:58:37.267+0000] {processor.py:179} INFO - Processing /home/airflow/.local/lib/python3.8/site-packages/airflow/example_dags/example_dynamic_task_mapping_with_no_taskflow_operators.py took 0.046 seconds
[2023-10-02T08:59:07.991+0000] {processor.py:157} INFO - Started process (PID=565) to work on /home/airflow/.local/lib/python3.8/site-packages/airflow/example_dags/example_dynamic_task_mapping_with_no_taskflow_operators.py
[2023-10-02T08:59:07.991+0000] {processor.py:829} INFO - Processing file /home/airflow/.local/lib/python3.8/site-packages/airflow/example_dags/example_dynamic_task_mapping_with_no_taskflow_operators.py for tasks to queue
[2023-10-02T08:59:07.993+0000] {logging_mixin.py:151} INFO - [2023-10-02T08:59:07.993+0000] {dagbag.py:539} INFO - Filling up the DagBag from /home/airflow/.local/lib/python3.8/site-packages/airflow/example_dags/example_dynamic_task_mapping_with_no_taskflow_operators.py
[2023-10-02T08:59:07.996+0000] {processor.py:839} INFO - DAG(s) dict_keys(['example_dynamic_task_mapping_with_no_taskflow_operators']) retrieved from /home/airflow/.local/lib/python3.8/site-packages/airflow/example_dags/example_dynamic_task_mapping_with_no_taskflow_operators.py
[2023-10-02T08:59:08.006+0000] {logging_mixin.py:151} INFO - [2023-10-02T08:59:08.006+0000] {dag.py:2915} INFO - Sync 1 DAGs
[2023-10-02T08:59:08.015+0000] {logging_mixin.py:151} INFO - [2023-10-02T08:59:08.015+0000] {dag.py:3696} INFO - Setting next_dagrun for example_dynamic_task_mapping_with_no_taskflow_operators to 2023-10-01T08:59:08.015432+00:00, run_after=2023-10-02T08:59:08.015432+00:00
[2023-10-02T08:59:08.022+0000] {processor.py:179} INFO - Processing /home/airflow/.local/lib/python3.8/site-packages/airflow/example_dags/example_dynamic_task_mapping_with_no_taskflow_operators.py took 0.033 seconds
[2023-10-02T08:59:39.207+0000] {processor.py:157} INFO - Started process (PID=622) to work on /home/airflow/.local/lib/python3.8/site-packages/airflow/example_dags/example_dynamic_task_mapping_with_no_taskflow_operators.py
[2023-10-02T08:59:39.208+0000] {processor.py:829} INFO - Processing file /home/airflow/.local/lib/python3.8/site-packages/airflow/example_dags/example_dynamic_task_mapping_with_no_taskflow_operators.py for tasks to queue
[2023-10-02T08:59:39.209+0000] {logging_mixin.py:151} INFO - [2023-10-02T08:59:39.209+0000] {dagbag.py:539} INFO - Filling up the DagBag from /home/airflow/.local/lib/python3.8/site-packages/airflow/example_dags/example_dynamic_task_mapping_with_no_taskflow_operators.py
[2023-10-02T08:59:39.214+0000] {processor.py:839} INFO - DAG(s) dict_keys(['example_dynamic_task_mapping_with_no_taskflow_operators']) retrieved from /home/airflow/.local/lib/python3.8/site-packages/airflow/example_dags/example_dynamic_task_mapping_with_no_taskflow_operators.py
[2023-10-02T08:59:39.229+0000] {logging_mixin.py:151} INFO - [2023-10-02T08:59:39.229+0000] {dag.py:2915} INFO - Sync 1 DAGs
[2023-10-02T08:59:39.239+0000] {logging_mixin.py:151} INFO - [2023-10-02T08:59:39.239+0000] {dag.py:3696} INFO - Setting next_dagrun for example_dynamic_task_mapping_with_no_taskflow_operators to 2023-10-01T08:59:39.238920+00:00, run_after=2023-10-02T08:59:39.238920+00:00
[2023-10-02T08:59:39.246+0000] {processor.py:179} INFO - Processing /home/airflow/.local/lib/python3.8/site-packages/airflow/example_dags/example_dynamic_task_mapping_with_no_taskflow_operators.py took 0.041 seconds
[2023-10-02T09:00:10.382+0000] {processor.py:157} INFO - Started process (PID=679) to work on /home/airflow/.local/lib/python3.8/site-packages/airflow/example_dags/example_dynamic_task_mapping_with_no_taskflow_operators.py
[2023-10-02T09:00:10.382+0000] {processor.py:829} INFO - Processing file /home/airflow/.local/lib/python3.8/site-packages/airflow/example_dags/example_dynamic_task_mapping_with_no_taskflow_operators.py for tasks to queue
[2023-10-02T09:00:10.384+0000] {logging_mixin.py:151} INFO - [2023-10-02T09:00:10.384+0000] {dagbag.py:539} INFO - Filling up the DagBag from /home/airflow/.local/lib/python3.8/site-packages/airflow/example_dags/example_dynamic_task_mapping_with_no_taskflow_operators.py
[2023-10-02T09:00:10.387+0000] {processor.py:839} INFO - DAG(s) dict_keys(['example_dynamic_task_mapping_with_no_taskflow_operators']) retrieved from /home/airflow/.local/lib/python3.8/site-packages/airflow/example_dags/example_dynamic_task_mapping_with_no_taskflow_operators.py
[2023-10-02T09:00:10.398+0000] {logging_mixin.py:151} INFO - [2023-10-02T09:00:10.397+0000] {dag.py:2915} INFO - Sync 1 DAGs
[2023-10-02T09:00:10.407+0000] {logging_mixin.py:151} INFO - [2023-10-02T09:00:10.407+0000] {dag.py:3696} INFO - Setting next_dagrun for example_dynamic_task_mapping_with_no_taskflow_operators to 2023-10-01T09:00:10.407592+00:00, run_after=2023-10-02T09:00:10.407592+00:00
[2023-10-02T09:00:10.414+0000] {processor.py:179} INFO - Processing /home/airflow/.local/lib/python3.8/site-packages/airflow/example_dags/example_dynamic_task_mapping_with_no_taskflow_operators.py took 0.034 seconds
[2023-10-02T09:00:41.365+0000] {processor.py:157} INFO - Started process (PID=736) to work on /home/airflow/.local/lib/python3.8/site-packages/airflow/example_dags/example_dynamic_task_mapping_with_no_taskflow_operators.py
[2023-10-02T09:00:41.366+0000] {processor.py:829} INFO - Processing file /home/airflow/.local/lib/python3.8/site-packages/airflow/example_dags/example_dynamic_task_mapping_with_no_taskflow_operators.py for tasks to queue
[2023-10-02T09:00:41.367+0000] {logging_mixin.py:151} INFO - [2023-10-02T09:00:41.367+0000] {dagbag.py:539} INFO - Filling up the DagBag from /home/airflow/.local/lib/python3.8/site-packages/airflow/example_dags/example_dynamic_task_mapping_with_no_taskflow_operators.py
[2023-10-02T09:00:41.371+0000] {processor.py:839} INFO - DAG(s) dict_keys(['example_dynamic_task_mapping_with_no_taskflow_operators']) retrieved from /home/airflow/.local/lib/python3.8/site-packages/airflow/example_dags/example_dynamic_task_mapping_with_no_taskflow_operators.py
[2023-10-02T09:00:41.380+0000] {logging_mixin.py:151} INFO - [2023-10-02T09:00:41.380+0000] {dag.py:2915} INFO - Sync 1 DAGs
[2023-10-02T09:00:41.390+0000] {logging_mixin.py:151} INFO - [2023-10-02T09:00:41.390+0000] {dag.py:3696} INFO - Setting next_dagrun for example_dynamic_task_mapping_with_no_taskflow_operators to 2023-10-01T09:00:41.390380+00:00, run_after=2023-10-02T09:00:41.390380+00:00
[2023-10-02T09:00:41.398+0000] {processor.py:179} INFO - Processing /home/airflow/.local/lib/python3.8/site-packages/airflow/example_dags/example_dynamic_task_mapping_with_no_taskflow_operators.py took 0.034 seconds
[2023-10-02T09:01:12.258+0000] {processor.py:157} INFO - Started process (PID=793) to work on /home/airflow/.local/lib/python3.8/site-packages/airflow/example_dags/example_dynamic_task_mapping_with_no_taskflow_operators.py
[2023-10-02T09:01:12.259+0000] {processor.py:829} INFO - Processing file /home/airflow/.local/lib/python3.8/site-packages/airflow/example_dags/example_dynamic_task_mapping_with_no_taskflow_operators.py for tasks to queue
[2023-10-02T09:01:12.260+0000] {logging_mixin.py:151} INFO - [2023-10-02T09:01:12.260+0000] {dagbag.py:539} INFO - Filling up the DagBag from /home/airflow/.local/lib/python3.8/site-packages/airflow/example_dags/example_dynamic_task_mapping_with_no_taskflow_operators.py
[2023-10-02T09:01:12.264+0000] {processor.py:839} INFO - DAG(s) dict_keys(['example_dynamic_task_mapping_with_no_taskflow_operators']) retrieved from /home/airflow/.local/lib/python3.8/site-packages/airflow/example_dags/example_dynamic_task_mapping_with_no_taskflow_operators.py
[2023-10-02T09:01:12.273+0000] {logging_mixin.py:151} INFO - [2023-10-02T09:01:12.273+0000] {dag.py:2915} INFO - Sync 1 DAGs
[2023-10-02T09:01:12.282+0000] {logging_mixin.py:151} INFO - [2023-10-02T09:01:12.282+0000] {dag.py:3696} INFO - Setting next_dagrun for example_dynamic_task_mapping_with_no_taskflow_operators to 2023-10-01T09:01:12.282320+00:00, run_after=2023-10-02T09:01:12.282320+00:00
[2023-10-02T09:01:12.289+0000] {processor.py:179} INFO - Processing /home/airflow/.local/lib/python3.8/site-packages/airflow/example_dags/example_dynamic_task_mapping_with_no_taskflow_operators.py took 0.033 seconds
[2023-10-02T09:01:43.407+0000] {processor.py:157} INFO - Started process (PID=850) to work on /home/airflow/.local/lib/python3.8/site-packages/airflow/example_dags/example_dynamic_task_mapping_with_no_taskflow_operators.py
[2023-10-02T09:01:43.408+0000] {processor.py:829} INFO - Processing file /home/airflow/.local/lib/python3.8/site-packages/airflow/example_dags/example_dynamic_task_mapping_with_no_taskflow_operators.py for tasks to queue
[2023-10-02T09:01:43.409+0000] {logging_mixin.py:151} INFO - [2023-10-02T09:01:43.408+0000] {dagbag.py:539} INFO - Filling up the DagBag from /home/airflow/.local/lib/python3.8/site-packages/airflow/example_dags/example_dynamic_task_mapping_with_no_taskflow_operators.py
[2023-10-02T09:01:43.412+0000] {processor.py:839} INFO - DAG(s) dict_keys(['example_dynamic_task_mapping_with_no_taskflow_operators']) retrieved from /home/airflow/.local/lib/python3.8/site-packages/airflow/example_dags/example_dynamic_task_mapping_with_no_taskflow_operators.py
[2023-10-02T09:01:43.423+0000] {logging_mixin.py:151} INFO - [2023-10-02T09:01:43.422+0000] {dag.py:2915} INFO - Sync 1 DAGs
[2023-10-02T09:01:43.432+0000] {logging_mixin.py:151} INFO - [2023-10-02T09:01:43.432+0000] {dag.py:3696} INFO - Setting next_dagrun for example_dynamic_task_mapping_with_no_taskflow_operators to 2023-10-01T09:01:43.432185+00:00, run_after=2023-10-02T09:01:43.432185+00:00
[2023-10-02T09:01:43.439+0000] {processor.py:179} INFO - Processing /home/airflow/.local/lib/python3.8/site-packages/airflow/example_dags/example_dynamic_task_mapping_with_no_taskflow_operators.py took 0.033 seconds
[2023-10-02T09:02:14.298+0000] {processor.py:157} INFO - Started process (PID=907) to work on /home/airflow/.local/lib/python3.8/site-packages/airflow/example_dags/example_dynamic_task_mapping_with_no_taskflow_operators.py
[2023-10-02T09:02:14.298+0000] {processor.py:829} INFO - Processing file /home/airflow/.local/lib/python3.8/site-packages/airflow/example_dags/example_dynamic_task_mapping_with_no_taskflow_operators.py for tasks to queue
[2023-10-02T09:02:14.299+0000] {logging_mixin.py:151} INFO - [2023-10-02T09:02:14.299+0000] {dagbag.py:539} INFO - Filling up the DagBag from /home/airflow/.local/lib/python3.8/site-packages/airflow/example_dags/example_dynamic_task_mapping_with_no_taskflow_operators.py
[2023-10-02T09:02:14.303+0000] {processor.py:839} INFO - DAG(s) dict_keys(['example_dynamic_task_mapping_with_no_taskflow_operators']) retrieved from /home/airflow/.local/lib/python3.8/site-packages/airflow/example_dags/example_dynamic_task_mapping_with_no_taskflow_operators.py
[2023-10-02T09:02:14.312+0000] {logging_mixin.py:151} INFO - [2023-10-02T09:02:14.312+0000] {dag.py:2915} INFO - Sync 1 DAGs
[2023-10-02T09:02:14.321+0000] {logging_mixin.py:151} INFO - [2023-10-02T09:02:14.321+0000] {dag.py:3696} INFO - Setting next_dagrun for example_dynamic_task_mapping_with_no_taskflow_operators to 2023-10-01T09:02:14.321412+00:00, run_after=2023-10-02T09:02:14.321412+00:00
[2023-10-02T09:02:14.328+0000] {processor.py:179} INFO - Processing /home/airflow/.local/lib/python3.8/site-packages/airflow/example_dags/example_dynamic_task_mapping_with_no_taskflow_operators.py took 0.033 seconds
