[2023-10-02T08:54:30.944+0000] {processor.py:157} INFO - Started process (PID=61) to work on /home/airflow/.local/lib/python3.8/site-packages/airflow/example_dags/example_datasets.py
[2023-10-02T08:54:30.946+0000] {processor.py:829} INFO - Processing file /home/airflow/.local/lib/python3.8/site-packages/airflow/example_dags/example_datasets.py for tasks to queue
[2023-10-02T08:54:30.949+0000] {logging_mixin.py:151} INFO - [2023-10-02T08:54:30.949+0000] {dagbag.py:539} INFO - Filling up the DagBag from /home/airflow/.local/lib/python3.8/site-packages/airflow/example_dags/example_datasets.py
[2023-10-02T08:54:30.982+0000] {processor.py:839} INFO - DAG(s) dict_keys(['dataset_consumes_1_never_scheduled', 'dataset_produces_1', 'dataset_consumes_1', 'dataset_produces_2', 'dataset_consumes_unknown_never_scheduled', 'dataset_consumes_1_and_2']) retrieved from /home/airflow/.local/lib/python3.8/site-packages/airflow/example_dags/example_datasets.py
[2023-10-02T08:54:31.007+0000] {logging_mixin.py:151} INFO - [2023-10-02T08:54:31.007+0000] {dag.py:2915} INFO - Sync 6 DAGs
[2023-10-02T08:54:31.035+0000] {logging_mixin.py:151} INFO - [2023-10-02T08:54:31.035+0000] {dag.py:3696} INFO - Setting next_dagrun for dataset_consumes_1 to None, run_after=None
[2023-10-02T08:54:31.039+0000] {logging_mixin.py:151} INFO - [2023-10-02T08:54:31.038+0000] {dag.py:3696} INFO - Setting next_dagrun for dataset_consumes_1_and_2 to None, run_after=None
[2023-10-02T08:54:31.040+0000] {logging_mixin.py:151} INFO - [2023-10-02T08:54:31.040+0000] {dag.py:3696} INFO - Setting next_dagrun for dataset_consumes_1_never_scheduled to None, run_after=None
[2023-10-02T08:54:31.041+0000] {logging_mixin.py:151} INFO - [2023-10-02T08:54:31.041+0000] {dag.py:3696} INFO - Setting next_dagrun for dataset_consumes_unknown_never_scheduled to None, run_after=None
[2023-10-02T08:54:31.044+0000] {logging_mixin.py:151} INFO - [2023-10-02T08:54:31.044+0000] {dag.py:3696} INFO - Setting next_dagrun for dataset_produces_1 to 2023-10-01T00:00:00+00:00, run_after=2023-10-02T00:00:00+00:00
[2023-10-02T08:54:31.054+0000] {logging_mixin.py:151} INFO - [2023-10-02T08:54:31.054+0000] {dag.py:3696} INFO - Setting next_dagrun for dataset_produces_2 to None, run_after=None
[2023-10-02T08:54:31.081+0000] {processor.py:179} INFO - Processing /home/airflow/.local/lib/python3.8/site-packages/airflow/example_dags/example_datasets.py took 0.141 seconds
[2023-10-02T08:55:01.724+0000] {processor.py:157} INFO - Started process (PID=118) to work on /home/airflow/.local/lib/python3.8/site-packages/airflow/example_dags/example_datasets.py
[2023-10-02T08:55:01.725+0000] {processor.py:829} INFO - Processing file /home/airflow/.local/lib/python3.8/site-packages/airflow/example_dags/example_datasets.py for tasks to queue
[2023-10-02T08:55:01.726+0000] {logging_mixin.py:151} INFO - [2023-10-02T08:55:01.726+0000] {dagbag.py:539} INFO - Filling up the DagBag from /home/airflow/.local/lib/python3.8/site-packages/airflow/example_dags/example_datasets.py
[2023-10-02T08:55:01.731+0000] {processor.py:839} INFO - DAG(s) dict_keys(['dataset_consumes_1_and_2', 'dataset_consumes_1', 'dataset_consumes_1_never_scheduled', 'dataset_produces_2', 'dataset_consumes_unknown_never_scheduled', 'dataset_produces_1']) retrieved from /home/airflow/.local/lib/python3.8/site-packages/airflow/example_dags/example_datasets.py
[2023-10-02T08:55:01.747+0000] {logging_mixin.py:151} INFO - [2023-10-02T08:55:01.747+0000] {dag.py:2915} INFO - Sync 6 DAGs
[2023-10-02T08:55:01.756+0000] {logging_mixin.py:151} INFO - [2023-10-02T08:55:01.756+0000] {dag.py:3696} INFO - Setting next_dagrun for dataset_consumes_1 to None, run_after=None
[2023-10-02T08:55:01.757+0000] {logging_mixin.py:151} INFO - [2023-10-02T08:55:01.757+0000] {dag.py:3696} INFO - Setting next_dagrun for dataset_consumes_1_and_2 to None, run_after=None
[2023-10-02T08:55:01.758+0000] {logging_mixin.py:151} INFO - [2023-10-02T08:55:01.758+0000] {dag.py:3696} INFO - Setting next_dagrun for dataset_consumes_1_never_scheduled to None, run_after=None
[2023-10-02T08:55:01.758+0000] {logging_mixin.py:151} INFO - [2023-10-02T08:55:01.758+0000] {dag.py:3696} INFO - Setting next_dagrun for dataset_consumes_unknown_never_scheduled to None, run_after=None
[2023-10-02T08:55:01.759+0000] {logging_mixin.py:151} INFO - [2023-10-02T08:55:01.759+0000] {dag.py:3696} INFO - Setting next_dagrun for dataset_produces_1 to 2023-10-01T00:00:00+00:00, run_after=2023-10-02T00:00:00+00:00
[2023-10-02T08:55:01.760+0000] {logging_mixin.py:151} INFO - [2023-10-02T08:55:01.760+0000] {dag.py:3696} INFO - Setting next_dagrun for dataset_produces_2 to None, run_after=None
[2023-10-02T08:55:01.772+0000] {processor.py:179} INFO - Processing /home/airflow/.local/lib/python3.8/site-packages/airflow/example_dags/example_datasets.py took 0.049 seconds
[2023-10-02T08:55:32.299+0000] {processor.py:157} INFO - Started process (PID=175) to work on /home/airflow/.local/lib/python3.8/site-packages/airflow/example_dags/example_datasets.py
[2023-10-02T08:55:32.300+0000] {processor.py:829} INFO - Processing file /home/airflow/.local/lib/python3.8/site-packages/airflow/example_dags/example_datasets.py for tasks to queue
[2023-10-02T08:55:32.301+0000] {logging_mixin.py:151} INFO - [2023-10-02T08:55:32.301+0000] {dagbag.py:539} INFO - Filling up the DagBag from /home/airflow/.local/lib/python3.8/site-packages/airflow/example_dags/example_datasets.py
[2023-10-02T08:55:32.306+0000] {processor.py:839} INFO - DAG(s) dict_keys(['dataset_produces_1', 'dataset_consumes_1_never_scheduled', 'dataset_consumes_1', 'dataset_consumes_1_and_2', 'dataset_produces_2', 'dataset_consumes_unknown_never_scheduled']) retrieved from /home/airflow/.local/lib/python3.8/site-packages/airflow/example_dags/example_datasets.py
[2023-10-02T08:55:32.325+0000] {logging_mixin.py:151} INFO - [2023-10-02T08:55:32.325+0000] {dag.py:2915} INFO - Sync 6 DAGs
[2023-10-02T08:55:32.336+0000] {logging_mixin.py:151} INFO - [2023-10-02T08:55:32.336+0000] {dag.py:3696} INFO - Setting next_dagrun for dataset_consumes_1 to None, run_after=None
[2023-10-02T08:55:32.338+0000] {logging_mixin.py:151} INFO - [2023-10-02T08:55:32.338+0000] {dag.py:3696} INFO - Setting next_dagrun for dataset_consumes_1_and_2 to None, run_after=None
[2023-10-02T08:55:32.339+0000] {logging_mixin.py:151} INFO - [2023-10-02T08:55:32.338+0000] {dag.py:3696} INFO - Setting next_dagrun for dataset_consumes_1_never_scheduled to None, run_after=None
[2023-10-02T08:55:32.339+0000] {logging_mixin.py:151} INFO - [2023-10-02T08:55:32.339+0000] {dag.py:3696} INFO - Setting next_dagrun for dataset_consumes_unknown_never_scheduled to None, run_after=None
[2023-10-02T08:55:32.340+0000] {logging_mixin.py:151} INFO - [2023-10-02T08:55:32.340+0000] {dag.py:3696} INFO - Setting next_dagrun for dataset_produces_1 to 2023-10-01T00:00:00+00:00, run_after=2023-10-02T00:00:00+00:00
[2023-10-02T08:55:32.341+0000] {logging_mixin.py:151} INFO - [2023-10-02T08:55:32.341+0000] {dag.py:3696} INFO - Setting next_dagrun for dataset_produces_2 to None, run_after=None
[2023-10-02T08:55:32.354+0000] {processor.py:179} INFO - Processing /home/airflow/.local/lib/python3.8/site-packages/airflow/example_dags/example_datasets.py took 0.057 seconds
[2023-10-02T08:56:02.703+0000] {processor.py:157} INFO - Started process (PID=232) to work on /home/airflow/.local/lib/python3.8/site-packages/airflow/example_dags/example_datasets.py
[2023-10-02T08:56:02.704+0000] {processor.py:829} INFO - Processing file /home/airflow/.local/lib/python3.8/site-packages/airflow/example_dags/example_datasets.py for tasks to queue
[2023-10-02T08:56:02.705+0000] {logging_mixin.py:151} INFO - [2023-10-02T08:56:02.705+0000] {dagbag.py:539} INFO - Filling up the DagBag from /home/airflow/.local/lib/python3.8/site-packages/airflow/example_dags/example_datasets.py
[2023-10-02T08:56:02.710+0000] {processor.py:839} INFO - DAG(s) dict_keys(['dataset_consumes_1_never_scheduled', 'dataset_produces_1', 'dataset_consumes_1_and_2', 'dataset_consumes_unknown_never_scheduled', 'dataset_consumes_1', 'dataset_produces_2']) retrieved from /home/airflow/.local/lib/python3.8/site-packages/airflow/example_dags/example_datasets.py
[2023-10-02T08:56:02.725+0000] {logging_mixin.py:151} INFO - [2023-10-02T08:56:02.725+0000] {dag.py:2915} INFO - Sync 6 DAGs
[2023-10-02T08:56:02.734+0000] {logging_mixin.py:151} INFO - [2023-10-02T08:56:02.734+0000] {dag.py:3696} INFO - Setting next_dagrun for dataset_consumes_1 to None, run_after=None
[2023-10-02T08:56:02.736+0000] {logging_mixin.py:151} INFO - [2023-10-02T08:56:02.736+0000] {dag.py:3696} INFO - Setting next_dagrun for dataset_consumes_1_and_2 to None, run_after=None
[2023-10-02T08:56:02.736+0000] {logging_mixin.py:151} INFO - [2023-10-02T08:56:02.736+0000] {dag.py:3696} INFO - Setting next_dagrun for dataset_consumes_1_never_scheduled to None, run_after=None
[2023-10-02T08:56:02.737+0000] {logging_mixin.py:151} INFO - [2023-10-02T08:56:02.737+0000] {dag.py:3696} INFO - Setting next_dagrun for dataset_consumes_unknown_never_scheduled to None, run_after=None
[2023-10-02T08:56:02.738+0000] {logging_mixin.py:151} INFO - [2023-10-02T08:56:02.738+0000] {dag.py:3696} INFO - Setting next_dagrun for dataset_produces_1 to 2023-10-01T00:00:00+00:00, run_after=2023-10-02T00:00:00+00:00
[2023-10-02T08:56:02.738+0000] {logging_mixin.py:151} INFO - [2023-10-02T08:56:02.738+0000] {dag.py:3696} INFO - Setting next_dagrun for dataset_produces_2 to None, run_after=None
[2023-10-02T08:56:02.750+0000] {processor.py:179} INFO - Processing /home/airflow/.local/lib/python3.8/site-packages/airflow/example_dags/example_datasets.py took 0.048 seconds
[2023-10-02T08:56:33.735+0000] {processor.py:157} INFO - Started process (PID=289) to work on /home/airflow/.local/lib/python3.8/site-packages/airflow/example_dags/example_datasets.py
[2023-10-02T08:56:33.736+0000] {processor.py:829} INFO - Processing file /home/airflow/.local/lib/python3.8/site-packages/airflow/example_dags/example_datasets.py for tasks to queue
[2023-10-02T08:56:33.737+0000] {logging_mixin.py:151} INFO - [2023-10-02T08:56:33.737+0000] {dagbag.py:539} INFO - Filling up the DagBag from /home/airflow/.local/lib/python3.8/site-packages/airflow/example_dags/example_datasets.py
[2023-10-02T08:56:33.743+0000] {processor.py:839} INFO - DAG(s) dict_keys(['dataset_consumes_1_never_scheduled', 'dataset_consumes_1_and_2', 'dataset_consumes_unknown_never_scheduled', 'dataset_consumes_1', 'dataset_produces_2', 'dataset_produces_1']) retrieved from /home/airflow/.local/lib/python3.8/site-packages/airflow/example_dags/example_datasets.py
[2023-10-02T08:56:33.757+0000] {logging_mixin.py:151} INFO - [2023-10-02T08:56:33.757+0000] {dag.py:2915} INFO - Sync 6 DAGs
[2023-10-02T08:56:33.766+0000] {logging_mixin.py:151} INFO - [2023-10-02T08:56:33.766+0000] {dag.py:3696} INFO - Setting next_dagrun for dataset_consumes_1 to None, run_after=None
[2023-10-02T08:56:33.768+0000] {logging_mixin.py:151} INFO - [2023-10-02T08:56:33.768+0000] {dag.py:3696} INFO - Setting next_dagrun for dataset_consumes_1_and_2 to None, run_after=None
[2023-10-02T08:56:33.768+0000] {logging_mixin.py:151} INFO - [2023-10-02T08:56:33.768+0000] {dag.py:3696} INFO - Setting next_dagrun for dataset_consumes_1_never_scheduled to None, run_after=None
[2023-10-02T08:56:33.769+0000] {logging_mixin.py:151} INFO - [2023-10-02T08:56:33.769+0000] {dag.py:3696} INFO - Setting next_dagrun for dataset_consumes_unknown_never_scheduled to None, run_after=None
[2023-10-02T08:56:33.770+0000] {logging_mixin.py:151} INFO - [2023-10-02T08:56:33.770+0000] {dag.py:3696} INFO - Setting next_dagrun for dataset_produces_1 to 2023-10-01T00:00:00+00:00, run_after=2023-10-02T00:00:00+00:00
[2023-10-02T08:56:33.771+0000] {logging_mixin.py:151} INFO - [2023-10-02T08:56:33.771+0000] {dag.py:3696} INFO - Setting next_dagrun for dataset_produces_2 to None, run_after=None
[2023-10-02T08:56:33.783+0000] {processor.py:179} INFO - Processing /home/airflow/.local/lib/python3.8/site-packages/airflow/example_dags/example_datasets.py took 0.049 seconds
[2023-10-02T08:57:04.653+0000] {processor.py:157} INFO - Started process (PID=346) to work on /home/airflow/.local/lib/python3.8/site-packages/airflow/example_dags/example_datasets.py
[2023-10-02T08:57:04.654+0000] {processor.py:829} INFO - Processing file /home/airflow/.local/lib/python3.8/site-packages/airflow/example_dags/example_datasets.py for tasks to queue
[2023-10-02T08:57:04.655+0000] {logging_mixin.py:151} INFO - [2023-10-02T08:57:04.655+0000] {dagbag.py:539} INFO - Filling up the DagBag from /home/airflow/.local/lib/python3.8/site-packages/airflow/example_dags/example_datasets.py
[2023-10-02T08:57:04.660+0000] {processor.py:839} INFO - DAG(s) dict_keys(['dataset_produces_1', 'dataset_consumes_unknown_never_scheduled', 'dataset_produces_2', 'dataset_consumes_1', 'dataset_consumes_1_never_scheduled', 'dataset_consumes_1_and_2']) retrieved from /home/airflow/.local/lib/python3.8/site-packages/airflow/example_dags/example_datasets.py
[2023-10-02T08:57:04.676+0000] {logging_mixin.py:151} INFO - [2023-10-02T08:57:04.676+0000] {dag.py:2915} INFO - Sync 6 DAGs
[2023-10-02T08:57:04.685+0000] {logging_mixin.py:151} INFO - [2023-10-02T08:57:04.685+0000] {dag.py:3696} INFO - Setting next_dagrun for dataset_consumes_1 to None, run_after=None
[2023-10-02T08:57:04.687+0000] {logging_mixin.py:151} INFO - [2023-10-02T08:57:04.687+0000] {dag.py:3696} INFO - Setting next_dagrun for dataset_consumes_1_and_2 to None, run_after=None
[2023-10-02T08:57:04.688+0000] {logging_mixin.py:151} INFO - [2023-10-02T08:57:04.688+0000] {dag.py:3696} INFO - Setting next_dagrun for dataset_consumes_1_never_scheduled to None, run_after=None
[2023-10-02T08:57:04.688+0000] {logging_mixin.py:151} INFO - [2023-10-02T08:57:04.688+0000] {dag.py:3696} INFO - Setting next_dagrun for dataset_consumes_unknown_never_scheduled to None, run_after=None
[2023-10-02T08:57:04.689+0000] {logging_mixin.py:151} INFO - [2023-10-02T08:57:04.689+0000] {dag.py:3696} INFO - Setting next_dagrun for dataset_produces_1 to 2023-10-01T00:00:00+00:00, run_after=2023-10-02T00:00:00+00:00
[2023-10-02T08:57:04.690+0000] {logging_mixin.py:151} INFO - [2023-10-02T08:57:04.690+0000] {dag.py:3696} INFO - Setting next_dagrun for dataset_produces_2 to None, run_after=None
[2023-10-02T08:57:04.702+0000] {processor.py:179} INFO - Processing /home/airflow/.local/lib/python3.8/site-packages/airflow/example_dags/example_datasets.py took 0.050 seconds
[2023-10-02T08:57:35.594+0000] {processor.py:157} INFO - Started process (PID=403) to work on /home/airflow/.local/lib/python3.8/site-packages/airflow/example_dags/example_datasets.py
[2023-10-02T08:57:35.594+0000] {processor.py:829} INFO - Processing file /home/airflow/.local/lib/python3.8/site-packages/airflow/example_dags/example_datasets.py for tasks to queue
[2023-10-02T08:57:35.595+0000] {logging_mixin.py:151} INFO - [2023-10-02T08:57:35.595+0000] {dagbag.py:539} INFO - Filling up the DagBag from /home/airflow/.local/lib/python3.8/site-packages/airflow/example_dags/example_datasets.py
[2023-10-02T08:57:35.600+0000] {processor.py:839} INFO - DAG(s) dict_keys(['dataset_consumes_unknown_never_scheduled', 'dataset_produces_2', 'dataset_consumes_1_and_2', 'dataset_consumes_1', 'dataset_consumes_1_never_scheduled', 'dataset_produces_1']) retrieved from /home/airflow/.local/lib/python3.8/site-packages/airflow/example_dags/example_datasets.py
[2023-10-02T08:57:35.616+0000] {logging_mixin.py:151} INFO - [2023-10-02T08:57:35.616+0000] {dag.py:2915} INFO - Sync 6 DAGs
[2023-10-02T08:57:35.626+0000] {logging_mixin.py:151} INFO - [2023-10-02T08:57:35.626+0000] {dag.py:3696} INFO - Setting next_dagrun for dataset_consumes_1 to None, run_after=None
[2023-10-02T08:57:35.627+0000] {logging_mixin.py:151} INFO - [2023-10-02T08:57:35.627+0000] {dag.py:3696} INFO - Setting next_dagrun for dataset_consumes_1_and_2 to None, run_after=None
[2023-10-02T08:57:35.628+0000] {logging_mixin.py:151} INFO - [2023-10-02T08:57:35.628+0000] {dag.py:3696} INFO - Setting next_dagrun for dataset_consumes_1_never_scheduled to None, run_after=None
[2023-10-02T08:57:35.628+0000] {logging_mixin.py:151} INFO - [2023-10-02T08:57:35.628+0000] {dag.py:3696} INFO - Setting next_dagrun for dataset_consumes_unknown_never_scheduled to None, run_after=None
[2023-10-02T08:57:35.629+0000] {logging_mixin.py:151} INFO - [2023-10-02T08:57:35.629+0000] {dag.py:3696} INFO - Setting next_dagrun for dataset_produces_1 to 2023-10-01T00:00:00+00:00, run_after=2023-10-02T00:00:00+00:00
[2023-10-02T08:57:35.630+0000] {logging_mixin.py:151} INFO - [2023-10-02T08:57:35.630+0000] {dag.py:3696} INFO - Setting next_dagrun for dataset_produces_2 to None, run_after=None
[2023-10-02T08:57:35.642+0000] {processor.py:179} INFO - Processing /home/airflow/.local/lib/python3.8/site-packages/airflow/example_dags/example_datasets.py took 0.050 seconds
[2023-10-02T08:58:06.496+0000] {processor.py:157} INFO - Started process (PID=460) to work on /home/airflow/.local/lib/python3.8/site-packages/airflow/example_dags/example_datasets.py
[2023-10-02T08:58:06.496+0000] {processor.py:829} INFO - Processing file /home/airflow/.local/lib/python3.8/site-packages/airflow/example_dags/example_datasets.py for tasks to queue
[2023-10-02T08:58:06.497+0000] {logging_mixin.py:151} INFO - [2023-10-02T08:58:06.497+0000] {dagbag.py:539} INFO - Filling up the DagBag from /home/airflow/.local/lib/python3.8/site-packages/airflow/example_dags/example_datasets.py
[2023-10-02T08:58:06.502+0000] {processor.py:839} INFO - DAG(s) dict_keys(['dataset_consumes_unknown_never_scheduled', 'dataset_produces_1', 'dataset_consumes_1', 'dataset_produces_2', 'dataset_consumes_1_never_scheduled', 'dataset_consumes_1_and_2']) retrieved from /home/airflow/.local/lib/python3.8/site-packages/airflow/example_dags/example_datasets.py
[2023-10-02T08:58:06.517+0000] {logging_mixin.py:151} INFO - [2023-10-02T08:58:06.517+0000] {dag.py:2915} INFO - Sync 6 DAGs
[2023-10-02T08:58:06.527+0000] {logging_mixin.py:151} INFO - [2023-10-02T08:58:06.527+0000] {dag.py:3696} INFO - Setting next_dagrun for dataset_consumes_1 to None, run_after=None
[2023-10-02T08:58:06.528+0000] {logging_mixin.py:151} INFO - [2023-10-02T08:58:06.528+0000] {dag.py:3696} INFO - Setting next_dagrun for dataset_consumes_1_and_2 to None, run_after=None
[2023-10-02T08:58:06.529+0000] {logging_mixin.py:151} INFO - [2023-10-02T08:58:06.529+0000] {dag.py:3696} INFO - Setting next_dagrun for dataset_consumes_1_never_scheduled to None, run_after=None
[2023-10-02T08:58:06.529+0000] {logging_mixin.py:151} INFO - [2023-10-02T08:58:06.529+0000] {dag.py:3696} INFO - Setting next_dagrun for dataset_consumes_unknown_never_scheduled to None, run_after=None
[2023-10-02T08:58:06.530+0000] {logging_mixin.py:151} INFO - [2023-10-02T08:58:06.530+0000] {dag.py:3696} INFO - Setting next_dagrun for dataset_produces_1 to 2023-10-01T00:00:00+00:00, run_after=2023-10-02T00:00:00+00:00
[2023-10-02T08:58:06.531+0000] {logging_mixin.py:151} INFO - [2023-10-02T08:58:06.531+0000] {dag.py:3696} INFO - Setting next_dagrun for dataset_produces_2 to None, run_after=None
[2023-10-02T08:58:06.542+0000] {processor.py:179} INFO - Processing /home/airflow/.local/lib/python3.8/site-packages/airflow/example_dags/example_datasets.py took 0.048 seconds
[2023-10-02T08:58:37.503+0000] {processor.py:157} INFO - Started process (PID=517) to work on /home/airflow/.local/lib/python3.8/site-packages/airflow/example_dags/example_datasets.py
[2023-10-02T08:58:37.504+0000] {processor.py:829} INFO - Processing file /home/airflow/.local/lib/python3.8/site-packages/airflow/example_dags/example_datasets.py for tasks to queue
[2023-10-02T08:58:37.505+0000] {logging_mixin.py:151} INFO - [2023-10-02T08:58:37.505+0000] {dagbag.py:539} INFO - Filling up the DagBag from /home/airflow/.local/lib/python3.8/site-packages/airflow/example_dags/example_datasets.py
[2023-10-02T08:58:37.510+0000] {processor.py:839} INFO - DAG(s) dict_keys(['dataset_consumes_unknown_never_scheduled', 'dataset_consumes_1_never_scheduled', 'dataset_produces_2', 'dataset_consumes_1', 'dataset_produces_1', 'dataset_consumes_1_and_2']) retrieved from /home/airflow/.local/lib/python3.8/site-packages/airflow/example_dags/example_datasets.py
[2023-10-02T08:58:37.524+0000] {logging_mixin.py:151} INFO - [2023-10-02T08:58:37.524+0000] {dag.py:2915} INFO - Sync 6 DAGs
[2023-10-02T08:58:37.534+0000] {logging_mixin.py:151} INFO - [2023-10-02T08:58:37.533+0000] {dag.py:3696} INFO - Setting next_dagrun for dataset_consumes_1 to None, run_after=None
[2023-10-02T08:58:37.535+0000] {logging_mixin.py:151} INFO - [2023-10-02T08:58:37.535+0000] {dag.py:3696} INFO - Setting next_dagrun for dataset_consumes_1_and_2 to None, run_after=None
[2023-10-02T08:58:37.536+0000] {logging_mixin.py:151} INFO - [2023-10-02T08:58:37.536+0000] {dag.py:3696} INFO - Setting next_dagrun for dataset_consumes_1_never_scheduled to None, run_after=None
[2023-10-02T08:58:37.536+0000] {logging_mixin.py:151} INFO - [2023-10-02T08:58:37.536+0000] {dag.py:3696} INFO - Setting next_dagrun for dataset_consumes_unknown_never_scheduled to None, run_after=None
[2023-10-02T08:58:37.537+0000] {logging_mixin.py:151} INFO - [2023-10-02T08:58:37.537+0000] {dag.py:3696} INFO - Setting next_dagrun for dataset_produces_1 to 2023-10-01T00:00:00+00:00, run_after=2023-10-02T00:00:00+00:00
[2023-10-02T08:58:37.538+0000] {logging_mixin.py:151} INFO - [2023-10-02T08:58:37.538+0000] {dag.py:3696} INFO - Setting next_dagrun for dataset_produces_2 to None, run_after=None
[2023-10-02T08:58:37.550+0000] {processor.py:179} INFO - Processing /home/airflow/.local/lib/python3.8/site-packages/airflow/example_dags/example_datasets.py took 0.048 seconds
[2023-10-02T08:59:08.317+0000] {processor.py:157} INFO - Started process (PID=575) to work on /home/airflow/.local/lib/python3.8/site-packages/airflow/example_dags/example_datasets.py
[2023-10-02T08:59:08.318+0000] {processor.py:829} INFO - Processing file /home/airflow/.local/lib/python3.8/site-packages/airflow/example_dags/example_datasets.py for tasks to queue
[2023-10-02T08:59:08.319+0000] {logging_mixin.py:151} INFO - [2023-10-02T08:59:08.319+0000] {dagbag.py:539} INFO - Filling up the DagBag from /home/airflow/.local/lib/python3.8/site-packages/airflow/example_dags/example_datasets.py
[2023-10-02T08:59:08.324+0000] {processor.py:839} INFO - DAG(s) dict_keys(['dataset_produces_1', 'dataset_consumes_1_and_2', 'dataset_consumes_unknown_never_scheduled', 'dataset_consumes_1_never_scheduled', 'dataset_produces_2', 'dataset_consumes_1']) retrieved from /home/airflow/.local/lib/python3.8/site-packages/airflow/example_dags/example_datasets.py
[2023-10-02T08:59:08.340+0000] {logging_mixin.py:151} INFO - [2023-10-02T08:59:08.340+0000] {dag.py:2915} INFO - Sync 6 DAGs
[2023-10-02T08:59:08.350+0000] {logging_mixin.py:151} INFO - [2023-10-02T08:59:08.350+0000] {dag.py:3696} INFO - Setting next_dagrun for dataset_consumes_1 to None, run_after=None
[2023-10-02T08:59:08.352+0000] {logging_mixin.py:151} INFO - [2023-10-02T08:59:08.352+0000] {dag.py:3696} INFO - Setting next_dagrun for dataset_consumes_1_and_2 to None, run_after=None
[2023-10-02T08:59:08.352+0000] {logging_mixin.py:151} INFO - [2023-10-02T08:59:08.352+0000] {dag.py:3696} INFO - Setting next_dagrun for dataset_consumes_1_never_scheduled to None, run_after=None
[2023-10-02T08:59:08.353+0000] {logging_mixin.py:151} INFO - [2023-10-02T08:59:08.353+0000] {dag.py:3696} INFO - Setting next_dagrun for dataset_consumes_unknown_never_scheduled to None, run_after=None
[2023-10-02T08:59:08.354+0000] {logging_mixin.py:151} INFO - [2023-10-02T08:59:08.354+0000] {dag.py:3696} INFO - Setting next_dagrun for dataset_produces_1 to 2023-10-01T00:00:00+00:00, run_after=2023-10-02T00:00:00+00:00
[2023-10-02T08:59:08.355+0000] {logging_mixin.py:151} INFO - [2023-10-02T08:59:08.354+0000] {dag.py:3696} INFO - Setting next_dagrun for dataset_produces_2 to None, run_after=None
[2023-10-02T08:59:08.367+0000] {processor.py:179} INFO - Processing /home/airflow/.local/lib/python3.8/site-packages/airflow/example_dags/example_datasets.py took 0.052 seconds
[2023-10-02T08:59:39.570+0000] {processor.py:157} INFO - Started process (PID=632) to work on /home/airflow/.local/lib/python3.8/site-packages/airflow/example_dags/example_datasets.py
[2023-10-02T08:59:39.571+0000] {processor.py:829} INFO - Processing file /home/airflow/.local/lib/python3.8/site-packages/airflow/example_dags/example_datasets.py for tasks to queue
[2023-10-02T08:59:39.572+0000] {logging_mixin.py:151} INFO - [2023-10-02T08:59:39.572+0000] {dagbag.py:539} INFO - Filling up the DagBag from /home/airflow/.local/lib/python3.8/site-packages/airflow/example_dags/example_datasets.py
[2023-10-02T08:59:39.578+0000] {processor.py:839} INFO - DAG(s) dict_keys(['dataset_consumes_1_and_2', 'dataset_produces_2', 'dataset_consumes_1_never_scheduled', 'dataset_consumes_unknown_never_scheduled', 'dataset_produces_1', 'dataset_consumes_1']) retrieved from /home/airflow/.local/lib/python3.8/site-packages/airflow/example_dags/example_datasets.py
[2023-10-02T08:59:39.596+0000] {logging_mixin.py:151} INFO - [2023-10-02T08:59:39.596+0000] {dag.py:2915} INFO - Sync 6 DAGs
[2023-10-02T08:59:39.610+0000] {logging_mixin.py:151} INFO - [2023-10-02T08:59:39.610+0000] {dag.py:3696} INFO - Setting next_dagrun for dataset_consumes_1 to None, run_after=None
[2023-10-02T08:59:39.613+0000] {logging_mixin.py:151} INFO - [2023-10-02T08:59:39.613+0000] {dag.py:3696} INFO - Setting next_dagrun for dataset_consumes_1_and_2 to None, run_after=None
[2023-10-02T08:59:39.613+0000] {logging_mixin.py:151} INFO - [2023-10-02T08:59:39.613+0000] {dag.py:3696} INFO - Setting next_dagrun for dataset_consumes_1_never_scheduled to None, run_after=None
[2023-10-02T08:59:39.614+0000] {logging_mixin.py:151} INFO - [2023-10-02T08:59:39.614+0000] {dag.py:3696} INFO - Setting next_dagrun for dataset_consumes_unknown_never_scheduled to None, run_after=None
[2023-10-02T08:59:39.615+0000] {logging_mixin.py:151} INFO - [2023-10-02T08:59:39.615+0000] {dag.py:3696} INFO - Setting next_dagrun for dataset_produces_1 to 2023-10-01T00:00:00+00:00, run_after=2023-10-02T00:00:00+00:00
[2023-10-02T08:59:39.616+0000] {logging_mixin.py:151} INFO - [2023-10-02T08:59:39.616+0000] {dag.py:3696} INFO - Setting next_dagrun for dataset_produces_2 to None, run_after=None
[2023-10-02T08:59:39.630+0000] {processor.py:179} INFO - Processing /home/airflow/.local/lib/python3.8/site-packages/airflow/example_dags/example_datasets.py took 0.062 seconds
[2023-10-02T09:00:10.695+0000] {processor.py:157} INFO - Started process (PID=689) to work on /home/airflow/.local/lib/python3.8/site-packages/airflow/example_dags/example_datasets.py
[2023-10-02T09:00:10.696+0000] {processor.py:829} INFO - Processing file /home/airflow/.local/lib/python3.8/site-packages/airflow/example_dags/example_datasets.py for tasks to queue
[2023-10-02T09:00:10.697+0000] {logging_mixin.py:151} INFO - [2023-10-02T09:00:10.697+0000] {dagbag.py:539} INFO - Filling up the DagBag from /home/airflow/.local/lib/python3.8/site-packages/airflow/example_dags/example_datasets.py
[2023-10-02T09:00:10.703+0000] {processor.py:839} INFO - DAG(s) dict_keys(['dataset_consumes_1', 'dataset_consumes_unknown_never_scheduled', 'dataset_produces_1', 'dataset_consumes_1_never_scheduled', 'dataset_produces_2', 'dataset_consumes_1_and_2']) retrieved from /home/airflow/.local/lib/python3.8/site-packages/airflow/example_dags/example_datasets.py
[2023-10-02T09:00:10.718+0000] {logging_mixin.py:151} INFO - [2023-10-02T09:00:10.718+0000] {dag.py:2915} INFO - Sync 6 DAGs
[2023-10-02T09:00:10.728+0000] {logging_mixin.py:151} INFO - [2023-10-02T09:00:10.728+0000] {dag.py:3696} INFO - Setting next_dagrun for dataset_consumes_1 to None, run_after=None
[2023-10-02T09:00:10.729+0000] {logging_mixin.py:151} INFO - [2023-10-02T09:00:10.729+0000] {dag.py:3696} INFO - Setting next_dagrun for dataset_consumes_1_and_2 to None, run_after=None
[2023-10-02T09:00:10.730+0000] {logging_mixin.py:151} INFO - [2023-10-02T09:00:10.730+0000] {dag.py:3696} INFO - Setting next_dagrun for dataset_consumes_1_never_scheduled to None, run_after=None
[2023-10-02T09:00:10.730+0000] {logging_mixin.py:151} INFO - [2023-10-02T09:00:10.730+0000] {dag.py:3696} INFO - Setting next_dagrun for dataset_consumes_unknown_never_scheduled to None, run_after=None
[2023-10-02T09:00:10.731+0000] {logging_mixin.py:151} INFO - [2023-10-02T09:00:10.731+0000] {dag.py:3696} INFO - Setting next_dagrun for dataset_produces_1 to 2023-10-01T00:00:00+00:00, run_after=2023-10-02T00:00:00+00:00
[2023-10-02T09:00:10.732+0000] {logging_mixin.py:151} INFO - [2023-10-02T09:00:10.732+0000] {dag.py:3696} INFO - Setting next_dagrun for dataset_produces_2 to None, run_after=None
[2023-10-02T09:00:10.744+0000] {processor.py:179} INFO - Processing /home/airflow/.local/lib/python3.8/site-packages/airflow/example_dags/example_datasets.py took 0.051 seconds
[2023-10-02T09:00:41.674+0000] {processor.py:157} INFO - Started process (PID=746) to work on /home/airflow/.local/lib/python3.8/site-packages/airflow/example_dags/example_datasets.py
[2023-10-02T09:00:41.675+0000] {processor.py:829} INFO - Processing file /home/airflow/.local/lib/python3.8/site-packages/airflow/example_dags/example_datasets.py for tasks to queue
[2023-10-02T09:00:41.676+0000] {logging_mixin.py:151} INFO - [2023-10-02T09:00:41.676+0000] {dagbag.py:539} INFO - Filling up the DagBag from /home/airflow/.local/lib/python3.8/site-packages/airflow/example_dags/example_datasets.py
[2023-10-02T09:00:41.684+0000] {processor.py:839} INFO - DAG(s) dict_keys(['dataset_consumes_1', 'dataset_consumes_1_and_2', 'dataset_produces_1', 'dataset_consumes_1_never_scheduled', 'dataset_produces_2', 'dataset_consumes_unknown_never_scheduled']) retrieved from /home/airflow/.local/lib/python3.8/site-packages/airflow/example_dags/example_datasets.py
[2023-10-02T09:00:41.702+0000] {logging_mixin.py:151} INFO - [2023-10-02T09:00:41.702+0000] {dag.py:2915} INFO - Sync 6 DAGs
[2023-10-02T09:00:41.712+0000] {logging_mixin.py:151} INFO - [2023-10-02T09:00:41.712+0000] {dag.py:3696} INFO - Setting next_dagrun for dataset_consumes_1 to None, run_after=None
[2023-10-02T09:00:41.713+0000] {logging_mixin.py:151} INFO - [2023-10-02T09:00:41.713+0000] {dag.py:3696} INFO - Setting next_dagrun for dataset_consumes_1_and_2 to None, run_after=None
[2023-10-02T09:00:41.714+0000] {logging_mixin.py:151} INFO - [2023-10-02T09:00:41.714+0000] {dag.py:3696} INFO - Setting next_dagrun for dataset_consumes_1_never_scheduled to None, run_after=None
[2023-10-02T09:00:41.715+0000] {logging_mixin.py:151} INFO - [2023-10-02T09:00:41.714+0000] {dag.py:3696} INFO - Setting next_dagrun for dataset_consumes_unknown_never_scheduled to None, run_after=None
[2023-10-02T09:00:41.716+0000] {logging_mixin.py:151} INFO - [2023-10-02T09:00:41.716+0000] {dag.py:3696} INFO - Setting next_dagrun for dataset_produces_1 to 2023-10-01T00:00:00+00:00, run_after=2023-10-02T00:00:00+00:00
[2023-10-02T09:00:41.716+0000] {logging_mixin.py:151} INFO - [2023-10-02T09:00:41.716+0000] {dag.py:3696} INFO - Setting next_dagrun for dataset_produces_2 to None, run_after=None
[2023-10-02T09:00:41.729+0000] {processor.py:179} INFO - Processing /home/airflow/.local/lib/python3.8/site-packages/airflow/example_dags/example_datasets.py took 0.057 seconds
[2023-10-02T09:01:12.528+0000] {processor.py:157} INFO - Started process (PID=803) to work on /home/airflow/.local/lib/python3.8/site-packages/airflow/example_dags/example_datasets.py
[2023-10-02T09:01:12.528+0000] {processor.py:829} INFO - Processing file /home/airflow/.local/lib/python3.8/site-packages/airflow/example_dags/example_datasets.py for tasks to queue
[2023-10-02T09:01:12.529+0000] {logging_mixin.py:151} INFO - [2023-10-02T09:01:12.529+0000] {dagbag.py:539} INFO - Filling up the DagBag from /home/airflow/.local/lib/python3.8/site-packages/airflow/example_dags/example_datasets.py
[2023-10-02T09:01:12.537+0000] {processor.py:839} INFO - DAG(s) dict_keys(['dataset_consumes_1_never_scheduled', 'dataset_consumes_1_and_2', 'dataset_consumes_1', 'dataset_produces_2', 'dataset_produces_1', 'dataset_consumes_unknown_never_scheduled']) retrieved from /home/airflow/.local/lib/python3.8/site-packages/airflow/example_dags/example_datasets.py
[2023-10-02T09:01:12.560+0000] {logging_mixin.py:151} INFO - [2023-10-02T09:01:12.559+0000] {dag.py:2915} INFO - Sync 6 DAGs
[2023-10-02T09:01:12.571+0000] {logging_mixin.py:151} INFO - [2023-10-02T09:01:12.571+0000] {dag.py:3696} INFO - Setting next_dagrun for dataset_consumes_1 to None, run_after=None
[2023-10-02T09:01:12.572+0000] {logging_mixin.py:151} INFO - [2023-10-02T09:01:12.572+0000] {dag.py:3696} INFO - Setting next_dagrun for dataset_consumes_1_and_2 to None, run_after=None
[2023-10-02T09:01:12.573+0000] {logging_mixin.py:151} INFO - [2023-10-02T09:01:12.573+0000] {dag.py:3696} INFO - Setting next_dagrun for dataset_consumes_1_never_scheduled to None, run_after=None
[2023-10-02T09:01:12.573+0000] {logging_mixin.py:151} INFO - [2023-10-02T09:01:12.573+0000] {dag.py:3696} INFO - Setting next_dagrun for dataset_consumes_unknown_never_scheduled to None, run_after=None
[2023-10-02T09:01:12.575+0000] {logging_mixin.py:151} INFO - [2023-10-02T09:01:12.575+0000] {dag.py:3696} INFO - Setting next_dagrun for dataset_produces_1 to 2023-10-01T00:00:00+00:00, run_after=2023-10-02T00:00:00+00:00
[2023-10-02T09:01:12.575+0000] {logging_mixin.py:151} INFO - [2023-10-02T09:01:12.575+0000] {dag.py:3696} INFO - Setting next_dagrun for dataset_produces_2 to None, run_after=None
[2023-10-02T09:01:12.588+0000] {processor.py:179} INFO - Processing /home/airflow/.local/lib/python3.8/site-packages/airflow/example_dags/example_datasets.py took 0.062 seconds
[2023-10-02T09:01:43.685+0000] {processor.py:157} INFO - Started process (PID=860) to work on /home/airflow/.local/lib/python3.8/site-packages/airflow/example_dags/example_datasets.py
[2023-10-02T09:01:43.686+0000] {processor.py:829} INFO - Processing file /home/airflow/.local/lib/python3.8/site-packages/airflow/example_dags/example_datasets.py for tasks to queue
[2023-10-02T09:01:43.687+0000] {logging_mixin.py:151} INFO - [2023-10-02T09:01:43.687+0000] {dagbag.py:539} INFO - Filling up the DagBag from /home/airflow/.local/lib/python3.8/site-packages/airflow/example_dags/example_datasets.py
[2023-10-02T09:01:43.692+0000] {processor.py:839} INFO - DAG(s) dict_keys(['dataset_consumes_1', 'dataset_consumes_unknown_never_scheduled', 'dataset_produces_1', 'dataset_produces_2', 'dataset_consumes_1_never_scheduled', 'dataset_consumes_1_and_2']) retrieved from /home/airflow/.local/lib/python3.8/site-packages/airflow/example_dags/example_datasets.py
[2023-10-02T09:01:43.707+0000] {logging_mixin.py:151} INFO - [2023-10-02T09:01:43.707+0000] {dag.py:2915} INFO - Sync 6 DAGs
[2023-10-02T09:01:43.716+0000] {logging_mixin.py:151} INFO - [2023-10-02T09:01:43.716+0000] {dag.py:3696} INFO - Setting next_dagrun for dataset_consumes_1 to None, run_after=None
[2023-10-02T09:01:43.718+0000] {logging_mixin.py:151} INFO - [2023-10-02T09:01:43.718+0000] {dag.py:3696} INFO - Setting next_dagrun for dataset_consumes_1_and_2 to None, run_after=None
[2023-10-02T09:01:43.718+0000] {logging_mixin.py:151} INFO - [2023-10-02T09:01:43.718+0000] {dag.py:3696} INFO - Setting next_dagrun for dataset_consumes_1_never_scheduled to None, run_after=None
[2023-10-02T09:01:43.719+0000] {logging_mixin.py:151} INFO - [2023-10-02T09:01:43.719+0000] {dag.py:3696} INFO - Setting next_dagrun for dataset_consumes_unknown_never_scheduled to None, run_after=None
[2023-10-02T09:01:43.720+0000] {logging_mixin.py:151} INFO - [2023-10-02T09:01:43.720+0000] {dag.py:3696} INFO - Setting next_dagrun for dataset_produces_1 to 2023-10-01T00:00:00+00:00, run_after=2023-10-02T00:00:00+00:00
[2023-10-02T09:01:43.720+0000] {logging_mixin.py:151} INFO - [2023-10-02T09:01:43.720+0000] {dag.py:3696} INFO - Setting next_dagrun for dataset_produces_2 to None, run_after=None
[2023-10-02T09:01:43.732+0000] {processor.py:179} INFO - Processing /home/airflow/.local/lib/python3.8/site-packages/airflow/example_dags/example_datasets.py took 0.049 seconds
[2023-10-02T09:02:14.575+0000] {processor.py:157} INFO - Started process (PID=917) to work on /home/airflow/.local/lib/python3.8/site-packages/airflow/example_dags/example_datasets.py
[2023-10-02T09:02:14.576+0000] {processor.py:829} INFO - Processing file /home/airflow/.local/lib/python3.8/site-packages/airflow/example_dags/example_datasets.py for tasks to queue
[2023-10-02T09:02:14.577+0000] {logging_mixin.py:151} INFO - [2023-10-02T09:02:14.577+0000] {dagbag.py:539} INFO - Filling up the DagBag from /home/airflow/.local/lib/python3.8/site-packages/airflow/example_dags/example_datasets.py
[2023-10-02T09:02:14.582+0000] {processor.py:839} INFO - DAG(s) dict_keys(['dataset_consumes_1_never_scheduled', 'dataset_consumes_1', 'dataset_consumes_unknown_never_scheduled', 'dataset_produces_2', 'dataset_produces_1', 'dataset_consumes_1_and_2']) retrieved from /home/airflow/.local/lib/python3.8/site-packages/airflow/example_dags/example_datasets.py
[2023-10-02T09:02:14.597+0000] {logging_mixin.py:151} INFO - [2023-10-02T09:02:14.597+0000] {dag.py:2915} INFO - Sync 6 DAGs
[2023-10-02T09:02:14.606+0000] {logging_mixin.py:151} INFO - [2023-10-02T09:02:14.606+0000] {dag.py:3696} INFO - Setting next_dagrun for dataset_consumes_1 to None, run_after=None
[2023-10-02T09:02:14.608+0000] {logging_mixin.py:151} INFO - [2023-10-02T09:02:14.607+0000] {dag.py:3696} INFO - Setting next_dagrun for dataset_consumes_1_and_2 to None, run_after=None
[2023-10-02T09:02:14.608+0000] {logging_mixin.py:151} INFO - [2023-10-02T09:02:14.608+0000] {dag.py:3696} INFO - Setting next_dagrun for dataset_consumes_1_never_scheduled to None, run_after=None
[2023-10-02T09:02:14.609+0000] {logging_mixin.py:151} INFO - [2023-10-02T09:02:14.608+0000] {dag.py:3696} INFO - Setting next_dagrun for dataset_consumes_unknown_never_scheduled to None, run_after=None
[2023-10-02T09:02:14.610+0000] {logging_mixin.py:151} INFO - [2023-10-02T09:02:14.610+0000] {dag.py:3696} INFO - Setting next_dagrun for dataset_produces_1 to 2023-10-01T00:00:00+00:00, run_after=2023-10-02T00:00:00+00:00
[2023-10-02T09:02:14.610+0000] {logging_mixin.py:151} INFO - [2023-10-02T09:02:14.610+0000] {dag.py:3696} INFO - Setting next_dagrun for dataset_produces_2 to None, run_after=None
[2023-10-02T09:02:14.621+0000] {processor.py:179} INFO - Processing /home/airflow/.local/lib/python3.8/site-packages/airflow/example_dags/example_datasets.py took 0.048 seconds
