[2023-10-02T08:54:31.068+0000] {processor.py:157} INFO - Started process (PID=62) to work on /home/airflow/.local/lib/python3.8/site-packages/airflow/example_dags/example_subdag_operator.py
[2023-10-02T08:54:31.071+0000] {processor.py:829} INFO - Processing file /home/airflow/.local/lib/python3.8/site-packages/airflow/example_dags/example_subdag_operator.py for tasks to queue
[2023-10-02T08:54:31.087+0000] {logging_mixin.py:151} INFO - [2023-10-02T08:54:31.086+0000] {dagbag.py:539} INFO - Filling up the DagBag from /home/airflow/.local/lib/python3.8/site-packages/airflow/example_dags/example_subdag_operator.py
[2023-10-02T08:54:31.139+0000] {processor.py:839} INFO - DAG(s) dict_keys(['example_subdag_operator.section-1', 'example_subdag_operator.section-2', 'example_subdag_operator']) retrieved from /home/airflow/.local/lib/python3.8/site-packages/airflow/example_dags/example_subdag_operator.py
[2023-10-02T08:54:31.141+0000] {logging_mixin.py:151} INFO - [2023-10-02T08:54:31.141+0000] {dag.py:2915} INFO - Sync 3 DAGs
[2023-10-02T08:54:31.161+0000] {logging_mixin.py:151} INFO - [2023-10-02T08:54:31.161+0000] {dag.py:3696} INFO - Setting next_dagrun for example_subdag_operator to 2022-01-01T00:00:00+00:00, run_after=2022-01-01T00:00:00+00:00
[2023-10-02T08:54:31.165+0000] {logging_mixin.py:151} INFO - [2023-10-02T08:54:31.165+0000] {dag.py:3696} INFO - Setting next_dagrun for example_subdag_operator.section-1 to None, run_after=None
[2023-10-02T08:54:31.166+0000] {logging_mixin.py:151} INFO - [2023-10-02T08:54:31.166+0000] {dag.py:3696} INFO - Setting next_dagrun for example_subdag_operator.section-2 to None, run_after=None
[2023-10-02T08:54:31.172+0000] {logging_mixin.py:151} INFO - [2023-10-02T08:54:31.172+0000] {dag.py:2915} INFO - Sync 2 DAGs
[2023-10-02T08:54:31.176+0000] {logging_mixin.py:151} INFO - [2023-10-02T08:54:31.176+0000] {dag.py:3696} INFO - Setting next_dagrun for example_subdag_operator.section-1 to None, run_after=None
[2023-10-02T08:54:31.176+0000] {logging_mixin.py:151} INFO - [2023-10-02T08:54:31.176+0000] {dag.py:3696} INFO - Setting next_dagrun for example_subdag_operator.section-2 to None, run_after=None
[2023-10-02T08:54:31.185+0000] {processor.py:179} INFO - Processing /home/airflow/.local/lib/python3.8/site-packages/airflow/example_dags/example_subdag_operator.py took 0.119 seconds
[2023-10-02T08:55:01.834+0000] {processor.py:157} INFO - Started process (PID=120) to work on /home/airflow/.local/lib/python3.8/site-packages/airflow/example_dags/example_subdag_operator.py
[2023-10-02T08:55:01.834+0000] {processor.py:829} INFO - Processing file /home/airflow/.local/lib/python3.8/site-packages/airflow/example_dags/example_subdag_operator.py for tasks to queue
[2023-10-02T08:55:01.835+0000] {logging_mixin.py:151} INFO - [2023-10-02T08:55:01.835+0000] {dagbag.py:539} INFO - Filling up the DagBag from /home/airflow/.local/lib/python3.8/site-packages/airflow/example_dags/example_subdag_operator.py
[2023-10-02T08:55:01.850+0000] {processor.py:839} INFO - DAG(s) dict_keys(['example_subdag_operator.section-1', 'example_subdag_operator.section-2', 'example_subdag_operator']) retrieved from /home/airflow/.local/lib/python3.8/site-packages/airflow/example_dags/example_subdag_operator.py
[2023-10-02T08:55:01.858+0000] {logging_mixin.py:151} INFO - [2023-10-02T08:55:01.858+0000] {dag.py:2915} INFO - Sync 3 DAGs
[2023-10-02T08:55:01.868+0000] {logging_mixin.py:151} INFO - [2023-10-02T08:55:01.868+0000] {dag.py:3696} INFO - Setting next_dagrun for example_subdag_operator to 2022-01-01T00:00:00+00:00, run_after=2022-01-01T00:00:00+00:00
[2023-10-02T08:55:01.870+0000] {logging_mixin.py:151} INFO - [2023-10-02T08:55:01.869+0000] {dag.py:3696} INFO - Setting next_dagrun for example_subdag_operator.section-1 to None, run_after=None
[2023-10-02T08:55:01.870+0000] {logging_mixin.py:151} INFO - [2023-10-02T08:55:01.870+0000] {dag.py:3696} INFO - Setting next_dagrun for example_subdag_operator.section-2 to None, run_after=None
[2023-10-02T08:55:01.874+0000] {logging_mixin.py:151} INFO - [2023-10-02T08:55:01.873+0000] {dag.py:2915} INFO - Sync 2 DAGs
[2023-10-02T08:55:01.876+0000] {logging_mixin.py:151} INFO - [2023-10-02T08:55:01.876+0000] {dag.py:3696} INFO - Setting next_dagrun for example_subdag_operator.section-1 to None, run_after=None
[2023-10-02T08:55:01.876+0000] {logging_mixin.py:151} INFO - [2023-10-02T08:55:01.876+0000] {dag.py:3696} INFO - Setting next_dagrun for example_subdag_operator.section-2 to None, run_after=None
[2023-10-02T08:55:01.880+0000] {processor.py:179} INFO - Processing /home/airflow/.local/lib/python3.8/site-packages/airflow/example_dags/example_subdag_operator.py took 0.048 seconds
[2023-10-02T08:55:32.323+0000] {processor.py:157} INFO - Started process (PID=176) to work on /home/airflow/.local/lib/python3.8/site-packages/airflow/example_dags/example_subdag_operator.py
[2023-10-02T08:55:32.324+0000] {processor.py:829} INFO - Processing file /home/airflow/.local/lib/python3.8/site-packages/airflow/example_dags/example_subdag_operator.py for tasks to queue
[2023-10-02T08:55:32.325+0000] {logging_mixin.py:151} INFO - [2023-10-02T08:55:32.325+0000] {dagbag.py:539} INFO - Filling up the DagBag from /home/airflow/.local/lib/python3.8/site-packages/airflow/example_dags/example_subdag_operator.py
[2023-10-02T08:55:32.339+0000] {processor.py:839} INFO - DAG(s) dict_keys(['example_subdag_operator.section-1', 'example_subdag_operator.section-2', 'example_subdag_operator']) retrieved from /home/airflow/.local/lib/python3.8/site-packages/airflow/example_dags/example_subdag_operator.py
[2023-10-02T08:55:32.347+0000] {logging_mixin.py:151} INFO - [2023-10-02T08:55:32.347+0000] {dag.py:2915} INFO - Sync 3 DAGs
[2023-10-02T08:55:32.357+0000] {logging_mixin.py:151} INFO - [2023-10-02T08:55:32.357+0000] {dag.py:3696} INFO - Setting next_dagrun for example_subdag_operator to 2022-01-01T00:00:00+00:00, run_after=2022-01-01T00:00:00+00:00
[2023-10-02T08:55:32.359+0000] {logging_mixin.py:151} INFO - [2023-10-02T08:55:32.359+0000] {dag.py:3696} INFO - Setting next_dagrun for example_subdag_operator.section-1 to None, run_after=None
[2023-10-02T08:55:32.359+0000] {logging_mixin.py:151} INFO - [2023-10-02T08:55:32.359+0000] {dag.py:3696} INFO - Setting next_dagrun for example_subdag_operator.section-2 to None, run_after=None
[2023-10-02T08:55:32.362+0000] {logging_mixin.py:151} INFO - [2023-10-02T08:55:32.362+0000] {dag.py:2915} INFO - Sync 2 DAGs
[2023-10-02T08:55:32.365+0000] {logging_mixin.py:151} INFO - [2023-10-02T08:55:32.364+0000] {dag.py:3696} INFO - Setting next_dagrun for example_subdag_operator.section-1 to None, run_after=None
[2023-10-02T08:55:32.365+0000] {logging_mixin.py:151} INFO - [2023-10-02T08:55:32.365+0000] {dag.py:3696} INFO - Setting next_dagrun for example_subdag_operator.section-2 to None, run_after=None
[2023-10-02T08:55:32.370+0000] {processor.py:179} INFO - Processing /home/airflow/.local/lib/python3.8/site-packages/airflow/example_dags/example_subdag_operator.py took 0.049 seconds
[2023-10-02T08:56:02.760+0000] {processor.py:157} INFO - Started process (PID=233) to work on /home/airflow/.local/lib/python3.8/site-packages/airflow/example_dags/example_subdag_operator.py
[2023-10-02T08:56:02.761+0000] {processor.py:829} INFO - Processing file /home/airflow/.local/lib/python3.8/site-packages/airflow/example_dags/example_subdag_operator.py for tasks to queue
[2023-10-02T08:56:02.762+0000] {logging_mixin.py:151} INFO - [2023-10-02T08:56:02.762+0000] {dagbag.py:539} INFO - Filling up the DagBag from /home/airflow/.local/lib/python3.8/site-packages/airflow/example_dags/example_subdag_operator.py
[2023-10-02T08:56:02.774+0000] {processor.py:839} INFO - DAG(s) dict_keys(['example_subdag_operator.section-1', 'example_subdag_operator.section-2', 'example_subdag_operator']) retrieved from /home/airflow/.local/lib/python3.8/site-packages/airflow/example_dags/example_subdag_operator.py
[2023-10-02T08:56:02.781+0000] {logging_mixin.py:151} INFO - [2023-10-02T08:56:02.781+0000] {dag.py:2915} INFO - Sync 3 DAGs
[2023-10-02T08:56:02.790+0000] {logging_mixin.py:151} INFO - [2023-10-02T08:56:02.790+0000] {dag.py:3696} INFO - Setting next_dagrun for example_subdag_operator to 2022-01-01T00:00:00+00:00, run_after=2022-01-01T00:00:00+00:00
[2023-10-02T08:56:02.791+0000] {logging_mixin.py:151} INFO - [2023-10-02T08:56:02.791+0000] {dag.py:3696} INFO - Setting next_dagrun for example_subdag_operator.section-1 to None, run_after=None
[2023-10-02T08:56:02.792+0000] {logging_mixin.py:151} INFO - [2023-10-02T08:56:02.792+0000] {dag.py:3696} INFO - Setting next_dagrun for example_subdag_operator.section-2 to None, run_after=None
[2023-10-02T08:56:02.795+0000] {logging_mixin.py:151} INFO - [2023-10-02T08:56:02.795+0000] {dag.py:2915} INFO - Sync 2 DAGs
[2023-10-02T08:56:02.797+0000] {logging_mixin.py:151} INFO - [2023-10-02T08:56:02.797+0000] {dag.py:3696} INFO - Setting next_dagrun for example_subdag_operator.section-1 to None, run_after=None
[2023-10-02T08:56:02.797+0000] {logging_mixin.py:151} INFO - [2023-10-02T08:56:02.797+0000] {dag.py:3696} INFO - Setting next_dagrun for example_subdag_operator.section-2 to None, run_after=None
[2023-10-02T08:56:02.801+0000] {processor.py:179} INFO - Processing /home/airflow/.local/lib/python3.8/site-packages/airflow/example_dags/example_subdag_operator.py took 0.043 seconds
[2023-10-02T08:56:33.793+0000] {processor.py:157} INFO - Started process (PID=290) to work on /home/airflow/.local/lib/python3.8/site-packages/airflow/example_dags/example_subdag_operator.py
[2023-10-02T08:56:33.794+0000] {processor.py:829} INFO - Processing file /home/airflow/.local/lib/python3.8/site-packages/airflow/example_dags/example_subdag_operator.py for tasks to queue
[2023-10-02T08:56:33.795+0000] {logging_mixin.py:151} INFO - [2023-10-02T08:56:33.795+0000] {dagbag.py:539} INFO - Filling up the DagBag from /home/airflow/.local/lib/python3.8/site-packages/airflow/example_dags/example_subdag_operator.py
[2023-10-02T08:56:33.810+0000] {processor.py:839} INFO - DAG(s) dict_keys(['example_subdag_operator.section-1', 'example_subdag_operator.section-2', 'example_subdag_operator']) retrieved from /home/airflow/.local/lib/python3.8/site-packages/airflow/example_dags/example_subdag_operator.py
[2023-10-02T08:56:33.821+0000] {logging_mixin.py:151} INFO - [2023-10-02T08:56:33.821+0000] {dag.py:2915} INFO - Sync 3 DAGs
[2023-10-02T08:56:33.831+0000] {logging_mixin.py:151} INFO - [2023-10-02T08:56:33.831+0000] {dag.py:3696} INFO - Setting next_dagrun for example_subdag_operator to 2022-01-01T00:00:00+00:00, run_after=2022-01-01T00:00:00+00:00
[2023-10-02T08:56:33.833+0000] {logging_mixin.py:151} INFO - [2023-10-02T08:56:33.833+0000] {dag.py:3696} INFO - Setting next_dagrun for example_subdag_operator.section-1 to None, run_after=None
[2023-10-02T08:56:33.834+0000] {logging_mixin.py:151} INFO - [2023-10-02T08:56:33.833+0000] {dag.py:3696} INFO - Setting next_dagrun for example_subdag_operator.section-2 to None, run_after=None
[2023-10-02T08:56:33.836+0000] {logging_mixin.py:151} INFO - [2023-10-02T08:56:33.836+0000] {dag.py:2915} INFO - Sync 2 DAGs
[2023-10-02T08:56:33.839+0000] {logging_mixin.py:151} INFO - [2023-10-02T08:56:33.839+0000] {dag.py:3696} INFO - Setting next_dagrun for example_subdag_operator.section-1 to None, run_after=None
[2023-10-02T08:56:33.839+0000] {logging_mixin.py:151} INFO - [2023-10-02T08:56:33.839+0000] {dag.py:3696} INFO - Setting next_dagrun for example_subdag_operator.section-2 to None, run_after=None
[2023-10-02T08:56:33.844+0000] {processor.py:179} INFO - Processing /home/airflow/.local/lib/python3.8/site-packages/airflow/example_dags/example_subdag_operator.py took 0.053 seconds
[2023-10-02T08:57:04.656+0000] {processor.py:157} INFO - Started process (PID=347) to work on /home/airflow/.local/lib/python3.8/site-packages/airflow/example_dags/example_subdag_operator.py
[2023-10-02T08:57:04.656+0000] {processor.py:829} INFO - Processing file /home/airflow/.local/lib/python3.8/site-packages/airflow/example_dags/example_subdag_operator.py for tasks to queue
[2023-10-02T08:57:04.658+0000] {logging_mixin.py:151} INFO - [2023-10-02T08:57:04.658+0000] {dagbag.py:539} INFO - Filling up the DagBag from /home/airflow/.local/lib/python3.8/site-packages/airflow/example_dags/example_subdag_operator.py
[2023-10-02T08:57:04.669+0000] {processor.py:839} INFO - DAG(s) dict_keys(['example_subdag_operator.section-1', 'example_subdag_operator.section-2', 'example_subdag_operator']) retrieved from /home/airflow/.local/lib/python3.8/site-packages/airflow/example_dags/example_subdag_operator.py
[2023-10-02T08:57:04.676+0000] {logging_mixin.py:151} INFO - [2023-10-02T08:57:04.676+0000] {dag.py:2915} INFO - Sync 3 DAGs
[2023-10-02T08:57:04.685+0000] {logging_mixin.py:151} INFO - [2023-10-02T08:57:04.685+0000] {dag.py:3696} INFO - Setting next_dagrun for example_subdag_operator to 2022-01-01T00:00:00+00:00, run_after=2022-01-01T00:00:00+00:00
[2023-10-02T08:57:04.686+0000] {logging_mixin.py:151} INFO - [2023-10-02T08:57:04.686+0000] {dag.py:3696} INFO - Setting next_dagrun for example_subdag_operator.section-1 to None, run_after=None
[2023-10-02T08:57:04.687+0000] {logging_mixin.py:151} INFO - [2023-10-02T08:57:04.687+0000] {dag.py:3696} INFO - Setting next_dagrun for example_subdag_operator.section-2 to None, run_after=None
[2023-10-02T08:57:04.690+0000] {logging_mixin.py:151} INFO - [2023-10-02T08:57:04.690+0000] {dag.py:2915} INFO - Sync 2 DAGs
[2023-10-02T08:57:04.692+0000] {logging_mixin.py:151} INFO - [2023-10-02T08:57:04.692+0000] {dag.py:3696} INFO - Setting next_dagrun for example_subdag_operator.section-1 to None, run_after=None
[2023-10-02T08:57:04.692+0000] {logging_mixin.py:151} INFO - [2023-10-02T08:57:04.692+0000] {dag.py:3696} INFO - Setting next_dagrun for example_subdag_operator.section-2 to None, run_after=None
[2023-10-02T08:57:04.697+0000] {processor.py:179} INFO - Processing /home/airflow/.local/lib/python3.8/site-packages/airflow/example_dags/example_subdag_operator.py took 0.043 seconds
[2023-10-02T08:57:35.596+0000] {processor.py:157} INFO - Started process (PID=404) to work on /home/airflow/.local/lib/python3.8/site-packages/airflow/example_dags/example_subdag_operator.py
[2023-10-02T08:57:35.596+0000] {processor.py:829} INFO - Processing file /home/airflow/.local/lib/python3.8/site-packages/airflow/example_dags/example_subdag_operator.py for tasks to queue
[2023-10-02T08:57:35.598+0000] {logging_mixin.py:151} INFO - [2023-10-02T08:57:35.598+0000] {dagbag.py:539} INFO - Filling up the DagBag from /home/airflow/.local/lib/python3.8/site-packages/airflow/example_dags/example_subdag_operator.py
[2023-10-02T08:57:35.609+0000] {processor.py:839} INFO - DAG(s) dict_keys(['example_subdag_operator.section-1', 'example_subdag_operator.section-2', 'example_subdag_operator']) retrieved from /home/airflow/.local/lib/python3.8/site-packages/airflow/example_dags/example_subdag_operator.py
[2023-10-02T08:57:35.616+0000] {logging_mixin.py:151} INFO - [2023-10-02T08:57:35.616+0000] {dag.py:2915} INFO - Sync 3 DAGs
[2023-10-02T08:57:35.625+0000] {logging_mixin.py:151} INFO - [2023-10-02T08:57:35.625+0000] {dag.py:3696} INFO - Setting next_dagrun for example_subdag_operator to 2022-01-01T00:00:00+00:00, run_after=2022-01-01T00:00:00+00:00
[2023-10-02T08:57:35.627+0000] {logging_mixin.py:151} INFO - [2023-10-02T08:57:35.627+0000] {dag.py:3696} INFO - Setting next_dagrun for example_subdag_operator.section-1 to None, run_after=None
[2023-10-02T08:57:35.627+0000] {logging_mixin.py:151} INFO - [2023-10-02T08:57:35.627+0000] {dag.py:3696} INFO - Setting next_dagrun for example_subdag_operator.section-2 to None, run_after=None
[2023-10-02T08:57:35.630+0000] {logging_mixin.py:151} INFO - [2023-10-02T08:57:35.630+0000] {dag.py:2915} INFO - Sync 2 DAGs
[2023-10-02T08:57:35.632+0000] {logging_mixin.py:151} INFO - [2023-10-02T08:57:35.632+0000] {dag.py:3696} INFO - Setting next_dagrun for example_subdag_operator.section-1 to None, run_after=None
[2023-10-02T08:57:35.633+0000] {logging_mixin.py:151} INFO - [2023-10-02T08:57:35.633+0000] {dag.py:3696} INFO - Setting next_dagrun for example_subdag_operator.section-2 to None, run_after=None
[2023-10-02T08:57:35.637+0000] {processor.py:179} INFO - Processing /home/airflow/.local/lib/python3.8/site-packages/airflow/example_dags/example_subdag_operator.py took 0.043 seconds
[2023-10-02T08:58:06.552+0000] {processor.py:157} INFO - Started process (PID=461) to work on /home/airflow/.local/lib/python3.8/site-packages/airflow/example_dags/example_subdag_operator.py
[2023-10-02T08:58:06.552+0000] {processor.py:829} INFO - Processing file /home/airflow/.local/lib/python3.8/site-packages/airflow/example_dags/example_subdag_operator.py for tasks to queue
[2023-10-02T08:58:06.554+0000] {logging_mixin.py:151} INFO - [2023-10-02T08:58:06.553+0000] {dagbag.py:539} INFO - Filling up the DagBag from /home/airflow/.local/lib/python3.8/site-packages/airflow/example_dags/example_subdag_operator.py
[2023-10-02T08:58:06.566+0000] {processor.py:839} INFO - DAG(s) dict_keys(['example_subdag_operator.section-1', 'example_subdag_operator.section-2', 'example_subdag_operator']) retrieved from /home/airflow/.local/lib/python3.8/site-packages/airflow/example_dags/example_subdag_operator.py
[2023-10-02T08:58:06.573+0000] {logging_mixin.py:151} INFO - [2023-10-02T08:58:06.573+0000] {dag.py:2915} INFO - Sync 3 DAGs
[2023-10-02T08:58:06.582+0000] {logging_mixin.py:151} INFO - [2023-10-02T08:58:06.582+0000] {dag.py:3696} INFO - Setting next_dagrun for example_subdag_operator to 2022-01-01T00:00:00+00:00, run_after=2022-01-01T00:00:00+00:00
[2023-10-02T08:58:06.583+0000] {logging_mixin.py:151} INFO - [2023-10-02T08:58:06.583+0000] {dag.py:3696} INFO - Setting next_dagrun for example_subdag_operator.section-1 to None, run_after=None
[2023-10-02T08:58:06.584+0000] {logging_mixin.py:151} INFO - [2023-10-02T08:58:06.584+0000] {dag.py:3696} INFO - Setting next_dagrun for example_subdag_operator.section-2 to None, run_after=None
[2023-10-02T08:58:06.587+0000] {logging_mixin.py:151} INFO - [2023-10-02T08:58:06.587+0000] {dag.py:2915} INFO - Sync 2 DAGs
[2023-10-02T08:58:06.589+0000] {logging_mixin.py:151} INFO - [2023-10-02T08:58:06.589+0000] {dag.py:3696} INFO - Setting next_dagrun for example_subdag_operator.section-1 to None, run_after=None
[2023-10-02T08:58:06.589+0000] {logging_mixin.py:151} INFO - [2023-10-02T08:58:06.589+0000] {dag.py:3696} INFO - Setting next_dagrun for example_subdag_operator.section-2 to None, run_after=None
[2023-10-02T08:58:06.593+0000] {processor.py:179} INFO - Processing /home/airflow/.local/lib/python3.8/site-packages/airflow/example_dags/example_subdag_operator.py took 0.043 seconds
[2023-10-02T08:58:37.560+0000] {processor.py:157} INFO - Started process (PID=518) to work on /home/airflow/.local/lib/python3.8/site-packages/airflow/example_dags/example_subdag_operator.py
[2023-10-02T08:58:37.561+0000] {processor.py:829} INFO - Processing file /home/airflow/.local/lib/python3.8/site-packages/airflow/example_dags/example_subdag_operator.py for tasks to queue
[2023-10-02T08:58:37.562+0000] {logging_mixin.py:151} INFO - [2023-10-02T08:58:37.562+0000] {dagbag.py:539} INFO - Filling up the DagBag from /home/airflow/.local/lib/python3.8/site-packages/airflow/example_dags/example_subdag_operator.py
[2023-10-02T08:58:37.574+0000] {processor.py:839} INFO - DAG(s) dict_keys(['example_subdag_operator.section-1', 'example_subdag_operator.section-2', 'example_subdag_operator']) retrieved from /home/airflow/.local/lib/python3.8/site-packages/airflow/example_dags/example_subdag_operator.py
[2023-10-02T08:58:37.581+0000] {logging_mixin.py:151} INFO - [2023-10-02T08:58:37.581+0000] {dag.py:2915} INFO - Sync 3 DAGs
[2023-10-02T08:58:37.589+0000] {logging_mixin.py:151} INFO - [2023-10-02T08:58:37.589+0000] {dag.py:3696} INFO - Setting next_dagrun for example_subdag_operator to 2022-01-01T00:00:00+00:00, run_after=2022-01-01T00:00:00+00:00
[2023-10-02T08:58:37.591+0000] {logging_mixin.py:151} INFO - [2023-10-02T08:58:37.591+0000] {dag.py:3696} INFO - Setting next_dagrun for example_subdag_operator.section-1 to None, run_after=None
[2023-10-02T08:58:37.592+0000] {logging_mixin.py:151} INFO - [2023-10-02T08:58:37.592+0000] {dag.py:3696} INFO - Setting next_dagrun for example_subdag_operator.section-2 to None, run_after=None
[2023-10-02T08:58:37.595+0000] {logging_mixin.py:151} INFO - [2023-10-02T08:58:37.595+0000] {dag.py:2915} INFO - Sync 2 DAGs
[2023-10-02T08:58:37.597+0000] {logging_mixin.py:151} INFO - [2023-10-02T08:58:37.597+0000] {dag.py:3696} INFO - Setting next_dagrun for example_subdag_operator.section-1 to None, run_after=None
[2023-10-02T08:58:37.597+0000] {logging_mixin.py:151} INFO - [2023-10-02T08:58:37.597+0000] {dag.py:3696} INFO - Setting next_dagrun for example_subdag_operator.section-2 to None, run_after=None
[2023-10-02T08:58:37.601+0000] {processor.py:179} INFO - Processing /home/airflow/.local/lib/python3.8/site-packages/airflow/example_dags/example_subdag_operator.py took 0.043 seconds
[2023-10-02T08:59:08.323+0000] {processor.py:157} INFO - Started process (PID=576) to work on /home/airflow/.local/lib/python3.8/site-packages/airflow/example_dags/example_subdag_operator.py
[2023-10-02T08:59:08.323+0000] {processor.py:829} INFO - Processing file /home/airflow/.local/lib/python3.8/site-packages/airflow/example_dags/example_subdag_operator.py for tasks to queue
[2023-10-02T08:59:08.325+0000] {logging_mixin.py:151} INFO - [2023-10-02T08:59:08.324+0000] {dagbag.py:539} INFO - Filling up the DagBag from /home/airflow/.local/lib/python3.8/site-packages/airflow/example_dags/example_subdag_operator.py
[2023-10-02T08:59:08.337+0000] {processor.py:839} INFO - DAG(s) dict_keys(['example_subdag_operator.section-1', 'example_subdag_operator.section-2', 'example_subdag_operator']) retrieved from /home/airflow/.local/lib/python3.8/site-packages/airflow/example_dags/example_subdag_operator.py
[2023-10-02T08:59:08.344+0000] {logging_mixin.py:151} INFO - [2023-10-02T08:59:08.344+0000] {dag.py:2915} INFO - Sync 3 DAGs
[2023-10-02T08:59:08.353+0000] {logging_mixin.py:151} INFO - [2023-10-02T08:59:08.352+0000] {dag.py:3696} INFO - Setting next_dagrun for example_subdag_operator to 2022-01-01T00:00:00+00:00, run_after=2022-01-01T00:00:00+00:00
[2023-10-02T08:59:08.354+0000] {logging_mixin.py:151} INFO - [2023-10-02T08:59:08.354+0000] {dag.py:3696} INFO - Setting next_dagrun for example_subdag_operator.section-1 to None, run_after=None
[2023-10-02T08:59:08.355+0000] {logging_mixin.py:151} INFO - [2023-10-02T08:59:08.355+0000] {dag.py:3696} INFO - Setting next_dagrun for example_subdag_operator.section-2 to None, run_after=None
[2023-10-02T08:59:08.358+0000] {logging_mixin.py:151} INFO - [2023-10-02T08:59:08.357+0000] {dag.py:2915} INFO - Sync 2 DAGs
[2023-10-02T08:59:08.360+0000] {logging_mixin.py:151} INFO - [2023-10-02T08:59:08.360+0000] {dag.py:3696} INFO - Setting next_dagrun for example_subdag_operator.section-1 to None, run_after=None
[2023-10-02T08:59:08.360+0000] {logging_mixin.py:151} INFO - [2023-10-02T08:59:08.360+0000] {dag.py:3696} INFO - Setting next_dagrun for example_subdag_operator.section-2 to None, run_after=None
[2023-10-02T08:59:08.364+0000] {processor.py:179} INFO - Processing /home/airflow/.local/lib/python3.8/site-packages/airflow/example_dags/example_subdag_operator.py took 0.043 seconds
[2023-10-02T08:59:39.573+0000] {processor.py:157} INFO - Started process (PID=633) to work on /home/airflow/.local/lib/python3.8/site-packages/airflow/example_dags/example_subdag_operator.py
[2023-10-02T08:59:39.573+0000] {processor.py:829} INFO - Processing file /home/airflow/.local/lib/python3.8/site-packages/airflow/example_dags/example_subdag_operator.py for tasks to queue
[2023-10-02T08:59:39.575+0000] {logging_mixin.py:151} INFO - [2023-10-02T08:59:39.574+0000] {dagbag.py:539} INFO - Filling up the DagBag from /home/airflow/.local/lib/python3.8/site-packages/airflow/example_dags/example_subdag_operator.py
[2023-10-02T08:59:39.588+0000] {processor.py:839} INFO - DAG(s) dict_keys(['example_subdag_operator.section-1', 'example_subdag_operator.section-2', 'example_subdag_operator']) retrieved from /home/airflow/.local/lib/python3.8/site-packages/airflow/example_dags/example_subdag_operator.py
[2023-10-02T08:59:39.596+0000] {logging_mixin.py:151} INFO - [2023-10-02T08:59:39.596+0000] {dag.py:2915} INFO - Sync 3 DAGs
[2023-10-02T08:59:39.610+0000] {logging_mixin.py:151} INFO - [2023-10-02T08:59:39.610+0000] {dag.py:3696} INFO - Setting next_dagrun for example_subdag_operator to 2022-01-01T00:00:00+00:00, run_after=2022-01-01T00:00:00+00:00
[2023-10-02T08:59:39.612+0000] {logging_mixin.py:151} INFO - [2023-10-02T08:59:39.612+0000] {dag.py:3696} INFO - Setting next_dagrun for example_subdag_operator.section-1 to None, run_after=None
[2023-10-02T08:59:39.613+0000] {logging_mixin.py:151} INFO - [2023-10-02T08:59:39.613+0000] {dag.py:3696} INFO - Setting next_dagrun for example_subdag_operator.section-2 to None, run_after=None
[2023-10-02T08:59:39.617+0000] {logging_mixin.py:151} INFO - [2023-10-02T08:59:39.617+0000] {dag.py:2915} INFO - Sync 2 DAGs
[2023-10-02T08:59:39.619+0000] {logging_mixin.py:151} INFO - [2023-10-02T08:59:39.619+0000] {dag.py:3696} INFO - Setting next_dagrun for example_subdag_operator.section-1 to None, run_after=None
[2023-10-02T08:59:39.619+0000] {logging_mixin.py:151} INFO - [2023-10-02T08:59:39.619+0000] {dag.py:3696} INFO - Setting next_dagrun for example_subdag_operator.section-2 to None, run_after=None
[2023-10-02T08:59:39.624+0000] {processor.py:179} INFO - Processing /home/airflow/.local/lib/python3.8/site-packages/airflow/example_dags/example_subdag_operator.py took 0.053 seconds
[2023-10-02T09:00:10.698+0000] {processor.py:157} INFO - Started process (PID=690) to work on /home/airflow/.local/lib/python3.8/site-packages/airflow/example_dags/example_subdag_operator.py
[2023-10-02T09:00:10.698+0000] {processor.py:829} INFO - Processing file /home/airflow/.local/lib/python3.8/site-packages/airflow/example_dags/example_subdag_operator.py for tasks to queue
[2023-10-02T09:00:10.700+0000] {logging_mixin.py:151} INFO - [2023-10-02T09:00:10.700+0000] {dagbag.py:539} INFO - Filling up the DagBag from /home/airflow/.local/lib/python3.8/site-packages/airflow/example_dags/example_subdag_operator.py
[2023-10-02T09:00:10.711+0000] {processor.py:839} INFO - DAG(s) dict_keys(['example_subdag_operator.section-1', 'example_subdag_operator.section-2', 'example_subdag_operator']) retrieved from /home/airflow/.local/lib/python3.8/site-packages/airflow/example_dags/example_subdag_operator.py
[2023-10-02T09:00:10.718+0000] {logging_mixin.py:151} INFO - [2023-10-02T09:00:10.718+0000] {dag.py:2915} INFO - Sync 3 DAGs
[2023-10-02T09:00:10.727+0000] {logging_mixin.py:151} INFO - [2023-10-02T09:00:10.727+0000] {dag.py:3696} INFO - Setting next_dagrun for example_subdag_operator to 2022-01-01T00:00:00+00:00, run_after=2022-01-01T00:00:00+00:00
[2023-10-02T09:00:10.729+0000] {logging_mixin.py:151} INFO - [2023-10-02T09:00:10.729+0000] {dag.py:3696} INFO - Setting next_dagrun for example_subdag_operator.section-1 to None, run_after=None
[2023-10-02T09:00:10.729+0000] {logging_mixin.py:151} INFO - [2023-10-02T09:00:10.729+0000] {dag.py:3696} INFO - Setting next_dagrun for example_subdag_operator.section-2 to None, run_after=None
[2023-10-02T09:00:10.733+0000] {logging_mixin.py:151} INFO - [2023-10-02T09:00:10.732+0000] {dag.py:2915} INFO - Sync 2 DAGs
[2023-10-02T09:00:10.735+0000] {logging_mixin.py:151} INFO - [2023-10-02T09:00:10.735+0000] {dag.py:3696} INFO - Setting next_dagrun for example_subdag_operator.section-1 to None, run_after=None
[2023-10-02T09:00:10.735+0000] {logging_mixin.py:151} INFO - [2023-10-02T09:00:10.735+0000] {dag.py:3696} INFO - Setting next_dagrun for example_subdag_operator.section-2 to None, run_after=None
[2023-10-02T09:00:10.740+0000] {processor.py:179} INFO - Processing /home/airflow/.local/lib/python3.8/site-packages/airflow/example_dags/example_subdag_operator.py took 0.044 seconds
[2023-10-02T09:00:41.676+0000] {processor.py:157} INFO - Started process (PID=747) to work on /home/airflow/.local/lib/python3.8/site-packages/airflow/example_dags/example_subdag_operator.py
[2023-10-02T09:00:41.677+0000] {processor.py:829} INFO - Processing file /home/airflow/.local/lib/python3.8/site-packages/airflow/example_dags/example_subdag_operator.py for tasks to queue
[2023-10-02T09:00:41.680+0000] {logging_mixin.py:151} INFO - [2023-10-02T09:00:41.679+0000] {dagbag.py:539} INFO - Filling up the DagBag from /home/airflow/.local/lib/python3.8/site-packages/airflow/example_dags/example_subdag_operator.py
[2023-10-02T09:00:41.695+0000] {processor.py:839} INFO - DAG(s) dict_keys(['example_subdag_operator.section-1', 'example_subdag_operator.section-2', 'example_subdag_operator']) retrieved from /home/airflow/.local/lib/python3.8/site-packages/airflow/example_dags/example_subdag_operator.py
[2023-10-02T09:00:41.702+0000] {logging_mixin.py:151} INFO - [2023-10-02T09:00:41.702+0000] {dag.py:2915} INFO - Sync 3 DAGs
[2023-10-02T09:00:41.712+0000] {logging_mixin.py:151} INFO - [2023-10-02T09:00:41.712+0000] {dag.py:3696} INFO - Setting next_dagrun for example_subdag_operator to 2022-01-01T00:00:00+00:00, run_after=2022-01-01T00:00:00+00:00
[2023-10-02T09:00:41.713+0000] {logging_mixin.py:151} INFO - [2023-10-02T09:00:41.713+0000] {dag.py:3696} INFO - Setting next_dagrun for example_subdag_operator.section-1 to None, run_after=None
[2023-10-02T09:00:41.714+0000] {logging_mixin.py:151} INFO - [2023-10-02T09:00:41.714+0000] {dag.py:3696} INFO - Setting next_dagrun for example_subdag_operator.section-2 to None, run_after=None
[2023-10-02T09:00:41.717+0000] {logging_mixin.py:151} INFO - [2023-10-02T09:00:41.717+0000] {dag.py:2915} INFO - Sync 2 DAGs
[2023-10-02T09:00:41.719+0000] {logging_mixin.py:151} INFO - [2023-10-02T09:00:41.719+0000] {dag.py:3696} INFO - Setting next_dagrun for example_subdag_operator.section-1 to None, run_after=None
[2023-10-02T09:00:41.719+0000] {logging_mixin.py:151} INFO - [2023-10-02T09:00:41.719+0000] {dag.py:3696} INFO - Setting next_dagrun for example_subdag_operator.section-2 to None, run_after=None
[2023-10-02T09:00:41.724+0000] {processor.py:179} INFO - Processing /home/airflow/.local/lib/python3.8/site-packages/airflow/example_dags/example_subdag_operator.py took 0.050 seconds
[2023-10-02T09:01:12.602+0000] {processor.py:157} INFO - Started process (PID=804) to work on /home/airflow/.local/lib/python3.8/site-packages/airflow/example_dags/example_subdag_operator.py
[2023-10-02T09:01:12.603+0000] {processor.py:829} INFO - Processing file /home/airflow/.local/lib/python3.8/site-packages/airflow/example_dags/example_subdag_operator.py for tasks to queue
[2023-10-02T09:01:12.605+0000] {logging_mixin.py:151} INFO - [2023-10-02T09:01:12.605+0000] {dagbag.py:539} INFO - Filling up the DagBag from /home/airflow/.local/lib/python3.8/site-packages/airflow/example_dags/example_subdag_operator.py
[2023-10-02T09:01:12.621+0000] {processor.py:839} INFO - DAG(s) dict_keys(['example_subdag_operator.section-1', 'example_subdag_operator.section-2', 'example_subdag_operator']) retrieved from /home/airflow/.local/lib/python3.8/site-packages/airflow/example_dags/example_subdag_operator.py
[2023-10-02T09:01:12.628+0000] {logging_mixin.py:151} INFO - [2023-10-02T09:01:12.628+0000] {dag.py:2915} INFO - Sync 3 DAGs
[2023-10-02T09:01:12.637+0000] {logging_mixin.py:151} INFO - [2023-10-02T09:01:12.637+0000] {dag.py:3696} INFO - Setting next_dagrun for example_subdag_operator to 2022-01-01T00:00:00+00:00, run_after=2022-01-01T00:00:00+00:00
[2023-10-02T09:01:12.638+0000] {logging_mixin.py:151} INFO - [2023-10-02T09:01:12.638+0000] {dag.py:3696} INFO - Setting next_dagrun for example_subdag_operator.section-1 to None, run_after=None
[2023-10-02T09:01:12.639+0000] {logging_mixin.py:151} INFO - [2023-10-02T09:01:12.639+0000] {dag.py:3696} INFO - Setting next_dagrun for example_subdag_operator.section-2 to None, run_after=None
[2023-10-02T09:01:12.642+0000] {logging_mixin.py:151} INFO - [2023-10-02T09:01:12.642+0000] {dag.py:2915} INFO - Sync 2 DAGs
[2023-10-02T09:01:12.644+0000] {logging_mixin.py:151} INFO - [2023-10-02T09:01:12.644+0000] {dag.py:3696} INFO - Setting next_dagrun for example_subdag_operator.section-1 to None, run_after=None
[2023-10-02T09:01:12.645+0000] {logging_mixin.py:151} INFO - [2023-10-02T09:01:12.645+0000] {dag.py:3696} INFO - Setting next_dagrun for example_subdag_operator.section-2 to None, run_after=None
[2023-10-02T09:01:12.648+0000] {processor.py:179} INFO - Processing /home/airflow/.local/lib/python3.8/site-packages/airflow/example_dags/example_subdag_operator.py took 0.049 seconds
[2023-10-02T09:01:43.742+0000] {processor.py:157} INFO - Started process (PID=861) to work on /home/airflow/.local/lib/python3.8/site-packages/airflow/example_dags/example_subdag_operator.py
[2023-10-02T09:01:43.743+0000] {processor.py:829} INFO - Processing file /home/airflow/.local/lib/python3.8/site-packages/airflow/example_dags/example_subdag_operator.py for tasks to queue
[2023-10-02T09:01:43.745+0000] {logging_mixin.py:151} INFO - [2023-10-02T09:01:43.744+0000] {dagbag.py:539} INFO - Filling up the DagBag from /home/airflow/.local/lib/python3.8/site-packages/airflow/example_dags/example_subdag_operator.py
[2023-10-02T09:01:43.757+0000] {processor.py:839} INFO - DAG(s) dict_keys(['example_subdag_operator.section-1', 'example_subdag_operator.section-2', 'example_subdag_operator']) retrieved from /home/airflow/.local/lib/python3.8/site-packages/airflow/example_dags/example_subdag_operator.py
[2023-10-02T09:01:43.764+0000] {logging_mixin.py:151} INFO - [2023-10-02T09:01:43.764+0000] {dag.py:2915} INFO - Sync 3 DAGs
[2023-10-02T09:01:43.775+0000] {logging_mixin.py:151} INFO - [2023-10-02T09:01:43.775+0000] {dag.py:3696} INFO - Setting next_dagrun for example_subdag_operator to 2022-01-01T00:00:00+00:00, run_after=2022-01-01T00:00:00+00:00
[2023-10-02T09:01:43.777+0000] {logging_mixin.py:151} INFO - [2023-10-02T09:01:43.777+0000] {dag.py:3696} INFO - Setting next_dagrun for example_subdag_operator.section-1 to None, run_after=None
[2023-10-02T09:01:43.778+0000] {logging_mixin.py:151} INFO - [2023-10-02T09:01:43.778+0000] {dag.py:3696} INFO - Setting next_dagrun for example_subdag_operator.section-2 to None, run_after=None
[2023-10-02T09:01:43.781+0000] {logging_mixin.py:151} INFO - [2023-10-02T09:01:43.781+0000] {dag.py:2915} INFO - Sync 2 DAGs
[2023-10-02T09:01:43.783+0000] {logging_mixin.py:151} INFO - [2023-10-02T09:01:43.783+0000] {dag.py:3696} INFO - Setting next_dagrun for example_subdag_operator.section-1 to None, run_after=None
[2023-10-02T09:01:43.783+0000] {logging_mixin.py:151} INFO - [2023-10-02T09:01:43.783+0000] {dag.py:3696} INFO - Setting next_dagrun for example_subdag_operator.section-2 to None, run_after=None
[2023-10-02T09:01:43.788+0000] {processor.py:179} INFO - Processing /home/airflow/.local/lib/python3.8/site-packages/airflow/example_dags/example_subdag_operator.py took 0.047 seconds
[2023-10-02T09:02:14.632+0000] {processor.py:157} INFO - Started process (PID=918) to work on /home/airflow/.local/lib/python3.8/site-packages/airflow/example_dags/example_subdag_operator.py
[2023-10-02T09:02:14.632+0000] {processor.py:829} INFO - Processing file /home/airflow/.local/lib/python3.8/site-packages/airflow/example_dags/example_subdag_operator.py for tasks to queue
[2023-10-02T09:02:14.633+0000] {logging_mixin.py:151} INFO - [2023-10-02T09:02:14.633+0000] {dagbag.py:539} INFO - Filling up the DagBag from /home/airflow/.local/lib/python3.8/site-packages/airflow/example_dags/example_subdag_operator.py
[2023-10-02T09:02:14.646+0000] {processor.py:839} INFO - DAG(s) dict_keys(['example_subdag_operator.section-1', 'example_subdag_operator.section-2', 'example_subdag_operator']) retrieved from /home/airflow/.local/lib/python3.8/site-packages/airflow/example_dags/example_subdag_operator.py
[2023-10-02T09:02:14.653+0000] {logging_mixin.py:151} INFO - [2023-10-02T09:02:14.653+0000] {dag.py:2915} INFO - Sync 3 DAGs
[2023-10-02T09:02:14.662+0000] {logging_mixin.py:151} INFO - [2023-10-02T09:02:14.662+0000] {dag.py:3696} INFO - Setting next_dagrun for example_subdag_operator to 2022-01-01T00:00:00+00:00, run_after=2022-01-01T00:00:00+00:00
[2023-10-02T09:02:14.663+0000] {logging_mixin.py:151} INFO - [2023-10-02T09:02:14.663+0000] {dag.py:3696} INFO - Setting next_dagrun for example_subdag_operator.section-1 to None, run_after=None
[2023-10-02T09:02:14.664+0000] {logging_mixin.py:151} INFO - [2023-10-02T09:02:14.664+0000] {dag.py:3696} INFO - Setting next_dagrun for example_subdag_operator.section-2 to None, run_after=None
[2023-10-02T09:02:14.667+0000] {logging_mixin.py:151} INFO - [2023-10-02T09:02:14.667+0000] {dag.py:2915} INFO - Sync 2 DAGs
[2023-10-02T09:02:14.669+0000] {logging_mixin.py:151} INFO - [2023-10-02T09:02:14.669+0000] {dag.py:3696} INFO - Setting next_dagrun for example_subdag_operator.section-1 to None, run_after=None
[2023-10-02T09:02:14.669+0000] {logging_mixin.py:151} INFO - [2023-10-02T09:02:14.669+0000] {dag.py:3696} INFO - Setting next_dagrun for example_subdag_operator.section-2 to None, run_after=None
[2023-10-02T09:02:14.673+0000] {processor.py:179} INFO - Processing /home/airflow/.local/lib/python3.8/site-packages/airflow/example_dags/example_subdag_operator.py took 0.043 seconds
