[2023-10-02T08:54:30.622+0000] {processor.py:157} INFO - Started process (PID=55) to work on /home/airflow/.local/lib/python3.8/site-packages/airflow/example_dags/example_latest_only_with_trigger.py
[2023-10-02T08:54:30.623+0000] {processor.py:829} INFO - Processing file /home/airflow/.local/lib/python3.8/site-packages/airflow/example_dags/example_latest_only_with_trigger.py for tasks to queue
[2023-10-02T08:54:30.625+0000] {logging_mixin.py:151} INFO - [2023-10-02T08:54:30.624+0000] {dagbag.py:539} INFO - Filling up the DagBag from /home/airflow/.local/lib/python3.8/site-packages/airflow/example_dags/example_latest_only_with_trigger.py
[2023-10-02T08:54:30.631+0000] {processor.py:839} INFO - DAG(s) dict_keys(['latest_only_with_trigger']) retrieved from /home/airflow/.local/lib/python3.8/site-packages/airflow/example_dags/example_latest_only_with_trigger.py
[2023-10-02T08:54:30.640+0000] {logging_mixin.py:151} INFO - [2023-10-02T08:54:30.640+0000] {dag.py:2915} INFO - Sync 1 DAGs
[2023-10-02T08:54:30.653+0000] {logging_mixin.py:151} INFO - [2023-10-02T08:54:30.653+0000] {dag.py:3696} INFO - Setting next_dagrun for latest_only_with_trigger to 2023-10-02T04:54:30.653315+00:00, run_after=2023-10-02T08:54:30.653315+00:00
[2023-10-02T08:54:30.662+0000] {processor.py:179} INFO - Processing /home/airflow/.local/lib/python3.8/site-packages/airflow/example_dags/example_latest_only_with_trigger.py took 0.042 seconds
[2023-10-02T08:55:01.485+0000] {processor.py:157} INFO - Started process (PID=112) to work on /home/airflow/.local/lib/python3.8/site-packages/airflow/example_dags/example_latest_only_with_trigger.py
[2023-10-02T08:55:01.486+0000] {processor.py:829} INFO - Processing file /home/airflow/.local/lib/python3.8/site-packages/airflow/example_dags/example_latest_only_with_trigger.py for tasks to queue
[2023-10-02T08:55:01.487+0000] {logging_mixin.py:151} INFO - [2023-10-02T08:55:01.487+0000] {dagbag.py:539} INFO - Filling up the DagBag from /home/airflow/.local/lib/python3.8/site-packages/airflow/example_dags/example_latest_only_with_trigger.py
[2023-10-02T08:55:01.490+0000] {processor.py:839} INFO - DAG(s) dict_keys(['latest_only_with_trigger']) retrieved from /home/airflow/.local/lib/python3.8/site-packages/airflow/example_dags/example_latest_only_with_trigger.py
[2023-10-02T08:55:01.508+0000] {logging_mixin.py:151} INFO - [2023-10-02T08:55:01.507+0000] {dag.py:2915} INFO - Sync 1 DAGs
[2023-10-02T08:55:01.547+0000] {logging_mixin.py:151} INFO - [2023-10-02T08:55:01.547+0000] {dag.py:3696} INFO - Setting next_dagrun for latest_only_with_trigger to 2023-10-02T04:55:01.547320+00:00, run_after=2023-10-02T08:55:01.547320+00:00
[2023-10-02T08:55:01.555+0000] {processor.py:179} INFO - Processing /home/airflow/.local/lib/python3.8/site-packages/airflow/example_dags/example_latest_only_with_trigger.py took 0.072 seconds
[2023-10-02T08:55:32.146+0000] {processor.py:157} INFO - Started process (PID=169) to work on /home/airflow/.local/lib/python3.8/site-packages/airflow/example_dags/example_latest_only_with_trigger.py
[2023-10-02T08:55:32.147+0000] {processor.py:829} INFO - Processing file /home/airflow/.local/lib/python3.8/site-packages/airflow/example_dags/example_latest_only_with_trigger.py for tasks to queue
[2023-10-02T08:55:32.149+0000] {logging_mixin.py:151} INFO - [2023-10-02T08:55:32.148+0000] {dagbag.py:539} INFO - Filling up the DagBag from /home/airflow/.local/lib/python3.8/site-packages/airflow/example_dags/example_latest_only_with_trigger.py
[2023-10-02T08:55:32.155+0000] {processor.py:839} INFO - DAG(s) dict_keys(['latest_only_with_trigger']) retrieved from /home/airflow/.local/lib/python3.8/site-packages/airflow/example_dags/example_latest_only_with_trigger.py
[2023-10-02T08:55:32.173+0000] {logging_mixin.py:151} INFO - [2023-10-02T08:55:32.173+0000] {dag.py:2915} INFO - Sync 1 DAGs
[2023-10-02T08:55:32.185+0000] {logging_mixin.py:151} INFO - [2023-10-02T08:55:32.185+0000] {dag.py:3696} INFO - Setting next_dagrun for latest_only_with_trigger to 2023-10-02T04:55:32.185180+00:00, run_after=2023-10-02T08:55:32.185180+00:00
[2023-10-02T08:55:32.194+0000] {processor.py:179} INFO - Processing /home/airflow/.local/lib/python3.8/site-packages/airflow/example_dags/example_latest_only_with_trigger.py took 0.050 seconds
[2023-10-02T08:56:02.525+0000] {processor.py:157} INFO - Started process (PID=226) to work on /home/airflow/.local/lib/python3.8/site-packages/airflow/example_dags/example_latest_only_with_trigger.py
[2023-10-02T08:56:02.526+0000] {processor.py:829} INFO - Processing file /home/airflow/.local/lib/python3.8/site-packages/airflow/example_dags/example_latest_only_with_trigger.py for tasks to queue
[2023-10-02T08:56:02.528+0000] {logging_mixin.py:151} INFO - [2023-10-02T08:56:02.528+0000] {dagbag.py:539} INFO - Filling up the DagBag from /home/airflow/.local/lib/python3.8/site-packages/airflow/example_dags/example_latest_only_with_trigger.py
[2023-10-02T08:56:02.531+0000] {processor.py:839} INFO - DAG(s) dict_keys(['latest_only_with_trigger']) retrieved from /home/airflow/.local/lib/python3.8/site-packages/airflow/example_dags/example_latest_only_with_trigger.py
[2023-10-02T08:56:02.541+0000] {logging_mixin.py:151} INFO - [2023-10-02T08:56:02.541+0000] {dag.py:2915} INFO - Sync 1 DAGs
[2023-10-02T08:56:02.550+0000] {logging_mixin.py:151} INFO - [2023-10-02T08:56:02.550+0000] {dag.py:3696} INFO - Setting next_dagrun for latest_only_with_trigger to 2023-10-02T04:56:02.550537+00:00, run_after=2023-10-02T08:56:02.550537+00:00
[2023-10-02T08:56:02.558+0000] {processor.py:179} INFO - Processing /home/airflow/.local/lib/python3.8/site-packages/airflow/example_dags/example_latest_only_with_trigger.py took 0.035 seconds
[2023-10-02T08:56:33.558+0000] {processor.py:157} INFO - Started process (PID=283) to work on /home/airflow/.local/lib/python3.8/site-packages/airflow/example_dags/example_latest_only_with_trigger.py
[2023-10-02T08:56:33.559+0000] {processor.py:829} INFO - Processing file /home/airflow/.local/lib/python3.8/site-packages/airflow/example_dags/example_latest_only_with_trigger.py for tasks to queue
[2023-10-02T08:56:33.560+0000] {logging_mixin.py:151} INFO - [2023-10-02T08:56:33.560+0000] {dagbag.py:539} INFO - Filling up the DagBag from /home/airflow/.local/lib/python3.8/site-packages/airflow/example_dags/example_latest_only_with_trigger.py
[2023-10-02T08:56:33.563+0000] {processor.py:839} INFO - DAG(s) dict_keys(['latest_only_with_trigger']) retrieved from /home/airflow/.local/lib/python3.8/site-packages/airflow/example_dags/example_latest_only_with_trigger.py
[2023-10-02T08:56:33.574+0000] {logging_mixin.py:151} INFO - [2023-10-02T08:56:33.574+0000] {dag.py:2915} INFO - Sync 1 DAGs
[2023-10-02T08:56:33.584+0000] {logging_mixin.py:151} INFO - [2023-10-02T08:56:33.584+0000] {dag.py:3696} INFO - Setting next_dagrun for latest_only_with_trigger to 2023-10-02T04:56:33.583947+00:00, run_after=2023-10-02T08:56:33.583947+00:00
[2023-10-02T08:56:33.591+0000] {processor.py:179} INFO - Processing /home/airflow/.local/lib/python3.8/site-packages/airflow/example_dags/example_latest_only_with_trigger.py took 0.034 seconds
[2023-10-02T08:57:04.473+0000] {processor.py:157} INFO - Started process (PID=340) to work on /home/airflow/.local/lib/python3.8/site-packages/airflow/example_dags/example_latest_only_with_trigger.py
[2023-10-02T08:57:04.474+0000] {processor.py:829} INFO - Processing file /home/airflow/.local/lib/python3.8/site-packages/airflow/example_dags/example_latest_only_with_trigger.py for tasks to queue
[2023-10-02T08:57:04.475+0000] {logging_mixin.py:151} INFO - [2023-10-02T08:57:04.475+0000] {dagbag.py:539} INFO - Filling up the DagBag from /home/airflow/.local/lib/python3.8/site-packages/airflow/example_dags/example_latest_only_with_trigger.py
[2023-10-02T08:57:04.478+0000] {processor.py:839} INFO - DAG(s) dict_keys(['latest_only_with_trigger']) retrieved from /home/airflow/.local/lib/python3.8/site-packages/airflow/example_dags/example_latest_only_with_trigger.py
[2023-10-02T08:57:04.488+0000] {logging_mixin.py:151} INFO - [2023-10-02T08:57:04.488+0000] {dag.py:2915} INFO - Sync 1 DAGs
[2023-10-02T08:57:04.498+0000] {logging_mixin.py:151} INFO - [2023-10-02T08:57:04.498+0000] {dag.py:3696} INFO - Setting next_dagrun for latest_only_with_trigger to 2023-10-02T04:57:04.498093+00:00, run_after=2023-10-02T08:57:04.498093+00:00
[2023-10-02T08:57:04.505+0000] {processor.py:179} INFO - Processing /home/airflow/.local/lib/python3.8/site-packages/airflow/example_dags/example_latest_only_with_trigger.py took 0.034 seconds
[2023-10-02T08:57:35.425+0000] {processor.py:157} INFO - Started process (PID=397) to work on /home/airflow/.local/lib/python3.8/site-packages/airflow/example_dags/example_latest_only_with_trigger.py
[2023-10-02T08:57:35.425+0000] {processor.py:829} INFO - Processing file /home/airflow/.local/lib/python3.8/site-packages/airflow/example_dags/example_latest_only_with_trigger.py for tasks to queue
[2023-10-02T08:57:35.426+0000] {logging_mixin.py:151} INFO - [2023-10-02T08:57:35.426+0000] {dagbag.py:539} INFO - Filling up the DagBag from /home/airflow/.local/lib/python3.8/site-packages/airflow/example_dags/example_latest_only_with_trigger.py
[2023-10-02T08:57:35.429+0000] {processor.py:839} INFO - DAG(s) dict_keys(['latest_only_with_trigger']) retrieved from /home/airflow/.local/lib/python3.8/site-packages/airflow/example_dags/example_latest_only_with_trigger.py
[2023-10-02T08:57:35.440+0000] {logging_mixin.py:151} INFO - [2023-10-02T08:57:35.440+0000] {dag.py:2915} INFO - Sync 1 DAGs
[2023-10-02T08:57:35.450+0000] {logging_mixin.py:151} INFO - [2023-10-02T08:57:35.449+0000] {dag.py:3696} INFO - Setting next_dagrun for latest_only_with_trigger to 2023-10-02T04:57:35.449815+00:00, run_after=2023-10-02T08:57:35.449815+00:00
[2023-10-02T08:57:35.457+0000] {processor.py:179} INFO - Processing /home/airflow/.local/lib/python3.8/site-packages/airflow/example_dags/example_latest_only_with_trigger.py took 0.034 seconds
[2023-10-02T08:58:06.317+0000] {processor.py:157} INFO - Started process (PID=454) to work on /home/airflow/.local/lib/python3.8/site-packages/airflow/example_dags/example_latest_only_with_trigger.py
[2023-10-02T08:58:06.317+0000] {processor.py:829} INFO - Processing file /home/airflow/.local/lib/python3.8/site-packages/airflow/example_dags/example_latest_only_with_trigger.py for tasks to queue
[2023-10-02T08:58:06.319+0000] {logging_mixin.py:151} INFO - [2023-10-02T08:58:06.319+0000] {dagbag.py:539} INFO - Filling up the DagBag from /home/airflow/.local/lib/python3.8/site-packages/airflow/example_dags/example_latest_only_with_trigger.py
[2023-10-02T08:58:06.322+0000] {processor.py:839} INFO - DAG(s) dict_keys(['latest_only_with_trigger']) retrieved from /home/airflow/.local/lib/python3.8/site-packages/airflow/example_dags/example_latest_only_with_trigger.py
[2023-10-02T08:58:06.332+0000] {logging_mixin.py:151} INFO - [2023-10-02T08:58:06.332+0000] {dag.py:2915} INFO - Sync 1 DAGs
[2023-10-02T08:58:06.342+0000] {logging_mixin.py:151} INFO - [2023-10-02T08:58:06.341+0000] {dag.py:3696} INFO - Setting next_dagrun for latest_only_with_trigger to 2023-10-02T04:58:06.341837+00:00, run_after=2023-10-02T08:58:06.341837+00:00
[2023-10-02T08:58:06.349+0000] {processor.py:179} INFO - Processing /home/airflow/.local/lib/python3.8/site-packages/airflow/example_dags/example_latest_only_with_trigger.py took 0.034 seconds
[2023-10-02T08:58:37.331+0000] {processor.py:157} INFO - Started process (PID=511) to work on /home/airflow/.local/lib/python3.8/site-packages/airflow/example_dags/example_latest_only_with_trigger.py
[2023-10-02T08:58:37.331+0000] {processor.py:829} INFO - Processing file /home/airflow/.local/lib/python3.8/site-packages/airflow/example_dags/example_latest_only_with_trigger.py for tasks to queue
[2023-10-02T08:58:37.333+0000] {logging_mixin.py:151} INFO - [2023-10-02T08:58:37.332+0000] {dagbag.py:539} INFO - Filling up the DagBag from /home/airflow/.local/lib/python3.8/site-packages/airflow/example_dags/example_latest_only_with_trigger.py
[2023-10-02T08:58:37.336+0000] {processor.py:839} INFO - DAG(s) dict_keys(['latest_only_with_trigger']) retrieved from /home/airflow/.local/lib/python3.8/site-packages/airflow/example_dags/example_latest_only_with_trigger.py
[2023-10-02T08:58:37.346+0000] {logging_mixin.py:151} INFO - [2023-10-02T08:58:37.346+0000] {dag.py:2915} INFO - Sync 1 DAGs
[2023-10-02T08:58:37.355+0000] {logging_mixin.py:151} INFO - [2023-10-02T08:58:37.355+0000] {dag.py:3696} INFO - Setting next_dagrun for latest_only_with_trigger to 2023-10-02T04:58:37.355275+00:00, run_after=2023-10-02T08:58:37.355275+00:00
[2023-10-02T08:58:37.362+0000] {processor.py:179} INFO - Processing /home/airflow/.local/lib/python3.8/site-packages/airflow/example_dags/example_latest_only_with_trigger.py took 0.033 seconds
[2023-10-02T08:59:08.129+0000] {processor.py:157} INFO - Started process (PID=569) to work on /home/airflow/.local/lib/python3.8/site-packages/airflow/example_dags/example_latest_only_with_trigger.py
[2023-10-02T08:59:08.130+0000] {processor.py:829} INFO - Processing file /home/airflow/.local/lib/python3.8/site-packages/airflow/example_dags/example_latest_only_with_trigger.py for tasks to queue
[2023-10-02T08:59:08.131+0000] {logging_mixin.py:151} INFO - [2023-10-02T08:59:08.131+0000] {dagbag.py:539} INFO - Filling up the DagBag from /home/airflow/.local/lib/python3.8/site-packages/airflow/example_dags/example_latest_only_with_trigger.py
[2023-10-02T08:59:08.135+0000] {processor.py:839} INFO - DAG(s) dict_keys(['latest_only_with_trigger']) retrieved from /home/airflow/.local/lib/python3.8/site-packages/airflow/example_dags/example_latest_only_with_trigger.py
[2023-10-02T08:59:08.146+0000] {logging_mixin.py:151} INFO - [2023-10-02T08:59:08.145+0000] {dag.py:2915} INFO - Sync 1 DAGs
[2023-10-02T08:59:08.155+0000] {logging_mixin.py:151} INFO - [2023-10-02T08:59:08.155+0000] {dag.py:3696} INFO - Setting next_dagrun for latest_only_with_trigger to 2023-10-02T04:59:08.155280+00:00, run_after=2023-10-02T08:59:08.155280+00:00
[2023-10-02T08:59:08.163+0000] {processor.py:179} INFO - Processing /home/airflow/.local/lib/python3.8/site-packages/airflow/example_dags/example_latest_only_with_trigger.py took 0.036 seconds
[2023-10-02T08:59:39.366+0000] {processor.py:157} INFO - Started process (PID=626) to work on /home/airflow/.local/lib/python3.8/site-packages/airflow/example_dags/example_latest_only_with_trigger.py
[2023-10-02T08:59:39.366+0000] {processor.py:829} INFO - Processing file /home/airflow/.local/lib/python3.8/site-packages/airflow/example_dags/example_latest_only_with_trigger.py for tasks to queue
[2023-10-02T08:59:39.368+0000] {logging_mixin.py:151} INFO - [2023-10-02T08:59:39.367+0000] {dagbag.py:539} INFO - Filling up the DagBag from /home/airflow/.local/lib/python3.8/site-packages/airflow/example_dags/example_latest_only_with_trigger.py
[2023-10-02T08:59:39.371+0000] {processor.py:839} INFO - DAG(s) dict_keys(['latest_only_with_trigger']) retrieved from /home/airflow/.local/lib/python3.8/site-packages/airflow/example_dags/example_latest_only_with_trigger.py
[2023-10-02T08:59:39.383+0000] {logging_mixin.py:151} INFO - [2023-10-02T08:59:39.383+0000] {dag.py:2915} INFO - Sync 1 DAGs
[2023-10-02T08:59:39.394+0000] {logging_mixin.py:151} INFO - [2023-10-02T08:59:39.394+0000] {dag.py:3696} INFO - Setting next_dagrun for latest_only_with_trigger to 2023-10-02T04:59:39.394561+00:00, run_after=2023-10-02T08:59:39.394561+00:00
[2023-10-02T08:59:39.403+0000] {processor.py:179} INFO - Processing /home/airflow/.local/lib/python3.8/site-packages/airflow/example_dags/example_latest_only_with_trigger.py took 0.039 seconds
[2023-10-02T09:00:10.519+0000] {processor.py:157} INFO - Started process (PID=683) to work on /home/airflow/.local/lib/python3.8/site-packages/airflow/example_dags/example_latest_only_with_trigger.py
[2023-10-02T09:00:10.520+0000] {processor.py:829} INFO - Processing file /home/airflow/.local/lib/python3.8/site-packages/airflow/example_dags/example_latest_only_with_trigger.py for tasks to queue
[2023-10-02T09:00:10.521+0000] {logging_mixin.py:151} INFO - [2023-10-02T09:00:10.521+0000] {dagbag.py:539} INFO - Filling up the DagBag from /home/airflow/.local/lib/python3.8/site-packages/airflow/example_dags/example_latest_only_with_trigger.py
[2023-10-02T09:00:10.524+0000] {processor.py:839} INFO - DAG(s) dict_keys(['latest_only_with_trigger']) retrieved from /home/airflow/.local/lib/python3.8/site-packages/airflow/example_dags/example_latest_only_with_trigger.py
[2023-10-02T09:00:10.535+0000] {logging_mixin.py:151} INFO - [2023-10-02T09:00:10.535+0000] {dag.py:2915} INFO - Sync 1 DAGs
[2023-10-02T09:00:10.545+0000] {logging_mixin.py:151} INFO - [2023-10-02T09:00:10.545+0000] {dag.py:3696} INFO - Setting next_dagrun for latest_only_with_trigger to 2023-10-02T05:00:10.545271+00:00, run_after=2023-10-02T09:00:10.545271+00:00
[2023-10-02T09:00:10.552+0000] {processor.py:179} INFO - Processing /home/airflow/.local/lib/python3.8/site-packages/airflow/example_dags/example_latest_only_with_trigger.py took 0.035 seconds
[2023-10-02T09:00:41.503+0000] {processor.py:157} INFO - Started process (PID=740) to work on /home/airflow/.local/lib/python3.8/site-packages/airflow/example_dags/example_latest_only_with_trigger.py
[2023-10-02T09:00:41.504+0000] {processor.py:829} INFO - Processing file /home/airflow/.local/lib/python3.8/site-packages/airflow/example_dags/example_latest_only_with_trigger.py for tasks to queue
[2023-10-02T09:00:41.505+0000] {logging_mixin.py:151} INFO - [2023-10-02T09:00:41.505+0000] {dagbag.py:539} INFO - Filling up the DagBag from /home/airflow/.local/lib/python3.8/site-packages/airflow/example_dags/example_latest_only_with_trigger.py
[2023-10-02T09:00:41.508+0000] {processor.py:839} INFO - DAG(s) dict_keys(['latest_only_with_trigger']) retrieved from /home/airflow/.local/lib/python3.8/site-packages/airflow/example_dags/example_latest_only_with_trigger.py
[2023-10-02T09:00:41.519+0000] {logging_mixin.py:151} INFO - [2023-10-02T09:00:41.519+0000] {dag.py:2915} INFO - Sync 1 DAGs
[2023-10-02T09:00:41.529+0000] {logging_mixin.py:151} INFO - [2023-10-02T09:00:41.529+0000] {dag.py:3696} INFO - Setting next_dagrun for latest_only_with_trigger to 2023-10-02T05:00:41.528482+00:00, run_after=2023-10-02T09:00:41.528482+00:00
[2023-10-02T09:00:41.536+0000] {processor.py:179} INFO - Processing /home/airflow/.local/lib/python3.8/site-packages/airflow/example_dags/example_latest_only_with_trigger.py took 0.035 seconds
[2023-10-02T09:01:12.356+0000] {processor.py:157} INFO - Started process (PID=797) to work on /home/airflow/.local/lib/python3.8/site-packages/airflow/example_dags/example_latest_only_with_trigger.py
[2023-10-02T09:01:12.356+0000] {processor.py:829} INFO - Processing file /home/airflow/.local/lib/python3.8/site-packages/airflow/example_dags/example_latest_only_with_trigger.py for tasks to queue
[2023-10-02T09:01:12.357+0000] {logging_mixin.py:151} INFO - [2023-10-02T09:01:12.357+0000] {dagbag.py:539} INFO - Filling up the DagBag from /home/airflow/.local/lib/python3.8/site-packages/airflow/example_dags/example_latest_only_with_trigger.py
[2023-10-02T09:01:12.360+0000] {processor.py:839} INFO - DAG(s) dict_keys(['latest_only_with_trigger']) retrieved from /home/airflow/.local/lib/python3.8/site-packages/airflow/example_dags/example_latest_only_with_trigger.py
[2023-10-02T09:01:12.370+0000] {logging_mixin.py:151} INFO - [2023-10-02T09:01:12.370+0000] {dag.py:2915} INFO - Sync 1 DAGs
[2023-10-02T09:01:12.379+0000] {logging_mixin.py:151} INFO - [2023-10-02T09:01:12.379+0000] {dag.py:3696} INFO - Setting next_dagrun for latest_only_with_trigger to 2023-10-02T05:01:12.379371+00:00, run_after=2023-10-02T09:01:12.379371+00:00
[2023-10-02T09:01:12.386+0000] {processor.py:179} INFO - Processing /home/airflow/.local/lib/python3.8/site-packages/airflow/example_dags/example_latest_only_with_trigger.py took 0.033 seconds
[2023-10-02T09:01:43.511+0000] {processor.py:157} INFO - Started process (PID=854) to work on /home/airflow/.local/lib/python3.8/site-packages/airflow/example_dags/example_latest_only_with_trigger.py
[2023-10-02T09:01:43.512+0000] {processor.py:829} INFO - Processing file /home/airflow/.local/lib/python3.8/site-packages/airflow/example_dags/example_latest_only_with_trigger.py for tasks to queue
[2023-10-02T09:01:43.513+0000] {logging_mixin.py:151} INFO - [2023-10-02T09:01:43.513+0000] {dagbag.py:539} INFO - Filling up the DagBag from /home/airflow/.local/lib/python3.8/site-packages/airflow/example_dags/example_latest_only_with_trigger.py
[2023-10-02T09:01:43.516+0000] {processor.py:839} INFO - DAG(s) dict_keys(['latest_only_with_trigger']) retrieved from /home/airflow/.local/lib/python3.8/site-packages/airflow/example_dags/example_latest_only_with_trigger.py
[2023-10-02T09:01:43.526+0000] {logging_mixin.py:151} INFO - [2023-10-02T09:01:43.526+0000] {dag.py:2915} INFO - Sync 1 DAGs
[2023-10-02T09:01:43.535+0000] {logging_mixin.py:151} INFO - [2023-10-02T09:01:43.535+0000] {dag.py:3696} INFO - Setting next_dagrun for latest_only_with_trigger to 2023-10-02T05:01:43.535199+00:00, run_after=2023-10-02T09:01:43.535199+00:00
[2023-10-02T09:01:43.542+0000] {processor.py:179} INFO - Processing /home/airflow/.local/lib/python3.8/site-packages/airflow/example_dags/example_latest_only_with_trigger.py took 0.033 seconds
[2023-10-02T09:02:14.404+0000] {processor.py:157} INFO - Started process (PID=911) to work on /home/airflow/.local/lib/python3.8/site-packages/airflow/example_dags/example_latest_only_with_trigger.py
[2023-10-02T09:02:14.405+0000] {processor.py:829} INFO - Processing file /home/airflow/.local/lib/python3.8/site-packages/airflow/example_dags/example_latest_only_with_trigger.py for tasks to queue
[2023-10-02T09:02:14.406+0000] {logging_mixin.py:151} INFO - [2023-10-02T09:02:14.406+0000] {dagbag.py:539} INFO - Filling up the DagBag from /home/airflow/.local/lib/python3.8/site-packages/airflow/example_dags/example_latest_only_with_trigger.py
[2023-10-02T09:02:14.410+0000] {processor.py:839} INFO - DAG(s) dict_keys(['latest_only_with_trigger']) retrieved from /home/airflow/.local/lib/python3.8/site-packages/airflow/example_dags/example_latest_only_with_trigger.py
[2023-10-02T09:02:14.420+0000] {logging_mixin.py:151} INFO - [2023-10-02T09:02:14.420+0000] {dag.py:2915} INFO - Sync 1 DAGs
[2023-10-02T09:02:14.429+0000] {logging_mixin.py:151} INFO - [2023-10-02T09:02:14.429+0000] {dag.py:3696} INFO - Setting next_dagrun for latest_only_with_trigger to 2023-10-02T05:02:14.428992+00:00, run_after=2023-10-02T09:02:14.428992+00:00
[2023-10-02T09:02:14.436+0000] {processor.py:179} INFO - Processing /home/airflow/.local/lib/python3.8/site-packages/airflow/example_dags/example_latest_only_with_trigger.py took 0.033 seconds
