[2023-10-02T08:54:30.708+0000] {processor.py:157} INFO - Started process (PID=56) to work on /home/airflow/.local/lib/python3.8/site-packages/airflow/example_dags/example_nested_branch_dag.py
[2023-10-02T08:54:30.711+0000] {processor.py:829} INFO - Processing file /home/airflow/.local/lib/python3.8/site-packages/airflow/example_dags/example_nested_branch_dag.py for tasks to queue
[2023-10-02T08:54:30.714+0000] {logging_mixin.py:151} INFO - [2023-10-02T08:54:30.713+0000] {dagbag.py:539} INFO - Filling up the DagBag from /home/airflow/.local/lib/python3.8/site-packages/airflow/example_dags/example_nested_branch_dag.py
[2023-10-02T08:54:30.733+0000] {processor.py:839} INFO - DAG(s) dict_keys(['example_nested_branch_dag']) retrieved from /home/airflow/.local/lib/python3.8/site-packages/airflow/example_dags/example_nested_branch_dag.py
[2023-10-02T08:54:30.750+0000] {logging_mixin.py:151} INFO - [2023-10-02T08:54:30.750+0000] {dag.py:2915} INFO - Sync 1 DAGs
[2023-10-02T08:54:30.780+0000] {logging_mixin.py:151} INFO - [2023-10-02T08:54:30.780+0000] {dag.py:3696} INFO - Setting next_dagrun for example_nested_branch_dag to 2023-10-01T00:00:00+00:00, run_after=2023-10-02T00:00:00+00:00
[2023-10-02T08:54:30.792+0000] {processor.py:179} INFO - Processing /home/airflow/.local/lib/python3.8/site-packages/airflow/example_dags/example_nested_branch_dag.py took 0.088 seconds
[2023-10-02T08:55:01.568+0000] {processor.py:157} INFO - Started process (PID=113) to work on /home/airflow/.local/lib/python3.8/site-packages/airflow/example_dags/example_nested_branch_dag.py
[2023-10-02T08:55:01.569+0000] {processor.py:829} INFO - Processing file /home/airflow/.local/lib/python3.8/site-packages/airflow/example_dags/example_nested_branch_dag.py for tasks to queue
[2023-10-02T08:55:01.570+0000] {logging_mixin.py:151} INFO - [2023-10-02T08:55:01.570+0000] {dagbag.py:539} INFO - Filling up the DagBag from /home/airflow/.local/lib/python3.8/site-packages/airflow/example_dags/example_nested_branch_dag.py
[2023-10-02T08:55:01.576+0000] {processor.py:839} INFO - DAG(s) dict_keys(['example_nested_branch_dag']) retrieved from /home/airflow/.local/lib/python3.8/site-packages/airflow/example_dags/example_nested_branch_dag.py
[2023-10-02T08:55:01.590+0000] {logging_mixin.py:151} INFO - [2023-10-02T08:55:01.590+0000] {dag.py:2915} INFO - Sync 1 DAGs
[2023-10-02T08:55:01.603+0000] {logging_mixin.py:151} INFO - [2023-10-02T08:55:01.603+0000] {dag.py:3696} INFO - Setting next_dagrun for example_nested_branch_dag to 2023-10-01T00:00:00+00:00, run_after=2023-10-02T00:00:00+00:00
[2023-10-02T08:55:01.611+0000] {processor.py:179} INFO - Processing /home/airflow/.local/lib/python3.8/site-packages/airflow/example_dags/example_nested_branch_dag.py took 0.045 seconds
[2023-10-02T08:55:32.170+0000] {processor.py:157} INFO - Started process (PID=170) to work on /home/airflow/.local/lib/python3.8/site-packages/airflow/example_dags/example_nested_branch_dag.py
[2023-10-02T08:55:32.171+0000] {processor.py:829} INFO - Processing file /home/airflow/.local/lib/python3.8/site-packages/airflow/example_dags/example_nested_branch_dag.py for tasks to queue
[2023-10-02T08:55:32.173+0000] {logging_mixin.py:151} INFO - [2023-10-02T08:55:32.172+0000] {dagbag.py:539} INFO - Filling up the DagBag from /home/airflow/.local/lib/python3.8/site-packages/airflow/example_dags/example_nested_branch_dag.py
[2023-10-02T08:55:32.179+0000] {processor.py:839} INFO - DAG(s) dict_keys(['example_nested_branch_dag']) retrieved from /home/airflow/.local/lib/python3.8/site-packages/airflow/example_dags/example_nested_branch_dag.py
[2023-10-02T08:55:32.192+0000] {logging_mixin.py:151} INFO - [2023-10-02T08:55:32.191+0000] {dag.py:2915} INFO - Sync 1 DAGs
[2023-10-02T08:55:32.203+0000] {logging_mixin.py:151} INFO - [2023-10-02T08:55:32.203+0000] {dag.py:3696} INFO - Setting next_dagrun for example_nested_branch_dag to 2023-10-01T00:00:00+00:00, run_after=2023-10-02T00:00:00+00:00
[2023-10-02T08:55:32.211+0000] {processor.py:179} INFO - Processing /home/airflow/.local/lib/python3.8/site-packages/airflow/example_dags/example_nested_branch_dag.py took 0.044 seconds
[2023-10-02T08:56:02.563+0000] {processor.py:157} INFO - Started process (PID=227) to work on /home/airflow/.local/lib/python3.8/site-packages/airflow/example_dags/example_nested_branch_dag.py
[2023-10-02T08:56:02.564+0000] {processor.py:829} INFO - Processing file /home/airflow/.local/lib/python3.8/site-packages/airflow/example_dags/example_nested_branch_dag.py for tasks to queue
[2023-10-02T08:56:02.565+0000] {logging_mixin.py:151} INFO - [2023-10-02T08:56:02.565+0000] {dagbag.py:539} INFO - Filling up the DagBag from /home/airflow/.local/lib/python3.8/site-packages/airflow/example_dags/example_nested_branch_dag.py
[2023-10-02T08:56:02.570+0000] {processor.py:839} INFO - DAG(s) dict_keys(['example_nested_branch_dag']) retrieved from /home/airflow/.local/lib/python3.8/site-packages/airflow/example_dags/example_nested_branch_dag.py
[2023-10-02T08:56:02.581+0000] {logging_mixin.py:151} INFO - [2023-10-02T08:56:02.581+0000] {dag.py:2915} INFO - Sync 1 DAGs
[2023-10-02T08:56:02.591+0000] {logging_mixin.py:151} INFO - [2023-10-02T08:56:02.591+0000] {dag.py:3696} INFO - Setting next_dagrun for example_nested_branch_dag to 2023-10-01T00:00:00+00:00, run_after=2023-10-02T00:00:00+00:00
[2023-10-02T08:56:02.599+0000] {processor.py:179} INFO - Processing /home/airflow/.local/lib/python3.8/site-packages/airflow/example_dags/example_nested_branch_dag.py took 0.038 seconds
[2023-10-02T08:56:33.561+0000] {processor.py:157} INFO - Started process (PID=284) to work on /home/airflow/.local/lib/python3.8/site-packages/airflow/example_dags/example_nested_branch_dag.py
[2023-10-02T08:56:33.561+0000] {processor.py:829} INFO - Processing file /home/airflow/.local/lib/python3.8/site-packages/airflow/example_dags/example_nested_branch_dag.py for tasks to queue
[2023-10-02T08:56:33.563+0000] {logging_mixin.py:151} INFO - [2023-10-02T08:56:33.562+0000] {dagbag.py:539} INFO - Filling up the DagBag from /home/airflow/.local/lib/python3.8/site-packages/airflow/example_dags/example_nested_branch_dag.py
[2023-10-02T08:56:33.568+0000] {processor.py:839} INFO - DAG(s) dict_keys(['example_nested_branch_dag']) retrieved from /home/airflow/.local/lib/python3.8/site-packages/airflow/example_dags/example_nested_branch_dag.py
[2023-10-02T08:56:33.578+0000] {logging_mixin.py:151} INFO - [2023-10-02T08:56:33.578+0000] {dag.py:2915} INFO - Sync 1 DAGs
[2023-10-02T08:56:33.587+0000] {logging_mixin.py:151} INFO - [2023-10-02T08:56:33.587+0000] {dag.py:3696} INFO - Setting next_dagrun for example_nested_branch_dag to 2023-10-01T00:00:00+00:00, run_after=2023-10-02T00:00:00+00:00
[2023-10-02T08:56:33.594+0000] {processor.py:179} INFO - Processing /home/airflow/.local/lib/python3.8/site-packages/airflow/example_dags/example_nested_branch_dag.py took 0.035 seconds
[2023-10-02T08:57:04.475+0000] {processor.py:157} INFO - Started process (PID=341) to work on /home/airflow/.local/lib/python3.8/site-packages/airflow/example_dags/example_nested_branch_dag.py
[2023-10-02T08:57:04.476+0000] {processor.py:829} INFO - Processing file /home/airflow/.local/lib/python3.8/site-packages/airflow/example_dags/example_nested_branch_dag.py for tasks to queue
[2023-10-02T08:57:04.477+0000] {logging_mixin.py:151} INFO - [2023-10-02T08:57:04.477+0000] {dagbag.py:539} INFO - Filling up the DagBag from /home/airflow/.local/lib/python3.8/site-packages/airflow/example_dags/example_nested_branch_dag.py
[2023-10-02T08:57:04.483+0000] {processor.py:839} INFO - DAG(s) dict_keys(['example_nested_branch_dag']) retrieved from /home/airflow/.local/lib/python3.8/site-packages/airflow/example_dags/example_nested_branch_dag.py
[2023-10-02T08:57:04.492+0000] {logging_mixin.py:151} INFO - [2023-10-02T08:57:04.492+0000] {dag.py:2915} INFO - Sync 1 DAGs
[2023-10-02T08:57:04.502+0000] {logging_mixin.py:151} INFO - [2023-10-02T08:57:04.502+0000] {dag.py:3696} INFO - Setting next_dagrun for example_nested_branch_dag to 2023-10-01T00:00:00+00:00, run_after=2023-10-02T00:00:00+00:00
[2023-10-02T08:57:04.509+0000] {processor.py:179} INFO - Processing /home/airflow/.local/lib/python3.8/site-packages/airflow/example_dags/example_nested_branch_dag.py took 0.035 seconds
[2023-10-02T08:57:35.427+0000] {processor.py:157} INFO - Started process (PID=398) to work on /home/airflow/.local/lib/python3.8/site-packages/airflow/example_dags/example_nested_branch_dag.py
[2023-10-02T08:57:35.428+0000] {processor.py:829} INFO - Processing file /home/airflow/.local/lib/python3.8/site-packages/airflow/example_dags/example_nested_branch_dag.py for tasks to queue
[2023-10-02T08:57:35.429+0000] {logging_mixin.py:151} INFO - [2023-10-02T08:57:35.429+0000] {dagbag.py:539} INFO - Filling up the DagBag from /home/airflow/.local/lib/python3.8/site-packages/airflow/example_dags/example_nested_branch_dag.py
[2023-10-02T08:57:35.434+0000] {processor.py:839} INFO - DAG(s) dict_keys(['example_nested_branch_dag']) retrieved from /home/airflow/.local/lib/python3.8/site-packages/airflow/example_dags/example_nested_branch_dag.py
[2023-10-02T08:57:35.444+0000] {logging_mixin.py:151} INFO - [2023-10-02T08:57:35.444+0000] {dag.py:2915} INFO - Sync 1 DAGs
[2023-10-02T08:57:35.453+0000] {logging_mixin.py:151} INFO - [2023-10-02T08:57:35.453+0000] {dag.py:3696} INFO - Setting next_dagrun for example_nested_branch_dag to 2023-10-01T00:00:00+00:00, run_after=2023-10-02T00:00:00+00:00
[2023-10-02T08:57:35.460+0000] {processor.py:179} INFO - Processing /home/airflow/.local/lib/python3.8/site-packages/airflow/example_dags/example_nested_branch_dag.py took 0.035 seconds
[2023-10-02T08:58:06.354+0000] {processor.py:157} INFO - Started process (PID=455) to work on /home/airflow/.local/lib/python3.8/site-packages/airflow/example_dags/example_nested_branch_dag.py
[2023-10-02T08:58:06.355+0000] {processor.py:829} INFO - Processing file /home/airflow/.local/lib/python3.8/site-packages/airflow/example_dags/example_nested_branch_dag.py for tasks to queue
[2023-10-02T08:58:06.356+0000] {logging_mixin.py:151} INFO - [2023-10-02T08:58:06.356+0000] {dagbag.py:539} INFO - Filling up the DagBag from /home/airflow/.local/lib/python3.8/site-packages/airflow/example_dags/example_nested_branch_dag.py
[2023-10-02T08:58:06.361+0000] {processor.py:839} INFO - DAG(s) dict_keys(['example_nested_branch_dag']) retrieved from /home/airflow/.local/lib/python3.8/site-packages/airflow/example_dags/example_nested_branch_dag.py
[2023-10-02T08:58:06.372+0000] {logging_mixin.py:151} INFO - [2023-10-02T08:58:06.372+0000] {dag.py:2915} INFO - Sync 1 DAGs
[2023-10-02T08:58:06.382+0000] {logging_mixin.py:151} INFO - [2023-10-02T08:58:06.382+0000] {dag.py:3696} INFO - Setting next_dagrun for example_nested_branch_dag to 2023-10-01T00:00:00+00:00, run_after=2023-10-02T00:00:00+00:00
[2023-10-02T08:58:06.389+0000] {processor.py:179} INFO - Processing /home/airflow/.local/lib/python3.8/site-packages/airflow/example_dags/example_nested_branch_dag.py took 0.036 seconds
[2023-10-02T08:58:37.368+0000] {processor.py:157} INFO - Started process (PID=512) to work on /home/airflow/.local/lib/python3.8/site-packages/airflow/example_dags/example_nested_branch_dag.py
[2023-10-02T08:58:37.369+0000] {processor.py:829} INFO - Processing file /home/airflow/.local/lib/python3.8/site-packages/airflow/example_dags/example_nested_branch_dag.py for tasks to queue
[2023-10-02T08:58:37.370+0000] {logging_mixin.py:151} INFO - [2023-10-02T08:58:37.370+0000] {dagbag.py:539} INFO - Filling up the DagBag from /home/airflow/.local/lib/python3.8/site-packages/airflow/example_dags/example_nested_branch_dag.py
[2023-10-02T08:58:37.375+0000] {processor.py:839} INFO - DAG(s) dict_keys(['example_nested_branch_dag']) retrieved from /home/airflow/.local/lib/python3.8/site-packages/airflow/example_dags/example_nested_branch_dag.py
[2023-10-02T08:58:37.386+0000] {logging_mixin.py:151} INFO - [2023-10-02T08:58:37.386+0000] {dag.py:2915} INFO - Sync 1 DAGs
[2023-10-02T08:58:37.396+0000] {logging_mixin.py:151} INFO - [2023-10-02T08:58:37.395+0000] {dag.py:3696} INFO - Setting next_dagrun for example_nested_branch_dag to 2023-10-01T00:00:00+00:00, run_after=2023-10-02T00:00:00+00:00
[2023-10-02T08:58:37.403+0000] {processor.py:179} INFO - Processing /home/airflow/.local/lib/python3.8/site-packages/airflow/example_dags/example_nested_branch_dag.py took 0.036 seconds
[2023-10-02T08:59:08.175+0000] {processor.py:157} INFO - Started process (PID=570) to work on /home/airflow/.local/lib/python3.8/site-packages/airflow/example_dags/example_nested_branch_dag.py
[2023-10-02T08:59:08.176+0000] {processor.py:829} INFO - Processing file /home/airflow/.local/lib/python3.8/site-packages/airflow/example_dags/example_nested_branch_dag.py for tasks to queue
[2023-10-02T08:59:08.177+0000] {logging_mixin.py:151} INFO - [2023-10-02T08:59:08.177+0000] {dagbag.py:539} INFO - Filling up the DagBag from /home/airflow/.local/lib/python3.8/site-packages/airflow/example_dags/example_nested_branch_dag.py
[2023-10-02T08:59:08.182+0000] {processor.py:839} INFO - DAG(s) dict_keys(['example_nested_branch_dag']) retrieved from /home/airflow/.local/lib/python3.8/site-packages/airflow/example_dags/example_nested_branch_dag.py
[2023-10-02T08:59:08.192+0000] {logging_mixin.py:151} INFO - [2023-10-02T08:59:08.192+0000] {dag.py:2915} INFO - Sync 1 DAGs
[2023-10-02T08:59:08.201+0000] {logging_mixin.py:151} INFO - [2023-10-02T08:59:08.201+0000] {dag.py:3696} INFO - Setting next_dagrun for example_nested_branch_dag to 2023-10-01T00:00:00+00:00, run_after=2023-10-02T00:00:00+00:00
[2023-10-02T08:59:08.207+0000] {processor.py:179} INFO - Processing /home/airflow/.local/lib/python3.8/site-packages/airflow/example_dags/example_nested_branch_dag.py took 0.034 seconds
[2023-10-02T08:59:39.368+0000] {processor.py:157} INFO - Started process (PID=627) to work on /home/airflow/.local/lib/python3.8/site-packages/airflow/example_dags/example_nested_branch_dag.py
[2023-10-02T08:59:39.369+0000] {processor.py:829} INFO - Processing file /home/airflow/.local/lib/python3.8/site-packages/airflow/example_dags/example_nested_branch_dag.py for tasks to queue
[2023-10-02T08:59:39.370+0000] {logging_mixin.py:151} INFO - [2023-10-02T08:59:39.370+0000] {dagbag.py:539} INFO - Filling up the DagBag from /home/airflow/.local/lib/python3.8/site-packages/airflow/example_dags/example_nested_branch_dag.py
[2023-10-02T08:59:39.376+0000] {processor.py:839} INFO - DAG(s) dict_keys(['example_nested_branch_dag']) retrieved from /home/airflow/.local/lib/python3.8/site-packages/airflow/example_dags/example_nested_branch_dag.py
[2023-10-02T08:59:39.387+0000] {logging_mixin.py:151} INFO - [2023-10-02T08:59:39.387+0000] {dag.py:2915} INFO - Sync 1 DAGs
[2023-10-02T08:59:39.399+0000] {logging_mixin.py:151} INFO - [2023-10-02T08:59:39.398+0000] {dag.py:3696} INFO - Setting next_dagrun for example_nested_branch_dag to 2023-10-01T00:00:00+00:00, run_after=2023-10-02T00:00:00+00:00
[2023-10-02T08:59:39.406+0000] {processor.py:179} INFO - Processing /home/airflow/.local/lib/python3.8/site-packages/airflow/example_dags/example_nested_branch_dag.py took 0.040 seconds
[2023-10-02T09:00:10.522+0000] {processor.py:157} INFO - Started process (PID=684) to work on /home/airflow/.local/lib/python3.8/site-packages/airflow/example_dags/example_nested_branch_dag.py
[2023-10-02T09:00:10.523+0000] {processor.py:829} INFO - Processing file /home/airflow/.local/lib/python3.8/site-packages/airflow/example_dags/example_nested_branch_dag.py for tasks to queue
[2023-10-02T09:00:10.524+0000] {logging_mixin.py:151} INFO - [2023-10-02T09:00:10.524+0000] {dagbag.py:539} INFO - Filling up the DagBag from /home/airflow/.local/lib/python3.8/site-packages/airflow/example_dags/example_nested_branch_dag.py
[2023-10-02T09:00:10.529+0000] {processor.py:839} INFO - DAG(s) dict_keys(['example_nested_branch_dag']) retrieved from /home/airflow/.local/lib/python3.8/site-packages/airflow/example_dags/example_nested_branch_dag.py
[2023-10-02T09:00:10.539+0000] {logging_mixin.py:151} INFO - [2023-10-02T09:00:10.539+0000] {dag.py:2915} INFO - Sync 1 DAGs
[2023-10-02T09:00:10.549+0000] {logging_mixin.py:151} INFO - [2023-10-02T09:00:10.549+0000] {dag.py:3696} INFO - Setting next_dagrun for example_nested_branch_dag to 2023-10-01T00:00:00+00:00, run_after=2023-10-02T00:00:00+00:00
[2023-10-02T09:00:10.556+0000] {processor.py:179} INFO - Processing /home/airflow/.local/lib/python3.8/site-packages/airflow/example_dags/example_nested_branch_dag.py took 0.036 seconds
[2023-10-02T09:00:41.506+0000] {processor.py:157} INFO - Started process (PID=741) to work on /home/airflow/.local/lib/python3.8/site-packages/airflow/example_dags/example_nested_branch_dag.py
[2023-10-02T09:00:41.506+0000] {processor.py:829} INFO - Processing file /home/airflow/.local/lib/python3.8/site-packages/airflow/example_dags/example_nested_branch_dag.py for tasks to queue
[2023-10-02T09:00:41.507+0000] {logging_mixin.py:151} INFO - [2023-10-02T09:00:41.507+0000] {dagbag.py:539} INFO - Filling up the DagBag from /home/airflow/.local/lib/python3.8/site-packages/airflow/example_dags/example_nested_branch_dag.py
[2023-10-02T09:00:41.513+0000] {processor.py:839} INFO - DAG(s) dict_keys(['example_nested_branch_dag']) retrieved from /home/airflow/.local/lib/python3.8/site-packages/airflow/example_dags/example_nested_branch_dag.py
[2023-10-02T09:00:41.523+0000] {logging_mixin.py:151} INFO - [2023-10-02T09:00:41.523+0000] {dag.py:2915} INFO - Sync 1 DAGs
[2023-10-02T09:00:41.533+0000] {logging_mixin.py:151} INFO - [2023-10-02T09:00:41.533+0000] {dag.py:3696} INFO - Setting next_dagrun for example_nested_branch_dag to 2023-10-01T00:00:00+00:00, run_after=2023-10-02T00:00:00+00:00
[2023-10-02T09:00:41.540+0000] {processor.py:179} INFO - Processing /home/airflow/.local/lib/python3.8/site-packages/airflow/example_dags/example_nested_branch_dag.py took 0.036 seconds
[2023-10-02T09:01:12.393+0000] {processor.py:157} INFO - Started process (PID=798) to work on /home/airflow/.local/lib/python3.8/site-packages/airflow/example_dags/example_nested_branch_dag.py
[2023-10-02T09:01:12.394+0000] {processor.py:829} INFO - Processing file /home/airflow/.local/lib/python3.8/site-packages/airflow/example_dags/example_nested_branch_dag.py for tasks to queue
[2023-10-02T09:01:12.395+0000] {logging_mixin.py:151} INFO - [2023-10-02T09:01:12.395+0000] {dagbag.py:539} INFO - Filling up the DagBag from /home/airflow/.local/lib/python3.8/site-packages/airflow/example_dags/example_nested_branch_dag.py
[2023-10-02T09:01:12.400+0000] {processor.py:839} INFO - DAG(s) dict_keys(['example_nested_branch_dag']) retrieved from /home/airflow/.local/lib/python3.8/site-packages/airflow/example_dags/example_nested_branch_dag.py
[2023-10-02T09:01:12.410+0000] {logging_mixin.py:151} INFO - [2023-10-02T09:01:12.410+0000] {dag.py:2915} INFO - Sync 1 DAGs
[2023-10-02T09:01:12.420+0000] {logging_mixin.py:151} INFO - [2023-10-02T09:01:12.420+0000] {dag.py:3696} INFO - Setting next_dagrun for example_nested_branch_dag to 2023-10-01T00:00:00+00:00, run_after=2023-10-02T00:00:00+00:00
[2023-10-02T09:01:12.428+0000] {processor.py:179} INFO - Processing /home/airflow/.local/lib/python3.8/site-packages/airflow/example_dags/example_nested_branch_dag.py took 0.037 seconds
[2023-10-02T09:01:43.547+0000] {processor.py:157} INFO - Started process (PID=855) to work on /home/airflow/.local/lib/python3.8/site-packages/airflow/example_dags/example_nested_branch_dag.py
[2023-10-02T09:01:43.548+0000] {processor.py:829} INFO - Processing file /home/airflow/.local/lib/python3.8/site-packages/airflow/example_dags/example_nested_branch_dag.py for tasks to queue
[2023-10-02T09:01:43.549+0000] {logging_mixin.py:151} INFO - [2023-10-02T09:01:43.549+0000] {dagbag.py:539} INFO - Filling up the DagBag from /home/airflow/.local/lib/python3.8/site-packages/airflow/example_dags/example_nested_branch_dag.py
[2023-10-02T09:01:43.554+0000] {processor.py:839} INFO - DAG(s) dict_keys(['example_nested_branch_dag']) retrieved from /home/airflow/.local/lib/python3.8/site-packages/airflow/example_dags/example_nested_branch_dag.py
[2023-10-02T09:01:43.565+0000] {logging_mixin.py:151} INFO - [2023-10-02T09:01:43.565+0000] {dag.py:2915} INFO - Sync 1 DAGs
[2023-10-02T09:01:43.575+0000] {logging_mixin.py:151} INFO - [2023-10-02T09:01:43.575+0000] {dag.py:3696} INFO - Setting next_dagrun for example_nested_branch_dag to 2023-10-01T00:00:00+00:00, run_after=2023-10-02T00:00:00+00:00
[2023-10-02T09:01:43.582+0000] {processor.py:179} INFO - Processing /home/airflow/.local/lib/python3.8/site-packages/airflow/example_dags/example_nested_branch_dag.py took 0.037 seconds
[2023-10-02T09:02:14.442+0000] {processor.py:157} INFO - Started process (PID=912) to work on /home/airflow/.local/lib/python3.8/site-packages/airflow/example_dags/example_nested_branch_dag.py
[2023-10-02T09:02:14.443+0000] {processor.py:829} INFO - Processing file /home/airflow/.local/lib/python3.8/site-packages/airflow/example_dags/example_nested_branch_dag.py for tasks to queue
[2023-10-02T09:02:14.444+0000] {logging_mixin.py:151} INFO - [2023-10-02T09:02:14.444+0000] {dagbag.py:539} INFO - Filling up the DagBag from /home/airflow/.local/lib/python3.8/site-packages/airflow/example_dags/example_nested_branch_dag.py
[2023-10-02T09:02:14.449+0000] {processor.py:839} INFO - DAG(s) dict_keys(['example_nested_branch_dag']) retrieved from /home/airflow/.local/lib/python3.8/site-packages/airflow/example_dags/example_nested_branch_dag.py
[2023-10-02T09:02:14.460+0000] {logging_mixin.py:151} INFO - [2023-10-02T09:02:14.460+0000] {dag.py:2915} INFO - Sync 1 DAGs
[2023-10-02T09:02:14.470+0000] {logging_mixin.py:151} INFO - [2023-10-02T09:02:14.470+0000] {dag.py:3696} INFO - Setting next_dagrun for example_nested_branch_dag to 2023-10-01T00:00:00+00:00, run_after=2023-10-02T00:00:00+00:00
[2023-10-02T09:02:14.477+0000] {processor.py:179} INFO - Processing /home/airflow/.local/lib/python3.8/site-packages/airflow/example_dags/example_nested_branch_dag.py took 0.036 seconds
