[2023-10-02T08:54:30.523+0000] {processor.py:157} INFO - Started process (PID=54) to work on /home/airflow/.local/lib/python3.8/site-packages/airflow/example_dags/example_skip_dag.py
[2023-10-02T08:54:30.524+0000] {processor.py:829} INFO - Processing file /home/airflow/.local/lib/python3.8/site-packages/airflow/example_dags/example_skip_dag.py for tasks to queue
[2023-10-02T08:54:30.528+0000] {logging_mixin.py:151} INFO - [2023-10-02T08:54:30.528+0000] {dagbag.py:539} INFO - Filling up the DagBag from /home/airflow/.local/lib/python3.8/site-packages/airflow/example_dags/example_skip_dag.py
[2023-10-02T08:54:30.537+0000] {processor.py:839} INFO - DAG(s) dict_keys(['example_skip_dag']) retrieved from /home/airflow/.local/lib/python3.8/site-packages/airflow/example_dags/example_skip_dag.py
[2023-10-02T08:54:30.547+0000] {logging_mixin.py:151} INFO - [2023-10-02T08:54:30.547+0000] {dag.py:2915} INFO - Sync 1 DAGs
[2023-10-02T08:54:30.564+0000] {logging_mixin.py:151} INFO - [2023-10-02T08:54:30.564+0000] {dag.py:3696} INFO - Setting next_dagrun for example_skip_dag to 2023-10-01T08:54:30.564054+00:00, run_after=2023-10-02T08:54:30.564054+00:00
[2023-10-02T08:54:30.602+0000] {processor.py:179} INFO - Processing /home/airflow/.local/lib/python3.8/site-packages/airflow/example_dags/example_skip_dag.py took 0.086 seconds
[2023-10-02T08:55:01.440+0000] {processor.py:157} INFO - Started process (PID=111) to work on /home/airflow/.local/lib/python3.8/site-packages/airflow/example_dags/example_skip_dag.py
[2023-10-02T08:55:01.441+0000] {processor.py:829} INFO - Processing file /home/airflow/.local/lib/python3.8/site-packages/airflow/example_dags/example_skip_dag.py for tasks to queue
[2023-10-02T08:55:01.442+0000] {logging_mixin.py:151} INFO - [2023-10-02T08:55:01.442+0000] {dagbag.py:539} INFO - Filling up the DagBag from /home/airflow/.local/lib/python3.8/site-packages/airflow/example_dags/example_skip_dag.py
[2023-10-02T08:55:01.445+0000] {processor.py:839} INFO - DAG(s) dict_keys(['example_skip_dag']) retrieved from /home/airflow/.local/lib/python3.8/site-packages/airflow/example_dags/example_skip_dag.py
[2023-10-02T08:55:01.457+0000] {logging_mixin.py:151} INFO - [2023-10-02T08:55:01.457+0000] {dag.py:2915} INFO - Sync 1 DAGs
[2023-10-02T08:55:01.467+0000] {logging_mixin.py:151} INFO - [2023-10-02T08:55:01.467+0000] {dag.py:3696} INFO - Setting next_dagrun for example_skip_dag to 2023-10-01T08:55:01.467198+00:00, run_after=2023-10-02T08:55:01.467198+00:00
[2023-10-02T08:55:01.475+0000] {processor.py:179} INFO - Processing /home/airflow/.local/lib/python3.8/site-packages/airflow/example_dags/example_skip_dag.py took 0.037 seconds
[2023-10-02T08:55:32.098+0000] {processor.py:157} INFO - Started process (PID=168) to work on /home/airflow/.local/lib/python3.8/site-packages/airflow/example_dags/example_skip_dag.py
[2023-10-02T08:55:32.100+0000] {processor.py:829} INFO - Processing file /home/airflow/.local/lib/python3.8/site-packages/airflow/example_dags/example_skip_dag.py for tasks to queue
[2023-10-02T08:55:32.102+0000] {logging_mixin.py:151} INFO - [2023-10-02T08:55:32.102+0000] {dagbag.py:539} INFO - Filling up the DagBag from /home/airflow/.local/lib/python3.8/site-packages/airflow/example_dags/example_skip_dag.py
[2023-10-02T08:55:32.108+0000] {processor.py:839} INFO - DAG(s) dict_keys(['example_skip_dag']) retrieved from /home/airflow/.local/lib/python3.8/site-packages/airflow/example_dags/example_skip_dag.py
[2023-10-02T08:55:32.126+0000] {logging_mixin.py:151} INFO - [2023-10-02T08:55:32.126+0000] {dag.py:2915} INFO - Sync 1 DAGs
[2023-10-02T08:55:32.140+0000] {logging_mixin.py:151} INFO - [2023-10-02T08:55:32.140+0000] {dag.py:3696} INFO - Setting next_dagrun for example_skip_dag to 2023-10-01T08:55:32.140194+00:00, run_after=2023-10-02T08:55:32.140194+00:00
[2023-10-02T08:55:32.150+0000] {processor.py:179} INFO - Processing /home/airflow/.local/lib/python3.8/site-packages/airflow/example_dags/example_skip_dag.py took 0.055 seconds
[2023-10-02T08:56:02.515+0000] {processor.py:157} INFO - Started process (PID=225) to work on /home/airflow/.local/lib/python3.8/site-packages/airflow/example_dags/example_skip_dag.py
[2023-10-02T08:56:02.516+0000] {processor.py:829} INFO - Processing file /home/airflow/.local/lib/python3.8/site-packages/airflow/example_dags/example_skip_dag.py for tasks to queue
[2023-10-02T08:56:02.518+0000] {logging_mixin.py:151} INFO - [2023-10-02T08:56:02.518+0000] {dagbag.py:539} INFO - Filling up the DagBag from /home/airflow/.local/lib/python3.8/site-packages/airflow/example_dags/example_skip_dag.py
[2023-10-02T08:56:02.523+0000] {processor.py:839} INFO - DAG(s) dict_keys(['example_skip_dag']) retrieved from /home/airflow/.local/lib/python3.8/site-packages/airflow/example_dags/example_skip_dag.py
[2023-10-02T08:56:02.534+0000] {logging_mixin.py:151} INFO - [2023-10-02T08:56:02.534+0000] {dag.py:2915} INFO - Sync 1 DAGs
[2023-10-02T08:56:02.544+0000] {logging_mixin.py:151} INFO - [2023-10-02T08:56:02.544+0000] {dag.py:3696} INFO - Setting next_dagrun for example_skip_dag to 2023-10-01T08:56:02.544105+00:00, run_after=2023-10-02T08:56:02.544105+00:00
[2023-10-02T08:56:02.552+0000] {processor.py:179} INFO - Processing /home/airflow/.local/lib/python3.8/site-packages/airflow/example_dags/example_skip_dag.py took 0.038 seconds
[2023-10-02T08:56:33.514+0000] {processor.py:157} INFO - Started process (PID=282) to work on /home/airflow/.local/lib/python3.8/site-packages/airflow/example_dags/example_skip_dag.py
[2023-10-02T08:56:33.514+0000] {processor.py:829} INFO - Processing file /home/airflow/.local/lib/python3.8/site-packages/airflow/example_dags/example_skip_dag.py for tasks to queue
[2023-10-02T08:56:33.515+0000] {logging_mixin.py:151} INFO - [2023-10-02T08:56:33.515+0000] {dagbag.py:539} INFO - Filling up the DagBag from /home/airflow/.local/lib/python3.8/site-packages/airflow/example_dags/example_skip_dag.py
[2023-10-02T08:56:33.519+0000] {processor.py:839} INFO - DAG(s) dict_keys(['example_skip_dag']) retrieved from /home/airflow/.local/lib/python3.8/site-packages/airflow/example_dags/example_skip_dag.py
[2023-10-02T08:56:33.529+0000] {logging_mixin.py:151} INFO - [2023-10-02T08:56:33.529+0000] {dag.py:2915} INFO - Sync 1 DAGs
[2023-10-02T08:56:33.538+0000] {logging_mixin.py:151} INFO - [2023-10-02T08:56:33.538+0000] {dag.py:3696} INFO - Setting next_dagrun for example_skip_dag to 2023-10-01T08:56:33.538153+00:00, run_after=2023-10-02T08:56:33.538153+00:00
[2023-10-02T08:56:33.548+0000] {processor.py:179} INFO - Processing /home/airflow/.local/lib/python3.8/site-packages/airflow/example_dags/example_skip_dag.py took 0.036 seconds
[2023-10-02T08:57:04.432+0000] {processor.py:157} INFO - Started process (PID=339) to work on /home/airflow/.local/lib/python3.8/site-packages/airflow/example_dags/example_skip_dag.py
[2023-10-02T08:57:04.433+0000] {processor.py:829} INFO - Processing file /home/airflow/.local/lib/python3.8/site-packages/airflow/example_dags/example_skip_dag.py for tasks to queue
[2023-10-02T08:57:04.434+0000] {logging_mixin.py:151} INFO - [2023-10-02T08:57:04.434+0000] {dagbag.py:539} INFO - Filling up the DagBag from /home/airflow/.local/lib/python3.8/site-packages/airflow/example_dags/example_skip_dag.py
[2023-10-02T08:57:04.437+0000] {processor.py:839} INFO - DAG(s) dict_keys(['example_skip_dag']) retrieved from /home/airflow/.local/lib/python3.8/site-packages/airflow/example_dags/example_skip_dag.py
[2023-10-02T08:57:04.447+0000] {logging_mixin.py:151} INFO - [2023-10-02T08:57:04.447+0000] {dag.py:2915} INFO - Sync 1 DAGs
[2023-10-02T08:57:04.456+0000] {logging_mixin.py:151} INFO - [2023-10-02T08:57:04.456+0000] {dag.py:3696} INFO - Setting next_dagrun for example_skip_dag to 2023-10-01T08:57:04.456109+00:00, run_after=2023-10-02T08:57:04.456109+00:00
[2023-10-02T08:57:04.463+0000] {processor.py:179} INFO - Processing /home/airflow/.local/lib/python3.8/site-packages/airflow/example_dags/example_skip_dag.py took 0.033 seconds
[2023-10-02T08:57:35.384+0000] {processor.py:157} INFO - Started process (PID=396) to work on /home/airflow/.local/lib/python3.8/site-packages/airflow/example_dags/example_skip_dag.py
[2023-10-02T08:57:35.384+0000] {processor.py:829} INFO - Processing file /home/airflow/.local/lib/python3.8/site-packages/airflow/example_dags/example_skip_dag.py for tasks to queue
[2023-10-02T08:57:35.385+0000] {logging_mixin.py:151} INFO - [2023-10-02T08:57:35.385+0000] {dagbag.py:539} INFO - Filling up the DagBag from /home/airflow/.local/lib/python3.8/site-packages/airflow/example_dags/example_skip_dag.py
[2023-10-02T08:57:35.389+0000] {processor.py:839} INFO - DAG(s) dict_keys(['example_skip_dag']) retrieved from /home/airflow/.local/lib/python3.8/site-packages/airflow/example_dags/example_skip_dag.py
[2023-10-02T08:57:35.399+0000] {logging_mixin.py:151} INFO - [2023-10-02T08:57:35.399+0000] {dag.py:2915} INFO - Sync 1 DAGs
[2023-10-02T08:57:35.407+0000] {logging_mixin.py:151} INFO - [2023-10-02T08:57:35.407+0000] {dag.py:3696} INFO - Setting next_dagrun for example_skip_dag to 2023-10-01T08:57:35.407744+00:00, run_after=2023-10-02T08:57:35.407744+00:00
[2023-10-02T08:57:35.415+0000] {processor.py:179} INFO - Processing /home/airflow/.local/lib/python3.8/site-packages/airflow/example_dags/example_skip_dag.py took 0.033 seconds
[2023-10-02T08:58:06.310+0000] {processor.py:157} INFO - Started process (PID=453) to work on /home/airflow/.local/lib/python3.8/site-packages/airflow/example_dags/example_skip_dag.py
[2023-10-02T08:58:06.311+0000] {processor.py:829} INFO - Processing file /home/airflow/.local/lib/python3.8/site-packages/airflow/example_dags/example_skip_dag.py for tasks to queue
[2023-10-02T08:58:06.312+0000] {logging_mixin.py:151} INFO - [2023-10-02T08:58:06.312+0000] {dagbag.py:539} INFO - Filling up the DagBag from /home/airflow/.local/lib/python3.8/site-packages/airflow/example_dags/example_skip_dag.py
[2023-10-02T08:58:06.315+0000] {processor.py:839} INFO - DAG(s) dict_keys(['example_skip_dag']) retrieved from /home/airflow/.local/lib/python3.8/site-packages/airflow/example_dags/example_skip_dag.py
[2023-10-02T08:58:06.326+0000] {logging_mixin.py:151} INFO - [2023-10-02T08:58:06.326+0000] {dag.py:2915} INFO - Sync 1 DAGs
[2023-10-02T08:58:06.336+0000] {logging_mixin.py:151} INFO - [2023-10-02T08:58:06.335+0000] {dag.py:3696} INFO - Setting next_dagrun for example_skip_dag to 2023-10-01T08:58:06.335829+00:00, run_after=2023-10-02T08:58:06.335829+00:00
[2023-10-02T08:58:06.343+0000] {processor.py:179} INFO - Processing /home/airflow/.local/lib/python3.8/site-packages/airflow/example_dags/example_skip_dag.py took 0.035 seconds
[2023-10-02T08:58:37.324+0000] {processor.py:157} INFO - Started process (PID=510) to work on /home/airflow/.local/lib/python3.8/site-packages/airflow/example_dags/example_skip_dag.py
[2023-10-02T08:58:37.325+0000] {processor.py:829} INFO - Processing file /home/airflow/.local/lib/python3.8/site-packages/airflow/example_dags/example_skip_dag.py for tasks to queue
[2023-10-02T08:58:37.326+0000] {logging_mixin.py:151} INFO - [2023-10-02T08:58:37.326+0000] {dagbag.py:539} INFO - Filling up the DagBag from /home/airflow/.local/lib/python3.8/site-packages/airflow/example_dags/example_skip_dag.py
[2023-10-02T08:58:37.330+0000] {processor.py:839} INFO - DAG(s) dict_keys(['example_skip_dag']) retrieved from /home/airflow/.local/lib/python3.8/site-packages/airflow/example_dags/example_skip_dag.py
[2023-10-02T08:58:37.340+0000] {logging_mixin.py:151} INFO - [2023-10-02T08:58:37.340+0000] {dag.py:2915} INFO - Sync 1 DAGs
[2023-10-02T08:58:37.350+0000] {logging_mixin.py:151} INFO - [2023-10-02T08:58:37.350+0000] {dag.py:3696} INFO - Setting next_dagrun for example_skip_dag to 2023-10-01T08:58:37.350205+00:00, run_after=2023-10-02T08:58:37.350205+00:00
[2023-10-02T08:58:37.357+0000] {processor.py:179} INFO - Processing /home/airflow/.local/lib/python3.8/site-packages/airflow/example_dags/example_skip_dag.py took 0.035 seconds
[2023-10-02T08:59:08.126+0000] {processor.py:157} INFO - Started process (PID=568) to work on /home/airflow/.local/lib/python3.8/site-packages/airflow/example_dags/example_skip_dag.py
[2023-10-02T08:59:08.127+0000] {processor.py:829} INFO - Processing file /home/airflow/.local/lib/python3.8/site-packages/airflow/example_dags/example_skip_dag.py for tasks to queue
[2023-10-02T08:59:08.128+0000] {logging_mixin.py:151} INFO - [2023-10-02T08:59:08.128+0000] {dagbag.py:539} INFO - Filling up the DagBag from /home/airflow/.local/lib/python3.8/site-packages/airflow/example_dags/example_skip_dag.py
[2023-10-02T08:59:08.132+0000] {processor.py:839} INFO - DAG(s) dict_keys(['example_skip_dag']) retrieved from /home/airflow/.local/lib/python3.8/site-packages/airflow/example_dags/example_skip_dag.py
[2023-10-02T08:59:08.144+0000] {logging_mixin.py:151} INFO - [2023-10-02T08:59:08.144+0000] {dag.py:2915} INFO - Sync 1 DAGs
[2023-10-02T08:59:08.155+0000] {logging_mixin.py:151} INFO - [2023-10-02T08:59:08.154+0000] {dag.py:3696} INFO - Setting next_dagrun for example_skip_dag to 2023-10-01T08:59:08.154802+00:00, run_after=2023-10-02T08:59:08.154802+00:00
[2023-10-02T08:59:08.163+0000] {processor.py:179} INFO - Processing /home/airflow/.local/lib/python3.8/site-packages/airflow/example_dags/example_skip_dag.py took 0.038 seconds
[2023-10-02T08:59:39.310+0000] {processor.py:157} INFO - Started process (PID=625) to work on /home/airflow/.local/lib/python3.8/site-packages/airflow/example_dags/example_skip_dag.py
[2023-10-02T08:59:39.311+0000] {processor.py:829} INFO - Processing file /home/airflow/.local/lib/python3.8/site-packages/airflow/example_dags/example_skip_dag.py for tasks to queue
[2023-10-02T08:59:39.312+0000] {logging_mixin.py:151} INFO - [2023-10-02T08:59:39.312+0000] {dagbag.py:539} INFO - Filling up the DagBag from /home/airflow/.local/lib/python3.8/site-packages/airflow/example_dags/example_skip_dag.py
[2023-10-02T08:59:39.317+0000] {processor.py:839} INFO - DAG(s) dict_keys(['example_skip_dag']) retrieved from /home/airflow/.local/lib/python3.8/site-packages/airflow/example_dags/example_skip_dag.py
[2023-10-02T08:59:39.327+0000] {logging_mixin.py:151} INFO - [2023-10-02T08:59:39.327+0000] {dag.py:2915} INFO - Sync 1 DAGs
[2023-10-02T08:59:39.337+0000] {logging_mixin.py:151} INFO - [2023-10-02T08:59:39.337+0000] {dag.py:3696} INFO - Setting next_dagrun for example_skip_dag to 2023-10-01T08:59:39.337571+00:00, run_after=2023-10-02T08:59:39.337571+00:00
[2023-10-02T08:59:39.353+0000] {processor.py:179} INFO - Processing /home/airflow/.local/lib/python3.8/site-packages/airflow/example_dags/example_skip_dag.py took 0.045 seconds
[2023-10-02T09:00:10.475+0000] {processor.py:157} INFO - Started process (PID=682) to work on /home/airflow/.local/lib/python3.8/site-packages/airflow/example_dags/example_skip_dag.py
[2023-10-02T09:00:10.476+0000] {processor.py:829} INFO - Processing file /home/airflow/.local/lib/python3.8/site-packages/airflow/example_dags/example_skip_dag.py for tasks to queue
[2023-10-02T09:00:10.477+0000] {logging_mixin.py:151} INFO - [2023-10-02T09:00:10.477+0000] {dagbag.py:539} INFO - Filling up the DagBag from /home/airflow/.local/lib/python3.8/site-packages/airflow/example_dags/example_skip_dag.py
[2023-10-02T09:00:10.481+0000] {processor.py:839} INFO - DAG(s) dict_keys(['example_skip_dag']) retrieved from /home/airflow/.local/lib/python3.8/site-packages/airflow/example_dags/example_skip_dag.py
[2023-10-02T09:00:10.492+0000] {logging_mixin.py:151} INFO - [2023-10-02T09:00:10.492+0000] {dag.py:2915} INFO - Sync 1 DAGs
[2023-10-02T09:00:10.502+0000] {logging_mixin.py:151} INFO - [2023-10-02T09:00:10.502+0000] {dag.py:3696} INFO - Setting next_dagrun for example_skip_dag to 2023-10-01T09:00:10.502090+00:00, run_after=2023-10-02T09:00:10.502090+00:00
[2023-10-02T09:00:10.509+0000] {processor.py:179} INFO - Processing /home/airflow/.local/lib/python3.8/site-packages/airflow/example_dags/example_skip_dag.py took 0.035 seconds
[2023-10-02T09:00:41.461+0000] {processor.py:157} INFO - Started process (PID=739) to work on /home/airflow/.local/lib/python3.8/site-packages/airflow/example_dags/example_skip_dag.py
[2023-10-02T09:00:41.462+0000] {processor.py:829} INFO - Processing file /home/airflow/.local/lib/python3.8/site-packages/airflow/example_dags/example_skip_dag.py for tasks to queue
[2023-10-02T09:00:41.463+0000] {logging_mixin.py:151} INFO - [2023-10-02T09:00:41.463+0000] {dagbag.py:539} INFO - Filling up the DagBag from /home/airflow/.local/lib/python3.8/site-packages/airflow/example_dags/example_skip_dag.py
[2023-10-02T09:00:41.467+0000] {processor.py:839} INFO - DAG(s) dict_keys(['example_skip_dag']) retrieved from /home/airflow/.local/lib/python3.8/site-packages/airflow/example_dags/example_skip_dag.py
[2023-10-02T09:00:41.477+0000] {logging_mixin.py:151} INFO - [2023-10-02T09:00:41.477+0000] {dag.py:2915} INFO - Sync 1 DAGs
[2023-10-02T09:00:41.486+0000] {logging_mixin.py:151} INFO - [2023-10-02T09:00:41.485+0000] {dag.py:3696} INFO - Setting next_dagrun for example_skip_dag to 2023-10-01T09:00:41.485869+00:00, run_after=2023-10-02T09:00:41.485869+00:00
[2023-10-02T09:00:41.493+0000] {processor.py:179} INFO - Processing /home/airflow/.local/lib/python3.8/site-packages/airflow/example_dags/example_skip_dag.py took 0.034 seconds
[2023-10-02T09:01:12.349+0000] {processor.py:157} INFO - Started process (PID=796) to work on /home/airflow/.local/lib/python3.8/site-packages/airflow/example_dags/example_skip_dag.py
[2023-10-02T09:01:12.350+0000] {processor.py:829} INFO - Processing file /home/airflow/.local/lib/python3.8/site-packages/airflow/example_dags/example_skip_dag.py for tasks to queue
[2023-10-02T09:01:12.351+0000] {logging_mixin.py:151} INFO - [2023-10-02T09:01:12.351+0000] {dagbag.py:539} INFO - Filling up the DagBag from /home/airflow/.local/lib/python3.8/site-packages/airflow/example_dags/example_skip_dag.py
[2023-10-02T09:01:12.355+0000] {processor.py:839} INFO - DAG(s) dict_keys(['example_skip_dag']) retrieved from /home/airflow/.local/lib/python3.8/site-packages/airflow/example_dags/example_skip_dag.py
[2023-10-02T09:01:12.365+0000] {logging_mixin.py:151} INFO - [2023-10-02T09:01:12.365+0000] {dag.py:2915} INFO - Sync 1 DAGs
[2023-10-02T09:01:12.374+0000] {logging_mixin.py:151} INFO - [2023-10-02T09:01:12.374+0000] {dag.py:3696} INFO - Setting next_dagrun for example_skip_dag to 2023-10-01T09:01:12.374583+00:00, run_after=2023-10-02T09:01:12.374583+00:00
[2023-10-02T09:01:12.382+0000] {processor.py:179} INFO - Processing /home/airflow/.local/lib/python3.8/site-packages/airflow/example_dags/example_skip_dag.py took 0.034 seconds
[2023-10-02T09:01:43.503+0000] {processor.py:157} INFO - Started process (PID=853) to work on /home/airflow/.local/lib/python3.8/site-packages/airflow/example_dags/example_skip_dag.py
[2023-10-02T09:01:43.504+0000] {processor.py:829} INFO - Processing file /home/airflow/.local/lib/python3.8/site-packages/airflow/example_dags/example_skip_dag.py for tasks to queue
[2023-10-02T09:01:43.505+0000] {logging_mixin.py:151} INFO - [2023-10-02T09:01:43.505+0000] {dagbag.py:539} INFO - Filling up the DagBag from /home/airflow/.local/lib/python3.8/site-packages/airflow/example_dags/example_skip_dag.py
[2023-10-02T09:01:43.509+0000] {processor.py:839} INFO - DAG(s) dict_keys(['example_skip_dag']) retrieved from /home/airflow/.local/lib/python3.8/site-packages/airflow/example_dags/example_skip_dag.py
[2023-10-02T09:01:43.519+0000] {logging_mixin.py:151} INFO - [2023-10-02T09:01:43.519+0000] {dag.py:2915} INFO - Sync 1 DAGs
[2023-10-02T09:01:43.529+0000] {logging_mixin.py:151} INFO - [2023-10-02T09:01:43.529+0000] {dag.py:3696} INFO - Setting next_dagrun for example_skip_dag to 2023-10-01T09:01:43.528979+00:00, run_after=2023-10-02T09:01:43.528979+00:00
[2023-10-02T09:01:43.536+0000] {processor.py:179} INFO - Processing /home/airflow/.local/lib/python3.8/site-packages/airflow/example_dags/example_skip_dag.py took 0.034 seconds
[2023-10-02T09:02:14.398+0000] {processor.py:157} INFO - Started process (PID=910) to work on /home/airflow/.local/lib/python3.8/site-packages/airflow/example_dags/example_skip_dag.py
[2023-10-02T09:02:14.398+0000] {processor.py:829} INFO - Processing file /home/airflow/.local/lib/python3.8/site-packages/airflow/example_dags/example_skip_dag.py for tasks to queue
[2023-10-02T09:02:14.400+0000] {logging_mixin.py:151} INFO - [2023-10-02T09:02:14.400+0000] {dagbag.py:539} INFO - Filling up the DagBag from /home/airflow/.local/lib/python3.8/site-packages/airflow/example_dags/example_skip_dag.py
[2023-10-02T09:02:14.403+0000] {processor.py:839} INFO - DAG(s) dict_keys(['example_skip_dag']) retrieved from /home/airflow/.local/lib/python3.8/site-packages/airflow/example_dags/example_skip_dag.py
[2023-10-02T09:02:14.415+0000] {logging_mixin.py:151} INFO - [2023-10-02T09:02:14.415+0000] {dag.py:2915} INFO - Sync 1 DAGs
[2023-10-02T09:02:14.424+0000] {logging_mixin.py:151} INFO - [2023-10-02T09:02:14.424+0000] {dag.py:3696} INFO - Setting next_dagrun for example_skip_dag to 2023-10-01T09:02:14.424300+00:00, run_after=2023-10-02T09:02:14.424300+00:00
[2023-10-02T09:02:14.431+0000] {processor.py:179} INFO - Processing /home/airflow/.local/lib/python3.8/site-packages/airflow/example_dags/example_skip_dag.py took 0.035 seconds
