[2023-10-02T08:54:27.922+0000] {processor.py:157} INFO - Started process (PID=33) to work on /home/airflow/.local/lib/python3.8/site-packages/airflow/example_dags/tutorial_taskflow_api_virtualenv.py
[2023-10-02T08:54:27.923+0000] {processor.py:829} INFO - Processing file /home/airflow/.local/lib/python3.8/site-packages/airflow/example_dags/tutorial_taskflow_api_virtualenv.py for tasks to queue
[2023-10-02T08:54:27.925+0000] {logging_mixin.py:151} INFO - [2023-10-02T08:54:27.925+0000] {dagbag.py:539} INFO - Filling up the DagBag from /home/airflow/.local/lib/python3.8/site-packages/airflow/example_dags/tutorial_taskflow_api_virtualenv.py
[2023-10-02T08:54:27.932+0000] {processor.py:839} INFO - DAG(s) dict_keys(['tutorial_taskflow_api_virtualenv']) retrieved from /home/airflow/.local/lib/python3.8/site-packages/airflow/example_dags/tutorial_taskflow_api_virtualenv.py
[2023-10-02T08:54:27.940+0000] {logging_mixin.py:151} INFO - [2023-10-02T08:54:27.940+0000] {dag.py:2915} INFO - Sync 1 DAGs
[2023-10-02T08:54:27.957+0000] {logging_mixin.py:151} INFO - [2023-10-02T08:54:27.957+0000] {dag.py:3696} INFO - Setting next_dagrun for tutorial_taskflow_api_virtualenv to None, run_after=None
[2023-10-02T08:54:27.970+0000] {processor.py:179} INFO - Processing /home/airflow/.local/lib/python3.8/site-packages/airflow/example_dags/tutorial_taskflow_api_virtualenv.py took 0.050 seconds
[2023-10-02T08:54:58.739+0000] {processor.py:157} INFO - Started process (PID=88) to work on /home/airflow/.local/lib/python3.8/site-packages/airflow/example_dags/tutorial_taskflow_api_virtualenv.py
[2023-10-02T08:54:58.741+0000] {processor.py:829} INFO - Processing file /home/airflow/.local/lib/python3.8/site-packages/airflow/example_dags/tutorial_taskflow_api_virtualenv.py for tasks to queue
[2023-10-02T08:54:58.745+0000] {logging_mixin.py:151} INFO - [2023-10-02T08:54:58.744+0000] {dagbag.py:539} INFO - Filling up the DagBag from /home/airflow/.local/lib/python3.8/site-packages/airflow/example_dags/tutorial_taskflow_api_virtualenv.py
[2023-10-02T08:54:58.759+0000] {processor.py:839} INFO - DAG(s) dict_keys(['tutorial_taskflow_api_virtualenv']) retrieved from /home/airflow/.local/lib/python3.8/site-packages/airflow/example_dags/tutorial_taskflow_api_virtualenv.py
[2023-10-02T08:54:58.782+0000] {logging_mixin.py:151} INFO - [2023-10-02T08:54:58.782+0000] {dag.py:2915} INFO - Sync 1 DAGs
[2023-10-02T08:54:58.791+0000] {logging_mixin.py:151} INFO - [2023-10-02T08:54:58.791+0000] {dag.py:3696} INFO - Setting next_dagrun for tutorial_taskflow_api_virtualenv to None, run_after=None
[2023-10-02T08:54:58.806+0000] {processor.py:179} INFO - Processing /home/airflow/.local/lib/python3.8/site-packages/airflow/example_dags/tutorial_taskflow_api_virtualenv.py took 0.072 seconds
[2023-10-02T08:55:28.856+0000] {processor.py:157} INFO - Started process (PID=145) to work on /home/airflow/.local/lib/python3.8/site-packages/airflow/example_dags/tutorial_taskflow_api_virtualenv.py
[2023-10-02T08:55:28.860+0000] {processor.py:829} INFO - Processing file /home/airflow/.local/lib/python3.8/site-packages/airflow/example_dags/tutorial_taskflow_api_virtualenv.py for tasks to queue
[2023-10-02T08:55:28.866+0000] {logging_mixin.py:151} INFO - [2023-10-02T08:55:28.865+0000] {dagbag.py:539} INFO - Filling up the DagBag from /home/airflow/.local/lib/python3.8/site-packages/airflow/example_dags/tutorial_taskflow_api_virtualenv.py
[2023-10-02T08:55:28.888+0000] {processor.py:839} INFO - DAG(s) dict_keys(['tutorial_taskflow_api_virtualenv']) retrieved from /home/airflow/.local/lib/python3.8/site-packages/airflow/example_dags/tutorial_taskflow_api_virtualenv.py
[2023-10-02T08:55:28.983+0000] {logging_mixin.py:151} INFO - [2023-10-02T08:55:28.982+0000] {dag.py:2915} INFO - Sync 1 DAGs
[2023-10-02T08:55:29.021+0000] {logging_mixin.py:151} INFO - [2023-10-02T08:55:29.020+0000] {dag.py:3696} INFO - Setting next_dagrun for tutorial_taskflow_api_virtualenv to None, run_after=None
[2023-10-02T08:55:29.065+0000] {processor.py:179} INFO - Processing /home/airflow/.local/lib/python3.8/site-packages/airflow/example_dags/tutorial_taskflow_api_virtualenv.py took 0.212 seconds
[2023-10-02T08:55:59.319+0000] {processor.py:157} INFO - Started process (PID=202) to work on /home/airflow/.local/lib/python3.8/site-packages/airflow/example_dags/tutorial_taskflow_api_virtualenv.py
[2023-10-02T08:55:59.322+0000] {processor.py:829} INFO - Processing file /home/airflow/.local/lib/python3.8/site-packages/airflow/example_dags/tutorial_taskflow_api_virtualenv.py for tasks to queue
[2023-10-02T08:55:59.326+0000] {logging_mixin.py:151} INFO - [2023-10-02T08:55:59.326+0000] {dagbag.py:539} INFO - Filling up the DagBag from /home/airflow/.local/lib/python3.8/site-packages/airflow/example_dags/tutorial_taskflow_api_virtualenv.py
[2023-10-02T08:55:59.339+0000] {processor.py:839} INFO - DAG(s) dict_keys(['tutorial_taskflow_api_virtualenv']) retrieved from /home/airflow/.local/lib/python3.8/site-packages/airflow/example_dags/tutorial_taskflow_api_virtualenv.py
[2023-10-02T08:55:59.372+0000] {logging_mixin.py:151} INFO - [2023-10-02T08:55:59.372+0000] {dag.py:2915} INFO - Sync 1 DAGs
[2023-10-02T08:55:59.381+0000] {logging_mixin.py:151} INFO - [2023-10-02T08:55:59.381+0000] {dag.py:3696} INFO - Setting next_dagrun for tutorial_taskflow_api_virtualenv to None, run_after=None
[2023-10-02T08:55:59.392+0000] {processor.py:179} INFO - Processing /home/airflow/.local/lib/python3.8/site-packages/airflow/example_dags/tutorial_taskflow_api_virtualenv.py took 0.080 seconds
[2023-10-02T08:56:29.573+0000] {processor.py:157} INFO - Started process (PID=259) to work on /home/airflow/.local/lib/python3.8/site-packages/airflow/example_dags/tutorial_taskflow_api_virtualenv.py
[2023-10-02T08:56:29.574+0000] {processor.py:829} INFO - Processing file /home/airflow/.local/lib/python3.8/site-packages/airflow/example_dags/tutorial_taskflow_api_virtualenv.py for tasks to queue
[2023-10-02T08:56:29.576+0000] {logging_mixin.py:151} INFO - [2023-10-02T08:56:29.576+0000] {dagbag.py:539} INFO - Filling up the DagBag from /home/airflow/.local/lib/python3.8/site-packages/airflow/example_dags/tutorial_taskflow_api_virtualenv.py
[2023-10-02T08:56:29.585+0000] {processor.py:839} INFO - DAG(s) dict_keys(['tutorial_taskflow_api_virtualenv']) retrieved from /home/airflow/.local/lib/python3.8/site-packages/airflow/example_dags/tutorial_taskflow_api_virtualenv.py
[2023-10-02T08:56:29.621+0000] {logging_mixin.py:151} INFO - [2023-10-02T08:56:29.621+0000] {dag.py:2915} INFO - Sync 1 DAGs
[2023-10-02T08:56:29.633+0000] {logging_mixin.py:151} INFO - [2023-10-02T08:56:29.633+0000] {dag.py:3696} INFO - Setting next_dagrun for tutorial_taskflow_api_virtualenv to None, run_after=None
[2023-10-02T08:56:29.645+0000] {processor.py:179} INFO - Processing /home/airflow/.local/lib/python3.8/site-packages/airflow/example_dags/tutorial_taskflow_api_virtualenv.py took 0.075 seconds
[2023-10-02T08:57:00.573+0000] {processor.py:157} INFO - Started process (PID=316) to work on /home/airflow/.local/lib/python3.8/site-packages/airflow/example_dags/tutorial_taskflow_api_virtualenv.py
[2023-10-02T08:57:00.575+0000] {processor.py:829} INFO - Processing file /home/airflow/.local/lib/python3.8/site-packages/airflow/example_dags/tutorial_taskflow_api_virtualenv.py for tasks to queue
[2023-10-02T08:57:00.578+0000] {logging_mixin.py:151} INFO - [2023-10-02T08:57:00.578+0000] {dagbag.py:539} INFO - Filling up the DagBag from /home/airflow/.local/lib/python3.8/site-packages/airflow/example_dags/tutorial_taskflow_api_virtualenv.py
[2023-10-02T08:57:00.590+0000] {processor.py:839} INFO - DAG(s) dict_keys(['tutorial_taskflow_api_virtualenv']) retrieved from /home/airflow/.local/lib/python3.8/site-packages/airflow/example_dags/tutorial_taskflow_api_virtualenv.py
[2023-10-02T08:57:00.609+0000] {logging_mixin.py:151} INFO - [2023-10-02T08:57:00.609+0000] {dag.py:2915} INFO - Sync 1 DAGs
[2023-10-02T08:57:00.616+0000] {logging_mixin.py:151} INFO - [2023-10-02T08:57:00.616+0000] {dag.py:3696} INFO - Setting next_dagrun for tutorial_taskflow_api_virtualenv to None, run_after=None
[2023-10-02T08:57:00.625+0000] {processor.py:179} INFO - Processing /home/airflow/.local/lib/python3.8/site-packages/airflow/example_dags/tutorial_taskflow_api_virtualenv.py took 0.059 seconds
[2023-10-02T08:57:31.430+0000] {processor.py:157} INFO - Started process (PID=373) to work on /home/airflow/.local/lib/python3.8/site-packages/airflow/example_dags/tutorial_taskflow_api_virtualenv.py
[2023-10-02T08:57:31.432+0000] {processor.py:829} INFO - Processing file /home/airflow/.local/lib/python3.8/site-packages/airflow/example_dags/tutorial_taskflow_api_virtualenv.py for tasks to queue
[2023-10-02T08:57:31.435+0000] {logging_mixin.py:151} INFO - [2023-10-02T08:57:31.435+0000] {dagbag.py:539} INFO - Filling up the DagBag from /home/airflow/.local/lib/python3.8/site-packages/airflow/example_dags/tutorial_taskflow_api_virtualenv.py
[2023-10-02T08:57:31.448+0000] {processor.py:839} INFO - DAG(s) dict_keys(['tutorial_taskflow_api_virtualenv']) retrieved from /home/airflow/.local/lib/python3.8/site-packages/airflow/example_dags/tutorial_taskflow_api_virtualenv.py
[2023-10-02T08:57:31.471+0000] {logging_mixin.py:151} INFO - [2023-10-02T08:57:31.471+0000] {dag.py:2915} INFO - Sync 1 DAGs
[2023-10-02T08:57:31.482+0000] {logging_mixin.py:151} INFO - [2023-10-02T08:57:31.482+0000] {dag.py:3696} INFO - Setting next_dagrun for tutorial_taskflow_api_virtualenv to None, run_after=None
[2023-10-02T08:57:31.492+0000] {processor.py:179} INFO - Processing /home/airflow/.local/lib/python3.8/site-packages/airflow/example_dags/tutorial_taskflow_api_virtualenv.py took 0.067 seconds
[2023-10-02T08:58:02.431+0000] {processor.py:157} INFO - Started process (PID=430) to work on /home/airflow/.local/lib/python3.8/site-packages/airflow/example_dags/tutorial_taskflow_api_virtualenv.py
[2023-10-02T08:58:02.432+0000] {processor.py:829} INFO - Processing file /home/airflow/.local/lib/python3.8/site-packages/airflow/example_dags/tutorial_taskflow_api_virtualenv.py for tasks to queue
[2023-10-02T08:58:02.434+0000] {logging_mixin.py:151} INFO - [2023-10-02T08:58:02.434+0000] {dagbag.py:539} INFO - Filling up the DagBag from /home/airflow/.local/lib/python3.8/site-packages/airflow/example_dags/tutorial_taskflow_api_virtualenv.py
[2023-10-02T08:58:02.443+0000] {processor.py:839} INFO - DAG(s) dict_keys(['tutorial_taskflow_api_virtualenv']) retrieved from /home/airflow/.local/lib/python3.8/site-packages/airflow/example_dags/tutorial_taskflow_api_virtualenv.py
[2023-10-02T08:58:02.478+0000] {logging_mixin.py:151} INFO - [2023-10-02T08:58:02.477+0000] {dag.py:2915} INFO - Sync 1 DAGs
[2023-10-02T08:58:02.486+0000] {logging_mixin.py:151} INFO - [2023-10-02T08:58:02.486+0000] {dag.py:3696} INFO - Setting next_dagrun for tutorial_taskflow_api_virtualenv to None, run_after=None
[2023-10-02T08:58:02.495+0000] {processor.py:179} INFO - Processing /home/airflow/.local/lib/python3.8/site-packages/airflow/example_dags/tutorial_taskflow_api_virtualenv.py took 0.070 seconds
[2023-10-02T08:58:33.350+0000] {processor.py:157} INFO - Started process (PID=487) to work on /home/airflow/.local/lib/python3.8/site-packages/airflow/example_dags/tutorial_taskflow_api_virtualenv.py
[2023-10-02T08:58:33.351+0000] {processor.py:829} INFO - Processing file /home/airflow/.local/lib/python3.8/site-packages/airflow/example_dags/tutorial_taskflow_api_virtualenv.py for tasks to queue
[2023-10-02T08:58:33.354+0000] {logging_mixin.py:151} INFO - [2023-10-02T08:58:33.354+0000] {dagbag.py:539} INFO - Filling up the DagBag from /home/airflow/.local/lib/python3.8/site-packages/airflow/example_dags/tutorial_taskflow_api_virtualenv.py
[2023-10-02T08:58:33.363+0000] {processor.py:839} INFO - DAG(s) dict_keys(['tutorial_taskflow_api_virtualenv']) retrieved from /home/airflow/.local/lib/python3.8/site-packages/airflow/example_dags/tutorial_taskflow_api_virtualenv.py
[2023-10-02T08:58:33.381+0000] {logging_mixin.py:151} INFO - [2023-10-02T08:58:33.381+0000] {dag.py:2915} INFO - Sync 1 DAGs
[2023-10-02T08:58:33.389+0000] {logging_mixin.py:151} INFO - [2023-10-02T08:58:33.389+0000] {dag.py:3696} INFO - Setting next_dagrun for tutorial_taskflow_api_virtualenv to None, run_after=None
[2023-10-02T08:58:33.397+0000] {processor.py:179} INFO - Processing /home/airflow/.local/lib/python3.8/site-packages/airflow/example_dags/tutorial_taskflow_api_virtualenv.py took 0.054 seconds
[2023-10-02T08:59:04.261+0000] {processor.py:157} INFO - Started process (PID=545) to work on /home/airflow/.local/lib/python3.8/site-packages/airflow/example_dags/tutorial_taskflow_api_virtualenv.py
[2023-10-02T08:59:04.263+0000] {processor.py:829} INFO - Processing file /home/airflow/.local/lib/python3.8/site-packages/airflow/example_dags/tutorial_taskflow_api_virtualenv.py for tasks to queue
[2023-10-02T08:59:04.266+0000] {logging_mixin.py:151} INFO - [2023-10-02T08:59:04.265+0000] {dagbag.py:539} INFO - Filling up the DagBag from /home/airflow/.local/lib/python3.8/site-packages/airflow/example_dags/tutorial_taskflow_api_virtualenv.py
[2023-10-02T08:59:04.275+0000] {processor.py:839} INFO - DAG(s) dict_keys(['tutorial_taskflow_api_virtualenv']) retrieved from /home/airflow/.local/lib/python3.8/site-packages/airflow/example_dags/tutorial_taskflow_api_virtualenv.py
[2023-10-02T08:59:04.306+0000] {logging_mixin.py:151} INFO - [2023-10-02T08:59:04.306+0000] {dag.py:2915} INFO - Sync 1 DAGs
[2023-10-02T08:59:04.316+0000] {logging_mixin.py:151} INFO - [2023-10-02T08:59:04.316+0000] {dag.py:3696} INFO - Setting next_dagrun for tutorial_taskflow_api_virtualenv to None, run_after=None
[2023-10-02T08:59:04.326+0000] {processor.py:179} INFO - Processing /home/airflow/.local/lib/python3.8/site-packages/airflow/example_dags/tutorial_taskflow_api_virtualenv.py took 0.070 seconds
[2023-10-02T08:59:35.274+0000] {processor.py:157} INFO - Started process (PID=602) to work on /home/airflow/.local/lib/python3.8/site-packages/airflow/example_dags/tutorial_taskflow_api_virtualenv.py
[2023-10-02T08:59:35.275+0000] {processor.py:829} INFO - Processing file /home/airflow/.local/lib/python3.8/site-packages/airflow/example_dags/tutorial_taskflow_api_virtualenv.py for tasks to queue
[2023-10-02T08:59:35.279+0000] {logging_mixin.py:151} INFO - [2023-10-02T08:59:35.278+0000] {dagbag.py:539} INFO - Filling up the DagBag from /home/airflow/.local/lib/python3.8/site-packages/airflow/example_dags/tutorial_taskflow_api_virtualenv.py
[2023-10-02T08:59:35.289+0000] {processor.py:839} INFO - DAG(s) dict_keys(['tutorial_taskflow_api_virtualenv']) retrieved from /home/airflow/.local/lib/python3.8/site-packages/airflow/example_dags/tutorial_taskflow_api_virtualenv.py
[2023-10-02T08:59:35.325+0000] {logging_mixin.py:151} INFO - [2023-10-02T08:59:35.325+0000] {dag.py:2915} INFO - Sync 1 DAGs
[2023-10-02T08:59:35.334+0000] {logging_mixin.py:151} INFO - [2023-10-02T08:59:35.334+0000] {dag.py:3696} INFO - Setting next_dagrun for tutorial_taskflow_api_virtualenv to None, run_after=None
[2023-10-02T08:59:35.344+0000] {processor.py:179} INFO - Processing /home/airflow/.local/lib/python3.8/site-packages/airflow/example_dags/tutorial_taskflow_api_virtualenv.py took 0.076 seconds
[2023-10-02T09:00:05.455+0000] {processor.py:157} INFO - Started process (PID=659) to work on /home/airflow/.local/lib/python3.8/site-packages/airflow/example_dags/tutorial_taskflow_api_virtualenv.py
[2023-10-02T09:00:05.456+0000] {processor.py:829} INFO - Processing file /home/airflow/.local/lib/python3.8/site-packages/airflow/example_dags/tutorial_taskflow_api_virtualenv.py for tasks to queue
[2023-10-02T09:00:05.460+0000] {logging_mixin.py:151} INFO - [2023-10-02T09:00:05.459+0000] {dagbag.py:539} INFO - Filling up the DagBag from /home/airflow/.local/lib/python3.8/site-packages/airflow/example_dags/tutorial_taskflow_api_virtualenv.py
[2023-10-02T09:00:05.480+0000] {processor.py:839} INFO - DAG(s) dict_keys(['tutorial_taskflow_api_virtualenv']) retrieved from /home/airflow/.local/lib/python3.8/site-packages/airflow/example_dags/tutorial_taskflow_api_virtualenv.py
[2023-10-02T09:00:05.503+0000] {logging_mixin.py:151} INFO - [2023-10-02T09:00:05.503+0000] {dag.py:2915} INFO - Sync 1 DAGs
[2023-10-02T09:00:05.511+0000] {logging_mixin.py:151} INFO - [2023-10-02T09:00:05.511+0000] {dag.py:3696} INFO - Setting next_dagrun for tutorial_taskflow_api_virtualenv to None, run_after=None
[2023-10-02T09:00:05.521+0000] {processor.py:179} INFO - Processing /home/airflow/.local/lib/python3.8/site-packages/airflow/example_dags/tutorial_taskflow_api_virtualenv.py took 0.070 seconds
[2023-10-02T09:00:36.522+0000] {processor.py:157} INFO - Started process (PID=716) to work on /home/airflow/.local/lib/python3.8/site-packages/airflow/example_dags/tutorial_taskflow_api_virtualenv.py
[2023-10-02T09:00:36.524+0000] {processor.py:829} INFO - Processing file /home/airflow/.local/lib/python3.8/site-packages/airflow/example_dags/tutorial_taskflow_api_virtualenv.py for tasks to queue
[2023-10-02T09:00:36.527+0000] {logging_mixin.py:151} INFO - [2023-10-02T09:00:36.527+0000] {dagbag.py:539} INFO - Filling up the DagBag from /home/airflow/.local/lib/python3.8/site-packages/airflow/example_dags/tutorial_taskflow_api_virtualenv.py
[2023-10-02T09:00:36.538+0000] {processor.py:839} INFO - DAG(s) dict_keys(['tutorial_taskflow_api_virtualenv']) retrieved from /home/airflow/.local/lib/python3.8/site-packages/airflow/example_dags/tutorial_taskflow_api_virtualenv.py
[2023-10-02T09:00:36.570+0000] {logging_mixin.py:151} INFO - [2023-10-02T09:00:36.570+0000] {dag.py:2915} INFO - Sync 1 DAGs
[2023-10-02T09:00:36.578+0000] {logging_mixin.py:151} INFO - [2023-10-02T09:00:36.578+0000] {dag.py:3696} INFO - Setting next_dagrun for tutorial_taskflow_api_virtualenv to None, run_after=None
[2023-10-02T09:00:36.587+0000] {processor.py:179} INFO - Processing /home/airflow/.local/lib/python3.8/site-packages/airflow/example_dags/tutorial_taskflow_api_virtualenv.py took 0.071 seconds
[2023-10-02T09:01:07.465+0000] {processor.py:157} INFO - Started process (PID=773) to work on /home/airflow/.local/lib/python3.8/site-packages/airflow/example_dags/tutorial_taskflow_api_virtualenv.py
[2023-10-02T09:01:07.465+0000] {processor.py:829} INFO - Processing file /home/airflow/.local/lib/python3.8/site-packages/airflow/example_dags/tutorial_taskflow_api_virtualenv.py for tasks to queue
[2023-10-02T09:01:07.468+0000] {logging_mixin.py:151} INFO - [2023-10-02T09:01:07.468+0000] {dagbag.py:539} INFO - Filling up the DagBag from /home/airflow/.local/lib/python3.8/site-packages/airflow/example_dags/tutorial_taskflow_api_virtualenv.py
[2023-10-02T09:01:07.476+0000] {processor.py:839} INFO - DAG(s) dict_keys(['tutorial_taskflow_api_virtualenv']) retrieved from /home/airflow/.local/lib/python3.8/site-packages/airflow/example_dags/tutorial_taskflow_api_virtualenv.py
[2023-10-02T09:01:07.497+0000] {logging_mixin.py:151} INFO - [2023-10-02T09:01:07.497+0000] {dag.py:2915} INFO - Sync 1 DAGs
[2023-10-02T09:01:07.505+0000] {logging_mixin.py:151} INFO - [2023-10-02T09:01:07.505+0000] {dag.py:3696} INFO - Setting next_dagrun for tutorial_taskflow_api_virtualenv to None, run_after=None
[2023-10-02T09:01:07.515+0000] {processor.py:179} INFO - Processing /home/airflow/.local/lib/python3.8/site-packages/airflow/example_dags/tutorial_taskflow_api_virtualenv.py took 0.055 seconds
[2023-10-02T09:01:38.397+0000] {processor.py:157} INFO - Started process (PID=830) to work on /home/airflow/.local/lib/python3.8/site-packages/airflow/example_dags/tutorial_taskflow_api_virtualenv.py
[2023-10-02T09:01:38.400+0000] {processor.py:829} INFO - Processing file /home/airflow/.local/lib/python3.8/site-packages/airflow/example_dags/tutorial_taskflow_api_virtualenv.py for tasks to queue
[2023-10-02T09:01:38.404+0000] {logging_mixin.py:151} INFO - [2023-10-02T09:01:38.404+0000] {dagbag.py:539} INFO - Filling up the DagBag from /home/airflow/.local/lib/python3.8/site-packages/airflow/example_dags/tutorial_taskflow_api_virtualenv.py
[2023-10-02T09:01:38.437+0000] {processor.py:839} INFO - DAG(s) dict_keys(['tutorial_taskflow_api_virtualenv']) retrieved from /home/airflow/.local/lib/python3.8/site-packages/airflow/example_dags/tutorial_taskflow_api_virtualenv.py
[2023-10-02T09:01:38.458+0000] {logging_mixin.py:151} INFO - [2023-10-02T09:01:38.458+0000] {dag.py:2915} INFO - Sync 1 DAGs
[2023-10-02T09:01:38.467+0000] {logging_mixin.py:151} INFO - [2023-10-02T09:01:38.467+0000] {dag.py:3696} INFO - Setting next_dagrun for tutorial_taskflow_api_virtualenv to None, run_after=None
[2023-10-02T09:01:38.479+0000] {processor.py:179} INFO - Processing /home/airflow/.local/lib/python3.8/site-packages/airflow/example_dags/tutorial_taskflow_api_virtualenv.py took 0.091 seconds
[2023-10-02T09:02:08.527+0000] {processor.py:157} INFO - Started process (PID=887) to work on /home/airflow/.local/lib/python3.8/site-packages/airflow/example_dags/tutorial_taskflow_api_virtualenv.py
[2023-10-02T09:02:08.528+0000] {processor.py:829} INFO - Processing file /home/airflow/.local/lib/python3.8/site-packages/airflow/example_dags/tutorial_taskflow_api_virtualenv.py for tasks to queue
[2023-10-02T09:02:08.529+0000] {logging_mixin.py:151} INFO - [2023-10-02T09:02:08.529+0000] {dagbag.py:539} INFO - Filling up the DagBag from /home/airflow/.local/lib/python3.8/site-packages/airflow/example_dags/tutorial_taskflow_api_virtualenv.py
[2023-10-02T09:02:08.537+0000] {processor.py:839} INFO - DAG(s) dict_keys(['tutorial_taskflow_api_virtualenv']) retrieved from /home/airflow/.local/lib/python3.8/site-packages/airflow/example_dags/tutorial_taskflow_api_virtualenv.py
[2023-10-02T09:02:08.553+0000] {logging_mixin.py:151} INFO - [2023-10-02T09:02:08.553+0000] {dag.py:2915} INFO - Sync 1 DAGs
[2023-10-02T09:02:08.561+0000] {logging_mixin.py:151} INFO - [2023-10-02T09:02:08.561+0000] {dag.py:3696} INFO - Setting next_dagrun for tutorial_taskflow_api_virtualenv to None, run_after=None
[2023-10-02T09:02:08.570+0000] {processor.py:179} INFO - Processing /home/airflow/.local/lib/python3.8/site-packages/airflow/example_dags/tutorial_taskflow_api_virtualenv.py took 0.046 seconds
