[2023-10-03T07:43:57.815+0000] {processor.py:157} INFO - Started process (PID=70) to work on /home/airflow/.local/lib/python3.8/site-packages/airflow/example_dags/example_short_circuit_operator.py
[2023-10-03T07:43:57.821+0000] {processor.py:829} INFO - Processing file /home/airflow/.local/lib/python3.8/site-packages/airflow/example_dags/example_short_circuit_operator.py for tasks to queue
[2023-10-03T07:43:57.829+0000] {logging_mixin.py:151} INFO - [2023-10-03T07:43:57.828+0000] {dagbag.py:539} INFO - Filling up the DagBag from /home/airflow/.local/lib/python3.8/site-packages/airflow/example_dags/example_short_circuit_operator.py
[2023-10-03T07:43:57.848+0000] {processor.py:839} INFO - DAG(s) dict_keys(['example_short_circuit_operator']) retrieved from /home/airflow/.local/lib/python3.8/site-packages/airflow/example_dags/example_short_circuit_operator.py
[2023-10-03T07:43:57.867+0000] {logging_mixin.py:151} INFO - [2023-10-03T07:43:57.867+0000] {dag.py:2915} INFO - Sync 1 DAGs
[2023-10-03T07:43:57.961+0000] {logging_mixin.py:151} INFO - [2023-10-03T07:43:57.960+0000] {dag.py:3696} INFO - Setting next_dagrun for example_short_circuit_operator to 2023-10-02T07:43:57.960358+00:00, run_after=2023-10-03T07:43:57.960358+00:00
[2023-10-03T07:43:58.041+0000] {processor.py:179} INFO - Processing /home/airflow/.local/lib/python3.8/site-packages/airflow/example_dags/example_short_circuit_operator.py took 0.240 seconds
[2023-10-03T07:44:28.192+0000] {processor.py:157} INFO - Started process (PID=129) to work on /home/airflow/.local/lib/python3.8/site-packages/airflow/example_dags/example_short_circuit_operator.py
[2023-10-03T07:44:28.192+0000] {processor.py:829} INFO - Processing file /home/airflow/.local/lib/python3.8/site-packages/airflow/example_dags/example_short_circuit_operator.py for tasks to queue
[2023-10-03T07:44:28.194+0000] {logging_mixin.py:151} INFO - [2023-10-03T07:44:28.194+0000] {dagbag.py:539} INFO - Filling up the DagBag from /home/airflow/.local/lib/python3.8/site-packages/airflow/example_dags/example_short_circuit_operator.py
[2023-10-03T07:44:28.198+0000] {processor.py:839} INFO - DAG(s) dict_keys(['example_short_circuit_operator']) retrieved from /home/airflow/.local/lib/python3.8/site-packages/airflow/example_dags/example_short_circuit_operator.py
[2023-10-03T07:44:28.209+0000] {logging_mixin.py:151} INFO - [2023-10-03T07:44:28.209+0000] {dag.py:2915} INFO - Sync 1 DAGs
[2023-10-03T07:44:28.219+0000] {logging_mixin.py:151} INFO - [2023-10-03T07:44:28.219+0000] {dag.py:3696} INFO - Setting next_dagrun for example_short_circuit_operator to 2023-10-02T07:44:28.219328+00:00, run_after=2023-10-03T07:44:28.219328+00:00
[2023-10-03T07:44:28.227+0000] {processor.py:179} INFO - Processing /home/airflow/.local/lib/python3.8/site-packages/airflow/example_dags/example_short_circuit_operator.py took 0.037 seconds
[2023-10-03T07:44:58.420+0000] {processor.py:157} INFO - Started process (PID=188) to work on /home/airflow/.local/lib/python3.8/site-packages/airflow/example_dags/example_short_circuit_operator.py
[2023-10-03T07:44:58.420+0000] {processor.py:829} INFO - Processing file /home/airflow/.local/lib/python3.8/site-packages/airflow/example_dags/example_short_circuit_operator.py for tasks to queue
[2023-10-03T07:44:58.422+0000] {logging_mixin.py:151} INFO - [2023-10-03T07:44:58.422+0000] {dagbag.py:539} INFO - Filling up the DagBag from /home/airflow/.local/lib/python3.8/site-packages/airflow/example_dags/example_short_circuit_operator.py
[2023-10-03T07:44:58.426+0000] {processor.py:839} INFO - DAG(s) dict_keys(['example_short_circuit_operator']) retrieved from /home/airflow/.local/lib/python3.8/site-packages/airflow/example_dags/example_short_circuit_operator.py
[2023-10-03T07:44:58.437+0000] {logging_mixin.py:151} INFO - [2023-10-03T07:44:58.437+0000] {dag.py:2915} INFO - Sync 1 DAGs
[2023-10-03T07:44:58.447+0000] {logging_mixin.py:151} INFO - [2023-10-03T07:44:58.447+0000] {dag.py:3696} INFO - Setting next_dagrun for example_short_circuit_operator to 2023-10-02T07:44:58.447452+00:00, run_after=2023-10-03T07:44:58.447452+00:00
[2023-10-03T07:44:58.455+0000] {processor.py:179} INFO - Processing /home/airflow/.local/lib/python3.8/site-packages/airflow/example_dags/example_short_circuit_operator.py took 0.036 seconds
[2023-10-03T07:45:29.012+0000] {processor.py:157} INFO - Started process (PID=247) to work on /home/airflow/.local/lib/python3.8/site-packages/airflow/example_dags/example_short_circuit_operator.py
[2023-10-03T07:45:29.013+0000] {processor.py:829} INFO - Processing file /home/airflow/.local/lib/python3.8/site-packages/airflow/example_dags/example_short_circuit_operator.py for tasks to queue
[2023-10-03T07:45:29.014+0000] {logging_mixin.py:151} INFO - [2023-10-03T07:45:29.014+0000] {dagbag.py:539} INFO - Filling up the DagBag from /home/airflow/.local/lib/python3.8/site-packages/airflow/example_dags/example_short_circuit_operator.py
[2023-10-03T07:45:29.018+0000] {processor.py:839} INFO - DAG(s) dict_keys(['example_short_circuit_operator']) retrieved from /home/airflow/.local/lib/python3.8/site-packages/airflow/example_dags/example_short_circuit_operator.py
[2023-10-03T07:45:29.029+0000] {logging_mixin.py:151} INFO - [2023-10-03T07:45:29.029+0000] {dag.py:2915} INFO - Sync 1 DAGs
[2023-10-03T07:45:29.039+0000] {logging_mixin.py:151} INFO - [2023-10-03T07:45:29.039+0000] {dag.py:3696} INFO - Setting next_dagrun for example_short_circuit_operator to 2023-10-02T07:45:29.039031+00:00, run_after=2023-10-03T07:45:29.039031+00:00
[2023-10-03T07:45:29.046+0000] {processor.py:179} INFO - Processing /home/airflow/.local/lib/python3.8/site-packages/airflow/example_dags/example_short_circuit_operator.py took 0.036 seconds
[2023-10-03T07:50:27.631+0000] {processor.py:157} INFO - Started process (PID=71) to work on /home/airflow/.local/lib/python3.8/site-packages/airflow/example_dags/example_short_circuit_operator.py
[2023-10-03T07:50:27.636+0000] {processor.py:829} INFO - Processing file /home/airflow/.local/lib/python3.8/site-packages/airflow/example_dags/example_short_circuit_operator.py for tasks to queue
[2023-10-03T07:50:27.646+0000] {logging_mixin.py:151} INFO - [2023-10-03T07:50:27.646+0000] {dagbag.py:539} INFO - Filling up the DagBag from /home/airflow/.local/lib/python3.8/site-packages/airflow/example_dags/example_short_circuit_operator.py
[2023-10-03T07:50:27.669+0000] {processor.py:839} INFO - DAG(s) dict_keys(['example_short_circuit_operator']) retrieved from /home/airflow/.local/lib/python3.8/site-packages/airflow/example_dags/example_short_circuit_operator.py
[2023-10-03T07:50:27.734+0000] {logging_mixin.py:151} INFO - [2023-10-03T07:50:27.733+0000] {dag.py:2915} INFO - Sync 1 DAGs
[2023-10-03T07:50:27.772+0000] {logging_mixin.py:151} INFO - [2023-10-03T07:50:27.772+0000] {dag.py:3696} INFO - Setting next_dagrun for example_short_circuit_operator to 2023-10-02T07:50:27.771744+00:00, run_after=2023-10-03T07:50:27.771744+00:00
[2023-10-03T07:50:27.812+0000] {processor.py:179} INFO - Processing /home/airflow/.local/lib/python3.8/site-packages/airflow/example_dags/example_short_circuit_operator.py took 0.191 seconds
[2023-10-03T07:50:57.855+0000] {processor.py:157} INFO - Started process (PID=130) to work on /home/airflow/.local/lib/python3.8/site-packages/airflow/example_dags/example_short_circuit_operator.py
[2023-10-03T07:50:57.855+0000] {processor.py:829} INFO - Processing file /home/airflow/.local/lib/python3.8/site-packages/airflow/example_dags/example_short_circuit_operator.py for tasks to queue
[2023-10-03T07:50:57.857+0000] {logging_mixin.py:151} INFO - [2023-10-03T07:50:57.857+0000] {dagbag.py:539} INFO - Filling up the DagBag from /home/airflow/.local/lib/python3.8/site-packages/airflow/example_dags/example_short_circuit_operator.py
[2023-10-03T07:50:57.861+0000] {processor.py:839} INFO - DAG(s) dict_keys(['example_short_circuit_operator']) retrieved from /home/airflow/.local/lib/python3.8/site-packages/airflow/example_dags/example_short_circuit_operator.py
[2023-10-03T07:50:57.877+0000] {logging_mixin.py:151} INFO - [2023-10-03T07:50:57.877+0000] {dag.py:2915} INFO - Sync 1 DAGs
[2023-10-03T07:50:57.887+0000] {logging_mixin.py:151} INFO - [2023-10-03T07:50:57.887+0000] {dag.py:3696} INFO - Setting next_dagrun for example_short_circuit_operator to 2023-10-02T07:50:57.887608+00:00, run_after=2023-10-03T07:50:57.887608+00:00
[2023-10-03T07:50:57.895+0000] {processor.py:179} INFO - Processing /home/airflow/.local/lib/python3.8/site-packages/airflow/example_dags/example_short_circuit_operator.py took 0.043 seconds
[2023-10-03T07:51:28.593+0000] {processor.py:157} INFO - Started process (PID=189) to work on /home/airflow/.local/lib/python3.8/site-packages/airflow/example_dags/example_short_circuit_operator.py
[2023-10-03T07:51:28.594+0000] {processor.py:829} INFO - Processing file /home/airflow/.local/lib/python3.8/site-packages/airflow/example_dags/example_short_circuit_operator.py for tasks to queue
[2023-10-03T07:51:28.595+0000] {logging_mixin.py:151} INFO - [2023-10-03T07:51:28.595+0000] {dagbag.py:539} INFO - Filling up the DagBag from /home/airflow/.local/lib/python3.8/site-packages/airflow/example_dags/example_short_circuit_operator.py
[2023-10-03T07:51:28.599+0000] {processor.py:839} INFO - DAG(s) dict_keys(['example_short_circuit_operator']) retrieved from /home/airflow/.local/lib/python3.8/site-packages/airflow/example_dags/example_short_circuit_operator.py
[2023-10-03T07:51:28.611+0000] {logging_mixin.py:151} INFO - [2023-10-03T07:51:28.611+0000] {dag.py:2915} INFO - Sync 1 DAGs
[2023-10-03T07:51:28.624+0000] {logging_mixin.py:151} INFO - [2023-10-03T07:51:28.624+0000] {dag.py:3696} INFO - Setting next_dagrun for example_short_circuit_operator to 2023-10-02T07:51:28.623528+00:00, run_after=2023-10-03T07:51:28.623528+00:00
[2023-10-03T07:51:28.632+0000] {processor.py:179} INFO - Processing /home/airflow/.local/lib/python3.8/site-packages/airflow/example_dags/example_short_circuit_operator.py took 0.041 seconds
[2023-10-03T07:57:15.469+0000] {processor.py:157} INFO - Started process (PID=71) to work on /home/airflow/.local/lib/python3.8/site-packages/airflow/example_dags/example_short_circuit_operator.py
[2023-10-03T07:57:15.470+0000] {processor.py:829} INFO - Processing file /home/airflow/.local/lib/python3.8/site-packages/airflow/example_dags/example_short_circuit_operator.py for tasks to queue
[2023-10-03T07:57:15.473+0000] {logging_mixin.py:151} INFO - [2023-10-03T07:57:15.473+0000] {dagbag.py:539} INFO - Filling up the DagBag from /home/airflow/.local/lib/python3.8/site-packages/airflow/example_dags/example_short_circuit_operator.py
[2023-10-03T07:57:15.480+0000] {processor.py:839} INFO - DAG(s) dict_keys(['example_short_circuit_operator']) retrieved from /home/airflow/.local/lib/python3.8/site-packages/airflow/example_dags/example_short_circuit_operator.py
[2023-10-03T07:57:15.489+0000] {logging_mixin.py:151} INFO - [2023-10-03T07:57:15.489+0000] {dag.py:2915} INFO - Sync 1 DAGs
[2023-10-03T07:57:15.500+0000] {logging_mixin.py:151} INFO - [2023-10-03T07:57:15.500+0000] {dag.py:3696} INFO - Setting next_dagrun for example_short_circuit_operator to 2023-10-02T07:57:15.499988+00:00, run_after=2023-10-03T07:57:15.499988+00:00
[2023-10-03T07:57:15.507+0000] {processor.py:179} INFO - Processing /home/airflow/.local/lib/python3.8/site-packages/airflow/example_dags/example_short_circuit_operator.py took 0.040 seconds
[2023-10-03T07:57:45.895+0000] {processor.py:157} INFO - Started process (PID=130) to work on /home/airflow/.local/lib/python3.8/site-packages/airflow/example_dags/example_short_circuit_operator.py
[2023-10-03T07:57:45.896+0000] {processor.py:829} INFO - Processing file /home/airflow/.local/lib/python3.8/site-packages/airflow/example_dags/example_short_circuit_operator.py for tasks to queue
[2023-10-03T07:57:45.898+0000] {logging_mixin.py:151} INFO - [2023-10-03T07:57:45.897+0000] {dagbag.py:539} INFO - Filling up the DagBag from /home/airflow/.local/lib/python3.8/site-packages/airflow/example_dags/example_short_circuit_operator.py
[2023-10-03T07:57:45.902+0000] {processor.py:839} INFO - DAG(s) dict_keys(['example_short_circuit_operator']) retrieved from /home/airflow/.local/lib/python3.8/site-packages/airflow/example_dags/example_short_circuit_operator.py
[2023-10-03T07:57:45.915+0000] {logging_mixin.py:151} INFO - [2023-10-03T07:57:45.915+0000] {dag.py:2915} INFO - Sync 1 DAGs
[2023-10-03T07:57:45.925+0000] {logging_mixin.py:151} INFO - [2023-10-03T07:57:45.925+0000] {dag.py:3696} INFO - Setting next_dagrun for example_short_circuit_operator to 2023-10-02T07:57:45.925016+00:00, run_after=2023-10-03T07:57:45.925016+00:00
[2023-10-03T07:57:45.933+0000] {processor.py:179} INFO - Processing /home/airflow/.local/lib/python3.8/site-packages/airflow/example_dags/example_short_circuit_operator.py took 0.039 seconds
[2023-10-03T07:58:16.204+0000] {processor.py:157} INFO - Started process (PID=189) to work on /home/airflow/.local/lib/python3.8/site-packages/airflow/example_dags/example_short_circuit_operator.py
[2023-10-03T07:58:16.205+0000] {processor.py:829} INFO - Processing file /home/airflow/.local/lib/python3.8/site-packages/airflow/example_dags/example_short_circuit_operator.py for tasks to queue
[2023-10-03T07:58:16.206+0000] {logging_mixin.py:151} INFO - [2023-10-03T07:58:16.206+0000] {dagbag.py:539} INFO - Filling up the DagBag from /home/airflow/.local/lib/python3.8/site-packages/airflow/example_dags/example_short_circuit_operator.py
[2023-10-03T07:58:16.210+0000] {processor.py:839} INFO - DAG(s) dict_keys(['example_short_circuit_operator']) retrieved from /home/airflow/.local/lib/python3.8/site-packages/airflow/example_dags/example_short_circuit_operator.py
[2023-10-03T07:58:16.226+0000] {logging_mixin.py:151} INFO - [2023-10-03T07:58:16.226+0000] {dag.py:2915} INFO - Sync 1 DAGs
[2023-10-03T07:58:16.240+0000] {logging_mixin.py:151} INFO - [2023-10-03T07:58:16.240+0000] {dag.py:3696} INFO - Setting next_dagrun for example_short_circuit_operator to 2023-10-02T07:58:16.240296+00:00, run_after=2023-10-03T07:58:16.240296+00:00
[2023-10-03T07:58:16.248+0000] {processor.py:179} INFO - Processing /home/airflow/.local/lib/python3.8/site-packages/airflow/example_dags/example_short_circuit_operator.py took 0.046 seconds
[2023-10-03T07:58:46.391+0000] {processor.py:157} INFO - Started process (PID=248) to work on /home/airflow/.local/lib/python3.8/site-packages/airflow/example_dags/example_short_circuit_operator.py
[2023-10-03T07:58:46.391+0000] {processor.py:829} INFO - Processing file /home/airflow/.local/lib/python3.8/site-packages/airflow/example_dags/example_short_circuit_operator.py for tasks to queue
[2023-10-03T07:58:46.393+0000] {logging_mixin.py:151} INFO - [2023-10-03T07:58:46.393+0000] {dagbag.py:539} INFO - Filling up the DagBag from /home/airflow/.local/lib/python3.8/site-packages/airflow/example_dags/example_short_circuit_operator.py
[2023-10-03T07:58:46.397+0000] {processor.py:839} INFO - DAG(s) dict_keys(['example_short_circuit_operator']) retrieved from /home/airflow/.local/lib/python3.8/site-packages/airflow/example_dags/example_short_circuit_operator.py
[2023-10-03T07:58:46.415+0000] {logging_mixin.py:151} INFO - [2023-10-03T07:58:46.415+0000] {dag.py:2915} INFO - Sync 1 DAGs
[2023-10-03T07:58:46.432+0000] {logging_mixin.py:151} INFO - [2023-10-03T07:58:46.432+0000] {dag.py:3696} INFO - Setting next_dagrun for example_short_circuit_operator to 2023-10-02T07:58:46.431888+00:00, run_after=2023-10-03T07:58:46.431888+00:00
[2023-10-03T07:58:46.441+0000] {processor.py:179} INFO - Processing /home/airflow/.local/lib/python3.8/site-packages/airflow/example_dags/example_short_circuit_operator.py took 0.052 seconds
[2023-10-03T07:59:17.884+0000] {processor.py:157} INFO - Started process (PID=307) to work on /home/airflow/.local/lib/python3.8/site-packages/airflow/example_dags/example_short_circuit_operator.py
[2023-10-03T07:59:17.885+0000] {processor.py:829} INFO - Processing file /home/airflow/.local/lib/python3.8/site-packages/airflow/example_dags/example_short_circuit_operator.py for tasks to queue
[2023-10-03T07:59:17.887+0000] {logging_mixin.py:151} INFO - [2023-10-03T07:59:17.886+0000] {dagbag.py:539} INFO - Filling up the DagBag from /home/airflow/.local/lib/python3.8/site-packages/airflow/example_dags/example_short_circuit_operator.py
[2023-10-03T07:59:17.892+0000] {processor.py:839} INFO - DAG(s) dict_keys(['example_short_circuit_operator']) retrieved from /home/airflow/.local/lib/python3.8/site-packages/airflow/example_dags/example_short_circuit_operator.py
[2023-10-03T07:59:17.906+0000] {logging_mixin.py:151} INFO - [2023-10-03T07:59:17.906+0000] {dag.py:2915} INFO - Sync 1 DAGs
[2023-10-03T07:59:17.917+0000] {logging_mixin.py:151} INFO - [2023-10-03T07:59:17.917+0000] {dag.py:3696} INFO - Setting next_dagrun for example_short_circuit_operator to 2023-10-02T07:59:17.917097+00:00, run_after=2023-10-03T07:59:17.917097+00:00
[2023-10-03T07:59:17.925+0000] {processor.py:179} INFO - Processing /home/airflow/.local/lib/python3.8/site-packages/airflow/example_dags/example_short_circuit_operator.py took 0.044 seconds
[2023-10-03T07:59:48.340+0000] {processor.py:157} INFO - Started process (PID=366) to work on /home/airflow/.local/lib/python3.8/site-packages/airflow/example_dags/example_short_circuit_operator.py
[2023-10-03T07:59:48.341+0000] {processor.py:829} INFO - Processing file /home/airflow/.local/lib/python3.8/site-packages/airflow/example_dags/example_short_circuit_operator.py for tasks to queue
[2023-10-03T07:59:48.342+0000] {logging_mixin.py:151} INFO - [2023-10-03T07:59:48.342+0000] {dagbag.py:539} INFO - Filling up the DagBag from /home/airflow/.local/lib/python3.8/site-packages/airflow/example_dags/example_short_circuit_operator.py
[2023-10-03T07:59:48.346+0000] {processor.py:839} INFO - DAG(s) dict_keys(['example_short_circuit_operator']) retrieved from /home/airflow/.local/lib/python3.8/site-packages/airflow/example_dags/example_short_circuit_operator.py
[2023-10-03T07:59:48.357+0000] {logging_mixin.py:151} INFO - [2023-10-03T07:59:48.357+0000] {dag.py:2915} INFO - Sync 1 DAGs
[2023-10-03T07:59:48.367+0000] {logging_mixin.py:151} INFO - [2023-10-03T07:59:48.367+0000] {dag.py:3696} INFO - Setting next_dagrun for example_short_circuit_operator to 2023-10-02T07:59:48.367447+00:00, run_after=2023-10-03T07:59:48.367447+00:00
[2023-10-03T07:59:48.374+0000] {processor.py:179} INFO - Processing /home/airflow/.local/lib/python3.8/site-packages/airflow/example_dags/example_short_circuit_operator.py took 0.036 seconds
[2023-10-03T08:00:19.659+0000] {processor.py:157} INFO - Started process (PID=425) to work on /home/airflow/.local/lib/python3.8/site-packages/airflow/example_dags/example_short_circuit_operator.py
[2023-10-03T08:00:19.660+0000] {processor.py:829} INFO - Processing file /home/airflow/.local/lib/python3.8/site-packages/airflow/example_dags/example_short_circuit_operator.py for tasks to queue
[2023-10-03T08:00:19.661+0000] {logging_mixin.py:151} INFO - [2023-10-03T08:00:19.661+0000] {dagbag.py:539} INFO - Filling up the DagBag from /home/airflow/.local/lib/python3.8/site-packages/airflow/example_dags/example_short_circuit_operator.py
[2023-10-03T08:00:19.665+0000] {processor.py:839} INFO - DAG(s) dict_keys(['example_short_circuit_operator']) retrieved from /home/airflow/.local/lib/python3.8/site-packages/airflow/example_dags/example_short_circuit_operator.py
[2023-10-03T08:00:19.676+0000] {logging_mixin.py:151} INFO - [2023-10-03T08:00:19.676+0000] {dag.py:2915} INFO - Sync 1 DAGs
[2023-10-03T08:00:19.686+0000] {logging_mixin.py:151} INFO - [2023-10-03T08:00:19.686+0000] {dag.py:3696} INFO - Setting next_dagrun for example_short_circuit_operator to 2023-10-02T08:00:19.686117+00:00, run_after=2023-10-03T08:00:19.686117+00:00
[2023-10-03T08:00:19.693+0000] {processor.py:179} INFO - Processing /home/airflow/.local/lib/python3.8/site-packages/airflow/example_dags/example_short_circuit_operator.py took 0.036 seconds
[2023-10-03T08:00:50.874+0000] {processor.py:157} INFO - Started process (PID=484) to work on /home/airflow/.local/lib/python3.8/site-packages/airflow/example_dags/example_short_circuit_operator.py
[2023-10-03T08:00:50.875+0000] {processor.py:829} INFO - Processing file /home/airflow/.local/lib/python3.8/site-packages/airflow/example_dags/example_short_circuit_operator.py for tasks to queue
[2023-10-03T08:00:50.876+0000] {logging_mixin.py:151} INFO - [2023-10-03T08:00:50.876+0000] {dagbag.py:539} INFO - Filling up the DagBag from /home/airflow/.local/lib/python3.8/site-packages/airflow/example_dags/example_short_circuit_operator.py
[2023-10-03T08:00:50.880+0000] {processor.py:839} INFO - DAG(s) dict_keys(['example_short_circuit_operator']) retrieved from /home/airflow/.local/lib/python3.8/site-packages/airflow/example_dags/example_short_circuit_operator.py
[2023-10-03T08:00:50.891+0000] {logging_mixin.py:151} INFO - [2023-10-03T08:00:50.891+0000] {dag.py:2915} INFO - Sync 1 DAGs
[2023-10-03T08:00:50.901+0000] {logging_mixin.py:151} INFO - [2023-10-03T08:00:50.901+0000] {dag.py:3696} INFO - Setting next_dagrun for example_short_circuit_operator to 2023-10-02T08:00:50.901135+00:00, run_after=2023-10-03T08:00:50.901135+00:00
[2023-10-03T08:00:50.908+0000] {processor.py:179} INFO - Processing /home/airflow/.local/lib/python3.8/site-packages/airflow/example_dags/example_short_circuit_operator.py took 0.036 seconds
[2023-10-03T08:01:21.927+0000] {processor.py:157} INFO - Started process (PID=543) to work on /home/airflow/.local/lib/python3.8/site-packages/airflow/example_dags/example_short_circuit_operator.py
[2023-10-03T08:01:21.927+0000] {processor.py:829} INFO - Processing file /home/airflow/.local/lib/python3.8/site-packages/airflow/example_dags/example_short_circuit_operator.py for tasks to queue
[2023-10-03T08:01:21.928+0000] {logging_mixin.py:151} INFO - [2023-10-03T08:01:21.928+0000] {dagbag.py:539} INFO - Filling up the DagBag from /home/airflow/.local/lib/python3.8/site-packages/airflow/example_dags/example_short_circuit_operator.py
[2023-10-03T08:01:21.932+0000] {processor.py:839} INFO - DAG(s) dict_keys(['example_short_circuit_operator']) retrieved from /home/airflow/.local/lib/python3.8/site-packages/airflow/example_dags/example_short_circuit_operator.py
[2023-10-03T08:01:21.943+0000] {logging_mixin.py:151} INFO - [2023-10-03T08:01:21.943+0000] {dag.py:2915} INFO - Sync 1 DAGs
[2023-10-03T08:01:21.953+0000] {logging_mixin.py:151} INFO - [2023-10-03T08:01:21.953+0000] {dag.py:3696} INFO - Setting next_dagrun for example_short_circuit_operator to 2023-10-02T08:01:21.953116+00:00, run_after=2023-10-03T08:01:21.953116+00:00
[2023-10-03T08:01:21.960+0000] {processor.py:179} INFO - Processing /home/airflow/.local/lib/python3.8/site-packages/airflow/example_dags/example_short_circuit_operator.py took 0.035 seconds
[2023-10-03T08:01:53.026+0000] {processor.py:157} INFO - Started process (PID=602) to work on /home/airflow/.local/lib/python3.8/site-packages/airflow/example_dags/example_short_circuit_operator.py
[2023-10-03T08:01:53.027+0000] {processor.py:829} INFO - Processing file /home/airflow/.local/lib/python3.8/site-packages/airflow/example_dags/example_short_circuit_operator.py for tasks to queue
[2023-10-03T08:01:53.028+0000] {logging_mixin.py:151} INFO - [2023-10-03T08:01:53.028+0000] {dagbag.py:539} INFO - Filling up the DagBag from /home/airflow/.local/lib/python3.8/site-packages/airflow/example_dags/example_short_circuit_operator.py
[2023-10-03T08:01:53.032+0000] {processor.py:839} INFO - DAG(s) dict_keys(['example_short_circuit_operator']) retrieved from /home/airflow/.local/lib/python3.8/site-packages/airflow/example_dags/example_short_circuit_operator.py
[2023-10-03T08:01:53.046+0000] {logging_mixin.py:151} INFO - [2023-10-03T08:01:53.046+0000] {dag.py:2915} INFO - Sync 1 DAGs
[2023-10-03T08:01:53.057+0000] {logging_mixin.py:151} INFO - [2023-10-03T08:01:53.057+0000] {dag.py:3696} INFO - Setting next_dagrun for example_short_circuit_operator to 2023-10-02T08:01:53.056924+00:00, run_after=2023-10-03T08:01:53.056924+00:00
[2023-10-03T08:01:53.066+0000] {processor.py:179} INFO - Processing /home/airflow/.local/lib/python3.8/site-packages/airflow/example_dags/example_short_circuit_operator.py took 0.041 seconds
[2023-10-03T08:02:23.476+0000] {processor.py:157} INFO - Started process (PID=661) to work on /home/airflow/.local/lib/python3.8/site-packages/airflow/example_dags/example_short_circuit_operator.py
[2023-10-03T08:02:23.477+0000] {processor.py:829} INFO - Processing file /home/airflow/.local/lib/python3.8/site-packages/airflow/example_dags/example_short_circuit_operator.py for tasks to queue
[2023-10-03T08:02:23.478+0000] {logging_mixin.py:151} INFO - [2023-10-03T08:02:23.478+0000] {dagbag.py:539} INFO - Filling up the DagBag from /home/airflow/.local/lib/python3.8/site-packages/airflow/example_dags/example_short_circuit_operator.py
[2023-10-03T08:02:23.482+0000] {processor.py:839} INFO - DAG(s) dict_keys(['example_short_circuit_operator']) retrieved from /home/airflow/.local/lib/python3.8/site-packages/airflow/example_dags/example_short_circuit_operator.py
[2023-10-03T08:02:23.494+0000] {logging_mixin.py:151} INFO - [2023-10-03T08:02:23.494+0000] {dag.py:2915} INFO - Sync 1 DAGs
[2023-10-03T08:02:23.503+0000] {logging_mixin.py:151} INFO - [2023-10-03T08:02:23.503+0000] {dag.py:3696} INFO - Setting next_dagrun for example_short_circuit_operator to 2023-10-02T08:02:23.503546+00:00, run_after=2023-10-03T08:02:23.503546+00:00
[2023-10-03T08:02:23.511+0000] {processor.py:179} INFO - Processing /home/airflow/.local/lib/python3.8/site-packages/airflow/example_dags/example_short_circuit_operator.py took 0.037 seconds
[2023-10-03T08:02:53.953+0000] {processor.py:157} INFO - Started process (PID=720) to work on /home/airflow/.local/lib/python3.8/site-packages/airflow/example_dags/example_short_circuit_operator.py
[2023-10-03T08:02:53.953+0000] {processor.py:829} INFO - Processing file /home/airflow/.local/lib/python3.8/site-packages/airflow/example_dags/example_short_circuit_operator.py for tasks to queue
[2023-10-03T08:02:53.955+0000] {logging_mixin.py:151} INFO - [2023-10-03T08:02:53.955+0000] {dagbag.py:539} INFO - Filling up the DagBag from /home/airflow/.local/lib/python3.8/site-packages/airflow/example_dags/example_short_circuit_operator.py
[2023-10-03T08:02:53.959+0000] {processor.py:839} INFO - DAG(s) dict_keys(['example_short_circuit_operator']) retrieved from /home/airflow/.local/lib/python3.8/site-packages/airflow/example_dags/example_short_circuit_operator.py
[2023-10-03T08:02:53.970+0000] {logging_mixin.py:151} INFO - [2023-10-03T08:02:53.970+0000] {dag.py:2915} INFO - Sync 1 DAGs
[2023-10-03T08:02:53.980+0000] {logging_mixin.py:151} INFO - [2023-10-03T08:02:53.980+0000] {dag.py:3696} INFO - Setting next_dagrun for example_short_circuit_operator to 2023-10-02T08:02:53.980321+00:00, run_after=2023-10-03T08:02:53.980321+00:00
[2023-10-03T08:02:53.988+0000] {processor.py:179} INFO - Processing /home/airflow/.local/lib/python3.8/site-packages/airflow/example_dags/example_short_circuit_operator.py took 0.037 seconds
[2023-10-03T08:03:24.223+0000] {processor.py:157} INFO - Started process (PID=778) to work on /home/airflow/.local/lib/python3.8/site-packages/airflow/example_dags/example_short_circuit_operator.py
[2023-10-03T08:03:24.223+0000] {processor.py:829} INFO - Processing file /home/airflow/.local/lib/python3.8/site-packages/airflow/example_dags/example_short_circuit_operator.py for tasks to queue
[2023-10-03T08:03:24.224+0000] {logging_mixin.py:151} INFO - [2023-10-03T08:03:24.224+0000] {dagbag.py:539} INFO - Filling up the DagBag from /home/airflow/.local/lib/python3.8/site-packages/airflow/example_dags/example_short_circuit_operator.py
[2023-10-03T08:03:24.229+0000] {processor.py:839} INFO - DAG(s) dict_keys(['example_short_circuit_operator']) retrieved from /home/airflow/.local/lib/python3.8/site-packages/airflow/example_dags/example_short_circuit_operator.py
[2023-10-03T08:03:24.243+0000] {logging_mixin.py:151} INFO - [2023-10-03T08:03:24.243+0000] {dag.py:2915} INFO - Sync 1 DAGs
[2023-10-03T08:03:24.254+0000] {logging_mixin.py:151} INFO - [2023-10-03T08:03:24.254+0000] {dag.py:3696} INFO - Setting next_dagrun for example_short_circuit_operator to 2023-10-02T08:03:24.254061+00:00, run_after=2023-10-03T08:03:24.254061+00:00
[2023-10-03T08:03:24.262+0000] {processor.py:179} INFO - Processing /home/airflow/.local/lib/python3.8/site-packages/airflow/example_dags/example_short_circuit_operator.py took 0.041 seconds
[2023-10-03T08:03:54.602+0000] {processor.py:157} INFO - Started process (PID=838) to work on /home/airflow/.local/lib/python3.8/site-packages/airflow/example_dags/example_short_circuit_operator.py
[2023-10-03T08:03:54.603+0000] {processor.py:829} INFO - Processing file /home/airflow/.local/lib/python3.8/site-packages/airflow/example_dags/example_short_circuit_operator.py for tasks to queue
[2023-10-03T08:03:54.604+0000] {logging_mixin.py:151} INFO - [2023-10-03T08:03:54.604+0000] {dagbag.py:539} INFO - Filling up the DagBag from /home/airflow/.local/lib/python3.8/site-packages/airflow/example_dags/example_short_circuit_operator.py
[2023-10-03T08:03:54.608+0000] {processor.py:839} INFO - DAG(s) dict_keys(['example_short_circuit_operator']) retrieved from /home/airflow/.local/lib/python3.8/site-packages/airflow/example_dags/example_short_circuit_operator.py
[2023-10-03T08:03:54.619+0000] {logging_mixin.py:151} INFO - [2023-10-03T08:03:54.619+0000] {dag.py:2915} INFO - Sync 1 DAGs
[2023-10-03T08:03:54.629+0000] {logging_mixin.py:151} INFO - [2023-10-03T08:03:54.629+0000] {dag.py:3696} INFO - Setting next_dagrun for example_short_circuit_operator to 2023-10-02T08:03:54.629038+00:00, run_after=2023-10-03T08:03:54.629038+00:00
[2023-10-03T08:03:54.637+0000] {processor.py:179} INFO - Processing /home/airflow/.local/lib/python3.8/site-packages/airflow/example_dags/example_short_circuit_operator.py took 0.036 seconds
[2023-10-03T08:04:25.235+0000] {processor.py:157} INFO - Started process (PID=897) to work on /home/airflow/.local/lib/python3.8/site-packages/airflow/example_dags/example_short_circuit_operator.py
[2023-10-03T08:04:25.237+0000] {processor.py:829} INFO - Processing file /home/airflow/.local/lib/python3.8/site-packages/airflow/example_dags/example_short_circuit_operator.py for tasks to queue
[2023-10-03T08:04:25.238+0000] {logging_mixin.py:151} INFO - [2023-10-03T08:04:25.238+0000] {dagbag.py:539} INFO - Filling up the DagBag from /home/airflow/.local/lib/python3.8/site-packages/airflow/example_dags/example_short_circuit_operator.py
[2023-10-03T08:04:25.243+0000] {processor.py:839} INFO - DAG(s) dict_keys(['example_short_circuit_operator']) retrieved from /home/airflow/.local/lib/python3.8/site-packages/airflow/example_dags/example_short_circuit_operator.py
[2023-10-03T08:04:25.258+0000] {logging_mixin.py:151} INFO - [2023-10-03T08:04:25.258+0000] {dag.py:2915} INFO - Sync 1 DAGs
[2023-10-03T08:04:25.272+0000] {logging_mixin.py:151} INFO - [2023-10-03T08:04:25.271+0000] {dag.py:3696} INFO - Setting next_dagrun for example_short_circuit_operator to 2023-10-02T08:04:25.271708+00:00, run_after=2023-10-03T08:04:25.271708+00:00
[2023-10-03T08:04:25.282+0000] {processor.py:179} INFO - Processing /home/airflow/.local/lib/python3.8/site-packages/airflow/example_dags/example_short_circuit_operator.py took 0.050 seconds
[2023-10-03T08:04:55.794+0000] {processor.py:157} INFO - Started process (PID=956) to work on /home/airflow/.local/lib/python3.8/site-packages/airflow/example_dags/example_short_circuit_operator.py
[2023-10-03T08:04:55.795+0000] {processor.py:829} INFO - Processing file /home/airflow/.local/lib/python3.8/site-packages/airflow/example_dags/example_short_circuit_operator.py for tasks to queue
[2023-10-03T08:04:55.796+0000] {logging_mixin.py:151} INFO - [2023-10-03T08:04:55.796+0000] {dagbag.py:539} INFO - Filling up the DagBag from /home/airflow/.local/lib/python3.8/site-packages/airflow/example_dags/example_short_circuit_operator.py
[2023-10-03T08:04:55.801+0000] {processor.py:839} INFO - DAG(s) dict_keys(['example_short_circuit_operator']) retrieved from /home/airflow/.local/lib/python3.8/site-packages/airflow/example_dags/example_short_circuit_operator.py
[2023-10-03T08:04:55.812+0000] {logging_mixin.py:151} INFO - [2023-10-03T08:04:55.812+0000] {dag.py:2915} INFO - Sync 1 DAGs
[2023-10-03T08:04:55.822+0000] {logging_mixin.py:151} INFO - [2023-10-03T08:04:55.822+0000] {dag.py:3696} INFO - Setting next_dagrun for example_short_circuit_operator to 2023-10-02T08:04:55.822177+00:00, run_after=2023-10-03T08:04:55.822177+00:00
[2023-10-03T08:04:55.829+0000] {processor.py:179} INFO - Processing /home/airflow/.local/lib/python3.8/site-packages/airflow/example_dags/example_short_circuit_operator.py took 0.038 seconds
[2023-10-03T08:05:26.804+0000] {processor.py:157} INFO - Started process (PID=1015) to work on /home/airflow/.local/lib/python3.8/site-packages/airflow/example_dags/example_short_circuit_operator.py
[2023-10-03T08:05:26.805+0000] {processor.py:829} INFO - Processing file /home/airflow/.local/lib/python3.8/site-packages/airflow/example_dags/example_short_circuit_operator.py for tasks to queue
[2023-10-03T08:05:26.806+0000] {logging_mixin.py:151} INFO - [2023-10-03T08:05:26.806+0000] {dagbag.py:539} INFO - Filling up the DagBag from /home/airflow/.local/lib/python3.8/site-packages/airflow/example_dags/example_short_circuit_operator.py
[2023-10-03T08:05:26.810+0000] {processor.py:839} INFO - DAG(s) dict_keys(['example_short_circuit_operator']) retrieved from /home/airflow/.local/lib/python3.8/site-packages/airflow/example_dags/example_short_circuit_operator.py
[2023-10-03T08:05:26.826+0000] {logging_mixin.py:151} INFO - [2023-10-03T08:05:26.826+0000] {dag.py:2915} INFO - Sync 1 DAGs
[2023-10-03T08:05:26.837+0000] {logging_mixin.py:151} INFO - [2023-10-03T08:05:26.837+0000] {dag.py:3696} INFO - Setting next_dagrun for example_short_circuit_operator to 2023-10-02T08:05:26.837052+00:00, run_after=2023-10-03T08:05:26.837052+00:00
[2023-10-03T08:05:26.847+0000] {processor.py:179} INFO - Processing /home/airflow/.local/lib/python3.8/site-packages/airflow/example_dags/example_short_circuit_operator.py took 0.045 seconds
[2023-10-03T08:05:57.052+0000] {processor.py:157} INFO - Started process (PID=1074) to work on /home/airflow/.local/lib/python3.8/site-packages/airflow/example_dags/example_short_circuit_operator.py
[2023-10-03T08:05:57.053+0000] {processor.py:829} INFO - Processing file /home/airflow/.local/lib/python3.8/site-packages/airflow/example_dags/example_short_circuit_operator.py for tasks to queue
[2023-10-03T08:05:57.054+0000] {logging_mixin.py:151} INFO - [2023-10-03T08:05:57.054+0000] {dagbag.py:539} INFO - Filling up the DagBag from /home/airflow/.local/lib/python3.8/site-packages/airflow/example_dags/example_short_circuit_operator.py
[2023-10-03T08:05:57.058+0000] {processor.py:839} INFO - DAG(s) dict_keys(['example_short_circuit_operator']) retrieved from /home/airflow/.local/lib/python3.8/site-packages/airflow/example_dags/example_short_circuit_operator.py
[2023-10-03T08:05:57.070+0000] {logging_mixin.py:151} INFO - [2023-10-03T08:05:57.070+0000] {dag.py:2915} INFO - Sync 1 DAGs
[2023-10-03T08:05:57.080+0000] {logging_mixin.py:151} INFO - [2023-10-03T08:05:57.080+0000] {dag.py:3696} INFO - Setting next_dagrun for example_short_circuit_operator to 2023-10-02T08:05:57.080360+00:00, run_after=2023-10-03T08:05:57.080360+00:00
[2023-10-03T08:05:57.088+0000] {processor.py:179} INFO - Processing /home/airflow/.local/lib/python3.8/site-packages/airflow/example_dags/example_short_circuit_operator.py took 0.037 seconds
[2023-10-03T08:06:27.317+0000] {processor.py:157} INFO - Started process (PID=1133) to work on /home/airflow/.local/lib/python3.8/site-packages/airflow/example_dags/example_short_circuit_operator.py
[2023-10-03T08:06:27.318+0000] {processor.py:829} INFO - Processing file /home/airflow/.local/lib/python3.8/site-packages/airflow/example_dags/example_short_circuit_operator.py for tasks to queue
[2023-10-03T08:06:27.319+0000] {logging_mixin.py:151} INFO - [2023-10-03T08:06:27.319+0000] {dagbag.py:539} INFO - Filling up the DagBag from /home/airflow/.local/lib/python3.8/site-packages/airflow/example_dags/example_short_circuit_operator.py
[2023-10-03T08:06:27.323+0000] {processor.py:839} INFO - DAG(s) dict_keys(['example_short_circuit_operator']) retrieved from /home/airflow/.local/lib/python3.8/site-packages/airflow/example_dags/example_short_circuit_operator.py
[2023-10-03T08:06:27.334+0000] {logging_mixin.py:151} INFO - [2023-10-03T08:06:27.334+0000] {dag.py:2915} INFO - Sync 1 DAGs
[2023-10-03T08:06:27.345+0000] {logging_mixin.py:151} INFO - [2023-10-03T08:06:27.345+0000] {dag.py:3696} INFO - Setting next_dagrun for example_short_circuit_operator to 2023-10-02T08:06:27.345011+00:00, run_after=2023-10-03T08:06:27.345011+00:00
[2023-10-03T08:06:27.353+0000] {processor.py:179} INFO - Processing /home/airflow/.local/lib/python3.8/site-packages/airflow/example_dags/example_short_circuit_operator.py took 0.038 seconds
[2023-10-03T08:06:58.392+0000] {processor.py:157} INFO - Started process (PID=1192) to work on /home/airflow/.local/lib/python3.8/site-packages/airflow/example_dags/example_short_circuit_operator.py
[2023-10-03T08:06:58.393+0000] {processor.py:829} INFO - Processing file /home/airflow/.local/lib/python3.8/site-packages/airflow/example_dags/example_short_circuit_operator.py for tasks to queue
[2023-10-03T08:06:58.394+0000] {logging_mixin.py:151} INFO - [2023-10-03T08:06:58.394+0000] {dagbag.py:539} INFO - Filling up the DagBag from /home/airflow/.local/lib/python3.8/site-packages/airflow/example_dags/example_short_circuit_operator.py
[2023-10-03T08:06:58.399+0000] {processor.py:839} INFO - DAG(s) dict_keys(['example_short_circuit_operator']) retrieved from /home/airflow/.local/lib/python3.8/site-packages/airflow/example_dags/example_short_circuit_operator.py
[2023-10-03T08:06:58.410+0000] {logging_mixin.py:151} INFO - [2023-10-03T08:06:58.410+0000] {dag.py:2915} INFO - Sync 1 DAGs
[2023-10-03T08:06:58.420+0000] {logging_mixin.py:151} INFO - [2023-10-03T08:06:58.420+0000] {dag.py:3696} INFO - Setting next_dagrun for example_short_circuit_operator to 2023-10-02T08:06:58.420370+00:00, run_after=2023-10-03T08:06:58.420370+00:00
[2023-10-03T08:06:58.427+0000] {processor.py:179} INFO - Processing /home/airflow/.local/lib/python3.8/site-packages/airflow/example_dags/example_short_circuit_operator.py took 0.037 seconds
[2023-10-03T08:07:29.326+0000] {processor.py:157} INFO - Started process (PID=1251) to work on /home/airflow/.local/lib/python3.8/site-packages/airflow/example_dags/example_short_circuit_operator.py
[2023-10-03T08:07:29.327+0000] {processor.py:829} INFO - Processing file /home/airflow/.local/lib/python3.8/site-packages/airflow/example_dags/example_short_circuit_operator.py for tasks to queue
[2023-10-03T08:07:29.329+0000] {logging_mixin.py:151} INFO - [2023-10-03T08:07:29.328+0000] {dagbag.py:539} INFO - Filling up the DagBag from /home/airflow/.local/lib/python3.8/site-packages/airflow/example_dags/example_short_circuit_operator.py
[2023-10-03T08:07:29.333+0000] {processor.py:839} INFO - DAG(s) dict_keys(['example_short_circuit_operator']) retrieved from /home/airflow/.local/lib/python3.8/site-packages/airflow/example_dags/example_short_circuit_operator.py
[2023-10-03T08:07:29.345+0000] {logging_mixin.py:151} INFO - [2023-10-03T08:07:29.345+0000] {dag.py:2915} INFO - Sync 1 DAGs
[2023-10-03T08:07:29.356+0000] {logging_mixin.py:151} INFO - [2023-10-03T08:07:29.355+0000] {dag.py:3696} INFO - Setting next_dagrun for example_short_circuit_operator to 2023-10-02T08:07:29.355727+00:00, run_after=2023-10-03T08:07:29.355727+00:00
[2023-10-03T08:07:29.363+0000] {processor.py:179} INFO - Processing /home/airflow/.local/lib/python3.8/site-packages/airflow/example_dags/example_short_circuit_operator.py took 0.040 seconds
[2023-10-03T08:07:59.730+0000] {processor.py:157} INFO - Started process (PID=1310) to work on /home/airflow/.local/lib/python3.8/site-packages/airflow/example_dags/example_short_circuit_operator.py
[2023-10-03T08:07:59.730+0000] {processor.py:829} INFO - Processing file /home/airflow/.local/lib/python3.8/site-packages/airflow/example_dags/example_short_circuit_operator.py for tasks to queue
[2023-10-03T08:07:59.732+0000] {logging_mixin.py:151} INFO - [2023-10-03T08:07:59.731+0000] {dagbag.py:539} INFO - Filling up the DagBag from /home/airflow/.local/lib/python3.8/site-packages/airflow/example_dags/example_short_circuit_operator.py
[2023-10-03T08:07:59.736+0000] {processor.py:839} INFO - DAG(s) dict_keys(['example_short_circuit_operator']) retrieved from /home/airflow/.local/lib/python3.8/site-packages/airflow/example_dags/example_short_circuit_operator.py
[2023-10-03T08:07:59.748+0000] {logging_mixin.py:151} INFO - [2023-10-03T08:07:59.748+0000] {dag.py:2915} INFO - Sync 1 DAGs
[2023-10-03T08:07:59.757+0000] {logging_mixin.py:151} INFO - [2023-10-03T08:07:59.757+0000] {dag.py:3696} INFO - Setting next_dagrun for example_short_circuit_operator to 2023-10-02T08:07:59.757682+00:00, run_after=2023-10-03T08:07:59.757682+00:00
[2023-10-03T08:07:59.765+0000] {processor.py:179} INFO - Processing /home/airflow/.local/lib/python3.8/site-packages/airflow/example_dags/example_short_circuit_operator.py took 0.037 seconds
[2023-10-03T08:08:30.173+0000] {processor.py:157} INFO - Started process (PID=1369) to work on /home/airflow/.local/lib/python3.8/site-packages/airflow/example_dags/example_short_circuit_operator.py
[2023-10-03T08:08:30.174+0000] {processor.py:829} INFO - Processing file /home/airflow/.local/lib/python3.8/site-packages/airflow/example_dags/example_short_circuit_operator.py for tasks to queue
[2023-10-03T08:08:30.176+0000] {logging_mixin.py:151} INFO - [2023-10-03T08:08:30.176+0000] {dagbag.py:539} INFO - Filling up the DagBag from /home/airflow/.local/lib/python3.8/site-packages/airflow/example_dags/example_short_circuit_operator.py
[2023-10-03T08:08:30.182+0000] {processor.py:839} INFO - DAG(s) dict_keys(['example_short_circuit_operator']) retrieved from /home/airflow/.local/lib/python3.8/site-packages/airflow/example_dags/example_short_circuit_operator.py
[2023-10-03T08:08:30.204+0000] {logging_mixin.py:151} INFO - [2023-10-03T08:08:30.204+0000] {dag.py:2915} INFO - Sync 1 DAGs
[2023-10-03T08:08:30.219+0000] {logging_mixin.py:151} INFO - [2023-10-03T08:08:30.219+0000] {dag.py:3696} INFO - Setting next_dagrun for example_short_circuit_operator to 2023-10-02T08:08:30.219069+00:00, run_after=2023-10-03T08:08:30.219069+00:00
[2023-10-03T08:08:30.227+0000] {processor.py:179} INFO - Processing /home/airflow/.local/lib/python3.8/site-packages/airflow/example_dags/example_short_circuit_operator.py took 0.056 seconds
[2023-10-03T08:09:00.486+0000] {processor.py:157} INFO - Started process (PID=1428) to work on /home/airflow/.local/lib/python3.8/site-packages/airflow/example_dags/example_short_circuit_operator.py
[2023-10-03T08:09:00.487+0000] {processor.py:829} INFO - Processing file /home/airflow/.local/lib/python3.8/site-packages/airflow/example_dags/example_short_circuit_operator.py for tasks to queue
[2023-10-03T08:09:00.488+0000] {logging_mixin.py:151} INFO - [2023-10-03T08:09:00.488+0000] {dagbag.py:539} INFO - Filling up the DagBag from /home/airflow/.local/lib/python3.8/site-packages/airflow/example_dags/example_short_circuit_operator.py
[2023-10-03T08:09:00.492+0000] {processor.py:839} INFO - DAG(s) dict_keys(['example_short_circuit_operator']) retrieved from /home/airflow/.local/lib/python3.8/site-packages/airflow/example_dags/example_short_circuit_operator.py
[2023-10-03T08:09:00.505+0000] {logging_mixin.py:151} INFO - [2023-10-03T08:09:00.504+0000] {dag.py:2915} INFO - Sync 1 DAGs
[2023-10-03T08:09:00.515+0000] {logging_mixin.py:151} INFO - [2023-10-03T08:09:00.515+0000] {dag.py:3696} INFO - Setting next_dagrun for example_short_circuit_operator to 2023-10-02T08:09:00.515150+00:00, run_after=2023-10-03T08:09:00.515150+00:00
[2023-10-03T08:09:00.523+0000] {processor.py:179} INFO - Processing /home/airflow/.local/lib/python3.8/site-packages/airflow/example_dags/example_short_circuit_operator.py took 0.039 seconds
[2023-10-03T08:09:30.963+0000] {processor.py:157} INFO - Started process (PID=1487) to work on /home/airflow/.local/lib/python3.8/site-packages/airflow/example_dags/example_short_circuit_operator.py
[2023-10-03T08:09:30.964+0000] {processor.py:829} INFO - Processing file /home/airflow/.local/lib/python3.8/site-packages/airflow/example_dags/example_short_circuit_operator.py for tasks to queue
[2023-10-03T08:09:30.965+0000] {logging_mixin.py:151} INFO - [2023-10-03T08:09:30.965+0000] {dagbag.py:539} INFO - Filling up the DagBag from /home/airflow/.local/lib/python3.8/site-packages/airflow/example_dags/example_short_circuit_operator.py
[2023-10-03T08:09:30.969+0000] {processor.py:839} INFO - DAG(s) dict_keys(['example_short_circuit_operator']) retrieved from /home/airflow/.local/lib/python3.8/site-packages/airflow/example_dags/example_short_circuit_operator.py
[2023-10-03T08:09:30.983+0000] {logging_mixin.py:151} INFO - [2023-10-03T08:09:30.982+0000] {dag.py:2915} INFO - Sync 1 DAGs
[2023-10-03T08:09:30.993+0000] {logging_mixin.py:151} INFO - [2023-10-03T08:09:30.993+0000] {dag.py:3696} INFO - Setting next_dagrun for example_short_circuit_operator to 2023-10-02T08:09:30.992997+00:00, run_after=2023-10-03T08:09:30.992997+00:00
[2023-10-03T08:09:31.000+0000] {processor.py:179} INFO - Processing /home/airflow/.local/lib/python3.8/site-packages/airflow/example_dags/example_short_circuit_operator.py took 0.039 seconds
[2023-10-03T08:10:01.378+0000] {processor.py:157} INFO - Started process (PID=1546) to work on /home/airflow/.local/lib/python3.8/site-packages/airflow/example_dags/example_short_circuit_operator.py
[2023-10-03T08:10:01.379+0000] {processor.py:829} INFO - Processing file /home/airflow/.local/lib/python3.8/site-packages/airflow/example_dags/example_short_circuit_operator.py for tasks to queue
[2023-10-03T08:10:01.380+0000] {logging_mixin.py:151} INFO - [2023-10-03T08:10:01.380+0000] {dagbag.py:539} INFO - Filling up the DagBag from /home/airflow/.local/lib/python3.8/site-packages/airflow/example_dags/example_short_circuit_operator.py
[2023-10-03T08:10:01.385+0000] {processor.py:839} INFO - DAG(s) dict_keys(['example_short_circuit_operator']) retrieved from /home/airflow/.local/lib/python3.8/site-packages/airflow/example_dags/example_short_circuit_operator.py
[2023-10-03T08:10:01.392+0000] {logging_mixin.py:151} INFO - [2023-10-03T08:10:01.392+0000] {dag.py:2915} INFO - Sync 1 DAGs
[2023-10-03T08:10:01.404+0000] {logging_mixin.py:151} INFO - [2023-10-03T08:10:01.404+0000] {dag.py:3696} INFO - Setting next_dagrun for example_short_circuit_operator to 2023-10-02T08:10:01.404461+00:00, run_after=2023-10-03T08:10:01.404461+00:00
[2023-10-03T08:10:01.415+0000] {processor.py:179} INFO - Processing /home/airflow/.local/lib/python3.8/site-packages/airflow/example_dags/example_short_circuit_operator.py took 0.039 seconds
[2023-10-03T08:10:32.500+0000] {processor.py:157} INFO - Started process (PID=1605) to work on /home/airflow/.local/lib/python3.8/site-packages/airflow/example_dags/example_short_circuit_operator.py
[2023-10-03T08:10:32.501+0000] {processor.py:829} INFO - Processing file /home/airflow/.local/lib/python3.8/site-packages/airflow/example_dags/example_short_circuit_operator.py for tasks to queue
[2023-10-03T08:10:32.502+0000] {logging_mixin.py:151} INFO - [2023-10-03T08:10:32.502+0000] {dagbag.py:539} INFO - Filling up the DagBag from /home/airflow/.local/lib/python3.8/site-packages/airflow/example_dags/example_short_circuit_operator.py
[2023-10-03T08:10:32.506+0000] {processor.py:839} INFO - DAG(s) dict_keys(['example_short_circuit_operator']) retrieved from /home/airflow/.local/lib/python3.8/site-packages/airflow/example_dags/example_short_circuit_operator.py
[2023-10-03T08:10:32.519+0000] {logging_mixin.py:151} INFO - [2023-10-03T08:10:32.519+0000] {dag.py:2915} INFO - Sync 1 DAGs
[2023-10-03T08:10:32.529+0000] {logging_mixin.py:151} INFO - [2023-10-03T08:10:32.528+0000] {dag.py:3696} INFO - Setting next_dagrun for example_short_circuit_operator to 2023-10-02T08:10:32.528853+00:00, run_after=2023-10-03T08:10:32.528853+00:00
[2023-10-03T08:10:32.536+0000] {processor.py:179} INFO - Processing /home/airflow/.local/lib/python3.8/site-packages/airflow/example_dags/example_short_circuit_operator.py took 0.037 seconds
[2023-10-03T08:11:02.929+0000] {processor.py:157} INFO - Started process (PID=1664) to work on /home/airflow/.local/lib/python3.8/site-packages/airflow/example_dags/example_short_circuit_operator.py
[2023-10-03T08:11:02.929+0000] {processor.py:829} INFO - Processing file /home/airflow/.local/lib/python3.8/site-packages/airflow/example_dags/example_short_circuit_operator.py for tasks to queue
[2023-10-03T08:11:02.931+0000] {logging_mixin.py:151} INFO - [2023-10-03T08:11:02.931+0000] {dagbag.py:539} INFO - Filling up the DagBag from /home/airflow/.local/lib/python3.8/site-packages/airflow/example_dags/example_short_circuit_operator.py
[2023-10-03T08:11:02.936+0000] {processor.py:839} INFO - DAG(s) dict_keys(['example_short_circuit_operator']) retrieved from /home/airflow/.local/lib/python3.8/site-packages/airflow/example_dags/example_short_circuit_operator.py
[2023-10-03T08:11:02.949+0000] {logging_mixin.py:151} INFO - [2023-10-03T08:11:02.949+0000] {dag.py:2915} INFO - Sync 1 DAGs
[2023-10-03T08:11:02.959+0000] {logging_mixin.py:151} INFO - [2023-10-03T08:11:02.959+0000] {dag.py:3696} INFO - Setting next_dagrun for example_short_circuit_operator to 2023-10-02T08:11:02.959663+00:00, run_after=2023-10-03T08:11:02.959663+00:00
[2023-10-03T08:11:02.968+0000] {processor.py:179} INFO - Processing /home/airflow/.local/lib/python3.8/site-packages/airflow/example_dags/example_short_circuit_operator.py took 0.041 seconds
[2023-10-03T08:11:33.328+0000] {processor.py:157} INFO - Started process (PID=1723) to work on /home/airflow/.local/lib/python3.8/site-packages/airflow/example_dags/example_short_circuit_operator.py
[2023-10-03T08:11:33.328+0000] {processor.py:829} INFO - Processing file /home/airflow/.local/lib/python3.8/site-packages/airflow/example_dags/example_short_circuit_operator.py for tasks to queue
[2023-10-03T08:11:33.330+0000] {logging_mixin.py:151} INFO - [2023-10-03T08:11:33.330+0000] {dagbag.py:539} INFO - Filling up the DagBag from /home/airflow/.local/lib/python3.8/site-packages/airflow/example_dags/example_short_circuit_operator.py
[2023-10-03T08:11:33.334+0000] {processor.py:839} INFO - DAG(s) dict_keys(['example_short_circuit_operator']) retrieved from /home/airflow/.local/lib/python3.8/site-packages/airflow/example_dags/example_short_circuit_operator.py
[2023-10-03T08:11:33.346+0000] {logging_mixin.py:151} INFO - [2023-10-03T08:11:33.346+0000] {dag.py:2915} INFO - Sync 1 DAGs
[2023-10-03T08:11:33.357+0000] {logging_mixin.py:151} INFO - [2023-10-03T08:11:33.357+0000] {dag.py:3696} INFO - Setting next_dagrun for example_short_circuit_operator to 2023-10-02T08:11:33.357378+00:00, run_after=2023-10-03T08:11:33.357378+00:00
[2023-10-03T08:11:33.364+0000] {processor.py:179} INFO - Processing /home/airflow/.local/lib/python3.8/site-packages/airflow/example_dags/example_short_circuit_operator.py took 0.039 seconds
[2023-10-03T08:12:03.918+0000] {processor.py:157} INFO - Started process (PID=1782) to work on /home/airflow/.local/lib/python3.8/site-packages/airflow/example_dags/example_short_circuit_operator.py
[2023-10-03T08:12:03.919+0000] {processor.py:829} INFO - Processing file /home/airflow/.local/lib/python3.8/site-packages/airflow/example_dags/example_short_circuit_operator.py for tasks to queue
[2023-10-03T08:12:03.920+0000] {logging_mixin.py:151} INFO - [2023-10-03T08:12:03.920+0000] {dagbag.py:539} INFO - Filling up the DagBag from /home/airflow/.local/lib/python3.8/site-packages/airflow/example_dags/example_short_circuit_operator.py
[2023-10-03T08:12:03.924+0000] {processor.py:839} INFO - DAG(s) dict_keys(['example_short_circuit_operator']) retrieved from /home/airflow/.local/lib/python3.8/site-packages/airflow/example_dags/example_short_circuit_operator.py
[2023-10-03T08:12:03.936+0000] {logging_mixin.py:151} INFO - [2023-10-03T08:12:03.936+0000] {dag.py:2915} INFO - Sync 1 DAGs
[2023-10-03T08:12:03.948+0000] {logging_mixin.py:151} INFO - [2023-10-03T08:12:03.948+0000] {dag.py:3696} INFO - Setting next_dagrun for example_short_circuit_operator to 2023-10-02T08:12:03.947948+00:00, run_after=2023-10-03T08:12:03.947948+00:00
[2023-10-03T08:12:03.955+0000] {processor.py:179} INFO - Processing /home/airflow/.local/lib/python3.8/site-packages/airflow/example_dags/example_short_circuit_operator.py took 0.040 seconds
[2023-10-03T08:12:34.048+0000] {processor.py:157} INFO - Started process (PID=1843) to work on /home/airflow/.local/lib/python3.8/site-packages/airflow/example_dags/example_short_circuit_operator.py
[2023-10-03T08:12:34.048+0000] {processor.py:829} INFO - Processing file /home/airflow/.local/lib/python3.8/site-packages/airflow/example_dags/example_short_circuit_operator.py for tasks to queue
[2023-10-03T08:12:34.050+0000] {logging_mixin.py:151} INFO - [2023-10-03T08:12:34.049+0000] {dagbag.py:539} INFO - Filling up the DagBag from /home/airflow/.local/lib/python3.8/site-packages/airflow/example_dags/example_short_circuit_operator.py
[2023-10-03T08:12:34.053+0000] {processor.py:839} INFO - DAG(s) dict_keys(['example_short_circuit_operator']) retrieved from /home/airflow/.local/lib/python3.8/site-packages/airflow/example_dags/example_short_circuit_operator.py
[2023-10-03T08:12:34.064+0000] {logging_mixin.py:151} INFO - [2023-10-03T08:12:34.064+0000] {dag.py:2915} INFO - Sync 1 DAGs
[2023-10-03T08:12:34.074+0000] {logging_mixin.py:151} INFO - [2023-10-03T08:12:34.074+0000] {dag.py:3696} INFO - Setting next_dagrun for example_short_circuit_operator to 2023-10-02T08:12:34.074135+00:00, run_after=2023-10-03T08:12:34.074135+00:00
[2023-10-03T08:12:34.081+0000] {processor.py:179} INFO - Processing /home/airflow/.local/lib/python3.8/site-packages/airflow/example_dags/example_short_circuit_operator.py took 0.036 seconds
[2023-10-03T08:13:39.313+0000] {processor.py:157} INFO - Started process (PID=72) to work on /home/airflow/.local/lib/python3.8/site-packages/airflow/example_dags/example_short_circuit_operator.py
[2023-10-03T08:13:39.315+0000] {processor.py:829} INFO - Processing file /home/airflow/.local/lib/python3.8/site-packages/airflow/example_dags/example_short_circuit_operator.py for tasks to queue
[2023-10-03T08:13:39.317+0000] {logging_mixin.py:151} INFO - [2023-10-03T08:13:39.317+0000] {dagbag.py:539} INFO - Filling up the DagBag from /home/airflow/.local/lib/python3.8/site-packages/airflow/example_dags/example_short_circuit_operator.py
[2023-10-03T08:13:39.326+0000] {processor.py:839} INFO - DAG(s) dict_keys(['example_short_circuit_operator']) retrieved from /home/airflow/.local/lib/python3.8/site-packages/airflow/example_dags/example_short_circuit_operator.py
[2023-10-03T08:13:39.343+0000] {logging_mixin.py:151} INFO - [2023-10-03T08:13:39.343+0000] {dag.py:2915} INFO - Sync 1 DAGs
[2023-10-03T08:13:39.370+0000] {logging_mixin.py:151} INFO - [2023-10-03T08:13:39.370+0000] {dag.py:3696} INFO - Setting next_dagrun for example_short_circuit_operator to 2023-10-02T08:13:39.369637+00:00, run_after=2023-10-03T08:13:39.369637+00:00
[2023-10-03T08:13:39.383+0000] {processor.py:179} INFO - Processing /home/airflow/.local/lib/python3.8/site-packages/airflow/example_dags/example_short_circuit_operator.py took 0.080 seconds
[2023-10-03T08:14:09.477+0000] {processor.py:157} INFO - Started process (PID=132) to work on /home/airflow/.local/lib/python3.8/site-packages/airflow/example_dags/example_short_circuit_operator.py
[2023-10-03T08:14:09.478+0000] {processor.py:829} INFO - Processing file /home/airflow/.local/lib/python3.8/site-packages/airflow/example_dags/example_short_circuit_operator.py for tasks to queue
[2023-10-03T08:14:09.480+0000] {logging_mixin.py:151} INFO - [2023-10-03T08:14:09.480+0000] {dagbag.py:539} INFO - Filling up the DagBag from /home/airflow/.local/lib/python3.8/site-packages/airflow/example_dags/example_short_circuit_operator.py
[2023-10-03T08:14:09.487+0000] {processor.py:839} INFO - DAG(s) dict_keys(['example_short_circuit_operator']) retrieved from /home/airflow/.local/lib/python3.8/site-packages/airflow/example_dags/example_short_circuit_operator.py
[2023-10-03T08:14:09.502+0000] {logging_mixin.py:151} INFO - [2023-10-03T08:14:09.502+0000] {dag.py:2915} INFO - Sync 1 DAGs
[2023-10-03T08:14:09.515+0000] {logging_mixin.py:151} INFO - [2023-10-03T08:14:09.515+0000] {dag.py:3696} INFO - Setting next_dagrun for example_short_circuit_operator to 2023-10-02T08:14:09.515140+00:00, run_after=2023-10-03T08:14:09.515140+00:00
[2023-10-03T08:14:09.524+0000] {processor.py:179} INFO - Processing /home/airflow/.local/lib/python3.8/site-packages/airflow/example_dags/example_short_circuit_operator.py took 0.050 seconds
[2023-10-03T08:14:40.490+0000] {processor.py:157} INFO - Started process (PID=192) to work on /home/airflow/.local/lib/python3.8/site-packages/airflow/example_dags/example_short_circuit_operator.py
[2023-10-03T08:14:40.491+0000] {processor.py:829} INFO - Processing file /home/airflow/.local/lib/python3.8/site-packages/airflow/example_dags/example_short_circuit_operator.py for tasks to queue
[2023-10-03T08:14:40.494+0000] {logging_mixin.py:151} INFO - [2023-10-03T08:14:40.493+0000] {dagbag.py:539} INFO - Filling up the DagBag from /home/airflow/.local/lib/python3.8/site-packages/airflow/example_dags/example_short_circuit_operator.py
[2023-10-03T08:14:40.499+0000] {processor.py:839} INFO - DAG(s) dict_keys(['example_short_circuit_operator']) retrieved from /home/airflow/.local/lib/python3.8/site-packages/airflow/example_dags/example_short_circuit_operator.py
[2023-10-03T08:14:40.514+0000] {logging_mixin.py:151} INFO - [2023-10-03T08:14:40.514+0000] {dag.py:2915} INFO - Sync 1 DAGs
[2023-10-03T08:14:40.529+0000] {logging_mixin.py:151} INFO - [2023-10-03T08:14:40.529+0000] {dag.py:3696} INFO - Setting next_dagrun for example_short_circuit_operator to 2023-10-02T08:14:40.528834+00:00, run_after=2023-10-03T08:14:40.528834+00:00
[2023-10-03T08:14:40.538+0000] {processor.py:179} INFO - Processing /home/airflow/.local/lib/python3.8/site-packages/airflow/example_dags/example_short_circuit_operator.py took 0.053 seconds
[2023-10-03T08:15:11.106+0000] {processor.py:157} INFO - Started process (PID=252) to work on /home/airflow/.local/lib/python3.8/site-packages/airflow/example_dags/example_short_circuit_operator.py
[2023-10-03T08:15:11.107+0000] {processor.py:829} INFO - Processing file /home/airflow/.local/lib/python3.8/site-packages/airflow/example_dags/example_short_circuit_operator.py for tasks to queue
[2023-10-03T08:15:11.108+0000] {logging_mixin.py:151} INFO - [2023-10-03T08:15:11.108+0000] {dagbag.py:539} INFO - Filling up the DagBag from /home/airflow/.local/lib/python3.8/site-packages/airflow/example_dags/example_short_circuit_operator.py
[2023-10-03T08:15:11.112+0000] {processor.py:839} INFO - DAG(s) dict_keys(['example_short_circuit_operator']) retrieved from /home/airflow/.local/lib/python3.8/site-packages/airflow/example_dags/example_short_circuit_operator.py
[2023-10-03T08:15:11.125+0000] {logging_mixin.py:151} INFO - [2023-10-03T08:15:11.125+0000] {dag.py:2915} INFO - Sync 1 DAGs
[2023-10-03T08:15:11.135+0000] {logging_mixin.py:151} INFO - [2023-10-03T08:15:11.135+0000] {dag.py:3696} INFO - Setting next_dagrun for example_short_circuit_operator to 2023-10-02T08:15:11.135399+00:00, run_after=2023-10-03T08:15:11.135399+00:00
[2023-10-03T08:15:11.142+0000] {processor.py:179} INFO - Processing /home/airflow/.local/lib/python3.8/site-packages/airflow/example_dags/example_short_circuit_operator.py took 0.038 seconds
[2023-10-03T08:15:41.495+0000] {processor.py:157} INFO - Started process (PID=313) to work on /home/airflow/.local/lib/python3.8/site-packages/airflow/example_dags/example_short_circuit_operator.py
[2023-10-03T08:15:41.495+0000] {processor.py:829} INFO - Processing file /home/airflow/.local/lib/python3.8/site-packages/airflow/example_dags/example_short_circuit_operator.py for tasks to queue
[2023-10-03T08:15:41.497+0000] {logging_mixin.py:151} INFO - [2023-10-03T08:15:41.496+0000] {dagbag.py:539} INFO - Filling up the DagBag from /home/airflow/.local/lib/python3.8/site-packages/airflow/example_dags/example_short_circuit_operator.py
[2023-10-03T08:15:41.501+0000] {processor.py:839} INFO - DAG(s) dict_keys(['example_short_circuit_operator']) retrieved from /home/airflow/.local/lib/python3.8/site-packages/airflow/example_dags/example_short_circuit_operator.py
[2023-10-03T08:15:41.512+0000] {logging_mixin.py:151} INFO - [2023-10-03T08:15:41.512+0000] {dag.py:2915} INFO - Sync 1 DAGs
[2023-10-03T08:15:41.521+0000] {logging_mixin.py:151} INFO - [2023-10-03T08:15:41.521+0000] {dag.py:3696} INFO - Setting next_dagrun for example_short_circuit_operator to 2023-10-02T08:15:41.521480+00:00, run_after=2023-10-03T08:15:41.521480+00:00
[2023-10-03T08:15:41.528+0000] {processor.py:179} INFO - Processing /home/airflow/.local/lib/python3.8/site-packages/airflow/example_dags/example_short_circuit_operator.py took 0.035 seconds
[2023-10-03T08:16:11.979+0000] {processor.py:157} INFO - Started process (PID=373) to work on /home/airflow/.local/lib/python3.8/site-packages/airflow/example_dags/example_short_circuit_operator.py
[2023-10-03T08:16:11.980+0000] {processor.py:829} INFO - Processing file /home/airflow/.local/lib/python3.8/site-packages/airflow/example_dags/example_short_circuit_operator.py for tasks to queue
[2023-10-03T08:16:11.982+0000] {logging_mixin.py:151} INFO - [2023-10-03T08:16:11.981+0000] {dagbag.py:539} INFO - Filling up the DagBag from /home/airflow/.local/lib/python3.8/site-packages/airflow/example_dags/example_short_circuit_operator.py
[2023-10-03T08:16:11.986+0000] {processor.py:839} INFO - DAG(s) dict_keys(['example_short_circuit_operator']) retrieved from /home/airflow/.local/lib/python3.8/site-packages/airflow/example_dags/example_short_circuit_operator.py
[2023-10-03T08:16:11.999+0000] {logging_mixin.py:151} INFO - [2023-10-03T08:16:11.999+0000] {dag.py:2915} INFO - Sync 1 DAGs
[2023-10-03T08:16:12.009+0000] {logging_mixin.py:151} INFO - [2023-10-03T08:16:12.009+0000] {dag.py:3696} INFO - Setting next_dagrun for example_short_circuit_operator to 2023-10-02T08:16:12.009612+00:00, run_after=2023-10-03T08:16:12.009612+00:00
[2023-10-03T08:16:12.020+0000] {processor.py:179} INFO - Processing /home/airflow/.local/lib/python3.8/site-packages/airflow/example_dags/example_short_circuit_operator.py took 0.043 seconds
[2023-10-03T08:16:42.483+0000] {processor.py:157} INFO - Started process (PID=433) to work on /home/airflow/.local/lib/python3.8/site-packages/airflow/example_dags/example_short_circuit_operator.py
[2023-10-03T08:16:42.483+0000] {processor.py:829} INFO - Processing file /home/airflow/.local/lib/python3.8/site-packages/airflow/example_dags/example_short_circuit_operator.py for tasks to queue
[2023-10-03T08:16:42.485+0000] {logging_mixin.py:151} INFO - [2023-10-03T08:16:42.484+0000] {dagbag.py:539} INFO - Filling up the DagBag from /home/airflow/.local/lib/python3.8/site-packages/airflow/example_dags/example_short_circuit_operator.py
[2023-10-03T08:16:42.489+0000] {processor.py:839} INFO - DAG(s) dict_keys(['example_short_circuit_operator']) retrieved from /home/airflow/.local/lib/python3.8/site-packages/airflow/example_dags/example_short_circuit_operator.py
[2023-10-03T08:16:42.500+0000] {logging_mixin.py:151} INFO - [2023-10-03T08:16:42.500+0000] {dag.py:2915} INFO - Sync 1 DAGs
[2023-10-03T08:16:42.510+0000] {logging_mixin.py:151} INFO - [2023-10-03T08:16:42.510+0000] {dag.py:3696} INFO - Setting next_dagrun for example_short_circuit_operator to 2023-10-02T08:16:42.510334+00:00, run_after=2023-10-03T08:16:42.510334+00:00
[2023-10-03T08:16:42.517+0000] {processor.py:179} INFO - Processing /home/airflow/.local/lib/python3.8/site-packages/airflow/example_dags/example_short_circuit_operator.py took 0.036 seconds
[2023-10-03T08:17:12.915+0000] {processor.py:157} INFO - Started process (PID=493) to work on /home/airflow/.local/lib/python3.8/site-packages/airflow/example_dags/example_short_circuit_operator.py
[2023-10-03T08:17:12.916+0000] {processor.py:829} INFO - Processing file /home/airflow/.local/lib/python3.8/site-packages/airflow/example_dags/example_short_circuit_operator.py for tasks to queue
[2023-10-03T08:17:12.917+0000] {logging_mixin.py:151} INFO - [2023-10-03T08:17:12.917+0000] {dagbag.py:539} INFO - Filling up the DagBag from /home/airflow/.local/lib/python3.8/site-packages/airflow/example_dags/example_short_circuit_operator.py
[2023-10-03T08:17:12.921+0000] {processor.py:839} INFO - DAG(s) dict_keys(['example_short_circuit_operator']) retrieved from /home/airflow/.local/lib/python3.8/site-packages/airflow/example_dags/example_short_circuit_operator.py
[2023-10-03T08:17:12.932+0000] {logging_mixin.py:151} INFO - [2023-10-03T08:17:12.932+0000] {dag.py:2915} INFO - Sync 1 DAGs
[2023-10-03T08:17:12.943+0000] {logging_mixin.py:151} INFO - [2023-10-03T08:17:12.943+0000] {dag.py:3696} INFO - Setting next_dagrun for example_short_circuit_operator to 2023-10-02T08:17:12.942959+00:00, run_after=2023-10-03T08:17:12.942959+00:00
[2023-10-03T08:17:12.950+0000] {processor.py:179} INFO - Processing /home/airflow/.local/lib/python3.8/site-packages/airflow/example_dags/example_short_circuit_operator.py took 0.037 seconds
