[2023-10-03T07:43:54.996+0000] {processor.py:157} INFO - Started process (PID=45) to work on /home/airflow/.local/lib/python3.8/site-packages/airflow/example_dags/example_external_task_marker_dag.py
[2023-10-03T07:43:54.997+0000] {processor.py:829} INFO - Processing file /home/airflow/.local/lib/python3.8/site-packages/airflow/example_dags/example_external_task_marker_dag.py for tasks to queue
[2023-10-03T07:43:55.000+0000] {logging_mixin.py:151} INFO - [2023-10-03T07:43:55.000+0000] {dagbag.py:539} INFO - Filling up the DagBag from /home/airflow/.local/lib/python3.8/site-packages/airflow/example_dags/example_external_task_marker_dag.py
[2023-10-03T07:43:55.013+0000] {processor.py:839} INFO - DAG(s) dict_keys(['example_external_task_marker_parent', 'example_external_task_marker_child']) retrieved from /home/airflow/.local/lib/python3.8/site-packages/airflow/example_dags/example_external_task_marker_dag.py
[2023-10-03T07:43:55.064+0000] {logging_mixin.py:151} INFO - [2023-10-03T07:43:55.064+0000] {dag.py:2915} INFO - Sync 2 DAGs
[2023-10-03T07:43:55.087+0000] {logging_mixin.py:151} INFO - [2023-10-03T07:43:55.086+0000] {dag.py:3696} INFO - Setting next_dagrun for example_external_task_marker_child to None, run_after=None
[2023-10-03T07:43:55.095+0000] {logging_mixin.py:151} INFO - [2023-10-03T07:43:55.095+0000] {dag.py:3696} INFO - Setting next_dagrun for example_external_task_marker_parent to None, run_after=None
[2023-10-03T07:43:55.130+0000] {processor.py:179} INFO - Processing /home/airflow/.local/lib/python3.8/site-packages/airflow/example_dags/example_external_task_marker_dag.py took 0.137 seconds
[2023-10-03T07:44:25.385+0000] {processor.py:157} INFO - Started process (PID=104) to work on /home/airflow/.local/lib/python3.8/site-packages/airflow/example_dags/example_external_task_marker_dag.py
[2023-10-03T07:44:25.385+0000] {processor.py:829} INFO - Processing file /home/airflow/.local/lib/python3.8/site-packages/airflow/example_dags/example_external_task_marker_dag.py for tasks to queue
[2023-10-03T07:44:25.387+0000] {logging_mixin.py:151} INFO - [2023-10-03T07:44:25.386+0000] {dagbag.py:539} INFO - Filling up the DagBag from /home/airflow/.local/lib/python3.8/site-packages/airflow/example_dags/example_external_task_marker_dag.py
[2023-10-03T07:44:25.390+0000] {processor.py:839} INFO - DAG(s) dict_keys(['example_external_task_marker_child', 'example_external_task_marker_parent']) retrieved from /home/airflow/.local/lib/python3.8/site-packages/airflow/example_dags/example_external_task_marker_dag.py
[2023-10-03T07:44:25.404+0000] {logging_mixin.py:151} INFO - [2023-10-03T07:44:25.404+0000] {dag.py:2915} INFO - Sync 2 DAGs
[2023-10-03T07:44:25.410+0000] {logging_mixin.py:151} INFO - [2023-10-03T07:44:25.410+0000] {dag.py:3696} INFO - Setting next_dagrun for example_external_task_marker_child to None, run_after=None
[2023-10-03T07:44:25.412+0000] {logging_mixin.py:151} INFO - [2023-10-03T07:44:25.412+0000] {dag.py:3696} INFO - Setting next_dagrun for example_external_task_marker_parent to None, run_after=None
[2023-10-03T07:44:25.419+0000] {processor.py:179} INFO - Processing /home/airflow/.local/lib/python3.8/site-packages/airflow/example_dags/example_external_task_marker_dag.py took 0.036 seconds
[2023-10-03T07:44:55.623+0000] {processor.py:157} INFO - Started process (PID=163) to work on /home/airflow/.local/lib/python3.8/site-packages/airflow/example_dags/example_external_task_marker_dag.py
[2023-10-03T07:44:55.623+0000] {processor.py:829} INFO - Processing file /home/airflow/.local/lib/python3.8/site-packages/airflow/example_dags/example_external_task_marker_dag.py for tasks to queue
[2023-10-03T07:44:55.625+0000] {logging_mixin.py:151} INFO - [2023-10-03T07:44:55.624+0000] {dagbag.py:539} INFO - Filling up the DagBag from /home/airflow/.local/lib/python3.8/site-packages/airflow/example_dags/example_external_task_marker_dag.py
[2023-10-03T07:44:55.628+0000] {processor.py:839} INFO - DAG(s) dict_keys(['example_external_task_marker_parent', 'example_external_task_marker_child']) retrieved from /home/airflow/.local/lib/python3.8/site-packages/airflow/example_dags/example_external_task_marker_dag.py
[2023-10-03T07:44:55.639+0000] {logging_mixin.py:151} INFO - [2023-10-03T07:44:55.639+0000] {dag.py:2915} INFO - Sync 2 DAGs
[2023-10-03T07:44:55.645+0000] {logging_mixin.py:151} INFO - [2023-10-03T07:44:55.645+0000] {dag.py:3696} INFO - Setting next_dagrun for example_external_task_marker_child to None, run_after=None
[2023-10-03T07:44:55.646+0000] {logging_mixin.py:151} INFO - [2023-10-03T07:44:55.646+0000] {dag.py:3696} INFO - Setting next_dagrun for example_external_task_marker_parent to None, run_after=None
[2023-10-03T07:44:55.653+0000] {processor.py:179} INFO - Processing /home/airflow/.local/lib/python3.8/site-packages/airflow/example_dags/example_external_task_marker_dag.py took 0.032 seconds
[2023-10-03T07:45:26.155+0000] {processor.py:157} INFO - Started process (PID=222) to work on /home/airflow/.local/lib/python3.8/site-packages/airflow/example_dags/example_external_task_marker_dag.py
[2023-10-03T07:45:26.156+0000] {processor.py:829} INFO - Processing file /home/airflow/.local/lib/python3.8/site-packages/airflow/example_dags/example_external_task_marker_dag.py for tasks to queue
[2023-10-03T07:45:26.157+0000] {logging_mixin.py:151} INFO - [2023-10-03T07:45:26.157+0000] {dagbag.py:539} INFO - Filling up the DagBag from /home/airflow/.local/lib/python3.8/site-packages/airflow/example_dags/example_external_task_marker_dag.py
[2023-10-03T07:45:26.162+0000] {processor.py:839} INFO - DAG(s) dict_keys(['example_external_task_marker_child', 'example_external_task_marker_parent']) retrieved from /home/airflow/.local/lib/python3.8/site-packages/airflow/example_dags/example_external_task_marker_dag.py
[2023-10-03T07:45:26.176+0000] {logging_mixin.py:151} INFO - [2023-10-03T07:45:26.176+0000] {dag.py:2915} INFO - Sync 2 DAGs
[2023-10-03T07:45:26.182+0000] {logging_mixin.py:151} INFO - [2023-10-03T07:45:26.182+0000] {dag.py:3696} INFO - Setting next_dagrun for example_external_task_marker_child to None, run_after=None
[2023-10-03T07:45:26.184+0000] {logging_mixin.py:151} INFO - [2023-10-03T07:45:26.184+0000] {dag.py:3696} INFO - Setting next_dagrun for example_external_task_marker_parent to None, run_after=None
[2023-10-03T07:45:26.192+0000] {processor.py:179} INFO - Processing /home/airflow/.local/lib/python3.8/site-packages/airflow/example_dags/example_external_task_marker_dag.py took 0.039 seconds
[2023-10-03T07:50:25.572+0000] {processor.py:157} INFO - Started process (PID=46) to work on /home/airflow/.local/lib/python3.8/site-packages/airflow/example_dags/example_external_task_marker_dag.py
[2023-10-03T07:50:25.573+0000] {processor.py:829} INFO - Processing file /home/airflow/.local/lib/python3.8/site-packages/airflow/example_dags/example_external_task_marker_dag.py for tasks to queue
[2023-10-03T07:50:25.575+0000] {logging_mixin.py:151} INFO - [2023-10-03T07:50:25.575+0000] {dagbag.py:539} INFO - Filling up the DagBag from /home/airflow/.local/lib/python3.8/site-packages/airflow/example_dags/example_external_task_marker_dag.py
[2023-10-03T07:50:25.580+0000] {processor.py:839} INFO - DAG(s) dict_keys(['example_external_task_marker_child', 'example_external_task_marker_parent']) retrieved from /home/airflow/.local/lib/python3.8/site-packages/airflow/example_dags/example_external_task_marker_dag.py
[2023-10-03T07:50:25.587+0000] {logging_mixin.py:151} INFO - [2023-10-03T07:50:25.587+0000] {dag.py:2915} INFO - Sync 2 DAGs
[2023-10-03T07:50:25.595+0000] {logging_mixin.py:151} INFO - [2023-10-03T07:50:25.595+0000] {dag.py:3696} INFO - Setting next_dagrun for example_external_task_marker_child to None, run_after=None
[2023-10-03T07:50:25.597+0000] {logging_mixin.py:151} INFO - [2023-10-03T07:50:25.597+0000] {dag.py:3696} INFO - Setting next_dagrun for example_external_task_marker_parent to None, run_after=None
[2023-10-03T07:50:25.605+0000] {processor.py:179} INFO - Processing /home/airflow/.local/lib/python3.8/site-packages/airflow/example_dags/example_external_task_marker_dag.py took 0.037 seconds
[2023-10-03T07:50:55.925+0000] {processor.py:157} INFO - Started process (PID=105) to work on /home/airflow/.local/lib/python3.8/site-packages/airflow/example_dags/example_external_task_marker_dag.py
[2023-10-03T07:50:55.926+0000] {processor.py:829} INFO - Processing file /home/airflow/.local/lib/python3.8/site-packages/airflow/example_dags/example_external_task_marker_dag.py for tasks to queue
[2023-10-03T07:50:55.927+0000] {logging_mixin.py:151} INFO - [2023-10-03T07:50:55.927+0000] {dagbag.py:539} INFO - Filling up the DagBag from /home/airflow/.local/lib/python3.8/site-packages/airflow/example_dags/example_external_task_marker_dag.py
[2023-10-03T07:50:55.932+0000] {processor.py:839} INFO - DAG(s) dict_keys(['example_external_task_marker_child', 'example_external_task_marker_parent']) retrieved from /home/airflow/.local/lib/python3.8/site-packages/airflow/example_dags/example_external_task_marker_dag.py
[2023-10-03T07:50:55.949+0000] {logging_mixin.py:151} INFO - [2023-10-03T07:50:55.949+0000] {dag.py:2915} INFO - Sync 2 DAGs
[2023-10-03T07:50:55.956+0000] {logging_mixin.py:151} INFO - [2023-10-03T07:50:55.956+0000] {dag.py:3696} INFO - Setting next_dagrun for example_external_task_marker_child to None, run_after=None
[2023-10-03T07:50:55.958+0000] {logging_mixin.py:151} INFO - [2023-10-03T07:50:55.958+0000] {dag.py:3696} INFO - Setting next_dagrun for example_external_task_marker_parent to None, run_after=None
[2023-10-03T07:50:55.965+0000] {processor.py:179} INFO - Processing /home/airflow/.local/lib/python3.8/site-packages/airflow/example_dags/example_external_task_marker_dag.py took 0.041 seconds
[2023-10-03T07:51:26.576+0000] {processor.py:157} INFO - Started process (PID=164) to work on /home/airflow/.local/lib/python3.8/site-packages/airflow/example_dags/example_external_task_marker_dag.py
[2023-10-03T07:51:26.577+0000] {processor.py:829} INFO - Processing file /home/airflow/.local/lib/python3.8/site-packages/airflow/example_dags/example_external_task_marker_dag.py for tasks to queue
[2023-10-03T07:51:26.578+0000] {logging_mixin.py:151} INFO - [2023-10-03T07:51:26.578+0000] {dagbag.py:539} INFO - Filling up the DagBag from /home/airflow/.local/lib/python3.8/site-packages/airflow/example_dags/example_external_task_marker_dag.py
[2023-10-03T07:51:26.581+0000] {processor.py:839} INFO - DAG(s) dict_keys(['example_external_task_marker_parent', 'example_external_task_marker_child']) retrieved from /home/airflow/.local/lib/python3.8/site-packages/airflow/example_dags/example_external_task_marker_dag.py
[2023-10-03T07:51:26.593+0000] {logging_mixin.py:151} INFO - [2023-10-03T07:51:26.593+0000] {dag.py:2915} INFO - Sync 2 DAGs
[2023-10-03T07:51:26.599+0000] {logging_mixin.py:151} INFO - [2023-10-03T07:51:26.599+0000] {dag.py:3696} INFO - Setting next_dagrun for example_external_task_marker_child to None, run_after=None
[2023-10-03T07:51:26.601+0000] {logging_mixin.py:151} INFO - [2023-10-03T07:51:26.601+0000] {dag.py:3696} INFO - Setting next_dagrun for example_external_task_marker_parent to None, run_after=None
[2023-10-03T07:51:26.607+0000] {processor.py:179} INFO - Processing /home/airflow/.local/lib/python3.8/site-packages/airflow/example_dags/example_external_task_marker_dag.py took 0.033 seconds
[2023-10-03T07:57:13.625+0000] {processor.py:157} INFO - Started process (PID=46) to work on /home/airflow/.local/lib/python3.8/site-packages/airflow/example_dags/example_external_task_marker_dag.py
[2023-10-03T07:57:13.626+0000] {processor.py:829} INFO - Processing file /home/airflow/.local/lib/python3.8/site-packages/airflow/example_dags/example_external_task_marker_dag.py for tasks to queue
[2023-10-03T07:57:13.628+0000] {logging_mixin.py:151} INFO - [2023-10-03T07:57:13.628+0000] {dagbag.py:539} INFO - Filling up the DagBag from /home/airflow/.local/lib/python3.8/site-packages/airflow/example_dags/example_external_task_marker_dag.py
[2023-10-03T07:57:13.643+0000] {processor.py:839} INFO - DAG(s) dict_keys(['example_external_task_marker_parent', 'example_external_task_marker_child']) retrieved from /home/airflow/.local/lib/python3.8/site-packages/airflow/example_dags/example_external_task_marker_dag.py
[2023-10-03T07:57:13.673+0000] {logging_mixin.py:151} INFO - [2023-10-03T07:57:13.673+0000] {dag.py:2915} INFO - Sync 2 DAGs
[2023-10-03T07:57:13.689+0000] {logging_mixin.py:151} INFO - [2023-10-03T07:57:13.689+0000] {dag.py:3696} INFO - Setting next_dagrun for example_external_task_marker_child to None, run_after=None
[2023-10-03T07:57:13.691+0000] {logging_mixin.py:151} INFO - [2023-10-03T07:57:13.691+0000] {dag.py:3696} INFO - Setting next_dagrun for example_external_task_marker_parent to None, run_after=None
[2023-10-03T07:57:13.703+0000] {processor.py:179} INFO - Processing /home/airflow/.local/lib/python3.8/site-packages/airflow/example_dags/example_external_task_marker_dag.py took 0.081 seconds
[2023-10-03T07:57:44.114+0000] {processor.py:157} INFO - Started process (PID=105) to work on /home/airflow/.local/lib/python3.8/site-packages/airflow/example_dags/example_external_task_marker_dag.py
[2023-10-03T07:57:44.115+0000] {processor.py:829} INFO - Processing file /home/airflow/.local/lib/python3.8/site-packages/airflow/example_dags/example_external_task_marker_dag.py for tasks to queue
[2023-10-03T07:57:44.117+0000] {logging_mixin.py:151} INFO - [2023-10-03T07:57:44.117+0000] {dagbag.py:539} INFO - Filling up the DagBag from /home/airflow/.local/lib/python3.8/site-packages/airflow/example_dags/example_external_task_marker_dag.py
[2023-10-03T07:57:44.123+0000] {processor.py:839} INFO - DAG(s) dict_keys(['example_external_task_marker_child', 'example_external_task_marker_parent']) retrieved from /home/airflow/.local/lib/python3.8/site-packages/airflow/example_dags/example_external_task_marker_dag.py
[2023-10-03T07:57:44.137+0000] {logging_mixin.py:151} INFO - [2023-10-03T07:57:44.137+0000] {dag.py:2915} INFO - Sync 2 DAGs
[2023-10-03T07:57:44.144+0000] {logging_mixin.py:151} INFO - [2023-10-03T07:57:44.143+0000] {dag.py:3696} INFO - Setting next_dagrun for example_external_task_marker_child to None, run_after=None
[2023-10-03T07:57:44.146+0000] {logging_mixin.py:151} INFO - [2023-10-03T07:57:44.145+0000] {dag.py:3696} INFO - Setting next_dagrun for example_external_task_marker_parent to None, run_after=None
[2023-10-03T07:57:44.152+0000] {processor.py:179} INFO - Processing /home/airflow/.local/lib/python3.8/site-packages/airflow/example_dags/example_external_task_marker_dag.py took 0.042 seconds
[2023-10-03T07:58:14.438+0000] {processor.py:157} INFO - Started process (PID=164) to work on /home/airflow/.local/lib/python3.8/site-packages/airflow/example_dags/example_external_task_marker_dag.py
[2023-10-03T07:58:14.439+0000] {processor.py:829} INFO - Processing file /home/airflow/.local/lib/python3.8/site-packages/airflow/example_dags/example_external_task_marker_dag.py for tasks to queue
[2023-10-03T07:58:14.440+0000] {logging_mixin.py:151} INFO - [2023-10-03T07:58:14.440+0000] {dagbag.py:539} INFO - Filling up the DagBag from /home/airflow/.local/lib/python3.8/site-packages/airflow/example_dags/example_external_task_marker_dag.py
[2023-10-03T07:58:14.444+0000] {processor.py:839} INFO - DAG(s) dict_keys(['example_external_task_marker_child', 'example_external_task_marker_parent']) retrieved from /home/airflow/.local/lib/python3.8/site-packages/airflow/example_dags/example_external_task_marker_dag.py
[2023-10-03T07:58:14.456+0000] {logging_mixin.py:151} INFO - [2023-10-03T07:58:14.456+0000] {dag.py:2915} INFO - Sync 2 DAGs
[2023-10-03T07:58:14.463+0000] {logging_mixin.py:151} INFO - [2023-10-03T07:58:14.462+0000] {dag.py:3696} INFO - Setting next_dagrun for example_external_task_marker_child to None, run_after=None
[2023-10-03T07:58:14.464+0000] {logging_mixin.py:151} INFO - [2023-10-03T07:58:14.464+0000] {dag.py:3696} INFO - Setting next_dagrun for example_external_task_marker_parent to None, run_after=None
[2023-10-03T07:58:14.470+0000] {processor.py:179} INFO - Processing /home/airflow/.local/lib/python3.8/site-packages/airflow/example_dags/example_external_task_marker_dag.py took 0.035 seconds
[2023-10-03T07:58:45.680+0000] {processor.py:157} INFO - Started process (PID=223) to work on /home/airflow/.local/lib/python3.8/site-packages/airflow/example_dags/example_external_task_marker_dag.py
[2023-10-03T07:58:45.681+0000] {processor.py:829} INFO - Processing file /home/airflow/.local/lib/python3.8/site-packages/airflow/example_dags/example_external_task_marker_dag.py for tasks to queue
[2023-10-03T07:58:45.682+0000] {logging_mixin.py:151} INFO - [2023-10-03T07:58:45.682+0000] {dagbag.py:539} INFO - Filling up the DagBag from /home/airflow/.local/lib/python3.8/site-packages/airflow/example_dags/example_external_task_marker_dag.py
[2023-10-03T07:58:45.686+0000] {processor.py:839} INFO - DAG(s) dict_keys(['example_external_task_marker_parent', 'example_external_task_marker_child']) retrieved from /home/airflow/.local/lib/python3.8/site-packages/airflow/example_dags/example_external_task_marker_dag.py
[2023-10-03T07:58:45.697+0000] {logging_mixin.py:151} INFO - [2023-10-03T07:58:45.697+0000] {dag.py:2915} INFO - Sync 2 DAGs
[2023-10-03T07:58:45.703+0000] {logging_mixin.py:151} INFO - [2023-10-03T07:58:45.703+0000] {dag.py:3696} INFO - Setting next_dagrun for example_external_task_marker_child to None, run_after=None
[2023-10-03T07:58:45.704+0000] {logging_mixin.py:151} INFO - [2023-10-03T07:58:45.704+0000] {dag.py:3696} INFO - Setting next_dagrun for example_external_task_marker_parent to None, run_after=None
[2023-10-03T07:58:45.711+0000] {processor.py:179} INFO - Processing /home/airflow/.local/lib/python3.8/site-packages/airflow/example_dags/example_external_task_marker_dag.py took 0.033 seconds
[2023-10-03T07:59:16.980+0000] {processor.py:157} INFO - Started process (PID=282) to work on /home/airflow/.local/lib/python3.8/site-packages/airflow/example_dags/example_external_task_marker_dag.py
[2023-10-03T07:59:16.981+0000] {processor.py:829} INFO - Processing file /home/airflow/.local/lib/python3.8/site-packages/airflow/example_dags/example_external_task_marker_dag.py for tasks to queue
[2023-10-03T07:59:16.982+0000] {logging_mixin.py:151} INFO - [2023-10-03T07:59:16.982+0000] {dagbag.py:539} INFO - Filling up the DagBag from /home/airflow/.local/lib/python3.8/site-packages/airflow/example_dags/example_external_task_marker_dag.py
[2023-10-03T07:59:16.986+0000] {processor.py:839} INFO - DAG(s) dict_keys(['example_external_task_marker_child', 'example_external_task_marker_parent']) retrieved from /home/airflow/.local/lib/python3.8/site-packages/airflow/example_dags/example_external_task_marker_dag.py
[2023-10-03T07:59:16.999+0000] {logging_mixin.py:151} INFO - [2023-10-03T07:59:16.998+0000] {dag.py:2915} INFO - Sync 2 DAGs
[2023-10-03T07:59:17.005+0000] {logging_mixin.py:151} INFO - [2023-10-03T07:59:17.005+0000] {dag.py:3696} INFO - Setting next_dagrun for example_external_task_marker_child to None, run_after=None
[2023-10-03T07:59:17.006+0000] {logging_mixin.py:151} INFO - [2023-10-03T07:59:17.006+0000] {dag.py:3696} INFO - Setting next_dagrun for example_external_task_marker_parent to None, run_after=None
[2023-10-03T07:59:17.013+0000] {processor.py:179} INFO - Processing /home/airflow/.local/lib/python3.8/site-packages/airflow/example_dags/example_external_task_marker_dag.py took 0.035 seconds
[2023-10-03T07:59:47.619+0000] {processor.py:157} INFO - Started process (PID=341) to work on /home/airflow/.local/lib/python3.8/site-packages/airflow/example_dags/example_external_task_marker_dag.py
[2023-10-03T07:59:47.620+0000] {processor.py:829} INFO - Processing file /home/airflow/.local/lib/python3.8/site-packages/airflow/example_dags/example_external_task_marker_dag.py for tasks to queue
[2023-10-03T07:59:47.621+0000] {logging_mixin.py:151} INFO - [2023-10-03T07:59:47.621+0000] {dagbag.py:539} INFO - Filling up the DagBag from /home/airflow/.local/lib/python3.8/site-packages/airflow/example_dags/example_external_task_marker_dag.py
[2023-10-03T07:59:47.625+0000] {processor.py:839} INFO - DAG(s) dict_keys(['example_external_task_marker_child', 'example_external_task_marker_parent']) retrieved from /home/airflow/.local/lib/python3.8/site-packages/airflow/example_dags/example_external_task_marker_dag.py
[2023-10-03T07:59:47.637+0000] {logging_mixin.py:151} INFO - [2023-10-03T07:59:47.637+0000] {dag.py:2915} INFO - Sync 2 DAGs
[2023-10-03T07:59:47.642+0000] {logging_mixin.py:151} INFO - [2023-10-03T07:59:47.642+0000] {dag.py:3696} INFO - Setting next_dagrun for example_external_task_marker_child to None, run_after=None
[2023-10-03T07:59:47.644+0000] {logging_mixin.py:151} INFO - [2023-10-03T07:59:47.644+0000] {dag.py:3696} INFO - Setting next_dagrun for example_external_task_marker_parent to None, run_after=None
[2023-10-03T07:59:47.650+0000] {processor.py:179} INFO - Processing /home/airflow/.local/lib/python3.8/site-packages/airflow/example_dags/example_external_task_marker_dag.py took 0.033 seconds
[2023-10-03T08:00:18.920+0000] {processor.py:157} INFO - Started process (PID=400) to work on /home/airflow/.local/lib/python3.8/site-packages/airflow/example_dags/example_external_task_marker_dag.py
[2023-10-03T08:00:18.921+0000] {processor.py:829} INFO - Processing file /home/airflow/.local/lib/python3.8/site-packages/airflow/example_dags/example_external_task_marker_dag.py for tasks to queue
[2023-10-03T08:00:18.922+0000] {logging_mixin.py:151} INFO - [2023-10-03T08:00:18.922+0000] {dagbag.py:539} INFO - Filling up the DagBag from /home/airflow/.local/lib/python3.8/site-packages/airflow/example_dags/example_external_task_marker_dag.py
[2023-10-03T08:00:18.926+0000] {processor.py:839} INFO - DAG(s) dict_keys(['example_external_task_marker_child', 'example_external_task_marker_parent']) retrieved from /home/airflow/.local/lib/python3.8/site-packages/airflow/example_dags/example_external_task_marker_dag.py
[2023-10-03T08:00:18.938+0000] {logging_mixin.py:151} INFO - [2023-10-03T08:00:18.938+0000] {dag.py:2915} INFO - Sync 2 DAGs
[2023-10-03T08:00:18.944+0000] {logging_mixin.py:151} INFO - [2023-10-03T08:00:18.944+0000] {dag.py:3696} INFO - Setting next_dagrun for example_external_task_marker_child to None, run_after=None
[2023-10-03T08:00:18.945+0000] {logging_mixin.py:151} INFO - [2023-10-03T08:00:18.945+0000] {dag.py:3696} INFO - Setting next_dagrun for example_external_task_marker_parent to None, run_after=None
[2023-10-03T08:00:18.952+0000] {processor.py:179} INFO - Processing /home/airflow/.local/lib/python3.8/site-packages/airflow/example_dags/example_external_task_marker_dag.py took 0.033 seconds
[2023-10-03T08:00:50.202+0000] {processor.py:157} INFO - Started process (PID=459) to work on /home/airflow/.local/lib/python3.8/site-packages/airflow/example_dags/example_external_task_marker_dag.py
[2023-10-03T08:00:50.203+0000] {processor.py:829} INFO - Processing file /home/airflow/.local/lib/python3.8/site-packages/airflow/example_dags/example_external_task_marker_dag.py for tasks to queue
[2023-10-03T08:00:50.204+0000] {logging_mixin.py:151} INFO - [2023-10-03T08:00:50.204+0000] {dagbag.py:539} INFO - Filling up the DagBag from /home/airflow/.local/lib/python3.8/site-packages/airflow/example_dags/example_external_task_marker_dag.py
[2023-10-03T08:00:50.207+0000] {processor.py:839} INFO - DAG(s) dict_keys(['example_external_task_marker_child', 'example_external_task_marker_parent']) retrieved from /home/airflow/.local/lib/python3.8/site-packages/airflow/example_dags/example_external_task_marker_dag.py
[2023-10-03T08:00:50.226+0000] {logging_mixin.py:151} INFO - [2023-10-03T08:00:50.225+0000] {dag.py:2915} INFO - Sync 2 DAGs
[2023-10-03T08:00:50.232+0000] {logging_mixin.py:151} INFO - [2023-10-03T08:00:50.231+0000] {dag.py:3696} INFO - Setting next_dagrun for example_external_task_marker_child to None, run_after=None
[2023-10-03T08:00:50.233+0000] {logging_mixin.py:151} INFO - [2023-10-03T08:00:50.233+0000] {dag.py:3696} INFO - Setting next_dagrun for example_external_task_marker_parent to None, run_after=None
[2023-10-03T08:00:50.241+0000] {processor.py:179} INFO - Processing /home/airflow/.local/lib/python3.8/site-packages/airflow/example_dags/example_external_task_marker_dag.py took 0.040 seconds
[2023-10-03T08:01:21.197+0000] {processor.py:157} INFO - Started process (PID=518) to work on /home/airflow/.local/lib/python3.8/site-packages/airflow/example_dags/example_external_task_marker_dag.py
[2023-10-03T08:01:21.198+0000] {processor.py:829} INFO - Processing file /home/airflow/.local/lib/python3.8/site-packages/airflow/example_dags/example_external_task_marker_dag.py for tasks to queue
[2023-10-03T08:01:21.200+0000] {logging_mixin.py:151} INFO - [2023-10-03T08:01:21.200+0000] {dagbag.py:539} INFO - Filling up the DagBag from /home/airflow/.local/lib/python3.8/site-packages/airflow/example_dags/example_external_task_marker_dag.py
[2023-10-03T08:01:21.206+0000] {processor.py:839} INFO - DAG(s) dict_keys(['example_external_task_marker_child', 'example_external_task_marker_parent']) retrieved from /home/airflow/.local/lib/python3.8/site-packages/airflow/example_dags/example_external_task_marker_dag.py
[2023-10-03T08:01:21.220+0000] {logging_mixin.py:151} INFO - [2023-10-03T08:01:21.220+0000] {dag.py:2915} INFO - Sync 2 DAGs
[2023-10-03T08:01:21.226+0000] {logging_mixin.py:151} INFO - [2023-10-03T08:01:21.226+0000] {dag.py:3696} INFO - Setting next_dagrun for example_external_task_marker_child to None, run_after=None
[2023-10-03T08:01:21.228+0000] {logging_mixin.py:151} INFO - [2023-10-03T08:01:21.228+0000] {dag.py:3696} INFO - Setting next_dagrun for example_external_task_marker_parent to None, run_after=None
[2023-10-03T08:01:21.235+0000] {processor.py:179} INFO - Processing /home/airflow/.local/lib/python3.8/site-packages/airflow/example_dags/example_external_task_marker_dag.py took 0.040 seconds
[2023-10-03T08:01:52.276+0000] {processor.py:157} INFO - Started process (PID=577) to work on /home/airflow/.local/lib/python3.8/site-packages/airflow/example_dags/example_external_task_marker_dag.py
[2023-10-03T08:01:52.277+0000] {processor.py:829} INFO - Processing file /home/airflow/.local/lib/python3.8/site-packages/airflow/example_dags/example_external_task_marker_dag.py for tasks to queue
[2023-10-03T08:01:52.278+0000] {logging_mixin.py:151} INFO - [2023-10-03T08:01:52.278+0000] {dagbag.py:539} INFO - Filling up the DagBag from /home/airflow/.local/lib/python3.8/site-packages/airflow/example_dags/example_external_task_marker_dag.py
[2023-10-03T08:01:52.282+0000] {processor.py:839} INFO - DAG(s) dict_keys(['example_external_task_marker_child', 'example_external_task_marker_parent']) retrieved from /home/airflow/.local/lib/python3.8/site-packages/airflow/example_dags/example_external_task_marker_dag.py
[2023-10-03T08:01:52.295+0000] {logging_mixin.py:151} INFO - [2023-10-03T08:01:52.295+0000] {dag.py:2915} INFO - Sync 2 DAGs
[2023-10-03T08:01:52.301+0000] {logging_mixin.py:151} INFO - [2023-10-03T08:01:52.301+0000] {dag.py:3696} INFO - Setting next_dagrun for example_external_task_marker_child to None, run_after=None
[2023-10-03T08:01:52.304+0000] {logging_mixin.py:151} INFO - [2023-10-03T08:01:52.304+0000] {dag.py:3696} INFO - Setting next_dagrun for example_external_task_marker_parent to None, run_after=None
[2023-10-03T08:01:52.312+0000] {processor.py:179} INFO - Processing /home/airflow/.local/lib/python3.8/site-packages/airflow/example_dags/example_external_task_marker_dag.py took 0.037 seconds
[2023-10-03T08:02:22.746+0000] {processor.py:157} INFO - Started process (PID=636) to work on /home/airflow/.local/lib/python3.8/site-packages/airflow/example_dags/example_external_task_marker_dag.py
[2023-10-03T08:02:22.747+0000] {processor.py:829} INFO - Processing file /home/airflow/.local/lib/python3.8/site-packages/airflow/example_dags/example_external_task_marker_dag.py for tasks to queue
[2023-10-03T08:02:22.749+0000] {logging_mixin.py:151} INFO - [2023-10-03T08:02:22.749+0000] {dagbag.py:539} INFO - Filling up the DagBag from /home/airflow/.local/lib/python3.8/site-packages/airflow/example_dags/example_external_task_marker_dag.py
[2023-10-03T08:02:22.755+0000] {processor.py:839} INFO - DAG(s) dict_keys(['example_external_task_marker_parent', 'example_external_task_marker_child']) retrieved from /home/airflow/.local/lib/python3.8/site-packages/airflow/example_dags/example_external_task_marker_dag.py
[2023-10-03T08:02:22.768+0000] {logging_mixin.py:151} INFO - [2023-10-03T08:02:22.768+0000] {dag.py:2915} INFO - Sync 2 DAGs
[2023-10-03T08:02:22.774+0000] {logging_mixin.py:151} INFO - [2023-10-03T08:02:22.774+0000] {dag.py:3696} INFO - Setting next_dagrun for example_external_task_marker_child to None, run_after=None
[2023-10-03T08:02:22.775+0000] {logging_mixin.py:151} INFO - [2023-10-03T08:02:22.775+0000] {dag.py:3696} INFO - Setting next_dagrun for example_external_task_marker_parent to None, run_after=None
[2023-10-03T08:02:22.782+0000] {processor.py:179} INFO - Processing /home/airflow/.local/lib/python3.8/site-packages/airflow/example_dags/example_external_task_marker_dag.py took 0.039 seconds
[2023-10-03T08:02:53.239+0000] {processor.py:157} INFO - Started process (PID=695) to work on /home/airflow/.local/lib/python3.8/site-packages/airflow/example_dags/example_external_task_marker_dag.py
[2023-10-03T08:02:53.240+0000] {processor.py:829} INFO - Processing file /home/airflow/.local/lib/python3.8/site-packages/airflow/example_dags/example_external_task_marker_dag.py for tasks to queue
[2023-10-03T08:02:53.241+0000] {logging_mixin.py:151} INFO - [2023-10-03T08:02:53.241+0000] {dagbag.py:539} INFO - Filling up the DagBag from /home/airflow/.local/lib/python3.8/site-packages/airflow/example_dags/example_external_task_marker_dag.py
[2023-10-03T08:02:53.245+0000] {processor.py:839} INFO - DAG(s) dict_keys(['example_external_task_marker_parent', 'example_external_task_marker_child']) retrieved from /home/airflow/.local/lib/python3.8/site-packages/airflow/example_dags/example_external_task_marker_dag.py
[2023-10-03T08:02:53.257+0000] {logging_mixin.py:151} INFO - [2023-10-03T08:02:53.257+0000] {dag.py:2915} INFO - Sync 2 DAGs
[2023-10-03T08:02:53.263+0000] {logging_mixin.py:151} INFO - [2023-10-03T08:02:53.263+0000] {dag.py:3696} INFO - Setting next_dagrun for example_external_task_marker_child to None, run_after=None
[2023-10-03T08:02:53.265+0000] {logging_mixin.py:151} INFO - [2023-10-03T08:02:53.265+0000] {dag.py:3696} INFO - Setting next_dagrun for example_external_task_marker_parent to None, run_after=None
[2023-10-03T08:02:53.272+0000] {processor.py:179} INFO - Processing /home/airflow/.local/lib/python3.8/site-packages/airflow/example_dags/example_external_task_marker_dag.py took 0.034 seconds
[2023-10-03T08:03:23.520+0000] {processor.py:157} INFO - Started process (PID=754) to work on /home/airflow/.local/lib/python3.8/site-packages/airflow/example_dags/example_external_task_marker_dag.py
[2023-10-03T08:03:23.521+0000] {processor.py:829} INFO - Processing file /home/airflow/.local/lib/python3.8/site-packages/airflow/example_dags/example_external_task_marker_dag.py for tasks to queue
[2023-10-03T08:03:23.522+0000] {logging_mixin.py:151} INFO - [2023-10-03T08:03:23.522+0000] {dagbag.py:539} INFO - Filling up the DagBag from /home/airflow/.local/lib/python3.8/site-packages/airflow/example_dags/example_external_task_marker_dag.py
[2023-10-03T08:03:23.526+0000] {processor.py:839} INFO - DAG(s) dict_keys(['example_external_task_marker_child', 'example_external_task_marker_parent']) retrieved from /home/airflow/.local/lib/python3.8/site-packages/airflow/example_dags/example_external_task_marker_dag.py
[2023-10-03T08:03:23.537+0000] {logging_mixin.py:151} INFO - [2023-10-03T08:03:23.537+0000] {dag.py:2915} INFO - Sync 2 DAGs
[2023-10-03T08:03:23.544+0000] {logging_mixin.py:151} INFO - [2023-10-03T08:03:23.543+0000] {dag.py:3696} INFO - Setting next_dagrun for example_external_task_marker_child to None, run_after=None
[2023-10-03T08:03:23.545+0000] {logging_mixin.py:151} INFO - [2023-10-03T08:03:23.545+0000] {dag.py:3696} INFO - Setting next_dagrun for example_external_task_marker_parent to None, run_after=None
[2023-10-03T08:03:23.552+0000] {processor.py:179} INFO - Processing /home/airflow/.local/lib/python3.8/site-packages/airflow/example_dags/example_external_task_marker_dag.py took 0.034 seconds
[2023-10-03T08:03:53.922+0000] {processor.py:157} INFO - Started process (PID=813) to work on /home/airflow/.local/lib/python3.8/site-packages/airflow/example_dags/example_external_task_marker_dag.py
[2023-10-03T08:03:53.923+0000] {processor.py:829} INFO - Processing file /home/airflow/.local/lib/python3.8/site-packages/airflow/example_dags/example_external_task_marker_dag.py for tasks to queue
[2023-10-03T08:03:53.924+0000] {logging_mixin.py:151} INFO - [2023-10-03T08:03:53.924+0000] {dagbag.py:539} INFO - Filling up the DagBag from /home/airflow/.local/lib/python3.8/site-packages/airflow/example_dags/example_external_task_marker_dag.py
[2023-10-03T08:03:53.930+0000] {processor.py:839} INFO - DAG(s) dict_keys(['example_external_task_marker_parent', 'example_external_task_marker_child']) retrieved from /home/airflow/.local/lib/python3.8/site-packages/airflow/example_dags/example_external_task_marker_dag.py
[2023-10-03T08:03:53.943+0000] {logging_mixin.py:151} INFO - [2023-10-03T08:03:53.943+0000] {dag.py:2915} INFO - Sync 2 DAGs
[2023-10-03T08:03:53.949+0000] {logging_mixin.py:151} INFO - [2023-10-03T08:03:53.949+0000] {dag.py:3696} INFO - Setting next_dagrun for example_external_task_marker_child to None, run_after=None
[2023-10-03T08:03:53.950+0000] {logging_mixin.py:151} INFO - [2023-10-03T08:03:53.950+0000] {dag.py:3696} INFO - Setting next_dagrun for example_external_task_marker_parent to None, run_after=None
[2023-10-03T08:03:53.957+0000] {processor.py:179} INFO - Processing /home/airflow/.local/lib/python3.8/site-packages/airflow/example_dags/example_external_task_marker_dag.py took 0.037 seconds
[2023-10-03T08:04:24.300+0000] {processor.py:157} INFO - Started process (PID=872) to work on /home/airflow/.local/lib/python3.8/site-packages/airflow/example_dags/example_external_task_marker_dag.py
[2023-10-03T08:04:24.300+0000] {processor.py:829} INFO - Processing file /home/airflow/.local/lib/python3.8/site-packages/airflow/example_dags/example_external_task_marker_dag.py for tasks to queue
[2023-10-03T08:04:24.301+0000] {logging_mixin.py:151} INFO - [2023-10-03T08:04:24.301+0000] {dagbag.py:539} INFO - Filling up the DagBag from /home/airflow/.local/lib/python3.8/site-packages/airflow/example_dags/example_external_task_marker_dag.py
[2023-10-03T08:04:24.305+0000] {processor.py:839} INFO - DAG(s) dict_keys(['example_external_task_marker_parent', 'example_external_task_marker_child']) retrieved from /home/airflow/.local/lib/python3.8/site-packages/airflow/example_dags/example_external_task_marker_dag.py
[2023-10-03T08:04:24.318+0000] {logging_mixin.py:151} INFO - [2023-10-03T08:04:24.318+0000] {dag.py:2915} INFO - Sync 2 DAGs
[2023-10-03T08:04:24.324+0000] {logging_mixin.py:151} INFO - [2023-10-03T08:04:24.324+0000] {dag.py:3696} INFO - Setting next_dagrun for example_external_task_marker_child to None, run_after=None
[2023-10-03T08:04:24.326+0000] {logging_mixin.py:151} INFO - [2023-10-03T08:04:24.326+0000] {dag.py:3696} INFO - Setting next_dagrun for example_external_task_marker_parent to None, run_after=None
[2023-10-03T08:04:24.333+0000] {processor.py:179} INFO - Processing /home/airflow/.local/lib/python3.8/site-packages/airflow/example_dags/example_external_task_marker_dag.py took 0.035 seconds
[2023-10-03T08:04:55.074+0000] {processor.py:157} INFO - Started process (PID=931) to work on /home/airflow/.local/lib/python3.8/site-packages/airflow/example_dags/example_external_task_marker_dag.py
[2023-10-03T08:04:55.075+0000] {processor.py:829} INFO - Processing file /home/airflow/.local/lib/python3.8/site-packages/airflow/example_dags/example_external_task_marker_dag.py for tasks to queue
[2023-10-03T08:04:55.076+0000] {logging_mixin.py:151} INFO - [2023-10-03T08:04:55.076+0000] {dagbag.py:539} INFO - Filling up the DagBag from /home/airflow/.local/lib/python3.8/site-packages/airflow/example_dags/example_external_task_marker_dag.py
[2023-10-03T08:04:55.080+0000] {processor.py:839} INFO - DAG(s) dict_keys(['example_external_task_marker_parent', 'example_external_task_marker_child']) retrieved from /home/airflow/.local/lib/python3.8/site-packages/airflow/example_dags/example_external_task_marker_dag.py
[2023-10-03T08:04:55.092+0000] {logging_mixin.py:151} INFO - [2023-10-03T08:04:55.092+0000] {dag.py:2915} INFO - Sync 2 DAGs
[2023-10-03T08:04:55.098+0000] {logging_mixin.py:151} INFO - [2023-10-03T08:04:55.098+0000] {dag.py:3696} INFO - Setting next_dagrun for example_external_task_marker_child to None, run_after=None
[2023-10-03T08:04:55.099+0000] {logging_mixin.py:151} INFO - [2023-10-03T08:04:55.099+0000] {dag.py:3696} INFO - Setting next_dagrun for example_external_task_marker_parent to None, run_after=None
[2023-10-03T08:04:55.106+0000] {processor.py:179} INFO - Processing /home/airflow/.local/lib/python3.8/site-packages/airflow/example_dags/example_external_task_marker_dag.py took 0.033 seconds
[2023-10-03T08:05:26.103+0000] {processor.py:157} INFO - Started process (PID=990) to work on /home/airflow/.local/lib/python3.8/site-packages/airflow/example_dags/example_external_task_marker_dag.py
[2023-10-03T08:05:26.104+0000] {processor.py:829} INFO - Processing file /home/airflow/.local/lib/python3.8/site-packages/airflow/example_dags/example_external_task_marker_dag.py for tasks to queue
[2023-10-03T08:05:26.105+0000] {logging_mixin.py:151} INFO - [2023-10-03T08:05:26.105+0000] {dagbag.py:539} INFO - Filling up the DagBag from /home/airflow/.local/lib/python3.8/site-packages/airflow/example_dags/example_external_task_marker_dag.py
[2023-10-03T08:05:26.108+0000] {processor.py:839} INFO - DAG(s) dict_keys(['example_external_task_marker_child', 'example_external_task_marker_parent']) retrieved from /home/airflow/.local/lib/python3.8/site-packages/airflow/example_dags/example_external_task_marker_dag.py
[2023-10-03T08:05:26.121+0000] {logging_mixin.py:151} INFO - [2023-10-03T08:05:26.120+0000] {dag.py:2915} INFO - Sync 2 DAGs
[2023-10-03T08:05:26.126+0000] {logging_mixin.py:151} INFO - [2023-10-03T08:05:26.126+0000] {dag.py:3696} INFO - Setting next_dagrun for example_external_task_marker_child to None, run_after=None
[2023-10-03T08:05:26.128+0000] {logging_mixin.py:151} INFO - [2023-10-03T08:05:26.128+0000] {dag.py:3696} INFO - Setting next_dagrun for example_external_task_marker_parent to None, run_after=None
[2023-10-03T08:05:26.135+0000] {processor.py:179} INFO - Processing /home/airflow/.local/lib/python3.8/site-packages/airflow/example_dags/example_external_task_marker_dag.py took 0.034 seconds
[2023-10-03T08:05:56.348+0000] {processor.py:157} INFO - Started process (PID=1049) to work on /home/airflow/.local/lib/python3.8/site-packages/airflow/example_dags/example_external_task_marker_dag.py
[2023-10-03T08:05:56.348+0000] {processor.py:829} INFO - Processing file /home/airflow/.local/lib/python3.8/site-packages/airflow/example_dags/example_external_task_marker_dag.py for tasks to queue
[2023-10-03T08:05:56.349+0000] {logging_mixin.py:151} INFO - [2023-10-03T08:05:56.349+0000] {dagbag.py:539} INFO - Filling up the DagBag from /home/airflow/.local/lib/python3.8/site-packages/airflow/example_dags/example_external_task_marker_dag.py
[2023-10-03T08:05:56.353+0000] {processor.py:839} INFO - DAG(s) dict_keys(['example_external_task_marker_parent', 'example_external_task_marker_child']) retrieved from /home/airflow/.local/lib/python3.8/site-packages/airflow/example_dags/example_external_task_marker_dag.py
[2023-10-03T08:05:56.364+0000] {logging_mixin.py:151} INFO - [2023-10-03T08:05:56.364+0000] {dag.py:2915} INFO - Sync 2 DAGs
[2023-10-03T08:05:56.370+0000] {logging_mixin.py:151} INFO - [2023-10-03T08:05:56.369+0000] {dag.py:3696} INFO - Setting next_dagrun for example_external_task_marker_child to None, run_after=None
[2023-10-03T08:05:56.371+0000] {logging_mixin.py:151} INFO - [2023-10-03T08:05:56.371+0000] {dag.py:3696} INFO - Setting next_dagrun for example_external_task_marker_parent to None, run_after=None
[2023-10-03T08:05:56.378+0000] {processor.py:179} INFO - Processing /home/airflow/.local/lib/python3.8/site-packages/airflow/example_dags/example_external_task_marker_dag.py took 0.032 seconds
[2023-10-03T08:06:26.608+0000] {processor.py:157} INFO - Started process (PID=1108) to work on /home/airflow/.local/lib/python3.8/site-packages/airflow/example_dags/example_external_task_marker_dag.py
[2023-10-03T08:06:26.609+0000] {processor.py:829} INFO - Processing file /home/airflow/.local/lib/python3.8/site-packages/airflow/example_dags/example_external_task_marker_dag.py for tasks to queue
[2023-10-03T08:06:26.612+0000] {logging_mixin.py:151} INFO - [2023-10-03T08:06:26.612+0000] {dagbag.py:539} INFO - Filling up the DagBag from /home/airflow/.local/lib/python3.8/site-packages/airflow/example_dags/example_external_task_marker_dag.py
[2023-10-03T08:06:26.616+0000] {processor.py:839} INFO - DAG(s) dict_keys(['example_external_task_marker_parent', 'example_external_task_marker_child']) retrieved from /home/airflow/.local/lib/python3.8/site-packages/airflow/example_dags/example_external_task_marker_dag.py
[2023-10-03T08:06:26.628+0000] {logging_mixin.py:151} INFO - [2023-10-03T08:06:26.628+0000] {dag.py:2915} INFO - Sync 2 DAGs
[2023-10-03T08:06:26.634+0000] {logging_mixin.py:151} INFO - [2023-10-03T08:06:26.634+0000] {dag.py:3696} INFO - Setting next_dagrun for example_external_task_marker_child to None, run_after=None
[2023-10-03T08:06:26.636+0000] {logging_mixin.py:151} INFO - [2023-10-03T08:06:26.636+0000] {dag.py:3696} INFO - Setting next_dagrun for example_external_task_marker_parent to None, run_after=None
[2023-10-03T08:06:26.643+0000] {processor.py:179} INFO - Processing /home/airflow/.local/lib/python3.8/site-packages/airflow/example_dags/example_external_task_marker_dag.py took 0.036 seconds
[2023-10-03T08:06:57.664+0000] {processor.py:157} INFO - Started process (PID=1167) to work on /home/airflow/.local/lib/python3.8/site-packages/airflow/example_dags/example_external_task_marker_dag.py
[2023-10-03T08:06:57.665+0000] {processor.py:829} INFO - Processing file /home/airflow/.local/lib/python3.8/site-packages/airflow/example_dags/example_external_task_marker_dag.py for tasks to queue
[2023-10-03T08:06:57.667+0000] {logging_mixin.py:151} INFO - [2023-10-03T08:06:57.666+0000] {dagbag.py:539} INFO - Filling up the DagBag from /home/airflow/.local/lib/python3.8/site-packages/airflow/example_dags/example_external_task_marker_dag.py
[2023-10-03T08:06:57.670+0000] {processor.py:839} INFO - DAG(s) dict_keys(['example_external_task_marker_parent', 'example_external_task_marker_child']) retrieved from /home/airflow/.local/lib/python3.8/site-packages/airflow/example_dags/example_external_task_marker_dag.py
[2023-10-03T08:06:57.682+0000] {logging_mixin.py:151} INFO - [2023-10-03T08:06:57.682+0000] {dag.py:2915} INFO - Sync 2 DAGs
[2023-10-03T08:06:57.688+0000] {logging_mixin.py:151} INFO - [2023-10-03T08:06:57.688+0000] {dag.py:3696} INFO - Setting next_dagrun for example_external_task_marker_child to None, run_after=None
[2023-10-03T08:06:57.689+0000] {logging_mixin.py:151} INFO - [2023-10-03T08:06:57.689+0000] {dag.py:3696} INFO - Setting next_dagrun for example_external_task_marker_parent to None, run_after=None
[2023-10-03T08:06:57.696+0000] {processor.py:179} INFO - Processing /home/airflow/.local/lib/python3.8/site-packages/airflow/example_dags/example_external_task_marker_dag.py took 0.033 seconds
[2023-10-03T08:07:28.469+0000] {processor.py:157} INFO - Started process (PID=1226) to work on /home/airflow/.local/lib/python3.8/site-packages/airflow/example_dags/example_external_task_marker_dag.py
[2023-10-03T08:07:28.470+0000] {processor.py:829} INFO - Processing file /home/airflow/.local/lib/python3.8/site-packages/airflow/example_dags/example_external_task_marker_dag.py for tasks to queue
[2023-10-03T08:07:28.471+0000] {logging_mixin.py:151} INFO - [2023-10-03T08:07:28.471+0000] {dagbag.py:539} INFO - Filling up the DagBag from /home/airflow/.local/lib/python3.8/site-packages/airflow/example_dags/example_external_task_marker_dag.py
[2023-10-03T08:07:28.475+0000] {processor.py:839} INFO - DAG(s) dict_keys(['example_external_task_marker_parent', 'example_external_task_marker_child']) retrieved from /home/airflow/.local/lib/python3.8/site-packages/airflow/example_dags/example_external_task_marker_dag.py
[2023-10-03T08:07:28.487+0000] {logging_mixin.py:151} INFO - [2023-10-03T08:07:28.487+0000] {dag.py:2915} INFO - Sync 2 DAGs
[2023-10-03T08:07:28.494+0000] {logging_mixin.py:151} INFO - [2023-10-03T08:07:28.494+0000] {dag.py:3696} INFO - Setting next_dagrun for example_external_task_marker_child to None, run_after=None
[2023-10-03T08:07:28.495+0000] {logging_mixin.py:151} INFO - [2023-10-03T08:07:28.495+0000] {dag.py:3696} INFO - Setting next_dagrun for example_external_task_marker_parent to None, run_after=None
[2023-10-03T08:07:28.502+0000] {processor.py:179} INFO - Processing /home/airflow/.local/lib/python3.8/site-packages/airflow/example_dags/example_external_task_marker_dag.py took 0.035 seconds
[2023-10-03T08:07:58.916+0000] {processor.py:157} INFO - Started process (PID=1285) to work on /home/airflow/.local/lib/python3.8/site-packages/airflow/example_dags/example_external_task_marker_dag.py
[2023-10-03T08:07:58.917+0000] {processor.py:829} INFO - Processing file /home/airflow/.local/lib/python3.8/site-packages/airflow/example_dags/example_external_task_marker_dag.py for tasks to queue
[2023-10-03T08:07:58.918+0000] {logging_mixin.py:151} INFO - [2023-10-03T08:07:58.918+0000] {dagbag.py:539} INFO - Filling up the DagBag from /home/airflow/.local/lib/python3.8/site-packages/airflow/example_dags/example_external_task_marker_dag.py
[2023-10-03T08:07:58.922+0000] {processor.py:839} INFO - DAG(s) dict_keys(['example_external_task_marker_child', 'example_external_task_marker_parent']) retrieved from /home/airflow/.local/lib/python3.8/site-packages/airflow/example_dags/example_external_task_marker_dag.py
[2023-10-03T08:07:58.943+0000] {logging_mixin.py:151} INFO - [2023-10-03T08:07:58.943+0000] {dag.py:2915} INFO - Sync 2 DAGs
[2023-10-03T08:07:58.950+0000] {logging_mixin.py:151} INFO - [2023-10-03T08:07:58.950+0000] {dag.py:3696} INFO - Setting next_dagrun for example_external_task_marker_child to None, run_after=None
[2023-10-03T08:07:58.952+0000] {logging_mixin.py:151} INFO - [2023-10-03T08:07:58.952+0000] {dag.py:3696} INFO - Setting next_dagrun for example_external_task_marker_parent to None, run_after=None
[2023-10-03T08:07:58.958+0000] {processor.py:179} INFO - Processing /home/airflow/.local/lib/python3.8/site-packages/airflow/example_dags/example_external_task_marker_dag.py took 0.044 seconds
[2023-10-03T08:08:29.352+0000] {processor.py:157} INFO - Started process (PID=1344) to work on /home/airflow/.local/lib/python3.8/site-packages/airflow/example_dags/example_external_task_marker_dag.py
[2023-10-03T08:08:29.353+0000] {processor.py:829} INFO - Processing file /home/airflow/.local/lib/python3.8/site-packages/airflow/example_dags/example_external_task_marker_dag.py for tasks to queue
[2023-10-03T08:08:29.354+0000] {logging_mixin.py:151} INFO - [2023-10-03T08:08:29.354+0000] {dagbag.py:539} INFO - Filling up the DagBag from /home/airflow/.local/lib/python3.8/site-packages/airflow/example_dags/example_external_task_marker_dag.py
[2023-10-03T08:08:29.357+0000] {processor.py:839} INFO - DAG(s) dict_keys(['example_external_task_marker_parent', 'example_external_task_marker_child']) retrieved from /home/airflow/.local/lib/python3.8/site-packages/airflow/example_dags/example_external_task_marker_dag.py
[2023-10-03T08:08:29.370+0000] {logging_mixin.py:151} INFO - [2023-10-03T08:08:29.369+0000] {dag.py:2915} INFO - Sync 2 DAGs
[2023-10-03T08:08:29.375+0000] {logging_mixin.py:151} INFO - [2023-10-03T08:08:29.375+0000] {dag.py:3696} INFO - Setting next_dagrun for example_external_task_marker_child to None, run_after=None
[2023-10-03T08:08:29.377+0000] {logging_mixin.py:151} INFO - [2023-10-03T08:08:29.377+0000] {dag.py:3696} INFO - Setting next_dagrun for example_external_task_marker_parent to None, run_after=None
[2023-10-03T08:08:29.384+0000] {processor.py:179} INFO - Processing /home/airflow/.local/lib/python3.8/site-packages/airflow/example_dags/example_external_task_marker_dag.py took 0.034 seconds
[2023-10-03T08:08:59.651+0000] {processor.py:157} INFO - Started process (PID=1403) to work on /home/airflow/.local/lib/python3.8/site-packages/airflow/example_dags/example_external_task_marker_dag.py
[2023-10-03T08:08:59.651+0000] {processor.py:829} INFO - Processing file /home/airflow/.local/lib/python3.8/site-packages/airflow/example_dags/example_external_task_marker_dag.py for tasks to queue
[2023-10-03T08:08:59.652+0000] {logging_mixin.py:151} INFO - [2023-10-03T08:08:59.652+0000] {dagbag.py:539} INFO - Filling up the DagBag from /home/airflow/.local/lib/python3.8/site-packages/airflow/example_dags/example_external_task_marker_dag.py
[2023-10-03T08:08:59.656+0000] {processor.py:839} INFO - DAG(s) dict_keys(['example_external_task_marker_parent', 'example_external_task_marker_child']) retrieved from /home/airflow/.local/lib/python3.8/site-packages/airflow/example_dags/example_external_task_marker_dag.py
[2023-10-03T08:08:59.667+0000] {logging_mixin.py:151} INFO - [2023-10-03T08:08:59.667+0000] {dag.py:2915} INFO - Sync 2 DAGs
[2023-10-03T08:08:59.673+0000] {logging_mixin.py:151} INFO - [2023-10-03T08:08:59.673+0000] {dag.py:3696} INFO - Setting next_dagrun for example_external_task_marker_child to None, run_after=None
[2023-10-03T08:08:59.674+0000] {logging_mixin.py:151} INFO - [2023-10-03T08:08:59.674+0000] {dag.py:3696} INFO - Setting next_dagrun for example_external_task_marker_parent to None, run_after=None
[2023-10-03T08:08:59.680+0000] {processor.py:179} INFO - Processing /home/airflow/.local/lib/python3.8/site-packages/airflow/example_dags/example_external_task_marker_dag.py took 0.031 seconds
[2023-10-03T08:09:30.211+0000] {processor.py:157} INFO - Started process (PID=1462) to work on /home/airflow/.local/lib/python3.8/site-packages/airflow/example_dags/example_external_task_marker_dag.py
[2023-10-03T08:09:30.212+0000] {processor.py:829} INFO - Processing file /home/airflow/.local/lib/python3.8/site-packages/airflow/example_dags/example_external_task_marker_dag.py for tasks to queue
[2023-10-03T08:09:30.213+0000] {logging_mixin.py:151} INFO - [2023-10-03T08:09:30.213+0000] {dagbag.py:539} INFO - Filling up the DagBag from /home/airflow/.local/lib/python3.8/site-packages/airflow/example_dags/example_external_task_marker_dag.py
[2023-10-03T08:09:30.217+0000] {processor.py:839} INFO - DAG(s) dict_keys(['example_external_task_marker_parent', 'example_external_task_marker_child']) retrieved from /home/airflow/.local/lib/python3.8/site-packages/airflow/example_dags/example_external_task_marker_dag.py
[2023-10-03T08:09:30.230+0000] {logging_mixin.py:151} INFO - [2023-10-03T08:09:30.230+0000] {dag.py:2915} INFO - Sync 2 DAGs
[2023-10-03T08:09:30.236+0000] {logging_mixin.py:151} INFO - [2023-10-03T08:09:30.236+0000] {dag.py:3696} INFO - Setting next_dagrun for example_external_task_marker_child to None, run_after=None
[2023-10-03T08:09:30.238+0000] {logging_mixin.py:151} INFO - [2023-10-03T08:09:30.238+0000] {dag.py:3696} INFO - Setting next_dagrun for example_external_task_marker_parent to None, run_after=None
[2023-10-03T08:09:30.246+0000] {processor.py:179} INFO - Processing /home/airflow/.local/lib/python3.8/site-packages/airflow/example_dags/example_external_task_marker_dag.py took 0.037 seconds
[2023-10-03T08:10:00.754+0000] {processor.py:157} INFO - Started process (PID=1521) to work on /home/airflow/.local/lib/python3.8/site-packages/airflow/example_dags/example_external_task_marker_dag.py
[2023-10-03T08:10:00.754+0000] {processor.py:829} INFO - Processing file /home/airflow/.local/lib/python3.8/site-packages/airflow/example_dags/example_external_task_marker_dag.py for tasks to queue
[2023-10-03T08:10:00.756+0000] {logging_mixin.py:151} INFO - [2023-10-03T08:10:00.755+0000] {dagbag.py:539} INFO - Filling up the DagBag from /home/airflow/.local/lib/python3.8/site-packages/airflow/example_dags/example_external_task_marker_dag.py
[2023-10-03T08:10:00.759+0000] {processor.py:839} INFO - DAG(s) dict_keys(['example_external_task_marker_parent', 'example_external_task_marker_child']) retrieved from /home/airflow/.local/lib/python3.8/site-packages/airflow/example_dags/example_external_task_marker_dag.py
[2023-10-03T08:10:00.765+0000] {logging_mixin.py:151} INFO - [2023-10-03T08:10:00.765+0000] {dag.py:2915} INFO - Sync 2 DAGs
[2023-10-03T08:10:00.772+0000] {logging_mixin.py:151} INFO - [2023-10-03T08:10:00.772+0000] {dag.py:3696} INFO - Setting next_dagrun for example_external_task_marker_child to None, run_after=None
[2023-10-03T08:10:00.774+0000] {logging_mixin.py:151} INFO - [2023-10-03T08:10:00.774+0000] {dag.py:3696} INFO - Setting next_dagrun for example_external_task_marker_parent to None, run_after=None
[2023-10-03T08:10:00.781+0000] {processor.py:179} INFO - Processing /home/airflow/.local/lib/python3.8/site-packages/airflow/example_dags/example_external_task_marker_dag.py took 0.030 seconds
[2023-10-03T08:10:31.721+0000] {processor.py:157} INFO - Started process (PID=1580) to work on /home/airflow/.local/lib/python3.8/site-packages/airflow/example_dags/example_external_task_marker_dag.py
[2023-10-03T08:10:31.722+0000] {processor.py:829} INFO - Processing file /home/airflow/.local/lib/python3.8/site-packages/airflow/example_dags/example_external_task_marker_dag.py for tasks to queue
[2023-10-03T08:10:31.723+0000] {logging_mixin.py:151} INFO - [2023-10-03T08:10:31.723+0000] {dagbag.py:539} INFO - Filling up the DagBag from /home/airflow/.local/lib/python3.8/site-packages/airflow/example_dags/example_external_task_marker_dag.py
[2023-10-03T08:10:31.727+0000] {processor.py:839} INFO - DAG(s) dict_keys(['example_external_task_marker_child', 'example_external_task_marker_parent']) retrieved from /home/airflow/.local/lib/python3.8/site-packages/airflow/example_dags/example_external_task_marker_dag.py
[2023-10-03T08:10:31.739+0000] {logging_mixin.py:151} INFO - [2023-10-03T08:10:31.739+0000] {dag.py:2915} INFO - Sync 2 DAGs
[2023-10-03T08:10:31.745+0000] {logging_mixin.py:151} INFO - [2023-10-03T08:10:31.745+0000] {dag.py:3696} INFO - Setting next_dagrun for example_external_task_marker_child to None, run_after=None
[2023-10-03T08:10:31.746+0000] {logging_mixin.py:151} INFO - [2023-10-03T08:10:31.746+0000] {dag.py:3696} INFO - Setting next_dagrun for example_external_task_marker_parent to None, run_after=None
[2023-10-03T08:10:31.753+0000] {processor.py:179} INFO - Processing /home/airflow/.local/lib/python3.8/site-packages/airflow/example_dags/example_external_task_marker_dag.py took 0.033 seconds
[2023-10-03T08:11:02.222+0000] {processor.py:157} INFO - Started process (PID=1639) to work on /home/airflow/.local/lib/python3.8/site-packages/airflow/example_dags/example_external_task_marker_dag.py
[2023-10-03T08:11:02.223+0000] {processor.py:829} INFO - Processing file /home/airflow/.local/lib/python3.8/site-packages/airflow/example_dags/example_external_task_marker_dag.py for tasks to queue
[2023-10-03T08:11:02.224+0000] {logging_mixin.py:151} INFO - [2023-10-03T08:11:02.224+0000] {dagbag.py:539} INFO - Filling up the DagBag from /home/airflow/.local/lib/python3.8/site-packages/airflow/example_dags/example_external_task_marker_dag.py
[2023-10-03T08:11:02.228+0000] {processor.py:839} INFO - DAG(s) dict_keys(['example_external_task_marker_child', 'example_external_task_marker_parent']) retrieved from /home/airflow/.local/lib/python3.8/site-packages/airflow/example_dags/example_external_task_marker_dag.py
[2023-10-03T08:11:02.241+0000] {logging_mixin.py:151} INFO - [2023-10-03T08:11:02.241+0000] {dag.py:2915} INFO - Sync 2 DAGs
[2023-10-03T08:11:02.247+0000] {logging_mixin.py:151} INFO - [2023-10-03T08:11:02.247+0000] {dag.py:3696} INFO - Setting next_dagrun for example_external_task_marker_child to None, run_after=None
[2023-10-03T08:11:02.249+0000] {logging_mixin.py:151} INFO - [2023-10-03T08:11:02.248+0000] {dag.py:3696} INFO - Setting next_dagrun for example_external_task_marker_parent to None, run_after=None
[2023-10-03T08:11:02.256+0000] {processor.py:179} INFO - Processing /home/airflow/.local/lib/python3.8/site-packages/airflow/example_dags/example_external_task_marker_dag.py took 0.036 seconds
[2023-10-03T08:11:32.515+0000] {processor.py:157} INFO - Started process (PID=1698) to work on /home/airflow/.local/lib/python3.8/site-packages/airflow/example_dags/example_external_task_marker_dag.py
[2023-10-03T08:11:32.516+0000] {processor.py:829} INFO - Processing file /home/airflow/.local/lib/python3.8/site-packages/airflow/example_dags/example_external_task_marker_dag.py for tasks to queue
[2023-10-03T08:11:32.517+0000] {logging_mixin.py:151} INFO - [2023-10-03T08:11:32.517+0000] {dagbag.py:539} INFO - Filling up the DagBag from /home/airflow/.local/lib/python3.8/site-packages/airflow/example_dags/example_external_task_marker_dag.py
[2023-10-03T08:11:32.520+0000] {processor.py:839} INFO - DAG(s) dict_keys(['example_external_task_marker_child', 'example_external_task_marker_parent']) retrieved from /home/airflow/.local/lib/python3.8/site-packages/airflow/example_dags/example_external_task_marker_dag.py
[2023-10-03T08:11:32.532+0000] {logging_mixin.py:151} INFO - [2023-10-03T08:11:32.532+0000] {dag.py:2915} INFO - Sync 2 DAGs
[2023-10-03T08:11:32.537+0000] {logging_mixin.py:151} INFO - [2023-10-03T08:11:32.537+0000] {dag.py:3696} INFO - Setting next_dagrun for example_external_task_marker_child to None, run_after=None
[2023-10-03T08:11:32.539+0000] {logging_mixin.py:151} INFO - [2023-10-03T08:11:32.539+0000] {dag.py:3696} INFO - Setting next_dagrun for example_external_task_marker_parent to None, run_after=None
[2023-10-03T08:11:32.545+0000] {processor.py:179} INFO - Processing /home/airflow/.local/lib/python3.8/site-packages/airflow/example_dags/example_external_task_marker_dag.py took 0.032 seconds
[2023-10-03T08:12:03.052+0000] {processor.py:157} INFO - Started process (PID=1757) to work on /home/airflow/.local/lib/python3.8/site-packages/airflow/example_dags/example_external_task_marker_dag.py
[2023-10-03T08:12:03.058+0000] {processor.py:829} INFO - Processing file /home/airflow/.local/lib/python3.8/site-packages/airflow/example_dags/example_external_task_marker_dag.py for tasks to queue
[2023-10-03T08:12:03.067+0000] {logging_mixin.py:151} INFO - [2023-10-03T08:12:03.066+0000] {dagbag.py:539} INFO - Filling up the DagBag from /home/airflow/.local/lib/python3.8/site-packages/airflow/example_dags/example_external_task_marker_dag.py
[2023-10-03T08:12:03.078+0000] {processor.py:839} INFO - DAG(s) dict_keys(['example_external_task_marker_parent', 'example_external_task_marker_child']) retrieved from /home/airflow/.local/lib/python3.8/site-packages/airflow/example_dags/example_external_task_marker_dag.py
[2023-10-03T08:12:03.122+0000] {logging_mixin.py:151} INFO - [2023-10-03T08:12:03.122+0000] {dag.py:2915} INFO - Sync 2 DAGs
[2023-10-03T08:12:03.137+0000] {logging_mixin.py:151} INFO - [2023-10-03T08:12:03.137+0000] {dag.py:3696} INFO - Setting next_dagrun for example_external_task_marker_child to None, run_after=None
[2023-10-03T08:12:03.139+0000] {logging_mixin.py:151} INFO - [2023-10-03T08:12:03.139+0000] {dag.py:3696} INFO - Setting next_dagrun for example_external_task_marker_parent to None, run_after=None
[2023-10-03T08:12:03.148+0000] {processor.py:179} INFO - Processing /home/airflow/.local/lib/python3.8/site-packages/airflow/example_dags/example_external_task_marker_dag.py took 0.108 seconds
[2023-10-03T08:12:33.326+0000] {processor.py:157} INFO - Started process (PID=1818) to work on /home/airflow/.local/lib/python3.8/site-packages/airflow/example_dags/example_external_task_marker_dag.py
[2023-10-03T08:12:33.327+0000] {processor.py:829} INFO - Processing file /home/airflow/.local/lib/python3.8/site-packages/airflow/example_dags/example_external_task_marker_dag.py for tasks to queue
[2023-10-03T08:12:33.328+0000] {logging_mixin.py:151} INFO - [2023-10-03T08:12:33.328+0000] {dagbag.py:539} INFO - Filling up the DagBag from /home/airflow/.local/lib/python3.8/site-packages/airflow/example_dags/example_external_task_marker_dag.py
[2023-10-03T08:12:33.333+0000] {processor.py:839} INFO - DAG(s) dict_keys(['example_external_task_marker_parent', 'example_external_task_marker_child']) retrieved from /home/airflow/.local/lib/python3.8/site-packages/airflow/example_dags/example_external_task_marker_dag.py
[2023-10-03T08:12:33.346+0000] {logging_mixin.py:151} INFO - [2023-10-03T08:12:33.346+0000] {dag.py:2915} INFO - Sync 2 DAGs
[2023-10-03T08:12:33.353+0000] {logging_mixin.py:151} INFO - [2023-10-03T08:12:33.353+0000] {dag.py:3696} INFO - Setting next_dagrun for example_external_task_marker_child to None, run_after=None
[2023-10-03T08:12:33.356+0000] {logging_mixin.py:151} INFO - [2023-10-03T08:12:33.356+0000] {dag.py:3696} INFO - Setting next_dagrun for example_external_task_marker_parent to None, run_after=None
[2023-10-03T08:12:33.366+0000] {processor.py:179} INFO - Processing /home/airflow/.local/lib/python3.8/site-packages/airflow/example_dags/example_external_task_marker_dag.py took 0.042 seconds
[2023-10-03T08:13:37.090+0000] {processor.py:157} INFO - Started process (PID=47) to work on /home/airflow/.local/lib/python3.8/site-packages/airflow/example_dags/example_external_task_marker_dag.py
[2023-10-03T08:13:37.092+0000] {processor.py:829} INFO - Processing file /home/airflow/.local/lib/python3.8/site-packages/airflow/example_dags/example_external_task_marker_dag.py for tasks to queue
[2023-10-03T08:13:37.095+0000] {logging_mixin.py:151} INFO - [2023-10-03T08:13:37.094+0000] {dagbag.py:539} INFO - Filling up the DagBag from /home/airflow/.local/lib/python3.8/site-packages/airflow/example_dags/example_external_task_marker_dag.py
[2023-10-03T08:13:37.115+0000] {processor.py:839} INFO - DAG(s) dict_keys(['example_external_task_marker_child', 'example_external_task_marker_parent']) retrieved from /home/airflow/.local/lib/python3.8/site-packages/airflow/example_dags/example_external_task_marker_dag.py
[2023-10-03T08:13:37.140+0000] {logging_mixin.py:151} INFO - [2023-10-03T08:13:37.140+0000] {dag.py:2915} INFO - Sync 2 DAGs
[2023-10-03T08:13:37.166+0000] {logging_mixin.py:151} INFO - [2023-10-03T08:13:37.165+0000] {dag.py:3696} INFO - Setting next_dagrun for example_external_task_marker_child to None, run_after=None
[2023-10-03T08:13:37.177+0000] {logging_mixin.py:151} INFO - [2023-10-03T08:13:37.177+0000] {dag.py:3696} INFO - Setting next_dagrun for example_external_task_marker_parent to None, run_after=None
[2023-10-03T08:13:37.210+0000] {processor.py:179} INFO - Processing /home/airflow/.local/lib/python3.8/site-packages/airflow/example_dags/example_external_task_marker_dag.py took 0.124 seconds
[2023-10-03T08:14:08.588+0000] {processor.py:157} INFO - Started process (PID=107) to work on /home/airflow/.local/lib/python3.8/site-packages/airflow/example_dags/example_external_task_marker_dag.py
[2023-10-03T08:14:08.589+0000] {processor.py:829} INFO - Processing file /home/airflow/.local/lib/python3.8/site-packages/airflow/example_dags/example_external_task_marker_dag.py for tasks to queue
[2023-10-03T08:14:08.590+0000] {logging_mixin.py:151} INFO - [2023-10-03T08:14:08.590+0000] {dagbag.py:539} INFO - Filling up the DagBag from /home/airflow/.local/lib/python3.8/site-packages/airflow/example_dags/example_external_task_marker_dag.py
[2023-10-03T08:14:08.594+0000] {processor.py:839} INFO - DAG(s) dict_keys(['example_external_task_marker_child', 'example_external_task_marker_parent']) retrieved from /home/airflow/.local/lib/python3.8/site-packages/airflow/example_dags/example_external_task_marker_dag.py
[2023-10-03T08:14:08.607+0000] {logging_mixin.py:151} INFO - [2023-10-03T08:14:08.607+0000] {dag.py:2915} INFO - Sync 2 DAGs
[2023-10-03T08:14:08.613+0000] {logging_mixin.py:151} INFO - [2023-10-03T08:14:08.613+0000] {dag.py:3696} INFO - Setting next_dagrun for example_external_task_marker_child to None, run_after=None
[2023-10-03T08:14:08.615+0000] {logging_mixin.py:151} INFO - [2023-10-03T08:14:08.615+0000] {dag.py:3696} INFO - Setting next_dagrun for example_external_task_marker_parent to None, run_after=None
[2023-10-03T08:14:08.622+0000] {processor.py:179} INFO - Processing /home/airflow/.local/lib/python3.8/site-packages/airflow/example_dags/example_external_task_marker_dag.py took 0.036 seconds
[2023-10-03T08:14:39.386+0000] {processor.py:157} INFO - Started process (PID=167) to work on /home/airflow/.local/lib/python3.8/site-packages/airflow/example_dags/example_external_task_marker_dag.py
[2023-10-03T08:14:39.386+0000] {processor.py:829} INFO - Processing file /home/airflow/.local/lib/python3.8/site-packages/airflow/example_dags/example_external_task_marker_dag.py for tasks to queue
[2023-10-03T08:14:39.388+0000] {logging_mixin.py:151} INFO - [2023-10-03T08:14:39.388+0000] {dagbag.py:539} INFO - Filling up the DagBag from /home/airflow/.local/lib/python3.8/site-packages/airflow/example_dags/example_external_task_marker_dag.py
[2023-10-03T08:14:39.392+0000] {processor.py:839} INFO - DAG(s) dict_keys(['example_external_task_marker_parent', 'example_external_task_marker_child']) retrieved from /home/airflow/.local/lib/python3.8/site-packages/airflow/example_dags/example_external_task_marker_dag.py
[2023-10-03T08:14:39.405+0000] {logging_mixin.py:151} INFO - [2023-10-03T08:14:39.405+0000] {dag.py:2915} INFO - Sync 2 DAGs
[2023-10-03T08:14:39.411+0000] {logging_mixin.py:151} INFO - [2023-10-03T08:14:39.411+0000] {dag.py:3696} INFO - Setting next_dagrun for example_external_task_marker_child to None, run_after=None
[2023-10-03T08:14:39.413+0000] {logging_mixin.py:151} INFO - [2023-10-03T08:14:39.413+0000] {dag.py:3696} INFO - Setting next_dagrun for example_external_task_marker_parent to None, run_after=None
[2023-10-03T08:14:39.420+0000] {processor.py:179} INFO - Processing /home/airflow/.local/lib/python3.8/site-packages/airflow/example_dags/example_external_task_marker_dag.py took 0.036 seconds
[2023-10-03T08:15:10.359+0000] {processor.py:157} INFO - Started process (PID=227) to work on /home/airflow/.local/lib/python3.8/site-packages/airflow/example_dags/example_external_task_marker_dag.py
[2023-10-03T08:15:10.360+0000] {processor.py:829} INFO - Processing file /home/airflow/.local/lib/python3.8/site-packages/airflow/example_dags/example_external_task_marker_dag.py for tasks to queue
[2023-10-03T08:15:10.361+0000] {logging_mixin.py:151} INFO - [2023-10-03T08:15:10.361+0000] {dagbag.py:539} INFO - Filling up the DagBag from /home/airflow/.local/lib/python3.8/site-packages/airflow/example_dags/example_external_task_marker_dag.py
[2023-10-03T08:15:10.365+0000] {processor.py:839} INFO - DAG(s) dict_keys(['example_external_task_marker_parent', 'example_external_task_marker_child']) retrieved from /home/airflow/.local/lib/python3.8/site-packages/airflow/example_dags/example_external_task_marker_dag.py
[2023-10-03T08:15:10.378+0000] {logging_mixin.py:151} INFO - [2023-10-03T08:15:10.378+0000] {dag.py:2915} INFO - Sync 2 DAGs
[2023-10-03T08:15:10.384+0000] {logging_mixin.py:151} INFO - [2023-10-03T08:15:10.384+0000] {dag.py:3696} INFO - Setting next_dagrun for example_external_task_marker_child to None, run_after=None
[2023-10-03T08:15:10.386+0000] {logging_mixin.py:151} INFO - [2023-10-03T08:15:10.386+0000] {dag.py:3696} INFO - Setting next_dagrun for example_external_task_marker_parent to None, run_after=None
[2023-10-03T08:15:10.393+0000] {processor.py:179} INFO - Processing /home/airflow/.local/lib/python3.8/site-packages/airflow/example_dags/example_external_task_marker_dag.py took 0.035 seconds
[2023-10-03T08:15:40.711+0000] {processor.py:157} INFO - Started process (PID=288) to work on /home/airflow/.local/lib/python3.8/site-packages/airflow/example_dags/example_external_task_marker_dag.py
[2023-10-03T08:15:40.712+0000] {processor.py:829} INFO - Processing file /home/airflow/.local/lib/python3.8/site-packages/airflow/example_dags/example_external_task_marker_dag.py for tasks to queue
[2023-10-03T08:15:40.713+0000] {logging_mixin.py:151} INFO - [2023-10-03T08:15:40.713+0000] {dagbag.py:539} INFO - Filling up the DagBag from /home/airflow/.local/lib/python3.8/site-packages/airflow/example_dags/example_external_task_marker_dag.py
[2023-10-03T08:15:40.716+0000] {processor.py:839} INFO - DAG(s) dict_keys(['example_external_task_marker_child', 'example_external_task_marker_parent']) retrieved from /home/airflow/.local/lib/python3.8/site-packages/airflow/example_dags/example_external_task_marker_dag.py
[2023-10-03T08:15:40.728+0000] {logging_mixin.py:151} INFO - [2023-10-03T08:15:40.728+0000] {dag.py:2915} INFO - Sync 2 DAGs
[2023-10-03T08:15:40.734+0000] {logging_mixin.py:151} INFO - [2023-10-03T08:15:40.734+0000] {dag.py:3696} INFO - Setting next_dagrun for example_external_task_marker_child to None, run_after=None
[2023-10-03T08:15:40.735+0000] {logging_mixin.py:151} INFO - [2023-10-03T08:15:40.735+0000] {dag.py:3696} INFO - Setting next_dagrun for example_external_task_marker_parent to None, run_after=None
[2023-10-03T08:15:40.742+0000] {processor.py:179} INFO - Processing /home/airflow/.local/lib/python3.8/site-packages/airflow/example_dags/example_external_task_marker_dag.py took 0.032 seconds
[2023-10-03T08:16:11.157+0000] {processor.py:157} INFO - Started process (PID=348) to work on /home/airflow/.local/lib/python3.8/site-packages/airflow/example_dags/example_external_task_marker_dag.py
[2023-10-03T08:16:11.158+0000] {processor.py:829} INFO - Processing file /home/airflow/.local/lib/python3.8/site-packages/airflow/example_dags/example_external_task_marker_dag.py for tasks to queue
[2023-10-03T08:16:11.159+0000] {logging_mixin.py:151} INFO - [2023-10-03T08:16:11.159+0000] {dagbag.py:539} INFO - Filling up the DagBag from /home/airflow/.local/lib/python3.8/site-packages/airflow/example_dags/example_external_task_marker_dag.py
[2023-10-03T08:16:11.163+0000] {processor.py:839} INFO - DAG(s) dict_keys(['example_external_task_marker_parent', 'example_external_task_marker_child']) retrieved from /home/airflow/.local/lib/python3.8/site-packages/airflow/example_dags/example_external_task_marker_dag.py
[2023-10-03T08:16:11.175+0000] {logging_mixin.py:151} INFO - [2023-10-03T08:16:11.175+0000] {dag.py:2915} INFO - Sync 2 DAGs
[2023-10-03T08:16:11.181+0000] {logging_mixin.py:151} INFO - [2023-10-03T08:16:11.181+0000] {dag.py:3696} INFO - Setting next_dagrun for example_external_task_marker_child to None, run_after=None
[2023-10-03T08:16:11.182+0000] {logging_mixin.py:151} INFO - [2023-10-03T08:16:11.182+0000] {dag.py:3696} INFO - Setting next_dagrun for example_external_task_marker_parent to None, run_after=None
[2023-10-03T08:16:11.189+0000] {processor.py:179} INFO - Processing /home/airflow/.local/lib/python3.8/site-packages/airflow/example_dags/example_external_task_marker_dag.py took 0.034 seconds
[2023-10-03T08:16:41.749+0000] {processor.py:157} INFO - Started process (PID=408) to work on /home/airflow/.local/lib/python3.8/site-packages/airflow/example_dags/example_external_task_marker_dag.py
[2023-10-03T08:16:41.750+0000] {processor.py:829} INFO - Processing file /home/airflow/.local/lib/python3.8/site-packages/airflow/example_dags/example_external_task_marker_dag.py for tasks to queue
[2023-10-03T08:16:41.751+0000] {logging_mixin.py:151} INFO - [2023-10-03T08:16:41.751+0000] {dagbag.py:539} INFO - Filling up the DagBag from /home/airflow/.local/lib/python3.8/site-packages/airflow/example_dags/example_external_task_marker_dag.py
[2023-10-03T08:16:41.755+0000] {processor.py:839} INFO - DAG(s) dict_keys(['example_external_task_marker_child', 'example_external_task_marker_parent']) retrieved from /home/airflow/.local/lib/python3.8/site-packages/airflow/example_dags/example_external_task_marker_dag.py
[2023-10-03T08:16:41.767+0000] {logging_mixin.py:151} INFO - [2023-10-03T08:16:41.767+0000] {dag.py:2915} INFO - Sync 2 DAGs
[2023-10-03T08:16:41.773+0000] {logging_mixin.py:151} INFO - [2023-10-03T08:16:41.773+0000] {dag.py:3696} INFO - Setting next_dagrun for example_external_task_marker_child to None, run_after=None
[2023-10-03T08:16:41.774+0000] {logging_mixin.py:151} INFO - [2023-10-03T08:16:41.774+0000] {dag.py:3696} INFO - Setting next_dagrun for example_external_task_marker_parent to None, run_after=None
[2023-10-03T08:16:41.782+0000] {processor.py:179} INFO - Processing /home/airflow/.local/lib/python3.8/site-packages/airflow/example_dags/example_external_task_marker_dag.py took 0.034 seconds
[2023-10-03T08:17:12.173+0000] {processor.py:157} INFO - Started process (PID=468) to work on /home/airflow/.local/lib/python3.8/site-packages/airflow/example_dags/example_external_task_marker_dag.py
[2023-10-03T08:17:12.173+0000] {processor.py:829} INFO - Processing file /home/airflow/.local/lib/python3.8/site-packages/airflow/example_dags/example_external_task_marker_dag.py for tasks to queue
[2023-10-03T08:17:12.174+0000] {logging_mixin.py:151} INFO - [2023-10-03T08:17:12.174+0000] {dagbag.py:539} INFO - Filling up the DagBag from /home/airflow/.local/lib/python3.8/site-packages/airflow/example_dags/example_external_task_marker_dag.py
[2023-10-03T08:17:12.178+0000] {processor.py:839} INFO - DAG(s) dict_keys(['example_external_task_marker_child', 'example_external_task_marker_parent']) retrieved from /home/airflow/.local/lib/python3.8/site-packages/airflow/example_dags/example_external_task_marker_dag.py
[2023-10-03T08:17:12.190+0000] {logging_mixin.py:151} INFO - [2023-10-03T08:17:12.190+0000] {dag.py:2915} INFO - Sync 2 DAGs
[2023-10-03T08:17:12.196+0000] {logging_mixin.py:151} INFO - [2023-10-03T08:17:12.196+0000] {dag.py:3696} INFO - Setting next_dagrun for example_external_task_marker_child to None, run_after=None
[2023-10-03T08:17:12.198+0000] {logging_mixin.py:151} INFO - [2023-10-03T08:17:12.198+0000] {dag.py:3696} INFO - Setting next_dagrun for example_external_task_marker_parent to None, run_after=None
[2023-10-03T08:17:12.204+0000] {processor.py:179} INFO - Processing /home/airflow/.local/lib/python3.8/site-packages/airflow/example_dags/example_external_task_marker_dag.py took 0.033 seconds
