[2023-10-03T07:43:57.463+0000] {processor.py:157} INFO - Started process (PID=66) to work on /home/airflow/.local/lib/python3.8/site-packages/airflow/example_dags/example_bash_operator.py
[2023-10-03T07:43:57.465+0000] {processor.py:829} INFO - Processing file /home/airflow/.local/lib/python3.8/site-packages/airflow/example_dags/example_bash_operator.py for tasks to queue
[2023-10-03T07:43:57.468+0000] {logging_mixin.py:151} INFO - [2023-10-03T07:43:57.468+0000] {dagbag.py:539} INFO - Filling up the DagBag from /home/airflow/.local/lib/python3.8/site-packages/airflow/example_dags/example_bash_operator.py
[2023-10-03T07:43:57.477+0000] {processor.py:839} INFO - DAG(s) dict_keys(['example_bash_operator']) retrieved from /home/airflow/.local/lib/python3.8/site-packages/airflow/example_dags/example_bash_operator.py
[2023-10-03T07:43:57.556+0000] {logging_mixin.py:151} INFO - [2023-10-03T07:43:57.556+0000] {dag.py:2915} INFO - Sync 1 DAGs
[2023-10-03T07:43:57.609+0000] {logging_mixin.py:151} INFO - [2023-10-03T07:43:57.608+0000] {dag.py:3696} INFO - Setting next_dagrun for example_bash_operator to 2023-10-02T00:00:00+00:00, run_after=2023-10-03T00:00:00+00:00
[2023-10-03T07:43:57.630+0000] {processor.py:179} INFO - Processing /home/airflow/.local/lib/python3.8/site-packages/airflow/example_dags/example_bash_operator.py took 0.172 seconds
[2023-10-03T07:44:28.040+0000] {processor.py:157} INFO - Started process (PID=125) to work on /home/airflow/.local/lib/python3.8/site-packages/airflow/example_dags/example_bash_operator.py
[2023-10-03T07:44:28.041+0000] {processor.py:829} INFO - Processing file /home/airflow/.local/lib/python3.8/site-packages/airflow/example_dags/example_bash_operator.py for tasks to queue
[2023-10-03T07:44:28.042+0000] {logging_mixin.py:151} INFO - [2023-10-03T07:44:28.042+0000] {dagbag.py:539} INFO - Filling up the DagBag from /home/airflow/.local/lib/python3.8/site-packages/airflow/example_dags/example_bash_operator.py
[2023-10-03T07:44:28.048+0000] {processor.py:839} INFO - DAG(s) dict_keys(['example_bash_operator']) retrieved from /home/airflow/.local/lib/python3.8/site-packages/airflow/example_dags/example_bash_operator.py
[2023-10-03T07:44:28.061+0000] {logging_mixin.py:151} INFO - [2023-10-03T07:44:28.061+0000] {dag.py:2915} INFO - Sync 1 DAGs
[2023-10-03T07:44:28.071+0000] {logging_mixin.py:151} INFO - [2023-10-03T07:44:28.071+0000] {dag.py:3696} INFO - Setting next_dagrun for example_bash_operator to 2023-10-02T00:00:00+00:00, run_after=2023-10-03T00:00:00+00:00
[2023-10-03T07:44:28.078+0000] {processor.py:179} INFO - Processing /home/airflow/.local/lib/python3.8/site-packages/airflow/example_dags/example_bash_operator.py took 0.040 seconds
[2023-10-03T07:44:58.291+0000] {processor.py:157} INFO - Started process (PID=184) to work on /home/airflow/.local/lib/python3.8/site-packages/airflow/example_dags/example_bash_operator.py
[2023-10-03T07:44:58.292+0000] {processor.py:829} INFO - Processing file /home/airflow/.local/lib/python3.8/site-packages/airflow/example_dags/example_bash_operator.py for tasks to queue
[2023-10-03T07:44:58.293+0000] {logging_mixin.py:151} INFO - [2023-10-03T07:44:58.293+0000] {dagbag.py:539} INFO - Filling up the DagBag from /home/airflow/.local/lib/python3.8/site-packages/airflow/example_dags/example_bash_operator.py
[2023-10-03T07:44:58.299+0000] {processor.py:839} INFO - DAG(s) dict_keys(['example_bash_operator']) retrieved from /home/airflow/.local/lib/python3.8/site-packages/airflow/example_dags/example_bash_operator.py
[2023-10-03T07:44:58.312+0000] {logging_mixin.py:151} INFO - [2023-10-03T07:44:58.311+0000] {dag.py:2915} INFO - Sync 1 DAGs
[2023-10-03T07:44:58.322+0000] {logging_mixin.py:151} INFO - [2023-10-03T07:44:58.322+0000] {dag.py:3696} INFO - Setting next_dagrun for example_bash_operator to 2023-10-02T00:00:00+00:00, run_after=2023-10-03T00:00:00+00:00
[2023-10-03T07:44:58.329+0000] {processor.py:179} INFO - Processing /home/airflow/.local/lib/python3.8/site-packages/airflow/example_dags/example_bash_operator.py took 0.039 seconds
[2023-10-03T07:45:28.883+0000] {processor.py:157} INFO - Started process (PID=243) to work on /home/airflow/.local/lib/python3.8/site-packages/airflow/example_dags/example_bash_operator.py
[2023-10-03T07:45:28.884+0000] {processor.py:829} INFO - Processing file /home/airflow/.local/lib/python3.8/site-packages/airflow/example_dags/example_bash_operator.py for tasks to queue
[2023-10-03T07:45:28.885+0000] {logging_mixin.py:151} INFO - [2023-10-03T07:45:28.885+0000] {dagbag.py:539} INFO - Filling up the DagBag from /home/airflow/.local/lib/python3.8/site-packages/airflow/example_dags/example_bash_operator.py
[2023-10-03T07:45:28.891+0000] {processor.py:839} INFO - DAG(s) dict_keys(['example_bash_operator']) retrieved from /home/airflow/.local/lib/python3.8/site-packages/airflow/example_dags/example_bash_operator.py
[2023-10-03T07:45:28.904+0000] {logging_mixin.py:151} INFO - [2023-10-03T07:45:28.904+0000] {dag.py:2915} INFO - Sync 1 DAGs
[2023-10-03T07:45:28.915+0000] {logging_mixin.py:151} INFO - [2023-10-03T07:45:28.915+0000] {dag.py:3696} INFO - Setting next_dagrun for example_bash_operator to 2023-10-02T00:00:00+00:00, run_after=2023-10-03T00:00:00+00:00
[2023-10-03T07:45:28.922+0000] {processor.py:179} INFO - Processing /home/airflow/.local/lib/python3.8/site-packages/airflow/example_dags/example_bash_operator.py took 0.041 seconds
[2023-10-03T07:50:27.037+0000] {processor.py:157} INFO - Started process (PID=67) to work on /home/airflow/.local/lib/python3.8/site-packages/airflow/example_dags/example_bash_operator.py
[2023-10-03T07:50:27.048+0000] {processor.py:829} INFO - Processing file /home/airflow/.local/lib/python3.8/site-packages/airflow/example_dags/example_bash_operator.py for tasks to queue
[2023-10-03T07:50:27.053+0000] {logging_mixin.py:151} INFO - [2023-10-03T07:50:27.053+0000] {dagbag.py:539} INFO - Filling up the DagBag from /home/airflow/.local/lib/python3.8/site-packages/airflow/example_dags/example_bash_operator.py
[2023-10-03T07:50:27.082+0000] {processor.py:839} INFO - DAG(s) dict_keys(['example_bash_operator']) retrieved from /home/airflow/.local/lib/python3.8/site-packages/airflow/example_dags/example_bash_operator.py
[2023-10-03T07:50:27.094+0000] {logging_mixin.py:151} INFO - [2023-10-03T07:50:27.094+0000] {dag.py:2915} INFO - Sync 1 DAGs
[2023-10-03T07:50:27.138+0000] {logging_mixin.py:151} INFO - [2023-10-03T07:50:27.137+0000] {dag.py:3696} INFO - Setting next_dagrun for example_bash_operator to 2023-10-02T00:00:00+00:00, run_after=2023-10-03T00:00:00+00:00
[2023-10-03T07:50:27.200+0000] {processor.py:179} INFO - Processing /home/airflow/.local/lib/python3.8/site-packages/airflow/example_dags/example_bash_operator.py took 0.165 seconds
[2023-10-03T07:50:57.673+0000] {processor.py:157} INFO - Started process (PID=126) to work on /home/airflow/.local/lib/python3.8/site-packages/airflow/example_dags/example_bash_operator.py
[2023-10-03T07:50:57.674+0000] {processor.py:829} INFO - Processing file /home/airflow/.local/lib/python3.8/site-packages/airflow/example_dags/example_bash_operator.py for tasks to queue
[2023-10-03T07:50:57.675+0000] {logging_mixin.py:151} INFO - [2023-10-03T07:50:57.675+0000] {dagbag.py:539} INFO - Filling up the DagBag from /home/airflow/.local/lib/python3.8/site-packages/airflow/example_dags/example_bash_operator.py
[2023-10-03T07:50:57.682+0000] {processor.py:839} INFO - DAG(s) dict_keys(['example_bash_operator']) retrieved from /home/airflow/.local/lib/python3.8/site-packages/airflow/example_dags/example_bash_operator.py
[2023-10-03T07:50:57.695+0000] {logging_mixin.py:151} INFO - [2023-10-03T07:50:57.695+0000] {dag.py:2915} INFO - Sync 1 DAGs
[2023-10-03T07:50:57.705+0000] {logging_mixin.py:151} INFO - [2023-10-03T07:50:57.705+0000] {dag.py:3696} INFO - Setting next_dagrun for example_bash_operator to 2023-10-02T00:00:00+00:00, run_after=2023-10-03T00:00:00+00:00
[2023-10-03T07:50:57.712+0000] {processor.py:179} INFO - Processing /home/airflow/.local/lib/python3.8/site-packages/airflow/example_dags/example_bash_operator.py took 0.042 seconds
[2023-10-03T07:51:28.421+0000] {processor.py:157} INFO - Started process (PID=185) to work on /home/airflow/.local/lib/python3.8/site-packages/airflow/example_dags/example_bash_operator.py
[2023-10-03T07:51:28.422+0000] {processor.py:829} INFO - Processing file /home/airflow/.local/lib/python3.8/site-packages/airflow/example_dags/example_bash_operator.py for tasks to queue
[2023-10-03T07:51:28.423+0000] {logging_mixin.py:151} INFO - [2023-10-03T07:51:28.423+0000] {dagbag.py:539} INFO - Filling up the DagBag from /home/airflow/.local/lib/python3.8/site-packages/airflow/example_dags/example_bash_operator.py
[2023-10-03T07:51:28.429+0000] {processor.py:839} INFO - DAG(s) dict_keys(['example_bash_operator']) retrieved from /home/airflow/.local/lib/python3.8/site-packages/airflow/example_dags/example_bash_operator.py
[2023-10-03T07:51:28.442+0000] {logging_mixin.py:151} INFO - [2023-10-03T07:51:28.442+0000] {dag.py:2915} INFO - Sync 1 DAGs
[2023-10-03T07:51:28.452+0000] {logging_mixin.py:151} INFO - [2023-10-03T07:51:28.452+0000] {dag.py:3696} INFO - Setting next_dagrun for example_bash_operator to 2023-10-02T00:00:00+00:00, run_after=2023-10-03T00:00:00+00:00
[2023-10-03T07:51:28.460+0000] {processor.py:179} INFO - Processing /home/airflow/.local/lib/python3.8/site-packages/airflow/example_dags/example_bash_operator.py took 0.041 seconds
[2023-10-03T07:57:15.280+0000] {processor.py:157} INFO - Started process (PID=67) to work on /home/airflow/.local/lib/python3.8/site-packages/airflow/example_dags/example_bash_operator.py
[2023-10-03T07:57:15.281+0000] {processor.py:829} INFO - Processing file /home/airflow/.local/lib/python3.8/site-packages/airflow/example_dags/example_bash_operator.py for tasks to queue
[2023-10-03T07:57:15.283+0000] {logging_mixin.py:151} INFO - [2023-10-03T07:57:15.283+0000] {dagbag.py:539} INFO - Filling up the DagBag from /home/airflow/.local/lib/python3.8/site-packages/airflow/example_dags/example_bash_operator.py
[2023-10-03T07:57:15.297+0000] {processor.py:839} INFO - DAG(s) dict_keys(['example_bash_operator']) retrieved from /home/airflow/.local/lib/python3.8/site-packages/airflow/example_dags/example_bash_operator.py
[2023-10-03T07:57:15.316+0000] {logging_mixin.py:151} INFO - [2023-10-03T07:57:15.315+0000] {dag.py:2915} INFO - Sync 1 DAGs
[2023-10-03T07:57:15.339+0000] {logging_mixin.py:151} INFO - [2023-10-03T07:57:15.339+0000] {dag.py:3696} INFO - Setting next_dagrun for example_bash_operator to 2023-10-02T00:00:00+00:00, run_after=2023-10-03T00:00:00+00:00
[2023-10-03T07:57:15.353+0000] {processor.py:179} INFO - Processing /home/airflow/.local/lib/python3.8/site-packages/airflow/example_dags/example_bash_operator.py took 0.077 seconds
[2023-10-03T07:57:45.732+0000] {processor.py:157} INFO - Started process (PID=126) to work on /home/airflow/.local/lib/python3.8/site-packages/airflow/example_dags/example_bash_operator.py
[2023-10-03T07:57:45.733+0000] {processor.py:829} INFO - Processing file /home/airflow/.local/lib/python3.8/site-packages/airflow/example_dags/example_bash_operator.py for tasks to queue
[2023-10-03T07:57:45.734+0000] {logging_mixin.py:151} INFO - [2023-10-03T07:57:45.734+0000] {dagbag.py:539} INFO - Filling up the DagBag from /home/airflow/.local/lib/python3.8/site-packages/airflow/example_dags/example_bash_operator.py
[2023-10-03T07:57:45.740+0000] {processor.py:839} INFO - DAG(s) dict_keys(['example_bash_operator']) retrieved from /home/airflow/.local/lib/python3.8/site-packages/airflow/example_dags/example_bash_operator.py
[2023-10-03T07:57:45.753+0000] {logging_mixin.py:151} INFO - [2023-10-03T07:57:45.753+0000] {dag.py:2915} INFO - Sync 1 DAGs
[2023-10-03T07:57:45.763+0000] {logging_mixin.py:151} INFO - [2023-10-03T07:57:45.763+0000] {dag.py:3696} INFO - Setting next_dagrun for example_bash_operator to 2023-10-02T00:00:00+00:00, run_after=2023-10-03T00:00:00+00:00
[2023-10-03T07:57:45.770+0000] {processor.py:179} INFO - Processing /home/airflow/.local/lib/python3.8/site-packages/airflow/example_dags/example_bash_operator.py took 0.040 seconds
[2023-10-03T07:58:16.060+0000] {processor.py:157} INFO - Started process (PID=185) to work on /home/airflow/.local/lib/python3.8/site-packages/airflow/example_dags/example_bash_operator.py
[2023-10-03T07:58:16.061+0000] {processor.py:829} INFO - Processing file /home/airflow/.local/lib/python3.8/site-packages/airflow/example_dags/example_bash_operator.py for tasks to queue
[2023-10-03T07:58:16.062+0000] {logging_mixin.py:151} INFO - [2023-10-03T07:58:16.062+0000] {dagbag.py:539} INFO - Filling up the DagBag from /home/airflow/.local/lib/python3.8/site-packages/airflow/example_dags/example_bash_operator.py
[2023-10-03T07:58:16.068+0000] {processor.py:839} INFO - DAG(s) dict_keys(['example_bash_operator']) retrieved from /home/airflow/.local/lib/python3.8/site-packages/airflow/example_dags/example_bash_operator.py
[2023-10-03T07:58:16.087+0000] {logging_mixin.py:151} INFO - [2023-10-03T07:58:16.086+0000] {dag.py:2915} INFO - Sync 1 DAGs
[2023-10-03T07:58:16.098+0000] {logging_mixin.py:151} INFO - [2023-10-03T07:58:16.098+0000] {dag.py:3696} INFO - Setting next_dagrun for example_bash_operator to 2023-10-02T00:00:00+00:00, run_after=2023-10-03T00:00:00+00:00
[2023-10-03T07:58:16.106+0000] {processor.py:179} INFO - Processing /home/airflow/.local/lib/python3.8/site-packages/airflow/example_dags/example_bash_operator.py took 0.048 seconds
[2023-10-03T07:58:46.255+0000] {processor.py:157} INFO - Started process (PID=244) to work on /home/airflow/.local/lib/python3.8/site-packages/airflow/example_dags/example_bash_operator.py
[2023-10-03T07:58:46.256+0000] {processor.py:829} INFO - Processing file /home/airflow/.local/lib/python3.8/site-packages/airflow/example_dags/example_bash_operator.py for tasks to queue
[2023-10-03T07:58:46.257+0000] {logging_mixin.py:151} INFO - [2023-10-03T07:58:46.257+0000] {dagbag.py:539} INFO - Filling up the DagBag from /home/airflow/.local/lib/python3.8/site-packages/airflow/example_dags/example_bash_operator.py
[2023-10-03T07:58:46.263+0000] {processor.py:839} INFO - DAG(s) dict_keys(['example_bash_operator']) retrieved from /home/airflow/.local/lib/python3.8/site-packages/airflow/example_dags/example_bash_operator.py
[2023-10-03T07:58:46.276+0000] {logging_mixin.py:151} INFO - [2023-10-03T07:58:46.276+0000] {dag.py:2915} INFO - Sync 1 DAGs
[2023-10-03T07:58:46.286+0000] {logging_mixin.py:151} INFO - [2023-10-03T07:58:46.286+0000] {dag.py:3696} INFO - Setting next_dagrun for example_bash_operator to 2023-10-02T00:00:00+00:00, run_after=2023-10-03T00:00:00+00:00
[2023-10-03T07:58:46.293+0000] {processor.py:179} INFO - Processing /home/airflow/.local/lib/python3.8/site-packages/airflow/example_dags/example_bash_operator.py took 0.039 seconds
[2023-10-03T07:59:17.717+0000] {processor.py:157} INFO - Started process (PID=303) to work on /home/airflow/.local/lib/python3.8/site-packages/airflow/example_dags/example_bash_operator.py
[2023-10-03T07:59:17.718+0000] {processor.py:829} INFO - Processing file /home/airflow/.local/lib/python3.8/site-packages/airflow/example_dags/example_bash_operator.py for tasks to queue
[2023-10-03T07:59:17.719+0000] {logging_mixin.py:151} INFO - [2023-10-03T07:59:17.719+0000] {dagbag.py:539} INFO - Filling up the DagBag from /home/airflow/.local/lib/python3.8/site-packages/airflow/example_dags/example_bash_operator.py
[2023-10-03T07:59:17.725+0000] {processor.py:839} INFO - DAG(s) dict_keys(['example_bash_operator']) retrieved from /home/airflow/.local/lib/python3.8/site-packages/airflow/example_dags/example_bash_operator.py
[2023-10-03T07:59:17.739+0000] {logging_mixin.py:151} INFO - [2023-10-03T07:59:17.739+0000] {dag.py:2915} INFO - Sync 1 DAGs
[2023-10-03T07:59:17.750+0000] {logging_mixin.py:151} INFO - [2023-10-03T07:59:17.750+0000] {dag.py:3696} INFO - Setting next_dagrun for example_bash_operator to 2023-10-02T00:00:00+00:00, run_after=2023-10-03T00:00:00+00:00
[2023-10-03T07:59:17.758+0000] {processor.py:179} INFO - Processing /home/airflow/.local/lib/python3.8/site-packages/airflow/example_dags/example_bash_operator.py took 0.043 seconds
[2023-10-03T07:59:48.214+0000] {processor.py:157} INFO - Started process (PID=362) to work on /home/airflow/.local/lib/python3.8/site-packages/airflow/example_dags/example_bash_operator.py
[2023-10-03T07:59:48.214+0000] {processor.py:829} INFO - Processing file /home/airflow/.local/lib/python3.8/site-packages/airflow/example_dags/example_bash_operator.py for tasks to queue
[2023-10-03T07:59:48.216+0000] {logging_mixin.py:151} INFO - [2023-10-03T07:59:48.216+0000] {dagbag.py:539} INFO - Filling up the DagBag from /home/airflow/.local/lib/python3.8/site-packages/airflow/example_dags/example_bash_operator.py
[2023-10-03T07:59:48.221+0000] {processor.py:839} INFO - DAG(s) dict_keys(['example_bash_operator']) retrieved from /home/airflow/.local/lib/python3.8/site-packages/airflow/example_dags/example_bash_operator.py
[2023-10-03T07:59:48.234+0000] {logging_mixin.py:151} INFO - [2023-10-03T07:59:48.234+0000] {dag.py:2915} INFO - Sync 1 DAGs
[2023-10-03T07:59:48.244+0000] {logging_mixin.py:151} INFO - [2023-10-03T07:59:48.244+0000] {dag.py:3696} INFO - Setting next_dagrun for example_bash_operator to 2023-10-02T00:00:00+00:00, run_after=2023-10-03T00:00:00+00:00
[2023-10-03T07:59:48.251+0000] {processor.py:179} INFO - Processing /home/airflow/.local/lib/python3.8/site-packages/airflow/example_dags/example_bash_operator.py took 0.039 seconds
[2023-10-03T08:00:19.533+0000] {processor.py:157} INFO - Started process (PID=421) to work on /home/airflow/.local/lib/python3.8/site-packages/airflow/example_dags/example_bash_operator.py
[2023-10-03T08:00:19.534+0000] {processor.py:829} INFO - Processing file /home/airflow/.local/lib/python3.8/site-packages/airflow/example_dags/example_bash_operator.py for tasks to queue
[2023-10-03T08:00:19.535+0000] {logging_mixin.py:151} INFO - [2023-10-03T08:00:19.535+0000] {dagbag.py:539} INFO - Filling up the DagBag from /home/airflow/.local/lib/python3.8/site-packages/airflow/example_dags/example_bash_operator.py
[2023-10-03T08:00:19.540+0000] {processor.py:839} INFO - DAG(s) dict_keys(['example_bash_operator']) retrieved from /home/airflow/.local/lib/python3.8/site-packages/airflow/example_dags/example_bash_operator.py
[2023-10-03T08:00:19.553+0000] {logging_mixin.py:151} INFO - [2023-10-03T08:00:19.553+0000] {dag.py:2915} INFO - Sync 1 DAGs
[2023-10-03T08:00:19.563+0000] {logging_mixin.py:151} INFO - [2023-10-03T08:00:19.563+0000] {dag.py:3696} INFO - Setting next_dagrun for example_bash_operator to 2023-10-02T00:00:00+00:00, run_after=2023-10-03T00:00:00+00:00
[2023-10-03T08:00:19.570+0000] {processor.py:179} INFO - Processing /home/airflow/.local/lib/python3.8/site-packages/airflow/example_dags/example_bash_operator.py took 0.039 seconds
[2023-10-03T08:00:50.735+0000] {processor.py:157} INFO - Started process (PID=480) to work on /home/airflow/.local/lib/python3.8/site-packages/airflow/example_dags/example_bash_operator.py
[2023-10-03T08:00:50.736+0000] {processor.py:829} INFO - Processing file /home/airflow/.local/lib/python3.8/site-packages/airflow/example_dags/example_bash_operator.py for tasks to queue
[2023-10-03T08:00:50.737+0000] {logging_mixin.py:151} INFO - [2023-10-03T08:00:50.737+0000] {dagbag.py:539} INFO - Filling up the DagBag from /home/airflow/.local/lib/python3.8/site-packages/airflow/example_dags/example_bash_operator.py
[2023-10-03T08:00:50.743+0000] {processor.py:839} INFO - DAG(s) dict_keys(['example_bash_operator']) retrieved from /home/airflow/.local/lib/python3.8/site-packages/airflow/example_dags/example_bash_operator.py
[2023-10-03T08:00:50.756+0000] {logging_mixin.py:151} INFO - [2023-10-03T08:00:50.756+0000] {dag.py:2915} INFO - Sync 1 DAGs
[2023-10-03T08:00:50.766+0000] {logging_mixin.py:151} INFO - [2023-10-03T08:00:50.766+0000] {dag.py:3696} INFO - Setting next_dagrun for example_bash_operator to 2023-10-02T00:00:00+00:00, run_after=2023-10-03T00:00:00+00:00
[2023-10-03T08:00:50.773+0000] {processor.py:179} INFO - Processing /home/airflow/.local/lib/python3.8/site-packages/airflow/example_dags/example_bash_operator.py took 0.039 seconds
[2023-10-03T08:01:21.801+0000] {processor.py:157} INFO - Started process (PID=539) to work on /home/airflow/.local/lib/python3.8/site-packages/airflow/example_dags/example_bash_operator.py
[2023-10-03T08:01:21.802+0000] {processor.py:829} INFO - Processing file /home/airflow/.local/lib/python3.8/site-packages/airflow/example_dags/example_bash_operator.py for tasks to queue
[2023-10-03T08:01:21.803+0000] {logging_mixin.py:151} INFO - [2023-10-03T08:01:21.803+0000] {dagbag.py:539} INFO - Filling up the DagBag from /home/airflow/.local/lib/python3.8/site-packages/airflow/example_dags/example_bash_operator.py
[2023-10-03T08:01:21.808+0000] {processor.py:839} INFO - DAG(s) dict_keys(['example_bash_operator']) retrieved from /home/airflow/.local/lib/python3.8/site-packages/airflow/example_dags/example_bash_operator.py
[2023-10-03T08:01:21.821+0000] {logging_mixin.py:151} INFO - [2023-10-03T08:01:21.821+0000] {dag.py:2915} INFO - Sync 1 DAGs
[2023-10-03T08:01:21.831+0000] {logging_mixin.py:151} INFO - [2023-10-03T08:01:21.831+0000] {dag.py:3696} INFO - Setting next_dagrun for example_bash_operator to 2023-10-02T00:00:00+00:00, run_after=2023-10-03T00:00:00+00:00
[2023-10-03T08:01:21.838+0000] {processor.py:179} INFO - Processing /home/airflow/.local/lib/python3.8/site-packages/airflow/example_dags/example_bash_operator.py took 0.039 seconds
[2023-10-03T08:01:52.883+0000] {processor.py:157} INFO - Started process (PID=598) to work on /home/airflow/.local/lib/python3.8/site-packages/airflow/example_dags/example_bash_operator.py
[2023-10-03T08:01:52.884+0000] {processor.py:829} INFO - Processing file /home/airflow/.local/lib/python3.8/site-packages/airflow/example_dags/example_bash_operator.py for tasks to queue
[2023-10-03T08:01:52.885+0000] {logging_mixin.py:151} INFO - [2023-10-03T08:01:52.885+0000] {dagbag.py:539} INFO - Filling up the DagBag from /home/airflow/.local/lib/python3.8/site-packages/airflow/example_dags/example_bash_operator.py
[2023-10-03T08:01:52.891+0000] {processor.py:839} INFO - DAG(s) dict_keys(['example_bash_operator']) retrieved from /home/airflow/.local/lib/python3.8/site-packages/airflow/example_dags/example_bash_operator.py
[2023-10-03T08:01:52.903+0000] {logging_mixin.py:151} INFO - [2023-10-03T08:01:52.903+0000] {dag.py:2915} INFO - Sync 1 DAGs
[2023-10-03T08:01:52.913+0000] {logging_mixin.py:151} INFO - [2023-10-03T08:01:52.913+0000] {dag.py:3696} INFO - Setting next_dagrun for example_bash_operator to 2023-10-02T00:00:00+00:00, run_after=2023-10-03T00:00:00+00:00
[2023-10-03T08:01:52.920+0000] {processor.py:179} INFO - Processing /home/airflow/.local/lib/python3.8/site-packages/airflow/example_dags/example_bash_operator.py took 0.039 seconds
[2023-10-03T08:02:23.347+0000] {processor.py:157} INFO - Started process (PID=657) to work on /home/airflow/.local/lib/python3.8/site-packages/airflow/example_dags/example_bash_operator.py
[2023-10-03T08:02:23.348+0000] {processor.py:829} INFO - Processing file /home/airflow/.local/lib/python3.8/site-packages/airflow/example_dags/example_bash_operator.py for tasks to queue
[2023-10-03T08:02:23.349+0000] {logging_mixin.py:151} INFO - [2023-10-03T08:02:23.349+0000] {dagbag.py:539} INFO - Filling up the DagBag from /home/airflow/.local/lib/python3.8/site-packages/airflow/example_dags/example_bash_operator.py
[2023-10-03T08:02:23.355+0000] {processor.py:839} INFO - DAG(s) dict_keys(['example_bash_operator']) retrieved from /home/airflow/.local/lib/python3.8/site-packages/airflow/example_dags/example_bash_operator.py
[2023-10-03T08:02:23.367+0000] {logging_mixin.py:151} INFO - [2023-10-03T08:02:23.367+0000] {dag.py:2915} INFO - Sync 1 DAGs
[2023-10-03T08:02:23.378+0000] {logging_mixin.py:151} INFO - [2023-10-03T08:02:23.378+0000] {dag.py:3696} INFO - Setting next_dagrun for example_bash_operator to 2023-10-02T00:00:00+00:00, run_after=2023-10-03T00:00:00+00:00
[2023-10-03T08:02:23.385+0000] {processor.py:179} INFO - Processing /home/airflow/.local/lib/python3.8/site-packages/airflow/example_dags/example_bash_operator.py took 0.040 seconds
[2023-10-03T08:02:53.855+0000] {processor.py:157} INFO - Started process (PID=716) to work on /home/airflow/.local/lib/python3.8/site-packages/airflow/example_dags/example_bash_operator.py
[2023-10-03T08:02:53.856+0000] {processor.py:829} INFO - Processing file /home/airflow/.local/lib/python3.8/site-packages/airflow/example_dags/example_bash_operator.py for tasks to queue
[2023-10-03T08:02:53.857+0000] {logging_mixin.py:151} INFO - [2023-10-03T08:02:53.857+0000] {dagbag.py:539} INFO - Filling up the DagBag from /home/airflow/.local/lib/python3.8/site-packages/airflow/example_dags/example_bash_operator.py
[2023-10-03T08:02:53.863+0000] {processor.py:839} INFO - DAG(s) dict_keys(['example_bash_operator']) retrieved from /home/airflow/.local/lib/python3.8/site-packages/airflow/example_dags/example_bash_operator.py
[2023-10-03T08:02:53.877+0000] {logging_mixin.py:151} INFO - [2023-10-03T08:02:53.877+0000] {dag.py:2915} INFO - Sync 1 DAGs
[2023-10-03T08:02:53.888+0000] {logging_mixin.py:151} INFO - [2023-10-03T08:02:53.888+0000] {dag.py:3696} INFO - Setting next_dagrun for example_bash_operator to 2023-10-02T00:00:00+00:00, run_after=2023-10-03T00:00:00+00:00
[2023-10-03T08:02:53.895+0000] {processor.py:179} INFO - Processing /home/airflow/.local/lib/python3.8/site-packages/airflow/example_dags/example_bash_operator.py took 0.042 seconds
[2023-10-03T08:03:24.134+0000] {processor.py:157} INFO - Started process (PID=775) to work on /home/airflow/.local/lib/python3.8/site-packages/airflow/example_dags/example_bash_operator.py
[2023-10-03T08:03:24.135+0000] {processor.py:829} INFO - Processing file /home/airflow/.local/lib/python3.8/site-packages/airflow/example_dags/example_bash_operator.py for tasks to queue
[2023-10-03T08:03:24.136+0000] {logging_mixin.py:151} INFO - [2023-10-03T08:03:24.136+0000] {dagbag.py:539} INFO - Filling up the DagBag from /home/airflow/.local/lib/python3.8/site-packages/airflow/example_dags/example_bash_operator.py
[2023-10-03T08:03:24.142+0000] {processor.py:839} INFO - DAG(s) dict_keys(['example_bash_operator']) retrieved from /home/airflow/.local/lib/python3.8/site-packages/airflow/example_dags/example_bash_operator.py
[2023-10-03T08:03:24.155+0000] {logging_mixin.py:151} INFO - [2023-10-03T08:03:24.155+0000] {dag.py:2915} INFO - Sync 1 DAGs
[2023-10-03T08:03:24.165+0000] {logging_mixin.py:151} INFO - [2023-10-03T08:03:24.165+0000] {dag.py:3696} INFO - Setting next_dagrun for example_bash_operator to 2023-10-02T00:00:00+00:00, run_after=2023-10-03T00:00:00+00:00
[2023-10-03T08:03:24.172+0000] {processor.py:179} INFO - Processing /home/airflow/.local/lib/python3.8/site-packages/airflow/example_dags/example_bash_operator.py took 0.040 seconds
[2023-10-03T08:03:54.509+0000] {processor.py:157} INFO - Started process (PID=834) to work on /home/airflow/.local/lib/python3.8/site-packages/airflow/example_dags/example_bash_operator.py
[2023-10-03T08:03:54.510+0000] {processor.py:829} INFO - Processing file /home/airflow/.local/lib/python3.8/site-packages/airflow/example_dags/example_bash_operator.py for tasks to queue
[2023-10-03T08:03:54.511+0000] {logging_mixin.py:151} INFO - [2023-10-03T08:03:54.511+0000] {dagbag.py:539} INFO - Filling up the DagBag from /home/airflow/.local/lib/python3.8/site-packages/airflow/example_dags/example_bash_operator.py
[2023-10-03T08:03:54.517+0000] {processor.py:839} INFO - DAG(s) dict_keys(['example_bash_operator']) retrieved from /home/airflow/.local/lib/python3.8/site-packages/airflow/example_dags/example_bash_operator.py
[2023-10-03T08:03:54.529+0000] {logging_mixin.py:151} INFO - [2023-10-03T08:03:54.529+0000] {dag.py:2915} INFO - Sync 1 DAGs
[2023-10-03T08:03:54.540+0000] {logging_mixin.py:151} INFO - [2023-10-03T08:03:54.540+0000] {dag.py:3696} INFO - Setting next_dagrun for example_bash_operator to 2023-10-02T00:00:00+00:00, run_after=2023-10-03T00:00:00+00:00
[2023-10-03T08:03:54.547+0000] {processor.py:179} INFO - Processing /home/airflow/.local/lib/python3.8/site-packages/airflow/example_dags/example_bash_operator.py took 0.039 seconds
[2023-10-03T08:04:25.055+0000] {processor.py:157} INFO - Started process (PID=893) to work on /home/airflow/.local/lib/python3.8/site-packages/airflow/example_dags/example_bash_operator.py
[2023-10-03T08:04:25.056+0000] {processor.py:829} INFO - Processing file /home/airflow/.local/lib/python3.8/site-packages/airflow/example_dags/example_bash_operator.py for tasks to queue
[2023-10-03T08:04:25.057+0000] {logging_mixin.py:151} INFO - [2023-10-03T08:04:25.057+0000] {dagbag.py:539} INFO - Filling up the DagBag from /home/airflow/.local/lib/python3.8/site-packages/airflow/example_dags/example_bash_operator.py
[2023-10-03T08:04:25.063+0000] {processor.py:839} INFO - DAG(s) dict_keys(['example_bash_operator']) retrieved from /home/airflow/.local/lib/python3.8/site-packages/airflow/example_dags/example_bash_operator.py
[2023-10-03T08:04:25.078+0000] {logging_mixin.py:151} INFO - [2023-10-03T08:04:25.078+0000] {dag.py:2915} INFO - Sync 1 DAGs
[2023-10-03T08:04:25.089+0000] {logging_mixin.py:151} INFO - [2023-10-03T08:04:25.089+0000] {dag.py:3696} INFO - Setting next_dagrun for example_bash_operator to 2023-10-02T00:00:00+00:00, run_after=2023-10-03T00:00:00+00:00
[2023-10-03T08:04:25.098+0000] {processor.py:179} INFO - Processing /home/airflow/.local/lib/python3.8/site-packages/airflow/example_dags/example_bash_operator.py took 0.045 seconds
[2023-10-03T08:04:55.651+0000] {processor.py:157} INFO - Started process (PID=952) to work on /home/airflow/.local/lib/python3.8/site-packages/airflow/example_dags/example_bash_operator.py
[2023-10-03T08:04:55.651+0000] {processor.py:829} INFO - Processing file /home/airflow/.local/lib/python3.8/site-packages/airflow/example_dags/example_bash_operator.py for tasks to queue
[2023-10-03T08:04:55.653+0000] {logging_mixin.py:151} INFO - [2023-10-03T08:04:55.653+0000] {dagbag.py:539} INFO - Filling up the DagBag from /home/airflow/.local/lib/python3.8/site-packages/airflow/example_dags/example_bash_operator.py
[2023-10-03T08:04:55.658+0000] {processor.py:839} INFO - DAG(s) dict_keys(['example_bash_operator']) retrieved from /home/airflow/.local/lib/python3.8/site-packages/airflow/example_dags/example_bash_operator.py
[2023-10-03T08:04:55.671+0000] {logging_mixin.py:151} INFO - [2023-10-03T08:04:55.671+0000] {dag.py:2915} INFO - Sync 1 DAGs
[2023-10-03T08:04:55.681+0000] {logging_mixin.py:151} INFO - [2023-10-03T08:04:55.681+0000] {dag.py:3696} INFO - Setting next_dagrun for example_bash_operator to 2023-10-02T00:00:00+00:00, run_after=2023-10-03T00:00:00+00:00
[2023-10-03T08:04:55.687+0000] {processor.py:179} INFO - Processing /home/airflow/.local/lib/python3.8/site-packages/airflow/example_dags/example_bash_operator.py took 0.038 seconds
[2023-10-03T08:05:26.696+0000] {processor.py:157} INFO - Started process (PID=1011) to work on /home/airflow/.local/lib/python3.8/site-packages/airflow/example_dags/example_bash_operator.py
[2023-10-03T08:05:26.697+0000] {processor.py:829} INFO - Processing file /home/airflow/.local/lib/python3.8/site-packages/airflow/example_dags/example_bash_operator.py for tasks to queue
[2023-10-03T08:05:26.698+0000] {logging_mixin.py:151} INFO - [2023-10-03T08:05:26.698+0000] {dagbag.py:539} INFO - Filling up the DagBag from /home/airflow/.local/lib/python3.8/site-packages/airflow/example_dags/example_bash_operator.py
[2023-10-03T08:05:26.704+0000] {processor.py:839} INFO - DAG(s) dict_keys(['example_bash_operator']) retrieved from /home/airflow/.local/lib/python3.8/site-packages/airflow/example_dags/example_bash_operator.py
[2023-10-03T08:05:26.717+0000] {logging_mixin.py:151} INFO - [2023-10-03T08:05:26.717+0000] {dag.py:2915} INFO - Sync 1 DAGs
[2023-10-03T08:05:26.728+0000] {logging_mixin.py:151} INFO - [2023-10-03T08:05:26.728+0000] {dag.py:3696} INFO - Setting next_dagrun for example_bash_operator to 2023-10-02T00:00:00+00:00, run_after=2023-10-03T00:00:00+00:00
[2023-10-03T08:05:26.737+0000] {processor.py:179} INFO - Processing /home/airflow/.local/lib/python3.8/site-packages/airflow/example_dags/example_bash_operator.py took 0.043 seconds
[2023-10-03T08:05:56.957+0000] {processor.py:157} INFO - Started process (PID=1070) to work on /home/airflow/.local/lib/python3.8/site-packages/airflow/example_dags/example_bash_operator.py
[2023-10-03T08:05:56.957+0000] {processor.py:829} INFO - Processing file /home/airflow/.local/lib/python3.8/site-packages/airflow/example_dags/example_bash_operator.py for tasks to queue
[2023-10-03T08:05:56.959+0000] {logging_mixin.py:151} INFO - [2023-10-03T08:05:56.958+0000] {dagbag.py:539} INFO - Filling up the DagBag from /home/airflow/.local/lib/python3.8/site-packages/airflow/example_dags/example_bash_operator.py
[2023-10-03T08:05:56.964+0000] {processor.py:839} INFO - DAG(s) dict_keys(['example_bash_operator']) retrieved from /home/airflow/.local/lib/python3.8/site-packages/airflow/example_dags/example_bash_operator.py
[2023-10-03T08:05:56.978+0000] {logging_mixin.py:151} INFO - [2023-10-03T08:05:56.978+0000] {dag.py:2915} INFO - Sync 1 DAGs
[2023-10-03T08:05:56.989+0000] {logging_mixin.py:151} INFO - [2023-10-03T08:05:56.989+0000] {dag.py:3696} INFO - Setting next_dagrun for example_bash_operator to 2023-10-02T00:00:00+00:00, run_after=2023-10-03T00:00:00+00:00
[2023-10-03T08:05:56.996+0000] {processor.py:179} INFO - Processing /home/airflow/.local/lib/python3.8/site-packages/airflow/example_dags/example_bash_operator.py took 0.042 seconds
[2023-10-03T08:06:27.219+0000] {processor.py:157} INFO - Started process (PID=1129) to work on /home/airflow/.local/lib/python3.8/site-packages/airflow/example_dags/example_bash_operator.py
[2023-10-03T08:06:27.220+0000] {processor.py:829} INFO - Processing file /home/airflow/.local/lib/python3.8/site-packages/airflow/example_dags/example_bash_operator.py for tasks to queue
[2023-10-03T08:06:27.222+0000] {logging_mixin.py:151} INFO - [2023-10-03T08:06:27.222+0000] {dagbag.py:539} INFO - Filling up the DagBag from /home/airflow/.local/lib/python3.8/site-packages/airflow/example_dags/example_bash_operator.py
[2023-10-03T08:06:27.227+0000] {processor.py:839} INFO - DAG(s) dict_keys(['example_bash_operator']) retrieved from /home/airflow/.local/lib/python3.8/site-packages/airflow/example_dags/example_bash_operator.py
[2023-10-03T08:06:27.240+0000] {logging_mixin.py:151} INFO - [2023-10-03T08:06:27.240+0000] {dag.py:2915} INFO - Sync 1 DAGs
[2023-10-03T08:06:27.250+0000] {logging_mixin.py:151} INFO - [2023-10-03T08:06:27.250+0000] {dag.py:3696} INFO - Setting next_dagrun for example_bash_operator to 2023-10-02T00:00:00+00:00, run_after=2023-10-03T00:00:00+00:00
[2023-10-03T08:06:27.257+0000] {processor.py:179} INFO - Processing /home/airflow/.local/lib/python3.8/site-packages/airflow/example_dags/example_bash_operator.py took 0.040 seconds
[2023-10-03T08:06:58.257+0000] {processor.py:157} INFO - Started process (PID=1188) to work on /home/airflow/.local/lib/python3.8/site-packages/airflow/example_dags/example_bash_operator.py
[2023-10-03T08:06:58.258+0000] {processor.py:829} INFO - Processing file /home/airflow/.local/lib/python3.8/site-packages/airflow/example_dags/example_bash_operator.py for tasks to queue
[2023-10-03T08:06:58.259+0000] {logging_mixin.py:151} INFO - [2023-10-03T08:06:58.259+0000] {dagbag.py:539} INFO - Filling up the DagBag from /home/airflow/.local/lib/python3.8/site-packages/airflow/example_dags/example_bash_operator.py
[2023-10-03T08:06:58.265+0000] {processor.py:839} INFO - DAG(s) dict_keys(['example_bash_operator']) retrieved from /home/airflow/.local/lib/python3.8/site-packages/airflow/example_dags/example_bash_operator.py
[2023-10-03T08:06:58.279+0000] {logging_mixin.py:151} INFO - [2023-10-03T08:06:58.279+0000] {dag.py:2915} INFO - Sync 1 DAGs
[2023-10-03T08:06:58.289+0000] {logging_mixin.py:151} INFO - [2023-10-03T08:06:58.289+0000] {dag.py:3696} INFO - Setting next_dagrun for example_bash_operator to 2023-10-02T00:00:00+00:00, run_after=2023-10-03T00:00:00+00:00
[2023-10-03T08:06:58.296+0000] {processor.py:179} INFO - Processing /home/airflow/.local/lib/python3.8/site-packages/airflow/example_dags/example_bash_operator.py took 0.041 seconds
