[2023-10-03T07:43:56.365+0000] {processor.py:157} INFO - Started process (PID=58) to work on /home/airflow/.local/lib/python3.8/site-packages/airflow/example_dags/example_sensors.py
[2023-10-03T07:43:56.367+0000] {processor.py:829} INFO - Processing file /home/airflow/.local/lib/python3.8/site-packages/airflow/example_dags/example_sensors.py for tasks to queue
[2023-10-03T07:43:56.371+0000] {logging_mixin.py:151} INFO - [2023-10-03T07:43:56.371+0000] {dagbag.py:539} INFO - Filling up the DagBag from /home/airflow/.local/lib/python3.8/site-packages/airflow/example_dags/example_sensors.py
[2023-10-03T07:43:56.384+0000] {processor.py:839} INFO - DAG(s) dict_keys(['example_sensors']) retrieved from /home/airflow/.local/lib/python3.8/site-packages/airflow/example_dags/example_sensors.py
[2023-10-03T07:43:56.455+0000] {logging_mixin.py:151} INFO - [2023-10-03T07:43:56.455+0000] {dag.py:2915} INFO - Sync 1 DAGs
[2023-10-03T07:43:56.481+0000] {logging_mixin.py:151} INFO - [2023-10-03T07:43:56.481+0000] {dag.py:3696} INFO - Setting next_dagrun for example_sensors to None, run_after=None
[2023-10-03T07:43:56.507+0000] {processor.py:179} INFO - Processing /home/airflow/.local/lib/python3.8/site-packages/airflow/example_dags/example_sensors.py took 0.148 seconds
[2023-10-03T07:44:26.777+0000] {processor.py:157} INFO - Started process (PID=117) to work on /home/airflow/.local/lib/python3.8/site-packages/airflow/example_dags/example_sensors.py
[2023-10-03T07:44:26.778+0000] {processor.py:829} INFO - Processing file /home/airflow/.local/lib/python3.8/site-packages/airflow/example_dags/example_sensors.py for tasks to queue
[2023-10-03T07:44:26.779+0000] {logging_mixin.py:151} INFO - [2023-10-03T07:44:26.779+0000] {dagbag.py:539} INFO - Filling up the DagBag from /home/airflow/.local/lib/python3.8/site-packages/airflow/example_dags/example_sensors.py
[2023-10-03T07:44:26.784+0000] {processor.py:839} INFO - DAG(s) dict_keys(['example_sensors']) retrieved from /home/airflow/.local/lib/python3.8/site-packages/airflow/example_dags/example_sensors.py
[2023-10-03T07:44:26.796+0000] {logging_mixin.py:151} INFO - [2023-10-03T07:44:26.795+0000] {dag.py:2915} INFO - Sync 1 DAGs
[2023-10-03T07:44:26.801+0000] {logging_mixin.py:151} INFO - [2023-10-03T07:44:26.801+0000] {dag.py:3696} INFO - Setting next_dagrun for example_sensors to None, run_after=None
[2023-10-03T07:44:26.809+0000] {processor.py:179} INFO - Processing /home/airflow/.local/lib/python3.8/site-packages/airflow/example_dags/example_sensors.py took 0.033 seconds
[2023-10-03T07:44:57.041+0000] {processor.py:157} INFO - Started process (PID=176) to work on /home/airflow/.local/lib/python3.8/site-packages/airflow/example_dags/example_sensors.py
[2023-10-03T07:44:57.042+0000] {processor.py:829} INFO - Processing file /home/airflow/.local/lib/python3.8/site-packages/airflow/example_dags/example_sensors.py for tasks to queue
[2023-10-03T07:44:57.043+0000] {logging_mixin.py:151} INFO - [2023-10-03T07:44:57.043+0000] {dagbag.py:539} INFO - Filling up the DagBag from /home/airflow/.local/lib/python3.8/site-packages/airflow/example_dags/example_sensors.py
[2023-10-03T07:44:57.048+0000] {processor.py:839} INFO - DAG(s) dict_keys(['example_sensors']) retrieved from /home/airflow/.local/lib/python3.8/site-packages/airflow/example_dags/example_sensors.py
[2023-10-03T07:44:57.059+0000] {logging_mixin.py:151} INFO - [2023-10-03T07:44:57.059+0000] {dag.py:2915} INFO - Sync 1 DAGs
[2023-10-03T07:44:57.064+0000] {logging_mixin.py:151} INFO - [2023-10-03T07:44:57.064+0000] {dag.py:3696} INFO - Setting next_dagrun for example_sensors to None, run_after=None
[2023-10-03T07:44:57.071+0000] {processor.py:179} INFO - Processing /home/airflow/.local/lib/python3.8/site-packages/airflow/example_dags/example_sensors.py took 0.032 seconds
[2023-10-03T07:45:27.608+0000] {processor.py:157} INFO - Started process (PID=235) to work on /home/airflow/.local/lib/python3.8/site-packages/airflow/example_dags/example_sensors.py
[2023-10-03T07:45:27.609+0000] {processor.py:829} INFO - Processing file /home/airflow/.local/lib/python3.8/site-packages/airflow/example_dags/example_sensors.py for tasks to queue
[2023-10-03T07:45:27.610+0000] {logging_mixin.py:151} INFO - [2023-10-03T07:45:27.610+0000] {dagbag.py:539} INFO - Filling up the DagBag from /home/airflow/.local/lib/python3.8/site-packages/airflow/example_dags/example_sensors.py
[2023-10-03T07:45:27.615+0000] {processor.py:839} INFO - DAG(s) dict_keys(['example_sensors']) retrieved from /home/airflow/.local/lib/python3.8/site-packages/airflow/example_dags/example_sensors.py
[2023-10-03T07:45:27.628+0000] {logging_mixin.py:151} INFO - [2023-10-03T07:45:27.628+0000] {dag.py:2915} INFO - Sync 1 DAGs
[2023-10-03T07:45:27.634+0000] {logging_mixin.py:151} INFO - [2023-10-03T07:45:27.634+0000] {dag.py:3696} INFO - Setting next_dagrun for example_sensors to None, run_after=None
[2023-10-03T07:45:27.642+0000] {processor.py:179} INFO - Processing /home/airflow/.local/lib/python3.8/site-packages/airflow/example_dags/example_sensors.py took 0.036 seconds
[2023-10-03T07:50:26.448+0000] {processor.py:157} INFO - Started process (PID=59) to work on /home/airflow/.local/lib/python3.8/site-packages/airflow/example_dags/example_sensors.py
[2023-10-03T07:50:26.450+0000] {processor.py:829} INFO - Processing file /home/airflow/.local/lib/python3.8/site-packages/airflow/example_dags/example_sensors.py for tasks to queue
[2023-10-03T07:50:26.459+0000] {logging_mixin.py:151} INFO - [2023-10-03T07:50:26.458+0000] {dagbag.py:539} INFO - Filling up the DagBag from /home/airflow/.local/lib/python3.8/site-packages/airflow/example_dags/example_sensors.py
[2023-10-03T07:50:26.481+0000] {processor.py:839} INFO - DAG(s) dict_keys(['example_sensors']) retrieved from /home/airflow/.local/lib/python3.8/site-packages/airflow/example_dags/example_sensors.py
[2023-10-03T07:50:26.494+0000] {logging_mixin.py:151} INFO - [2023-10-03T07:50:26.494+0000] {dag.py:2915} INFO - Sync 1 DAGs
[2023-10-03T07:50:26.505+0000] {logging_mixin.py:151} INFO - [2023-10-03T07:50:26.504+0000] {dag.py:3696} INFO - Setting next_dagrun for example_sensors to None, run_after=None
[2023-10-03T07:50:26.527+0000] {processor.py:179} INFO - Processing /home/airflow/.local/lib/python3.8/site-packages/airflow/example_dags/example_sensors.py took 0.082 seconds
[2023-10-03T07:50:57.384+0000] {processor.py:157} INFO - Started process (PID=118) to work on /home/airflow/.local/lib/python3.8/site-packages/airflow/example_dags/example_sensors.py
[2023-10-03T07:50:57.385+0000] {processor.py:829} INFO - Processing file /home/airflow/.local/lib/python3.8/site-packages/airflow/example_dags/example_sensors.py for tasks to queue
[2023-10-03T07:50:57.386+0000] {logging_mixin.py:151} INFO - [2023-10-03T07:50:57.386+0000] {dagbag.py:539} INFO - Filling up the DagBag from /home/airflow/.local/lib/python3.8/site-packages/airflow/example_dags/example_sensors.py
[2023-10-03T07:50:57.391+0000] {processor.py:839} INFO - DAG(s) dict_keys(['example_sensors']) retrieved from /home/airflow/.local/lib/python3.8/site-packages/airflow/example_dags/example_sensors.py
[2023-10-03T07:50:57.408+0000] {logging_mixin.py:151} INFO - [2023-10-03T07:50:57.407+0000] {dag.py:2915} INFO - Sync 1 DAGs
[2023-10-03T07:50:57.414+0000] {logging_mixin.py:151} INFO - [2023-10-03T07:50:57.414+0000] {dag.py:3696} INFO - Setting next_dagrun for example_sensors to None, run_after=None
[2023-10-03T07:50:57.423+0000] {processor.py:179} INFO - Processing /home/airflow/.local/lib/python3.8/site-packages/airflow/example_dags/example_sensors.py took 0.041 seconds
[2023-10-03T07:51:28.034+0000] {processor.py:157} INFO - Started process (PID=177) to work on /home/airflow/.local/lib/python3.8/site-packages/airflow/example_dags/example_sensors.py
[2023-10-03T07:51:28.034+0000] {processor.py:829} INFO - Processing file /home/airflow/.local/lib/python3.8/site-packages/airflow/example_dags/example_sensors.py for tasks to queue
[2023-10-03T07:51:28.036+0000] {logging_mixin.py:151} INFO - [2023-10-03T07:51:28.035+0000] {dagbag.py:539} INFO - Filling up the DagBag from /home/airflow/.local/lib/python3.8/site-packages/airflow/example_dags/example_sensors.py
[2023-10-03T07:51:28.040+0000] {processor.py:839} INFO - DAG(s) dict_keys(['example_sensors']) retrieved from /home/airflow/.local/lib/python3.8/site-packages/airflow/example_dags/example_sensors.py
[2023-10-03T07:51:28.052+0000] {logging_mixin.py:151} INFO - [2023-10-03T07:51:28.052+0000] {dag.py:2915} INFO - Sync 1 DAGs
[2023-10-03T07:51:28.058+0000] {logging_mixin.py:151} INFO - [2023-10-03T07:51:28.058+0000] {dag.py:3696} INFO - Setting next_dagrun for example_sensors to None, run_after=None
[2023-10-03T07:51:28.066+0000] {processor.py:179} INFO - Processing /home/airflow/.local/lib/python3.8/site-packages/airflow/example_dags/example_sensors.py took 0.035 seconds
[2023-10-03T07:57:14.740+0000] {processor.py:157} INFO - Started process (PID=59) to work on /home/airflow/.local/lib/python3.8/site-packages/airflow/example_dags/example_sensors.py
[2023-10-03T07:57:14.745+0000] {processor.py:829} INFO - Processing file /home/airflow/.local/lib/python3.8/site-packages/airflow/example_dags/example_sensors.py for tasks to queue
[2023-10-03T07:57:14.757+0000] {logging_mixin.py:151} INFO - [2023-10-03T07:57:14.757+0000] {dagbag.py:539} INFO - Filling up the DagBag from /home/airflow/.local/lib/python3.8/site-packages/airflow/example_dags/example_sensors.py
[2023-10-03T07:57:14.805+0000] {processor.py:839} INFO - DAG(s) dict_keys(['example_sensors']) retrieved from /home/airflow/.local/lib/python3.8/site-packages/airflow/example_dags/example_sensors.py
[2023-10-03T07:57:14.844+0000] {logging_mixin.py:151} INFO - [2023-10-03T07:57:14.843+0000] {dag.py:2915} INFO - Sync 1 DAGs
[2023-10-03T07:57:14.868+0000] {logging_mixin.py:151} INFO - [2023-10-03T07:57:14.868+0000] {dag.py:3696} INFO - Setting next_dagrun for example_sensors to None, run_after=None
[2023-10-03T07:57:14.907+0000] {processor.py:179} INFO - Processing /home/airflow/.local/lib/python3.8/site-packages/airflow/example_dags/example_sensors.py took 0.180 seconds
[2023-10-03T07:57:45.495+0000] {processor.py:157} INFO - Started process (PID=118) to work on /home/airflow/.local/lib/python3.8/site-packages/airflow/example_dags/example_sensors.py
[2023-10-03T07:57:45.496+0000] {processor.py:829} INFO - Processing file /home/airflow/.local/lib/python3.8/site-packages/airflow/example_dags/example_sensors.py for tasks to queue
[2023-10-03T07:57:45.497+0000] {logging_mixin.py:151} INFO - [2023-10-03T07:57:45.497+0000] {dagbag.py:539} INFO - Filling up the DagBag from /home/airflow/.local/lib/python3.8/site-packages/airflow/example_dags/example_sensors.py
[2023-10-03T07:57:45.502+0000] {processor.py:839} INFO - DAG(s) dict_keys(['example_sensors']) retrieved from /home/airflow/.local/lib/python3.8/site-packages/airflow/example_dags/example_sensors.py
[2023-10-03T07:57:45.514+0000] {logging_mixin.py:151} INFO - [2023-10-03T07:57:45.514+0000] {dag.py:2915} INFO - Sync 1 DAGs
[2023-10-03T07:57:45.520+0000] {logging_mixin.py:151} INFO - [2023-10-03T07:57:45.520+0000] {dag.py:3696} INFO - Setting next_dagrun for example_sensors to None, run_after=None
[2023-10-03T07:57:45.527+0000] {processor.py:179} INFO - Processing /home/airflow/.local/lib/python3.8/site-packages/airflow/example_dags/example_sensors.py took 0.033 seconds
[2023-10-03T07:58:15.815+0000] {processor.py:157} INFO - Started process (PID=177) to work on /home/airflow/.local/lib/python3.8/site-packages/airflow/example_dags/example_sensors.py
[2023-10-03T07:58:15.816+0000] {processor.py:829} INFO - Processing file /home/airflow/.local/lib/python3.8/site-packages/airflow/example_dags/example_sensors.py for tasks to queue
[2023-10-03T07:58:15.817+0000] {logging_mixin.py:151} INFO - [2023-10-03T07:58:15.817+0000] {dagbag.py:539} INFO - Filling up the DagBag from /home/airflow/.local/lib/python3.8/site-packages/airflow/example_dags/example_sensors.py
[2023-10-03T07:58:15.822+0000] {processor.py:839} INFO - DAG(s) dict_keys(['example_sensors']) retrieved from /home/airflow/.local/lib/python3.8/site-packages/airflow/example_dags/example_sensors.py
[2023-10-03T07:58:15.836+0000] {logging_mixin.py:151} INFO - [2023-10-03T07:58:15.836+0000] {dag.py:2915} INFO - Sync 1 DAGs
[2023-10-03T07:58:15.843+0000] {logging_mixin.py:151} INFO - [2023-10-03T07:58:15.843+0000] {dag.py:3696} INFO - Setting next_dagrun for example_sensors to None, run_after=None
[2023-10-03T07:58:15.851+0000] {processor.py:179} INFO - Processing /home/airflow/.local/lib/python3.8/site-packages/airflow/example_dags/example_sensors.py took 0.038 seconds
[2023-10-03T07:58:46.061+0000] {processor.py:157} INFO - Started process (PID=236) to work on /home/airflow/.local/lib/python3.8/site-packages/airflow/example_dags/example_sensors.py
[2023-10-03T07:58:46.062+0000] {processor.py:829} INFO - Processing file /home/airflow/.local/lib/python3.8/site-packages/airflow/example_dags/example_sensors.py for tasks to queue
[2023-10-03T07:58:46.063+0000] {logging_mixin.py:151} INFO - [2023-10-03T07:58:46.063+0000] {dagbag.py:539} INFO - Filling up the DagBag from /home/airflow/.local/lib/python3.8/site-packages/airflow/example_dags/example_sensors.py
[2023-10-03T07:58:46.068+0000] {processor.py:839} INFO - DAG(s) dict_keys(['example_sensors']) retrieved from /home/airflow/.local/lib/python3.8/site-packages/airflow/example_dags/example_sensors.py
[2023-10-03T07:58:46.080+0000] {logging_mixin.py:151} INFO - [2023-10-03T07:58:46.080+0000] {dag.py:2915} INFO - Sync 1 DAGs
[2023-10-03T07:58:46.086+0000] {logging_mixin.py:151} INFO - [2023-10-03T07:58:46.086+0000] {dag.py:3696} INFO - Setting next_dagrun for example_sensors to None, run_after=None
[2023-10-03T07:58:46.093+0000] {processor.py:179} INFO - Processing /home/airflow/.local/lib/python3.8/site-packages/airflow/example_dags/example_sensors.py took 0.034 seconds
[2023-10-03T07:59:17.358+0000] {processor.py:157} INFO - Started process (PID=295) to work on /home/airflow/.local/lib/python3.8/site-packages/airflow/example_dags/example_sensors.py
[2023-10-03T07:59:17.359+0000] {processor.py:829} INFO - Processing file /home/airflow/.local/lib/python3.8/site-packages/airflow/example_dags/example_sensors.py for tasks to queue
[2023-10-03T07:59:17.360+0000] {logging_mixin.py:151} INFO - [2023-10-03T07:59:17.360+0000] {dagbag.py:539} INFO - Filling up the DagBag from /home/airflow/.local/lib/python3.8/site-packages/airflow/example_dags/example_sensors.py
[2023-10-03T07:59:17.368+0000] {processor.py:839} INFO - DAG(s) dict_keys(['example_sensors']) retrieved from /home/airflow/.local/lib/python3.8/site-packages/airflow/example_dags/example_sensors.py
[2023-10-03T07:59:17.387+0000] {logging_mixin.py:151} INFO - [2023-10-03T07:59:17.387+0000] {dag.py:2915} INFO - Sync 1 DAGs
[2023-10-03T07:59:17.393+0000] {logging_mixin.py:151} INFO - [2023-10-03T07:59:17.393+0000] {dag.py:3696} INFO - Setting next_dagrun for example_sensors to None, run_after=None
[2023-10-03T07:59:17.402+0000] {processor.py:179} INFO - Processing /home/airflow/.local/lib/python3.8/site-packages/airflow/example_dags/example_sensors.py took 0.048 seconds
[2023-10-03T07:59:47.960+0000] {processor.py:157} INFO - Started process (PID=354) to work on /home/airflow/.local/lib/python3.8/site-packages/airflow/example_dags/example_sensors.py
[2023-10-03T07:59:47.961+0000] {processor.py:829} INFO - Processing file /home/airflow/.local/lib/python3.8/site-packages/airflow/example_dags/example_sensors.py for tasks to queue
[2023-10-03T07:59:47.962+0000] {logging_mixin.py:151} INFO - [2023-10-03T07:59:47.962+0000] {dagbag.py:539} INFO - Filling up the DagBag from /home/airflow/.local/lib/python3.8/site-packages/airflow/example_dags/example_sensors.py
[2023-10-03T07:59:47.967+0000] {processor.py:839} INFO - DAG(s) dict_keys(['example_sensors']) retrieved from /home/airflow/.local/lib/python3.8/site-packages/airflow/example_dags/example_sensors.py
[2023-10-03T07:59:47.978+0000] {logging_mixin.py:151} INFO - [2023-10-03T07:59:47.978+0000] {dag.py:2915} INFO - Sync 1 DAGs
[2023-10-03T07:59:47.984+0000] {logging_mixin.py:151} INFO - [2023-10-03T07:59:47.983+0000] {dag.py:3696} INFO - Setting next_dagrun for example_sensors to None, run_after=None
[2023-10-03T07:59:47.991+0000] {processor.py:179} INFO - Processing /home/airflow/.local/lib/python3.8/site-packages/airflow/example_dags/example_sensors.py took 0.032 seconds
[2023-10-03T08:00:19.280+0000] {processor.py:157} INFO - Started process (PID=413) to work on /home/airflow/.local/lib/python3.8/site-packages/airflow/example_dags/example_sensors.py
[2023-10-03T08:00:19.281+0000] {processor.py:829} INFO - Processing file /home/airflow/.local/lib/python3.8/site-packages/airflow/example_dags/example_sensors.py for tasks to queue
[2023-10-03T08:00:19.283+0000] {logging_mixin.py:151} INFO - [2023-10-03T08:00:19.283+0000] {dagbag.py:539} INFO - Filling up the DagBag from /home/airflow/.local/lib/python3.8/site-packages/airflow/example_dags/example_sensors.py
[2023-10-03T08:00:19.289+0000] {processor.py:839} INFO - DAG(s) dict_keys(['example_sensors']) retrieved from /home/airflow/.local/lib/python3.8/site-packages/airflow/example_dags/example_sensors.py
[2023-10-03T08:00:19.302+0000] {logging_mixin.py:151} INFO - [2023-10-03T08:00:19.301+0000] {dag.py:2915} INFO - Sync 1 DAGs
[2023-10-03T08:00:19.307+0000] {logging_mixin.py:151} INFO - [2023-10-03T08:00:19.307+0000] {dag.py:3696} INFO - Setting next_dagrun for example_sensors to None, run_after=None
[2023-10-03T08:00:19.315+0000] {processor.py:179} INFO - Processing /home/airflow/.local/lib/python3.8/site-packages/airflow/example_dags/example_sensors.py took 0.037 seconds
[2023-10-03T08:00:50.540+0000] {processor.py:157} INFO - Started process (PID=472) to work on /home/airflow/.local/lib/python3.8/site-packages/airflow/example_dags/example_sensors.py
[2023-10-03T08:00:50.541+0000] {processor.py:829} INFO - Processing file /home/airflow/.local/lib/python3.8/site-packages/airflow/example_dags/example_sensors.py for tasks to queue
[2023-10-03T08:00:50.542+0000] {logging_mixin.py:151} INFO - [2023-10-03T08:00:50.542+0000] {dagbag.py:539} INFO - Filling up the DagBag from /home/airflow/.local/lib/python3.8/site-packages/airflow/example_dags/example_sensors.py
[2023-10-03T08:00:50.547+0000] {processor.py:839} INFO - DAG(s) dict_keys(['example_sensors']) retrieved from /home/airflow/.local/lib/python3.8/site-packages/airflow/example_dags/example_sensors.py
[2023-10-03T08:00:50.560+0000] {logging_mixin.py:151} INFO - [2023-10-03T08:00:50.560+0000] {dag.py:2915} INFO - Sync 1 DAGs
[2023-10-03T08:00:50.565+0000] {logging_mixin.py:151} INFO - [2023-10-03T08:00:50.565+0000] {dag.py:3696} INFO - Setting next_dagrun for example_sensors to None, run_after=None
[2023-10-03T08:00:50.572+0000] {processor.py:179} INFO - Processing /home/airflow/.local/lib/python3.8/site-packages/airflow/example_dags/example_sensors.py took 0.034 seconds
[2023-10-03T08:01:21.551+0000] {processor.py:157} INFO - Started process (PID=531) to work on /home/airflow/.local/lib/python3.8/site-packages/airflow/example_dags/example_sensors.py
[2023-10-03T08:01:21.551+0000] {processor.py:829} INFO - Processing file /home/airflow/.local/lib/python3.8/site-packages/airflow/example_dags/example_sensors.py for tasks to queue
[2023-10-03T08:01:21.552+0000] {logging_mixin.py:151} INFO - [2023-10-03T08:01:21.552+0000] {dagbag.py:539} INFO - Filling up the DagBag from /home/airflow/.local/lib/python3.8/site-packages/airflow/example_dags/example_sensors.py
[2023-10-03T08:01:21.557+0000] {processor.py:839} INFO - DAG(s) dict_keys(['example_sensors']) retrieved from /home/airflow/.local/lib/python3.8/site-packages/airflow/example_dags/example_sensors.py
[2023-10-03T08:01:21.568+0000] {logging_mixin.py:151} INFO - [2023-10-03T08:01:21.568+0000] {dag.py:2915} INFO - Sync 1 DAGs
[2023-10-03T08:01:21.573+0000] {logging_mixin.py:151} INFO - [2023-10-03T08:01:21.573+0000] {dag.py:3696} INFO - Setting next_dagrun for example_sensors to None, run_after=None
[2023-10-03T08:01:21.581+0000] {processor.py:179} INFO - Processing /home/airflow/.local/lib/python3.8/site-packages/airflow/example_dags/example_sensors.py took 0.032 seconds
[2023-10-03T08:01:52.639+0000] {processor.py:157} INFO - Started process (PID=590) to work on /home/airflow/.local/lib/python3.8/site-packages/airflow/example_dags/example_sensors.py
[2023-10-03T08:01:52.640+0000] {processor.py:829} INFO - Processing file /home/airflow/.local/lib/python3.8/site-packages/airflow/example_dags/example_sensors.py for tasks to queue
[2023-10-03T08:01:52.641+0000] {logging_mixin.py:151} INFO - [2023-10-03T08:01:52.641+0000] {dagbag.py:539} INFO - Filling up the DagBag from /home/airflow/.local/lib/python3.8/site-packages/airflow/example_dags/example_sensors.py
[2023-10-03T08:01:52.646+0000] {processor.py:839} INFO - DAG(s) dict_keys(['example_sensors']) retrieved from /home/airflow/.local/lib/python3.8/site-packages/airflow/example_dags/example_sensors.py
[2023-10-03T08:01:52.657+0000] {logging_mixin.py:151} INFO - [2023-10-03T08:01:52.657+0000] {dag.py:2915} INFO - Sync 1 DAGs
[2023-10-03T08:01:52.662+0000] {logging_mixin.py:151} INFO - [2023-10-03T08:01:52.662+0000] {dag.py:3696} INFO - Setting next_dagrun for example_sensors to None, run_after=None
[2023-10-03T08:01:52.670+0000] {processor.py:179} INFO - Processing /home/airflow/.local/lib/python3.8/site-packages/airflow/example_dags/example_sensors.py took 0.034 seconds
[2023-10-03T08:02:23.100+0000] {processor.py:157} INFO - Started process (PID=649) to work on /home/airflow/.local/lib/python3.8/site-packages/airflow/example_dags/example_sensors.py
[2023-10-03T08:02:23.101+0000] {processor.py:829} INFO - Processing file /home/airflow/.local/lib/python3.8/site-packages/airflow/example_dags/example_sensors.py for tasks to queue
[2023-10-03T08:02:23.102+0000] {logging_mixin.py:151} INFO - [2023-10-03T08:02:23.102+0000] {dagbag.py:539} INFO - Filling up the DagBag from /home/airflow/.local/lib/python3.8/site-packages/airflow/example_dags/example_sensors.py
[2023-10-03T08:02:23.107+0000] {processor.py:839} INFO - DAG(s) dict_keys(['example_sensors']) retrieved from /home/airflow/.local/lib/python3.8/site-packages/airflow/example_dags/example_sensors.py
[2023-10-03T08:02:23.118+0000] {logging_mixin.py:151} INFO - [2023-10-03T08:02:23.118+0000] {dag.py:2915} INFO - Sync 1 DAGs
[2023-10-03T08:02:23.123+0000] {logging_mixin.py:151} INFO - [2023-10-03T08:02:23.123+0000] {dag.py:3696} INFO - Setting next_dagrun for example_sensors to None, run_after=None
[2023-10-03T08:02:23.131+0000] {processor.py:179} INFO - Processing /home/airflow/.local/lib/python3.8/site-packages/airflow/example_dags/example_sensors.py took 0.033 seconds
[2023-10-03T08:02:53.594+0000] {processor.py:157} INFO - Started process (PID=708) to work on /home/airflow/.local/lib/python3.8/site-packages/airflow/example_dags/example_sensors.py
[2023-10-03T08:02:53.594+0000] {processor.py:829} INFO - Processing file /home/airflow/.local/lib/python3.8/site-packages/airflow/example_dags/example_sensors.py for tasks to queue
[2023-10-03T08:02:53.596+0000] {logging_mixin.py:151} INFO - [2023-10-03T08:02:53.595+0000] {dagbag.py:539} INFO - Filling up the DagBag from /home/airflow/.local/lib/python3.8/site-packages/airflow/example_dags/example_sensors.py
[2023-10-03T08:02:53.601+0000] {processor.py:839} INFO - DAG(s) dict_keys(['example_sensors']) retrieved from /home/airflow/.local/lib/python3.8/site-packages/airflow/example_dags/example_sensors.py
[2023-10-03T08:02:53.612+0000] {logging_mixin.py:151} INFO - [2023-10-03T08:02:53.612+0000] {dag.py:2915} INFO - Sync 1 DAGs
[2023-10-03T08:02:53.619+0000] {logging_mixin.py:151} INFO - [2023-10-03T08:02:53.619+0000] {dag.py:3696} INFO - Setting next_dagrun for example_sensors to None, run_after=None
[2023-10-03T08:02:53.626+0000] {processor.py:179} INFO - Processing /home/airflow/.local/lib/python3.8/site-packages/airflow/example_dags/example_sensors.py took 0.034 seconds
[2023-10-03T08:03:23.850+0000] {processor.py:157} INFO - Started process (PID=767) to work on /home/airflow/.local/lib/python3.8/site-packages/airflow/example_dags/example_sensors.py
[2023-10-03T08:03:23.851+0000] {processor.py:829} INFO - Processing file /home/airflow/.local/lib/python3.8/site-packages/airflow/example_dags/example_sensors.py for tasks to queue
[2023-10-03T08:03:23.852+0000] {logging_mixin.py:151} INFO - [2023-10-03T08:03:23.852+0000] {dagbag.py:539} INFO - Filling up the DagBag from /home/airflow/.local/lib/python3.8/site-packages/airflow/example_dags/example_sensors.py
[2023-10-03T08:03:23.857+0000] {processor.py:839} INFO - DAG(s) dict_keys(['example_sensors']) retrieved from /home/airflow/.local/lib/python3.8/site-packages/airflow/example_dags/example_sensors.py
[2023-10-03T08:03:23.868+0000] {logging_mixin.py:151} INFO - [2023-10-03T08:03:23.868+0000] {dag.py:2915} INFO - Sync 1 DAGs
[2023-10-03T08:03:23.874+0000] {logging_mixin.py:151} INFO - [2023-10-03T08:03:23.873+0000] {dag.py:3696} INFO - Setting next_dagrun for example_sensors to None, run_after=None
[2023-10-03T08:03:23.881+0000] {processor.py:179} INFO - Processing /home/airflow/.local/lib/python3.8/site-packages/airflow/example_dags/example_sensors.py took 0.033 seconds
[2023-10-03T08:03:54.262+0000] {processor.py:157} INFO - Started process (PID=826) to work on /home/airflow/.local/lib/python3.8/site-packages/airflow/example_dags/example_sensors.py
[2023-10-03T08:03:54.262+0000] {processor.py:829} INFO - Processing file /home/airflow/.local/lib/python3.8/site-packages/airflow/example_dags/example_sensors.py for tasks to queue
[2023-10-03T08:03:54.264+0000] {logging_mixin.py:151} INFO - [2023-10-03T08:03:54.263+0000] {dagbag.py:539} INFO - Filling up the DagBag from /home/airflow/.local/lib/python3.8/site-packages/airflow/example_dags/example_sensors.py
[2023-10-03T08:03:54.268+0000] {processor.py:839} INFO - DAG(s) dict_keys(['example_sensors']) retrieved from /home/airflow/.local/lib/python3.8/site-packages/airflow/example_dags/example_sensors.py
[2023-10-03T08:03:54.279+0000] {logging_mixin.py:151} INFO - [2023-10-03T08:03:54.279+0000] {dag.py:2915} INFO - Sync 1 DAGs
[2023-10-03T08:03:54.285+0000] {logging_mixin.py:151} INFO - [2023-10-03T08:03:54.285+0000] {dag.py:3696} INFO - Setting next_dagrun for example_sensors to None, run_after=None
[2023-10-03T08:03:54.296+0000] {processor.py:179} INFO - Processing /home/airflow/.local/lib/python3.8/site-packages/airflow/example_dags/example_sensors.py took 0.037 seconds
[2023-10-03T08:04:24.663+0000] {processor.py:157} INFO - Started process (PID=885) to work on /home/airflow/.local/lib/python3.8/site-packages/airflow/example_dags/example_sensors.py
[2023-10-03T08:04:24.664+0000] {processor.py:829} INFO - Processing file /home/airflow/.local/lib/python3.8/site-packages/airflow/example_dags/example_sensors.py for tasks to queue
[2023-10-03T08:04:24.666+0000] {logging_mixin.py:151} INFO - [2023-10-03T08:04:24.666+0000] {dagbag.py:539} INFO - Filling up the DagBag from /home/airflow/.local/lib/python3.8/site-packages/airflow/example_dags/example_sensors.py
[2023-10-03T08:04:24.675+0000] {processor.py:839} INFO - DAG(s) dict_keys(['example_sensors']) retrieved from /home/airflow/.local/lib/python3.8/site-packages/airflow/example_dags/example_sensors.py
[2023-10-03T08:04:24.688+0000] {logging_mixin.py:151} INFO - [2023-10-03T08:04:24.688+0000] {dag.py:2915} INFO - Sync 1 DAGs
[2023-10-03T08:04:24.694+0000] {logging_mixin.py:151} INFO - [2023-10-03T08:04:24.694+0000] {dag.py:3696} INFO - Setting next_dagrun for example_sensors to None, run_after=None
[2023-10-03T08:04:24.703+0000] {processor.py:179} INFO - Processing /home/airflow/.local/lib/python3.8/site-packages/airflow/example_dags/example_sensors.py took 0.044 seconds
[2023-10-03T08:04:55.415+0000] {processor.py:157} INFO - Started process (PID=944) to work on /home/airflow/.local/lib/python3.8/site-packages/airflow/example_dags/example_sensors.py
[2023-10-03T08:04:55.416+0000] {processor.py:829} INFO - Processing file /home/airflow/.local/lib/python3.8/site-packages/airflow/example_dags/example_sensors.py for tasks to queue
[2023-10-03T08:04:55.417+0000] {logging_mixin.py:151} INFO - [2023-10-03T08:04:55.417+0000] {dagbag.py:539} INFO - Filling up the DagBag from /home/airflow/.local/lib/python3.8/site-packages/airflow/example_dags/example_sensors.py
[2023-10-03T08:04:55.422+0000] {processor.py:839} INFO - DAG(s) dict_keys(['example_sensors']) retrieved from /home/airflow/.local/lib/python3.8/site-packages/airflow/example_dags/example_sensors.py
[2023-10-03T08:04:55.433+0000] {logging_mixin.py:151} INFO - [2023-10-03T08:04:55.433+0000] {dag.py:2915} INFO - Sync 1 DAGs
[2023-10-03T08:04:55.438+0000] {logging_mixin.py:151} INFO - [2023-10-03T08:04:55.438+0000] {dag.py:3696} INFO - Setting next_dagrun for example_sensors to None, run_after=None
[2023-10-03T08:04:55.446+0000] {processor.py:179} INFO - Processing /home/airflow/.local/lib/python3.8/site-packages/airflow/example_dags/example_sensors.py took 0.032 seconds
[2023-10-03T08:05:26.445+0000] {processor.py:157} INFO - Started process (PID=1003) to work on /home/airflow/.local/lib/python3.8/site-packages/airflow/example_dags/example_sensors.py
[2023-10-03T08:05:26.446+0000] {processor.py:829} INFO - Processing file /home/airflow/.local/lib/python3.8/site-packages/airflow/example_dags/example_sensors.py for tasks to queue
[2023-10-03T08:05:26.447+0000] {logging_mixin.py:151} INFO - [2023-10-03T08:05:26.447+0000] {dagbag.py:539} INFO - Filling up the DagBag from /home/airflow/.local/lib/python3.8/site-packages/airflow/example_dags/example_sensors.py
[2023-10-03T08:05:26.456+0000] {processor.py:839} INFO - DAG(s) dict_keys(['example_sensors']) retrieved from /home/airflow/.local/lib/python3.8/site-packages/airflow/example_dags/example_sensors.py
[2023-10-03T08:05:26.473+0000] {logging_mixin.py:151} INFO - [2023-10-03T08:05:26.473+0000] {dag.py:2915} INFO - Sync 1 DAGs
[2023-10-03T08:05:26.479+0000] {logging_mixin.py:151} INFO - [2023-10-03T08:05:26.479+0000] {dag.py:3696} INFO - Setting next_dagrun for example_sensors to None, run_after=None
[2023-10-03T08:05:26.487+0000] {processor.py:179} INFO - Processing /home/airflow/.local/lib/python3.8/site-packages/airflow/example_dags/example_sensors.py took 0.043 seconds
[2023-10-03T08:05:56.714+0000] {processor.py:157} INFO - Started process (PID=1062) to work on /home/airflow/.local/lib/python3.8/site-packages/airflow/example_dags/example_sensors.py
[2023-10-03T08:05:56.714+0000] {processor.py:829} INFO - Processing file /home/airflow/.local/lib/python3.8/site-packages/airflow/example_dags/example_sensors.py for tasks to queue
[2023-10-03T08:05:56.716+0000] {logging_mixin.py:151} INFO - [2023-10-03T08:05:56.715+0000] {dagbag.py:539} INFO - Filling up the DagBag from /home/airflow/.local/lib/python3.8/site-packages/airflow/example_dags/example_sensors.py
[2023-10-03T08:05:56.720+0000] {processor.py:839} INFO - DAG(s) dict_keys(['example_sensors']) retrieved from /home/airflow/.local/lib/python3.8/site-packages/airflow/example_dags/example_sensors.py
[2023-10-03T08:05:56.731+0000] {logging_mixin.py:151} INFO - [2023-10-03T08:05:56.731+0000] {dag.py:2915} INFO - Sync 1 DAGs
[2023-10-03T08:05:56.737+0000] {logging_mixin.py:151} INFO - [2023-10-03T08:05:56.737+0000] {dag.py:3696} INFO - Setting next_dagrun for example_sensors to None, run_after=None
[2023-10-03T08:05:56.744+0000] {processor.py:179} INFO - Processing /home/airflow/.local/lib/python3.8/site-packages/airflow/example_dags/example_sensors.py took 0.032 seconds
[2023-10-03T08:06:26.966+0000] {processor.py:157} INFO - Started process (PID=1121) to work on /home/airflow/.local/lib/python3.8/site-packages/airflow/example_dags/example_sensors.py
[2023-10-03T08:06:26.966+0000] {processor.py:829} INFO - Processing file /home/airflow/.local/lib/python3.8/site-packages/airflow/example_dags/example_sensors.py for tasks to queue
[2023-10-03T08:06:26.968+0000] {logging_mixin.py:151} INFO - [2023-10-03T08:06:26.967+0000] {dagbag.py:539} INFO - Filling up the DagBag from /home/airflow/.local/lib/python3.8/site-packages/airflow/example_dags/example_sensors.py
[2023-10-03T08:06:26.972+0000] {processor.py:839} INFO - DAG(s) dict_keys(['example_sensors']) retrieved from /home/airflow/.local/lib/python3.8/site-packages/airflow/example_dags/example_sensors.py
[2023-10-03T08:06:26.984+0000] {logging_mixin.py:151} INFO - [2023-10-03T08:06:26.984+0000] {dag.py:2915} INFO - Sync 1 DAGs
[2023-10-03T08:06:26.989+0000] {logging_mixin.py:151} INFO - [2023-10-03T08:06:26.989+0000] {dag.py:3696} INFO - Setting next_dagrun for example_sensors to None, run_after=None
[2023-10-03T08:06:26.996+0000] {processor.py:179} INFO - Processing /home/airflow/.local/lib/python3.8/site-packages/airflow/example_dags/example_sensors.py took 0.032 seconds
[2023-10-03T08:06:58.006+0000] {processor.py:157} INFO - Started process (PID=1180) to work on /home/airflow/.local/lib/python3.8/site-packages/airflow/example_dags/example_sensors.py
[2023-10-03T08:06:58.006+0000] {processor.py:829} INFO - Processing file /home/airflow/.local/lib/python3.8/site-packages/airflow/example_dags/example_sensors.py for tasks to queue
[2023-10-03T08:06:58.007+0000] {logging_mixin.py:151} INFO - [2023-10-03T08:06:58.007+0000] {dagbag.py:539} INFO - Filling up the DagBag from /home/airflow/.local/lib/python3.8/site-packages/airflow/example_dags/example_sensors.py
[2023-10-03T08:06:58.012+0000] {processor.py:839} INFO - DAG(s) dict_keys(['example_sensors']) retrieved from /home/airflow/.local/lib/python3.8/site-packages/airflow/example_dags/example_sensors.py
[2023-10-03T08:06:58.024+0000] {logging_mixin.py:151} INFO - [2023-10-03T08:06:58.023+0000] {dag.py:2915} INFO - Sync 1 DAGs
[2023-10-03T08:06:58.029+0000] {logging_mixin.py:151} INFO - [2023-10-03T08:06:58.029+0000] {dag.py:3696} INFO - Setting next_dagrun for example_sensors to None, run_after=None
[2023-10-03T08:06:58.036+0000] {processor.py:179} INFO - Processing /home/airflow/.local/lib/python3.8/site-packages/airflow/example_dags/example_sensors.py took 0.032 seconds
