[2023-10-03T07:43:55.504+0000] {processor.py:157} INFO - Started process (PID=49) to work on /home/airflow/.local/lib/python3.8/site-packages/airflow/example_dags/example_trigger_target_dag.py
[2023-10-03T07:43:55.508+0000] {processor.py:829} INFO - Processing file /home/airflow/.local/lib/python3.8/site-packages/airflow/example_dags/example_trigger_target_dag.py for tasks to queue
[2023-10-03T07:43:55.513+0000] {logging_mixin.py:151} INFO - [2023-10-03T07:43:55.512+0000] {dagbag.py:539} INFO - Filling up the DagBag from /home/airflow/.local/lib/python3.8/site-packages/airflow/example_dags/example_trigger_target_dag.py
[2023-10-03T07:43:55.532+0000] {processor.py:839} INFO - DAG(s) dict_keys(['example_trigger_target_dag']) retrieved from /home/airflow/.local/lib/python3.8/site-packages/airflow/example_dags/example_trigger_target_dag.py
[2023-10-03T07:43:55.548+0000] {logging_mixin.py:151} INFO - [2023-10-03T07:43:55.548+0000] {dag.py:2915} INFO - Sync 1 DAGs
[2023-10-03T07:43:55.575+0000] {logging_mixin.py:151} INFO - [2023-10-03T07:43:55.574+0000] {dag.py:3696} INFO - Setting next_dagrun for example_trigger_target_dag to None, run_after=None
[2023-10-03T07:43:55.598+0000] {processor.py:179} INFO - Processing /home/airflow/.local/lib/python3.8/site-packages/airflow/example_dags/example_trigger_target_dag.py took 0.100 seconds
[2023-10-03T07:44:26.517+0000] {processor.py:157} INFO - Started process (PID=108) to work on /home/airflow/.local/lib/python3.8/site-packages/airflow/example_dags/example_trigger_target_dag.py
[2023-10-03T07:44:26.518+0000] {processor.py:829} INFO - Processing file /home/airflow/.local/lib/python3.8/site-packages/airflow/example_dags/example_trigger_target_dag.py for tasks to queue
[2023-10-03T07:44:26.519+0000] {logging_mixin.py:151} INFO - [2023-10-03T07:44:26.519+0000] {dagbag.py:539} INFO - Filling up the DagBag from /home/airflow/.local/lib/python3.8/site-packages/airflow/example_dags/example_trigger_target_dag.py
[2023-10-03T07:44:26.523+0000] {processor.py:839} INFO - DAG(s) dict_keys(['example_trigger_target_dag']) retrieved from /home/airflow/.local/lib/python3.8/site-packages/airflow/example_dags/example_trigger_target_dag.py
[2023-10-03T07:44:26.532+0000] {logging_mixin.py:151} INFO - [2023-10-03T07:44:26.532+0000] {dag.py:2915} INFO - Sync 1 DAGs
[2023-10-03T07:44:26.537+0000] {logging_mixin.py:151} INFO - [2023-10-03T07:44:26.537+0000] {dag.py:3696} INFO - Setting next_dagrun for example_trigger_target_dag to None, run_after=None
[2023-10-03T07:44:26.545+0000] {processor.py:179} INFO - Processing /home/airflow/.local/lib/python3.8/site-packages/airflow/example_dags/example_trigger_target_dag.py took 0.029 seconds
[2023-10-03T07:44:56.770+0000] {processor.py:157} INFO - Started process (PID=167) to work on /home/airflow/.local/lib/python3.8/site-packages/airflow/example_dags/example_trigger_target_dag.py
[2023-10-03T07:44:56.770+0000] {processor.py:829} INFO - Processing file /home/airflow/.local/lib/python3.8/site-packages/airflow/example_dags/example_trigger_target_dag.py for tasks to queue
[2023-10-03T07:44:56.772+0000] {logging_mixin.py:151} INFO - [2023-10-03T07:44:56.772+0000] {dagbag.py:539} INFO - Filling up the DagBag from /home/airflow/.local/lib/python3.8/site-packages/airflow/example_dags/example_trigger_target_dag.py
[2023-10-03T07:44:56.775+0000] {processor.py:839} INFO - DAG(s) dict_keys(['example_trigger_target_dag']) retrieved from /home/airflow/.local/lib/python3.8/site-packages/airflow/example_dags/example_trigger_target_dag.py
[2023-10-03T07:44:56.788+0000] {logging_mixin.py:151} INFO - [2023-10-03T07:44:56.788+0000] {dag.py:2915} INFO - Sync 1 DAGs
[2023-10-03T07:44:56.794+0000] {logging_mixin.py:151} INFO - [2023-10-03T07:44:56.794+0000] {dag.py:3696} INFO - Setting next_dagrun for example_trigger_target_dag to None, run_after=None
[2023-10-03T07:44:56.801+0000] {processor.py:179} INFO - Processing /home/airflow/.local/lib/python3.8/site-packages/airflow/example_dags/example_trigger_target_dag.py took 0.033 seconds
[2023-10-03T07:45:27.306+0000] {processor.py:157} INFO - Started process (PID=226) to work on /home/airflow/.local/lib/python3.8/site-packages/airflow/example_dags/example_trigger_target_dag.py
[2023-10-03T07:45:27.307+0000] {processor.py:829} INFO - Processing file /home/airflow/.local/lib/python3.8/site-packages/airflow/example_dags/example_trigger_target_dag.py for tasks to queue
[2023-10-03T07:45:27.309+0000] {logging_mixin.py:151} INFO - [2023-10-03T07:45:27.309+0000] {dagbag.py:539} INFO - Filling up the DagBag from /home/airflow/.local/lib/python3.8/site-packages/airflow/example_dags/example_trigger_target_dag.py
[2023-10-03T07:45:27.314+0000] {processor.py:839} INFO - DAG(s) dict_keys(['example_trigger_target_dag']) retrieved from /home/airflow/.local/lib/python3.8/site-packages/airflow/example_dags/example_trigger_target_dag.py
[2023-10-03T07:45:27.330+0000] {logging_mixin.py:151} INFO - [2023-10-03T07:45:27.329+0000] {dag.py:2915} INFO - Sync 1 DAGs
[2023-10-03T07:45:27.337+0000] {logging_mixin.py:151} INFO - [2023-10-03T07:45:27.337+0000] {dag.py:3696} INFO - Setting next_dagrun for example_trigger_target_dag to None, run_after=None
[2023-10-03T07:45:27.347+0000] {processor.py:179} INFO - Processing /home/airflow/.local/lib/python3.8/site-packages/airflow/example_dags/example_trigger_target_dag.py took 0.043 seconds
[2023-10-03T07:50:25.751+0000] {processor.py:157} INFO - Started process (PID=50) to work on /home/airflow/.local/lib/python3.8/site-packages/airflow/example_dags/example_trigger_target_dag.py
[2023-10-03T07:50:25.752+0000] {processor.py:829} INFO - Processing file /home/airflow/.local/lib/python3.8/site-packages/airflow/example_dags/example_trigger_target_dag.py for tasks to queue
[2023-10-03T07:50:25.759+0000] {logging_mixin.py:151} INFO - [2023-10-03T07:50:25.759+0000] {dagbag.py:539} INFO - Filling up the DagBag from /home/airflow/.local/lib/python3.8/site-packages/airflow/example_dags/example_trigger_target_dag.py
[2023-10-03T07:50:25.773+0000] {processor.py:839} INFO - DAG(s) dict_keys(['example_trigger_target_dag']) retrieved from /home/airflow/.local/lib/python3.8/site-packages/airflow/example_dags/example_trigger_target_dag.py
[2023-10-03T07:50:25.784+0000] {logging_mixin.py:151} INFO - [2023-10-03T07:50:25.783+0000] {dag.py:2915} INFO - Sync 1 DAGs
[2023-10-03T07:50:25.791+0000] {logging_mixin.py:151} INFO - [2023-10-03T07:50:25.791+0000] {dag.py:3696} INFO - Setting next_dagrun for example_trigger_target_dag to None, run_after=None
[2023-10-03T07:50:25.801+0000] {processor.py:179} INFO - Processing /home/airflow/.local/lib/python3.8/site-packages/airflow/example_dags/example_trigger_target_dag.py took 0.055 seconds
[2023-10-03T07:50:56.036+0000] {processor.py:157} INFO - Started process (PID=109) to work on /home/airflow/.local/lib/python3.8/site-packages/airflow/example_dags/example_trigger_target_dag.py
[2023-10-03T07:50:56.036+0000] {processor.py:829} INFO - Processing file /home/airflow/.local/lib/python3.8/site-packages/airflow/example_dags/example_trigger_target_dag.py for tasks to queue
[2023-10-03T07:50:56.038+0000] {logging_mixin.py:151} INFO - [2023-10-03T07:50:56.038+0000] {dagbag.py:539} INFO - Filling up the DagBag from /home/airflow/.local/lib/python3.8/site-packages/airflow/example_dags/example_trigger_target_dag.py
[2023-10-03T07:50:56.043+0000] {processor.py:839} INFO - DAG(s) dict_keys(['example_trigger_target_dag']) retrieved from /home/airflow/.local/lib/python3.8/site-packages/airflow/example_dags/example_trigger_target_dag.py
[2023-10-03T07:50:56.064+0000] {logging_mixin.py:151} INFO - [2023-10-03T07:50:56.064+0000] {dag.py:2915} INFO - Sync 1 DAGs
[2023-10-03T07:50:56.072+0000] {logging_mixin.py:151} INFO - [2023-10-03T07:50:56.072+0000] {dag.py:3696} INFO - Setting next_dagrun for example_trigger_target_dag to None, run_after=None
[2023-10-03T07:50:56.084+0000] {processor.py:179} INFO - Processing /home/airflow/.local/lib/python3.8/site-packages/airflow/example_dags/example_trigger_target_dag.py took 0.050 seconds
[2023-10-03T07:51:26.674+0000] {processor.py:157} INFO - Started process (PID=168) to work on /home/airflow/.local/lib/python3.8/site-packages/airflow/example_dags/example_trigger_target_dag.py
[2023-10-03T07:51:26.675+0000] {processor.py:829} INFO - Processing file /home/airflow/.local/lib/python3.8/site-packages/airflow/example_dags/example_trigger_target_dag.py for tasks to queue
[2023-10-03T07:51:26.676+0000] {logging_mixin.py:151} INFO - [2023-10-03T07:51:26.676+0000] {dagbag.py:539} INFO - Filling up the DagBag from /home/airflow/.local/lib/python3.8/site-packages/airflow/example_dags/example_trigger_target_dag.py
[2023-10-03T07:51:26.680+0000] {processor.py:839} INFO - DAG(s) dict_keys(['example_trigger_target_dag']) retrieved from /home/airflow/.local/lib/python3.8/site-packages/airflow/example_dags/example_trigger_target_dag.py
[2023-10-03T07:51:26.690+0000] {logging_mixin.py:151} INFO - [2023-10-03T07:51:26.690+0000] {dag.py:2915} INFO - Sync 1 DAGs
[2023-10-03T07:51:26.696+0000] {logging_mixin.py:151} INFO - [2023-10-03T07:51:26.696+0000] {dag.py:3696} INFO - Setting next_dagrun for example_trigger_target_dag to None, run_after=None
[2023-10-03T07:51:26.703+0000] {processor.py:179} INFO - Processing /home/airflow/.local/lib/python3.8/site-packages/airflow/example_dags/example_trigger_target_dag.py took 0.031 seconds
[2023-10-03T07:57:14.104+0000] {processor.py:157} INFO - Started process (PID=50) to work on /home/airflow/.local/lib/python3.8/site-packages/airflow/example_dags/example_trigger_target_dag.py
[2023-10-03T07:57:14.109+0000] {processor.py:829} INFO - Processing file /home/airflow/.local/lib/python3.8/site-packages/airflow/example_dags/example_trigger_target_dag.py for tasks to queue
[2023-10-03T07:57:14.111+0000] {logging_mixin.py:151} INFO - [2023-10-03T07:57:14.111+0000] {dagbag.py:539} INFO - Filling up the DagBag from /home/airflow/.local/lib/python3.8/site-packages/airflow/example_dags/example_trigger_target_dag.py
[2023-10-03T07:57:14.124+0000] {processor.py:839} INFO - DAG(s) dict_keys(['example_trigger_target_dag']) retrieved from /home/airflow/.local/lib/python3.8/site-packages/airflow/example_dags/example_trigger_target_dag.py
[2023-10-03T07:57:14.139+0000] {logging_mixin.py:151} INFO - [2023-10-03T07:57:14.139+0000] {dag.py:2915} INFO - Sync 1 DAGs
[2023-10-03T07:57:14.161+0000] {logging_mixin.py:151} INFO - [2023-10-03T07:57:14.161+0000] {dag.py:3696} INFO - Setting next_dagrun for example_trigger_target_dag to None, run_after=None
[2023-10-03T07:57:14.175+0000] {processor.py:179} INFO - Processing /home/airflow/.local/lib/python3.8/site-packages/airflow/example_dags/example_trigger_target_dag.py took 0.080 seconds
[2023-10-03T07:57:44.212+0000] {processor.py:157} INFO - Started process (PID=109) to work on /home/airflow/.local/lib/python3.8/site-packages/airflow/example_dags/example_trigger_target_dag.py
[2023-10-03T07:57:44.212+0000] {processor.py:829} INFO - Processing file /home/airflow/.local/lib/python3.8/site-packages/airflow/example_dags/example_trigger_target_dag.py for tasks to queue
[2023-10-03T07:57:44.214+0000] {logging_mixin.py:151} INFO - [2023-10-03T07:57:44.214+0000] {dagbag.py:539} INFO - Filling up the DagBag from /home/airflow/.local/lib/python3.8/site-packages/airflow/example_dags/example_trigger_target_dag.py
[2023-10-03T07:57:44.217+0000] {processor.py:839} INFO - DAG(s) dict_keys(['example_trigger_target_dag']) retrieved from /home/airflow/.local/lib/python3.8/site-packages/airflow/example_dags/example_trigger_target_dag.py
[2023-10-03T07:57:44.229+0000] {logging_mixin.py:151} INFO - [2023-10-03T07:57:44.228+0000] {dag.py:2915} INFO - Sync 1 DAGs
[2023-10-03T07:57:44.234+0000] {logging_mixin.py:151} INFO - [2023-10-03T07:57:44.234+0000] {dag.py:3696} INFO - Setting next_dagrun for example_trigger_target_dag to None, run_after=None
[2023-10-03T07:57:44.242+0000] {processor.py:179} INFO - Processing /home/airflow/.local/lib/python3.8/site-packages/airflow/example_dags/example_trigger_target_dag.py took 0.033 seconds
[2023-10-03T07:58:14.534+0000] {processor.py:157} INFO - Started process (PID=168) to work on /home/airflow/.local/lib/python3.8/site-packages/airflow/example_dags/example_trigger_target_dag.py
[2023-10-03T07:58:14.535+0000] {processor.py:829} INFO - Processing file /home/airflow/.local/lib/python3.8/site-packages/airflow/example_dags/example_trigger_target_dag.py for tasks to queue
[2023-10-03T07:58:14.536+0000] {logging_mixin.py:151} INFO - [2023-10-03T07:58:14.536+0000] {dagbag.py:539} INFO - Filling up the DagBag from /home/airflow/.local/lib/python3.8/site-packages/airflow/example_dags/example_trigger_target_dag.py
[2023-10-03T07:58:14.540+0000] {processor.py:839} INFO - DAG(s) dict_keys(['example_trigger_target_dag']) retrieved from /home/airflow/.local/lib/python3.8/site-packages/airflow/example_dags/example_trigger_target_dag.py
[2023-10-03T07:58:14.549+0000] {logging_mixin.py:151} INFO - [2023-10-03T07:58:14.549+0000] {dag.py:2915} INFO - Sync 1 DAGs
[2023-10-03T07:58:14.555+0000] {logging_mixin.py:151} INFO - [2023-10-03T07:58:14.555+0000] {dag.py:3696} INFO - Setting next_dagrun for example_trigger_target_dag to None, run_after=None
[2023-10-03T07:58:14.562+0000] {processor.py:179} INFO - Processing /home/airflow/.local/lib/python3.8/site-packages/airflow/example_dags/example_trigger_target_dag.py took 0.030 seconds
[2023-10-03T07:58:45.775+0000] {processor.py:157} INFO - Started process (PID=227) to work on /home/airflow/.local/lib/python3.8/site-packages/airflow/example_dags/example_trigger_target_dag.py
[2023-10-03T07:58:45.776+0000] {processor.py:829} INFO - Processing file /home/airflow/.local/lib/python3.8/site-packages/airflow/example_dags/example_trigger_target_dag.py for tasks to queue
[2023-10-03T07:58:45.778+0000] {logging_mixin.py:151} INFO - [2023-10-03T07:58:45.778+0000] {dagbag.py:539} INFO - Filling up the DagBag from /home/airflow/.local/lib/python3.8/site-packages/airflow/example_dags/example_trigger_target_dag.py
[2023-10-03T07:58:45.782+0000] {processor.py:839} INFO - DAG(s) dict_keys(['example_trigger_target_dag']) retrieved from /home/airflow/.local/lib/python3.8/site-packages/airflow/example_dags/example_trigger_target_dag.py
[2023-10-03T07:58:45.793+0000] {logging_mixin.py:151} INFO - [2023-10-03T07:58:45.793+0000] {dag.py:2915} INFO - Sync 1 DAGs
[2023-10-03T07:58:45.798+0000] {logging_mixin.py:151} INFO - [2023-10-03T07:58:45.798+0000] {dag.py:3696} INFO - Setting next_dagrun for example_trigger_target_dag to None, run_after=None
[2023-10-03T07:58:45.806+0000] {processor.py:179} INFO - Processing /home/airflow/.local/lib/python3.8/site-packages/airflow/example_dags/example_trigger_target_dag.py took 0.033 seconds
[2023-10-03T07:59:17.071+0000] {processor.py:157} INFO - Started process (PID=286) to work on /home/airflow/.local/lib/python3.8/site-packages/airflow/example_dags/example_trigger_target_dag.py
[2023-10-03T07:59:17.072+0000] {processor.py:829} INFO - Processing file /home/airflow/.local/lib/python3.8/site-packages/airflow/example_dags/example_trigger_target_dag.py for tasks to queue
[2023-10-03T07:59:17.074+0000] {logging_mixin.py:151} INFO - [2023-10-03T07:59:17.074+0000] {dagbag.py:539} INFO - Filling up the DagBag from /home/airflow/.local/lib/python3.8/site-packages/airflow/example_dags/example_trigger_target_dag.py
[2023-10-03T07:59:17.079+0000] {processor.py:839} INFO - DAG(s) dict_keys(['example_trigger_target_dag']) retrieved from /home/airflow/.local/lib/python3.8/site-packages/airflow/example_dags/example_trigger_target_dag.py
[2023-10-03T07:59:17.094+0000] {logging_mixin.py:151} INFO - [2023-10-03T07:59:17.094+0000] {dag.py:2915} INFO - Sync 1 DAGs
[2023-10-03T07:59:17.101+0000] {logging_mixin.py:151} INFO - [2023-10-03T07:59:17.101+0000] {dag.py:3696} INFO - Setting next_dagrun for example_trigger_target_dag to None, run_after=None
[2023-10-03T07:59:17.111+0000] {processor.py:179} INFO - Processing /home/airflow/.local/lib/python3.8/site-packages/airflow/example_dags/example_trigger_target_dag.py took 0.041 seconds
[2023-10-03T07:59:47.708+0000] {processor.py:157} INFO - Started process (PID=345) to work on /home/airflow/.local/lib/python3.8/site-packages/airflow/example_dags/example_trigger_target_dag.py
[2023-10-03T07:59:47.709+0000] {processor.py:829} INFO - Processing file /home/airflow/.local/lib/python3.8/site-packages/airflow/example_dags/example_trigger_target_dag.py for tasks to queue
[2023-10-03T07:59:47.710+0000] {logging_mixin.py:151} INFO - [2023-10-03T07:59:47.710+0000] {dagbag.py:539} INFO - Filling up the DagBag from /home/airflow/.local/lib/python3.8/site-packages/airflow/example_dags/example_trigger_target_dag.py
[2023-10-03T07:59:47.713+0000] {processor.py:839} INFO - DAG(s) dict_keys(['example_trigger_target_dag']) retrieved from /home/airflow/.local/lib/python3.8/site-packages/airflow/example_dags/example_trigger_target_dag.py
[2023-10-03T07:59:47.723+0000] {logging_mixin.py:151} INFO - [2023-10-03T07:59:47.723+0000] {dag.py:2915} INFO - Sync 1 DAGs
[2023-10-03T07:59:47.729+0000] {logging_mixin.py:151} INFO - [2023-10-03T07:59:47.729+0000] {dag.py:3696} INFO - Setting next_dagrun for example_trigger_target_dag to None, run_after=None
[2023-10-03T07:59:47.736+0000] {processor.py:179} INFO - Processing /home/airflow/.local/lib/python3.8/site-packages/airflow/example_dags/example_trigger_target_dag.py took 0.030 seconds
[2023-10-03T08:00:19.013+0000] {processor.py:157} INFO - Started process (PID=404) to work on /home/airflow/.local/lib/python3.8/site-packages/airflow/example_dags/example_trigger_target_dag.py
[2023-10-03T08:00:19.014+0000] {processor.py:829} INFO - Processing file /home/airflow/.local/lib/python3.8/site-packages/airflow/example_dags/example_trigger_target_dag.py for tasks to queue
[2023-10-03T08:00:19.016+0000] {logging_mixin.py:151} INFO - [2023-10-03T08:00:19.016+0000] {dagbag.py:539} INFO - Filling up the DagBag from /home/airflow/.local/lib/python3.8/site-packages/airflow/example_dags/example_trigger_target_dag.py
[2023-10-03T08:00:19.020+0000] {processor.py:839} INFO - DAG(s) dict_keys(['example_trigger_target_dag']) retrieved from /home/airflow/.local/lib/python3.8/site-packages/airflow/example_dags/example_trigger_target_dag.py
[2023-10-03T08:00:19.030+0000] {logging_mixin.py:151} INFO - [2023-10-03T08:00:19.030+0000] {dag.py:2915} INFO - Sync 1 DAGs
[2023-10-03T08:00:19.035+0000] {logging_mixin.py:151} INFO - [2023-10-03T08:00:19.035+0000] {dag.py:3696} INFO - Setting next_dagrun for example_trigger_target_dag to None, run_after=None
[2023-10-03T08:00:19.043+0000] {processor.py:179} INFO - Processing /home/airflow/.local/lib/python3.8/site-packages/airflow/example_dags/example_trigger_target_dag.py took 0.033 seconds
[2023-10-03T08:00:50.303+0000] {processor.py:157} INFO - Started process (PID=463) to work on /home/airflow/.local/lib/python3.8/site-packages/airflow/example_dags/example_trigger_target_dag.py
[2023-10-03T08:00:50.303+0000] {processor.py:829} INFO - Processing file /home/airflow/.local/lib/python3.8/site-packages/airflow/example_dags/example_trigger_target_dag.py for tasks to queue
[2023-10-03T08:00:50.305+0000] {logging_mixin.py:151} INFO - [2023-10-03T08:00:50.304+0000] {dagbag.py:539} INFO - Filling up the DagBag from /home/airflow/.local/lib/python3.8/site-packages/airflow/example_dags/example_trigger_target_dag.py
[2023-10-03T08:00:50.308+0000] {processor.py:839} INFO - DAG(s) dict_keys(['example_trigger_target_dag']) retrieved from /home/airflow/.local/lib/python3.8/site-packages/airflow/example_dags/example_trigger_target_dag.py
[2023-10-03T08:00:50.318+0000] {logging_mixin.py:151} INFO - [2023-10-03T08:00:50.318+0000] {dag.py:2915} INFO - Sync 1 DAGs
[2023-10-03T08:00:50.323+0000] {logging_mixin.py:151} INFO - [2023-10-03T08:00:50.323+0000] {dag.py:3696} INFO - Setting next_dagrun for example_trigger_target_dag to None, run_after=None
[2023-10-03T08:00:50.331+0000] {processor.py:179} INFO - Processing /home/airflow/.local/lib/python3.8/site-packages/airflow/example_dags/example_trigger_target_dag.py took 0.030 seconds
[2023-10-03T08:01:21.293+0000] {processor.py:157} INFO - Started process (PID=522) to work on /home/airflow/.local/lib/python3.8/site-packages/airflow/example_dags/example_trigger_target_dag.py
[2023-10-03T08:01:21.294+0000] {processor.py:829} INFO - Processing file /home/airflow/.local/lib/python3.8/site-packages/airflow/example_dags/example_trigger_target_dag.py for tasks to queue
[2023-10-03T08:01:21.295+0000] {logging_mixin.py:151} INFO - [2023-10-03T08:01:21.295+0000] {dagbag.py:539} INFO - Filling up the DagBag from /home/airflow/.local/lib/python3.8/site-packages/airflow/example_dags/example_trigger_target_dag.py
[2023-10-03T08:01:21.299+0000] {processor.py:839} INFO - DAG(s) dict_keys(['example_trigger_target_dag']) retrieved from /home/airflow/.local/lib/python3.8/site-packages/airflow/example_dags/example_trigger_target_dag.py
[2023-10-03T08:01:21.310+0000] {logging_mixin.py:151} INFO - [2023-10-03T08:01:21.309+0000] {dag.py:2915} INFO - Sync 1 DAGs
[2023-10-03T08:01:21.315+0000] {logging_mixin.py:151} INFO - [2023-10-03T08:01:21.315+0000] {dag.py:3696} INFO - Setting next_dagrun for example_trigger_target_dag to None, run_after=None
[2023-10-03T08:01:21.323+0000] {processor.py:179} INFO - Processing /home/airflow/.local/lib/python3.8/site-packages/airflow/example_dags/example_trigger_target_dag.py took 0.032 seconds
[2023-10-03T08:01:52.373+0000] {processor.py:157} INFO - Started process (PID=581) to work on /home/airflow/.local/lib/python3.8/site-packages/airflow/example_dags/example_trigger_target_dag.py
[2023-10-03T08:01:52.374+0000] {processor.py:829} INFO - Processing file /home/airflow/.local/lib/python3.8/site-packages/airflow/example_dags/example_trigger_target_dag.py for tasks to queue
[2023-10-03T08:01:52.375+0000] {logging_mixin.py:151} INFO - [2023-10-03T08:01:52.375+0000] {dagbag.py:539} INFO - Filling up the DagBag from /home/airflow/.local/lib/python3.8/site-packages/airflow/example_dags/example_trigger_target_dag.py
[2023-10-03T08:01:52.378+0000] {processor.py:839} INFO - DAG(s) dict_keys(['example_trigger_target_dag']) retrieved from /home/airflow/.local/lib/python3.8/site-packages/airflow/example_dags/example_trigger_target_dag.py
[2023-10-03T08:01:52.389+0000] {logging_mixin.py:151} INFO - [2023-10-03T08:01:52.388+0000] {dag.py:2915} INFO - Sync 1 DAGs
[2023-10-03T08:01:52.394+0000] {logging_mixin.py:151} INFO - [2023-10-03T08:01:52.394+0000] {dag.py:3696} INFO - Setting next_dagrun for example_trigger_target_dag to None, run_after=None
[2023-10-03T08:01:52.401+0000] {processor.py:179} INFO - Processing /home/airflow/.local/lib/python3.8/site-packages/airflow/example_dags/example_trigger_target_dag.py took 0.030 seconds
[2023-10-03T08:02:22.842+0000] {processor.py:157} INFO - Started process (PID=640) to work on /home/airflow/.local/lib/python3.8/site-packages/airflow/example_dags/example_trigger_target_dag.py
[2023-10-03T08:02:22.843+0000] {processor.py:829} INFO - Processing file /home/airflow/.local/lib/python3.8/site-packages/airflow/example_dags/example_trigger_target_dag.py for tasks to queue
[2023-10-03T08:02:22.844+0000] {logging_mixin.py:151} INFO - [2023-10-03T08:02:22.844+0000] {dagbag.py:539} INFO - Filling up the DagBag from /home/airflow/.local/lib/python3.8/site-packages/airflow/example_dags/example_trigger_target_dag.py
[2023-10-03T08:02:22.847+0000] {processor.py:839} INFO - DAG(s) dict_keys(['example_trigger_target_dag']) retrieved from /home/airflow/.local/lib/python3.8/site-packages/airflow/example_dags/example_trigger_target_dag.py
[2023-10-03T08:02:22.857+0000] {logging_mixin.py:151} INFO - [2023-10-03T08:02:22.857+0000] {dag.py:2915} INFO - Sync 1 DAGs
[2023-10-03T08:02:22.863+0000] {logging_mixin.py:151} INFO - [2023-10-03T08:02:22.863+0000] {dag.py:3696} INFO - Setting next_dagrun for example_trigger_target_dag to None, run_after=None
[2023-10-03T08:02:22.871+0000] {processor.py:179} INFO - Processing /home/airflow/.local/lib/python3.8/site-packages/airflow/example_dags/example_trigger_target_dag.py took 0.031 seconds
[2023-10-03T08:02:53.332+0000] {processor.py:157} INFO - Started process (PID=699) to work on /home/airflow/.local/lib/python3.8/site-packages/airflow/example_dags/example_trigger_target_dag.py
[2023-10-03T08:02:53.333+0000] {processor.py:829} INFO - Processing file /home/airflow/.local/lib/python3.8/site-packages/airflow/example_dags/example_trigger_target_dag.py for tasks to queue
[2023-10-03T08:02:53.334+0000] {logging_mixin.py:151} INFO - [2023-10-03T08:02:53.334+0000] {dagbag.py:539} INFO - Filling up the DagBag from /home/airflow/.local/lib/python3.8/site-packages/airflow/example_dags/example_trigger_target_dag.py
[2023-10-03T08:02:53.337+0000] {processor.py:839} INFO - DAG(s) dict_keys(['example_trigger_target_dag']) retrieved from /home/airflow/.local/lib/python3.8/site-packages/airflow/example_dags/example_trigger_target_dag.py
[2023-10-03T08:02:53.347+0000] {logging_mixin.py:151} INFO - [2023-10-03T08:02:53.347+0000] {dag.py:2915} INFO - Sync 1 DAGs
[2023-10-03T08:02:53.353+0000] {logging_mixin.py:151} INFO - [2023-10-03T08:02:53.353+0000] {dag.py:3696} INFO - Setting next_dagrun for example_trigger_target_dag to None, run_after=None
[2023-10-03T08:02:53.360+0000] {processor.py:179} INFO - Processing /home/airflow/.local/lib/python3.8/site-packages/airflow/example_dags/example_trigger_target_dag.py took 0.030 seconds
[2023-10-03T08:03:23.619+0000] {processor.py:157} INFO - Started process (PID=758) to work on /home/airflow/.local/lib/python3.8/site-packages/airflow/example_dags/example_trigger_target_dag.py
[2023-10-03T08:03:23.620+0000] {processor.py:829} INFO - Processing file /home/airflow/.local/lib/python3.8/site-packages/airflow/example_dags/example_trigger_target_dag.py for tasks to queue
[2023-10-03T08:03:23.621+0000] {logging_mixin.py:151} INFO - [2023-10-03T08:03:23.621+0000] {dagbag.py:539} INFO - Filling up the DagBag from /home/airflow/.local/lib/python3.8/site-packages/airflow/example_dags/example_trigger_target_dag.py
[2023-10-03T08:03:23.624+0000] {processor.py:839} INFO - DAG(s) dict_keys(['example_trigger_target_dag']) retrieved from /home/airflow/.local/lib/python3.8/site-packages/airflow/example_dags/example_trigger_target_dag.py
[2023-10-03T08:03:23.633+0000] {logging_mixin.py:151} INFO - [2023-10-03T08:03:23.633+0000] {dag.py:2915} INFO - Sync 1 DAGs
[2023-10-03T08:03:23.638+0000] {logging_mixin.py:151} INFO - [2023-10-03T08:03:23.638+0000] {dag.py:3696} INFO - Setting next_dagrun for example_trigger_target_dag to None, run_after=None
[2023-10-03T08:03:23.646+0000] {processor.py:179} INFO - Processing /home/airflow/.local/lib/python3.8/site-packages/airflow/example_dags/example_trigger_target_dag.py took 0.029 seconds
[2023-10-03T08:03:54.014+0000] {processor.py:157} INFO - Started process (PID=817) to work on /home/airflow/.local/lib/python3.8/site-packages/airflow/example_dags/example_trigger_target_dag.py
[2023-10-03T08:03:54.014+0000] {processor.py:829} INFO - Processing file /home/airflow/.local/lib/python3.8/site-packages/airflow/example_dags/example_trigger_target_dag.py for tasks to queue
[2023-10-03T08:03:54.016+0000] {logging_mixin.py:151} INFO - [2023-10-03T08:03:54.015+0000] {dagbag.py:539} INFO - Filling up the DagBag from /home/airflow/.local/lib/python3.8/site-packages/airflow/example_dags/example_trigger_target_dag.py
[2023-10-03T08:03:54.019+0000] {processor.py:839} INFO - DAG(s) dict_keys(['example_trigger_target_dag']) retrieved from /home/airflow/.local/lib/python3.8/site-packages/airflow/example_dags/example_trigger_target_dag.py
[2023-10-03T08:03:54.029+0000] {logging_mixin.py:151} INFO - [2023-10-03T08:03:54.029+0000] {dag.py:2915} INFO - Sync 1 DAGs
[2023-10-03T08:03:54.034+0000] {logging_mixin.py:151} INFO - [2023-10-03T08:03:54.034+0000] {dag.py:3696} INFO - Setting next_dagrun for example_trigger_target_dag to None, run_after=None
[2023-10-03T08:03:54.042+0000] {processor.py:179} INFO - Processing /home/airflow/.local/lib/python3.8/site-packages/airflow/example_dags/example_trigger_target_dag.py took 0.030 seconds
[2023-10-03T08:04:24.394+0000] {processor.py:157} INFO - Started process (PID=876) to work on /home/airflow/.local/lib/python3.8/site-packages/airflow/example_dags/example_trigger_target_dag.py
[2023-10-03T08:04:24.395+0000] {processor.py:829} INFO - Processing file /home/airflow/.local/lib/python3.8/site-packages/airflow/example_dags/example_trigger_target_dag.py for tasks to queue
[2023-10-03T08:04:24.396+0000] {logging_mixin.py:151} INFO - [2023-10-03T08:04:24.396+0000] {dagbag.py:539} INFO - Filling up the DagBag from /home/airflow/.local/lib/python3.8/site-packages/airflow/example_dags/example_trigger_target_dag.py
[2023-10-03T08:04:24.400+0000] {processor.py:839} INFO - DAG(s) dict_keys(['example_trigger_target_dag']) retrieved from /home/airflow/.local/lib/python3.8/site-packages/airflow/example_dags/example_trigger_target_dag.py
[2023-10-03T08:04:24.410+0000] {logging_mixin.py:151} INFO - [2023-10-03T08:04:24.410+0000] {dag.py:2915} INFO - Sync 1 DAGs
[2023-10-03T08:04:24.416+0000] {logging_mixin.py:151} INFO - [2023-10-03T08:04:24.416+0000] {dag.py:3696} INFO - Setting next_dagrun for example_trigger_target_dag to None, run_after=None
[2023-10-03T08:04:24.424+0000] {processor.py:179} INFO - Processing /home/airflow/.local/lib/python3.8/site-packages/airflow/example_dags/example_trigger_target_dag.py took 0.031 seconds
[2023-10-03T08:04:55.164+0000] {processor.py:157} INFO - Started process (PID=935) to work on /home/airflow/.local/lib/python3.8/site-packages/airflow/example_dags/example_trigger_target_dag.py
[2023-10-03T08:04:55.165+0000] {processor.py:829} INFO - Processing file /home/airflow/.local/lib/python3.8/site-packages/airflow/example_dags/example_trigger_target_dag.py for tasks to queue
[2023-10-03T08:04:55.166+0000] {logging_mixin.py:151} INFO - [2023-10-03T08:04:55.165+0000] {dagbag.py:539} INFO - Filling up the DagBag from /home/airflow/.local/lib/python3.8/site-packages/airflow/example_dags/example_trigger_target_dag.py
[2023-10-03T08:04:55.169+0000] {processor.py:839} INFO - DAG(s) dict_keys(['example_trigger_target_dag']) retrieved from /home/airflow/.local/lib/python3.8/site-packages/airflow/example_dags/example_trigger_target_dag.py
[2023-10-03T08:04:55.179+0000] {logging_mixin.py:151} INFO - [2023-10-03T08:04:55.179+0000] {dag.py:2915} INFO - Sync 1 DAGs
[2023-10-03T08:04:55.184+0000] {logging_mixin.py:151} INFO - [2023-10-03T08:04:55.184+0000] {dag.py:3696} INFO - Setting next_dagrun for example_trigger_target_dag to None, run_after=None
[2023-10-03T08:04:55.192+0000] {processor.py:179} INFO - Processing /home/airflow/.local/lib/python3.8/site-packages/airflow/example_dags/example_trigger_target_dag.py took 0.030 seconds
[2023-10-03T08:05:26.191+0000] {processor.py:157} INFO - Started process (PID=994) to work on /home/airflow/.local/lib/python3.8/site-packages/airflow/example_dags/example_trigger_target_dag.py
[2023-10-03T08:05:26.192+0000] {processor.py:829} INFO - Processing file /home/airflow/.local/lib/python3.8/site-packages/airflow/example_dags/example_trigger_target_dag.py for tasks to queue
[2023-10-03T08:05:26.193+0000] {logging_mixin.py:151} INFO - [2023-10-03T08:05:26.193+0000] {dagbag.py:539} INFO - Filling up the DagBag from /home/airflow/.local/lib/python3.8/site-packages/airflow/example_dags/example_trigger_target_dag.py
[2023-10-03T08:05:26.197+0000] {processor.py:839} INFO - DAG(s) dict_keys(['example_trigger_target_dag']) retrieved from /home/airflow/.local/lib/python3.8/site-packages/airflow/example_dags/example_trigger_target_dag.py
[2023-10-03T08:05:26.206+0000] {logging_mixin.py:151} INFO - [2023-10-03T08:05:26.206+0000] {dag.py:2915} INFO - Sync 1 DAGs
[2023-10-03T08:05:26.212+0000] {logging_mixin.py:151} INFO - [2023-10-03T08:05:26.212+0000] {dag.py:3696} INFO - Setting next_dagrun for example_trigger_target_dag to None, run_after=None
[2023-10-03T08:05:26.220+0000] {processor.py:179} INFO - Processing /home/airflow/.local/lib/python3.8/site-packages/airflow/example_dags/example_trigger_target_dag.py took 0.031 seconds
[2023-10-03T08:05:56.484+0000] {processor.py:157} INFO - Started process (PID=1053) to work on /home/airflow/.local/lib/python3.8/site-packages/airflow/example_dags/example_trigger_target_dag.py
[2023-10-03T08:05:56.484+0000] {processor.py:829} INFO - Processing file /home/airflow/.local/lib/python3.8/site-packages/airflow/example_dags/example_trigger_target_dag.py for tasks to queue
[2023-10-03T08:05:56.485+0000] {logging_mixin.py:151} INFO - [2023-10-03T08:05:56.485+0000] {dagbag.py:539} INFO - Filling up the DagBag from /home/airflow/.local/lib/python3.8/site-packages/airflow/example_dags/example_trigger_target_dag.py
[2023-10-03T08:05:56.489+0000] {processor.py:839} INFO - DAG(s) dict_keys(['example_trigger_target_dag']) retrieved from /home/airflow/.local/lib/python3.8/site-packages/airflow/example_dags/example_trigger_target_dag.py
[2023-10-03T08:05:56.498+0000] {logging_mixin.py:151} INFO - [2023-10-03T08:05:56.498+0000] {dag.py:2915} INFO - Sync 1 DAGs
[2023-10-03T08:05:56.503+0000] {logging_mixin.py:151} INFO - [2023-10-03T08:05:56.503+0000] {dag.py:3696} INFO - Setting next_dagrun for example_trigger_target_dag to None, run_after=None
[2023-10-03T08:05:56.510+0000] {processor.py:179} INFO - Processing /home/airflow/.local/lib/python3.8/site-packages/airflow/example_dags/example_trigger_target_dag.py took 0.028 seconds
[2023-10-03T08:06:26.701+0000] {processor.py:157} INFO - Started process (PID=1112) to work on /home/airflow/.local/lib/python3.8/site-packages/airflow/example_dags/example_trigger_target_dag.py
[2023-10-03T08:06:26.701+0000] {processor.py:829} INFO - Processing file /home/airflow/.local/lib/python3.8/site-packages/airflow/example_dags/example_trigger_target_dag.py for tasks to queue
[2023-10-03T08:06:26.703+0000] {logging_mixin.py:151} INFO - [2023-10-03T08:06:26.702+0000] {dagbag.py:539} INFO - Filling up the DagBag from /home/airflow/.local/lib/python3.8/site-packages/airflow/example_dags/example_trigger_target_dag.py
[2023-10-03T08:06:26.706+0000] {processor.py:839} INFO - DAG(s) dict_keys(['example_trigger_target_dag']) retrieved from /home/airflow/.local/lib/python3.8/site-packages/airflow/example_dags/example_trigger_target_dag.py
[2023-10-03T08:06:26.717+0000] {logging_mixin.py:151} INFO - [2023-10-03T08:06:26.717+0000] {dag.py:2915} INFO - Sync 1 DAGs
[2023-10-03T08:06:26.723+0000] {logging_mixin.py:151} INFO - [2023-10-03T08:06:26.723+0000] {dag.py:3696} INFO - Setting next_dagrun for example_trigger_target_dag to None, run_after=None
[2023-10-03T08:06:26.731+0000] {processor.py:179} INFO - Processing /home/airflow/.local/lib/python3.8/site-packages/airflow/example_dags/example_trigger_target_dag.py took 0.032 seconds
[2023-10-03T08:06:57.754+0000] {processor.py:157} INFO - Started process (PID=1171) to work on /home/airflow/.local/lib/python3.8/site-packages/airflow/example_dags/example_trigger_target_dag.py
[2023-10-03T08:06:57.755+0000] {processor.py:829} INFO - Processing file /home/airflow/.local/lib/python3.8/site-packages/airflow/example_dags/example_trigger_target_dag.py for tasks to queue
[2023-10-03T08:06:57.756+0000] {logging_mixin.py:151} INFO - [2023-10-03T08:06:57.756+0000] {dagbag.py:539} INFO - Filling up the DagBag from /home/airflow/.local/lib/python3.8/site-packages/airflow/example_dags/example_trigger_target_dag.py
[2023-10-03T08:06:57.760+0000] {processor.py:839} INFO - DAG(s) dict_keys(['example_trigger_target_dag']) retrieved from /home/airflow/.local/lib/python3.8/site-packages/airflow/example_dags/example_trigger_target_dag.py
[2023-10-03T08:06:57.771+0000] {logging_mixin.py:151} INFO - [2023-10-03T08:06:57.770+0000] {dag.py:2915} INFO - Sync 1 DAGs
[2023-10-03T08:06:57.777+0000] {logging_mixin.py:151} INFO - [2023-10-03T08:06:57.776+0000] {dag.py:3696} INFO - Setting next_dagrun for example_trigger_target_dag to None, run_after=None
[2023-10-03T08:06:57.785+0000] {processor.py:179} INFO - Processing /home/airflow/.local/lib/python3.8/site-packages/airflow/example_dags/example_trigger_target_dag.py took 0.032 seconds
[2023-10-03T08:07:28.620+0000] {processor.py:157} INFO - Started process (PID=1230) to work on /home/airflow/.local/lib/python3.8/site-packages/airflow/example_dags/example_trigger_target_dag.py
[2023-10-03T08:07:28.621+0000] {processor.py:829} INFO - Processing file /home/airflow/.local/lib/python3.8/site-packages/airflow/example_dags/example_trigger_target_dag.py for tasks to queue
[2023-10-03T08:07:28.622+0000] {logging_mixin.py:151} INFO - [2023-10-03T08:07:28.622+0000] {dagbag.py:539} INFO - Filling up the DagBag from /home/airflow/.local/lib/python3.8/site-packages/airflow/example_dags/example_trigger_target_dag.py
[2023-10-03T08:07:28.626+0000] {processor.py:839} INFO - DAG(s) dict_keys(['example_trigger_target_dag']) retrieved from /home/airflow/.local/lib/python3.8/site-packages/airflow/example_dags/example_trigger_target_dag.py
[2023-10-03T08:07:28.638+0000] {logging_mixin.py:151} INFO - [2023-10-03T08:07:28.638+0000] {dag.py:2915} INFO - Sync 1 DAGs
[2023-10-03T08:07:28.644+0000] {logging_mixin.py:151} INFO - [2023-10-03T08:07:28.644+0000] {dag.py:3696} INFO - Setting next_dagrun for example_trigger_target_dag to None, run_after=None
[2023-10-03T08:07:28.653+0000] {processor.py:179} INFO - Processing /home/airflow/.local/lib/python3.8/site-packages/airflow/example_dags/example_trigger_target_dag.py took 0.035 seconds
[2023-10-03T08:07:59.027+0000] {processor.py:157} INFO - Started process (PID=1289) to work on /home/airflow/.local/lib/python3.8/site-packages/airflow/example_dags/example_trigger_target_dag.py
[2023-10-03T08:07:59.028+0000] {processor.py:829} INFO - Processing file /home/airflow/.local/lib/python3.8/site-packages/airflow/example_dags/example_trigger_target_dag.py for tasks to queue
[2023-10-03T08:07:59.030+0000] {logging_mixin.py:151} INFO - [2023-10-03T08:07:59.029+0000] {dagbag.py:539} INFO - Filling up the DagBag from /home/airflow/.local/lib/python3.8/site-packages/airflow/example_dags/example_trigger_target_dag.py
[2023-10-03T08:07:59.035+0000] {processor.py:839} INFO - DAG(s) dict_keys(['example_trigger_target_dag']) retrieved from /home/airflow/.local/lib/python3.8/site-packages/airflow/example_dags/example_trigger_target_dag.py
[2023-10-03T08:07:59.047+0000] {logging_mixin.py:151} INFO - [2023-10-03T08:07:59.047+0000] {dag.py:2915} INFO - Sync 1 DAGs
[2023-10-03T08:07:59.053+0000] {logging_mixin.py:151} INFO - [2023-10-03T08:07:59.053+0000] {dag.py:3696} INFO - Setting next_dagrun for example_trigger_target_dag to None, run_after=None
[2023-10-03T08:07:59.061+0000] {processor.py:179} INFO - Processing /home/airflow/.local/lib/python3.8/site-packages/airflow/example_dags/example_trigger_target_dag.py took 0.036 seconds
[2023-10-03T08:08:29.443+0000] {processor.py:157} INFO - Started process (PID=1348) to work on /home/airflow/.local/lib/python3.8/site-packages/airflow/example_dags/example_trigger_target_dag.py
[2023-10-03T08:08:29.443+0000] {processor.py:829} INFO - Processing file /home/airflow/.local/lib/python3.8/site-packages/airflow/example_dags/example_trigger_target_dag.py for tasks to queue
[2023-10-03T08:08:29.444+0000] {logging_mixin.py:151} INFO - [2023-10-03T08:08:29.444+0000] {dagbag.py:539} INFO - Filling up the DagBag from /home/airflow/.local/lib/python3.8/site-packages/airflow/example_dags/example_trigger_target_dag.py
[2023-10-03T08:08:29.448+0000] {processor.py:839} INFO - DAG(s) dict_keys(['example_trigger_target_dag']) retrieved from /home/airflow/.local/lib/python3.8/site-packages/airflow/example_dags/example_trigger_target_dag.py
[2023-10-03T08:08:29.457+0000] {logging_mixin.py:151} INFO - [2023-10-03T08:08:29.457+0000] {dag.py:2915} INFO - Sync 1 DAGs
[2023-10-03T08:08:29.463+0000] {logging_mixin.py:151} INFO - [2023-10-03T08:08:29.463+0000] {dag.py:3696} INFO - Setting next_dagrun for example_trigger_target_dag to None, run_after=None
[2023-10-03T08:08:29.471+0000] {processor.py:179} INFO - Processing /home/airflow/.local/lib/python3.8/site-packages/airflow/example_dags/example_trigger_target_dag.py took 0.030 seconds
[2023-10-03T08:08:59.789+0000] {processor.py:157} INFO - Started process (PID=1407) to work on /home/airflow/.local/lib/python3.8/site-packages/airflow/example_dags/example_trigger_target_dag.py
[2023-10-03T08:08:59.790+0000] {processor.py:829} INFO - Processing file /home/airflow/.local/lib/python3.8/site-packages/airflow/example_dags/example_trigger_target_dag.py for tasks to queue
[2023-10-03T08:08:59.792+0000] {logging_mixin.py:151} INFO - [2023-10-03T08:08:59.791+0000] {dagbag.py:539} INFO - Filling up the DagBag from /home/airflow/.local/lib/python3.8/site-packages/airflow/example_dags/example_trigger_target_dag.py
[2023-10-03T08:08:59.795+0000] {processor.py:839} INFO - DAG(s) dict_keys(['example_trigger_target_dag']) retrieved from /home/airflow/.local/lib/python3.8/site-packages/airflow/example_dags/example_trigger_target_dag.py
[2023-10-03T08:08:59.815+0000] {logging_mixin.py:151} INFO - [2023-10-03T08:08:59.815+0000] {dag.py:2915} INFO - Sync 1 DAGs
[2023-10-03T08:08:59.821+0000] {logging_mixin.py:151} INFO - [2023-10-03T08:08:59.821+0000] {dag.py:3696} INFO - Setting next_dagrun for example_trigger_target_dag to None, run_after=None
[2023-10-03T08:08:59.828+0000] {processor.py:179} INFO - Processing /home/airflow/.local/lib/python3.8/site-packages/airflow/example_dags/example_trigger_target_dag.py took 0.041 seconds
[2023-10-03T08:09:30.324+0000] {processor.py:157} INFO - Started process (PID=1466) to work on /home/airflow/.local/lib/python3.8/site-packages/airflow/example_dags/example_trigger_target_dag.py
[2023-10-03T08:09:30.325+0000] {processor.py:829} INFO - Processing file /home/airflow/.local/lib/python3.8/site-packages/airflow/example_dags/example_trigger_target_dag.py for tasks to queue
[2023-10-03T08:09:30.326+0000] {logging_mixin.py:151} INFO - [2023-10-03T08:09:30.326+0000] {dagbag.py:539} INFO - Filling up the DagBag from /home/airflow/.local/lib/python3.8/site-packages/airflow/example_dags/example_trigger_target_dag.py
[2023-10-03T08:09:30.330+0000] {processor.py:839} INFO - DAG(s) dict_keys(['example_trigger_target_dag']) retrieved from /home/airflow/.local/lib/python3.8/site-packages/airflow/example_dags/example_trigger_target_dag.py
[2023-10-03T08:09:30.341+0000] {logging_mixin.py:151} INFO - [2023-10-03T08:09:30.341+0000] {dag.py:2915} INFO - Sync 1 DAGs
[2023-10-03T08:09:30.347+0000] {logging_mixin.py:151} INFO - [2023-10-03T08:09:30.347+0000] {dag.py:3696} INFO - Setting next_dagrun for example_trigger_target_dag to None, run_after=None
[2023-10-03T08:09:30.355+0000] {processor.py:179} INFO - Processing /home/airflow/.local/lib/python3.8/site-packages/airflow/example_dags/example_trigger_target_dag.py took 0.034 seconds
[2023-10-03T08:10:00.836+0000] {processor.py:157} INFO - Started process (PID=1525) to work on /home/airflow/.local/lib/python3.8/site-packages/airflow/example_dags/example_trigger_target_dag.py
[2023-10-03T08:10:00.837+0000] {processor.py:829} INFO - Processing file /home/airflow/.local/lib/python3.8/site-packages/airflow/example_dags/example_trigger_target_dag.py for tasks to queue
[2023-10-03T08:10:00.838+0000] {logging_mixin.py:151} INFO - [2023-10-03T08:10:00.838+0000] {dagbag.py:539} INFO - Filling up the DagBag from /home/airflow/.local/lib/python3.8/site-packages/airflow/example_dags/example_trigger_target_dag.py
[2023-10-03T08:10:00.841+0000] {processor.py:839} INFO - DAG(s) dict_keys(['example_trigger_target_dag']) retrieved from /home/airflow/.local/lib/python3.8/site-packages/airflow/example_dags/example_trigger_target_dag.py
[2023-10-03T08:10:00.847+0000] {logging_mixin.py:151} INFO - [2023-10-03T08:10:00.847+0000] {dag.py:2915} INFO - Sync 1 DAGs
[2023-10-03T08:10:00.853+0000] {logging_mixin.py:151} INFO - [2023-10-03T08:10:00.853+0000] {dag.py:3696} INFO - Setting next_dagrun for example_trigger_target_dag to None, run_after=None
[2023-10-03T08:10:00.860+0000] {processor.py:179} INFO - Processing /home/airflow/.local/lib/python3.8/site-packages/airflow/example_dags/example_trigger_target_dag.py took 0.026 seconds
[2023-10-03T08:10:31.811+0000] {processor.py:157} INFO - Started process (PID=1584) to work on /home/airflow/.local/lib/python3.8/site-packages/airflow/example_dags/example_trigger_target_dag.py
[2023-10-03T08:10:31.811+0000] {processor.py:829} INFO - Processing file /home/airflow/.local/lib/python3.8/site-packages/airflow/example_dags/example_trigger_target_dag.py for tasks to queue
[2023-10-03T08:10:31.813+0000] {logging_mixin.py:151} INFO - [2023-10-03T08:10:31.812+0000] {dagbag.py:539} INFO - Filling up the DagBag from /home/airflow/.local/lib/python3.8/site-packages/airflow/example_dags/example_trigger_target_dag.py
[2023-10-03T08:10:31.816+0000] {processor.py:839} INFO - DAG(s) dict_keys(['example_trigger_target_dag']) retrieved from /home/airflow/.local/lib/python3.8/site-packages/airflow/example_dags/example_trigger_target_dag.py
[2023-10-03T08:10:31.826+0000] {logging_mixin.py:151} INFO - [2023-10-03T08:10:31.826+0000] {dag.py:2915} INFO - Sync 1 DAGs
[2023-10-03T08:10:31.831+0000] {logging_mixin.py:151} INFO - [2023-10-03T08:10:31.831+0000] {dag.py:3696} INFO - Setting next_dagrun for example_trigger_target_dag to None, run_after=None
[2023-10-03T08:10:31.839+0000] {processor.py:179} INFO - Processing /home/airflow/.local/lib/python3.8/site-packages/airflow/example_dags/example_trigger_target_dag.py took 0.031 seconds
[2023-10-03T08:11:02.315+0000] {processor.py:157} INFO - Started process (PID=1643) to work on /home/airflow/.local/lib/python3.8/site-packages/airflow/example_dags/example_trigger_target_dag.py
[2023-10-03T08:11:02.315+0000] {processor.py:829} INFO - Processing file /home/airflow/.local/lib/python3.8/site-packages/airflow/example_dags/example_trigger_target_dag.py for tasks to queue
[2023-10-03T08:11:02.317+0000] {logging_mixin.py:151} INFO - [2023-10-03T08:11:02.316+0000] {dagbag.py:539} INFO - Filling up the DagBag from /home/airflow/.local/lib/python3.8/site-packages/airflow/example_dags/example_trigger_target_dag.py
[2023-10-03T08:11:02.320+0000] {processor.py:839} INFO - DAG(s) dict_keys(['example_trigger_target_dag']) retrieved from /home/airflow/.local/lib/python3.8/site-packages/airflow/example_dags/example_trigger_target_dag.py
[2023-10-03T08:11:02.330+0000] {logging_mixin.py:151} INFO - [2023-10-03T08:11:02.330+0000] {dag.py:2915} INFO - Sync 1 DAGs
[2023-10-03T08:11:02.336+0000] {logging_mixin.py:151} INFO - [2023-10-03T08:11:02.336+0000] {dag.py:3696} INFO - Setting next_dagrun for example_trigger_target_dag to None, run_after=None
[2023-10-03T08:11:02.343+0000] {processor.py:179} INFO - Processing /home/airflow/.local/lib/python3.8/site-packages/airflow/example_dags/example_trigger_target_dag.py took 0.031 seconds
[2023-10-03T08:11:32.602+0000] {processor.py:157} INFO - Started process (PID=1702) to work on /home/airflow/.local/lib/python3.8/site-packages/airflow/example_dags/example_trigger_target_dag.py
[2023-10-03T08:11:32.603+0000] {processor.py:829} INFO - Processing file /home/airflow/.local/lib/python3.8/site-packages/airflow/example_dags/example_trigger_target_dag.py for tasks to queue
[2023-10-03T08:11:32.604+0000] {logging_mixin.py:151} INFO - [2023-10-03T08:11:32.604+0000] {dagbag.py:539} INFO - Filling up the DagBag from /home/airflow/.local/lib/python3.8/site-packages/airflow/example_dags/example_trigger_target_dag.py
[2023-10-03T08:11:32.607+0000] {processor.py:839} INFO - DAG(s) dict_keys(['example_trigger_target_dag']) retrieved from /home/airflow/.local/lib/python3.8/site-packages/airflow/example_dags/example_trigger_target_dag.py
[2023-10-03T08:11:32.617+0000] {logging_mixin.py:151} INFO - [2023-10-03T08:11:32.617+0000] {dag.py:2915} INFO - Sync 1 DAGs
[2023-10-03T08:11:32.623+0000] {logging_mixin.py:151} INFO - [2023-10-03T08:11:32.623+0000] {dag.py:3696} INFO - Setting next_dagrun for example_trigger_target_dag to None, run_after=None
[2023-10-03T08:11:32.630+0000] {processor.py:179} INFO - Processing /home/airflow/.local/lib/python3.8/site-packages/airflow/example_dags/example_trigger_target_dag.py took 0.030 seconds
[2023-10-03T08:12:03.212+0000] {processor.py:157} INFO - Started process (PID=1761) to work on /home/airflow/.local/lib/python3.8/site-packages/airflow/example_dags/example_trigger_target_dag.py
[2023-10-03T08:12:03.213+0000] {processor.py:829} INFO - Processing file /home/airflow/.local/lib/python3.8/site-packages/airflow/example_dags/example_trigger_target_dag.py for tasks to queue
[2023-10-03T08:12:03.214+0000] {logging_mixin.py:151} INFO - [2023-10-03T08:12:03.214+0000] {dagbag.py:539} INFO - Filling up the DagBag from /home/airflow/.local/lib/python3.8/site-packages/airflow/example_dags/example_trigger_target_dag.py
[2023-10-03T08:12:03.218+0000] {processor.py:839} INFO - DAG(s) dict_keys(['example_trigger_target_dag']) retrieved from /home/airflow/.local/lib/python3.8/site-packages/airflow/example_dags/example_trigger_target_dag.py
[2023-10-03T08:12:03.228+0000] {logging_mixin.py:151} INFO - [2023-10-03T08:12:03.228+0000] {dag.py:2915} INFO - Sync 1 DAGs
[2023-10-03T08:12:03.234+0000] {logging_mixin.py:151} INFO - [2023-10-03T08:12:03.234+0000] {dag.py:3696} INFO - Setting next_dagrun for example_trigger_target_dag to None, run_after=None
[2023-10-03T08:12:03.241+0000] {processor.py:179} INFO - Processing /home/airflow/.local/lib/python3.8/site-packages/airflow/example_dags/example_trigger_target_dag.py took 0.031 seconds
[2023-10-03T08:12:33.451+0000] {processor.py:157} INFO - Started process (PID=1822) to work on /home/airflow/.local/lib/python3.8/site-packages/airflow/example_dags/example_trigger_target_dag.py
[2023-10-03T08:12:33.452+0000] {processor.py:829} INFO - Processing file /home/airflow/.local/lib/python3.8/site-packages/airflow/example_dags/example_trigger_target_dag.py for tasks to queue
[2023-10-03T08:12:33.455+0000] {logging_mixin.py:151} INFO - [2023-10-03T08:12:33.454+0000] {dagbag.py:539} INFO - Filling up the DagBag from /home/airflow/.local/lib/python3.8/site-packages/airflow/example_dags/example_trigger_target_dag.py
[2023-10-03T08:12:33.458+0000] {processor.py:839} INFO - DAG(s) dict_keys(['example_trigger_target_dag']) retrieved from /home/airflow/.local/lib/python3.8/site-packages/airflow/example_dags/example_trigger_target_dag.py
[2023-10-03T08:12:33.469+0000] {logging_mixin.py:151} INFO - [2023-10-03T08:12:33.468+0000] {dag.py:2915} INFO - Sync 1 DAGs
[2023-10-03T08:12:33.475+0000] {logging_mixin.py:151} INFO - [2023-10-03T08:12:33.474+0000] {dag.py:3696} INFO - Setting next_dagrun for example_trigger_target_dag to None, run_after=None
[2023-10-03T08:12:33.482+0000] {processor.py:179} INFO - Processing /home/airflow/.local/lib/python3.8/site-packages/airflow/example_dags/example_trigger_target_dag.py took 0.033 seconds
[2023-10-03T08:13:37.482+0000] {processor.py:157} INFO - Started process (PID=51) to work on /home/airflow/.local/lib/python3.8/site-packages/airflow/example_dags/example_trigger_target_dag.py
[2023-10-03T08:13:37.483+0000] {processor.py:829} INFO - Processing file /home/airflow/.local/lib/python3.8/site-packages/airflow/example_dags/example_trigger_target_dag.py for tasks to queue
[2023-10-03T08:13:37.486+0000] {logging_mixin.py:151} INFO - [2023-10-03T08:13:37.486+0000] {dagbag.py:539} INFO - Filling up the DagBag from /home/airflow/.local/lib/python3.8/site-packages/airflow/example_dags/example_trigger_target_dag.py
[2023-10-03T08:13:37.495+0000] {processor.py:839} INFO - DAG(s) dict_keys(['example_trigger_target_dag']) retrieved from /home/airflow/.local/lib/python3.8/site-packages/airflow/example_dags/example_trigger_target_dag.py
[2023-10-03T08:13:37.507+0000] {logging_mixin.py:151} INFO - [2023-10-03T08:13:37.507+0000] {dag.py:2915} INFO - Sync 1 DAGs
[2023-10-03T08:13:37.518+0000] {logging_mixin.py:151} INFO - [2023-10-03T08:13:37.517+0000] {dag.py:3696} INFO - Setting next_dagrun for example_trigger_target_dag to None, run_after=None
[2023-10-03T08:13:37.532+0000] {processor.py:179} INFO - Processing /home/airflow/.local/lib/python3.8/site-packages/airflow/example_dags/example_trigger_target_dag.py took 0.054 seconds
[2023-10-03T08:14:08.683+0000] {processor.py:157} INFO - Started process (PID=111) to work on /home/airflow/.local/lib/python3.8/site-packages/airflow/example_dags/example_trigger_target_dag.py
[2023-10-03T08:14:08.684+0000] {processor.py:829} INFO - Processing file /home/airflow/.local/lib/python3.8/site-packages/airflow/example_dags/example_trigger_target_dag.py for tasks to queue
[2023-10-03T08:14:08.685+0000] {logging_mixin.py:151} INFO - [2023-10-03T08:14:08.685+0000] {dagbag.py:539} INFO - Filling up the DagBag from /home/airflow/.local/lib/python3.8/site-packages/airflow/example_dags/example_trigger_target_dag.py
[2023-10-03T08:14:08.689+0000] {processor.py:839} INFO - DAG(s) dict_keys(['example_trigger_target_dag']) retrieved from /home/airflow/.local/lib/python3.8/site-packages/airflow/example_dags/example_trigger_target_dag.py
[2023-10-03T08:14:08.699+0000] {logging_mixin.py:151} INFO - [2023-10-03T08:14:08.699+0000] {dag.py:2915} INFO - Sync 1 DAGs
[2023-10-03T08:14:08.706+0000] {logging_mixin.py:151} INFO - [2023-10-03T08:14:08.705+0000] {dag.py:3696} INFO - Setting next_dagrun for example_trigger_target_dag to None, run_after=None
[2023-10-03T08:14:08.714+0000] {processor.py:179} INFO - Processing /home/airflow/.local/lib/python3.8/site-packages/airflow/example_dags/example_trigger_target_dag.py took 0.032 seconds
[2023-10-03T08:14:39.480+0000] {processor.py:157} INFO - Started process (PID=171) to work on /home/airflow/.local/lib/python3.8/site-packages/airflow/example_dags/example_trigger_target_dag.py
[2023-10-03T08:14:39.480+0000] {processor.py:829} INFO - Processing file /home/airflow/.local/lib/python3.8/site-packages/airflow/example_dags/example_trigger_target_dag.py for tasks to queue
[2023-10-03T08:14:39.481+0000] {logging_mixin.py:151} INFO - [2023-10-03T08:14:39.481+0000] {dagbag.py:539} INFO - Filling up the DagBag from /home/airflow/.local/lib/python3.8/site-packages/airflow/example_dags/example_trigger_target_dag.py
[2023-10-03T08:14:39.485+0000] {processor.py:839} INFO - DAG(s) dict_keys(['example_trigger_target_dag']) retrieved from /home/airflow/.local/lib/python3.8/site-packages/airflow/example_dags/example_trigger_target_dag.py
[2023-10-03T08:14:39.496+0000] {logging_mixin.py:151} INFO - [2023-10-03T08:14:39.496+0000] {dag.py:2915} INFO - Sync 1 DAGs
[2023-10-03T08:14:39.501+0000] {logging_mixin.py:151} INFO - [2023-10-03T08:14:39.501+0000] {dag.py:3696} INFO - Setting next_dagrun for example_trigger_target_dag to None, run_after=None
[2023-10-03T08:14:39.510+0000] {processor.py:179} INFO - Processing /home/airflow/.local/lib/python3.8/site-packages/airflow/example_dags/example_trigger_target_dag.py took 0.032 seconds
[2023-10-03T08:15:10.453+0000] {processor.py:157} INFO - Started process (PID=231) to work on /home/airflow/.local/lib/python3.8/site-packages/airflow/example_dags/example_trigger_target_dag.py
[2023-10-03T08:15:10.453+0000] {processor.py:829} INFO - Processing file /home/airflow/.local/lib/python3.8/site-packages/airflow/example_dags/example_trigger_target_dag.py for tasks to queue
[2023-10-03T08:15:10.455+0000] {logging_mixin.py:151} INFO - [2023-10-03T08:15:10.455+0000] {dagbag.py:539} INFO - Filling up the DagBag from /home/airflow/.local/lib/python3.8/site-packages/airflow/example_dags/example_trigger_target_dag.py
[2023-10-03T08:15:10.460+0000] {processor.py:839} INFO - DAG(s) dict_keys(['example_trigger_target_dag']) retrieved from /home/airflow/.local/lib/python3.8/site-packages/airflow/example_dags/example_trigger_target_dag.py
[2023-10-03T08:15:10.470+0000] {logging_mixin.py:151} INFO - [2023-10-03T08:15:10.470+0000] {dag.py:2915} INFO - Sync 1 DAGs
[2023-10-03T08:15:10.476+0000] {logging_mixin.py:151} INFO - [2023-10-03T08:15:10.476+0000] {dag.py:3696} INFO - Setting next_dagrun for example_trigger_target_dag to None, run_after=None
[2023-10-03T08:15:10.486+0000] {processor.py:179} INFO - Processing /home/airflow/.local/lib/python3.8/site-packages/airflow/example_dags/example_trigger_target_dag.py took 0.036 seconds
[2023-10-03T08:15:40.854+0000] {processor.py:157} INFO - Started process (PID=292) to work on /home/airflow/.local/lib/python3.8/site-packages/airflow/example_dags/example_trigger_target_dag.py
[2023-10-03T08:15:40.855+0000] {processor.py:829} INFO - Processing file /home/airflow/.local/lib/python3.8/site-packages/airflow/example_dags/example_trigger_target_dag.py for tasks to queue
[2023-10-03T08:15:40.856+0000] {logging_mixin.py:151} INFO - [2023-10-03T08:15:40.856+0000] {dagbag.py:539} INFO - Filling up the DagBag from /home/airflow/.local/lib/python3.8/site-packages/airflow/example_dags/example_trigger_target_dag.py
[2023-10-03T08:15:40.859+0000] {processor.py:839} INFO - DAG(s) dict_keys(['example_trigger_target_dag']) retrieved from /home/airflow/.local/lib/python3.8/site-packages/airflow/example_dags/example_trigger_target_dag.py
[2023-10-03T08:15:40.869+0000] {logging_mixin.py:151} INFO - [2023-10-03T08:15:40.869+0000] {dag.py:2915} INFO - Sync 1 DAGs
[2023-10-03T08:15:40.875+0000] {logging_mixin.py:151} INFO - [2023-10-03T08:15:40.875+0000] {dag.py:3696} INFO - Setting next_dagrun for example_trigger_target_dag to None, run_after=None
[2023-10-03T08:15:40.883+0000] {processor.py:179} INFO - Processing /home/airflow/.local/lib/python3.8/site-packages/airflow/example_dags/example_trigger_target_dag.py took 0.031 seconds
[2023-10-03T08:16:11.307+0000] {processor.py:157} INFO - Started process (PID=352) to work on /home/airflow/.local/lib/python3.8/site-packages/airflow/example_dags/example_trigger_target_dag.py
[2023-10-03T08:16:11.307+0000] {processor.py:829} INFO - Processing file /home/airflow/.local/lib/python3.8/site-packages/airflow/example_dags/example_trigger_target_dag.py for tasks to queue
[2023-10-03T08:16:11.309+0000] {logging_mixin.py:151} INFO - [2023-10-03T08:16:11.308+0000] {dagbag.py:539} INFO - Filling up the DagBag from /home/airflow/.local/lib/python3.8/site-packages/airflow/example_dags/example_trigger_target_dag.py
[2023-10-03T08:16:11.312+0000] {processor.py:839} INFO - DAG(s) dict_keys(['example_trigger_target_dag']) retrieved from /home/airflow/.local/lib/python3.8/site-packages/airflow/example_dags/example_trigger_target_dag.py
[2023-10-03T08:16:11.322+0000] {logging_mixin.py:151} INFO - [2023-10-03T08:16:11.322+0000] {dag.py:2915} INFO - Sync 1 DAGs
[2023-10-03T08:16:11.327+0000] {logging_mixin.py:151} INFO - [2023-10-03T08:16:11.327+0000] {dag.py:3696} INFO - Setting next_dagrun for example_trigger_target_dag to None, run_after=None
[2023-10-03T08:16:11.335+0000] {processor.py:179} INFO - Processing /home/airflow/.local/lib/python3.8/site-packages/airflow/example_dags/example_trigger_target_dag.py took 0.030 seconds
[2023-10-03T08:16:41.841+0000] {processor.py:157} INFO - Started process (PID=412) to work on /home/airflow/.local/lib/python3.8/site-packages/airflow/example_dags/example_trigger_target_dag.py
[2023-10-03T08:16:41.842+0000] {processor.py:829} INFO - Processing file /home/airflow/.local/lib/python3.8/site-packages/airflow/example_dags/example_trigger_target_dag.py for tasks to queue
[2023-10-03T08:16:41.843+0000] {logging_mixin.py:151} INFO - [2023-10-03T08:16:41.843+0000] {dagbag.py:539} INFO - Filling up the DagBag from /home/airflow/.local/lib/python3.8/site-packages/airflow/example_dags/example_trigger_target_dag.py
[2023-10-03T08:16:41.846+0000] {processor.py:839} INFO - DAG(s) dict_keys(['example_trigger_target_dag']) retrieved from /home/airflow/.local/lib/python3.8/site-packages/airflow/example_dags/example_trigger_target_dag.py
[2023-10-03T08:16:41.857+0000] {logging_mixin.py:151} INFO - [2023-10-03T08:16:41.856+0000] {dag.py:2915} INFO - Sync 1 DAGs
[2023-10-03T08:16:41.862+0000] {logging_mixin.py:151} INFO - [2023-10-03T08:16:41.862+0000] {dag.py:3696} INFO - Setting next_dagrun for example_trigger_target_dag to None, run_after=None
[2023-10-03T08:16:41.871+0000] {processor.py:179} INFO - Processing /home/airflow/.local/lib/python3.8/site-packages/airflow/example_dags/example_trigger_target_dag.py took 0.032 seconds
[2023-10-03T08:17:12.263+0000] {processor.py:157} INFO - Started process (PID=472) to work on /home/airflow/.local/lib/python3.8/site-packages/airflow/example_dags/example_trigger_target_dag.py
[2023-10-03T08:17:12.263+0000] {processor.py:829} INFO - Processing file /home/airflow/.local/lib/python3.8/site-packages/airflow/example_dags/example_trigger_target_dag.py for tasks to queue
[2023-10-03T08:17:12.265+0000] {logging_mixin.py:151} INFO - [2023-10-03T08:17:12.265+0000] {dagbag.py:539} INFO - Filling up the DagBag from /home/airflow/.local/lib/python3.8/site-packages/airflow/example_dags/example_trigger_target_dag.py
[2023-10-03T08:17:12.268+0000] {processor.py:839} INFO - DAG(s) dict_keys(['example_trigger_target_dag']) retrieved from /home/airflow/.local/lib/python3.8/site-packages/airflow/example_dags/example_trigger_target_dag.py
[2023-10-03T08:17:12.278+0000] {logging_mixin.py:151} INFO - [2023-10-03T08:17:12.278+0000] {dag.py:2915} INFO - Sync 1 DAGs
[2023-10-03T08:17:12.283+0000] {logging_mixin.py:151} INFO - [2023-10-03T08:17:12.283+0000] {dag.py:3696} INFO - Setting next_dagrun for example_trigger_target_dag to None, run_after=None
[2023-10-03T08:17:12.291+0000] {processor.py:179} INFO - Processing /home/airflow/.local/lib/python3.8/site-packages/airflow/example_dags/example_trigger_target_dag.py took 0.030 seconds
