[2023-10-03T07:43:57.633+0000] {processor.py:157} INFO - Started process (PID=68) to work on /home/airflow/.local/lib/python3.8/site-packages/airflow/example_dags/example_dag_decorator.py
[2023-10-03T07:43:57.634+0000] {processor.py:829} INFO - Processing file /home/airflow/.local/lib/python3.8/site-packages/airflow/example_dags/example_dag_decorator.py for tasks to queue
[2023-10-03T07:43:57.644+0000] {logging_mixin.py:151} INFO - [2023-10-03T07:43:57.644+0000] {dagbag.py:539} INFO - Filling up the DagBag from /home/airflow/.local/lib/python3.8/site-packages/airflow/example_dags/example_dag_decorator.py
[2023-10-03T07:43:57.920+0000] {processor.py:839} INFO - DAG(s) dict_keys(['example_dag_decorator']) retrieved from /home/airflow/.local/lib/python3.8/site-packages/airflow/example_dags/example_dag_decorator.py
[2023-10-03T07:43:57.936+0000] {logging_mixin.py:151} INFO - [2023-10-03T07:43:57.935+0000] {dag.py:2915} INFO - Sync 1 DAGs
[2023-10-03T07:43:57.959+0000] {logging_mixin.py:151} INFO - [2023-10-03T07:43:57.958+0000] {dag.py:3696} INFO - Setting next_dagrun for example_dag_decorator to None, run_after=None
[2023-10-03T07:43:58.022+0000] {processor.py:179} INFO - Processing /home/airflow/.local/lib/python3.8/site-packages/airflow/example_dags/example_dag_decorator.py took 0.394 seconds
[2023-10-03T07:44:28.141+0000] {processor.py:157} INFO - Started process (PID=128) to work on /home/airflow/.local/lib/python3.8/site-packages/airflow/example_dags/example_dag_decorator.py
[2023-10-03T07:44:28.142+0000] {processor.py:829} INFO - Processing file /home/airflow/.local/lib/python3.8/site-packages/airflow/example_dags/example_dag_decorator.py for tasks to queue
[2023-10-03T07:44:28.143+0000] {logging_mixin.py:151} INFO - [2023-10-03T07:44:28.143+0000] {dagbag.py:539} INFO - Filling up the DagBag from /home/airflow/.local/lib/python3.8/site-packages/airflow/example_dags/example_dag_decorator.py
[2023-10-03T07:44:28.184+0000] {processor.py:839} INFO - DAG(s) dict_keys(['example_dag_decorator']) retrieved from /home/airflow/.local/lib/python3.8/site-packages/airflow/example_dags/example_dag_decorator.py
[2023-10-03T07:44:28.229+0000] {logging_mixin.py:151} INFO - [2023-10-03T07:44:28.229+0000] {security.py:708} INFO - Not syncing DAG-level permissions for DAG 'DAG:example_dag_decorator' as access control is unset.
[2023-10-03T07:44:28.230+0000] {logging_mixin.py:151} INFO - [2023-10-03T07:44:28.230+0000] {dag.py:2915} INFO - Sync 1 DAGs
[2023-10-03T07:44:28.235+0000] {logging_mixin.py:151} INFO - [2023-10-03T07:44:28.235+0000] {dag.py:3696} INFO - Setting next_dagrun for example_dag_decorator to None, run_after=None
[2023-10-03T07:44:28.243+0000] {processor.py:179} INFO - Processing /home/airflow/.local/lib/python3.8/site-packages/airflow/example_dags/example_dag_decorator.py took 0.104 seconds
[2023-10-03T07:44:58.340+0000] {processor.py:157} INFO - Started process (PID=186) to work on /home/airflow/.local/lib/python3.8/site-packages/airflow/example_dags/example_dag_decorator.py
[2023-10-03T07:44:58.341+0000] {processor.py:829} INFO - Processing file /home/airflow/.local/lib/python3.8/site-packages/airflow/example_dags/example_dag_decorator.py for tasks to queue
[2023-10-03T07:44:58.342+0000] {logging_mixin.py:151} INFO - [2023-10-03T07:44:58.342+0000] {dagbag.py:539} INFO - Filling up the DagBag from /home/airflow/.local/lib/python3.8/site-packages/airflow/example_dags/example_dag_decorator.py
[2023-10-03T07:44:58.377+0000] {processor.py:839} INFO - DAG(s) dict_keys(['example_dag_decorator']) retrieved from /home/airflow/.local/lib/python3.8/site-packages/airflow/example_dags/example_dag_decorator.py
[2023-10-03T07:44:58.425+0000] {logging_mixin.py:151} INFO - [2023-10-03T07:44:58.425+0000] {security.py:708} INFO - Not syncing DAG-level permissions for DAG 'DAG:example_dag_decorator' as access control is unset.
[2023-10-03T07:44:58.425+0000] {logging_mixin.py:151} INFO - [2023-10-03T07:44:58.425+0000] {dag.py:2915} INFO - Sync 1 DAGs
[2023-10-03T07:44:58.430+0000] {logging_mixin.py:151} INFO - [2023-10-03T07:44:58.430+0000] {dag.py:3696} INFO - Setting next_dagrun for example_dag_decorator to None, run_after=None
[2023-10-03T07:44:58.438+0000] {processor.py:179} INFO - Processing /home/airflow/.local/lib/python3.8/site-packages/airflow/example_dags/example_dag_decorator.py took 0.099 seconds
[2023-10-03T07:45:28.934+0000] {processor.py:157} INFO - Started process (PID=245) to work on /home/airflow/.local/lib/python3.8/site-packages/airflow/example_dags/example_dag_decorator.py
[2023-10-03T07:45:28.935+0000] {processor.py:829} INFO - Processing file /home/airflow/.local/lib/python3.8/site-packages/airflow/example_dags/example_dag_decorator.py for tasks to queue
[2023-10-03T07:45:28.936+0000] {logging_mixin.py:151} INFO - [2023-10-03T07:45:28.936+0000] {dagbag.py:539} INFO - Filling up the DagBag from /home/airflow/.local/lib/python3.8/site-packages/airflow/example_dags/example_dag_decorator.py
[2023-10-03T07:45:28.974+0000] {processor.py:839} INFO - DAG(s) dict_keys(['example_dag_decorator']) retrieved from /home/airflow/.local/lib/python3.8/site-packages/airflow/example_dags/example_dag_decorator.py
[2023-10-03T07:45:29.023+0000] {logging_mixin.py:151} INFO - [2023-10-03T07:45:29.023+0000] {security.py:708} INFO - Not syncing DAG-level permissions for DAG 'DAG:example_dag_decorator' as access control is unset.
[2023-10-03T07:45:29.023+0000] {logging_mixin.py:151} INFO - [2023-10-03T07:45:29.023+0000] {dag.py:2915} INFO - Sync 1 DAGs
[2023-10-03T07:45:29.027+0000] {logging_mixin.py:151} INFO - [2023-10-03T07:45:29.027+0000] {dag.py:3696} INFO - Setting next_dagrun for example_dag_decorator to None, run_after=None
[2023-10-03T07:45:29.035+0000] {processor.py:179} INFO - Processing /home/airflow/.local/lib/python3.8/site-packages/airflow/example_dags/example_dag_decorator.py took 0.103 seconds
