[2023-10-03T07:43:56.659+0000] {processor.py:157} INFO - Started process (PID=61) to work on /home/airflow/.local/lib/python3.8/site-packages/airflow/example_dags/example_latest_only.py
[2023-10-03T07:43:56.664+0000] {processor.py:829} INFO - Processing file /home/airflow/.local/lib/python3.8/site-packages/airflow/example_dags/example_latest_only.py for tasks to queue
[2023-10-03T07:43:56.669+0000] {logging_mixin.py:151} INFO - [2023-10-03T07:43:56.668+0000] {dagbag.py:539} INFO - Filling up the DagBag from /home/airflow/.local/lib/python3.8/site-packages/airflow/example_dags/example_latest_only.py
[2023-10-03T07:43:56.692+0000] {processor.py:839} INFO - DAG(s) dict_keys(['latest_only']) retrieved from /home/airflow/.local/lib/python3.8/site-packages/airflow/example_dags/example_latest_only.py
[2023-10-03T07:43:56.746+0000] {logging_mixin.py:151} INFO - [2023-10-03T07:43:56.745+0000] {dag.py:2915} INFO - Sync 1 DAGs
[2023-10-03T07:43:56.791+0000] {logging_mixin.py:151} INFO - [2023-10-03T07:43:56.791+0000] {dag.py:3696} INFO - Setting next_dagrun for latest_only to 2023-10-03T03:43:56.790905+00:00, run_after=2023-10-03T07:43:56.790905+00:00
[2023-10-03T07:43:56.901+0000] {processor.py:179} INFO - Processing /home/airflow/.local/lib/python3.8/site-packages/airflow/example_dags/example_latest_only.py took 0.245 seconds
[2023-10-03T07:44:27.865+0000] {processor.py:157} INFO - Started process (PID=120) to work on /home/airflow/.local/lib/python3.8/site-packages/airflow/example_dags/example_latest_only.py
[2023-10-03T07:44:27.867+0000] {processor.py:829} INFO - Processing file /home/airflow/.local/lib/python3.8/site-packages/airflow/example_dags/example_latest_only.py for tasks to queue
[2023-10-03T07:44:27.871+0000] {logging_mixin.py:151} INFO - [2023-10-03T07:44:27.871+0000] {dagbag.py:539} INFO - Filling up the DagBag from /home/airflow/.local/lib/python3.8/site-packages/airflow/example_dags/example_latest_only.py
[2023-10-03T07:44:27.877+0000] {processor.py:839} INFO - DAG(s) dict_keys(['latest_only']) retrieved from /home/airflow/.local/lib/python3.8/site-packages/airflow/example_dags/example_latest_only.py
[2023-10-03T07:44:27.892+0000] {logging_mixin.py:151} INFO - [2023-10-03T07:44:27.892+0000] {dag.py:2915} INFO - Sync 1 DAGs
[2023-10-03T07:44:27.905+0000] {logging_mixin.py:151} INFO - [2023-10-03T07:44:27.904+0000] {dag.py:3696} INFO - Setting next_dagrun for latest_only to 2023-10-03T03:44:27.904830+00:00, run_after=2023-10-03T07:44:27.904830+00:00
[2023-10-03T07:44:27.912+0000] {processor.py:179} INFO - Processing /home/airflow/.local/lib/python3.8/site-packages/airflow/example_dags/example_latest_only.py took 0.052 seconds
[2023-10-03T07:44:58.114+0000] {processor.py:157} INFO - Started process (PID=179) to work on /home/airflow/.local/lib/python3.8/site-packages/airflow/example_dags/example_latest_only.py
[2023-10-03T07:44:58.115+0000] {processor.py:829} INFO - Processing file /home/airflow/.local/lib/python3.8/site-packages/airflow/example_dags/example_latest_only.py for tasks to queue
[2023-10-03T07:44:58.118+0000] {logging_mixin.py:151} INFO - [2023-10-03T07:44:58.118+0000] {dagbag.py:539} INFO - Filling up the DagBag from /home/airflow/.local/lib/python3.8/site-packages/airflow/example_dags/example_latest_only.py
[2023-10-03T07:44:58.124+0000] {processor.py:839} INFO - DAG(s) dict_keys(['latest_only']) retrieved from /home/airflow/.local/lib/python3.8/site-packages/airflow/example_dags/example_latest_only.py
[2023-10-03T07:44:58.140+0000] {logging_mixin.py:151} INFO - [2023-10-03T07:44:58.140+0000] {dag.py:2915} INFO - Sync 1 DAGs
[2023-10-03T07:44:58.153+0000] {logging_mixin.py:151} INFO - [2023-10-03T07:44:58.153+0000] {dag.py:3696} INFO - Setting next_dagrun for latest_only to 2023-10-03T03:44:58.153374+00:00, run_after=2023-10-03T07:44:58.153374+00:00
[2023-10-03T07:44:58.162+0000] {processor.py:179} INFO - Processing /home/airflow/.local/lib/python3.8/site-packages/airflow/example_dags/example_latest_only.py took 0.052 seconds
[2023-10-03T07:45:28.701+0000] {processor.py:157} INFO - Started process (PID=238) to work on /home/airflow/.local/lib/python3.8/site-packages/airflow/example_dags/example_latest_only.py
[2023-10-03T07:45:28.702+0000] {processor.py:829} INFO - Processing file /home/airflow/.local/lib/python3.8/site-packages/airflow/example_dags/example_latest_only.py for tasks to queue
[2023-10-03T07:45:28.705+0000] {logging_mixin.py:151} INFO - [2023-10-03T07:45:28.705+0000] {dagbag.py:539} INFO - Filling up the DagBag from /home/airflow/.local/lib/python3.8/site-packages/airflow/example_dags/example_latest_only.py
[2023-10-03T07:45:28.711+0000] {processor.py:839} INFO - DAG(s) dict_keys(['latest_only']) retrieved from /home/airflow/.local/lib/python3.8/site-packages/airflow/example_dags/example_latest_only.py
[2023-10-03T07:45:28.727+0000] {logging_mixin.py:151} INFO - [2023-10-03T07:45:28.727+0000] {dag.py:2915} INFO - Sync 1 DAGs
[2023-10-03T07:45:28.741+0000] {logging_mixin.py:151} INFO - [2023-10-03T07:45:28.741+0000] {dag.py:3696} INFO - Setting next_dagrun for latest_only to 2023-10-03T03:45:28.741013+00:00, run_after=2023-10-03T07:45:28.741013+00:00
[2023-10-03T07:45:28.750+0000] {processor.py:179} INFO - Processing /home/airflow/.local/lib/python3.8/site-packages/airflow/example_dags/example_latest_only.py took 0.055 seconds
[2023-10-03T07:50:26.573+0000] {processor.py:157} INFO - Started process (PID=62) to work on /home/airflow/.local/lib/python3.8/site-packages/airflow/example_dags/example_latest_only.py
[2023-10-03T07:50:26.574+0000] {processor.py:829} INFO - Processing file /home/airflow/.local/lib/python3.8/site-packages/airflow/example_dags/example_latest_only.py for tasks to queue
[2023-10-03T07:50:26.577+0000] {logging_mixin.py:151} INFO - [2023-10-03T07:50:26.576+0000] {dagbag.py:539} INFO - Filling up the DagBag from /home/airflow/.local/lib/python3.8/site-packages/airflow/example_dags/example_latest_only.py
[2023-10-03T07:50:26.592+0000] {processor.py:839} INFO - DAG(s) dict_keys(['latest_only']) retrieved from /home/airflow/.local/lib/python3.8/site-packages/airflow/example_dags/example_latest_only.py
[2023-10-03T07:50:26.609+0000] {logging_mixin.py:151} INFO - [2023-10-03T07:50:26.609+0000] {dag.py:2915} INFO - Sync 1 DAGs
[2023-10-03T07:50:26.628+0000] {logging_mixin.py:151} INFO - [2023-10-03T07:50:26.627+0000] {dag.py:3696} INFO - Setting next_dagrun for latest_only to 2023-10-03T03:50:26.627701+00:00, run_after=2023-10-03T07:50:26.627701+00:00
[2023-10-03T07:50:26.650+0000] {processor.py:179} INFO - Processing /home/airflow/.local/lib/python3.8/site-packages/airflow/example_dags/example_latest_only.py took 0.079 seconds
[2023-10-03T07:50:57.500+0000] {processor.py:157} INFO - Started process (PID=121) to work on /home/airflow/.local/lib/python3.8/site-packages/airflow/example_dags/example_latest_only.py
[2023-10-03T07:50:57.501+0000] {processor.py:829} INFO - Processing file /home/airflow/.local/lib/python3.8/site-packages/airflow/example_dags/example_latest_only.py for tasks to queue
[2023-10-03T07:50:57.502+0000] {logging_mixin.py:151} INFO - [2023-10-03T07:50:57.502+0000] {dagbag.py:539} INFO - Filling up the DagBag from /home/airflow/.local/lib/python3.8/site-packages/airflow/example_dags/example_latest_only.py
[2023-10-03T07:50:57.506+0000] {processor.py:839} INFO - DAG(s) dict_keys(['latest_only']) retrieved from /home/airflow/.local/lib/python3.8/site-packages/airflow/example_dags/example_latest_only.py
[2023-10-03T07:50:57.518+0000] {logging_mixin.py:151} INFO - [2023-10-03T07:50:57.518+0000] {dag.py:2915} INFO - Sync 1 DAGs
[2023-10-03T07:50:57.529+0000] {logging_mixin.py:151} INFO - [2023-10-03T07:50:57.529+0000] {dag.py:3696} INFO - Setting next_dagrun for latest_only to 2023-10-03T03:50:57.528976+00:00, run_after=2023-10-03T07:50:57.528976+00:00
[2023-10-03T07:50:57.538+0000] {processor.py:179} INFO - Processing /home/airflow/.local/lib/python3.8/site-packages/airflow/example_dags/example_latest_only.py took 0.040 seconds
[2023-10-03T07:51:28.129+0000] {processor.py:157} INFO - Started process (PID=180) to work on /home/airflow/.local/lib/python3.8/site-packages/airflow/example_dags/example_latest_only.py
[2023-10-03T07:51:28.130+0000] {processor.py:829} INFO - Processing file /home/airflow/.local/lib/python3.8/site-packages/airflow/example_dags/example_latest_only.py for tasks to queue
[2023-10-03T07:51:28.132+0000] {logging_mixin.py:151} INFO - [2023-10-03T07:51:28.132+0000] {dagbag.py:539} INFO - Filling up the DagBag from /home/airflow/.local/lib/python3.8/site-packages/airflow/example_dags/example_latest_only.py
[2023-10-03T07:51:28.135+0000] {processor.py:839} INFO - DAG(s) dict_keys(['latest_only']) retrieved from /home/airflow/.local/lib/python3.8/site-packages/airflow/example_dags/example_latest_only.py
[2023-10-03T07:51:28.151+0000] {logging_mixin.py:151} INFO - [2023-10-03T07:51:28.151+0000] {dag.py:2915} INFO - Sync 1 DAGs
[2023-10-03T07:51:28.162+0000] {logging_mixin.py:151} INFO - [2023-10-03T07:51:28.162+0000] {dag.py:3696} INFO - Setting next_dagrun for latest_only to 2023-10-03T03:51:28.162671+00:00, run_after=2023-10-03T07:51:28.162671+00:00
[2023-10-03T07:51:28.170+0000] {processor.py:179} INFO - Processing /home/airflow/.local/lib/python3.8/site-packages/airflow/example_dags/example_latest_only.py took 0.043 seconds
[2023-10-03T07:57:15.052+0000] {processor.py:157} INFO - Started process (PID=62) to work on /home/airflow/.local/lib/python3.8/site-packages/airflow/example_dags/example_latest_only.py
[2023-10-03T07:57:15.054+0000] {processor.py:829} INFO - Processing file /home/airflow/.local/lib/python3.8/site-packages/airflow/example_dags/example_latest_only.py for tasks to queue
[2023-10-03T07:57:15.057+0000] {logging_mixin.py:151} INFO - [2023-10-03T07:57:15.057+0000] {dagbag.py:539} INFO - Filling up the DagBag from /home/airflow/.local/lib/python3.8/site-packages/airflow/example_dags/example_latest_only.py
[2023-10-03T07:57:15.065+0000] {processor.py:839} INFO - DAG(s) dict_keys(['latest_only']) retrieved from /home/airflow/.local/lib/python3.8/site-packages/airflow/example_dags/example_latest_only.py
[2023-10-03T07:57:15.073+0000] {logging_mixin.py:151} INFO - [2023-10-03T07:57:15.073+0000] {dag.py:2915} INFO - Sync 1 DAGs
[2023-10-03T07:57:15.089+0000] {logging_mixin.py:151} INFO - [2023-10-03T07:57:15.089+0000] {dag.py:3696} INFO - Setting next_dagrun for latest_only to 2023-10-03T03:57:15.089325+00:00, run_after=2023-10-03T07:57:15.089325+00:00
[2023-10-03T07:57:15.112+0000] {processor.py:179} INFO - Processing /home/airflow/.local/lib/python3.8/site-packages/airflow/example_dags/example_latest_only.py took 0.063 seconds
[2023-10-03T07:57:45.544+0000] {processor.py:157} INFO - Started process (PID=121) to work on /home/airflow/.local/lib/python3.8/site-packages/airflow/example_dags/example_latest_only.py
[2023-10-03T07:57:45.545+0000] {processor.py:829} INFO - Processing file /home/airflow/.local/lib/python3.8/site-packages/airflow/example_dags/example_latest_only.py for tasks to queue
[2023-10-03T07:57:45.546+0000] {logging_mixin.py:151} INFO - [2023-10-03T07:57:45.546+0000] {dagbag.py:539} INFO - Filling up the DagBag from /home/airflow/.local/lib/python3.8/site-packages/airflow/example_dags/example_latest_only.py
[2023-10-03T07:57:45.549+0000] {processor.py:839} INFO - DAG(s) dict_keys(['latest_only']) retrieved from /home/airflow/.local/lib/python3.8/site-packages/airflow/example_dags/example_latest_only.py
[2023-10-03T07:57:45.558+0000] {logging_mixin.py:151} INFO - [2023-10-03T07:57:45.558+0000] {dag.py:2915} INFO - Sync 1 DAGs
[2023-10-03T07:57:45.568+0000] {logging_mixin.py:151} INFO - [2023-10-03T07:57:45.568+0000] {dag.py:3696} INFO - Setting next_dagrun for latest_only to 2023-10-03T03:57:45.568176+00:00, run_after=2023-10-03T07:57:45.568176+00:00
[2023-10-03T07:57:45.576+0000] {processor.py:179} INFO - Processing /home/airflow/.local/lib/python3.8/site-packages/airflow/example_dags/example_latest_only.py took 0.034 seconds
[2023-10-03T07:58:15.907+0000] {processor.py:157} INFO - Started process (PID=180) to work on /home/airflow/.local/lib/python3.8/site-packages/airflow/example_dags/example_latest_only.py
[2023-10-03T07:58:15.908+0000] {processor.py:829} INFO - Processing file /home/airflow/.local/lib/python3.8/site-packages/airflow/example_dags/example_latest_only.py for tasks to queue
[2023-10-03T07:58:15.909+0000] {logging_mixin.py:151} INFO - [2023-10-03T07:58:15.909+0000] {dagbag.py:539} INFO - Filling up the DagBag from /home/airflow/.local/lib/python3.8/site-packages/airflow/example_dags/example_latest_only.py
[2023-10-03T07:58:15.912+0000] {processor.py:839} INFO - DAG(s) dict_keys(['latest_only']) retrieved from /home/airflow/.local/lib/python3.8/site-packages/airflow/example_dags/example_latest_only.py
[2023-10-03T07:58:15.921+0000] {logging_mixin.py:151} INFO - [2023-10-03T07:58:15.921+0000] {dag.py:2915} INFO - Sync 1 DAGs
[2023-10-03T07:58:15.930+0000] {logging_mixin.py:151} INFO - [2023-10-03T07:58:15.930+0000] {dag.py:3696} INFO - Setting next_dagrun for latest_only to 2023-10-03T03:58:15.930596+00:00, run_after=2023-10-03T07:58:15.930596+00:00
[2023-10-03T07:58:15.938+0000] {processor.py:179} INFO - Processing /home/airflow/.local/lib/python3.8/site-packages/airflow/example_dags/example_latest_only.py took 0.033 seconds
[2023-10-03T07:58:46.112+0000] {processor.py:157} INFO - Started process (PID=239) to work on /home/airflow/.local/lib/python3.8/site-packages/airflow/example_dags/example_latest_only.py
[2023-10-03T07:58:46.113+0000] {processor.py:829} INFO - Processing file /home/airflow/.local/lib/python3.8/site-packages/airflow/example_dags/example_latest_only.py for tasks to queue
[2023-10-03T07:58:46.114+0000] {logging_mixin.py:151} INFO - [2023-10-03T07:58:46.114+0000] {dagbag.py:539} INFO - Filling up the DagBag from /home/airflow/.local/lib/python3.8/site-packages/airflow/example_dags/example_latest_only.py
[2023-10-03T07:58:46.117+0000] {processor.py:839} INFO - DAG(s) dict_keys(['latest_only']) retrieved from /home/airflow/.local/lib/python3.8/site-packages/airflow/example_dags/example_latest_only.py
[2023-10-03T07:58:46.126+0000] {logging_mixin.py:151} INFO - [2023-10-03T07:58:46.126+0000] {dag.py:2915} INFO - Sync 1 DAGs
[2023-10-03T07:58:46.135+0000] {logging_mixin.py:151} INFO - [2023-10-03T07:58:46.135+0000] {dag.py:3696} INFO - Setting next_dagrun for latest_only to 2023-10-03T03:58:46.135768+00:00, run_after=2023-10-03T07:58:46.135768+00:00
[2023-10-03T07:58:46.147+0000] {processor.py:179} INFO - Processing /home/airflow/.local/lib/python3.8/site-packages/airflow/example_dags/example_latest_only.py took 0.036 seconds
[2023-10-03T07:59:17.482+0000] {processor.py:157} INFO - Started process (PID=298) to work on /home/airflow/.local/lib/python3.8/site-packages/airflow/example_dags/example_latest_only.py
[2023-10-03T07:59:17.483+0000] {processor.py:829} INFO - Processing file /home/airflow/.local/lib/python3.8/site-packages/airflow/example_dags/example_latest_only.py for tasks to queue
[2023-10-03T07:59:17.485+0000] {logging_mixin.py:151} INFO - [2023-10-03T07:59:17.485+0000] {dagbag.py:539} INFO - Filling up the DagBag from /home/airflow/.local/lib/python3.8/site-packages/airflow/example_dags/example_latest_only.py
[2023-10-03T07:59:17.490+0000] {processor.py:839} INFO - DAG(s) dict_keys(['latest_only']) retrieved from /home/airflow/.local/lib/python3.8/site-packages/airflow/example_dags/example_latest_only.py
[2023-10-03T07:59:17.505+0000] {logging_mixin.py:151} INFO - [2023-10-03T07:59:17.505+0000] {dag.py:2915} INFO - Sync 1 DAGs
[2023-10-03T07:59:17.515+0000] {logging_mixin.py:151} INFO - [2023-10-03T07:59:17.515+0000] {dag.py:3696} INFO - Setting next_dagrun for latest_only to 2023-10-03T03:59:17.515019+00:00, run_after=2023-10-03T07:59:17.515019+00:00
[2023-10-03T07:59:17.522+0000] {processor.py:179} INFO - Processing /home/airflow/.local/lib/python3.8/site-packages/airflow/example_dags/example_latest_only.py took 0.042 seconds
[2023-10-03T07:59:48.050+0000] {processor.py:157} INFO - Started process (PID=357) to work on /home/airflow/.local/lib/python3.8/site-packages/airflow/example_dags/example_latest_only.py
[2023-10-03T07:59:48.050+0000] {processor.py:829} INFO - Processing file /home/airflow/.local/lib/python3.8/site-packages/airflow/example_dags/example_latest_only.py for tasks to queue
[2023-10-03T07:59:48.052+0000] {logging_mixin.py:151} INFO - [2023-10-03T07:59:48.051+0000] {dagbag.py:539} INFO - Filling up the DagBag from /home/airflow/.local/lib/python3.8/site-packages/airflow/example_dags/example_latest_only.py
[2023-10-03T07:59:48.056+0000] {processor.py:839} INFO - DAG(s) dict_keys(['latest_only']) retrieved from /home/airflow/.local/lib/python3.8/site-packages/airflow/example_dags/example_latest_only.py
[2023-10-03T07:59:48.070+0000] {logging_mixin.py:151} INFO - [2023-10-03T07:59:48.070+0000] {dag.py:2915} INFO - Sync 1 DAGs
[2023-10-03T07:59:48.080+0000] {logging_mixin.py:151} INFO - [2023-10-03T07:59:48.080+0000] {dag.py:3696} INFO - Setting next_dagrun for latest_only to 2023-10-03T03:59:48.080579+00:00, run_after=2023-10-03T07:59:48.080579+00:00
[2023-10-03T07:59:48.088+0000] {processor.py:179} INFO - Processing /home/airflow/.local/lib/python3.8/site-packages/airflow/example_dags/example_latest_only.py took 0.040 seconds
[2023-10-03T08:00:19.376+0000] {processor.py:157} INFO - Started process (PID=416) to work on /home/airflow/.local/lib/python3.8/site-packages/airflow/example_dags/example_latest_only.py
[2023-10-03T08:00:19.376+0000] {processor.py:829} INFO - Processing file /home/airflow/.local/lib/python3.8/site-packages/airflow/example_dags/example_latest_only.py for tasks to queue
[2023-10-03T08:00:19.378+0000] {logging_mixin.py:151} INFO - [2023-10-03T08:00:19.378+0000] {dagbag.py:539} INFO - Filling up the DagBag from /home/airflow/.local/lib/python3.8/site-packages/airflow/example_dags/example_latest_only.py
[2023-10-03T08:00:19.381+0000] {processor.py:839} INFO - DAG(s) dict_keys(['latest_only']) retrieved from /home/airflow/.local/lib/python3.8/site-packages/airflow/example_dags/example_latest_only.py
[2023-10-03T08:00:19.390+0000] {logging_mixin.py:151} INFO - [2023-10-03T08:00:19.390+0000] {dag.py:2915} INFO - Sync 1 DAGs
[2023-10-03T08:00:19.399+0000] {logging_mixin.py:151} INFO - [2023-10-03T08:00:19.399+0000] {dag.py:3696} INFO - Setting next_dagrun for latest_only to 2023-10-03T04:00:19.399341+00:00, run_after=2023-10-03T08:00:19.399341+00:00
[2023-10-03T08:00:19.406+0000] {processor.py:179} INFO - Processing /home/airflow/.local/lib/python3.8/site-packages/airflow/example_dags/example_latest_only.py took 0.032 seconds
[2023-10-03T08:00:50.590+0000] {processor.py:157} INFO - Started process (PID=475) to work on /home/airflow/.local/lib/python3.8/site-packages/airflow/example_dags/example_latest_only.py
[2023-10-03T08:00:50.591+0000] {processor.py:829} INFO - Processing file /home/airflow/.local/lib/python3.8/site-packages/airflow/example_dags/example_latest_only.py for tasks to queue
[2023-10-03T08:00:50.592+0000] {logging_mixin.py:151} INFO - [2023-10-03T08:00:50.592+0000] {dagbag.py:539} INFO - Filling up the DagBag from /home/airflow/.local/lib/python3.8/site-packages/airflow/example_dags/example_latest_only.py
[2023-10-03T08:00:50.595+0000] {processor.py:839} INFO - DAG(s) dict_keys(['latest_only']) retrieved from /home/airflow/.local/lib/python3.8/site-packages/airflow/example_dags/example_latest_only.py
[2023-10-03T08:00:50.605+0000] {logging_mixin.py:151} INFO - [2023-10-03T08:00:50.605+0000] {dag.py:2915} INFO - Sync 1 DAGs
[2023-10-03T08:00:50.614+0000] {logging_mixin.py:151} INFO - [2023-10-03T08:00:50.614+0000] {dag.py:3696} INFO - Setting next_dagrun for latest_only to 2023-10-03T04:00:50.614122+00:00, run_after=2023-10-03T08:00:50.614122+00:00
[2023-10-03T08:00:50.621+0000] {processor.py:179} INFO - Processing /home/airflow/.local/lib/python3.8/site-packages/airflow/example_dags/example_latest_only.py took 0.032 seconds
[2023-10-03T08:01:21.639+0000] {processor.py:157} INFO - Started process (PID=534) to work on /home/airflow/.local/lib/python3.8/site-packages/airflow/example_dags/example_latest_only.py
[2023-10-03T08:01:21.639+0000] {processor.py:829} INFO - Processing file /home/airflow/.local/lib/python3.8/site-packages/airflow/example_dags/example_latest_only.py for tasks to queue
[2023-10-03T08:01:21.640+0000] {logging_mixin.py:151} INFO - [2023-10-03T08:01:21.640+0000] {dagbag.py:539} INFO - Filling up the DagBag from /home/airflow/.local/lib/python3.8/site-packages/airflow/example_dags/example_latest_only.py
[2023-10-03T08:01:21.644+0000] {processor.py:839} INFO - DAG(s) dict_keys(['latest_only']) retrieved from /home/airflow/.local/lib/python3.8/site-packages/airflow/example_dags/example_latest_only.py
[2023-10-03T08:01:21.654+0000] {logging_mixin.py:151} INFO - [2023-10-03T08:01:21.654+0000] {dag.py:2915} INFO - Sync 1 DAGs
[2023-10-03T08:01:21.667+0000] {logging_mixin.py:151} INFO - [2023-10-03T08:01:21.667+0000] {dag.py:3696} INFO - Setting next_dagrun for latest_only to 2023-10-03T04:01:21.667643+00:00, run_after=2023-10-03T08:01:21.667643+00:00
[2023-10-03T08:01:21.679+0000] {processor.py:179} INFO - Processing /home/airflow/.local/lib/python3.8/site-packages/airflow/example_dags/example_latest_only.py took 0.042 seconds
[2023-10-03T08:01:52.737+0000] {processor.py:157} INFO - Started process (PID=593) to work on /home/airflow/.local/lib/python3.8/site-packages/airflow/example_dags/example_latest_only.py
[2023-10-03T08:01:52.738+0000] {processor.py:829} INFO - Processing file /home/airflow/.local/lib/python3.8/site-packages/airflow/example_dags/example_latest_only.py for tasks to queue
[2023-10-03T08:01:52.739+0000] {logging_mixin.py:151} INFO - [2023-10-03T08:01:52.739+0000] {dagbag.py:539} INFO - Filling up the DagBag from /home/airflow/.local/lib/python3.8/site-packages/airflow/example_dags/example_latest_only.py
[2023-10-03T08:01:52.742+0000] {processor.py:839} INFO - DAG(s) dict_keys(['latest_only']) retrieved from /home/airflow/.local/lib/python3.8/site-packages/airflow/example_dags/example_latest_only.py
[2023-10-03T08:01:52.752+0000] {logging_mixin.py:151} INFO - [2023-10-03T08:01:52.752+0000] {dag.py:2915} INFO - Sync 1 DAGs
[2023-10-03T08:01:52.761+0000] {logging_mixin.py:151} INFO - [2023-10-03T08:01:52.761+0000] {dag.py:3696} INFO - Setting next_dagrun for latest_only to 2023-10-03T04:01:52.761303+00:00, run_after=2023-10-03T08:01:52.761303+00:00
[2023-10-03T08:01:52.769+0000] {processor.py:179} INFO - Processing /home/airflow/.local/lib/python3.8/site-packages/airflow/example_dags/example_latest_only.py took 0.034 seconds
[2023-10-03T08:02:23.191+0000] {processor.py:157} INFO - Started process (PID=652) to work on /home/airflow/.local/lib/python3.8/site-packages/airflow/example_dags/example_latest_only.py
[2023-10-03T08:02:23.192+0000] {processor.py:829} INFO - Processing file /home/airflow/.local/lib/python3.8/site-packages/airflow/example_dags/example_latest_only.py for tasks to queue
[2023-10-03T08:02:23.193+0000] {logging_mixin.py:151} INFO - [2023-10-03T08:02:23.192+0000] {dagbag.py:539} INFO - Filling up the DagBag from /home/airflow/.local/lib/python3.8/site-packages/airflow/example_dags/example_latest_only.py
[2023-10-03T08:02:23.196+0000] {processor.py:839} INFO - DAG(s) dict_keys(['latest_only']) retrieved from /home/airflow/.local/lib/python3.8/site-packages/airflow/example_dags/example_latest_only.py
[2023-10-03T08:02:23.205+0000] {logging_mixin.py:151} INFO - [2023-10-03T08:02:23.205+0000] {dag.py:2915} INFO - Sync 1 DAGs
[2023-10-03T08:02:23.214+0000] {logging_mixin.py:151} INFO - [2023-10-03T08:02:23.214+0000] {dag.py:3696} INFO - Setting next_dagrun for latest_only to 2023-10-03T04:02:23.214617+00:00, run_after=2023-10-03T08:02:23.214617+00:00
[2023-10-03T08:02:23.222+0000] {processor.py:179} INFO - Processing /home/airflow/.local/lib/python3.8/site-packages/airflow/example_dags/example_latest_only.py took 0.033 seconds
[2023-10-03T08:02:53.694+0000] {processor.py:157} INFO - Started process (PID=711) to work on /home/airflow/.local/lib/python3.8/site-packages/airflow/example_dags/example_latest_only.py
[2023-10-03T08:02:53.694+0000] {processor.py:829} INFO - Processing file /home/airflow/.local/lib/python3.8/site-packages/airflow/example_dags/example_latest_only.py for tasks to queue
[2023-10-03T08:02:53.696+0000] {logging_mixin.py:151} INFO - [2023-10-03T08:02:53.696+0000] {dagbag.py:539} INFO - Filling up the DagBag from /home/airflow/.local/lib/python3.8/site-packages/airflow/example_dags/example_latest_only.py
[2023-10-03T08:02:53.699+0000] {processor.py:839} INFO - DAG(s) dict_keys(['latest_only']) retrieved from /home/airflow/.local/lib/python3.8/site-packages/airflow/example_dags/example_latest_only.py
[2023-10-03T08:02:53.709+0000] {logging_mixin.py:151} INFO - [2023-10-03T08:02:53.709+0000] {dag.py:2915} INFO - Sync 1 DAGs
[2023-10-03T08:02:53.718+0000] {logging_mixin.py:151} INFO - [2023-10-03T08:02:53.718+0000] {dag.py:3696} INFO - Setting next_dagrun for latest_only to 2023-10-03T04:02:53.718293+00:00, run_after=2023-10-03T08:02:53.718293+00:00
[2023-10-03T08:02:53.726+0000] {processor.py:179} INFO - Processing /home/airflow/.local/lib/python3.8/site-packages/airflow/example_dags/example_latest_only.py took 0.034 seconds
[2023-10-03T08:03:23.944+0000] {processor.py:157} INFO - Started process (PID=770) to work on /home/airflow/.local/lib/python3.8/site-packages/airflow/example_dags/example_latest_only.py
[2023-10-03T08:03:23.944+0000] {processor.py:829} INFO - Processing file /home/airflow/.local/lib/python3.8/site-packages/airflow/example_dags/example_latest_only.py for tasks to queue
[2023-10-03T08:03:23.946+0000] {logging_mixin.py:151} INFO - [2023-10-03T08:03:23.945+0000] {dagbag.py:539} INFO - Filling up the DagBag from /home/airflow/.local/lib/python3.8/site-packages/airflow/example_dags/example_latest_only.py
[2023-10-03T08:03:23.949+0000] {processor.py:839} INFO - DAG(s) dict_keys(['latest_only']) retrieved from /home/airflow/.local/lib/python3.8/site-packages/airflow/example_dags/example_latest_only.py
[2023-10-03T08:03:23.959+0000] {logging_mixin.py:151} INFO - [2023-10-03T08:03:23.959+0000] {dag.py:2915} INFO - Sync 1 DAGs
[2023-10-03T08:03:23.968+0000] {logging_mixin.py:151} INFO - [2023-10-03T08:03:23.968+0000] {dag.py:3696} INFO - Setting next_dagrun for latest_only to 2023-10-03T04:03:23.968597+00:00, run_after=2023-10-03T08:03:23.968597+00:00
[2023-10-03T08:03:23.976+0000] {processor.py:179} INFO - Processing /home/airflow/.local/lib/python3.8/site-packages/airflow/example_dags/example_latest_only.py took 0.034 seconds
[2023-10-03T08:03:54.358+0000] {processor.py:157} INFO - Started process (PID=829) to work on /home/airflow/.local/lib/python3.8/site-packages/airflow/example_dags/example_latest_only.py
[2023-10-03T08:03:54.359+0000] {processor.py:829} INFO - Processing file /home/airflow/.local/lib/python3.8/site-packages/airflow/example_dags/example_latest_only.py for tasks to queue
[2023-10-03T08:03:54.360+0000] {logging_mixin.py:151} INFO - [2023-10-03T08:03:54.360+0000] {dagbag.py:539} INFO - Filling up the DagBag from /home/airflow/.local/lib/python3.8/site-packages/airflow/example_dags/example_latest_only.py
[2023-10-03T08:03:54.363+0000] {processor.py:839} INFO - DAG(s) dict_keys(['latest_only']) retrieved from /home/airflow/.local/lib/python3.8/site-packages/airflow/example_dags/example_latest_only.py
[2023-10-03T08:03:54.372+0000] {logging_mixin.py:151} INFO - [2023-10-03T08:03:54.372+0000] {dag.py:2915} INFO - Sync 1 DAGs
[2023-10-03T08:03:54.381+0000] {logging_mixin.py:151} INFO - [2023-10-03T08:03:54.381+0000] {dag.py:3696} INFO - Setting next_dagrun for latest_only to 2023-10-03T04:03:54.381564+00:00, run_after=2023-10-03T08:03:54.381564+00:00
[2023-10-03T08:03:54.389+0000] {processor.py:179} INFO - Processing /home/airflow/.local/lib/python3.8/site-packages/airflow/example_dags/example_latest_only.py took 0.033 seconds
[2023-10-03T08:04:24.772+0000] {processor.py:157} INFO - Started process (PID=888) to work on /home/airflow/.local/lib/python3.8/site-packages/airflow/example_dags/example_latest_only.py
[2023-10-03T08:04:24.773+0000] {processor.py:829} INFO - Processing file /home/airflow/.local/lib/python3.8/site-packages/airflow/example_dags/example_latest_only.py for tasks to queue
[2023-10-03T08:04:24.774+0000] {logging_mixin.py:151} INFO - [2023-10-03T08:04:24.774+0000] {dagbag.py:539} INFO - Filling up the DagBag from /home/airflow/.local/lib/python3.8/site-packages/airflow/example_dags/example_latest_only.py
[2023-10-03T08:04:24.777+0000] {processor.py:839} INFO - DAG(s) dict_keys(['latest_only']) retrieved from /home/airflow/.local/lib/python3.8/site-packages/airflow/example_dags/example_latest_only.py
[2023-10-03T08:04:24.791+0000] {logging_mixin.py:151} INFO - [2023-10-03T08:04:24.791+0000] {dag.py:2915} INFO - Sync 1 DAGs
[2023-10-03T08:04:24.808+0000] {logging_mixin.py:151} INFO - [2023-10-03T08:04:24.808+0000] {dag.py:3696} INFO - Setting next_dagrun for latest_only to 2023-10-03T04:04:24.807923+00:00, run_after=2023-10-03T08:04:24.807923+00:00
[2023-10-03T08:04:24.817+0000] {processor.py:179} INFO - Processing /home/airflow/.local/lib/python3.8/site-packages/airflow/example_dags/example_latest_only.py took 0.047 seconds
[2023-10-03T08:04:55.502+0000] {processor.py:157} INFO - Started process (PID=947) to work on /home/airflow/.local/lib/python3.8/site-packages/airflow/example_dags/example_latest_only.py
[2023-10-03T08:04:55.503+0000] {processor.py:829} INFO - Processing file /home/airflow/.local/lib/python3.8/site-packages/airflow/example_dags/example_latest_only.py for tasks to queue
[2023-10-03T08:04:55.504+0000] {logging_mixin.py:151} INFO - [2023-10-03T08:04:55.504+0000] {dagbag.py:539} INFO - Filling up the DagBag from /home/airflow/.local/lib/python3.8/site-packages/airflow/example_dags/example_latest_only.py
[2023-10-03T08:04:55.507+0000] {processor.py:839} INFO - DAG(s) dict_keys(['latest_only']) retrieved from /home/airflow/.local/lib/python3.8/site-packages/airflow/example_dags/example_latest_only.py
[2023-10-03T08:04:55.517+0000] {logging_mixin.py:151} INFO - [2023-10-03T08:04:55.517+0000] {dag.py:2915} INFO - Sync 1 DAGs
[2023-10-03T08:04:55.526+0000] {logging_mixin.py:151} INFO - [2023-10-03T08:04:55.526+0000] {dag.py:3696} INFO - Setting next_dagrun for latest_only to 2023-10-03T04:04:55.526128+00:00, run_after=2023-10-03T08:04:55.526128+00:00
[2023-10-03T08:04:55.533+0000] {processor.py:179} INFO - Processing /home/airflow/.local/lib/python3.8/site-packages/airflow/example_dags/example_latest_only.py took 0.032 seconds
[2023-10-03T08:05:26.553+0000] {processor.py:157} INFO - Started process (PID=1006) to work on /home/airflow/.local/lib/python3.8/site-packages/airflow/example_dags/example_latest_only.py
[2023-10-03T08:05:26.554+0000] {processor.py:829} INFO - Processing file /home/airflow/.local/lib/python3.8/site-packages/airflow/example_dags/example_latest_only.py for tasks to queue
[2023-10-03T08:05:26.555+0000] {logging_mixin.py:151} INFO - [2023-10-03T08:05:26.555+0000] {dagbag.py:539} INFO - Filling up the DagBag from /home/airflow/.local/lib/python3.8/site-packages/airflow/example_dags/example_latest_only.py
[2023-10-03T08:05:26.558+0000] {processor.py:839} INFO - DAG(s) dict_keys(['latest_only']) retrieved from /home/airflow/.local/lib/python3.8/site-packages/airflow/example_dags/example_latest_only.py
[2023-10-03T08:05:26.569+0000] {logging_mixin.py:151} INFO - [2023-10-03T08:05:26.568+0000] {dag.py:2915} INFO - Sync 1 DAGs
[2023-10-03T08:05:26.578+0000] {logging_mixin.py:151} INFO - [2023-10-03T08:05:26.578+0000] {dag.py:3696} INFO - Setting next_dagrun for latest_only to 2023-10-03T04:05:26.578127+00:00, run_after=2023-10-03T08:05:26.578127+00:00
[2023-10-03T08:05:26.585+0000] {processor.py:179} INFO - Processing /home/airflow/.local/lib/python3.8/site-packages/airflow/example_dags/example_latest_only.py took 0.033 seconds
[2023-10-03T08:05:56.843+0000] {processor.py:157} INFO - Started process (PID=1065) to work on /home/airflow/.local/lib/python3.8/site-packages/airflow/example_dags/example_latest_only.py
[2023-10-03T08:05:56.844+0000] {processor.py:829} INFO - Processing file /home/airflow/.local/lib/python3.8/site-packages/airflow/example_dags/example_latest_only.py for tasks to queue
[2023-10-03T08:05:56.845+0000] {logging_mixin.py:151} INFO - [2023-10-03T08:05:56.845+0000] {dagbag.py:539} INFO - Filling up the DagBag from /home/airflow/.local/lib/python3.8/site-packages/airflow/example_dags/example_latest_only.py
[2023-10-03T08:05:56.848+0000] {processor.py:839} INFO - DAG(s) dict_keys(['latest_only']) retrieved from /home/airflow/.local/lib/python3.8/site-packages/airflow/example_dags/example_latest_only.py
[2023-10-03T08:05:56.859+0000] {logging_mixin.py:151} INFO - [2023-10-03T08:05:56.859+0000] {dag.py:2915} INFO - Sync 1 DAGs
[2023-10-03T08:05:56.869+0000] {logging_mixin.py:151} INFO - [2023-10-03T08:05:56.869+0000] {dag.py:3696} INFO - Setting next_dagrun for latest_only to 2023-10-03T04:05:56.868967+00:00, run_after=2023-10-03T08:05:56.868967+00:00
[2023-10-03T08:05:56.876+0000] {processor.py:179} INFO - Processing /home/airflow/.local/lib/python3.8/site-packages/airflow/example_dags/example_latest_only.py took 0.035 seconds
[2023-10-03T08:06:27.067+0000] {processor.py:157} INFO - Started process (PID=1124) to work on /home/airflow/.local/lib/python3.8/site-packages/airflow/example_dags/example_latest_only.py
[2023-10-03T08:06:27.067+0000] {processor.py:829} INFO - Processing file /home/airflow/.local/lib/python3.8/site-packages/airflow/example_dags/example_latest_only.py for tasks to queue
[2023-10-03T08:06:27.069+0000] {logging_mixin.py:151} INFO - [2023-10-03T08:06:27.068+0000] {dagbag.py:539} INFO - Filling up the DagBag from /home/airflow/.local/lib/python3.8/site-packages/airflow/example_dags/example_latest_only.py
[2023-10-03T08:06:27.071+0000] {processor.py:839} INFO - DAG(s) dict_keys(['latest_only']) retrieved from /home/airflow/.local/lib/python3.8/site-packages/airflow/example_dags/example_latest_only.py
[2023-10-03T08:06:27.081+0000] {logging_mixin.py:151} INFO - [2023-10-03T08:06:27.081+0000] {dag.py:2915} INFO - Sync 1 DAGs
[2023-10-03T08:06:27.090+0000] {logging_mixin.py:151} INFO - [2023-10-03T08:06:27.090+0000] {dag.py:3696} INFO - Setting next_dagrun for latest_only to 2023-10-03T04:06:27.090460+00:00, run_after=2023-10-03T08:06:27.090460+00:00
[2023-10-03T08:06:27.097+0000] {processor.py:179} INFO - Processing /home/airflow/.local/lib/python3.8/site-packages/airflow/example_dags/example_latest_only.py took 0.032 seconds
[2023-10-03T08:06:58.096+0000] {processor.py:157} INFO - Started process (PID=1183) to work on /home/airflow/.local/lib/python3.8/site-packages/airflow/example_dags/example_latest_only.py
[2023-10-03T08:06:58.097+0000] {processor.py:829} INFO - Processing file /home/airflow/.local/lib/python3.8/site-packages/airflow/example_dags/example_latest_only.py for tasks to queue
[2023-10-03T08:06:58.098+0000] {logging_mixin.py:151} INFO - [2023-10-03T08:06:58.098+0000] {dagbag.py:539} INFO - Filling up the DagBag from /home/airflow/.local/lib/python3.8/site-packages/airflow/example_dags/example_latest_only.py
[2023-10-03T08:06:58.101+0000] {processor.py:839} INFO - DAG(s) dict_keys(['latest_only']) retrieved from /home/airflow/.local/lib/python3.8/site-packages/airflow/example_dags/example_latest_only.py
[2023-10-03T08:06:58.111+0000] {logging_mixin.py:151} INFO - [2023-10-03T08:06:58.111+0000] {dag.py:2915} INFO - Sync 1 DAGs
[2023-10-03T08:06:58.120+0000] {logging_mixin.py:151} INFO - [2023-10-03T08:06:58.120+0000] {dag.py:3696} INFO - Setting next_dagrun for latest_only to 2023-10-03T04:06:58.120484+00:00, run_after=2023-10-03T08:06:58.120484+00:00
[2023-10-03T08:06:58.128+0000] {processor.py:179} INFO - Processing /home/airflow/.local/lib/python3.8/site-packages/airflow/example_dags/example_latest_only.py took 0.034 seconds
