[2023-10-03T07:43:56.116+0000] {processor.py:157} INFO - Started process (PID=54) to work on /home/airflow/.local/lib/python3.8/site-packages/airflow/example_dags/example_setup_teardown.py
[2023-10-03T07:43:56.117+0000] {processor.py:829} INFO - Processing file /home/airflow/.local/lib/python3.8/site-packages/airflow/example_dags/example_setup_teardown.py for tasks to queue
[2023-10-03T07:43:56.119+0000] {logging_mixin.py:151} INFO - [2023-10-03T07:43:56.119+0000] {dagbag.py:539} INFO - Filling up the DagBag from /home/airflow/.local/lib/python3.8/site-packages/airflow/example_dags/example_setup_teardown.py
[2023-10-03T07:43:56.128+0000] {processor.py:839} INFO - DAG(s) dict_keys(['example_setup_teardown']) retrieved from /home/airflow/.local/lib/python3.8/site-packages/airflow/example_dags/example_setup_teardown.py
[2023-10-03T07:43:56.139+0000] {logging_mixin.py:151} INFO - [2023-10-03T07:43:56.138+0000] {dag.py:2915} INFO - Sync 1 DAGs
[2023-10-03T07:43:56.164+0000] {logging_mixin.py:151} INFO - [2023-10-03T07:43:56.163+0000] {dag.py:3696} INFO - Setting next_dagrun for example_setup_teardown to 2023-10-02T07:43:56.161075+00:00, run_after=2023-10-03T07:43:56.161075+00:00
[2023-10-03T07:43:56.190+0000] {processor.py:179} INFO - Processing /home/airflow/.local/lib/python3.8/site-packages/airflow/example_dags/example_setup_teardown.py took 0.077 seconds
[2023-10-03T07:44:26.649+0000] {processor.py:157} INFO - Started process (PID=113) to work on /home/airflow/.local/lib/python3.8/site-packages/airflow/example_dags/example_setup_teardown.py
[2023-10-03T07:44:26.649+0000] {processor.py:829} INFO - Processing file /home/airflow/.local/lib/python3.8/site-packages/airflow/example_dags/example_setup_teardown.py for tasks to queue
[2023-10-03T07:44:26.651+0000] {logging_mixin.py:151} INFO - [2023-10-03T07:44:26.651+0000] {dagbag.py:539} INFO - Filling up the DagBag from /home/airflow/.local/lib/python3.8/site-packages/airflow/example_dags/example_setup_teardown.py
[2023-10-03T07:44:26.655+0000] {processor.py:839} INFO - DAG(s) dict_keys(['example_setup_teardown']) retrieved from /home/airflow/.local/lib/python3.8/site-packages/airflow/example_dags/example_setup_teardown.py
[2023-10-03T07:44:26.665+0000] {logging_mixin.py:151} INFO - [2023-10-03T07:44:26.665+0000] {dag.py:2915} INFO - Sync 1 DAGs
[2023-10-03T07:44:26.675+0000] {logging_mixin.py:151} INFO - [2023-10-03T07:44:26.674+0000] {dag.py:3696} INFO - Setting next_dagrun for example_setup_teardown to 2023-10-02T07:44:26.674749+00:00, run_after=2023-10-03T07:44:26.674749+00:00
[2023-10-03T07:44:26.682+0000] {processor.py:179} INFO - Processing /home/airflow/.local/lib/python3.8/site-packages/airflow/example_dags/example_setup_teardown.py took 0.035 seconds
[2023-10-03T07:44:56.912+0000] {processor.py:157} INFO - Started process (PID=172) to work on /home/airflow/.local/lib/python3.8/site-packages/airflow/example_dags/example_setup_teardown.py
[2023-10-03T07:44:56.913+0000] {processor.py:829} INFO - Processing file /home/airflow/.local/lib/python3.8/site-packages/airflow/example_dags/example_setup_teardown.py for tasks to queue
[2023-10-03T07:44:56.914+0000] {logging_mixin.py:151} INFO - [2023-10-03T07:44:56.914+0000] {dagbag.py:539} INFO - Filling up the DagBag from /home/airflow/.local/lib/python3.8/site-packages/airflow/example_dags/example_setup_teardown.py
[2023-10-03T07:44:56.917+0000] {processor.py:839} INFO - DAG(s) dict_keys(['example_setup_teardown']) retrieved from /home/airflow/.local/lib/python3.8/site-packages/airflow/example_dags/example_setup_teardown.py
[2023-10-03T07:44:56.927+0000] {logging_mixin.py:151} INFO - [2023-10-03T07:44:56.927+0000] {dag.py:2915} INFO - Sync 1 DAGs
[2023-10-03T07:44:56.937+0000] {logging_mixin.py:151} INFO - [2023-10-03T07:44:56.937+0000] {dag.py:3696} INFO - Setting next_dagrun for example_setup_teardown to 2023-10-02T07:44:56.936996+00:00, run_after=2023-10-03T07:44:56.936996+00:00
[2023-10-03T07:44:56.945+0000] {processor.py:179} INFO - Processing /home/airflow/.local/lib/python3.8/site-packages/airflow/example_dags/example_setup_teardown.py took 0.035 seconds
[2023-10-03T07:45:27.467+0000] {processor.py:157} INFO - Started process (PID=231) to work on /home/airflow/.local/lib/python3.8/site-packages/airflow/example_dags/example_setup_teardown.py
[2023-10-03T07:45:27.469+0000] {processor.py:829} INFO - Processing file /home/airflow/.local/lib/python3.8/site-packages/airflow/example_dags/example_setup_teardown.py for tasks to queue
[2023-10-03T07:45:27.470+0000] {logging_mixin.py:151} INFO - [2023-10-03T07:45:27.470+0000] {dagbag.py:539} INFO - Filling up the DagBag from /home/airflow/.local/lib/python3.8/site-packages/airflow/example_dags/example_setup_teardown.py
[2023-10-03T07:45:27.474+0000] {processor.py:839} INFO - DAG(s) dict_keys(['example_setup_teardown']) retrieved from /home/airflow/.local/lib/python3.8/site-packages/airflow/example_dags/example_setup_teardown.py
[2023-10-03T07:45:27.486+0000] {logging_mixin.py:151} INFO - [2023-10-03T07:45:27.486+0000] {dag.py:2915} INFO - Sync 1 DAGs
[2023-10-03T07:45:27.496+0000] {logging_mixin.py:151} INFO - [2023-10-03T07:45:27.496+0000] {dag.py:3696} INFO - Setting next_dagrun for example_setup_teardown to 2023-10-02T07:45:27.495885+00:00, run_after=2023-10-03T07:45:27.495885+00:00
[2023-10-03T07:45:27.503+0000] {processor.py:179} INFO - Processing /home/airflow/.local/lib/python3.8/site-packages/airflow/example_dags/example_setup_teardown.py took 0.039 seconds
[2023-10-03T07:50:26.054+0000] {processor.py:157} INFO - Started process (PID=55) to work on /home/airflow/.local/lib/python3.8/site-packages/airflow/example_dags/example_setup_teardown.py
[2023-10-03T07:50:26.056+0000] {processor.py:829} INFO - Processing file /home/airflow/.local/lib/python3.8/site-packages/airflow/example_dags/example_setup_teardown.py for tasks to queue
[2023-10-03T07:50:26.057+0000] {logging_mixin.py:151} INFO - [2023-10-03T07:50:26.057+0000] {dagbag.py:539} INFO - Filling up the DagBag from /home/airflow/.local/lib/python3.8/site-packages/airflow/example_dags/example_setup_teardown.py
[2023-10-03T07:50:26.076+0000] {processor.py:839} INFO - DAG(s) dict_keys(['example_setup_teardown']) retrieved from /home/airflow/.local/lib/python3.8/site-packages/airflow/example_dags/example_setup_teardown.py
[2023-10-03T07:50:26.117+0000] {logging_mixin.py:151} INFO - [2023-10-03T07:50:26.116+0000] {dag.py:2915} INFO - Sync 1 DAGs
[2023-10-03T07:50:26.214+0000] {logging_mixin.py:151} INFO - [2023-10-03T07:50:26.214+0000] {dag.py:3696} INFO - Setting next_dagrun for example_setup_teardown to 2023-10-02T07:50:26.213916+00:00, run_after=2023-10-03T07:50:26.213916+00:00
[2023-10-03T07:50:26.227+0000] {processor.py:179} INFO - Processing /home/airflow/.local/lib/python3.8/site-packages/airflow/example_dags/example_setup_teardown.py took 0.176 seconds
[2023-10-03T07:50:57.241+0000] {processor.py:157} INFO - Started process (PID=114) to work on /home/airflow/.local/lib/python3.8/site-packages/airflow/example_dags/example_setup_teardown.py
[2023-10-03T07:50:57.242+0000] {processor.py:829} INFO - Processing file /home/airflow/.local/lib/python3.8/site-packages/airflow/example_dags/example_setup_teardown.py for tasks to queue
[2023-10-03T07:50:57.244+0000] {logging_mixin.py:151} INFO - [2023-10-03T07:50:57.244+0000] {dagbag.py:539} INFO - Filling up the DagBag from /home/airflow/.local/lib/python3.8/site-packages/airflow/example_dags/example_setup_teardown.py
[2023-10-03T07:50:57.249+0000] {processor.py:839} INFO - DAG(s) dict_keys(['example_setup_teardown']) retrieved from /home/airflow/.local/lib/python3.8/site-packages/airflow/example_dags/example_setup_teardown.py
[2023-10-03T07:50:57.268+0000] {logging_mixin.py:151} INFO - [2023-10-03T07:50:57.268+0000] {dag.py:2915} INFO - Sync 1 DAGs
[2023-10-03T07:50:57.284+0000] {logging_mixin.py:151} INFO - [2023-10-03T07:50:57.283+0000] {dag.py:3696} INFO - Setting next_dagrun for example_setup_teardown to 2023-10-02T07:50:57.283714+00:00, run_after=2023-10-03T07:50:57.283714+00:00
[2023-10-03T07:50:57.296+0000] {processor.py:179} INFO - Processing /home/airflow/.local/lib/python3.8/site-packages/airflow/example_dags/example_setup_teardown.py took 0.058 seconds
[2023-10-03T07:51:27.874+0000] {processor.py:157} INFO - Started process (PID=173) to work on /home/airflow/.local/lib/python3.8/site-packages/airflow/example_dags/example_setup_teardown.py
[2023-10-03T07:51:27.875+0000] {processor.py:829} INFO - Processing file /home/airflow/.local/lib/python3.8/site-packages/airflow/example_dags/example_setup_teardown.py for tasks to queue
[2023-10-03T07:51:27.877+0000] {logging_mixin.py:151} INFO - [2023-10-03T07:51:27.877+0000] {dagbag.py:539} INFO - Filling up the DagBag from /home/airflow/.local/lib/python3.8/site-packages/airflow/example_dags/example_setup_teardown.py
[2023-10-03T07:51:27.895+0000] {processor.py:839} INFO - DAG(s) dict_keys(['example_setup_teardown']) retrieved from /home/airflow/.local/lib/python3.8/site-packages/airflow/example_dags/example_setup_teardown.py
[2023-10-03T07:51:27.927+0000] {logging_mixin.py:151} INFO - [2023-10-03T07:51:27.927+0000] {dag.py:2915} INFO - Sync 1 DAGs
[2023-10-03T07:51:27.945+0000] {logging_mixin.py:151} INFO - [2023-10-03T07:51:27.944+0000] {dag.py:3696} INFO - Setting next_dagrun for example_setup_teardown to 2023-10-02T07:51:27.944598+00:00, run_after=2023-10-03T07:51:27.944598+00:00
[2023-10-03T07:51:27.958+0000] {processor.py:179} INFO - Processing /home/airflow/.local/lib/python3.8/site-packages/airflow/example_dags/example_setup_teardown.py took 0.087 seconds
[2023-10-03T07:57:14.427+0000] {processor.py:157} INFO - Started process (PID=55) to work on /home/airflow/.local/lib/python3.8/site-packages/airflow/example_dags/example_setup_teardown.py
[2023-10-03T07:57:14.427+0000] {processor.py:829} INFO - Processing file /home/airflow/.local/lib/python3.8/site-packages/airflow/example_dags/example_setup_teardown.py for tasks to queue
[2023-10-03T07:57:14.430+0000] {logging_mixin.py:151} INFO - [2023-10-03T07:57:14.430+0000] {dagbag.py:539} INFO - Filling up the DagBag from /home/airflow/.local/lib/python3.8/site-packages/airflow/example_dags/example_setup_teardown.py
[2023-10-03T07:57:14.449+0000] {processor.py:839} INFO - DAG(s) dict_keys(['example_setup_teardown']) retrieved from /home/airflow/.local/lib/python3.8/site-packages/airflow/example_dags/example_setup_teardown.py
[2023-10-03T07:57:14.476+0000] {logging_mixin.py:151} INFO - [2023-10-03T07:57:14.476+0000] {dag.py:2915} INFO - Sync 1 DAGs
[2023-10-03T07:57:14.506+0000] {logging_mixin.py:151} INFO - [2023-10-03T07:57:14.505+0000] {dag.py:3696} INFO - Setting next_dagrun for example_setup_teardown to 2023-10-02T07:57:14.505196+00:00, run_after=2023-10-03T07:57:14.505196+00:00
[2023-10-03T07:57:14.534+0000] {processor.py:179} INFO - Processing /home/airflow/.local/lib/python3.8/site-packages/airflow/example_dags/example_setup_teardown.py took 0.112 seconds
[2023-10-03T07:57:45.361+0000] {processor.py:157} INFO - Started process (PID=114) to work on /home/airflow/.local/lib/python3.8/site-packages/airflow/example_dags/example_setup_teardown.py
[2023-10-03T07:57:45.362+0000] {processor.py:829} INFO - Processing file /home/airflow/.local/lib/python3.8/site-packages/airflow/example_dags/example_setup_teardown.py for tasks to queue
[2023-10-03T07:57:45.363+0000] {logging_mixin.py:151} INFO - [2023-10-03T07:57:45.363+0000] {dagbag.py:539} INFO - Filling up the DagBag from /home/airflow/.local/lib/python3.8/site-packages/airflow/example_dags/example_setup_teardown.py
[2023-10-03T07:57:45.367+0000] {processor.py:839} INFO - DAG(s) dict_keys(['example_setup_teardown']) retrieved from /home/airflow/.local/lib/python3.8/site-packages/airflow/example_dags/example_setup_teardown.py
[2023-10-03T07:57:45.377+0000] {logging_mixin.py:151} INFO - [2023-10-03T07:57:45.377+0000] {dag.py:2915} INFO - Sync 1 DAGs
[2023-10-03T07:57:45.387+0000] {logging_mixin.py:151} INFO - [2023-10-03T07:57:45.386+0000] {dag.py:3696} INFO - Setting next_dagrun for example_setup_teardown to 2023-10-02T07:57:45.386859+00:00, run_after=2023-10-03T07:57:45.386859+00:00
[2023-10-03T07:57:45.395+0000] {processor.py:179} INFO - Processing /home/airflow/.local/lib/python3.8/site-packages/airflow/example_dags/example_setup_teardown.py took 0.036 seconds
[2023-10-03T07:58:15.724+0000] {processor.py:157} INFO - Started process (PID=173) to work on /home/airflow/.local/lib/python3.8/site-packages/airflow/example_dags/example_setup_teardown.py
[2023-10-03T07:58:15.725+0000] {processor.py:829} INFO - Processing file /home/airflow/.local/lib/python3.8/site-packages/airflow/example_dags/example_setup_teardown.py for tasks to queue
[2023-10-03T07:58:15.726+0000] {logging_mixin.py:151} INFO - [2023-10-03T07:58:15.726+0000] {dagbag.py:539} INFO - Filling up the DagBag from /home/airflow/.local/lib/python3.8/site-packages/airflow/example_dags/example_setup_teardown.py
[2023-10-03T07:58:15.730+0000] {processor.py:839} INFO - DAG(s) dict_keys(['example_setup_teardown']) retrieved from /home/airflow/.local/lib/python3.8/site-packages/airflow/example_dags/example_setup_teardown.py
[2023-10-03T07:58:15.740+0000] {logging_mixin.py:151} INFO - [2023-10-03T07:58:15.740+0000] {dag.py:2915} INFO - Sync 1 DAGs
[2023-10-03T07:58:15.753+0000] {logging_mixin.py:151} INFO - [2023-10-03T07:58:15.753+0000] {dag.py:3696} INFO - Setting next_dagrun for example_setup_teardown to 2023-10-02T07:58:15.753478+00:00, run_after=2023-10-03T07:58:15.753478+00:00
[2023-10-03T07:58:15.760+0000] {processor.py:179} INFO - Processing /home/airflow/.local/lib/python3.8/site-packages/airflow/example_dags/example_setup_teardown.py took 0.039 seconds
[2023-10-03T07:58:45.933+0000] {processor.py:157} INFO - Started process (PID=232) to work on /home/airflow/.local/lib/python3.8/site-packages/airflow/example_dags/example_setup_teardown.py
[2023-10-03T07:58:45.934+0000] {processor.py:829} INFO - Processing file /home/airflow/.local/lib/python3.8/site-packages/airflow/example_dags/example_setup_teardown.py for tasks to queue
[2023-10-03T07:58:45.935+0000] {logging_mixin.py:151} INFO - [2023-10-03T07:58:45.935+0000] {dagbag.py:539} INFO - Filling up the DagBag from /home/airflow/.local/lib/python3.8/site-packages/airflow/example_dags/example_setup_teardown.py
[2023-10-03T07:58:45.939+0000] {processor.py:839} INFO - DAG(s) dict_keys(['example_setup_teardown']) retrieved from /home/airflow/.local/lib/python3.8/site-packages/airflow/example_dags/example_setup_teardown.py
[2023-10-03T07:58:45.948+0000] {logging_mixin.py:151} INFO - [2023-10-03T07:58:45.948+0000] {dag.py:2915} INFO - Sync 1 DAGs
[2023-10-03T07:58:45.957+0000] {logging_mixin.py:151} INFO - [2023-10-03T07:58:45.956+0000] {dag.py:3696} INFO - Setting next_dagrun for example_setup_teardown to 2023-10-02T07:58:45.956822+00:00, run_after=2023-10-03T07:58:45.956822+00:00
[2023-10-03T07:58:45.963+0000] {processor.py:179} INFO - Processing /home/airflow/.local/lib/python3.8/site-packages/airflow/example_dags/example_setup_teardown.py took 0.032 seconds
[2023-10-03T07:59:17.254+0000] {processor.py:157} INFO - Started process (PID=291) to work on /home/airflow/.local/lib/python3.8/site-packages/airflow/example_dags/example_setup_teardown.py
[2023-10-03T07:59:17.254+0000] {processor.py:829} INFO - Processing file /home/airflow/.local/lib/python3.8/site-packages/airflow/example_dags/example_setup_teardown.py for tasks to queue
[2023-10-03T07:59:17.256+0000] {logging_mixin.py:151} INFO - [2023-10-03T07:59:17.255+0000] {dagbag.py:539} INFO - Filling up the DagBag from /home/airflow/.local/lib/python3.8/site-packages/airflow/example_dags/example_setup_teardown.py
[2023-10-03T07:59:17.259+0000] {processor.py:839} INFO - DAG(s) dict_keys(['example_setup_teardown']) retrieved from /home/airflow/.local/lib/python3.8/site-packages/airflow/example_dags/example_setup_teardown.py
[2023-10-03T07:59:17.270+0000] {logging_mixin.py:151} INFO - [2023-10-03T07:59:17.270+0000] {dag.py:2915} INFO - Sync 1 DAGs
[2023-10-03T07:59:17.280+0000] {logging_mixin.py:151} INFO - [2023-10-03T07:59:17.279+0000] {dag.py:3696} INFO - Setting next_dagrun for example_setup_teardown to 2023-10-02T07:59:17.279788+00:00, run_after=2023-10-03T07:59:17.279788+00:00
[2023-10-03T07:59:17.287+0000] {processor.py:179} INFO - Processing /home/airflow/.local/lib/python3.8/site-packages/airflow/example_dags/example_setup_teardown.py took 0.036 seconds
[2023-10-03T07:59:47.865+0000] {processor.py:157} INFO - Started process (PID=350) to work on /home/airflow/.local/lib/python3.8/site-packages/airflow/example_dags/example_setup_teardown.py
[2023-10-03T07:59:47.866+0000] {processor.py:829} INFO - Processing file /home/airflow/.local/lib/python3.8/site-packages/airflow/example_dags/example_setup_teardown.py for tasks to queue
[2023-10-03T07:59:47.867+0000] {logging_mixin.py:151} INFO - [2023-10-03T07:59:47.867+0000] {dagbag.py:539} INFO - Filling up the DagBag from /home/airflow/.local/lib/python3.8/site-packages/airflow/example_dags/example_setup_teardown.py
[2023-10-03T07:59:47.871+0000] {processor.py:839} INFO - DAG(s) dict_keys(['example_setup_teardown']) retrieved from /home/airflow/.local/lib/python3.8/site-packages/airflow/example_dags/example_setup_teardown.py
[2023-10-03T07:59:47.881+0000] {logging_mixin.py:151} INFO - [2023-10-03T07:59:47.881+0000] {dag.py:2915} INFO - Sync 1 DAGs
[2023-10-03T07:59:47.890+0000] {logging_mixin.py:151} INFO - [2023-10-03T07:59:47.890+0000] {dag.py:3696} INFO - Setting next_dagrun for example_setup_teardown to 2023-10-02T07:59:47.890734+00:00, run_after=2023-10-03T07:59:47.890734+00:00
[2023-10-03T07:59:47.898+0000] {processor.py:179} INFO - Processing /home/airflow/.local/lib/python3.8/site-packages/airflow/example_dags/example_setup_teardown.py took 0.035 seconds
[2023-10-03T08:00:19.183+0000] {processor.py:157} INFO - Started process (PID=409) to work on /home/airflow/.local/lib/python3.8/site-packages/airflow/example_dags/example_setup_teardown.py
[2023-10-03T08:00:19.184+0000] {processor.py:829} INFO - Processing file /home/airflow/.local/lib/python3.8/site-packages/airflow/example_dags/example_setup_teardown.py for tasks to queue
[2023-10-03T08:00:19.185+0000] {logging_mixin.py:151} INFO - [2023-10-03T08:00:19.185+0000] {dagbag.py:539} INFO - Filling up the DagBag from /home/airflow/.local/lib/python3.8/site-packages/airflow/example_dags/example_setup_teardown.py
[2023-10-03T08:00:19.189+0000] {processor.py:839} INFO - DAG(s) dict_keys(['example_setup_teardown']) retrieved from /home/airflow/.local/lib/python3.8/site-packages/airflow/example_dags/example_setup_teardown.py
[2023-10-03T08:00:19.200+0000] {logging_mixin.py:151} INFO - [2023-10-03T08:00:19.200+0000] {dag.py:2915} INFO - Sync 1 DAGs
[2023-10-03T08:00:19.210+0000] {logging_mixin.py:151} INFO - [2023-10-03T08:00:19.210+0000] {dag.py:3696} INFO - Setting next_dagrun for example_setup_teardown to 2023-10-02T08:00:19.210409+00:00, run_after=2023-10-03T08:00:19.210409+00:00
[2023-10-03T08:00:19.218+0000] {processor.py:179} INFO - Processing /home/airflow/.local/lib/python3.8/site-packages/airflow/example_dags/example_setup_teardown.py took 0.036 seconds
[2023-10-03T08:00:50.409+0000] {processor.py:157} INFO - Started process (PID=468) to work on /home/airflow/.local/lib/python3.8/site-packages/airflow/example_dags/example_setup_teardown.py
[2023-10-03T08:00:50.409+0000] {processor.py:829} INFO - Processing file /home/airflow/.local/lib/python3.8/site-packages/airflow/example_dags/example_setup_teardown.py for tasks to queue
[2023-10-03T08:00:50.410+0000] {logging_mixin.py:151} INFO - [2023-10-03T08:00:50.410+0000] {dagbag.py:539} INFO - Filling up the DagBag from /home/airflow/.local/lib/python3.8/site-packages/airflow/example_dags/example_setup_teardown.py
[2023-10-03T08:00:50.414+0000] {processor.py:839} INFO - DAG(s) dict_keys(['example_setup_teardown']) retrieved from /home/airflow/.local/lib/python3.8/site-packages/airflow/example_dags/example_setup_teardown.py
[2023-10-03T08:00:50.424+0000] {logging_mixin.py:151} INFO - [2023-10-03T08:00:50.424+0000] {dag.py:2915} INFO - Sync 1 DAGs
[2023-10-03T08:00:50.433+0000] {logging_mixin.py:151} INFO - [2023-10-03T08:00:50.433+0000] {dag.py:3696} INFO - Setting next_dagrun for example_setup_teardown to 2023-10-02T08:00:50.433458+00:00, run_after=2023-10-03T08:00:50.433458+00:00
[2023-10-03T08:00:50.440+0000] {processor.py:179} INFO - Processing /home/airflow/.local/lib/python3.8/site-packages/airflow/example_dags/example_setup_teardown.py took 0.033 seconds
[2023-10-03T08:01:21.464+0000] {processor.py:157} INFO - Started process (PID=527) to work on /home/airflow/.local/lib/python3.8/site-packages/airflow/example_dags/example_setup_teardown.py
[2023-10-03T08:01:21.464+0000] {processor.py:829} INFO - Processing file /home/airflow/.local/lib/python3.8/site-packages/airflow/example_dags/example_setup_teardown.py for tasks to queue
[2023-10-03T08:01:21.466+0000] {logging_mixin.py:151} INFO - [2023-10-03T08:01:21.465+0000] {dagbag.py:539} INFO - Filling up the DagBag from /home/airflow/.local/lib/python3.8/site-packages/airflow/example_dags/example_setup_teardown.py
[2023-10-03T08:01:21.469+0000] {processor.py:839} INFO - DAG(s) dict_keys(['example_setup_teardown']) retrieved from /home/airflow/.local/lib/python3.8/site-packages/airflow/example_dags/example_setup_teardown.py
[2023-10-03T08:01:21.480+0000] {logging_mixin.py:151} INFO - [2023-10-03T08:01:21.480+0000] {dag.py:2915} INFO - Sync 1 DAGs
[2023-10-03T08:01:21.489+0000] {logging_mixin.py:151} INFO - [2023-10-03T08:01:21.489+0000] {dag.py:3696} INFO - Setting next_dagrun for example_setup_teardown to 2023-10-02T08:01:21.489766+00:00, run_after=2023-10-03T08:01:21.489766+00:00
[2023-10-03T08:01:21.497+0000] {processor.py:179} INFO - Processing /home/airflow/.local/lib/python3.8/site-packages/airflow/example_dags/example_setup_teardown.py took 0.035 seconds
[2023-10-03T08:01:52.544+0000] {processor.py:157} INFO - Started process (PID=586) to work on /home/airflow/.local/lib/python3.8/site-packages/airflow/example_dags/example_setup_teardown.py
[2023-10-03T08:01:52.544+0000] {processor.py:829} INFO - Processing file /home/airflow/.local/lib/python3.8/site-packages/airflow/example_dags/example_setup_teardown.py for tasks to queue
[2023-10-03T08:01:52.545+0000] {logging_mixin.py:151} INFO - [2023-10-03T08:01:52.545+0000] {dagbag.py:539} INFO - Filling up the DagBag from /home/airflow/.local/lib/python3.8/site-packages/airflow/example_dags/example_setup_teardown.py
[2023-10-03T08:01:52.549+0000] {processor.py:839} INFO - DAG(s) dict_keys(['example_setup_teardown']) retrieved from /home/airflow/.local/lib/python3.8/site-packages/airflow/example_dags/example_setup_teardown.py
[2023-10-03T08:01:52.561+0000] {logging_mixin.py:151} INFO - [2023-10-03T08:01:52.561+0000] {dag.py:2915} INFO - Sync 1 DAGs
[2023-10-03T08:01:52.571+0000] {logging_mixin.py:151} INFO - [2023-10-03T08:01:52.571+0000] {dag.py:3696} INFO - Setting next_dagrun for example_setup_teardown to 2023-10-02T08:01:52.571540+00:00, run_after=2023-10-03T08:01:52.571540+00:00
[2023-10-03T08:01:52.579+0000] {processor.py:179} INFO - Processing /home/airflow/.local/lib/python3.8/site-packages/airflow/example_dags/example_setup_teardown.py took 0.038 seconds
[2023-10-03T08:02:23.008+0000] {processor.py:157} INFO - Started process (PID=645) to work on /home/airflow/.local/lib/python3.8/site-packages/airflow/example_dags/example_setup_teardown.py
[2023-10-03T08:02:23.009+0000] {processor.py:829} INFO - Processing file /home/airflow/.local/lib/python3.8/site-packages/airflow/example_dags/example_setup_teardown.py for tasks to queue
[2023-10-03T08:02:23.010+0000] {logging_mixin.py:151} INFO - [2023-10-03T08:02:23.010+0000] {dagbag.py:539} INFO - Filling up the DagBag from /home/airflow/.local/lib/python3.8/site-packages/airflow/example_dags/example_setup_teardown.py
[2023-10-03T08:02:23.014+0000] {processor.py:839} INFO - DAG(s) dict_keys(['example_setup_teardown']) retrieved from /home/airflow/.local/lib/python3.8/site-packages/airflow/example_dags/example_setup_teardown.py
[2023-10-03T08:02:23.025+0000] {logging_mixin.py:151} INFO - [2023-10-03T08:02:23.025+0000] {dag.py:2915} INFO - Sync 1 DAGs
[2023-10-03T08:02:23.035+0000] {logging_mixin.py:151} INFO - [2023-10-03T08:02:23.034+0000] {dag.py:3696} INFO - Setting next_dagrun for example_setup_teardown to 2023-10-02T08:02:23.034820+00:00, run_after=2023-10-03T08:02:23.034820+00:00
[2023-10-03T08:02:23.042+0000] {processor.py:179} INFO - Processing /home/airflow/.local/lib/python3.8/site-packages/airflow/example_dags/example_setup_teardown.py took 0.036 seconds
[2023-10-03T08:02:53.493+0000] {processor.py:157} INFO - Started process (PID=704) to work on /home/airflow/.local/lib/python3.8/site-packages/airflow/example_dags/example_setup_teardown.py
[2023-10-03T08:02:53.494+0000] {processor.py:829} INFO - Processing file /home/airflow/.local/lib/python3.8/site-packages/airflow/example_dags/example_setup_teardown.py for tasks to queue
[2023-10-03T08:02:53.495+0000] {logging_mixin.py:151} INFO - [2023-10-03T08:02:53.495+0000] {dagbag.py:539} INFO - Filling up the DagBag from /home/airflow/.local/lib/python3.8/site-packages/airflow/example_dags/example_setup_teardown.py
[2023-10-03T08:02:53.498+0000] {processor.py:839} INFO - DAG(s) dict_keys(['example_setup_teardown']) retrieved from /home/airflow/.local/lib/python3.8/site-packages/airflow/example_dags/example_setup_teardown.py
[2023-10-03T08:02:53.510+0000] {logging_mixin.py:151} INFO - [2023-10-03T08:02:53.509+0000] {dag.py:2915} INFO - Sync 1 DAGs
[2023-10-03T08:02:53.520+0000] {logging_mixin.py:151} INFO - [2023-10-03T08:02:53.519+0000] {dag.py:3696} INFO - Setting next_dagrun for example_setup_teardown to 2023-10-02T08:02:53.519819+00:00, run_after=2023-10-03T08:02:53.519819+00:00
[2023-10-03T08:02:53.527+0000] {processor.py:179} INFO - Processing /home/airflow/.local/lib/python3.8/site-packages/airflow/example_dags/example_setup_teardown.py took 0.036 seconds
[2023-10-03T08:03:23.763+0000] {processor.py:157} INFO - Started process (PID=763) to work on /home/airflow/.local/lib/python3.8/site-packages/airflow/example_dags/example_setup_teardown.py
[2023-10-03T08:03:23.764+0000] {processor.py:829} INFO - Processing file /home/airflow/.local/lib/python3.8/site-packages/airflow/example_dags/example_setup_teardown.py for tasks to queue
[2023-10-03T08:03:23.765+0000] {logging_mixin.py:151} INFO - [2023-10-03T08:03:23.765+0000] {dagbag.py:539} INFO - Filling up the DagBag from /home/airflow/.local/lib/python3.8/site-packages/airflow/example_dags/example_setup_teardown.py
[2023-10-03T08:03:23.769+0000] {processor.py:839} INFO - DAG(s) dict_keys(['example_setup_teardown']) retrieved from /home/airflow/.local/lib/python3.8/site-packages/airflow/example_dags/example_setup_teardown.py
[2023-10-03T08:03:23.779+0000] {logging_mixin.py:151} INFO - [2023-10-03T08:03:23.779+0000] {dag.py:2915} INFO - Sync 1 DAGs
[2023-10-03T08:03:23.788+0000] {logging_mixin.py:151} INFO - [2023-10-03T08:03:23.788+0000] {dag.py:3696} INFO - Setting next_dagrun for example_setup_teardown to 2023-10-02T08:03:23.788531+00:00, run_after=2023-10-03T08:03:23.788531+00:00
[2023-10-03T08:03:23.795+0000] {processor.py:179} INFO - Processing /home/airflow/.local/lib/python3.8/site-packages/airflow/example_dags/example_setup_teardown.py took 0.034 seconds
[2023-10-03T08:03:54.172+0000] {processor.py:157} INFO - Started process (PID=822) to work on /home/airflow/.local/lib/python3.8/site-packages/airflow/example_dags/example_setup_teardown.py
[2023-10-03T08:03:54.173+0000] {processor.py:829} INFO - Processing file /home/airflow/.local/lib/python3.8/site-packages/airflow/example_dags/example_setup_teardown.py for tasks to queue
[2023-10-03T08:03:54.174+0000] {logging_mixin.py:151} INFO - [2023-10-03T08:03:54.174+0000] {dagbag.py:539} INFO - Filling up the DagBag from /home/airflow/.local/lib/python3.8/site-packages/airflow/example_dags/example_setup_teardown.py
[2023-10-03T08:03:54.178+0000] {processor.py:839} INFO - DAG(s) dict_keys(['example_setup_teardown']) retrieved from /home/airflow/.local/lib/python3.8/site-packages/airflow/example_dags/example_setup_teardown.py
[2023-10-03T08:03:54.189+0000] {logging_mixin.py:151} INFO - [2023-10-03T08:03:54.189+0000] {dag.py:2915} INFO - Sync 1 DAGs
[2023-10-03T08:03:54.198+0000] {logging_mixin.py:151} INFO - [2023-10-03T08:03:54.198+0000] {dag.py:3696} INFO - Setting next_dagrun for example_setup_teardown to 2023-10-02T08:03:54.198656+00:00, run_after=2023-10-03T08:03:54.198656+00:00
[2023-10-03T08:03:54.206+0000] {processor.py:179} INFO - Processing /home/airflow/.local/lib/python3.8/site-packages/airflow/example_dags/example_setup_teardown.py took 0.035 seconds
[2023-10-03T08:04:24.560+0000] {processor.py:157} INFO - Started process (PID=881) to work on /home/airflow/.local/lib/python3.8/site-packages/airflow/example_dags/example_setup_teardown.py
[2023-10-03T08:04:24.561+0000] {processor.py:829} INFO - Processing file /home/airflow/.local/lib/python3.8/site-packages/airflow/example_dags/example_setup_teardown.py for tasks to queue
[2023-10-03T08:04:24.562+0000] {logging_mixin.py:151} INFO - [2023-10-03T08:04:24.562+0000] {dagbag.py:539} INFO - Filling up the DagBag from /home/airflow/.local/lib/python3.8/site-packages/airflow/example_dags/example_setup_teardown.py
[2023-10-03T08:04:24.566+0000] {processor.py:839} INFO - DAG(s) dict_keys(['example_setup_teardown']) retrieved from /home/airflow/.local/lib/python3.8/site-packages/airflow/example_dags/example_setup_teardown.py
[2023-10-03T08:04:24.577+0000] {logging_mixin.py:151} INFO - [2023-10-03T08:04:24.576+0000] {dag.py:2915} INFO - Sync 1 DAGs
[2023-10-03T08:04:24.586+0000] {logging_mixin.py:151} INFO - [2023-10-03T08:04:24.586+0000] {dag.py:3696} INFO - Setting next_dagrun for example_setup_teardown to 2023-10-02T08:04:24.586491+00:00, run_after=2023-10-03T08:04:24.586491+00:00
[2023-10-03T08:04:24.594+0000] {processor.py:179} INFO - Processing /home/airflow/.local/lib/python3.8/site-packages/airflow/example_dags/example_setup_teardown.py took 0.035 seconds
[2023-10-03T08:04:55.277+0000] {processor.py:157} INFO - Started process (PID=940) to work on /home/airflow/.local/lib/python3.8/site-packages/airflow/example_dags/example_setup_teardown.py
[2023-10-03T08:04:55.278+0000] {processor.py:829} INFO - Processing file /home/airflow/.local/lib/python3.8/site-packages/airflow/example_dags/example_setup_teardown.py for tasks to queue
[2023-10-03T08:04:55.279+0000] {logging_mixin.py:151} INFO - [2023-10-03T08:04:55.279+0000] {dagbag.py:539} INFO - Filling up the DagBag from /home/airflow/.local/lib/python3.8/site-packages/airflow/example_dags/example_setup_teardown.py
[2023-10-03T08:04:55.283+0000] {processor.py:839} INFO - DAG(s) dict_keys(['example_setup_teardown']) retrieved from /home/airflow/.local/lib/python3.8/site-packages/airflow/example_dags/example_setup_teardown.py
[2023-10-03T08:04:55.293+0000] {logging_mixin.py:151} INFO - [2023-10-03T08:04:55.293+0000] {dag.py:2915} INFO - Sync 1 DAGs
[2023-10-03T08:04:55.302+0000] {logging_mixin.py:151} INFO - [2023-10-03T08:04:55.302+0000] {dag.py:3696} INFO - Setting next_dagrun for example_setup_teardown to 2023-10-02T08:04:55.302481+00:00, run_after=2023-10-03T08:04:55.302481+00:00
[2023-10-03T08:04:55.309+0000] {processor.py:179} INFO - Processing /home/airflow/.local/lib/python3.8/site-packages/airflow/example_dags/example_setup_teardown.py took 0.034 seconds
[2023-10-03T08:05:26.312+0000] {processor.py:157} INFO - Started process (PID=999) to work on /home/airflow/.local/lib/python3.8/site-packages/airflow/example_dags/example_setup_teardown.py
[2023-10-03T08:05:26.313+0000] {processor.py:829} INFO - Processing file /home/airflow/.local/lib/python3.8/site-packages/airflow/example_dags/example_setup_teardown.py for tasks to queue
[2023-10-03T08:05:26.314+0000] {logging_mixin.py:151} INFO - [2023-10-03T08:05:26.314+0000] {dagbag.py:539} INFO - Filling up the DagBag from /home/airflow/.local/lib/python3.8/site-packages/airflow/example_dags/example_setup_teardown.py
[2023-10-03T08:05:26.318+0000] {processor.py:839} INFO - DAG(s) dict_keys(['example_setup_teardown']) retrieved from /home/airflow/.local/lib/python3.8/site-packages/airflow/example_dags/example_setup_teardown.py
[2023-10-03T08:05:26.328+0000] {logging_mixin.py:151} INFO - [2023-10-03T08:05:26.328+0000] {dag.py:2915} INFO - Sync 1 DAGs
[2023-10-03T08:05:26.339+0000] {logging_mixin.py:151} INFO - [2023-10-03T08:05:26.338+0000] {dag.py:3696} INFO - Setting next_dagrun for example_setup_teardown to 2023-10-02T08:05:26.338730+00:00, run_after=2023-10-03T08:05:26.338730+00:00
[2023-10-03T08:05:26.346+0000] {processor.py:179} INFO - Processing /home/airflow/.local/lib/python3.8/site-packages/airflow/example_dags/example_setup_teardown.py took 0.036 seconds
[2023-10-03T08:05:56.627+0000] {processor.py:157} INFO - Started process (PID=1058) to work on /home/airflow/.local/lib/python3.8/site-packages/airflow/example_dags/example_setup_teardown.py
[2023-10-03T08:05:56.628+0000] {processor.py:829} INFO - Processing file /home/airflow/.local/lib/python3.8/site-packages/airflow/example_dags/example_setup_teardown.py for tasks to queue
[2023-10-03T08:05:56.629+0000] {logging_mixin.py:151} INFO - [2023-10-03T08:05:56.629+0000] {dagbag.py:539} INFO - Filling up the DagBag from /home/airflow/.local/lib/python3.8/site-packages/airflow/example_dags/example_setup_teardown.py
[2023-10-03T08:05:56.633+0000] {processor.py:839} INFO - DAG(s) dict_keys(['example_setup_teardown']) retrieved from /home/airflow/.local/lib/python3.8/site-packages/airflow/example_dags/example_setup_teardown.py
[2023-10-03T08:05:56.643+0000] {logging_mixin.py:151} INFO - [2023-10-03T08:05:56.643+0000] {dag.py:2915} INFO - Sync 1 DAGs
[2023-10-03T08:05:56.652+0000] {logging_mixin.py:151} INFO - [2023-10-03T08:05:56.652+0000] {dag.py:3696} INFO - Setting next_dagrun for example_setup_teardown to 2023-10-02T08:05:56.652470+00:00, run_after=2023-10-03T08:05:56.652470+00:00
[2023-10-03T08:05:56.659+0000] {processor.py:179} INFO - Processing /home/airflow/.local/lib/python3.8/site-packages/airflow/example_dags/example_setup_teardown.py took 0.033 seconds
[2023-10-03T08:06:26.873+0000] {processor.py:157} INFO - Started process (PID=1117) to work on /home/airflow/.local/lib/python3.8/site-packages/airflow/example_dags/example_setup_teardown.py
[2023-10-03T08:06:26.874+0000] {processor.py:829} INFO - Processing file /home/airflow/.local/lib/python3.8/site-packages/airflow/example_dags/example_setup_teardown.py for tasks to queue
[2023-10-03T08:06:26.875+0000] {logging_mixin.py:151} INFO - [2023-10-03T08:06:26.875+0000] {dagbag.py:539} INFO - Filling up the DagBag from /home/airflow/.local/lib/python3.8/site-packages/airflow/example_dags/example_setup_teardown.py
[2023-10-03T08:06:26.879+0000] {processor.py:839} INFO - DAG(s) dict_keys(['example_setup_teardown']) retrieved from /home/airflow/.local/lib/python3.8/site-packages/airflow/example_dags/example_setup_teardown.py
[2023-10-03T08:06:26.889+0000] {logging_mixin.py:151} INFO - [2023-10-03T08:06:26.889+0000] {dag.py:2915} INFO - Sync 1 DAGs
[2023-10-03T08:06:26.899+0000] {logging_mixin.py:151} INFO - [2023-10-03T08:06:26.899+0000] {dag.py:3696} INFO - Setting next_dagrun for example_setup_teardown to 2023-10-02T08:06:26.899078+00:00, run_after=2023-10-03T08:06:26.899078+00:00
[2023-10-03T08:06:26.906+0000] {processor.py:179} INFO - Processing /home/airflow/.local/lib/python3.8/site-packages/airflow/example_dags/example_setup_teardown.py took 0.035 seconds
[2023-10-03T08:06:57.918+0000] {processor.py:157} INFO - Started process (PID=1176) to work on /home/airflow/.local/lib/python3.8/site-packages/airflow/example_dags/example_setup_teardown.py
[2023-10-03T08:06:57.919+0000] {processor.py:829} INFO - Processing file /home/airflow/.local/lib/python3.8/site-packages/airflow/example_dags/example_setup_teardown.py for tasks to queue
[2023-10-03T08:06:57.920+0000] {logging_mixin.py:151} INFO - [2023-10-03T08:06:57.920+0000] {dagbag.py:539} INFO - Filling up the DagBag from /home/airflow/.local/lib/python3.8/site-packages/airflow/example_dags/example_setup_teardown.py
[2023-10-03T08:06:57.924+0000] {processor.py:839} INFO - DAG(s) dict_keys(['example_setup_teardown']) retrieved from /home/airflow/.local/lib/python3.8/site-packages/airflow/example_dags/example_setup_teardown.py
[2023-10-03T08:06:57.934+0000] {logging_mixin.py:151} INFO - [2023-10-03T08:06:57.934+0000] {dag.py:2915} INFO - Sync 1 DAGs
[2023-10-03T08:06:57.944+0000] {logging_mixin.py:151} INFO - [2023-10-03T08:06:57.944+0000] {dag.py:3696} INFO - Setting next_dagrun for example_setup_teardown to 2023-10-02T08:06:57.943913+00:00, run_after=2023-10-03T08:06:57.943913+00:00
[2023-10-03T08:06:57.951+0000] {processor.py:179} INFO - Processing /home/airflow/.local/lib/python3.8/site-packages/airflow/example_dags/example_setup_teardown.py took 0.035 seconds
[2023-10-03T08:07:28.776+0000] {processor.py:157} INFO - Started process (PID=1235) to work on /home/airflow/.local/lib/python3.8/site-packages/airflow/example_dags/example_setup_teardown.py
[2023-10-03T08:07:28.777+0000] {processor.py:829} INFO - Processing file /home/airflow/.local/lib/python3.8/site-packages/airflow/example_dags/example_setup_teardown.py for tasks to queue
[2023-10-03T08:07:28.778+0000] {logging_mixin.py:151} INFO - [2023-10-03T08:07:28.778+0000] {dagbag.py:539} INFO - Filling up the DagBag from /home/airflow/.local/lib/python3.8/site-packages/airflow/example_dags/example_setup_teardown.py
[2023-10-03T08:07:28.782+0000] {processor.py:839} INFO - DAG(s) dict_keys(['example_setup_teardown']) retrieved from /home/airflow/.local/lib/python3.8/site-packages/airflow/example_dags/example_setup_teardown.py
[2023-10-03T08:07:28.792+0000] {logging_mixin.py:151} INFO - [2023-10-03T08:07:28.792+0000] {dag.py:2915} INFO - Sync 1 DAGs
[2023-10-03T08:07:28.802+0000] {logging_mixin.py:151} INFO - [2023-10-03T08:07:28.802+0000] {dag.py:3696} INFO - Setting next_dagrun for example_setup_teardown to 2023-10-02T08:07:28.802000+00:00, run_after=2023-10-03T08:07:28.802000+00:00
[2023-10-03T08:07:28.811+0000] {processor.py:179} INFO - Processing /home/airflow/.local/lib/python3.8/site-packages/airflow/example_dags/example_setup_teardown.py took 0.037 seconds
[2023-10-03T08:07:59.176+0000] {processor.py:157} INFO - Started process (PID=1294) to work on /home/airflow/.local/lib/python3.8/site-packages/airflow/example_dags/example_setup_teardown.py
[2023-10-03T08:07:59.177+0000] {processor.py:829} INFO - Processing file /home/airflow/.local/lib/python3.8/site-packages/airflow/example_dags/example_setup_teardown.py for tasks to queue
[2023-10-03T08:07:59.179+0000] {logging_mixin.py:151} INFO - [2023-10-03T08:07:59.178+0000] {dagbag.py:539} INFO - Filling up the DagBag from /home/airflow/.local/lib/python3.8/site-packages/airflow/example_dags/example_setup_teardown.py
[2023-10-03T08:07:59.182+0000] {processor.py:839} INFO - DAG(s) dict_keys(['example_setup_teardown']) retrieved from /home/airflow/.local/lib/python3.8/site-packages/airflow/example_dags/example_setup_teardown.py
[2023-10-03T08:07:59.194+0000] {logging_mixin.py:151} INFO - [2023-10-03T08:07:59.193+0000] {dag.py:2915} INFO - Sync 1 DAGs
[2023-10-03T08:07:59.204+0000] {logging_mixin.py:151} INFO - [2023-10-03T08:07:59.204+0000] {dag.py:3696} INFO - Setting next_dagrun for example_setup_teardown to 2023-10-02T08:07:59.204061+00:00, run_after=2023-10-03T08:07:59.204061+00:00
[2023-10-03T08:07:59.211+0000] {processor.py:179} INFO - Processing /home/airflow/.local/lib/python3.8/site-packages/airflow/example_dags/example_setup_teardown.py took 0.037 seconds
[2023-10-03T08:08:29.548+0000] {processor.py:157} INFO - Started process (PID=1353) to work on /home/airflow/.local/lib/python3.8/site-packages/airflow/example_dags/example_setup_teardown.py
[2023-10-03T08:08:29.549+0000] {processor.py:829} INFO - Processing file /home/airflow/.local/lib/python3.8/site-packages/airflow/example_dags/example_setup_teardown.py for tasks to queue
[2023-10-03T08:08:29.550+0000] {logging_mixin.py:151} INFO - [2023-10-03T08:08:29.550+0000] {dagbag.py:539} INFO - Filling up the DagBag from /home/airflow/.local/lib/python3.8/site-packages/airflow/example_dags/example_setup_teardown.py
[2023-10-03T08:08:29.554+0000] {processor.py:839} INFO - DAG(s) dict_keys(['example_setup_teardown']) retrieved from /home/airflow/.local/lib/python3.8/site-packages/airflow/example_dags/example_setup_teardown.py
[2023-10-03T08:08:29.563+0000] {logging_mixin.py:151} INFO - [2023-10-03T08:08:29.563+0000] {dag.py:2915} INFO - Sync 1 DAGs
[2023-10-03T08:08:29.579+0000] {logging_mixin.py:151} INFO - [2023-10-03T08:08:29.579+0000] {dag.py:3696} INFO - Setting next_dagrun for example_setup_teardown to 2023-10-02T08:08:29.579229+00:00, run_after=2023-10-03T08:08:29.579229+00:00
[2023-10-03T08:08:29.587+0000] {processor.py:179} INFO - Processing /home/airflow/.local/lib/python3.8/site-packages/airflow/example_dags/example_setup_teardown.py took 0.041 seconds
[2023-10-03T08:08:59.943+0000] {processor.py:157} INFO - Started process (PID=1412) to work on /home/airflow/.local/lib/python3.8/site-packages/airflow/example_dags/example_setup_teardown.py
[2023-10-03T08:08:59.944+0000] {processor.py:829} INFO - Processing file /home/airflow/.local/lib/python3.8/site-packages/airflow/example_dags/example_setup_teardown.py for tasks to queue
[2023-10-03T08:08:59.945+0000] {logging_mixin.py:151} INFO - [2023-10-03T08:08:59.945+0000] {dagbag.py:539} INFO - Filling up the DagBag from /home/airflow/.local/lib/python3.8/site-packages/airflow/example_dags/example_setup_teardown.py
[2023-10-03T08:08:59.949+0000] {processor.py:839} INFO - DAG(s) dict_keys(['example_setup_teardown']) retrieved from /home/airflow/.local/lib/python3.8/site-packages/airflow/example_dags/example_setup_teardown.py
[2023-10-03T08:08:59.960+0000] {logging_mixin.py:151} INFO - [2023-10-03T08:08:59.959+0000] {dag.py:2915} INFO - Sync 1 DAGs
[2023-10-03T08:08:59.969+0000] {logging_mixin.py:151} INFO - [2023-10-03T08:08:59.969+0000] {dag.py:3696} INFO - Setting next_dagrun for example_setup_teardown to 2023-10-02T08:08:59.969306+00:00, run_after=2023-10-03T08:08:59.969306+00:00
[2023-10-03T08:08:59.976+0000] {processor.py:179} INFO - Processing /home/airflow/.local/lib/python3.8/site-packages/airflow/example_dags/example_setup_teardown.py took 0.035 seconds
[2023-10-03T08:09:30.490+0000] {processor.py:157} INFO - Started process (PID=1471) to work on /home/airflow/.local/lib/python3.8/site-packages/airflow/example_dags/example_setup_teardown.py
[2023-10-03T08:09:30.490+0000] {processor.py:829} INFO - Processing file /home/airflow/.local/lib/python3.8/site-packages/airflow/example_dags/example_setup_teardown.py for tasks to queue
[2023-10-03T08:09:30.491+0000] {logging_mixin.py:151} INFO - [2023-10-03T08:09:30.491+0000] {dagbag.py:539} INFO - Filling up the DagBag from /home/airflow/.local/lib/python3.8/site-packages/airflow/example_dags/example_setup_teardown.py
[2023-10-03T08:09:30.495+0000] {processor.py:839} INFO - DAG(s) dict_keys(['example_setup_teardown']) retrieved from /home/airflow/.local/lib/python3.8/site-packages/airflow/example_dags/example_setup_teardown.py
[2023-10-03T08:09:30.505+0000] {logging_mixin.py:151} INFO - [2023-10-03T08:09:30.505+0000] {dag.py:2915} INFO - Sync 1 DAGs
[2023-10-03T08:09:30.515+0000] {logging_mixin.py:151} INFO - [2023-10-03T08:09:30.515+0000] {dag.py:3696} INFO - Setting next_dagrun for example_setup_teardown to 2023-10-02T08:09:30.515230+00:00, run_after=2023-10-03T08:09:30.515230+00:00
[2023-10-03T08:09:30.522+0000] {processor.py:179} INFO - Processing /home/airflow/.local/lib/python3.8/site-packages/airflow/example_dags/example_setup_teardown.py took 0.035 seconds
[2023-10-03T08:10:00.946+0000] {processor.py:157} INFO - Started process (PID=1530) to work on /home/airflow/.local/lib/python3.8/site-packages/airflow/example_dags/example_setup_teardown.py
[2023-10-03T08:10:00.947+0000] {processor.py:829} INFO - Processing file /home/airflow/.local/lib/python3.8/site-packages/airflow/example_dags/example_setup_teardown.py for tasks to queue
[2023-10-03T08:10:00.948+0000] {logging_mixin.py:151} INFO - [2023-10-03T08:10:00.948+0000] {dagbag.py:539} INFO - Filling up the DagBag from /home/airflow/.local/lib/python3.8/site-packages/airflow/example_dags/example_setup_teardown.py
[2023-10-03T08:10:00.952+0000] {processor.py:839} INFO - DAG(s) dict_keys(['example_setup_teardown']) retrieved from /home/airflow/.local/lib/python3.8/site-packages/airflow/example_dags/example_setup_teardown.py
[2023-10-03T08:10:00.958+0000] {logging_mixin.py:151} INFO - [2023-10-03T08:10:00.958+0000] {dag.py:2915} INFO - Sync 1 DAGs
[2023-10-03T08:10:00.968+0000] {logging_mixin.py:151} INFO - [2023-10-03T08:10:00.968+0000] {dag.py:3696} INFO - Setting next_dagrun for example_setup_teardown to 2023-10-02T08:10:00.968537+00:00, run_after=2023-10-03T08:10:00.968537+00:00
[2023-10-03T08:10:00.976+0000] {processor.py:179} INFO - Processing /home/airflow/.local/lib/python3.8/site-packages/airflow/example_dags/example_setup_teardown.py took 0.032 seconds
[2023-10-03T08:10:31.976+0000] {processor.py:157} INFO - Started process (PID=1589) to work on /home/airflow/.local/lib/python3.8/site-packages/airflow/example_dags/example_setup_teardown.py
[2023-10-03T08:10:31.977+0000] {processor.py:829} INFO - Processing file /home/airflow/.local/lib/python3.8/site-packages/airflow/example_dags/example_setup_teardown.py for tasks to queue
[2023-10-03T08:10:31.978+0000] {logging_mixin.py:151} INFO - [2023-10-03T08:10:31.978+0000] {dagbag.py:539} INFO - Filling up the DagBag from /home/airflow/.local/lib/python3.8/site-packages/airflow/example_dags/example_setup_teardown.py
[2023-10-03T08:10:31.984+0000] {processor.py:839} INFO - DAG(s) dict_keys(['example_setup_teardown']) retrieved from /home/airflow/.local/lib/python3.8/site-packages/airflow/example_dags/example_setup_teardown.py
[2023-10-03T08:10:31.999+0000] {logging_mixin.py:151} INFO - [2023-10-03T08:10:31.999+0000] {dag.py:2915} INFO - Sync 1 DAGs
[2023-10-03T08:10:32.009+0000] {logging_mixin.py:151} INFO - [2023-10-03T08:10:32.009+0000] {dag.py:3696} INFO - Setting next_dagrun for example_setup_teardown to 2023-10-02T08:10:32.009377+00:00, run_after=2023-10-03T08:10:32.009377+00:00
[2023-10-03T08:10:32.018+0000] {processor.py:179} INFO - Processing /home/airflow/.local/lib/python3.8/site-packages/airflow/example_dags/example_setup_teardown.py took 0.044 seconds
[2023-10-03T08:11:02.473+0000] {processor.py:157} INFO - Started process (PID=1648) to work on /home/airflow/.local/lib/python3.8/site-packages/airflow/example_dags/example_setup_teardown.py
[2023-10-03T08:11:02.474+0000] {processor.py:829} INFO - Processing file /home/airflow/.local/lib/python3.8/site-packages/airflow/example_dags/example_setup_teardown.py for tasks to queue
[2023-10-03T08:11:02.475+0000] {logging_mixin.py:151} INFO - [2023-10-03T08:11:02.475+0000] {dagbag.py:539} INFO - Filling up the DagBag from /home/airflow/.local/lib/python3.8/site-packages/airflow/example_dags/example_setup_teardown.py
[2023-10-03T08:11:02.479+0000] {processor.py:839} INFO - DAG(s) dict_keys(['example_setup_teardown']) retrieved from /home/airflow/.local/lib/python3.8/site-packages/airflow/example_dags/example_setup_teardown.py
[2023-10-03T08:11:02.489+0000] {logging_mixin.py:151} INFO - [2023-10-03T08:11:02.489+0000] {dag.py:2915} INFO - Sync 1 DAGs
[2023-10-03T08:11:02.499+0000] {logging_mixin.py:151} INFO - [2023-10-03T08:11:02.499+0000] {dag.py:3696} INFO - Setting next_dagrun for example_setup_teardown to 2023-10-02T08:11:02.498898+00:00, run_after=2023-10-03T08:11:02.498898+00:00
[2023-10-03T08:11:02.506+0000] {processor.py:179} INFO - Processing /home/airflow/.local/lib/python3.8/site-packages/airflow/example_dags/example_setup_teardown.py took 0.035 seconds
[2023-10-03T08:11:32.756+0000] {processor.py:157} INFO - Started process (PID=1707) to work on /home/airflow/.local/lib/python3.8/site-packages/airflow/example_dags/example_setup_teardown.py
[2023-10-03T08:11:32.757+0000] {processor.py:829} INFO - Processing file /home/airflow/.local/lib/python3.8/site-packages/airflow/example_dags/example_setup_teardown.py for tasks to queue
[2023-10-03T08:11:32.758+0000] {logging_mixin.py:151} INFO - [2023-10-03T08:11:32.758+0000] {dagbag.py:539} INFO - Filling up the DagBag from /home/airflow/.local/lib/python3.8/site-packages/airflow/example_dags/example_setup_teardown.py
[2023-10-03T08:11:32.762+0000] {processor.py:839} INFO - DAG(s) dict_keys(['example_setup_teardown']) retrieved from /home/airflow/.local/lib/python3.8/site-packages/airflow/example_dags/example_setup_teardown.py
[2023-10-03T08:11:32.772+0000] {logging_mixin.py:151} INFO - [2023-10-03T08:11:32.772+0000] {dag.py:2915} INFO - Sync 1 DAGs
[2023-10-03T08:11:32.782+0000] {logging_mixin.py:151} INFO - [2023-10-03T08:11:32.782+0000] {dag.py:3696} INFO - Setting next_dagrun for example_setup_teardown to 2023-10-02T08:11:32.782012+00:00, run_after=2023-10-03T08:11:32.782012+00:00
[2023-10-03T08:11:32.789+0000] {processor.py:179} INFO - Processing /home/airflow/.local/lib/python3.8/site-packages/airflow/example_dags/example_setup_teardown.py took 0.035 seconds
[2023-10-03T08:12:03.398+0000] {processor.py:157} INFO - Started process (PID=1766) to work on /home/airflow/.local/lib/python3.8/site-packages/airflow/example_dags/example_setup_teardown.py
[2023-10-03T08:12:03.398+0000] {processor.py:829} INFO - Processing file /home/airflow/.local/lib/python3.8/site-packages/airflow/example_dags/example_setup_teardown.py for tasks to queue
[2023-10-03T08:12:03.400+0000] {logging_mixin.py:151} INFO - [2023-10-03T08:12:03.399+0000] {dagbag.py:539} INFO - Filling up the DagBag from /home/airflow/.local/lib/python3.8/site-packages/airflow/example_dags/example_setup_teardown.py
[2023-10-03T08:12:03.404+0000] {processor.py:839} INFO - DAG(s) dict_keys(['example_setup_teardown']) retrieved from /home/airflow/.local/lib/python3.8/site-packages/airflow/example_dags/example_setup_teardown.py
[2023-10-03T08:12:03.424+0000] {logging_mixin.py:151} INFO - [2023-10-03T08:12:03.424+0000] {dag.py:2915} INFO - Sync 1 DAGs
[2023-10-03T08:12:03.437+0000] {logging_mixin.py:151} INFO - [2023-10-03T08:12:03.437+0000] {dag.py:3696} INFO - Setting next_dagrun for example_setup_teardown to 2023-10-02T08:12:03.437598+00:00, run_after=2023-10-03T08:12:03.437598+00:00
[2023-10-03T08:12:03.446+0000] {processor.py:179} INFO - Processing /home/airflow/.local/lib/python3.8/site-packages/airflow/example_dags/example_setup_teardown.py took 0.051 seconds
[2023-10-03T08:12:33.561+0000] {processor.py:157} INFO - Started process (PID=1827) to work on /home/airflow/.local/lib/python3.8/site-packages/airflow/example_dags/example_setup_teardown.py
[2023-10-03T08:12:33.562+0000] {processor.py:829} INFO - Processing file /home/airflow/.local/lib/python3.8/site-packages/airflow/example_dags/example_setup_teardown.py for tasks to queue
[2023-10-03T08:12:33.563+0000] {logging_mixin.py:151} INFO - [2023-10-03T08:12:33.563+0000] {dagbag.py:539} INFO - Filling up the DagBag from /home/airflow/.local/lib/python3.8/site-packages/airflow/example_dags/example_setup_teardown.py
[2023-10-03T08:12:33.567+0000] {processor.py:839} INFO - DAG(s) dict_keys(['example_setup_teardown']) retrieved from /home/airflow/.local/lib/python3.8/site-packages/airflow/example_dags/example_setup_teardown.py
[2023-10-03T08:12:33.576+0000] {logging_mixin.py:151} INFO - [2023-10-03T08:12:33.576+0000] {dag.py:2915} INFO - Sync 1 DAGs
[2023-10-03T08:12:33.586+0000] {logging_mixin.py:151} INFO - [2023-10-03T08:12:33.586+0000] {dag.py:3696} INFO - Setting next_dagrun for example_setup_teardown to 2023-10-02T08:12:33.585873+00:00, run_after=2023-10-03T08:12:33.585873+00:00
[2023-10-03T08:12:33.593+0000] {processor.py:179} INFO - Processing /home/airflow/.local/lib/python3.8/site-packages/airflow/example_dags/example_setup_teardown.py took 0.034 seconds
[2023-10-03T08:13:37.890+0000] {processor.py:157} INFO - Started process (PID=56) to work on /home/airflow/.local/lib/python3.8/site-packages/airflow/example_dags/example_setup_teardown.py
[2023-10-03T08:13:37.897+0000] {processor.py:829} INFO - Processing file /home/airflow/.local/lib/python3.8/site-packages/airflow/example_dags/example_setup_teardown.py for tasks to queue
[2023-10-03T08:13:37.901+0000] {logging_mixin.py:151} INFO - [2023-10-03T08:13:37.900+0000] {dagbag.py:539} INFO - Filling up the DagBag from /home/airflow/.local/lib/python3.8/site-packages/airflow/example_dags/example_setup_teardown.py
[2023-10-03T08:13:37.925+0000] {processor.py:839} INFO - DAG(s) dict_keys(['example_setup_teardown']) retrieved from /home/airflow/.local/lib/python3.8/site-packages/airflow/example_dags/example_setup_teardown.py
[2023-10-03T08:13:37.952+0000] {logging_mixin.py:151} INFO - [2023-10-03T08:13:37.952+0000] {dag.py:2915} INFO - Sync 1 DAGs
[2023-10-03T08:13:37.975+0000] {logging_mixin.py:151} INFO - [2023-10-03T08:13:37.975+0000] {dag.py:3696} INFO - Setting next_dagrun for example_setup_teardown to 2023-10-02T08:13:37.974241+00:00, run_after=2023-10-03T08:13:37.974241+00:00
[2023-10-03T08:13:38.002+0000] {processor.py:179} INFO - Processing /home/airflow/.local/lib/python3.8/site-packages/airflow/example_dags/example_setup_teardown.py took 0.178 seconds
[2023-10-03T08:14:08.828+0000] {processor.py:157} INFO - Started process (PID=116) to work on /home/airflow/.local/lib/python3.8/site-packages/airflow/example_dags/example_setup_teardown.py
[2023-10-03T08:14:08.829+0000] {processor.py:829} INFO - Processing file /home/airflow/.local/lib/python3.8/site-packages/airflow/example_dags/example_setup_teardown.py for tasks to queue
[2023-10-03T08:14:08.830+0000] {logging_mixin.py:151} INFO - [2023-10-03T08:14:08.830+0000] {dagbag.py:539} INFO - Filling up the DagBag from /home/airflow/.local/lib/python3.8/site-packages/airflow/example_dags/example_setup_teardown.py
[2023-10-03T08:14:08.834+0000] {processor.py:839} INFO - DAG(s) dict_keys(['example_setup_teardown']) retrieved from /home/airflow/.local/lib/python3.8/site-packages/airflow/example_dags/example_setup_teardown.py
[2023-10-03T08:14:08.845+0000] {logging_mixin.py:151} INFO - [2023-10-03T08:14:08.845+0000] {dag.py:2915} INFO - Sync 1 DAGs
[2023-10-03T08:14:08.855+0000] {logging_mixin.py:151} INFO - [2023-10-03T08:14:08.855+0000] {dag.py:3696} INFO - Setting next_dagrun for example_setup_teardown to 2023-10-02T08:14:08.855637+00:00, run_after=2023-10-03T08:14:08.855637+00:00
[2023-10-03T08:14:08.863+0000] {processor.py:179} INFO - Processing /home/airflow/.local/lib/python3.8/site-packages/airflow/example_dags/example_setup_teardown.py took 0.037 seconds
[2023-10-03T08:14:39.592+0000] {processor.py:157} INFO - Started process (PID=176) to work on /home/airflow/.local/lib/python3.8/site-packages/airflow/example_dags/example_setup_teardown.py
[2023-10-03T08:14:39.592+0000] {processor.py:829} INFO - Processing file /home/airflow/.local/lib/python3.8/site-packages/airflow/example_dags/example_setup_teardown.py for tasks to queue
[2023-10-03T08:14:39.594+0000] {logging_mixin.py:151} INFO - [2023-10-03T08:14:39.593+0000] {dagbag.py:539} INFO - Filling up the DagBag from /home/airflow/.local/lib/python3.8/site-packages/airflow/example_dags/example_setup_teardown.py
[2023-10-03T08:14:39.597+0000] {processor.py:839} INFO - DAG(s) dict_keys(['example_setup_teardown']) retrieved from /home/airflow/.local/lib/python3.8/site-packages/airflow/example_dags/example_setup_teardown.py
[2023-10-03T08:14:39.607+0000] {logging_mixin.py:151} INFO - [2023-10-03T08:14:39.607+0000] {dag.py:2915} INFO - Sync 1 DAGs
[2023-10-03T08:14:39.616+0000] {logging_mixin.py:151} INFO - [2023-10-03T08:14:39.616+0000] {dag.py:3696} INFO - Setting next_dagrun for example_setup_teardown to 2023-10-02T08:14:39.616714+00:00, run_after=2023-10-03T08:14:39.616714+00:00
[2023-10-03T08:14:39.624+0000] {processor.py:179} INFO - Processing /home/airflow/.local/lib/python3.8/site-packages/airflow/example_dags/example_setup_teardown.py took 0.034 seconds
[2023-10-03T08:15:10.623+0000] {processor.py:157} INFO - Started process (PID=236) to work on /home/airflow/.local/lib/python3.8/site-packages/airflow/example_dags/example_setup_teardown.py
[2023-10-03T08:15:10.624+0000] {processor.py:829} INFO - Processing file /home/airflow/.local/lib/python3.8/site-packages/airflow/example_dags/example_setup_teardown.py for tasks to queue
[2023-10-03T08:15:10.625+0000] {logging_mixin.py:151} INFO - [2023-10-03T08:15:10.625+0000] {dagbag.py:539} INFO - Filling up the DagBag from /home/airflow/.local/lib/python3.8/site-packages/airflow/example_dags/example_setup_teardown.py
[2023-10-03T08:15:10.629+0000] {processor.py:839} INFO - DAG(s) dict_keys(['example_setup_teardown']) retrieved from /home/airflow/.local/lib/python3.8/site-packages/airflow/example_dags/example_setup_teardown.py
[2023-10-03T08:15:10.640+0000] {logging_mixin.py:151} INFO - [2023-10-03T08:15:10.640+0000] {dag.py:2915} INFO - Sync 1 DAGs
[2023-10-03T08:15:10.650+0000] {logging_mixin.py:151} INFO - [2023-10-03T08:15:10.650+0000] {dag.py:3696} INFO - Setting next_dagrun for example_setup_teardown to 2023-10-02T08:15:10.650019+00:00, run_after=2023-10-03T08:15:10.650019+00:00
[2023-10-03T08:15:10.657+0000] {processor.py:179} INFO - Processing /home/airflow/.local/lib/python3.8/site-packages/airflow/example_dags/example_setup_teardown.py took 0.036 seconds
[2023-10-03T08:15:40.977+0000] {processor.py:157} INFO - Started process (PID=297) to work on /home/airflow/.local/lib/python3.8/site-packages/airflow/example_dags/example_setup_teardown.py
[2023-10-03T08:15:40.978+0000] {processor.py:829} INFO - Processing file /home/airflow/.local/lib/python3.8/site-packages/airflow/example_dags/example_setup_teardown.py for tasks to queue
[2023-10-03T08:15:40.979+0000] {logging_mixin.py:151} INFO - [2023-10-03T08:15:40.979+0000] {dagbag.py:539} INFO - Filling up the DagBag from /home/airflow/.local/lib/python3.8/site-packages/airflow/example_dags/example_setup_teardown.py
[2023-10-03T08:15:40.982+0000] {processor.py:839} INFO - DAG(s) dict_keys(['example_setup_teardown']) retrieved from /home/airflow/.local/lib/python3.8/site-packages/airflow/example_dags/example_setup_teardown.py
[2023-10-03T08:15:40.992+0000] {logging_mixin.py:151} INFO - [2023-10-03T08:15:40.992+0000] {dag.py:2915} INFO - Sync 1 DAGs
[2023-10-03T08:15:41.002+0000] {logging_mixin.py:151} INFO - [2023-10-03T08:15:41.002+0000] {dag.py:3696} INFO - Setting next_dagrun for example_setup_teardown to 2023-10-02T08:15:41.002002+00:00, run_after=2023-10-03T08:15:41.002002+00:00
[2023-10-03T08:15:41.009+0000] {processor.py:179} INFO - Processing /home/airflow/.local/lib/python3.8/site-packages/airflow/example_dags/example_setup_teardown.py took 0.034 seconds
[2023-10-03T08:16:11.441+0000] {processor.py:157} INFO - Started process (PID=357) to work on /home/airflow/.local/lib/python3.8/site-packages/airflow/example_dags/example_setup_teardown.py
[2023-10-03T08:16:11.442+0000] {processor.py:829} INFO - Processing file /home/airflow/.local/lib/python3.8/site-packages/airflow/example_dags/example_setup_teardown.py for tasks to queue
[2023-10-03T08:16:11.444+0000] {logging_mixin.py:151} INFO - [2023-10-03T08:16:11.444+0000] {dagbag.py:539} INFO - Filling up the DagBag from /home/airflow/.local/lib/python3.8/site-packages/airflow/example_dags/example_setup_teardown.py
[2023-10-03T08:16:11.448+0000] {processor.py:839} INFO - DAG(s) dict_keys(['example_setup_teardown']) retrieved from /home/airflow/.local/lib/python3.8/site-packages/airflow/example_dags/example_setup_teardown.py
[2023-10-03T08:16:11.458+0000] {logging_mixin.py:151} INFO - [2023-10-03T08:16:11.458+0000] {dag.py:2915} INFO - Sync 1 DAGs
[2023-10-03T08:16:11.468+0000] {logging_mixin.py:151} INFO - [2023-10-03T08:16:11.468+0000] {dag.py:3696} INFO - Setting next_dagrun for example_setup_teardown to 2023-10-02T08:16:11.468226+00:00, run_after=2023-10-03T08:16:11.468226+00:00
[2023-10-03T08:16:11.475+0000] {processor.py:179} INFO - Processing /home/airflow/.local/lib/python3.8/site-packages/airflow/example_dags/example_setup_teardown.py took 0.036 seconds
[2023-10-03T08:16:42.008+0000] {processor.py:157} INFO - Started process (PID=417) to work on /home/airflow/.local/lib/python3.8/site-packages/airflow/example_dags/example_setup_teardown.py
[2023-10-03T08:16:42.009+0000] {processor.py:829} INFO - Processing file /home/airflow/.local/lib/python3.8/site-packages/airflow/example_dags/example_setup_teardown.py for tasks to queue
[2023-10-03T08:16:42.010+0000] {logging_mixin.py:151} INFO - [2023-10-03T08:16:42.010+0000] {dagbag.py:539} INFO - Filling up the DagBag from /home/airflow/.local/lib/python3.8/site-packages/airflow/example_dags/example_setup_teardown.py
[2023-10-03T08:16:42.014+0000] {processor.py:839} INFO - DAG(s) dict_keys(['example_setup_teardown']) retrieved from /home/airflow/.local/lib/python3.8/site-packages/airflow/example_dags/example_setup_teardown.py
[2023-10-03T08:16:42.026+0000] {logging_mixin.py:151} INFO - [2023-10-03T08:16:42.026+0000] {dag.py:2915} INFO - Sync 1 DAGs
[2023-10-03T08:16:42.036+0000] {logging_mixin.py:151} INFO - [2023-10-03T08:16:42.036+0000] {dag.py:3696} INFO - Setting next_dagrun for example_setup_teardown to 2023-10-02T08:16:42.036383+00:00, run_after=2023-10-03T08:16:42.036383+00:00
[2023-10-03T08:16:42.044+0000] {processor.py:179} INFO - Processing /home/airflow/.local/lib/python3.8/site-packages/airflow/example_dags/example_setup_teardown.py took 0.038 seconds
[2023-10-03T08:17:12.381+0000] {processor.py:157} INFO - Started process (PID=477) to work on /home/airflow/.local/lib/python3.8/site-packages/airflow/example_dags/example_setup_teardown.py
[2023-10-03T08:17:12.381+0000] {processor.py:829} INFO - Processing file /home/airflow/.local/lib/python3.8/site-packages/airflow/example_dags/example_setup_teardown.py for tasks to queue
[2023-10-03T08:17:12.383+0000] {logging_mixin.py:151} INFO - [2023-10-03T08:17:12.382+0000] {dagbag.py:539} INFO - Filling up the DagBag from /home/airflow/.local/lib/python3.8/site-packages/airflow/example_dags/example_setup_teardown.py
[2023-10-03T08:17:12.386+0000] {processor.py:839} INFO - DAG(s) dict_keys(['example_setup_teardown']) retrieved from /home/airflow/.local/lib/python3.8/site-packages/airflow/example_dags/example_setup_teardown.py
[2023-10-03T08:17:12.395+0000] {logging_mixin.py:151} INFO - [2023-10-03T08:17:12.395+0000] {dag.py:2915} INFO - Sync 1 DAGs
[2023-10-03T08:17:12.405+0000] {logging_mixin.py:151} INFO - [2023-10-03T08:17:12.405+0000] {dag.py:3696} INFO - Setting next_dagrun for example_setup_teardown to 2023-10-02T08:17:12.405774+00:00, run_after=2023-10-03T08:17:12.405774+00:00
[2023-10-03T08:17:12.415+0000] {processor.py:179} INFO - Processing /home/airflow/.local/lib/python3.8/site-packages/airflow/example_dags/example_setup_teardown.py took 0.036 seconds
