[2023-10-03T07:43:54.891+0000] {processor.py:157} INFO - Started process (PID=43) to work on /home/airflow/.local/lib/python3.8/site-packages/airflow/example_dags/example_short_circuit_decorator.py
[2023-10-03T07:43:54.894+0000] {processor.py:829} INFO - Processing file /home/airflow/.local/lib/python3.8/site-packages/airflow/example_dags/example_short_circuit_decorator.py for tasks to queue
[2023-10-03T07:43:54.899+0000] {logging_mixin.py:151} INFO - [2023-10-03T07:43:54.899+0000] {dagbag.py:539} INFO - Filling up the DagBag from /home/airflow/.local/lib/python3.8/site-packages/airflow/example_dags/example_short_circuit_decorator.py
[2023-10-03T07:43:54.918+0000] {processor.py:839} INFO - DAG(s) dict_keys(['example_short_circuit_decorator']) retrieved from /home/airflow/.local/lib/python3.8/site-packages/airflow/example_dags/example_short_circuit_decorator.py
[2023-10-03T07:43:54.937+0000] {logging_mixin.py:151} INFO - [2023-10-03T07:43:54.937+0000] {dag.py:2915} INFO - Sync 1 DAGs
[2023-10-03T07:43:54.962+0000] {logging_mixin.py:151} INFO - [2023-10-03T07:43:54.962+0000] {dag.py:3696} INFO - Setting next_dagrun for example_short_circuit_decorator to 2023-10-02T07:43:54.961753+00:00, run_after=2023-10-03T07:43:54.961753+00:00
[2023-10-03T07:43:54.973+0000] {processor.py:179} INFO - Processing /home/airflow/.local/lib/python3.8/site-packages/airflow/example_dags/example_short_circuit_decorator.py took 0.089 seconds
[2023-10-03T07:44:25.289+0000] {processor.py:157} INFO - Started process (PID=102) to work on /home/airflow/.local/lib/python3.8/site-packages/airflow/example_dags/example_short_circuit_decorator.py
[2023-10-03T07:44:25.289+0000] {processor.py:829} INFO - Processing file /home/airflow/.local/lib/python3.8/site-packages/airflow/example_dags/example_short_circuit_decorator.py for tasks to queue
[2023-10-03T07:44:25.290+0000] {logging_mixin.py:151} INFO - [2023-10-03T07:44:25.290+0000] {dagbag.py:539} INFO - Filling up the DagBag from /home/airflow/.local/lib/python3.8/site-packages/airflow/example_dags/example_short_circuit_decorator.py
[2023-10-03T07:44:25.295+0000] {processor.py:839} INFO - DAG(s) dict_keys(['example_short_circuit_decorator']) retrieved from /home/airflow/.local/lib/python3.8/site-packages/airflow/example_dags/example_short_circuit_decorator.py
[2023-10-03T07:44:25.308+0000] {logging_mixin.py:151} INFO - [2023-10-03T07:44:25.308+0000] {dag.py:2915} INFO - Sync 1 DAGs
[2023-10-03T07:44:25.323+0000] {logging_mixin.py:151} INFO - [2023-10-03T07:44:25.323+0000] {dag.py:3696} INFO - Setting next_dagrun for example_short_circuit_decorator to 2023-10-02T07:44:25.323349+00:00, run_after=2023-10-03T07:44:25.323349+00:00
[2023-10-03T07:44:25.331+0000] {processor.py:179} INFO - Processing /home/airflow/.local/lib/python3.8/site-packages/airflow/example_dags/example_short_circuit_decorator.py took 0.045 seconds
[2023-10-03T07:44:55.573+0000] {processor.py:157} INFO - Started process (PID=161) to work on /home/airflow/.local/lib/python3.8/site-packages/airflow/example_dags/example_short_circuit_decorator.py
[2023-10-03T07:44:55.574+0000] {processor.py:829} INFO - Processing file /home/airflow/.local/lib/python3.8/site-packages/airflow/example_dags/example_short_circuit_decorator.py for tasks to queue
[2023-10-03T07:44:55.576+0000] {logging_mixin.py:151} INFO - [2023-10-03T07:44:55.575+0000] {dagbag.py:539} INFO - Filling up the DagBag from /home/airflow/.local/lib/python3.8/site-packages/airflow/example_dags/example_short_circuit_decorator.py
[2023-10-03T07:44:55.581+0000] {processor.py:839} INFO - DAG(s) dict_keys(['example_short_circuit_decorator']) retrieved from /home/airflow/.local/lib/python3.8/site-packages/airflow/example_dags/example_short_circuit_decorator.py
[2023-10-03T07:44:55.592+0000] {logging_mixin.py:151} INFO - [2023-10-03T07:44:55.592+0000] {dag.py:2915} INFO - Sync 1 DAGs
[2023-10-03T07:44:55.601+0000] {logging_mixin.py:151} INFO - [2023-10-03T07:44:55.601+0000] {dag.py:3696} INFO - Setting next_dagrun for example_short_circuit_decorator to 2023-10-02T07:44:55.601415+00:00, run_after=2023-10-03T07:44:55.601415+00:00
[2023-10-03T07:44:55.609+0000] {processor.py:179} INFO - Processing /home/airflow/.local/lib/python3.8/site-packages/airflow/example_dags/example_short_circuit_decorator.py took 0.038 seconds
[2023-10-03T07:45:26.104+0000] {processor.py:157} INFO - Started process (PID=220) to work on /home/airflow/.local/lib/python3.8/site-packages/airflow/example_dags/example_short_circuit_decorator.py
[2023-10-03T07:45:26.105+0000] {processor.py:829} INFO - Processing file /home/airflow/.local/lib/python3.8/site-packages/airflow/example_dags/example_short_circuit_decorator.py for tasks to queue
[2023-10-03T07:45:26.106+0000] {logging_mixin.py:151} INFO - [2023-10-03T07:45:26.106+0000] {dagbag.py:539} INFO - Filling up the DagBag from /home/airflow/.local/lib/python3.8/site-packages/airflow/example_dags/example_short_circuit_decorator.py
[2023-10-03T07:45:26.112+0000] {processor.py:839} INFO - DAG(s) dict_keys(['example_short_circuit_decorator']) retrieved from /home/airflow/.local/lib/python3.8/site-packages/airflow/example_dags/example_short_circuit_decorator.py
[2023-10-03T07:45:26.124+0000] {logging_mixin.py:151} INFO - [2023-10-03T07:45:26.124+0000] {dag.py:2915} INFO - Sync 1 DAGs
[2023-10-03T07:45:26.134+0000] {logging_mixin.py:151} INFO - [2023-10-03T07:45:26.134+0000] {dag.py:3696} INFO - Setting next_dagrun for example_short_circuit_decorator to 2023-10-02T07:45:26.134157+00:00, run_after=2023-10-03T07:45:26.134157+00:00
[2023-10-03T07:45:26.142+0000] {processor.py:179} INFO - Processing /home/airflow/.local/lib/python3.8/site-packages/airflow/example_dags/example_short_circuit_decorator.py took 0.041 seconds
[2023-10-03T07:50:25.507+0000] {processor.py:157} INFO - Started process (PID=44) to work on /home/airflow/.local/lib/python3.8/site-packages/airflow/example_dags/example_short_circuit_decorator.py
[2023-10-03T07:50:25.508+0000] {processor.py:829} INFO - Processing file /home/airflow/.local/lib/python3.8/site-packages/airflow/example_dags/example_short_circuit_decorator.py for tasks to queue
[2023-10-03T07:50:25.509+0000] {logging_mixin.py:151} INFO - [2023-10-03T07:50:25.509+0000] {dagbag.py:539} INFO - Filling up the DagBag from /home/airflow/.local/lib/python3.8/site-packages/airflow/example_dags/example_short_circuit_decorator.py
[2023-10-03T07:50:25.516+0000] {processor.py:839} INFO - DAG(s) dict_keys(['example_short_circuit_decorator']) retrieved from /home/airflow/.local/lib/python3.8/site-packages/airflow/example_dags/example_short_circuit_decorator.py
[2023-10-03T07:50:25.524+0000] {logging_mixin.py:151} INFO - [2023-10-03T07:50:25.524+0000] {dag.py:2915} INFO - Sync 1 DAGs
[2023-10-03T07:50:25.544+0000] {logging_mixin.py:151} INFO - [2023-10-03T07:50:25.544+0000] {dag.py:3696} INFO - Setting next_dagrun for example_short_circuit_decorator to 2023-10-02T07:50:25.544006+00:00, run_after=2023-10-03T07:50:25.544006+00:00
[2023-10-03T07:50:25.553+0000] {processor.py:179} INFO - Processing /home/airflow/.local/lib/python3.8/site-packages/airflow/example_dags/example_short_circuit_decorator.py took 0.048 seconds
[2023-10-03T07:50:55.878+0000] {processor.py:157} INFO - Started process (PID=103) to work on /home/airflow/.local/lib/python3.8/site-packages/airflow/example_dags/example_short_circuit_decorator.py
[2023-10-03T07:50:55.878+0000] {processor.py:829} INFO - Processing file /home/airflow/.local/lib/python3.8/site-packages/airflow/example_dags/example_short_circuit_decorator.py for tasks to queue
[2023-10-03T07:50:55.880+0000] {logging_mixin.py:151} INFO - [2023-10-03T07:50:55.879+0000] {dagbag.py:539} INFO - Filling up the DagBag from /home/airflow/.local/lib/python3.8/site-packages/airflow/example_dags/example_short_circuit_decorator.py
[2023-10-03T07:50:55.885+0000] {processor.py:839} INFO - DAG(s) dict_keys(['example_short_circuit_decorator']) retrieved from /home/airflow/.local/lib/python3.8/site-packages/airflow/example_dags/example_short_circuit_decorator.py
[2023-10-03T07:50:55.896+0000] {logging_mixin.py:151} INFO - [2023-10-03T07:50:55.896+0000] {dag.py:2915} INFO - Sync 1 DAGs
[2023-10-03T07:50:55.907+0000] {logging_mixin.py:151} INFO - [2023-10-03T07:50:55.907+0000] {dag.py:3696} INFO - Setting next_dagrun for example_short_circuit_decorator to 2023-10-02T07:50:55.907376+00:00, run_after=2023-10-03T07:50:55.907376+00:00
[2023-10-03T07:50:55.914+0000] {processor.py:179} INFO - Processing /home/airflow/.local/lib/python3.8/site-packages/airflow/example_dags/example_short_circuit_decorator.py took 0.038 seconds
[2023-10-03T07:51:26.529+0000] {processor.py:157} INFO - Started process (PID=162) to work on /home/airflow/.local/lib/python3.8/site-packages/airflow/example_dags/example_short_circuit_decorator.py
[2023-10-03T07:51:26.529+0000] {processor.py:829} INFO - Processing file /home/airflow/.local/lib/python3.8/site-packages/airflow/example_dags/example_short_circuit_decorator.py for tasks to queue
[2023-10-03T07:51:26.530+0000] {logging_mixin.py:151} INFO - [2023-10-03T07:51:26.530+0000] {dagbag.py:539} INFO - Filling up the DagBag from /home/airflow/.local/lib/python3.8/site-packages/airflow/example_dags/example_short_circuit_decorator.py
[2023-10-03T07:51:26.536+0000] {processor.py:839} INFO - DAG(s) dict_keys(['example_short_circuit_decorator']) retrieved from /home/airflow/.local/lib/python3.8/site-packages/airflow/example_dags/example_short_circuit_decorator.py
[2023-10-03T07:51:26.547+0000] {logging_mixin.py:151} INFO - [2023-10-03T07:51:26.547+0000] {dag.py:2915} INFO - Sync 1 DAGs
[2023-10-03T07:51:26.557+0000] {logging_mixin.py:151} INFO - [2023-10-03T07:51:26.557+0000] {dag.py:3696} INFO - Setting next_dagrun for example_short_circuit_decorator to 2023-10-02T07:51:26.556850+00:00, run_after=2023-10-03T07:51:26.556850+00:00
[2023-10-03T07:51:26.564+0000] {processor.py:179} INFO - Processing /home/airflow/.local/lib/python3.8/site-packages/airflow/example_dags/example_short_circuit_decorator.py took 0.038 seconds
[2023-10-03T07:57:13.514+0000] {processor.py:157} INFO - Started process (PID=44) to work on /home/airflow/.local/lib/python3.8/site-packages/airflow/example_dags/example_short_circuit_decorator.py
[2023-10-03T07:57:13.515+0000] {processor.py:829} INFO - Processing file /home/airflow/.local/lib/python3.8/site-packages/airflow/example_dags/example_short_circuit_decorator.py for tasks to queue
[2023-10-03T07:57:13.518+0000] {logging_mixin.py:151} INFO - [2023-10-03T07:57:13.518+0000] {dagbag.py:539} INFO - Filling up the DagBag from /home/airflow/.local/lib/python3.8/site-packages/airflow/example_dags/example_short_circuit_decorator.py
[2023-10-03T07:57:13.535+0000] {processor.py:839} INFO - DAG(s) dict_keys(['example_short_circuit_decorator']) retrieved from /home/airflow/.local/lib/python3.8/site-packages/airflow/example_dags/example_short_circuit_decorator.py
[2023-10-03T07:57:13.556+0000] {logging_mixin.py:151} INFO - [2023-10-03T07:57:13.556+0000] {dag.py:2915} INFO - Sync 1 DAGs
[2023-10-03T07:57:13.579+0000] {logging_mixin.py:151} INFO - [2023-10-03T07:57:13.579+0000] {dag.py:3696} INFO - Setting next_dagrun for example_short_circuit_decorator to 2023-10-02T07:57:13.579519+00:00, run_after=2023-10-03T07:57:13.579519+00:00
[2023-10-03T07:57:13.603+0000] {processor.py:179} INFO - Processing /home/airflow/.local/lib/python3.8/site-packages/airflow/example_dags/example_short_circuit_decorator.py took 0.092 seconds
[2023-10-03T07:57:44.059+0000] {processor.py:157} INFO - Started process (PID=103) to work on /home/airflow/.local/lib/python3.8/site-packages/airflow/example_dags/example_short_circuit_decorator.py
[2023-10-03T07:57:44.060+0000] {processor.py:829} INFO - Processing file /home/airflow/.local/lib/python3.8/site-packages/airflow/example_dags/example_short_circuit_decorator.py for tasks to queue
[2023-10-03T07:57:44.061+0000] {logging_mixin.py:151} INFO - [2023-10-03T07:57:44.061+0000] {dagbag.py:539} INFO - Filling up the DagBag from /home/airflow/.local/lib/python3.8/site-packages/airflow/example_dags/example_short_circuit_decorator.py
[2023-10-03T07:57:44.066+0000] {processor.py:839} INFO - DAG(s) dict_keys(['example_short_circuit_decorator']) retrieved from /home/airflow/.local/lib/python3.8/site-packages/airflow/example_dags/example_short_circuit_decorator.py
[2023-10-03T07:57:44.078+0000] {logging_mixin.py:151} INFO - [2023-10-03T07:57:44.078+0000] {dag.py:2915} INFO - Sync 1 DAGs
[2023-10-03T07:57:44.089+0000] {logging_mixin.py:151} INFO - [2023-10-03T07:57:44.089+0000] {dag.py:3696} INFO - Setting next_dagrun for example_short_circuit_decorator to 2023-10-02T07:57:44.089108+00:00, run_after=2023-10-03T07:57:44.089108+00:00
[2023-10-03T07:57:44.098+0000] {processor.py:179} INFO - Processing /home/airflow/.local/lib/python3.8/site-packages/airflow/example_dags/example_short_circuit_decorator.py took 0.041 seconds
[2023-10-03T07:58:14.382+0000] {processor.py:157} INFO - Started process (PID=162) to work on /home/airflow/.local/lib/python3.8/site-packages/airflow/example_dags/example_short_circuit_decorator.py
[2023-10-03T07:58:14.383+0000] {processor.py:829} INFO - Processing file /home/airflow/.local/lib/python3.8/site-packages/airflow/example_dags/example_short_circuit_decorator.py for tasks to queue
[2023-10-03T07:58:14.384+0000] {logging_mixin.py:151} INFO - [2023-10-03T07:58:14.384+0000] {dagbag.py:539} INFO - Filling up the DagBag from /home/airflow/.local/lib/python3.8/site-packages/airflow/example_dags/example_short_circuit_decorator.py
[2023-10-03T07:58:14.390+0000] {processor.py:839} INFO - DAG(s) dict_keys(['example_short_circuit_decorator']) retrieved from /home/airflow/.local/lib/python3.8/site-packages/airflow/example_dags/example_short_circuit_decorator.py
[2023-10-03T07:58:14.401+0000] {logging_mixin.py:151} INFO - [2023-10-03T07:58:14.401+0000] {dag.py:2915} INFO - Sync 1 DAGs
[2023-10-03T07:58:14.413+0000] {logging_mixin.py:151} INFO - [2023-10-03T07:58:14.413+0000] {dag.py:3696} INFO - Setting next_dagrun for example_short_circuit_decorator to 2023-10-02T07:58:14.413484+00:00, run_after=2023-10-03T07:58:14.413484+00:00
[2023-10-03T07:58:14.423+0000] {processor.py:179} INFO - Processing /home/airflow/.local/lib/python3.8/site-packages/airflow/example_dags/example_short_circuit_decorator.py took 0.043 seconds
[2023-10-03T07:58:45.634+0000] {processor.py:157} INFO - Started process (PID=221) to work on /home/airflow/.local/lib/python3.8/site-packages/airflow/example_dags/example_short_circuit_decorator.py
[2023-10-03T07:58:45.635+0000] {processor.py:829} INFO - Processing file /home/airflow/.local/lib/python3.8/site-packages/airflow/example_dags/example_short_circuit_decorator.py for tasks to queue
[2023-10-03T07:58:45.636+0000] {logging_mixin.py:151} INFO - [2023-10-03T07:58:45.636+0000] {dagbag.py:539} INFO - Filling up the DagBag from /home/airflow/.local/lib/python3.8/site-packages/airflow/example_dags/example_short_circuit_decorator.py
[2023-10-03T07:58:45.641+0000] {processor.py:839} INFO - DAG(s) dict_keys(['example_short_circuit_decorator']) retrieved from /home/airflow/.local/lib/python3.8/site-packages/airflow/example_dags/example_short_circuit_decorator.py
[2023-10-03T07:58:45.652+0000] {logging_mixin.py:151} INFO - [2023-10-03T07:58:45.652+0000] {dag.py:2915} INFO - Sync 1 DAGs
[2023-10-03T07:58:45.662+0000] {logging_mixin.py:151} INFO - [2023-10-03T07:58:45.662+0000] {dag.py:3696} INFO - Setting next_dagrun for example_short_circuit_decorator to 2023-10-02T07:58:45.662117+00:00, run_after=2023-10-03T07:58:45.662117+00:00
[2023-10-03T07:58:45.669+0000] {processor.py:179} INFO - Processing /home/airflow/.local/lib/python3.8/site-packages/airflow/example_dags/example_short_circuit_decorator.py took 0.036 seconds
[2023-10-03T07:59:16.923+0000] {processor.py:157} INFO - Started process (PID=280) to work on /home/airflow/.local/lib/python3.8/site-packages/airflow/example_dags/example_short_circuit_decorator.py
[2023-10-03T07:59:16.925+0000] {processor.py:829} INFO - Processing file /home/airflow/.local/lib/python3.8/site-packages/airflow/example_dags/example_short_circuit_decorator.py for tasks to queue
[2023-10-03T07:59:16.926+0000] {logging_mixin.py:151} INFO - [2023-10-03T07:59:16.926+0000] {dagbag.py:539} INFO - Filling up the DagBag from /home/airflow/.local/lib/python3.8/site-packages/airflow/example_dags/example_short_circuit_decorator.py
[2023-10-03T07:59:16.932+0000] {processor.py:839} INFO - DAG(s) dict_keys(['example_short_circuit_decorator']) retrieved from /home/airflow/.local/lib/python3.8/site-packages/airflow/example_dags/example_short_circuit_decorator.py
[2023-10-03T07:59:16.945+0000] {logging_mixin.py:151} INFO - [2023-10-03T07:59:16.945+0000] {dag.py:2915} INFO - Sync 1 DAGs
[2023-10-03T07:59:16.958+0000] {logging_mixin.py:151} INFO - [2023-10-03T07:59:16.958+0000] {dag.py:3696} INFO - Setting next_dagrun for example_short_circuit_decorator to 2023-10-02T07:59:16.958216+00:00, run_after=2023-10-03T07:59:16.958216+00:00
[2023-10-03T07:59:16.966+0000] {processor.py:179} INFO - Processing /home/airflow/.local/lib/python3.8/site-packages/airflow/example_dags/example_short_circuit_decorator.py took 0.047 seconds
[2023-10-03T07:59:47.572+0000] {processor.py:157} INFO - Started process (PID=339) to work on /home/airflow/.local/lib/python3.8/site-packages/airflow/example_dags/example_short_circuit_decorator.py
[2023-10-03T07:59:47.573+0000] {processor.py:829} INFO - Processing file /home/airflow/.local/lib/python3.8/site-packages/airflow/example_dags/example_short_circuit_decorator.py for tasks to queue
[2023-10-03T07:59:47.574+0000] {logging_mixin.py:151} INFO - [2023-10-03T07:59:47.574+0000] {dagbag.py:539} INFO - Filling up the DagBag from /home/airflow/.local/lib/python3.8/site-packages/airflow/example_dags/example_short_circuit_decorator.py
[2023-10-03T07:59:47.579+0000] {processor.py:839} INFO - DAG(s) dict_keys(['example_short_circuit_decorator']) retrieved from /home/airflow/.local/lib/python3.8/site-packages/airflow/example_dags/example_short_circuit_decorator.py
[2023-10-03T07:59:47.590+0000] {logging_mixin.py:151} INFO - [2023-10-03T07:59:47.590+0000] {dag.py:2915} INFO - Sync 1 DAGs
[2023-10-03T07:59:47.600+0000] {logging_mixin.py:151} INFO - [2023-10-03T07:59:47.600+0000] {dag.py:3696} INFO - Setting next_dagrun for example_short_circuit_decorator to 2023-10-02T07:59:47.600233+00:00, run_after=2023-10-03T07:59:47.600233+00:00
[2023-10-03T07:59:47.608+0000] {processor.py:179} INFO - Processing /home/airflow/.local/lib/python3.8/site-packages/airflow/example_dags/example_short_circuit_decorator.py took 0.038 seconds
[2023-10-03T08:00:18.869+0000] {processor.py:157} INFO - Started process (PID=398) to work on /home/airflow/.local/lib/python3.8/site-packages/airflow/example_dags/example_short_circuit_decorator.py
[2023-10-03T08:00:18.870+0000] {processor.py:829} INFO - Processing file /home/airflow/.local/lib/python3.8/site-packages/airflow/example_dags/example_short_circuit_decorator.py for tasks to queue
[2023-10-03T08:00:18.871+0000] {logging_mixin.py:151} INFO - [2023-10-03T08:00:18.871+0000] {dagbag.py:539} INFO - Filling up the DagBag from /home/airflow/.local/lib/python3.8/site-packages/airflow/example_dags/example_short_circuit_decorator.py
[2023-10-03T08:00:18.878+0000] {processor.py:839} INFO - DAG(s) dict_keys(['example_short_circuit_decorator']) retrieved from /home/airflow/.local/lib/python3.8/site-packages/airflow/example_dags/example_short_circuit_decorator.py
[2023-10-03T08:00:18.891+0000] {logging_mixin.py:151} INFO - [2023-10-03T08:00:18.891+0000] {dag.py:2915} INFO - Sync 1 DAGs
[2023-10-03T08:00:18.901+0000] {logging_mixin.py:151} INFO - [2023-10-03T08:00:18.901+0000] {dag.py:3696} INFO - Setting next_dagrun for example_short_circuit_decorator to 2023-10-02T08:00:18.900887+00:00, run_after=2023-10-03T08:00:18.900887+00:00
[2023-10-03T08:00:18.908+0000] {processor.py:179} INFO - Processing /home/airflow/.local/lib/python3.8/site-packages/airflow/example_dags/example_short_circuit_decorator.py took 0.041 seconds
[2023-10-03T08:00:50.117+0000] {processor.py:157} INFO - Started process (PID=457) to work on /home/airflow/.local/lib/python3.8/site-packages/airflow/example_dags/example_short_circuit_decorator.py
[2023-10-03T08:00:50.118+0000] {processor.py:829} INFO - Processing file /home/airflow/.local/lib/python3.8/site-packages/airflow/example_dags/example_short_circuit_decorator.py for tasks to queue
[2023-10-03T08:00:50.119+0000] {logging_mixin.py:151} INFO - [2023-10-03T08:00:50.119+0000] {dagbag.py:539} INFO - Filling up the DagBag from /home/airflow/.local/lib/python3.8/site-packages/airflow/example_dags/example_short_circuit_decorator.py
[2023-10-03T08:00:50.124+0000] {processor.py:839} INFO - DAG(s) dict_keys(['example_short_circuit_decorator']) retrieved from /home/airflow/.local/lib/python3.8/site-packages/airflow/example_dags/example_short_circuit_decorator.py
[2023-10-03T08:00:50.134+0000] {logging_mixin.py:151} INFO - [2023-10-03T08:00:50.134+0000] {dag.py:2915} INFO - Sync 1 DAGs
[2023-10-03T08:00:50.143+0000] {logging_mixin.py:151} INFO - [2023-10-03T08:00:50.143+0000] {dag.py:3696} INFO - Setting next_dagrun for example_short_circuit_decorator to 2023-10-02T08:00:50.143557+00:00, run_after=2023-10-03T08:00:50.143557+00:00
[2023-10-03T08:00:50.150+0000] {processor.py:179} INFO - Processing /home/airflow/.local/lib/python3.8/site-packages/airflow/example_dags/example_short_circuit_decorator.py took 0.035 seconds
[2023-10-03T08:01:21.151+0000] {processor.py:157} INFO - Started process (PID=516) to work on /home/airflow/.local/lib/python3.8/site-packages/airflow/example_dags/example_short_circuit_decorator.py
[2023-10-03T08:01:21.151+0000] {processor.py:829} INFO - Processing file /home/airflow/.local/lib/python3.8/site-packages/airflow/example_dags/example_short_circuit_decorator.py for tasks to queue
[2023-10-03T08:01:21.152+0000] {logging_mixin.py:151} INFO - [2023-10-03T08:01:21.152+0000] {dagbag.py:539} INFO - Filling up the DagBag from /home/airflow/.local/lib/python3.8/site-packages/airflow/example_dags/example_short_circuit_decorator.py
[2023-10-03T08:01:21.158+0000] {processor.py:839} INFO - DAG(s) dict_keys(['example_short_circuit_decorator']) retrieved from /home/airflow/.local/lib/python3.8/site-packages/airflow/example_dags/example_short_circuit_decorator.py
[2023-10-03T08:01:21.169+0000] {logging_mixin.py:151} INFO - [2023-10-03T08:01:21.169+0000] {dag.py:2915} INFO - Sync 1 DAGs
[2023-10-03T08:01:21.179+0000] {logging_mixin.py:151} INFO - [2023-10-03T08:01:21.178+0000] {dag.py:3696} INFO - Setting next_dagrun for example_short_circuit_decorator to 2023-10-02T08:01:21.178763+00:00, run_after=2023-10-03T08:01:21.178763+00:00
[2023-10-03T08:01:21.186+0000] {processor.py:179} INFO - Processing /home/airflow/.local/lib/python3.8/site-packages/airflow/example_dags/example_short_circuit_decorator.py took 0.037 seconds
[2023-10-03T08:01:52.228+0000] {processor.py:157} INFO - Started process (PID=575) to work on /home/airflow/.local/lib/python3.8/site-packages/airflow/example_dags/example_short_circuit_decorator.py
[2023-10-03T08:01:52.229+0000] {processor.py:829} INFO - Processing file /home/airflow/.local/lib/python3.8/site-packages/airflow/example_dags/example_short_circuit_decorator.py for tasks to queue
[2023-10-03T08:01:52.230+0000] {logging_mixin.py:151} INFO - [2023-10-03T08:01:52.230+0000] {dagbag.py:539} INFO - Filling up the DagBag from /home/airflow/.local/lib/python3.8/site-packages/airflow/example_dags/example_short_circuit_decorator.py
[2023-10-03T08:01:52.235+0000] {processor.py:839} INFO - DAG(s) dict_keys(['example_short_circuit_decorator']) retrieved from /home/airflow/.local/lib/python3.8/site-packages/airflow/example_dags/example_short_circuit_decorator.py
[2023-10-03T08:01:52.247+0000] {logging_mixin.py:151} INFO - [2023-10-03T08:01:52.246+0000] {dag.py:2915} INFO - Sync 1 DAGs
[2023-10-03T08:01:52.257+0000] {logging_mixin.py:151} INFO - [2023-10-03T08:01:52.257+0000] {dag.py:3696} INFO - Setting next_dagrun for example_short_circuit_decorator to 2023-10-02T08:01:52.256926+00:00, run_after=2023-10-03T08:01:52.256926+00:00
[2023-10-03T08:01:52.264+0000] {processor.py:179} INFO - Processing /home/airflow/.local/lib/python3.8/site-packages/airflow/example_dags/example_short_circuit_decorator.py took 0.038 seconds
[2023-10-03T08:02:22.698+0000] {processor.py:157} INFO - Started process (PID=634) to work on /home/airflow/.local/lib/python3.8/site-packages/airflow/example_dags/example_short_circuit_decorator.py
[2023-10-03T08:02:22.699+0000] {processor.py:829} INFO - Processing file /home/airflow/.local/lib/python3.8/site-packages/airflow/example_dags/example_short_circuit_decorator.py for tasks to queue
[2023-10-03T08:02:22.700+0000] {logging_mixin.py:151} INFO - [2023-10-03T08:02:22.700+0000] {dagbag.py:539} INFO - Filling up the DagBag from /home/airflow/.local/lib/python3.8/site-packages/airflow/example_dags/example_short_circuit_decorator.py
[2023-10-03T08:02:22.706+0000] {processor.py:839} INFO - DAG(s) dict_keys(['example_short_circuit_decorator']) retrieved from /home/airflow/.local/lib/python3.8/site-packages/airflow/example_dags/example_short_circuit_decorator.py
[2023-10-03T08:02:22.717+0000] {logging_mixin.py:151} INFO - [2023-10-03T08:02:22.717+0000] {dag.py:2915} INFO - Sync 1 DAGs
[2023-10-03T08:02:22.726+0000] {logging_mixin.py:151} INFO - [2023-10-03T08:02:22.726+0000] {dag.py:3696} INFO - Setting next_dagrun for example_short_circuit_decorator to 2023-10-02T08:02:22.726607+00:00, run_after=2023-10-03T08:02:22.726607+00:00
[2023-10-03T08:02:22.734+0000] {processor.py:179} INFO - Processing /home/airflow/.local/lib/python3.8/site-packages/airflow/example_dags/example_short_circuit_decorator.py took 0.037 seconds
[2023-10-03T08:02:53.184+0000] {processor.py:157} INFO - Started process (PID=693) to work on /home/airflow/.local/lib/python3.8/site-packages/airflow/example_dags/example_short_circuit_decorator.py
[2023-10-03T08:02:53.185+0000] {processor.py:829} INFO - Processing file /home/airflow/.local/lib/python3.8/site-packages/airflow/example_dags/example_short_circuit_decorator.py for tasks to queue
[2023-10-03T08:02:53.186+0000] {logging_mixin.py:151} INFO - [2023-10-03T08:02:53.186+0000] {dagbag.py:539} INFO - Filling up the DagBag from /home/airflow/.local/lib/python3.8/site-packages/airflow/example_dags/example_short_circuit_decorator.py
[2023-10-03T08:02:53.194+0000] {processor.py:839} INFO - DAG(s) dict_keys(['example_short_circuit_decorator']) retrieved from /home/airflow/.local/lib/python3.8/site-packages/airflow/example_dags/example_short_circuit_decorator.py
[2023-10-03T08:02:53.209+0000] {logging_mixin.py:151} INFO - [2023-10-03T08:02:53.209+0000] {dag.py:2915} INFO - Sync 1 DAGs
[2023-10-03T08:02:53.220+0000] {logging_mixin.py:151} INFO - [2023-10-03T08:02:53.220+0000] {dag.py:3696} INFO - Setting next_dagrun for example_short_circuit_decorator to 2023-10-02T08:02:53.220411+00:00, run_after=2023-10-03T08:02:53.220411+00:00
[2023-10-03T08:02:53.228+0000] {processor.py:179} INFO - Processing /home/airflow/.local/lib/python3.8/site-packages/airflow/example_dags/example_short_circuit_decorator.py took 0.046 seconds
[2023-10-03T08:03:23.473+0000] {processor.py:157} INFO - Started process (PID=752) to work on /home/airflow/.local/lib/python3.8/site-packages/airflow/example_dags/example_short_circuit_decorator.py
[2023-10-03T08:03:23.473+0000] {processor.py:829} INFO - Processing file /home/airflow/.local/lib/python3.8/site-packages/airflow/example_dags/example_short_circuit_decorator.py for tasks to queue
[2023-10-03T08:03:23.474+0000] {logging_mixin.py:151} INFO - [2023-10-03T08:03:23.474+0000] {dagbag.py:539} INFO - Filling up the DagBag from /home/airflow/.local/lib/python3.8/site-packages/airflow/example_dags/example_short_circuit_decorator.py
[2023-10-03T08:03:23.480+0000] {processor.py:839} INFO - DAG(s) dict_keys(['example_short_circuit_decorator']) retrieved from /home/airflow/.local/lib/python3.8/site-packages/airflow/example_dags/example_short_circuit_decorator.py
[2023-10-03T08:03:23.490+0000] {logging_mixin.py:151} INFO - [2023-10-03T08:03:23.490+0000] {dag.py:2915} INFO - Sync 1 DAGs
[2023-10-03T08:03:23.501+0000] {logging_mixin.py:151} INFO - [2023-10-03T08:03:23.501+0000] {dag.py:3696} INFO - Setting next_dagrun for example_short_circuit_decorator to 2023-10-02T08:03:23.501228+00:00, run_after=2023-10-03T08:03:23.501228+00:00
[2023-10-03T08:03:23.509+0000] {processor.py:179} INFO - Processing /home/airflow/.local/lib/python3.8/site-packages/airflow/example_dags/example_short_circuit_decorator.py took 0.038 seconds
[2023-10-03T08:03:53.874+0000] {processor.py:157} INFO - Started process (PID=811) to work on /home/airflow/.local/lib/python3.8/site-packages/airflow/example_dags/example_short_circuit_decorator.py
[2023-10-03T08:03:53.875+0000] {processor.py:829} INFO - Processing file /home/airflow/.local/lib/python3.8/site-packages/airflow/example_dags/example_short_circuit_decorator.py for tasks to queue
[2023-10-03T08:03:53.876+0000] {logging_mixin.py:151} INFO - [2023-10-03T08:03:53.876+0000] {dagbag.py:539} INFO - Filling up the DagBag from /home/airflow/.local/lib/python3.8/site-packages/airflow/example_dags/example_short_circuit_decorator.py
[2023-10-03T08:03:53.881+0000] {processor.py:839} INFO - DAG(s) dict_keys(['example_short_circuit_decorator']) retrieved from /home/airflow/.local/lib/python3.8/site-packages/airflow/example_dags/example_short_circuit_decorator.py
[2023-10-03T08:03:53.893+0000] {logging_mixin.py:151} INFO - [2023-10-03T08:03:53.893+0000] {dag.py:2915} INFO - Sync 1 DAGs
[2023-10-03T08:03:53.903+0000] {logging_mixin.py:151} INFO - [2023-10-03T08:03:53.902+0000] {dag.py:3696} INFO - Setting next_dagrun for example_short_circuit_decorator to 2023-10-02T08:03:53.902783+00:00, run_after=2023-10-03T08:03:53.902783+00:00
[2023-10-03T08:03:53.909+0000] {processor.py:179} INFO - Processing /home/airflow/.local/lib/python3.8/site-packages/airflow/example_dags/example_short_circuit_decorator.py took 0.038 seconds
[2023-10-03T08:04:24.234+0000] {processor.py:157} INFO - Started process (PID=870) to work on /home/airflow/.local/lib/python3.8/site-packages/airflow/example_dags/example_short_circuit_decorator.py
[2023-10-03T08:04:24.238+0000] {processor.py:829} INFO - Processing file /home/airflow/.local/lib/python3.8/site-packages/airflow/example_dags/example_short_circuit_decorator.py for tasks to queue
[2023-10-03T08:04:24.240+0000] {logging_mixin.py:151} INFO - [2023-10-03T08:04:24.239+0000] {dagbag.py:539} INFO - Filling up the DagBag from /home/airflow/.local/lib/python3.8/site-packages/airflow/example_dags/example_short_circuit_decorator.py
[2023-10-03T08:04:24.247+0000] {processor.py:839} INFO - DAG(s) dict_keys(['example_short_circuit_decorator']) retrieved from /home/airflow/.local/lib/python3.8/site-packages/airflow/example_dags/example_short_circuit_decorator.py
[2023-10-03T08:04:24.267+0000] {logging_mixin.py:151} INFO - [2023-10-03T08:04:24.266+0000] {dag.py:2915} INFO - Sync 1 DAGs
[2023-10-03T08:04:24.279+0000] {logging_mixin.py:151} INFO - [2023-10-03T08:04:24.278+0000] {dag.py:3696} INFO - Setting next_dagrun for example_short_circuit_decorator to 2023-10-02T08:04:24.278749+00:00, run_after=2023-10-03T08:04:24.278749+00:00
[2023-10-03T08:04:24.287+0000] {processor.py:179} INFO - Processing /home/airflow/.local/lib/python3.8/site-packages/airflow/example_dags/example_short_circuit_decorator.py took 0.056 seconds
[2023-10-03T08:04:54.986+0000] {processor.py:157} INFO - Started process (PID=929) to work on /home/airflow/.local/lib/python3.8/site-packages/airflow/example_dags/example_short_circuit_decorator.py
[2023-10-03T08:04:54.987+0000] {processor.py:829} INFO - Processing file /home/airflow/.local/lib/python3.8/site-packages/airflow/example_dags/example_short_circuit_decorator.py for tasks to queue
[2023-10-03T08:04:54.988+0000] {logging_mixin.py:151} INFO - [2023-10-03T08:04:54.988+0000] {dagbag.py:539} INFO - Filling up the DagBag from /home/airflow/.local/lib/python3.8/site-packages/airflow/example_dags/example_short_circuit_decorator.py
[2023-10-03T08:04:54.993+0000] {processor.py:839} INFO - DAG(s) dict_keys(['example_short_circuit_decorator']) retrieved from /home/airflow/.local/lib/python3.8/site-packages/airflow/example_dags/example_short_circuit_decorator.py
[2023-10-03T08:04:55.004+0000] {logging_mixin.py:151} INFO - [2023-10-03T08:04:55.004+0000] {dag.py:2915} INFO - Sync 1 DAGs
[2023-10-03T08:04:55.014+0000] {logging_mixin.py:151} INFO - [2023-10-03T08:04:55.013+0000] {dag.py:3696} INFO - Setting next_dagrun for example_short_circuit_decorator to 2023-10-02T08:04:55.013819+00:00, run_after=2023-10-03T08:04:55.013819+00:00
[2023-10-03T08:04:55.021+0000] {processor.py:179} INFO - Processing /home/airflow/.local/lib/python3.8/site-packages/airflow/example_dags/example_short_circuit_decorator.py took 0.037 seconds
[2023-10-03T08:05:26.009+0000] {processor.py:157} INFO - Started process (PID=988) to work on /home/airflow/.local/lib/python3.8/site-packages/airflow/example_dags/example_short_circuit_decorator.py
[2023-10-03T08:05:26.010+0000] {processor.py:829} INFO - Processing file /home/airflow/.local/lib/python3.8/site-packages/airflow/example_dags/example_short_circuit_decorator.py for tasks to queue
[2023-10-03T08:05:26.011+0000] {logging_mixin.py:151} INFO - [2023-10-03T08:05:26.011+0000] {dagbag.py:539} INFO - Filling up the DagBag from /home/airflow/.local/lib/python3.8/site-packages/airflow/example_dags/example_short_circuit_decorator.py
[2023-10-03T08:05:26.017+0000] {processor.py:839} INFO - DAG(s) dict_keys(['example_short_circuit_decorator']) retrieved from /home/airflow/.local/lib/python3.8/site-packages/airflow/example_dags/example_short_circuit_decorator.py
[2023-10-03T08:05:26.027+0000] {logging_mixin.py:151} INFO - [2023-10-03T08:05:26.027+0000] {dag.py:2915} INFO - Sync 1 DAGs
[2023-10-03T08:05:26.037+0000] {logging_mixin.py:151} INFO - [2023-10-03T08:05:26.037+0000] {dag.py:3696} INFO - Setting next_dagrun for example_short_circuit_decorator to 2023-10-02T08:05:26.037126+00:00, run_after=2023-10-03T08:05:26.037126+00:00
[2023-10-03T08:05:26.044+0000] {processor.py:179} INFO - Processing /home/airflow/.local/lib/python3.8/site-packages/airflow/example_dags/example_short_circuit_decorator.py took 0.037 seconds
[2023-10-03T08:05:56.302+0000] {processor.py:157} INFO - Started process (PID=1047) to work on /home/airflow/.local/lib/python3.8/site-packages/airflow/example_dags/example_short_circuit_decorator.py
[2023-10-03T08:05:56.303+0000] {processor.py:829} INFO - Processing file /home/airflow/.local/lib/python3.8/site-packages/airflow/example_dags/example_short_circuit_decorator.py for tasks to queue
[2023-10-03T08:05:56.304+0000] {logging_mixin.py:151} INFO - [2023-10-03T08:05:56.303+0000] {dagbag.py:539} INFO - Filling up the DagBag from /home/airflow/.local/lib/python3.8/site-packages/airflow/example_dags/example_short_circuit_decorator.py
[2023-10-03T08:05:56.308+0000] {processor.py:839} INFO - DAG(s) dict_keys(['example_short_circuit_decorator']) retrieved from /home/airflow/.local/lib/python3.8/site-packages/airflow/example_dags/example_short_circuit_decorator.py
[2023-10-03T08:05:56.319+0000] {logging_mixin.py:151} INFO - [2023-10-03T08:05:56.319+0000] {dag.py:2915} INFO - Sync 1 DAGs
[2023-10-03T08:05:56.328+0000] {logging_mixin.py:151} INFO - [2023-10-03T08:05:56.328+0000] {dag.py:3696} INFO - Setting next_dagrun for example_short_circuit_decorator to 2023-10-02T08:05:56.327958+00:00, run_after=2023-10-03T08:05:56.327958+00:00
[2023-10-03T08:05:56.335+0000] {processor.py:179} INFO - Processing /home/airflow/.local/lib/python3.8/site-packages/airflow/example_dags/example_short_circuit_decorator.py took 0.034 seconds
[2023-10-03T08:06:26.559+0000] {processor.py:157} INFO - Started process (PID=1106) to work on /home/airflow/.local/lib/python3.8/site-packages/airflow/example_dags/example_short_circuit_decorator.py
[2023-10-03T08:06:26.559+0000] {processor.py:829} INFO - Processing file /home/airflow/.local/lib/python3.8/site-packages/airflow/example_dags/example_short_circuit_decorator.py for tasks to queue
[2023-10-03T08:06:26.560+0000] {logging_mixin.py:151} INFO - [2023-10-03T08:06:26.560+0000] {dagbag.py:539} INFO - Filling up the DagBag from /home/airflow/.local/lib/python3.8/site-packages/airflow/example_dags/example_short_circuit_decorator.py
[2023-10-03T08:06:26.566+0000] {processor.py:839} INFO - DAG(s) dict_keys(['example_short_circuit_decorator']) retrieved from /home/airflow/.local/lib/python3.8/site-packages/airflow/example_dags/example_short_circuit_decorator.py
[2023-10-03T08:06:26.578+0000] {logging_mixin.py:151} INFO - [2023-10-03T08:06:26.578+0000] {dag.py:2915} INFO - Sync 1 DAGs
[2023-10-03T08:06:26.589+0000] {logging_mixin.py:151} INFO - [2023-10-03T08:06:26.588+0000] {dag.py:3696} INFO - Setting next_dagrun for example_short_circuit_decorator to 2023-10-02T08:06:26.588827+00:00, run_after=2023-10-03T08:06:26.588827+00:00
[2023-10-03T08:06:26.596+0000] {processor.py:179} INFO - Processing /home/airflow/.local/lib/python3.8/site-packages/airflow/example_dags/example_short_circuit_decorator.py took 0.040 seconds
[2023-10-03T08:06:57.617+0000] {processor.py:157} INFO - Started process (PID=1165) to work on /home/airflow/.local/lib/python3.8/site-packages/airflow/example_dags/example_short_circuit_decorator.py
[2023-10-03T08:06:57.618+0000] {processor.py:829} INFO - Processing file /home/airflow/.local/lib/python3.8/site-packages/airflow/example_dags/example_short_circuit_decorator.py for tasks to queue
[2023-10-03T08:06:57.619+0000] {logging_mixin.py:151} INFO - [2023-10-03T08:06:57.619+0000] {dagbag.py:539} INFO - Filling up the DagBag from /home/airflow/.local/lib/python3.8/site-packages/airflow/example_dags/example_short_circuit_decorator.py
[2023-10-03T08:06:57.624+0000] {processor.py:839} INFO - DAG(s) dict_keys(['example_short_circuit_decorator']) retrieved from /home/airflow/.local/lib/python3.8/site-packages/airflow/example_dags/example_short_circuit_decorator.py
[2023-10-03T08:06:57.636+0000] {logging_mixin.py:151} INFO - [2023-10-03T08:06:57.636+0000] {dag.py:2915} INFO - Sync 1 DAGs
[2023-10-03T08:06:57.646+0000] {logging_mixin.py:151} INFO - [2023-10-03T08:06:57.645+0000] {dag.py:3696} INFO - Setting next_dagrun for example_short_circuit_decorator to 2023-10-02T08:06:57.645817+00:00, run_after=2023-10-03T08:06:57.645817+00:00
[2023-10-03T08:06:57.653+0000] {processor.py:179} INFO - Processing /home/airflow/.local/lib/python3.8/site-packages/airflow/example_dags/example_short_circuit_decorator.py took 0.038 seconds
[2023-10-03T08:07:28.350+0000] {processor.py:157} INFO - Started process (PID=1224) to work on /home/airflow/.local/lib/python3.8/site-packages/airflow/example_dags/example_short_circuit_decorator.py
[2023-10-03T08:07:28.351+0000] {processor.py:829} INFO - Processing file /home/airflow/.local/lib/python3.8/site-packages/airflow/example_dags/example_short_circuit_decorator.py for tasks to queue
[2023-10-03T08:07:28.352+0000] {logging_mixin.py:151} INFO - [2023-10-03T08:07:28.352+0000] {dagbag.py:539} INFO - Filling up the DagBag from /home/airflow/.local/lib/python3.8/site-packages/airflow/example_dags/example_short_circuit_decorator.py
[2023-10-03T08:07:28.357+0000] {processor.py:839} INFO - DAG(s) dict_keys(['example_short_circuit_decorator']) retrieved from /home/airflow/.local/lib/python3.8/site-packages/airflow/example_dags/example_short_circuit_decorator.py
[2023-10-03T08:07:28.368+0000] {logging_mixin.py:151} INFO - [2023-10-03T08:07:28.368+0000] {dag.py:2915} INFO - Sync 1 DAGs
[2023-10-03T08:07:28.388+0000] {logging_mixin.py:151} INFO - [2023-10-03T08:07:28.388+0000] {dag.py:3696} INFO - Setting next_dagrun for example_short_circuit_decorator to 2023-10-02T08:07:28.387738+00:00, run_after=2023-10-03T08:07:28.387738+00:00
[2023-10-03T08:07:28.401+0000] {processor.py:179} INFO - Processing /home/airflow/.local/lib/python3.8/site-packages/airflow/example_dags/example_short_circuit_decorator.py took 0.052 seconds
[2023-10-03T08:07:58.847+0000] {processor.py:157} INFO - Started process (PID=1283) to work on /home/airflow/.local/lib/python3.8/site-packages/airflow/example_dags/example_short_circuit_decorator.py
[2023-10-03T08:07:58.848+0000] {processor.py:829} INFO - Processing file /home/airflow/.local/lib/python3.8/site-packages/airflow/example_dags/example_short_circuit_decorator.py for tasks to queue
[2023-10-03T08:07:58.851+0000] {logging_mixin.py:151} INFO - [2023-10-03T08:07:58.851+0000] {dagbag.py:539} INFO - Filling up the DagBag from /home/airflow/.local/lib/python3.8/site-packages/airflow/example_dags/example_short_circuit_decorator.py
[2023-10-03T08:07:58.856+0000] {processor.py:839} INFO - DAG(s) dict_keys(['example_short_circuit_decorator']) retrieved from /home/airflow/.local/lib/python3.8/site-packages/airflow/example_dags/example_short_circuit_decorator.py
[2023-10-03T08:07:58.869+0000] {logging_mixin.py:151} INFO - [2023-10-03T08:07:58.869+0000] {dag.py:2915} INFO - Sync 1 DAGs
[2023-10-03T08:07:58.880+0000] {logging_mixin.py:151} INFO - [2023-10-03T08:07:58.880+0000] {dag.py:3696} INFO - Setting next_dagrun for example_short_circuit_decorator to 2023-10-02T08:07:58.880194+00:00, run_after=2023-10-03T08:07:58.880194+00:00
[2023-10-03T08:07:58.893+0000] {processor.py:179} INFO - Processing /home/airflow/.local/lib/python3.8/site-packages/airflow/example_dags/example_short_circuit_decorator.py took 0.048 seconds
[2023-10-03T08:08:29.255+0000] {processor.py:157} INFO - Started process (PID=1342) to work on /home/airflow/.local/lib/python3.8/site-packages/airflow/example_dags/example_short_circuit_decorator.py
[2023-10-03T08:08:29.255+0000] {processor.py:829} INFO - Processing file /home/airflow/.local/lib/python3.8/site-packages/airflow/example_dags/example_short_circuit_decorator.py for tasks to queue
[2023-10-03T08:08:29.257+0000] {logging_mixin.py:151} INFO - [2023-10-03T08:08:29.257+0000] {dagbag.py:539} INFO - Filling up the DagBag from /home/airflow/.local/lib/python3.8/site-packages/airflow/example_dags/example_short_circuit_decorator.py
[2023-10-03T08:08:29.265+0000] {processor.py:839} INFO - DAG(s) dict_keys(['example_short_circuit_decorator']) retrieved from /home/airflow/.local/lib/python3.8/site-packages/airflow/example_dags/example_short_circuit_decorator.py
[2023-10-03T08:08:29.277+0000] {logging_mixin.py:151} INFO - [2023-10-03T08:08:29.277+0000] {dag.py:2915} INFO - Sync 1 DAGs
[2023-10-03T08:08:29.287+0000] {logging_mixin.py:151} INFO - [2023-10-03T08:08:29.287+0000] {dag.py:3696} INFO - Setting next_dagrun for example_short_circuit_decorator to 2023-10-02T08:08:29.286939+00:00, run_after=2023-10-03T08:08:29.286939+00:00
[2023-10-03T08:08:29.294+0000] {processor.py:179} INFO - Processing /home/airflow/.local/lib/python3.8/site-packages/airflow/example_dags/example_short_circuit_decorator.py took 0.042 seconds
[2023-10-03T08:08:59.604+0000] {processor.py:157} INFO - Started process (PID=1401) to work on /home/airflow/.local/lib/python3.8/site-packages/airflow/example_dags/example_short_circuit_decorator.py
[2023-10-03T08:08:59.605+0000] {processor.py:829} INFO - Processing file /home/airflow/.local/lib/python3.8/site-packages/airflow/example_dags/example_short_circuit_decorator.py for tasks to queue
[2023-10-03T08:08:59.606+0000] {logging_mixin.py:151} INFO - [2023-10-03T08:08:59.606+0000] {dagbag.py:539} INFO - Filling up the DagBag from /home/airflow/.local/lib/python3.8/site-packages/airflow/example_dags/example_short_circuit_decorator.py
[2023-10-03T08:08:59.611+0000] {processor.py:839} INFO - DAG(s) dict_keys(['example_short_circuit_decorator']) retrieved from /home/airflow/.local/lib/python3.8/site-packages/airflow/example_dags/example_short_circuit_decorator.py
[2023-10-03T08:08:59.623+0000] {logging_mixin.py:151} INFO - [2023-10-03T08:08:59.623+0000] {dag.py:2915} INFO - Sync 1 DAGs
[2023-10-03T08:08:59.632+0000] {logging_mixin.py:151} INFO - [2023-10-03T08:08:59.632+0000] {dag.py:3696} INFO - Setting next_dagrun for example_short_circuit_decorator to 2023-10-02T08:08:59.632563+00:00, run_after=2023-10-03T08:08:59.632563+00:00
[2023-10-03T08:08:59.640+0000] {processor.py:179} INFO - Processing /home/airflow/.local/lib/python3.8/site-packages/airflow/example_dags/example_short_circuit_decorator.py took 0.038 seconds
[2023-10-03T08:09:30.146+0000] {processor.py:157} INFO - Started process (PID=1460) to work on /home/airflow/.local/lib/python3.8/site-packages/airflow/example_dags/example_short_circuit_decorator.py
[2023-10-03T08:09:30.147+0000] {processor.py:829} INFO - Processing file /home/airflow/.local/lib/python3.8/site-packages/airflow/example_dags/example_short_circuit_decorator.py for tasks to queue
[2023-10-03T08:09:30.148+0000] {logging_mixin.py:151} INFO - [2023-10-03T08:09:30.148+0000] {dagbag.py:539} INFO - Filling up the DagBag from /home/airflow/.local/lib/python3.8/site-packages/airflow/example_dags/example_short_circuit_decorator.py
[2023-10-03T08:09:30.153+0000] {processor.py:839} INFO - DAG(s) dict_keys(['example_short_circuit_decorator']) retrieved from /home/airflow/.local/lib/python3.8/site-packages/airflow/example_dags/example_short_circuit_decorator.py
[2023-10-03T08:09:30.172+0000] {logging_mixin.py:151} INFO - [2023-10-03T08:09:30.172+0000] {dag.py:2915} INFO - Sync 1 DAGs
[2023-10-03T08:09:30.187+0000] {logging_mixin.py:151} INFO - [2023-10-03T08:09:30.187+0000] {dag.py:3696} INFO - Setting next_dagrun for example_short_circuit_decorator to 2023-10-02T08:09:30.187519+00:00, run_after=2023-10-03T08:09:30.187519+00:00
[2023-10-03T08:09:30.196+0000] {processor.py:179} INFO - Processing /home/airflow/.local/lib/python3.8/site-packages/airflow/example_dags/example_short_circuit_decorator.py took 0.053 seconds
[2023-10-03T08:10:00.704+0000] {processor.py:157} INFO - Started process (PID=1519) to work on /home/airflow/.local/lib/python3.8/site-packages/airflow/example_dags/example_short_circuit_decorator.py
[2023-10-03T08:10:00.704+0000] {processor.py:829} INFO - Processing file /home/airflow/.local/lib/python3.8/site-packages/airflow/example_dags/example_short_circuit_decorator.py for tasks to queue
[2023-10-03T08:10:00.706+0000] {logging_mixin.py:151} INFO - [2023-10-03T08:10:00.705+0000] {dagbag.py:539} INFO - Filling up the DagBag from /home/airflow/.local/lib/python3.8/site-packages/airflow/example_dags/example_short_circuit_decorator.py
[2023-10-03T08:10:00.711+0000] {processor.py:839} INFO - DAG(s) dict_keys(['example_short_circuit_decorator']) retrieved from /home/airflow/.local/lib/python3.8/site-packages/airflow/example_dags/example_short_circuit_decorator.py
[2023-10-03T08:10:00.719+0000] {logging_mixin.py:151} INFO - [2023-10-03T08:10:00.719+0000] {dag.py:2915} INFO - Sync 1 DAGs
[2023-10-03T08:10:00.733+0000] {logging_mixin.py:151} INFO - [2023-10-03T08:10:00.733+0000] {dag.py:3696} INFO - Setting next_dagrun for example_short_circuit_decorator to 2023-10-02T08:10:00.733276+00:00, run_after=2023-10-03T08:10:00.733276+00:00
[2023-10-03T08:10:00.741+0000] {processor.py:179} INFO - Processing /home/airflow/.local/lib/python3.8/site-packages/airflow/example_dags/example_short_circuit_decorator.py took 0.040 seconds
[2023-10-03T08:10:31.673+0000] {processor.py:157} INFO - Started process (PID=1578) to work on /home/airflow/.local/lib/python3.8/site-packages/airflow/example_dags/example_short_circuit_decorator.py
[2023-10-03T08:10:31.673+0000] {processor.py:829} INFO - Processing file /home/airflow/.local/lib/python3.8/site-packages/airflow/example_dags/example_short_circuit_decorator.py for tasks to queue
[2023-10-03T08:10:31.676+0000] {logging_mixin.py:151} INFO - [2023-10-03T08:10:31.675+0000] {dagbag.py:539} INFO - Filling up the DagBag from /home/airflow/.local/lib/python3.8/site-packages/airflow/example_dags/example_short_circuit_decorator.py
[2023-10-03T08:10:31.682+0000] {processor.py:839} INFO - DAG(s) dict_keys(['example_short_circuit_decorator']) retrieved from /home/airflow/.local/lib/python3.8/site-packages/airflow/example_dags/example_short_circuit_decorator.py
[2023-10-03T08:10:31.693+0000] {logging_mixin.py:151} INFO - [2023-10-03T08:10:31.693+0000] {dag.py:2915} INFO - Sync 1 DAGs
[2023-10-03T08:10:31.702+0000] {logging_mixin.py:151} INFO - [2023-10-03T08:10:31.702+0000] {dag.py:3696} INFO - Setting next_dagrun for example_short_circuit_decorator to 2023-10-02T08:10:31.702539+00:00, run_after=2023-10-03T08:10:31.702539+00:00
[2023-10-03T08:10:31.710+0000] {processor.py:179} INFO - Processing /home/airflow/.local/lib/python3.8/site-packages/airflow/example_dags/example_short_circuit_decorator.py took 0.039 seconds
[2023-10-03T08:11:02.160+0000] {processor.py:157} INFO - Started process (PID=1637) to work on /home/airflow/.local/lib/python3.8/site-packages/airflow/example_dags/example_short_circuit_decorator.py
[2023-10-03T08:11:02.161+0000] {processor.py:829} INFO - Processing file /home/airflow/.local/lib/python3.8/site-packages/airflow/example_dags/example_short_circuit_decorator.py for tasks to queue
[2023-10-03T08:11:02.162+0000] {logging_mixin.py:151} INFO - [2023-10-03T08:11:02.162+0000] {dagbag.py:539} INFO - Filling up the DagBag from /home/airflow/.local/lib/python3.8/site-packages/airflow/example_dags/example_short_circuit_decorator.py
[2023-10-03T08:11:02.170+0000] {processor.py:839} INFO - DAG(s) dict_keys(['example_short_circuit_decorator']) retrieved from /home/airflow/.local/lib/python3.8/site-packages/airflow/example_dags/example_short_circuit_decorator.py
[2023-10-03T08:11:02.188+0000] {logging_mixin.py:151} INFO - [2023-10-03T08:11:02.188+0000] {dag.py:2915} INFO - Sync 1 DAGs
[2023-10-03T08:11:02.200+0000] {logging_mixin.py:151} INFO - [2023-10-03T08:11:02.200+0000] {dag.py:3696} INFO - Setting next_dagrun for example_short_circuit_decorator to 2023-10-02T08:11:02.200089+00:00, run_after=2023-10-03T08:11:02.200089+00:00
[2023-10-03T08:11:02.208+0000] {processor.py:179} INFO - Processing /home/airflow/.local/lib/python3.8/site-packages/airflow/example_dags/example_short_circuit_decorator.py took 0.050 seconds
[2023-10-03T08:11:32.469+0000] {processor.py:157} INFO - Started process (PID=1696) to work on /home/airflow/.local/lib/python3.8/site-packages/airflow/example_dags/example_short_circuit_decorator.py
[2023-10-03T08:11:32.470+0000] {processor.py:829} INFO - Processing file /home/airflow/.local/lib/python3.8/site-packages/airflow/example_dags/example_short_circuit_decorator.py for tasks to queue
[2023-10-03T08:11:32.471+0000] {logging_mixin.py:151} INFO - [2023-10-03T08:11:32.471+0000] {dagbag.py:539} INFO - Filling up the DagBag from /home/airflow/.local/lib/python3.8/site-packages/airflow/example_dags/example_short_circuit_decorator.py
[2023-10-03T08:11:32.476+0000] {processor.py:839} INFO - DAG(s) dict_keys(['example_short_circuit_decorator']) retrieved from /home/airflow/.local/lib/python3.8/site-packages/airflow/example_dags/example_short_circuit_decorator.py
[2023-10-03T08:11:32.486+0000] {logging_mixin.py:151} INFO - [2023-10-03T08:11:32.486+0000] {dag.py:2915} INFO - Sync 1 DAGs
[2023-10-03T08:11:32.496+0000] {logging_mixin.py:151} INFO - [2023-10-03T08:11:32.496+0000] {dag.py:3696} INFO - Setting next_dagrun for example_short_circuit_decorator to 2023-10-02T08:11:32.495969+00:00, run_after=2023-10-03T08:11:32.495969+00:00
[2023-10-03T08:11:32.504+0000] {processor.py:179} INFO - Processing /home/airflow/.local/lib/python3.8/site-packages/airflow/example_dags/example_short_circuit_decorator.py took 0.037 seconds
[2023-10-03T08:12:02.941+0000] {processor.py:157} INFO - Started process (PID=1755) to work on /home/airflow/.local/lib/python3.8/site-packages/airflow/example_dags/example_short_circuit_decorator.py
[2023-10-03T08:12:02.941+0000] {processor.py:829} INFO - Processing file /home/airflow/.local/lib/python3.8/site-packages/airflow/example_dags/example_short_circuit_decorator.py for tasks to queue
[2023-10-03T08:12:02.943+0000] {logging_mixin.py:151} INFO - [2023-10-03T08:12:02.943+0000] {dagbag.py:539} INFO - Filling up the DagBag from /home/airflow/.local/lib/python3.8/site-packages/airflow/example_dags/example_short_circuit_decorator.py
[2023-10-03T08:12:02.948+0000] {processor.py:839} INFO - DAG(s) dict_keys(['example_short_circuit_decorator']) retrieved from /home/airflow/.local/lib/python3.8/site-packages/airflow/example_dags/example_short_circuit_decorator.py
[2023-10-03T08:12:02.968+0000] {logging_mixin.py:151} INFO - [2023-10-03T08:12:02.968+0000] {dag.py:2915} INFO - Sync 1 DAGs
[2023-10-03T08:12:02.994+0000] {logging_mixin.py:151} INFO - [2023-10-03T08:12:02.994+0000] {dag.py:3696} INFO - Setting next_dagrun for example_short_circuit_decorator to 2023-10-02T08:12:02.993944+00:00, run_after=2023-10-03T08:12:02.993944+00:00
[2023-10-03T08:12:03.020+0000] {processor.py:179} INFO - Processing /home/airflow/.local/lib/python3.8/site-packages/airflow/example_dags/example_short_circuit_decorator.py took 0.081 seconds
[2023-10-03T08:12:33.270+0000] {processor.py:157} INFO - Started process (PID=1816) to work on /home/airflow/.local/lib/python3.8/site-packages/airflow/example_dags/example_short_circuit_decorator.py
[2023-10-03T08:12:33.273+0000] {processor.py:829} INFO - Processing file /home/airflow/.local/lib/python3.8/site-packages/airflow/example_dags/example_short_circuit_decorator.py for tasks to queue
[2023-10-03T08:12:33.278+0000] {logging_mixin.py:151} INFO - [2023-10-03T08:12:33.278+0000] {dagbag.py:539} INFO - Filling up the DagBag from /home/airflow/.local/lib/python3.8/site-packages/airflow/example_dags/example_short_circuit_decorator.py
[2023-10-03T08:12:33.284+0000] {processor.py:839} INFO - DAG(s) dict_keys(['example_short_circuit_decorator']) retrieved from /home/airflow/.local/lib/python3.8/site-packages/airflow/example_dags/example_short_circuit_decorator.py
[2023-10-03T08:12:33.296+0000] {logging_mixin.py:151} INFO - [2023-10-03T08:12:33.296+0000] {dag.py:2915} INFO - Sync 1 DAGs
[2023-10-03T08:12:33.306+0000] {logging_mixin.py:151} INFO - [2023-10-03T08:12:33.306+0000] {dag.py:3696} INFO - Setting next_dagrun for example_short_circuit_decorator to 2023-10-02T08:12:33.306572+00:00, run_after=2023-10-03T08:12:33.306572+00:00
[2023-10-03T08:12:33.314+0000] {processor.py:179} INFO - Processing /home/airflow/.local/lib/python3.8/site-packages/airflow/example_dags/example_short_circuit_decorator.py took 0.053 seconds
[2023-10-03T08:13:36.862+0000] {processor.py:157} INFO - Started process (PID=45) to work on /home/airflow/.local/lib/python3.8/site-packages/airflow/example_dags/example_short_circuit_decorator.py
[2023-10-03T08:13:36.865+0000] {processor.py:829} INFO - Processing file /home/airflow/.local/lib/python3.8/site-packages/airflow/example_dags/example_short_circuit_decorator.py for tasks to queue
[2023-10-03T08:13:36.869+0000] {logging_mixin.py:151} INFO - [2023-10-03T08:13:36.869+0000] {dagbag.py:539} INFO - Filling up the DagBag from /home/airflow/.local/lib/python3.8/site-packages/airflow/example_dags/example_short_circuit_decorator.py
[2023-10-03T08:13:36.896+0000] {processor.py:839} INFO - DAG(s) dict_keys(['example_short_circuit_decorator']) retrieved from /home/airflow/.local/lib/python3.8/site-packages/airflow/example_dags/example_short_circuit_decorator.py
[2023-10-03T08:13:36.912+0000] {logging_mixin.py:151} INFO - [2023-10-03T08:13:36.912+0000] {dag.py:2915} INFO - Sync 1 DAGs
[2023-10-03T08:13:36.953+0000] {logging_mixin.py:151} INFO - [2023-10-03T08:13:36.953+0000] {dag.py:3696} INFO - Setting next_dagrun for example_short_circuit_decorator to 2023-10-02T08:13:36.953041+00:00, run_after=2023-10-03T08:13:36.953041+00:00
[2023-10-03T08:13:36.968+0000] {processor.py:179} INFO - Processing /home/airflow/.local/lib/python3.8/site-packages/airflow/example_dags/example_short_circuit_decorator.py took 0.117 seconds
[2023-10-03T08:14:08.536+0000] {processor.py:157} INFO - Started process (PID=105) to work on /home/airflow/.local/lib/python3.8/site-packages/airflow/example_dags/example_short_circuit_decorator.py
[2023-10-03T08:14:08.537+0000] {processor.py:829} INFO - Processing file /home/airflow/.local/lib/python3.8/site-packages/airflow/example_dags/example_short_circuit_decorator.py for tasks to queue
[2023-10-03T08:14:08.538+0000] {logging_mixin.py:151} INFO - [2023-10-03T08:14:08.538+0000] {dagbag.py:539} INFO - Filling up the DagBag from /home/airflow/.local/lib/python3.8/site-packages/airflow/example_dags/example_short_circuit_decorator.py
[2023-10-03T08:14:08.544+0000] {processor.py:839} INFO - DAG(s) dict_keys(['example_short_circuit_decorator']) retrieved from /home/airflow/.local/lib/python3.8/site-packages/airflow/example_dags/example_short_circuit_decorator.py
[2023-10-03T08:14:08.556+0000] {logging_mixin.py:151} INFO - [2023-10-03T08:14:08.556+0000] {dag.py:2915} INFO - Sync 1 DAGs
[2023-10-03T08:14:08.568+0000] {logging_mixin.py:151} INFO - [2023-10-03T08:14:08.567+0000] {dag.py:3696} INFO - Setting next_dagrun for example_short_circuit_decorator to 2023-10-02T08:14:08.567701+00:00, run_after=2023-10-03T08:14:08.567701+00:00
[2023-10-03T08:14:08.575+0000] {processor.py:179} INFO - Processing /home/airflow/.local/lib/python3.8/site-packages/airflow/example_dags/example_short_circuit_decorator.py took 0.041 seconds
[2023-10-03T08:14:39.318+0000] {processor.py:157} INFO - Started process (PID=165) to work on /home/airflow/.local/lib/python3.8/site-packages/airflow/example_dags/example_short_circuit_decorator.py
[2023-10-03T08:14:39.321+0000] {processor.py:829} INFO - Processing file /home/airflow/.local/lib/python3.8/site-packages/airflow/example_dags/example_short_circuit_decorator.py for tasks to queue
[2023-10-03T08:14:39.323+0000] {logging_mixin.py:151} INFO - [2023-10-03T08:14:39.323+0000] {dagbag.py:539} INFO - Filling up the DagBag from /home/airflow/.local/lib/python3.8/site-packages/airflow/example_dags/example_short_circuit_decorator.py
[2023-10-03T08:14:39.335+0000] {processor.py:839} INFO - DAG(s) dict_keys(['example_short_circuit_decorator']) retrieved from /home/airflow/.local/lib/python3.8/site-packages/airflow/example_dags/example_short_circuit_decorator.py
[2023-10-03T08:14:39.353+0000] {logging_mixin.py:151} INFO - [2023-10-03T08:14:39.353+0000] {dag.py:2915} INFO - Sync 1 DAGs
[2023-10-03T08:14:39.364+0000] {logging_mixin.py:151} INFO - [2023-10-03T08:14:39.364+0000] {dag.py:3696} INFO - Setting next_dagrun for example_short_circuit_decorator to 2023-10-02T08:14:39.364390+00:00, run_after=2023-10-03T08:14:39.364390+00:00
[2023-10-03T08:14:39.373+0000] {processor.py:179} INFO - Processing /home/airflow/.local/lib/python3.8/site-packages/airflow/example_dags/example_short_circuit_decorator.py took 0.058 seconds
[2023-10-03T08:15:10.311+0000] {processor.py:157} INFO - Started process (PID=225) to work on /home/airflow/.local/lib/python3.8/site-packages/airflow/example_dags/example_short_circuit_decorator.py
[2023-10-03T08:15:10.312+0000] {processor.py:829} INFO - Processing file /home/airflow/.local/lib/python3.8/site-packages/airflow/example_dags/example_short_circuit_decorator.py for tasks to queue
[2023-10-03T08:15:10.313+0000] {logging_mixin.py:151} INFO - [2023-10-03T08:15:10.313+0000] {dagbag.py:539} INFO - Filling up the DagBag from /home/airflow/.local/lib/python3.8/site-packages/airflow/example_dags/example_short_circuit_decorator.py
[2023-10-03T08:15:10.319+0000] {processor.py:839} INFO - DAG(s) dict_keys(['example_short_circuit_decorator']) retrieved from /home/airflow/.local/lib/python3.8/site-packages/airflow/example_dags/example_short_circuit_decorator.py
[2023-10-03T08:15:10.330+0000] {logging_mixin.py:151} INFO - [2023-10-03T08:15:10.330+0000] {dag.py:2915} INFO - Sync 1 DAGs
[2023-10-03T08:15:10.340+0000] {logging_mixin.py:151} INFO - [2023-10-03T08:15:10.340+0000] {dag.py:3696} INFO - Setting next_dagrun for example_short_circuit_decorator to 2023-10-02T08:15:10.340353+00:00, run_after=2023-10-03T08:15:10.340353+00:00
[2023-10-03T08:15:10.347+0000] {processor.py:179} INFO - Processing /home/airflow/.local/lib/python3.8/site-packages/airflow/example_dags/example_short_circuit_decorator.py took 0.038 seconds
[2023-10-03T08:15:40.663+0000] {processor.py:157} INFO - Started process (PID=286) to work on /home/airflow/.local/lib/python3.8/site-packages/airflow/example_dags/example_short_circuit_decorator.py
[2023-10-03T08:15:40.664+0000] {processor.py:829} INFO - Processing file /home/airflow/.local/lib/python3.8/site-packages/airflow/example_dags/example_short_circuit_decorator.py for tasks to queue
[2023-10-03T08:15:40.665+0000] {logging_mixin.py:151} INFO - [2023-10-03T08:15:40.665+0000] {dagbag.py:539} INFO - Filling up the DagBag from /home/airflow/.local/lib/python3.8/site-packages/airflow/example_dags/example_short_circuit_decorator.py
[2023-10-03T08:15:40.670+0000] {processor.py:839} INFO - DAG(s) dict_keys(['example_short_circuit_decorator']) retrieved from /home/airflow/.local/lib/python3.8/site-packages/airflow/example_dags/example_short_circuit_decorator.py
[2023-10-03T08:15:40.681+0000] {logging_mixin.py:151} INFO - [2023-10-03T08:15:40.681+0000] {dag.py:2915} INFO - Sync 1 DAGs
[2023-10-03T08:15:40.690+0000] {logging_mixin.py:151} INFO - [2023-10-03T08:15:40.690+0000] {dag.py:3696} INFO - Setting next_dagrun for example_short_circuit_decorator to 2023-10-02T08:15:40.690694+00:00, run_after=2023-10-03T08:15:40.690694+00:00
[2023-10-03T08:15:40.697+0000] {processor.py:179} INFO - Processing /home/airflow/.local/lib/python3.8/site-packages/airflow/example_dags/example_short_circuit_decorator.py took 0.036 seconds
[2023-10-03T08:16:11.096+0000] {processor.py:157} INFO - Started process (PID=346) to work on /home/airflow/.local/lib/python3.8/site-packages/airflow/example_dags/example_short_circuit_decorator.py
[2023-10-03T08:16:11.097+0000] {processor.py:829} INFO - Processing file /home/airflow/.local/lib/python3.8/site-packages/airflow/example_dags/example_short_circuit_decorator.py for tasks to queue
[2023-10-03T08:16:11.098+0000] {logging_mixin.py:151} INFO - [2023-10-03T08:16:11.098+0000] {dagbag.py:539} INFO - Filling up the DagBag from /home/airflow/.local/lib/python3.8/site-packages/airflow/example_dags/example_short_circuit_decorator.py
[2023-10-03T08:16:11.103+0000] {processor.py:839} INFO - DAG(s) dict_keys(['example_short_circuit_decorator']) retrieved from /home/airflow/.local/lib/python3.8/site-packages/airflow/example_dags/example_short_circuit_decorator.py
[2023-10-03T08:16:11.115+0000] {logging_mixin.py:151} INFO - [2023-10-03T08:16:11.115+0000] {dag.py:2915} INFO - Sync 1 DAGs
[2023-10-03T08:16:11.129+0000] {logging_mixin.py:151} INFO - [2023-10-03T08:16:11.129+0000] {dag.py:3696} INFO - Setting next_dagrun for example_short_circuit_decorator to 2023-10-02T08:16:11.129528+00:00, run_after=2023-10-03T08:16:11.129528+00:00
[2023-10-03T08:16:11.136+0000] {processor.py:179} INFO - Processing /home/airflow/.local/lib/python3.8/site-packages/airflow/example_dags/example_short_circuit_decorator.py took 0.042 seconds
[2023-10-03T08:16:41.701+0000] {processor.py:157} INFO - Started process (PID=406) to work on /home/airflow/.local/lib/python3.8/site-packages/airflow/example_dags/example_short_circuit_decorator.py
[2023-10-03T08:16:41.702+0000] {processor.py:829} INFO - Processing file /home/airflow/.local/lib/python3.8/site-packages/airflow/example_dags/example_short_circuit_decorator.py for tasks to queue
[2023-10-03T08:16:41.703+0000] {logging_mixin.py:151} INFO - [2023-10-03T08:16:41.703+0000] {dagbag.py:539} INFO - Filling up the DagBag from /home/airflow/.local/lib/python3.8/site-packages/airflow/example_dags/example_short_circuit_decorator.py
[2023-10-03T08:16:41.709+0000] {processor.py:839} INFO - DAG(s) dict_keys(['example_short_circuit_decorator']) retrieved from /home/airflow/.local/lib/python3.8/site-packages/airflow/example_dags/example_short_circuit_decorator.py
[2023-10-03T08:16:41.720+0000] {logging_mixin.py:151} INFO - [2023-10-03T08:16:41.720+0000] {dag.py:2915} INFO - Sync 1 DAGs
[2023-10-03T08:16:41.730+0000] {logging_mixin.py:151} INFO - [2023-10-03T08:16:41.730+0000] {dag.py:3696} INFO - Setting next_dagrun for example_short_circuit_decorator to 2023-10-02T08:16:41.729903+00:00, run_after=2023-10-03T08:16:41.729903+00:00
[2023-10-03T08:16:41.737+0000] {processor.py:179} INFO - Processing /home/airflow/.local/lib/python3.8/site-packages/airflow/example_dags/example_short_circuit_decorator.py took 0.038 seconds
[2023-10-03T08:17:12.125+0000] {processor.py:157} INFO - Started process (PID=466) to work on /home/airflow/.local/lib/python3.8/site-packages/airflow/example_dags/example_short_circuit_decorator.py
[2023-10-03T08:17:12.126+0000] {processor.py:829} INFO - Processing file /home/airflow/.local/lib/python3.8/site-packages/airflow/example_dags/example_short_circuit_decorator.py for tasks to queue
[2023-10-03T08:17:12.127+0000] {logging_mixin.py:151} INFO - [2023-10-03T08:17:12.127+0000] {dagbag.py:539} INFO - Filling up the DagBag from /home/airflow/.local/lib/python3.8/site-packages/airflow/example_dags/example_short_circuit_decorator.py
[2023-10-03T08:17:12.132+0000] {processor.py:839} INFO - DAG(s) dict_keys(['example_short_circuit_decorator']) retrieved from /home/airflow/.local/lib/python3.8/site-packages/airflow/example_dags/example_short_circuit_decorator.py
[2023-10-03T08:17:12.144+0000] {logging_mixin.py:151} INFO - [2023-10-03T08:17:12.144+0000] {dag.py:2915} INFO - Sync 1 DAGs
[2023-10-03T08:17:12.154+0000] {logging_mixin.py:151} INFO - [2023-10-03T08:17:12.153+0000] {dag.py:3696} INFO - Setting next_dagrun for example_short_circuit_decorator to 2023-10-02T08:17:12.153727+00:00, run_after=2023-10-03T08:17:12.153727+00:00
[2023-10-03T08:17:12.161+0000] {processor.py:179} INFO - Processing /home/airflow/.local/lib/python3.8/site-packages/airflow/example_dags/example_short_circuit_decorator.py took 0.038 seconds
