[2023-10-03T07:43:57.648+0000] {processor.py:157} INFO - Started process (PID=69) to work on /home/airflow/.local/lib/python3.8/site-packages/airflow/example_dags/example_python_operator.py
[2023-10-03T07:43:57.649+0000] {processor.py:829} INFO - Processing file /home/airflow/.local/lib/python3.8/site-packages/airflow/example_dags/example_python_operator.py for tasks to queue
[2023-10-03T07:43:57.650+0000] {logging_mixin.py:151} INFO - [2023-10-03T07:43:57.650+0000] {dagbag.py:539} INFO - Filling up the DagBag from /home/airflow/.local/lib/python3.8/site-packages/airflow/example_dags/example_python_operator.py
[2023-10-03T07:43:57.669+0000] {processor.py:839} INFO - DAG(s) dict_keys(['example_python_operator']) retrieved from /home/airflow/.local/lib/python3.8/site-packages/airflow/example_dags/example_python_operator.py
[2023-10-03T07:43:57.684+0000] {logging_mixin.py:151} INFO - [2023-10-03T07:43:57.683+0000] {dag.py:2915} INFO - Sync 1 DAGs
[2023-10-03T07:43:57.700+0000] {logging_mixin.py:151} INFO - [2023-10-03T07:43:57.700+0000] {dag.py:3696} INFO - Setting next_dagrun for example_python_operator to None, run_after=None
[2023-10-03T07:43:57.733+0000] {processor.py:179} INFO - Processing /home/airflow/.local/lib/python3.8/site-packages/airflow/example_dags/example_python_operator.py took 0.087 seconds
[2023-10-03T07:44:28.092+0000] {processor.py:157} INFO - Started process (PID=127) to work on /home/airflow/.local/lib/python3.8/site-packages/airflow/example_dags/example_python_operator.py
[2023-10-03T07:44:28.093+0000] {processor.py:829} INFO - Processing file /home/airflow/.local/lib/python3.8/site-packages/airflow/example_dags/example_python_operator.py for tasks to queue
[2023-10-03T07:44:28.094+0000] {logging_mixin.py:151} INFO - [2023-10-03T07:44:28.094+0000] {dagbag.py:539} INFO - Filling up the DagBag from /home/airflow/.local/lib/python3.8/site-packages/airflow/example_dags/example_python_operator.py
[2023-10-03T07:44:28.101+0000] {processor.py:839} INFO - DAG(s) dict_keys(['example_python_operator']) retrieved from /home/airflow/.local/lib/python3.8/site-packages/airflow/example_dags/example_python_operator.py
[2023-10-03T07:44:28.165+0000] {logging_mixin.py:151} INFO - [2023-10-03T07:44:28.165+0000] {security.py:708} INFO - Not syncing DAG-level permissions for DAG 'DAG:example_python_operator' as access control is unset.
[2023-10-03T07:44:28.166+0000] {logging_mixin.py:151} INFO - [2023-10-03T07:44:28.166+0000] {dag.py:2915} INFO - Sync 1 DAGs
[2023-10-03T07:44:28.171+0000] {logging_mixin.py:151} INFO - [2023-10-03T07:44:28.171+0000] {dag.py:3696} INFO - Setting next_dagrun for example_python_operator to None, run_after=None
[2023-10-03T07:44:28.179+0000] {processor.py:179} INFO - Processing /home/airflow/.local/lib/python3.8/site-packages/airflow/example_dags/example_python_operator.py took 0.089 seconds
[2023-10-03T07:44:58.376+0000] {processor.py:157} INFO - Started process (PID=187) to work on /home/airflow/.local/lib/python3.8/site-packages/airflow/example_dags/example_python_operator.py
[2023-10-03T07:44:58.377+0000] {processor.py:829} INFO - Processing file /home/airflow/.local/lib/python3.8/site-packages/airflow/example_dags/example_python_operator.py for tasks to queue
[2023-10-03T07:44:58.378+0000] {logging_mixin.py:151} INFO - [2023-10-03T07:44:58.378+0000] {dagbag.py:539} INFO - Filling up the DagBag from /home/airflow/.local/lib/python3.8/site-packages/airflow/example_dags/example_python_operator.py
[2023-10-03T07:44:58.383+0000] {processor.py:839} INFO - DAG(s) dict_keys(['example_python_operator']) retrieved from /home/airflow/.local/lib/python3.8/site-packages/airflow/example_dags/example_python_operator.py
[2023-10-03T07:44:58.394+0000] {logging_mixin.py:151} INFO - [2023-10-03T07:44:58.394+0000] {dag.py:2915} INFO - Sync 1 DAGs
[2023-10-03T07:44:58.401+0000] {logging_mixin.py:151} INFO - [2023-10-03T07:44:58.401+0000] {dag.py:3696} INFO - Setting next_dagrun for example_python_operator to None, run_after=None
[2023-10-03T07:44:58.408+0000] {processor.py:179} INFO - Processing /home/airflow/.local/lib/python3.8/site-packages/airflow/example_dags/example_python_operator.py took 0.034 seconds
[2023-10-03T07:45:28.968+0000] {processor.py:157} INFO - Started process (PID=246) to work on /home/airflow/.local/lib/python3.8/site-packages/airflow/example_dags/example_python_operator.py
[2023-10-03T07:45:28.969+0000] {processor.py:829} INFO - Processing file /home/airflow/.local/lib/python3.8/site-packages/airflow/example_dags/example_python_operator.py for tasks to queue
[2023-10-03T07:45:28.970+0000] {logging_mixin.py:151} INFO - [2023-10-03T07:45:28.970+0000] {dagbag.py:539} INFO - Filling up the DagBag from /home/airflow/.local/lib/python3.8/site-packages/airflow/example_dags/example_python_operator.py
[2023-10-03T07:45:28.976+0000] {processor.py:839} INFO - DAG(s) dict_keys(['example_python_operator']) retrieved from /home/airflow/.local/lib/python3.8/site-packages/airflow/example_dags/example_python_operator.py
[2023-10-03T07:45:28.987+0000] {logging_mixin.py:151} INFO - [2023-10-03T07:45:28.987+0000] {dag.py:2915} INFO - Sync 1 DAGs
[2023-10-03T07:45:28.993+0000] {logging_mixin.py:151} INFO - [2023-10-03T07:45:28.993+0000] {dag.py:3696} INFO - Setting next_dagrun for example_python_operator to None, run_after=None
[2023-10-03T07:45:29.000+0000] {processor.py:179} INFO - Processing /home/airflow/.local/lib/python3.8/site-packages/airflow/example_dags/example_python_operator.py took 0.034 seconds
[2023-10-03T07:50:27.614+0000] {processor.py:157} INFO - Started process (PID=70) to work on /home/airflow/.local/lib/python3.8/site-packages/airflow/example_dags/example_python_operator.py
[2023-10-03T07:50:27.618+0000] {processor.py:829} INFO - Processing file /home/airflow/.local/lib/python3.8/site-packages/airflow/example_dags/example_python_operator.py for tasks to queue
[2023-10-03T07:50:27.622+0000] {logging_mixin.py:151} INFO - [2023-10-03T07:50:27.622+0000] {dagbag.py:539} INFO - Filling up the DagBag from /home/airflow/.local/lib/python3.8/site-packages/airflow/example_dags/example_python_operator.py
[2023-10-03T07:50:27.664+0000] {processor.py:839} INFO - DAG(s) dict_keys(['example_python_operator']) retrieved from /home/airflow/.local/lib/python3.8/site-packages/airflow/example_dags/example_python_operator.py
[2023-10-03T07:50:27.763+0000] {logging_mixin.py:151} INFO - [2023-10-03T07:50:27.762+0000] {dag.py:2915} INFO - Sync 1 DAGs
[2023-10-03T07:50:27.806+0000] {logging_mixin.py:151} INFO - [2023-10-03T07:50:27.806+0000] {dag.py:3696} INFO - Setting next_dagrun for example_python_operator to None, run_after=None
[2023-10-03T07:50:27.825+0000] {processor.py:179} INFO - Processing /home/airflow/.local/lib/python3.8/site-packages/airflow/example_dags/example_python_operator.py took 0.226 seconds
[2023-10-03T07:50:57.852+0000] {processor.py:157} INFO - Started process (PID=129) to work on /home/airflow/.local/lib/python3.8/site-packages/airflow/example_dags/example_python_operator.py
[2023-10-03T07:50:57.853+0000] {processor.py:829} INFO - Processing file /home/airflow/.local/lib/python3.8/site-packages/airflow/example_dags/example_python_operator.py for tasks to queue
[2023-10-03T07:50:57.854+0000] {logging_mixin.py:151} INFO - [2023-10-03T07:50:57.854+0000] {dagbag.py:539} INFO - Filling up the DagBag from /home/airflow/.local/lib/python3.8/site-packages/airflow/example_dags/example_python_operator.py
[2023-10-03T07:50:57.861+0000] {processor.py:839} INFO - DAG(s) dict_keys(['example_python_operator']) retrieved from /home/airflow/.local/lib/python3.8/site-packages/airflow/example_dags/example_python_operator.py
[2023-10-03T07:50:57.914+0000] {logging_mixin.py:151} INFO - [2023-10-03T07:50:57.914+0000] {security.py:708} INFO - Not syncing DAG-level permissions for DAG 'DAG:example_python_operator' as access control is unset.
[2023-10-03T07:50:57.914+0000] {logging_mixin.py:151} INFO - [2023-10-03T07:50:57.914+0000] {dag.py:2915} INFO - Sync 1 DAGs
[2023-10-03T07:50:57.919+0000] {logging_mixin.py:151} INFO - [2023-10-03T07:50:57.919+0000] {dag.py:3696} INFO - Setting next_dagrun for example_python_operator to None, run_after=None
[2023-10-03T07:50:57.927+0000] {processor.py:179} INFO - Processing /home/airflow/.local/lib/python3.8/site-packages/airflow/example_dags/example_python_operator.py took 0.077 seconds
[2023-10-03T07:51:28.590+0000] {processor.py:157} INFO - Started process (PID=188) to work on /home/airflow/.local/lib/python3.8/site-packages/airflow/example_dags/example_python_operator.py
[2023-10-03T07:51:28.591+0000] {processor.py:829} INFO - Processing file /home/airflow/.local/lib/python3.8/site-packages/airflow/example_dags/example_python_operator.py for tasks to queue
[2023-10-03T07:51:28.592+0000] {logging_mixin.py:151} INFO - [2023-10-03T07:51:28.592+0000] {dagbag.py:539} INFO - Filling up the DagBag from /home/airflow/.local/lib/python3.8/site-packages/airflow/example_dags/example_python_operator.py
[2023-10-03T07:51:28.598+0000] {processor.py:839} INFO - DAG(s) dict_keys(['example_python_operator']) retrieved from /home/airflow/.local/lib/python3.8/site-packages/airflow/example_dags/example_python_operator.py
[2023-10-03T07:51:28.611+0000] {logging_mixin.py:151} INFO - [2023-10-03T07:51:28.611+0000] {dag.py:2915} INFO - Sync 1 DAGs
[2023-10-03T07:51:28.619+0000] {logging_mixin.py:151} INFO - [2023-10-03T07:51:28.619+0000] {dag.py:3696} INFO - Setting next_dagrun for example_python_operator to None, run_after=None
[2023-10-03T07:51:28.628+0000] {processor.py:179} INFO - Processing /home/airflow/.local/lib/python3.8/site-packages/airflow/example_dags/example_python_operator.py took 0.039 seconds
[2023-10-03T07:57:15.421+0000] {processor.py:157} INFO - Started process (PID=70) to work on /home/airflow/.local/lib/python3.8/site-packages/airflow/example_dags/example_python_operator.py
[2023-10-03T07:57:15.422+0000] {processor.py:829} INFO - Processing file /home/airflow/.local/lib/python3.8/site-packages/airflow/example_dags/example_python_operator.py for tasks to queue
[2023-10-03T07:57:15.423+0000] {logging_mixin.py:151} INFO - [2023-10-03T07:57:15.423+0000] {dagbag.py:539} INFO - Filling up the DagBag from /home/airflow/.local/lib/python3.8/site-packages/airflow/example_dags/example_python_operator.py
[2023-10-03T07:57:15.431+0000] {processor.py:839} INFO - DAG(s) dict_keys(['example_python_operator']) retrieved from /home/airflow/.local/lib/python3.8/site-packages/airflow/example_dags/example_python_operator.py
[2023-10-03T07:57:15.437+0000] {logging_mixin.py:151} INFO - [2023-10-03T07:57:15.437+0000] {dag.py:2915} INFO - Sync 1 DAGs
[2023-10-03T07:57:15.444+0000] {logging_mixin.py:151} INFO - [2023-10-03T07:57:15.444+0000] {dag.py:3696} INFO - Setting next_dagrun for example_python_operator to None, run_after=None
[2023-10-03T07:57:15.452+0000] {processor.py:179} INFO - Processing /home/airflow/.local/lib/python3.8/site-packages/airflow/example_dags/example_python_operator.py took 0.033 seconds
[2023-10-03T07:57:45.893+0000] {processor.py:157} INFO - Started process (PID=129) to work on /home/airflow/.local/lib/python3.8/site-packages/airflow/example_dags/example_python_operator.py
[2023-10-03T07:57:45.894+0000] {processor.py:829} INFO - Processing file /home/airflow/.local/lib/python3.8/site-packages/airflow/example_dags/example_python_operator.py for tasks to queue
[2023-10-03T07:57:45.895+0000] {logging_mixin.py:151} INFO - [2023-10-03T07:57:45.895+0000] {dagbag.py:539} INFO - Filling up the DagBag from /home/airflow/.local/lib/python3.8/site-packages/airflow/example_dags/example_python_operator.py
[2023-10-03T07:57:45.902+0000] {processor.py:839} INFO - DAG(s) dict_keys(['example_python_operator']) retrieved from /home/airflow/.local/lib/python3.8/site-packages/airflow/example_dags/example_python_operator.py
[2023-10-03T07:57:45.952+0000] {logging_mixin.py:151} INFO - [2023-10-03T07:57:45.952+0000] {security.py:708} INFO - Not syncing DAG-level permissions for DAG 'DAG:example_python_operator' as access control is unset.
[2023-10-03T07:57:45.952+0000] {logging_mixin.py:151} INFO - [2023-10-03T07:57:45.952+0000] {dag.py:2915} INFO - Sync 1 DAGs
[2023-10-03T07:57:45.956+0000] {logging_mixin.py:151} INFO - [2023-10-03T07:57:45.956+0000] {dag.py:3696} INFO - Setting next_dagrun for example_python_operator to None, run_after=None
[2023-10-03T07:57:45.966+0000] {processor.py:179} INFO - Processing /home/airflow/.local/lib/python3.8/site-packages/airflow/example_dags/example_python_operator.py took 0.075 seconds
[2023-10-03T07:58:16.157+0000] {processor.py:157} INFO - Started process (PID=188) to work on /home/airflow/.local/lib/python3.8/site-packages/airflow/example_dags/example_python_operator.py
[2023-10-03T07:58:16.158+0000] {processor.py:829} INFO - Processing file /home/airflow/.local/lib/python3.8/site-packages/airflow/example_dags/example_python_operator.py for tasks to queue
[2023-10-03T07:58:16.159+0000] {logging_mixin.py:151} INFO - [2023-10-03T07:58:16.159+0000] {dagbag.py:539} INFO - Filling up the DagBag from /home/airflow/.local/lib/python3.8/site-packages/airflow/example_dags/example_python_operator.py
[2023-10-03T07:58:16.165+0000] {processor.py:839} INFO - DAG(s) dict_keys(['example_python_operator']) retrieved from /home/airflow/.local/lib/python3.8/site-packages/airflow/example_dags/example_python_operator.py
[2023-10-03T07:58:16.175+0000] {logging_mixin.py:151} INFO - [2023-10-03T07:58:16.175+0000] {dag.py:2915} INFO - Sync 1 DAGs
[2023-10-03T07:58:16.182+0000] {logging_mixin.py:151} INFO - [2023-10-03T07:58:16.182+0000] {dag.py:3696} INFO - Setting next_dagrun for example_python_operator to None, run_after=None
[2023-10-03T07:58:16.192+0000] {processor.py:179} INFO - Processing /home/airflow/.local/lib/python3.8/site-packages/airflow/example_dags/example_python_operator.py took 0.037 seconds
[2023-10-03T07:58:46.344+0000] {processor.py:157} INFO - Started process (PID=247) to work on /home/airflow/.local/lib/python3.8/site-packages/airflow/example_dags/example_python_operator.py
[2023-10-03T07:58:46.345+0000] {processor.py:829} INFO - Processing file /home/airflow/.local/lib/python3.8/site-packages/airflow/example_dags/example_python_operator.py for tasks to queue
[2023-10-03T07:58:46.346+0000] {logging_mixin.py:151} INFO - [2023-10-03T07:58:46.346+0000] {dagbag.py:539} INFO - Filling up the DagBag from /home/airflow/.local/lib/python3.8/site-packages/airflow/example_dags/example_python_operator.py
[2023-10-03T07:58:46.352+0000] {processor.py:839} INFO - DAG(s) dict_keys(['example_python_operator']) retrieved from /home/airflow/.local/lib/python3.8/site-packages/airflow/example_dags/example_python_operator.py
[2023-10-03T07:58:46.364+0000] {logging_mixin.py:151} INFO - [2023-10-03T07:58:46.364+0000] {dag.py:2915} INFO - Sync 1 DAGs
[2023-10-03T07:58:46.371+0000] {logging_mixin.py:151} INFO - [2023-10-03T07:58:46.371+0000] {dag.py:3696} INFO - Setting next_dagrun for example_python_operator to None, run_after=None
[2023-10-03T07:58:46.379+0000] {processor.py:179} INFO - Processing /home/airflow/.local/lib/python3.8/site-packages/airflow/example_dags/example_python_operator.py took 0.036 seconds
[2023-10-03T07:59:17.880+0000] {processor.py:157} INFO - Started process (PID=306) to work on /home/airflow/.local/lib/python3.8/site-packages/airflow/example_dags/example_python_operator.py
[2023-10-03T07:59:17.881+0000] {processor.py:829} INFO - Processing file /home/airflow/.local/lib/python3.8/site-packages/airflow/example_dags/example_python_operator.py for tasks to queue
[2023-10-03T07:59:17.882+0000] {logging_mixin.py:151} INFO - [2023-10-03T07:59:17.882+0000] {dagbag.py:539} INFO - Filling up the DagBag from /home/airflow/.local/lib/python3.8/site-packages/airflow/example_dags/example_python_operator.py
[2023-10-03T07:59:17.892+0000] {processor.py:839} INFO - DAG(s) dict_keys(['example_python_operator']) retrieved from /home/airflow/.local/lib/python3.8/site-packages/airflow/example_dags/example_python_operator.py
[2023-10-03T07:59:17.906+0000] {logging_mixin.py:151} INFO - [2023-10-03T07:59:17.906+0000] {dag.py:2915} INFO - Sync 1 DAGs
[2023-10-03T07:59:17.912+0000] {logging_mixin.py:151} INFO - [2023-10-03T07:59:17.912+0000] {dag.py:3696} INFO - Setting next_dagrun for example_python_operator to None, run_after=None
[2023-10-03T07:59:17.921+0000] {processor.py:179} INFO - Processing /home/airflow/.local/lib/python3.8/site-packages/airflow/example_dags/example_python_operator.py took 0.043 seconds
[2023-10-03T07:59:48.297+0000] {processor.py:157} INFO - Started process (PID=365) to work on /home/airflow/.local/lib/python3.8/site-packages/airflow/example_dags/example_python_operator.py
[2023-10-03T07:59:48.298+0000] {processor.py:829} INFO - Processing file /home/airflow/.local/lib/python3.8/site-packages/airflow/example_dags/example_python_operator.py for tasks to queue
[2023-10-03T07:59:48.299+0000] {logging_mixin.py:151} INFO - [2023-10-03T07:59:48.299+0000] {dagbag.py:539} INFO - Filling up the DagBag from /home/airflow/.local/lib/python3.8/site-packages/airflow/example_dags/example_python_operator.py
[2023-10-03T07:59:48.304+0000] {processor.py:839} INFO - DAG(s) dict_keys(['example_python_operator']) retrieved from /home/airflow/.local/lib/python3.8/site-packages/airflow/example_dags/example_python_operator.py
[2023-10-03T07:59:48.316+0000] {logging_mixin.py:151} INFO - [2023-10-03T07:59:48.315+0000] {dag.py:2915} INFO - Sync 1 DAGs
[2023-10-03T07:59:48.322+0000] {logging_mixin.py:151} INFO - [2023-10-03T07:59:48.321+0000] {dag.py:3696} INFO - Setting next_dagrun for example_python_operator to None, run_after=None
[2023-10-03T07:59:48.329+0000] {processor.py:179} INFO - Processing /home/airflow/.local/lib/python3.8/site-packages/airflow/example_dags/example_python_operator.py took 0.034 seconds
[2023-10-03T08:00:19.617+0000] {processor.py:157} INFO - Started process (PID=424) to work on /home/airflow/.local/lib/python3.8/site-packages/airflow/example_dags/example_python_operator.py
[2023-10-03T08:00:19.618+0000] {processor.py:829} INFO - Processing file /home/airflow/.local/lib/python3.8/site-packages/airflow/example_dags/example_python_operator.py for tasks to queue
[2023-10-03T08:00:19.619+0000] {logging_mixin.py:151} INFO - [2023-10-03T08:00:19.619+0000] {dagbag.py:539} INFO - Filling up the DagBag from /home/airflow/.local/lib/python3.8/site-packages/airflow/example_dags/example_python_operator.py
[2023-10-03T08:00:19.624+0000] {processor.py:839} INFO - DAG(s) dict_keys(['example_python_operator']) retrieved from /home/airflow/.local/lib/python3.8/site-packages/airflow/example_dags/example_python_operator.py
[2023-10-03T08:00:19.635+0000] {logging_mixin.py:151} INFO - [2023-10-03T08:00:19.635+0000] {dag.py:2915} INFO - Sync 1 DAGs
[2023-10-03T08:00:19.641+0000] {logging_mixin.py:151} INFO - [2023-10-03T08:00:19.641+0000] {dag.py:3696} INFO - Setting next_dagrun for example_python_operator to None, run_after=None
[2023-10-03T08:00:19.648+0000] {processor.py:179} INFO - Processing /home/airflow/.local/lib/python3.8/site-packages/airflow/example_dags/example_python_operator.py took 0.033 seconds
[2023-10-03T08:00:50.830+0000] {processor.py:157} INFO - Started process (PID=483) to work on /home/airflow/.local/lib/python3.8/site-packages/airflow/example_dags/example_python_operator.py
[2023-10-03T08:00:50.831+0000] {processor.py:829} INFO - Processing file /home/airflow/.local/lib/python3.8/site-packages/airflow/example_dags/example_python_operator.py for tasks to queue
[2023-10-03T08:00:50.832+0000] {logging_mixin.py:151} INFO - [2023-10-03T08:00:50.832+0000] {dagbag.py:539} INFO - Filling up the DagBag from /home/airflow/.local/lib/python3.8/site-packages/airflow/example_dags/example_python_operator.py
[2023-10-03T08:00:50.838+0000] {processor.py:839} INFO - DAG(s) dict_keys(['example_python_operator']) retrieved from /home/airflow/.local/lib/python3.8/site-packages/airflow/example_dags/example_python_operator.py
[2023-10-03T08:00:50.850+0000] {logging_mixin.py:151} INFO - [2023-10-03T08:00:50.850+0000] {dag.py:2915} INFO - Sync 1 DAGs
[2023-10-03T08:00:50.855+0000] {logging_mixin.py:151} INFO - [2023-10-03T08:00:50.855+0000] {dag.py:3696} INFO - Setting next_dagrun for example_python_operator to None, run_after=None
[2023-10-03T08:00:50.863+0000] {processor.py:179} INFO - Processing /home/airflow/.local/lib/python3.8/site-packages/airflow/example_dags/example_python_operator.py took 0.036 seconds
[2023-10-03T08:01:21.884+0000] {processor.py:157} INFO - Started process (PID=542) to work on /home/airflow/.local/lib/python3.8/site-packages/airflow/example_dags/example_python_operator.py
[2023-10-03T08:01:21.885+0000] {processor.py:829} INFO - Processing file /home/airflow/.local/lib/python3.8/site-packages/airflow/example_dags/example_python_operator.py for tasks to queue
[2023-10-03T08:01:21.886+0000] {logging_mixin.py:151} INFO - [2023-10-03T08:01:21.886+0000] {dagbag.py:539} INFO - Filling up the DagBag from /home/airflow/.local/lib/python3.8/site-packages/airflow/example_dags/example_python_operator.py
[2023-10-03T08:01:21.891+0000] {processor.py:839} INFO - DAG(s) dict_keys(['example_python_operator']) retrieved from /home/airflow/.local/lib/python3.8/site-packages/airflow/example_dags/example_python_operator.py
[2023-10-03T08:01:21.903+0000] {logging_mixin.py:151} INFO - [2023-10-03T08:01:21.902+0000] {dag.py:2915} INFO - Sync 1 DAGs
[2023-10-03T08:01:21.908+0000] {logging_mixin.py:151} INFO - [2023-10-03T08:01:21.908+0000] {dag.py:3696} INFO - Setting next_dagrun for example_python_operator to None, run_after=None
[2023-10-03T08:01:21.916+0000] {processor.py:179} INFO - Processing /home/airflow/.local/lib/python3.8/site-packages/airflow/example_dags/example_python_operator.py took 0.033 seconds
[2023-10-03T08:01:52.982+0000] {processor.py:157} INFO - Started process (PID=601) to work on /home/airflow/.local/lib/python3.8/site-packages/airflow/example_dags/example_python_operator.py
[2023-10-03T08:01:52.983+0000] {processor.py:829} INFO - Processing file /home/airflow/.local/lib/python3.8/site-packages/airflow/example_dags/example_python_operator.py for tasks to queue
[2023-10-03T08:01:52.984+0000] {logging_mixin.py:151} INFO - [2023-10-03T08:01:52.984+0000] {dagbag.py:539} INFO - Filling up the DagBag from /home/airflow/.local/lib/python3.8/site-packages/airflow/example_dags/example_python_operator.py
[2023-10-03T08:01:52.990+0000] {processor.py:839} INFO - DAG(s) dict_keys(['example_python_operator']) retrieved from /home/airflow/.local/lib/python3.8/site-packages/airflow/example_dags/example_python_operator.py
[2023-10-03T08:01:53.001+0000] {logging_mixin.py:151} INFO - [2023-10-03T08:01:53.001+0000] {dag.py:2915} INFO - Sync 1 DAGs
[2023-10-03T08:01:53.007+0000] {logging_mixin.py:151} INFO - [2023-10-03T08:01:53.007+0000] {dag.py:3696} INFO - Setting next_dagrun for example_python_operator to None, run_after=None
[2023-10-03T08:01:53.015+0000] {processor.py:179} INFO - Processing /home/airflow/.local/lib/python3.8/site-packages/airflow/example_dags/example_python_operator.py took 0.035 seconds
[2023-10-03T08:02:23.431+0000] {processor.py:157} INFO - Started process (PID=660) to work on /home/airflow/.local/lib/python3.8/site-packages/airflow/example_dags/example_python_operator.py
[2023-10-03T08:02:23.432+0000] {processor.py:829} INFO - Processing file /home/airflow/.local/lib/python3.8/site-packages/airflow/example_dags/example_python_operator.py for tasks to queue
[2023-10-03T08:02:23.433+0000] {logging_mixin.py:151} INFO - [2023-10-03T08:02:23.433+0000] {dagbag.py:539} INFO - Filling up the DagBag from /home/airflow/.local/lib/python3.8/site-packages/airflow/example_dags/example_python_operator.py
[2023-10-03T08:02:23.439+0000] {processor.py:839} INFO - DAG(s) dict_keys(['example_python_operator']) retrieved from /home/airflow/.local/lib/python3.8/site-packages/airflow/example_dags/example_python_operator.py
[2023-10-03T08:02:23.449+0000] {logging_mixin.py:151} INFO - [2023-10-03T08:02:23.449+0000] {dag.py:2915} INFO - Sync 1 DAGs
[2023-10-03T08:02:23.455+0000] {logging_mixin.py:151} INFO - [2023-10-03T08:02:23.455+0000] {dag.py:3696} INFO - Setting next_dagrun for example_python_operator to None, run_after=None
[2023-10-03T08:02:23.462+0000] {processor.py:179} INFO - Processing /home/airflow/.local/lib/python3.8/site-packages/airflow/example_dags/example_python_operator.py took 0.033 seconds
[2023-10-03T08:02:53.908+0000] {processor.py:157} INFO - Started process (PID=718) to work on /home/airflow/.local/lib/python3.8/site-packages/airflow/example_dags/example_python_operator.py
[2023-10-03T08:02:53.909+0000] {processor.py:829} INFO - Processing file /home/airflow/.local/lib/python3.8/site-packages/airflow/example_dags/example_python_operator.py for tasks to queue
[2023-10-03T08:02:53.910+0000] {logging_mixin.py:151} INFO - [2023-10-03T08:02:53.910+0000] {dagbag.py:539} INFO - Filling up the DagBag from /home/airflow/.local/lib/python3.8/site-packages/airflow/example_dags/example_python_operator.py
[2023-10-03T08:02:53.916+0000] {processor.py:839} INFO - DAG(s) dict_keys(['example_python_operator']) retrieved from /home/airflow/.local/lib/python3.8/site-packages/airflow/example_dags/example_python_operator.py
[2023-10-03T08:02:53.927+0000] {logging_mixin.py:151} INFO - [2023-10-03T08:02:53.927+0000] {dag.py:2915} INFO - Sync 1 DAGs
[2023-10-03T08:02:53.932+0000] {logging_mixin.py:151} INFO - [2023-10-03T08:02:53.932+0000] {dag.py:3696} INFO - Setting next_dagrun for example_python_operator to None, run_after=None
[2023-10-03T08:02:53.940+0000] {processor.py:179} INFO - Processing /home/airflow/.local/lib/python3.8/site-packages/airflow/example_dags/example_python_operator.py took 0.034 seconds
[2023-10-03T08:03:24.182+0000] {processor.py:157} INFO - Started process (PID=777) to work on /home/airflow/.local/lib/python3.8/site-packages/airflow/example_dags/example_python_operator.py
[2023-10-03T08:03:24.182+0000] {processor.py:829} INFO - Processing file /home/airflow/.local/lib/python3.8/site-packages/airflow/example_dags/example_python_operator.py for tasks to queue
[2023-10-03T08:03:24.183+0000] {logging_mixin.py:151} INFO - [2023-10-03T08:03:24.183+0000] {dagbag.py:539} INFO - Filling up the DagBag from /home/airflow/.local/lib/python3.8/site-packages/airflow/example_dags/example_python_operator.py
[2023-10-03T08:03:24.189+0000] {processor.py:839} INFO - DAG(s) dict_keys(['example_python_operator']) retrieved from /home/airflow/.local/lib/python3.8/site-packages/airflow/example_dags/example_python_operator.py
[2023-10-03T08:03:24.199+0000] {logging_mixin.py:151} INFO - [2023-10-03T08:03:24.199+0000] {dag.py:2915} INFO - Sync 1 DAGs
[2023-10-03T08:03:24.205+0000] {logging_mixin.py:151} INFO - [2023-10-03T08:03:24.205+0000] {dag.py:3696} INFO - Setting next_dagrun for example_python_operator to None, run_after=None
[2023-10-03T08:03:24.212+0000] {processor.py:179} INFO - Processing /home/airflow/.local/lib/python3.8/site-packages/airflow/example_dags/example_python_operator.py took 0.032 seconds
[2023-10-03T08:03:54.559+0000] {processor.py:157} INFO - Started process (PID=836) to work on /home/airflow/.local/lib/python3.8/site-packages/airflow/example_dags/example_python_operator.py
[2023-10-03T08:03:54.560+0000] {processor.py:829} INFO - Processing file /home/airflow/.local/lib/python3.8/site-packages/airflow/example_dags/example_python_operator.py for tasks to queue
[2023-10-03T08:03:54.561+0000] {logging_mixin.py:151} INFO - [2023-10-03T08:03:54.561+0000] {dagbag.py:539} INFO - Filling up the DagBag from /home/airflow/.local/lib/python3.8/site-packages/airflow/example_dags/example_python_operator.py
[2023-10-03T08:03:54.567+0000] {processor.py:839} INFO - DAG(s) dict_keys(['example_python_operator']) retrieved from /home/airflow/.local/lib/python3.8/site-packages/airflow/example_dags/example_python_operator.py
[2023-10-03T08:03:54.577+0000] {logging_mixin.py:151} INFO - [2023-10-03T08:03:54.577+0000] {dag.py:2915} INFO - Sync 1 DAGs
[2023-10-03T08:03:54.583+0000] {logging_mixin.py:151} INFO - [2023-10-03T08:03:54.583+0000] {dag.py:3696} INFO - Setting next_dagrun for example_python_operator to None, run_after=None
[2023-10-03T08:03:54.590+0000] {processor.py:179} INFO - Processing /home/airflow/.local/lib/python3.8/site-packages/airflow/example_dags/example_python_operator.py took 0.033 seconds
[2023-10-03T08:04:25.232+0000] {processor.py:157} INFO - Started process (PID=896) to work on /home/airflow/.local/lib/python3.8/site-packages/airflow/example_dags/example_python_operator.py
[2023-10-03T08:04:25.234+0000] {processor.py:829} INFO - Processing file /home/airflow/.local/lib/python3.8/site-packages/airflow/example_dags/example_python_operator.py for tasks to queue
[2023-10-03T08:04:25.237+0000] {logging_mixin.py:151} INFO - [2023-10-03T08:04:25.237+0000] {dagbag.py:539} INFO - Filling up the DagBag from /home/airflow/.local/lib/python3.8/site-packages/airflow/example_dags/example_python_operator.py
[2023-10-03T08:04:25.244+0000] {processor.py:839} INFO - DAG(s) dict_keys(['example_python_operator']) retrieved from /home/airflow/.local/lib/python3.8/site-packages/airflow/example_dags/example_python_operator.py
[2023-10-03T08:04:25.258+0000] {logging_mixin.py:151} INFO - [2023-10-03T08:04:25.258+0000] {dag.py:2915} INFO - Sync 1 DAGs
[2023-10-03T08:04:25.266+0000] {logging_mixin.py:151} INFO - [2023-10-03T08:04:25.266+0000] {dag.py:3696} INFO - Setting next_dagrun for example_python_operator to None, run_after=None
[2023-10-03T08:04:25.278+0000] {processor.py:179} INFO - Processing /home/airflow/.local/lib/python3.8/site-packages/airflow/example_dags/example_python_operator.py took 0.049 seconds
[2023-10-03T08:04:55.747+0000] {processor.py:157} INFO - Started process (PID=955) to work on /home/airflow/.local/lib/python3.8/site-packages/airflow/example_dags/example_python_operator.py
[2023-10-03T08:04:55.747+0000] {processor.py:829} INFO - Processing file /home/airflow/.local/lib/python3.8/site-packages/airflow/example_dags/example_python_operator.py for tasks to queue
[2023-10-03T08:04:55.748+0000] {logging_mixin.py:151} INFO - [2023-10-03T08:04:55.748+0000] {dagbag.py:539} INFO - Filling up the DagBag from /home/airflow/.local/lib/python3.8/site-packages/airflow/example_dags/example_python_operator.py
[2023-10-03T08:04:55.755+0000] {processor.py:839} INFO - DAG(s) dict_keys(['example_python_operator']) retrieved from /home/airflow/.local/lib/python3.8/site-packages/airflow/example_dags/example_python_operator.py
[2023-10-03T08:04:55.766+0000] {logging_mixin.py:151} INFO - [2023-10-03T08:04:55.766+0000] {dag.py:2915} INFO - Sync 1 DAGs
[2023-10-03T08:04:55.772+0000] {logging_mixin.py:151} INFO - [2023-10-03T08:04:55.771+0000] {dag.py:3696} INFO - Setting next_dagrun for example_python_operator to None, run_after=None
[2023-10-03T08:04:55.780+0000] {processor.py:179} INFO - Processing /home/airflow/.local/lib/python3.8/site-packages/airflow/example_dags/example_python_operator.py took 0.035 seconds
[2023-10-03T08:05:26.760+0000] {processor.py:157} INFO - Started process (PID=1014) to work on /home/airflow/.local/lib/python3.8/site-packages/airflow/example_dags/example_python_operator.py
[2023-10-03T08:05:26.761+0000] {processor.py:829} INFO - Processing file /home/airflow/.local/lib/python3.8/site-packages/airflow/example_dags/example_python_operator.py for tasks to queue
[2023-10-03T08:05:26.762+0000] {logging_mixin.py:151} INFO - [2023-10-03T08:05:26.762+0000] {dagbag.py:539} INFO - Filling up the DagBag from /home/airflow/.local/lib/python3.8/site-packages/airflow/example_dags/example_python_operator.py
[2023-10-03T08:05:26.767+0000] {processor.py:839} INFO - DAG(s) dict_keys(['example_python_operator']) retrieved from /home/airflow/.local/lib/python3.8/site-packages/airflow/example_dags/example_python_operator.py
[2023-10-03T08:05:26.779+0000] {logging_mixin.py:151} INFO - [2023-10-03T08:05:26.779+0000] {dag.py:2915} INFO - Sync 1 DAGs
[2023-10-03T08:05:26.785+0000] {logging_mixin.py:151} INFO - [2023-10-03T08:05:26.785+0000] {dag.py:3696} INFO - Setting next_dagrun for example_python_operator to None, run_after=None
[2023-10-03T08:05:26.793+0000] {processor.py:179} INFO - Processing /home/airflow/.local/lib/python3.8/site-packages/airflow/example_dags/example_python_operator.py took 0.035 seconds
[2023-10-03T08:05:57.008+0000] {processor.py:157} INFO - Started process (PID=1072) to work on /home/airflow/.local/lib/python3.8/site-packages/airflow/example_dags/example_python_operator.py
[2023-10-03T08:05:57.009+0000] {processor.py:829} INFO - Processing file /home/airflow/.local/lib/python3.8/site-packages/airflow/example_dags/example_python_operator.py for tasks to queue
[2023-10-03T08:05:57.010+0000] {logging_mixin.py:151} INFO - [2023-10-03T08:05:57.010+0000] {dagbag.py:539} INFO - Filling up the DagBag from /home/airflow/.local/lib/python3.8/site-packages/airflow/example_dags/example_python_operator.py
[2023-10-03T08:05:57.016+0000] {processor.py:839} INFO - DAG(s) dict_keys(['example_python_operator']) retrieved from /home/airflow/.local/lib/python3.8/site-packages/airflow/example_dags/example_python_operator.py
[2023-10-03T08:05:57.027+0000] {logging_mixin.py:151} INFO - [2023-10-03T08:05:57.027+0000] {dag.py:2915} INFO - Sync 1 DAGs
[2023-10-03T08:05:57.033+0000] {logging_mixin.py:151} INFO - [2023-10-03T08:05:57.033+0000] {dag.py:3696} INFO - Setting next_dagrun for example_python_operator to None, run_after=None
[2023-10-03T08:05:57.041+0000] {processor.py:179} INFO - Processing /home/airflow/.local/lib/python3.8/site-packages/airflow/example_dags/example_python_operator.py took 0.034 seconds
[2023-10-03T08:06:27.269+0000] {processor.py:157} INFO - Started process (PID=1131) to work on /home/airflow/.local/lib/python3.8/site-packages/airflow/example_dags/example_python_operator.py
[2023-10-03T08:06:27.270+0000] {processor.py:829} INFO - Processing file /home/airflow/.local/lib/python3.8/site-packages/airflow/example_dags/example_python_operator.py for tasks to queue
[2023-10-03T08:06:27.271+0000] {logging_mixin.py:151} INFO - [2023-10-03T08:06:27.271+0000] {dagbag.py:539} INFO - Filling up the DagBag from /home/airflow/.local/lib/python3.8/site-packages/airflow/example_dags/example_python_operator.py
[2023-10-03T08:06:27.277+0000] {processor.py:839} INFO - DAG(s) dict_keys(['example_python_operator']) retrieved from /home/airflow/.local/lib/python3.8/site-packages/airflow/example_dags/example_python_operator.py
[2023-10-03T08:06:27.288+0000] {logging_mixin.py:151} INFO - [2023-10-03T08:06:27.288+0000] {dag.py:2915} INFO - Sync 1 DAGs
[2023-10-03T08:06:27.294+0000] {logging_mixin.py:151} INFO - [2023-10-03T08:06:27.294+0000] {dag.py:3696} INFO - Setting next_dagrun for example_python_operator to None, run_after=None
[2023-10-03T08:06:27.304+0000] {processor.py:179} INFO - Processing /home/airflow/.local/lib/python3.8/site-packages/airflow/example_dags/example_python_operator.py took 0.037 seconds
[2023-10-03T08:06:58.346+0000] {processor.py:157} INFO - Started process (PID=1191) to work on /home/airflow/.local/lib/python3.8/site-packages/airflow/example_dags/example_python_operator.py
[2023-10-03T08:06:58.347+0000] {processor.py:829} INFO - Processing file /home/airflow/.local/lib/python3.8/site-packages/airflow/example_dags/example_python_operator.py for tasks to queue
[2023-10-03T08:06:58.348+0000] {logging_mixin.py:151} INFO - [2023-10-03T08:06:58.348+0000] {dagbag.py:539} INFO - Filling up the DagBag from /home/airflow/.local/lib/python3.8/site-packages/airflow/example_dags/example_python_operator.py
[2023-10-03T08:06:58.354+0000] {processor.py:839} INFO - DAG(s) dict_keys(['example_python_operator']) retrieved from /home/airflow/.local/lib/python3.8/site-packages/airflow/example_dags/example_python_operator.py
[2023-10-03T08:06:58.365+0000] {logging_mixin.py:151} INFO - [2023-10-03T08:06:58.365+0000] {dag.py:2915} INFO - Sync 1 DAGs
[2023-10-03T08:06:58.372+0000] {logging_mixin.py:151} INFO - [2023-10-03T08:06:58.371+0000] {dag.py:3696} INFO - Setting next_dagrun for example_python_operator to None, run_after=None
[2023-10-03T08:06:58.380+0000] {processor.py:179} INFO - Processing /home/airflow/.local/lib/python3.8/site-packages/airflow/example_dags/example_python_operator.py took 0.036 seconds
[2023-10-03T08:07:29.323+0000] {processor.py:157} INFO - Started process (PID=1250) to work on /home/airflow/.local/lib/python3.8/site-packages/airflow/example_dags/example_python_operator.py
[2023-10-03T08:07:29.324+0000] {processor.py:829} INFO - Processing file /home/airflow/.local/lib/python3.8/site-packages/airflow/example_dags/example_python_operator.py for tasks to queue
[2023-10-03T08:07:29.325+0000] {logging_mixin.py:151} INFO - [2023-10-03T08:07:29.325+0000] {dagbag.py:539} INFO - Filling up the DagBag from /home/airflow/.local/lib/python3.8/site-packages/airflow/example_dags/example_python_operator.py
[2023-10-03T08:07:29.333+0000] {processor.py:839} INFO - DAG(s) dict_keys(['example_python_operator']) retrieved from /home/airflow/.local/lib/python3.8/site-packages/airflow/example_dags/example_python_operator.py
[2023-10-03T08:07:29.345+0000] {logging_mixin.py:151} INFO - [2023-10-03T08:07:29.345+0000] {dag.py:2915} INFO - Sync 1 DAGs
[2023-10-03T08:07:29.351+0000] {logging_mixin.py:151} INFO - [2023-10-03T08:07:29.351+0000] {dag.py:3696} INFO - Setting next_dagrun for example_python_operator to None, run_after=None
[2023-10-03T08:07:29.360+0000] {processor.py:179} INFO - Processing /home/airflow/.local/lib/python3.8/site-packages/airflow/example_dags/example_python_operator.py took 0.039 seconds
[2023-10-03T08:07:59.683+0000] {processor.py:157} INFO - Started process (PID=1309) to work on /home/airflow/.local/lib/python3.8/site-packages/airflow/example_dags/example_python_operator.py
[2023-10-03T08:07:59.684+0000] {processor.py:829} INFO - Processing file /home/airflow/.local/lib/python3.8/site-packages/airflow/example_dags/example_python_operator.py for tasks to queue
[2023-10-03T08:07:59.685+0000] {logging_mixin.py:151} INFO - [2023-10-03T08:07:59.685+0000] {dagbag.py:539} INFO - Filling up the DagBag from /home/airflow/.local/lib/python3.8/site-packages/airflow/example_dags/example_python_operator.py
[2023-10-03T08:07:59.690+0000] {processor.py:839} INFO - DAG(s) dict_keys(['example_python_operator']) retrieved from /home/airflow/.local/lib/python3.8/site-packages/airflow/example_dags/example_python_operator.py
[2023-10-03T08:07:59.702+0000] {logging_mixin.py:151} INFO - [2023-10-03T08:07:59.702+0000] {dag.py:2915} INFO - Sync 1 DAGs
[2023-10-03T08:07:59.709+0000] {logging_mixin.py:151} INFO - [2023-10-03T08:07:59.709+0000] {dag.py:3696} INFO - Setting next_dagrun for example_python_operator to None, run_after=None
[2023-10-03T08:07:59.717+0000] {processor.py:179} INFO - Processing /home/airflow/.local/lib/python3.8/site-packages/airflow/example_dags/example_python_operator.py took 0.036 seconds
[2023-10-03T08:08:30.112+0000] {processor.py:157} INFO - Started process (PID=1368) to work on /home/airflow/.local/lib/python3.8/site-packages/airflow/example_dags/example_python_operator.py
[2023-10-03T08:08:30.114+0000] {processor.py:829} INFO - Processing file /home/airflow/.local/lib/python3.8/site-packages/airflow/example_dags/example_python_operator.py for tasks to queue
[2023-10-03T08:08:30.116+0000] {logging_mixin.py:151} INFO - [2023-10-03T08:08:30.116+0000] {dagbag.py:539} INFO - Filling up the DagBag from /home/airflow/.local/lib/python3.8/site-packages/airflow/example_dags/example_python_operator.py
[2023-10-03T08:08:30.123+0000] {processor.py:839} INFO - DAG(s) dict_keys(['example_python_operator']) retrieved from /home/airflow/.local/lib/python3.8/site-packages/airflow/example_dags/example_python_operator.py
[2023-10-03T08:08:30.138+0000] {logging_mixin.py:151} INFO - [2023-10-03T08:08:30.138+0000] {dag.py:2915} INFO - Sync 1 DAGs
[2023-10-03T08:08:30.147+0000] {logging_mixin.py:151} INFO - [2023-10-03T08:08:30.147+0000] {dag.py:3696} INFO - Setting next_dagrun for example_python_operator to None, run_after=None
[2023-10-03T08:08:30.157+0000] {processor.py:179} INFO - Processing /home/airflow/.local/lib/python3.8/site-packages/airflow/example_dags/example_python_operator.py took 0.047 seconds
[2023-10-03T08:09:00.438+0000] {processor.py:157} INFO - Started process (PID=1427) to work on /home/airflow/.local/lib/python3.8/site-packages/airflow/example_dags/example_python_operator.py
[2023-10-03T08:09:00.438+0000] {processor.py:829} INFO - Processing file /home/airflow/.local/lib/python3.8/site-packages/airflow/example_dags/example_python_operator.py for tasks to queue
[2023-10-03T08:09:00.440+0000] {logging_mixin.py:151} INFO - [2023-10-03T08:09:00.440+0000] {dagbag.py:539} INFO - Filling up the DagBag from /home/airflow/.local/lib/python3.8/site-packages/airflow/example_dags/example_python_operator.py
[2023-10-03T08:09:00.447+0000] {processor.py:839} INFO - DAG(s) dict_keys(['example_python_operator']) retrieved from /home/airflow/.local/lib/python3.8/site-packages/airflow/example_dags/example_python_operator.py
[2023-10-03T08:09:00.459+0000] {logging_mixin.py:151} INFO - [2023-10-03T08:09:00.459+0000] {dag.py:2915} INFO - Sync 1 DAGs
[2023-10-03T08:09:00.465+0000] {logging_mixin.py:151} INFO - [2023-10-03T08:09:00.465+0000] {dag.py:3696} INFO - Setting next_dagrun for example_python_operator to None, run_after=None
[2023-10-03T08:09:00.474+0000] {processor.py:179} INFO - Processing /home/airflow/.local/lib/python3.8/site-packages/airflow/example_dags/example_python_operator.py took 0.039 seconds
[2023-10-03T08:09:30.921+0000] {processor.py:157} INFO - Started process (PID=1486) to work on /home/airflow/.local/lib/python3.8/site-packages/airflow/example_dags/example_python_operator.py
[2023-10-03T08:09:30.921+0000] {processor.py:829} INFO - Processing file /home/airflow/.local/lib/python3.8/site-packages/airflow/example_dags/example_python_operator.py for tasks to queue
[2023-10-03T08:09:30.923+0000] {logging_mixin.py:151} INFO - [2023-10-03T08:09:30.922+0000] {dagbag.py:539} INFO - Filling up the DagBag from /home/airflow/.local/lib/python3.8/site-packages/airflow/example_dags/example_python_operator.py
[2023-10-03T08:09:30.928+0000] {processor.py:839} INFO - DAG(s) dict_keys(['example_python_operator']) retrieved from /home/airflow/.local/lib/python3.8/site-packages/airflow/example_dags/example_python_operator.py
[2023-10-03T08:09:30.939+0000] {logging_mixin.py:151} INFO - [2023-10-03T08:09:30.939+0000] {dag.py:2915} INFO - Sync 1 DAGs
[2023-10-03T08:09:30.945+0000] {logging_mixin.py:151} INFO - [2023-10-03T08:09:30.945+0000] {dag.py:3696} INFO - Setting next_dagrun for example_python_operator to None, run_after=None
[2023-10-03T08:09:30.952+0000] {processor.py:179} INFO - Processing /home/airflow/.local/lib/python3.8/site-packages/airflow/example_dags/example_python_operator.py took 0.033 seconds
[2023-10-03T08:10:01.329+0000] {processor.py:157} INFO - Started process (PID=1545) to work on /home/airflow/.local/lib/python3.8/site-packages/airflow/example_dags/example_python_operator.py
[2023-10-03T08:10:01.330+0000] {processor.py:829} INFO - Processing file /home/airflow/.local/lib/python3.8/site-packages/airflow/example_dags/example_python_operator.py for tasks to queue
[2023-10-03T08:10:01.332+0000] {logging_mixin.py:151} INFO - [2023-10-03T08:10:01.332+0000] {dagbag.py:539} INFO - Filling up the DagBag from /home/airflow/.local/lib/python3.8/site-packages/airflow/example_dags/example_python_operator.py
[2023-10-03T08:10:01.339+0000] {processor.py:839} INFO - DAG(s) dict_keys(['example_python_operator']) retrieved from /home/airflow/.local/lib/python3.8/site-packages/airflow/example_dags/example_python_operator.py
[2023-10-03T08:10:01.348+0000] {logging_mixin.py:151} INFO - [2023-10-03T08:10:01.348+0000] {dag.py:2915} INFO - Sync 1 DAGs
[2023-10-03T08:10:01.356+0000] {logging_mixin.py:151} INFO - [2023-10-03T08:10:01.355+0000] {dag.py:3696} INFO - Setting next_dagrun for example_python_operator to None, run_after=None
[2023-10-03T08:10:01.364+0000] {processor.py:179} INFO - Processing /home/airflow/.local/lib/python3.8/site-packages/airflow/example_dags/example_python_operator.py took 0.037 seconds
[2023-10-03T08:10:32.424+0000] {processor.py:157} INFO - Started process (PID=1604) to work on /home/airflow/.local/lib/python3.8/site-packages/airflow/example_dags/example_python_operator.py
[2023-10-03T08:10:32.425+0000] {processor.py:829} INFO - Processing file /home/airflow/.local/lib/python3.8/site-packages/airflow/example_dags/example_python_operator.py for tasks to queue
[2023-10-03T08:10:32.427+0000] {logging_mixin.py:151} INFO - [2023-10-03T08:10:32.427+0000] {dagbag.py:539} INFO - Filling up the DagBag from /home/airflow/.local/lib/python3.8/site-packages/airflow/example_dags/example_python_operator.py
[2023-10-03T08:10:32.432+0000] {processor.py:839} INFO - DAG(s) dict_keys(['example_python_operator']) retrieved from /home/airflow/.local/lib/python3.8/site-packages/airflow/example_dags/example_python_operator.py
[2023-10-03T08:10:32.477+0000] {logging_mixin.py:151} INFO - [2023-10-03T08:10:32.477+0000] {security.py:708} INFO - Not syncing DAG-level permissions for DAG 'DAG:example_python_operator' as access control is unset.
[2023-10-03T08:10:32.477+0000] {logging_mixin.py:151} INFO - [2023-10-03T08:10:32.477+0000] {dag.py:2915} INFO - Sync 1 DAGs
[2023-10-03T08:10:32.482+0000] {logging_mixin.py:151} INFO - [2023-10-03T08:10:32.481+0000] {dag.py:3696} INFO - Setting next_dagrun for example_python_operator to None, run_after=None
[2023-10-03T08:10:32.489+0000] {processor.py:179} INFO - Processing /home/airflow/.local/lib/python3.8/site-packages/airflow/example_dags/example_python_operator.py took 0.067 seconds
[2023-10-03T08:11:02.883+0000] {processor.py:157} INFO - Started process (PID=1663) to work on /home/airflow/.local/lib/python3.8/site-packages/airflow/example_dags/example_python_operator.py
[2023-10-03T08:11:02.884+0000] {processor.py:829} INFO - Processing file /home/airflow/.local/lib/python3.8/site-packages/airflow/example_dags/example_python_operator.py for tasks to queue
[2023-10-03T08:11:02.885+0000] {logging_mixin.py:151} INFO - [2023-10-03T08:11:02.885+0000] {dagbag.py:539} INFO - Filling up the DagBag from /home/airflow/.local/lib/python3.8/site-packages/airflow/example_dags/example_python_operator.py
[2023-10-03T08:11:02.892+0000] {processor.py:839} INFO - DAG(s) dict_keys(['example_python_operator']) retrieved from /home/airflow/.local/lib/python3.8/site-packages/airflow/example_dags/example_python_operator.py
[2023-10-03T08:11:02.904+0000] {logging_mixin.py:151} INFO - [2023-10-03T08:11:02.904+0000] {dag.py:2915} INFO - Sync 1 DAGs
[2023-10-03T08:11:02.910+0000] {logging_mixin.py:151} INFO - [2023-10-03T08:11:02.910+0000] {dag.py:3696} INFO - Setting next_dagrun for example_python_operator to None, run_after=None
[2023-10-03T08:11:02.917+0000] {processor.py:179} INFO - Processing /home/airflow/.local/lib/python3.8/site-packages/airflow/example_dags/example_python_operator.py took 0.036 seconds
[2023-10-03T08:11:33.278+0000] {processor.py:157} INFO - Started process (PID=1722) to work on /home/airflow/.local/lib/python3.8/site-packages/airflow/example_dags/example_python_operator.py
[2023-10-03T08:11:33.278+0000] {processor.py:829} INFO - Processing file /home/airflow/.local/lib/python3.8/site-packages/airflow/example_dags/example_python_operator.py for tasks to queue
[2023-10-03T08:11:33.280+0000] {logging_mixin.py:151} INFO - [2023-10-03T08:11:33.280+0000] {dagbag.py:539} INFO - Filling up the DagBag from /home/airflow/.local/lib/python3.8/site-packages/airflow/example_dags/example_python_operator.py
[2023-10-03T08:11:33.286+0000] {processor.py:839} INFO - DAG(s) dict_keys(['example_python_operator']) retrieved from /home/airflow/.local/lib/python3.8/site-packages/airflow/example_dags/example_python_operator.py
[2023-10-03T08:11:33.298+0000] {logging_mixin.py:151} INFO - [2023-10-03T08:11:33.297+0000] {dag.py:2915} INFO - Sync 1 DAGs
[2023-10-03T08:11:33.305+0000] {logging_mixin.py:151} INFO - [2023-10-03T08:11:33.305+0000] {dag.py:3696} INFO - Setting next_dagrun for example_python_operator to None, run_after=None
[2023-10-03T08:11:33.314+0000] {processor.py:179} INFO - Processing /home/airflow/.local/lib/python3.8/site-packages/airflow/example_dags/example_python_operator.py took 0.038 seconds
[2023-10-03T08:12:03.871+0000] {processor.py:157} INFO - Started process (PID=1781) to work on /home/airflow/.local/lib/python3.8/site-packages/airflow/example_dags/example_python_operator.py
[2023-10-03T08:12:03.872+0000] {processor.py:829} INFO - Processing file /home/airflow/.local/lib/python3.8/site-packages/airflow/example_dags/example_python_operator.py for tasks to queue
[2023-10-03T08:12:03.873+0000] {logging_mixin.py:151} INFO - [2023-10-03T08:12:03.873+0000] {dagbag.py:539} INFO - Filling up the DagBag from /home/airflow/.local/lib/python3.8/site-packages/airflow/example_dags/example_python_operator.py
[2023-10-03T08:12:03.879+0000] {processor.py:839} INFO - DAG(s) dict_keys(['example_python_operator']) retrieved from /home/airflow/.local/lib/python3.8/site-packages/airflow/example_dags/example_python_operator.py
[2023-10-03T08:12:03.890+0000] {logging_mixin.py:151} INFO - [2023-10-03T08:12:03.890+0000] {dag.py:2915} INFO - Sync 1 DAGs
[2023-10-03T08:12:03.897+0000] {logging_mixin.py:151} INFO - [2023-10-03T08:12:03.897+0000] {dag.py:3696} INFO - Setting next_dagrun for example_python_operator to None, run_after=None
[2023-10-03T08:12:03.906+0000] {processor.py:179} INFO - Processing /home/airflow/.local/lib/python3.8/site-packages/airflow/example_dags/example_python_operator.py took 0.037 seconds
[2023-10-03T08:12:34.003+0000] {processor.py:157} INFO - Started process (PID=1841) to work on /home/airflow/.local/lib/python3.8/site-packages/airflow/example_dags/example_python_operator.py
[2023-10-03T08:12:34.004+0000] {processor.py:829} INFO - Processing file /home/airflow/.local/lib/python3.8/site-packages/airflow/example_dags/example_python_operator.py for tasks to queue
[2023-10-03T08:12:34.005+0000] {logging_mixin.py:151} INFO - [2023-10-03T08:12:34.005+0000] {dagbag.py:539} INFO - Filling up the DagBag from /home/airflow/.local/lib/python3.8/site-packages/airflow/example_dags/example_python_operator.py
[2023-10-03T08:12:34.011+0000] {processor.py:839} INFO - DAG(s) dict_keys(['example_python_operator']) retrieved from /home/airflow/.local/lib/python3.8/site-packages/airflow/example_dags/example_python_operator.py
[2023-10-03T08:12:34.022+0000] {logging_mixin.py:151} INFO - [2023-10-03T08:12:34.022+0000] {dag.py:2915} INFO - Sync 1 DAGs
[2023-10-03T08:12:34.028+0000] {logging_mixin.py:151} INFO - [2023-10-03T08:12:34.028+0000] {dag.py:3696} INFO - Setting next_dagrun for example_python_operator to None, run_after=None
[2023-10-03T08:12:34.035+0000] {processor.py:179} INFO - Processing /home/airflow/.local/lib/python3.8/site-packages/airflow/example_dags/example_python_operator.py took 0.034 seconds
[2023-10-03T08:13:39.160+0000] {processor.py:157} INFO - Started process (PID=71) to work on /home/airflow/.local/lib/python3.8/site-packages/airflow/example_dags/example_python_operator.py
[2023-10-03T08:13:39.163+0000] {processor.py:829} INFO - Processing file /home/airflow/.local/lib/python3.8/site-packages/airflow/example_dags/example_python_operator.py for tasks to queue
[2023-10-03T08:13:39.169+0000] {logging_mixin.py:151} INFO - [2023-10-03T08:13:39.168+0000] {dagbag.py:539} INFO - Filling up the DagBag from /home/airflow/.local/lib/python3.8/site-packages/airflow/example_dags/example_python_operator.py
[2023-10-03T08:13:39.183+0000] {processor.py:839} INFO - DAG(s) dict_keys(['example_python_operator']) retrieved from /home/airflow/.local/lib/python3.8/site-packages/airflow/example_dags/example_python_operator.py
[2023-10-03T08:13:39.206+0000] {logging_mixin.py:151} INFO - [2023-10-03T08:13:39.205+0000] {dag.py:2915} INFO - Sync 1 DAGs
[2023-10-03T08:13:39.218+0000] {logging_mixin.py:151} INFO - [2023-10-03T08:13:39.218+0000] {dag.py:3696} INFO - Setting next_dagrun for example_python_operator to None, run_after=None
[2023-10-03T08:13:39.231+0000] {processor.py:179} INFO - Processing /home/airflow/.local/lib/python3.8/site-packages/airflow/example_dags/example_python_operator.py took 0.075 seconds
[2023-10-03T08:14:09.360+0000] {processor.py:157} INFO - Started process (PID=130) to work on /home/airflow/.local/lib/python3.8/site-packages/airflow/example_dags/example_python_operator.py
[2023-10-03T08:14:09.361+0000] {processor.py:829} INFO - Processing file /home/airflow/.local/lib/python3.8/site-packages/airflow/example_dags/example_python_operator.py for tasks to queue
[2023-10-03T08:14:09.362+0000] {logging_mixin.py:151} INFO - [2023-10-03T08:14:09.362+0000] {dagbag.py:539} INFO - Filling up the DagBag from /home/airflow/.local/lib/python3.8/site-packages/airflow/example_dags/example_python_operator.py
[2023-10-03T08:14:09.369+0000] {processor.py:839} INFO - DAG(s) dict_keys(['example_python_operator']) retrieved from /home/airflow/.local/lib/python3.8/site-packages/airflow/example_dags/example_python_operator.py
[2023-10-03T08:14:09.426+0000] {logging_mixin.py:151} INFO - [2023-10-03T08:14:09.426+0000] {security.py:708} INFO - Not syncing DAG-level permissions for DAG 'DAG:example_python_operator' as access control is unset.
[2023-10-03T08:14:09.426+0000] {logging_mixin.py:151} INFO - [2023-10-03T08:14:09.426+0000] {dag.py:2915} INFO - Sync 1 DAGs
[2023-10-03T08:14:09.431+0000] {logging_mixin.py:151} INFO - [2023-10-03T08:14:09.431+0000] {dag.py:3696} INFO - Setting next_dagrun for example_python_operator to None, run_after=None
[2023-10-03T08:14:09.440+0000] {processor.py:179} INFO - Processing /home/airflow/.local/lib/python3.8/site-packages/airflow/example_dags/example_python_operator.py took 0.083 seconds
[2023-10-03T08:14:40.415+0000] {processor.py:157} INFO - Started process (PID=190) to work on /home/airflow/.local/lib/python3.8/site-packages/airflow/example_dags/example_python_operator.py
[2023-10-03T08:14:40.416+0000] {processor.py:829} INFO - Processing file /home/airflow/.local/lib/python3.8/site-packages/airflow/example_dags/example_python_operator.py for tasks to queue
[2023-10-03T08:14:40.418+0000] {logging_mixin.py:151} INFO - [2023-10-03T08:14:40.418+0000] {dagbag.py:539} INFO - Filling up the DagBag from /home/airflow/.local/lib/python3.8/site-packages/airflow/example_dags/example_python_operator.py
[2023-10-03T08:14:40.430+0000] {processor.py:839} INFO - DAG(s) dict_keys(['example_python_operator']) retrieved from /home/airflow/.local/lib/python3.8/site-packages/airflow/example_dags/example_python_operator.py
[2023-10-03T08:14:40.449+0000] {logging_mixin.py:151} INFO - [2023-10-03T08:14:40.449+0000] {dag.py:2915} INFO - Sync 1 DAGs
[2023-10-03T08:14:40.456+0000] {logging_mixin.py:151} INFO - [2023-10-03T08:14:40.456+0000] {dag.py:3696} INFO - Setting next_dagrun for example_python_operator to None, run_after=None
[2023-10-03T08:14:40.468+0000] {processor.py:179} INFO - Processing /home/airflow/.local/lib/python3.8/site-packages/airflow/example_dags/example_python_operator.py took 0.056 seconds
[2023-10-03T08:15:11.062+0000] {processor.py:157} INFO - Started process (PID=251) to work on /home/airflow/.local/lib/python3.8/site-packages/airflow/example_dags/example_python_operator.py
[2023-10-03T08:15:11.063+0000] {processor.py:829} INFO - Processing file /home/airflow/.local/lib/python3.8/site-packages/airflow/example_dags/example_python_operator.py for tasks to queue
[2023-10-03T08:15:11.064+0000] {logging_mixin.py:151} INFO - [2023-10-03T08:15:11.064+0000] {dagbag.py:539} INFO - Filling up the DagBag from /home/airflow/.local/lib/python3.8/site-packages/airflow/example_dags/example_python_operator.py
[2023-10-03T08:15:11.070+0000] {processor.py:839} INFO - DAG(s) dict_keys(['example_python_operator']) retrieved from /home/airflow/.local/lib/python3.8/site-packages/airflow/example_dags/example_python_operator.py
[2023-10-03T08:15:11.080+0000] {logging_mixin.py:151} INFO - [2023-10-03T08:15:11.080+0000] {dag.py:2915} INFO - Sync 1 DAGs
[2023-10-03T08:15:11.087+0000] {logging_mixin.py:151} INFO - [2023-10-03T08:15:11.086+0000] {dag.py:3696} INFO - Setting next_dagrun for example_python_operator to None, run_after=None
[2023-10-03T08:15:11.094+0000] {processor.py:179} INFO - Processing /home/airflow/.local/lib/python3.8/site-packages/airflow/example_dags/example_python_operator.py took 0.034 seconds
[2023-10-03T08:15:41.451+0000] {processor.py:157} INFO - Started process (PID=312) to work on /home/airflow/.local/lib/python3.8/site-packages/airflow/example_dags/example_python_operator.py
[2023-10-03T08:15:41.452+0000] {processor.py:829} INFO - Processing file /home/airflow/.local/lib/python3.8/site-packages/airflow/example_dags/example_python_operator.py for tasks to queue
[2023-10-03T08:15:41.453+0000] {logging_mixin.py:151} INFO - [2023-10-03T08:15:41.453+0000] {dagbag.py:539} INFO - Filling up the DagBag from /home/airflow/.local/lib/python3.8/site-packages/airflow/example_dags/example_python_operator.py
[2023-10-03T08:15:41.459+0000] {processor.py:839} INFO - DAG(s) dict_keys(['example_python_operator']) retrieved from /home/airflow/.local/lib/python3.8/site-packages/airflow/example_dags/example_python_operator.py
[2023-10-03T08:15:41.470+0000] {logging_mixin.py:151} INFO - [2023-10-03T08:15:41.470+0000] {dag.py:2915} INFO - Sync 1 DAGs
[2023-10-03T08:15:41.475+0000] {logging_mixin.py:151} INFO - [2023-10-03T08:15:41.475+0000] {dag.py:3696} INFO - Setting next_dagrun for example_python_operator to None, run_after=None
[2023-10-03T08:15:41.483+0000] {processor.py:179} INFO - Processing /home/airflow/.local/lib/python3.8/site-packages/airflow/example_dags/example_python_operator.py took 0.034 seconds
[2023-10-03T08:16:11.929+0000] {processor.py:157} INFO - Started process (PID=372) to work on /home/airflow/.local/lib/python3.8/site-packages/airflow/example_dags/example_python_operator.py
[2023-10-03T08:16:11.930+0000] {processor.py:829} INFO - Processing file /home/airflow/.local/lib/python3.8/site-packages/airflow/example_dags/example_python_operator.py for tasks to queue
[2023-10-03T08:16:11.931+0000] {logging_mixin.py:151} INFO - [2023-10-03T08:16:11.931+0000] {dagbag.py:539} INFO - Filling up the DagBag from /home/airflow/.local/lib/python3.8/site-packages/airflow/example_dags/example_python_operator.py
[2023-10-03T08:16:11.937+0000] {processor.py:839} INFO - DAG(s) dict_keys(['example_python_operator']) retrieved from /home/airflow/.local/lib/python3.8/site-packages/airflow/example_dags/example_python_operator.py
[2023-10-03T08:16:11.949+0000] {logging_mixin.py:151} INFO - [2023-10-03T08:16:11.949+0000] {dag.py:2915} INFO - Sync 1 DAGs
[2023-10-03T08:16:11.955+0000] {logging_mixin.py:151} INFO - [2023-10-03T08:16:11.955+0000] {dag.py:3696} INFO - Setting next_dagrun for example_python_operator to None, run_after=None
[2023-10-03T08:16:11.964+0000] {processor.py:179} INFO - Processing /home/airflow/.local/lib/python3.8/site-packages/airflow/example_dags/example_python_operator.py took 0.037 seconds
[2023-10-03T08:16:42.439+0000] {processor.py:157} INFO - Started process (PID=432) to work on /home/airflow/.local/lib/python3.8/site-packages/airflow/example_dags/example_python_operator.py
[2023-10-03T08:16:42.439+0000] {processor.py:829} INFO - Processing file /home/airflow/.local/lib/python3.8/site-packages/airflow/example_dags/example_python_operator.py for tasks to queue
[2023-10-03T08:16:42.441+0000] {logging_mixin.py:151} INFO - [2023-10-03T08:16:42.441+0000] {dagbag.py:539} INFO - Filling up the DagBag from /home/airflow/.local/lib/python3.8/site-packages/airflow/example_dags/example_python_operator.py
[2023-10-03T08:16:42.447+0000] {processor.py:839} INFO - DAG(s) dict_keys(['example_python_operator']) retrieved from /home/airflow/.local/lib/python3.8/site-packages/airflow/example_dags/example_python_operator.py
[2023-10-03T08:16:42.458+0000] {logging_mixin.py:151} INFO - [2023-10-03T08:16:42.458+0000] {dag.py:2915} INFO - Sync 1 DAGs
[2023-10-03T08:16:42.464+0000] {logging_mixin.py:151} INFO - [2023-10-03T08:16:42.463+0000] {dag.py:3696} INFO - Setting next_dagrun for example_python_operator to None, run_after=None
[2023-10-03T08:16:42.471+0000] {processor.py:179} INFO - Processing /home/airflow/.local/lib/python3.8/site-packages/airflow/example_dags/example_python_operator.py took 0.034 seconds
[2023-10-03T08:17:12.868+0000] {processor.py:157} INFO - Started process (PID=492) to work on /home/airflow/.local/lib/python3.8/site-packages/airflow/example_dags/example_python_operator.py
[2023-10-03T08:17:12.869+0000] {processor.py:829} INFO - Processing file /home/airflow/.local/lib/python3.8/site-packages/airflow/example_dags/example_python_operator.py for tasks to queue
[2023-10-03T08:17:12.871+0000] {logging_mixin.py:151} INFO - [2023-10-03T08:17:12.870+0000] {dagbag.py:539} INFO - Filling up the DagBag from /home/airflow/.local/lib/python3.8/site-packages/airflow/example_dags/example_python_operator.py
[2023-10-03T08:17:12.877+0000] {processor.py:839} INFO - DAG(s) dict_keys(['example_python_operator']) retrieved from /home/airflow/.local/lib/python3.8/site-packages/airflow/example_dags/example_python_operator.py
[2023-10-03T08:17:12.889+0000] {logging_mixin.py:151} INFO - [2023-10-03T08:17:12.889+0000] {dag.py:2915} INFO - Sync 1 DAGs
[2023-10-03T08:17:12.895+0000] {logging_mixin.py:151} INFO - [2023-10-03T08:17:12.895+0000] {dag.py:3696} INFO - Setting next_dagrun for example_python_operator to None, run_after=None
[2023-10-03T08:17:12.903+0000] {processor.py:179} INFO - Processing /home/airflow/.local/lib/python3.8/site-packages/airflow/example_dags/example_python_operator.py took 0.037 seconds
