[2023-10-03T07:43:55.704+0000] {processor.py:157} INFO - Started process (PID=52) to work on /home/airflow/.local/lib/python3.8/site-packages/airflow/example_dags/example_dynamic_task_mapping_with_no_taskflow_operators.py
[2023-10-03T07:43:55.708+0000] {processor.py:829} INFO - Processing file /home/airflow/.local/lib/python3.8/site-packages/airflow/example_dags/example_dynamic_task_mapping_with_no_taskflow_operators.py for tasks to queue
[2023-10-03T07:43:55.710+0000] {logging_mixin.py:151} INFO - [2023-10-03T07:43:55.710+0000] {dagbag.py:539} INFO - Filling up the DagBag from /home/airflow/.local/lib/python3.8/site-packages/airflow/example_dags/example_dynamic_task_mapping_with_no_taskflow_operators.py
[2023-10-03T07:43:55.731+0000] {processor.py:839} INFO - DAG(s) dict_keys(['example_dynamic_task_mapping_with_no_taskflow_operators']) retrieved from /home/airflow/.local/lib/python3.8/site-packages/airflow/example_dags/example_dynamic_task_mapping_with_no_taskflow_operators.py
[2023-10-03T07:43:55.758+0000] {logging_mixin.py:151} INFO - [2023-10-03T07:43:55.758+0000] {dag.py:2915} INFO - Sync 1 DAGs
[2023-10-03T07:43:55.869+0000] {logging_mixin.py:151} INFO - [2023-10-03T07:43:55.869+0000] {dag.py:3696} INFO - Setting next_dagrun for example_dynamic_task_mapping_with_no_taskflow_operators to 2023-10-02T07:43:55.868645+00:00, run_after=2023-10-03T07:43:55.868645+00:00
[2023-10-03T07:43:55.918+0000] {processor.py:179} INFO - Processing /home/airflow/.local/lib/python3.8/site-packages/airflow/example_dags/example_dynamic_task_mapping_with_no_taskflow_operators.py took 0.218 seconds
[2023-10-03T07:44:26.604+0000] {processor.py:157} INFO - Started process (PID=111) to work on /home/airflow/.local/lib/python3.8/site-packages/airflow/example_dags/example_dynamic_task_mapping_with_no_taskflow_operators.py
[2023-10-03T07:44:26.604+0000] {processor.py:829} INFO - Processing file /home/airflow/.local/lib/python3.8/site-packages/airflow/example_dags/example_dynamic_task_mapping_with_no_taskflow_operators.py for tasks to queue
[2023-10-03T07:44:26.605+0000] {logging_mixin.py:151} INFO - [2023-10-03T07:44:26.605+0000] {dagbag.py:539} INFO - Filling up the DagBag from /home/airflow/.local/lib/python3.8/site-packages/airflow/example_dags/example_dynamic_task_mapping_with_no_taskflow_operators.py
[2023-10-03T07:44:26.609+0000] {processor.py:839} INFO - DAG(s) dict_keys(['example_dynamic_task_mapping_with_no_taskflow_operators']) retrieved from /home/airflow/.local/lib/python3.8/site-packages/airflow/example_dags/example_dynamic_task_mapping_with_no_taskflow_operators.py
[2023-10-03T07:44:26.619+0000] {logging_mixin.py:151} INFO - [2023-10-03T07:44:26.619+0000] {dag.py:2915} INFO - Sync 1 DAGs
[2023-10-03T07:44:26.630+0000] {logging_mixin.py:151} INFO - [2023-10-03T07:44:26.630+0000] {dag.py:3696} INFO - Setting next_dagrun for example_dynamic_task_mapping_with_no_taskflow_operators to 2023-10-02T07:44:26.630236+00:00, run_after=2023-10-03T07:44:26.630236+00:00
[2023-10-03T07:44:26.637+0000] {processor.py:179} INFO - Processing /home/airflow/.local/lib/python3.8/site-packages/airflow/example_dags/example_dynamic_task_mapping_with_no_taskflow_operators.py took 0.035 seconds
[2023-10-03T07:44:56.864+0000] {processor.py:157} INFO - Started process (PID=170) to work on /home/airflow/.local/lib/python3.8/site-packages/airflow/example_dags/example_dynamic_task_mapping_with_no_taskflow_operators.py
[2023-10-03T07:44:56.865+0000] {processor.py:829} INFO - Processing file /home/airflow/.local/lib/python3.8/site-packages/airflow/example_dags/example_dynamic_task_mapping_with_no_taskflow_operators.py for tasks to queue
[2023-10-03T07:44:56.867+0000] {logging_mixin.py:151} INFO - [2023-10-03T07:44:56.867+0000] {dagbag.py:539} INFO - Filling up the DagBag from /home/airflow/.local/lib/python3.8/site-packages/airflow/example_dags/example_dynamic_task_mapping_with_no_taskflow_operators.py
[2023-10-03T07:44:56.871+0000] {processor.py:839} INFO - DAG(s) dict_keys(['example_dynamic_task_mapping_with_no_taskflow_operators']) retrieved from /home/airflow/.local/lib/python3.8/site-packages/airflow/example_dags/example_dynamic_task_mapping_with_no_taskflow_operators.py
[2023-10-03T07:44:56.882+0000] {logging_mixin.py:151} INFO - [2023-10-03T07:44:56.882+0000] {dag.py:2915} INFO - Sync 1 DAGs
[2023-10-03T07:44:56.892+0000] {logging_mixin.py:151} INFO - [2023-10-03T07:44:56.892+0000] {dag.py:3696} INFO - Setting next_dagrun for example_dynamic_task_mapping_with_no_taskflow_operators to 2023-10-02T07:44:56.892322+00:00, run_after=2023-10-03T07:44:56.892322+00:00
[2023-10-03T07:44:56.900+0000] {processor.py:179} INFO - Processing /home/airflow/.local/lib/python3.8/site-packages/airflow/example_dags/example_dynamic_task_mapping_with_no_taskflow_operators.py took 0.038 seconds
[2023-10-03T07:45:27.414+0000] {processor.py:157} INFO - Started process (PID=229) to work on /home/airflow/.local/lib/python3.8/site-packages/airflow/example_dags/example_dynamic_task_mapping_with_no_taskflow_operators.py
[2023-10-03T07:45:27.415+0000] {processor.py:829} INFO - Processing file /home/airflow/.local/lib/python3.8/site-packages/airflow/example_dags/example_dynamic_task_mapping_with_no_taskflow_operators.py for tasks to queue
[2023-10-03T07:45:27.417+0000] {logging_mixin.py:151} INFO - [2023-10-03T07:45:27.416+0000] {dagbag.py:539} INFO - Filling up the DagBag from /home/airflow/.local/lib/python3.8/site-packages/airflow/example_dags/example_dynamic_task_mapping_with_no_taskflow_operators.py
[2023-10-03T07:45:27.421+0000] {processor.py:839} INFO - DAG(s) dict_keys(['example_dynamic_task_mapping_with_no_taskflow_operators']) retrieved from /home/airflow/.local/lib/python3.8/site-packages/airflow/example_dags/example_dynamic_task_mapping_with_no_taskflow_operators.py
[2023-10-03T07:45:27.434+0000] {logging_mixin.py:151} INFO - [2023-10-03T07:45:27.434+0000] {dag.py:2915} INFO - Sync 1 DAGs
[2023-10-03T07:45:27.445+0000] {logging_mixin.py:151} INFO - [2023-10-03T07:45:27.445+0000] {dag.py:3696} INFO - Setting next_dagrun for example_dynamic_task_mapping_with_no_taskflow_operators to 2023-10-02T07:45:27.444889+00:00, run_after=2023-10-03T07:45:27.444889+00:00
[2023-10-03T07:45:27.452+0000] {processor.py:179} INFO - Processing /home/airflow/.local/lib/python3.8/site-packages/airflow/example_dags/example_dynamic_task_mapping_with_no_taskflow_operators.py took 0.041 seconds
[2023-10-03T07:50:25.906+0000] {processor.py:157} INFO - Started process (PID=53) to work on /home/airflow/.local/lib/python3.8/site-packages/airflow/example_dags/example_dynamic_task_mapping_with_no_taskflow_operators.py
[2023-10-03T07:50:25.913+0000] {processor.py:829} INFO - Processing file /home/airflow/.local/lib/python3.8/site-packages/airflow/example_dags/example_dynamic_task_mapping_with_no_taskflow_operators.py for tasks to queue
[2023-10-03T07:50:25.915+0000] {logging_mixin.py:151} INFO - [2023-10-03T07:50:25.915+0000] {dagbag.py:539} INFO - Filling up the DagBag from /home/airflow/.local/lib/python3.8/site-packages/airflow/example_dags/example_dynamic_task_mapping_with_no_taskflow_operators.py
[2023-10-03T07:50:25.937+0000] {processor.py:839} INFO - DAG(s) dict_keys(['example_dynamic_task_mapping_with_no_taskflow_operators']) retrieved from /home/airflow/.local/lib/python3.8/site-packages/airflow/example_dags/example_dynamic_task_mapping_with_no_taskflow_operators.py
[2023-10-03T07:50:25.970+0000] {logging_mixin.py:151} INFO - [2023-10-03T07:50:25.969+0000] {dag.py:2915} INFO - Sync 1 DAGs
[2023-10-03T07:50:26.003+0000] {logging_mixin.py:151} INFO - [2023-10-03T07:50:26.003+0000] {dag.py:3696} INFO - Setting next_dagrun for example_dynamic_task_mapping_with_no_taskflow_operators to 2023-10-02T07:50:26.002807+00:00, run_after=2023-10-03T07:50:26.002807+00:00
[2023-10-03T07:50:26.033+0000] {processor.py:179} INFO - Processing /home/airflow/.local/lib/python3.8/site-packages/airflow/example_dags/example_dynamic_task_mapping_with_no_taskflow_operators.py took 0.130 seconds
[2023-10-03T07:50:56.145+0000] {processor.py:157} INFO - Started process (PID=112) to work on /home/airflow/.local/lib/python3.8/site-packages/airflow/example_dags/example_dynamic_task_mapping_with_no_taskflow_operators.py
[2023-10-03T07:50:56.146+0000] {processor.py:829} INFO - Processing file /home/airflow/.local/lib/python3.8/site-packages/airflow/example_dags/example_dynamic_task_mapping_with_no_taskflow_operators.py for tasks to queue
[2023-10-03T07:50:56.149+0000] {logging_mixin.py:151} INFO - [2023-10-03T07:50:56.149+0000] {dagbag.py:539} INFO - Filling up the DagBag from /home/airflow/.local/lib/python3.8/site-packages/airflow/example_dags/example_dynamic_task_mapping_with_no_taskflow_operators.py
[2023-10-03T07:50:56.159+0000] {processor.py:839} INFO - DAG(s) dict_keys(['example_dynamic_task_mapping_with_no_taskflow_operators']) retrieved from /home/airflow/.local/lib/python3.8/site-packages/airflow/example_dags/example_dynamic_task_mapping_with_no_taskflow_operators.py
[2023-10-03T07:50:56.173+0000] {logging_mixin.py:151} INFO - [2023-10-03T07:50:56.173+0000] {dag.py:2915} INFO - Sync 1 DAGs
[2023-10-03T07:50:56.186+0000] {logging_mixin.py:151} INFO - [2023-10-03T07:50:56.186+0000] {dag.py:3696} INFO - Setting next_dagrun for example_dynamic_task_mapping_with_no_taskflow_operators to 2023-10-02T07:50:56.186338+00:00, run_after=2023-10-03T07:50:56.186338+00:00
[2023-10-03T07:50:56.193+0000] {processor.py:179} INFO - Processing /home/airflow/.local/lib/python3.8/site-packages/airflow/example_dags/example_dynamic_task_mapping_with_no_taskflow_operators.py took 0.050 seconds
[2023-10-03T07:51:26.734+0000] {processor.py:157} INFO - Started process (PID=171) to work on /home/airflow/.local/lib/python3.8/site-packages/airflow/example_dags/example_dynamic_task_mapping_with_no_taskflow_operators.py
[2023-10-03T07:51:26.735+0000] {processor.py:829} INFO - Processing file /home/airflow/.local/lib/python3.8/site-packages/airflow/example_dags/example_dynamic_task_mapping_with_no_taskflow_operators.py for tasks to queue
[2023-10-03T07:51:26.737+0000] {logging_mixin.py:151} INFO - [2023-10-03T07:51:26.736+0000] {dagbag.py:539} INFO - Filling up the DagBag from /home/airflow/.local/lib/python3.8/site-packages/airflow/example_dags/example_dynamic_task_mapping_with_no_taskflow_operators.py
[2023-10-03T07:51:26.742+0000] {processor.py:839} INFO - DAG(s) dict_keys(['example_dynamic_task_mapping_with_no_taskflow_operators']) retrieved from /home/airflow/.local/lib/python3.8/site-packages/airflow/example_dags/example_dynamic_task_mapping_with_no_taskflow_operators.py
[2023-10-03T07:51:26.763+0000] {logging_mixin.py:151} INFO - [2023-10-03T07:51:26.763+0000] {dag.py:2915} INFO - Sync 1 DAGs
[2023-10-03T07:51:26.775+0000] {logging_mixin.py:151} INFO - [2023-10-03T07:51:26.775+0000] {dag.py:3696} INFO - Setting next_dagrun for example_dynamic_task_mapping_with_no_taskflow_operators to 2023-10-02T07:51:26.775221+00:00, run_after=2023-10-03T07:51:26.775221+00:00
[2023-10-03T07:51:26.785+0000] {processor.py:179} INFO - Processing /home/airflow/.local/lib/python3.8/site-packages/airflow/example_dags/example_dynamic_task_mapping_with_no_taskflow_operators.py took 0.053 seconds
[2023-10-03T07:57:14.323+0000] {processor.py:157} INFO - Started process (PID=53) to work on /home/airflow/.local/lib/python3.8/site-packages/airflow/example_dags/example_dynamic_task_mapping_with_no_taskflow_operators.py
[2023-10-03T07:57:14.326+0000] {processor.py:829} INFO - Processing file /home/airflow/.local/lib/python3.8/site-packages/airflow/example_dags/example_dynamic_task_mapping_with_no_taskflow_operators.py for tasks to queue
[2023-10-03T07:57:14.329+0000] {logging_mixin.py:151} INFO - [2023-10-03T07:57:14.329+0000] {dagbag.py:539} INFO - Filling up the DagBag from /home/airflow/.local/lib/python3.8/site-packages/airflow/example_dags/example_dynamic_task_mapping_with_no_taskflow_operators.py
[2023-10-03T07:57:14.344+0000] {processor.py:839} INFO - DAG(s) dict_keys(['example_dynamic_task_mapping_with_no_taskflow_operators']) retrieved from /home/airflow/.local/lib/python3.8/site-packages/airflow/example_dags/example_dynamic_task_mapping_with_no_taskflow_operators.py
[2023-10-03T07:57:14.353+0000] {logging_mixin.py:151} INFO - [2023-10-03T07:57:14.353+0000] {dag.py:2915} INFO - Sync 1 DAGs
[2023-10-03T07:57:14.367+0000] {logging_mixin.py:151} INFO - [2023-10-03T07:57:14.367+0000] {dag.py:3696} INFO - Setting next_dagrun for example_dynamic_task_mapping_with_no_taskflow_operators to 2023-10-02T07:57:14.367679+00:00, run_after=2023-10-03T07:57:14.367679+00:00
[2023-10-03T07:57:14.376+0000] {processor.py:179} INFO - Processing /home/airflow/.local/lib/python3.8/site-packages/airflow/example_dags/example_dynamic_task_mapping_with_no_taskflow_operators.py took 0.059 seconds
[2023-10-03T07:57:45.311+0000] {processor.py:157} INFO - Started process (PID=112) to work on /home/airflow/.local/lib/python3.8/site-packages/airflow/example_dags/example_dynamic_task_mapping_with_no_taskflow_operators.py
[2023-10-03T07:57:45.312+0000] {processor.py:829} INFO - Processing file /home/airflow/.local/lib/python3.8/site-packages/airflow/example_dags/example_dynamic_task_mapping_with_no_taskflow_operators.py for tasks to queue
[2023-10-03T07:57:45.313+0000] {logging_mixin.py:151} INFO - [2023-10-03T07:57:45.313+0000] {dagbag.py:539} INFO - Filling up the DagBag from /home/airflow/.local/lib/python3.8/site-packages/airflow/example_dags/example_dynamic_task_mapping_with_no_taskflow_operators.py
[2023-10-03T07:57:45.317+0000] {processor.py:839} INFO - DAG(s) dict_keys(['example_dynamic_task_mapping_with_no_taskflow_operators']) retrieved from /home/airflow/.local/lib/python3.8/site-packages/airflow/example_dags/example_dynamic_task_mapping_with_no_taskflow_operators.py
[2023-10-03T07:57:45.328+0000] {logging_mixin.py:151} INFO - [2023-10-03T07:57:45.328+0000] {dag.py:2915} INFO - Sync 1 DAGs
[2023-10-03T07:57:45.341+0000] {logging_mixin.py:151} INFO - [2023-10-03T07:57:45.341+0000] {dag.py:3696} INFO - Setting next_dagrun for example_dynamic_task_mapping_with_no_taskflow_operators to 2023-10-02T07:57:45.341664+00:00, run_after=2023-10-03T07:57:45.341664+00:00
[2023-10-03T07:57:45.349+0000] {processor.py:179} INFO - Processing /home/airflow/.local/lib/python3.8/site-packages/airflow/example_dags/example_dynamic_task_mapping_with_no_taskflow_operators.py took 0.040 seconds
[2023-10-03T07:58:15.665+0000] {processor.py:157} INFO - Started process (PID=171) to work on /home/airflow/.local/lib/python3.8/site-packages/airflow/example_dags/example_dynamic_task_mapping_with_no_taskflow_operators.py
[2023-10-03T07:58:15.666+0000] {processor.py:829} INFO - Processing file /home/airflow/.local/lib/python3.8/site-packages/airflow/example_dags/example_dynamic_task_mapping_with_no_taskflow_operators.py for tasks to queue
[2023-10-03T07:58:15.667+0000] {logging_mixin.py:151} INFO - [2023-10-03T07:58:15.667+0000] {dagbag.py:539} INFO - Filling up the DagBag from /home/airflow/.local/lib/python3.8/site-packages/airflow/example_dags/example_dynamic_task_mapping_with_no_taskflow_operators.py
[2023-10-03T07:58:15.672+0000] {processor.py:839} INFO - DAG(s) dict_keys(['example_dynamic_task_mapping_with_no_taskflow_operators']) retrieved from /home/airflow/.local/lib/python3.8/site-packages/airflow/example_dags/example_dynamic_task_mapping_with_no_taskflow_operators.py
[2023-10-03T07:58:15.682+0000] {logging_mixin.py:151} INFO - [2023-10-03T07:58:15.682+0000] {dag.py:2915} INFO - Sync 1 DAGs
[2023-10-03T07:58:15.695+0000] {logging_mixin.py:151} INFO - [2023-10-03T07:58:15.695+0000] {dag.py:3696} INFO - Setting next_dagrun for example_dynamic_task_mapping_with_no_taskflow_operators to 2023-10-02T07:58:15.694578+00:00, run_after=2023-10-03T07:58:15.694578+00:00
[2023-10-03T07:58:15.706+0000] {processor.py:179} INFO - Processing /home/airflow/.local/lib/python3.8/site-packages/airflow/example_dags/example_dynamic_task_mapping_with_no_taskflow_operators.py took 0.043 seconds
[2023-10-03T07:58:45.837+0000] {processor.py:157} INFO - Started process (PID=230) to work on /home/airflow/.local/lib/python3.8/site-packages/airflow/example_dags/example_dynamic_task_mapping_with_no_taskflow_operators.py
[2023-10-03T07:58:45.838+0000] {processor.py:829} INFO - Processing file /home/airflow/.local/lib/python3.8/site-packages/airflow/example_dags/example_dynamic_task_mapping_with_no_taskflow_operators.py for tasks to queue
[2023-10-03T07:58:45.839+0000] {logging_mixin.py:151} INFO - [2023-10-03T07:58:45.839+0000] {dagbag.py:539} INFO - Filling up the DagBag from /home/airflow/.local/lib/python3.8/site-packages/airflow/example_dags/example_dynamic_task_mapping_with_no_taskflow_operators.py
[2023-10-03T07:58:45.843+0000] {processor.py:839} INFO - DAG(s) dict_keys(['example_dynamic_task_mapping_with_no_taskflow_operators']) retrieved from /home/airflow/.local/lib/python3.8/site-packages/airflow/example_dags/example_dynamic_task_mapping_with_no_taskflow_operators.py
[2023-10-03T07:58:45.852+0000] {logging_mixin.py:151} INFO - [2023-10-03T07:58:45.852+0000] {dag.py:2915} INFO - Sync 1 DAGs
[2023-10-03T07:58:45.862+0000] {logging_mixin.py:151} INFO - [2023-10-03T07:58:45.862+0000] {dag.py:3696} INFO - Setting next_dagrun for example_dynamic_task_mapping_with_no_taskflow_operators to 2023-10-02T07:58:45.862330+00:00, run_after=2023-10-03T07:58:45.862330+00:00
[2023-10-03T07:58:45.870+0000] {processor.py:179} INFO - Processing /home/airflow/.local/lib/python3.8/site-packages/airflow/example_dags/example_dynamic_task_mapping_with_no_taskflow_operators.py took 0.035 seconds
[2023-10-03T07:59:17.145+0000] {processor.py:157} INFO - Started process (PID=289) to work on /home/airflow/.local/lib/python3.8/site-packages/airflow/example_dags/example_dynamic_task_mapping_with_no_taskflow_operators.py
[2023-10-03T07:59:17.146+0000] {processor.py:829} INFO - Processing file /home/airflow/.local/lib/python3.8/site-packages/airflow/example_dags/example_dynamic_task_mapping_with_no_taskflow_operators.py for tasks to queue
[2023-10-03T07:59:17.147+0000] {logging_mixin.py:151} INFO - [2023-10-03T07:59:17.147+0000] {dagbag.py:539} INFO - Filling up the DagBag from /home/airflow/.local/lib/python3.8/site-packages/airflow/example_dags/example_dynamic_task_mapping_with_no_taskflow_operators.py
[2023-10-03T07:59:17.151+0000] {processor.py:839} INFO - DAG(s) dict_keys(['example_dynamic_task_mapping_with_no_taskflow_operators']) retrieved from /home/airflow/.local/lib/python3.8/site-packages/airflow/example_dags/example_dynamic_task_mapping_with_no_taskflow_operators.py
[2023-10-03T07:59:17.160+0000] {logging_mixin.py:151} INFO - [2023-10-03T07:59:17.160+0000] {dag.py:2915} INFO - Sync 1 DAGs
[2023-10-03T07:59:17.171+0000] {logging_mixin.py:151} INFO - [2023-10-03T07:59:17.170+0000] {dag.py:3696} INFO - Setting next_dagrun for example_dynamic_task_mapping_with_no_taskflow_operators to 2023-10-02T07:59:17.170788+00:00, run_after=2023-10-03T07:59:17.170788+00:00
[2023-10-03T07:59:17.179+0000] {processor.py:179} INFO - Processing /home/airflow/.local/lib/python3.8/site-packages/airflow/example_dags/example_dynamic_task_mapping_with_no_taskflow_operators.py took 0.035 seconds
[2023-10-03T07:59:47.770+0000] {processor.py:157} INFO - Started process (PID=348) to work on /home/airflow/.local/lib/python3.8/site-packages/airflow/example_dags/example_dynamic_task_mapping_with_no_taskflow_operators.py
[2023-10-03T07:59:47.771+0000] {processor.py:829} INFO - Processing file /home/airflow/.local/lib/python3.8/site-packages/airflow/example_dags/example_dynamic_task_mapping_with_no_taskflow_operators.py for tasks to queue
[2023-10-03T07:59:47.772+0000] {logging_mixin.py:151} INFO - [2023-10-03T07:59:47.772+0000] {dagbag.py:539} INFO - Filling up the DagBag from /home/airflow/.local/lib/python3.8/site-packages/airflow/example_dags/example_dynamic_task_mapping_with_no_taskflow_operators.py
[2023-10-03T07:59:47.776+0000] {processor.py:839} INFO - DAG(s) dict_keys(['example_dynamic_task_mapping_with_no_taskflow_operators']) retrieved from /home/airflow/.local/lib/python3.8/site-packages/airflow/example_dags/example_dynamic_task_mapping_with_no_taskflow_operators.py
[2023-10-03T07:59:47.785+0000] {logging_mixin.py:151} INFO - [2023-10-03T07:59:47.785+0000] {dag.py:2915} INFO - Sync 1 DAGs
[2023-10-03T07:59:47.794+0000] {logging_mixin.py:151} INFO - [2023-10-03T07:59:47.794+0000] {dag.py:3696} INFO - Setting next_dagrun for example_dynamic_task_mapping_with_no_taskflow_operators to 2023-10-02T07:59:47.794563+00:00, run_after=2023-10-03T07:59:47.794563+00:00
[2023-10-03T07:59:47.802+0000] {processor.py:179} INFO - Processing /home/airflow/.local/lib/python3.8/site-packages/airflow/example_dags/example_dynamic_task_mapping_with_no_taskflow_operators.py took 0.034 seconds
[2023-10-03T08:00:19.079+0000] {processor.py:157} INFO - Started process (PID=407) to work on /home/airflow/.local/lib/python3.8/site-packages/airflow/example_dags/example_dynamic_task_mapping_with_no_taskflow_operators.py
[2023-10-03T08:00:19.081+0000] {processor.py:829} INFO - Processing file /home/airflow/.local/lib/python3.8/site-packages/airflow/example_dags/example_dynamic_task_mapping_with_no_taskflow_operators.py for tasks to queue
[2023-10-03T08:00:19.082+0000] {logging_mixin.py:151} INFO - [2023-10-03T08:00:19.082+0000] {dagbag.py:539} INFO - Filling up the DagBag from /home/airflow/.local/lib/python3.8/site-packages/airflow/example_dags/example_dynamic_task_mapping_with_no_taskflow_operators.py
[2023-10-03T08:00:19.087+0000] {processor.py:839} INFO - DAG(s) dict_keys(['example_dynamic_task_mapping_with_no_taskflow_operators']) retrieved from /home/airflow/.local/lib/python3.8/site-packages/airflow/example_dags/example_dynamic_task_mapping_with_no_taskflow_operators.py
[2023-10-03T08:00:19.097+0000] {logging_mixin.py:151} INFO - [2023-10-03T08:00:19.097+0000] {dag.py:2915} INFO - Sync 1 DAGs
[2023-10-03T08:00:19.107+0000] {logging_mixin.py:151} INFO - [2023-10-03T08:00:19.107+0000] {dag.py:3696} INFO - Setting next_dagrun for example_dynamic_task_mapping_with_no_taskflow_operators to 2023-10-02T08:00:19.106906+00:00, run_after=2023-10-03T08:00:19.106906+00:00
[2023-10-03T08:00:19.114+0000] {processor.py:179} INFO - Processing /home/airflow/.local/lib/python3.8/site-packages/airflow/example_dags/example_dynamic_task_mapping_with_no_taskflow_operators.py took 0.037 seconds
[2023-10-03T08:00:50.348+0000] {processor.py:157} INFO - Started process (PID=466) to work on /home/airflow/.local/lib/python3.8/site-packages/airflow/example_dags/example_dynamic_task_mapping_with_no_taskflow_operators.py
[2023-10-03T08:00:50.349+0000] {processor.py:829} INFO - Processing file /home/airflow/.local/lib/python3.8/site-packages/airflow/example_dags/example_dynamic_task_mapping_with_no_taskflow_operators.py for tasks to queue
[2023-10-03T08:00:50.350+0000] {logging_mixin.py:151} INFO - [2023-10-03T08:00:50.350+0000] {dagbag.py:539} INFO - Filling up the DagBag from /home/airflow/.local/lib/python3.8/site-packages/airflow/example_dags/example_dynamic_task_mapping_with_no_taskflow_operators.py
[2023-10-03T08:00:50.354+0000] {processor.py:839} INFO - DAG(s) dict_keys(['example_dynamic_task_mapping_with_no_taskflow_operators']) retrieved from /home/airflow/.local/lib/python3.8/site-packages/airflow/example_dags/example_dynamic_task_mapping_with_no_taskflow_operators.py
[2023-10-03T08:00:50.364+0000] {logging_mixin.py:151} INFO - [2023-10-03T08:00:50.364+0000] {dag.py:2915} INFO - Sync 1 DAGs
[2023-10-03T08:00:50.373+0000] {logging_mixin.py:151} INFO - [2023-10-03T08:00:50.373+0000] {dag.py:3696} INFO - Setting next_dagrun for example_dynamic_task_mapping_with_no_taskflow_operators to 2023-10-02T08:00:50.373541+00:00, run_after=2023-10-03T08:00:50.373541+00:00
[2023-10-03T08:00:50.380+0000] {processor.py:179} INFO - Processing /home/airflow/.local/lib/python3.8/site-packages/airflow/example_dags/example_dynamic_task_mapping_with_no_taskflow_operators.py took 0.034 seconds
[2023-10-03T08:01:21.355+0000] {processor.py:157} INFO - Started process (PID=525) to work on /home/airflow/.local/lib/python3.8/site-packages/airflow/example_dags/example_dynamic_task_mapping_with_no_taskflow_operators.py
[2023-10-03T08:01:21.356+0000] {processor.py:829} INFO - Processing file /home/airflow/.local/lib/python3.8/site-packages/airflow/example_dags/example_dynamic_task_mapping_with_no_taskflow_operators.py for tasks to queue
[2023-10-03T08:01:21.357+0000] {logging_mixin.py:151} INFO - [2023-10-03T08:01:21.357+0000] {dagbag.py:539} INFO - Filling up the DagBag from /home/airflow/.local/lib/python3.8/site-packages/airflow/example_dags/example_dynamic_task_mapping_with_no_taskflow_operators.py
[2023-10-03T08:01:21.361+0000] {processor.py:839} INFO - DAG(s) dict_keys(['example_dynamic_task_mapping_with_no_taskflow_operators']) retrieved from /home/airflow/.local/lib/python3.8/site-packages/airflow/example_dags/example_dynamic_task_mapping_with_no_taskflow_operators.py
[2023-10-03T08:01:21.370+0000] {logging_mixin.py:151} INFO - [2023-10-03T08:01:21.370+0000] {dag.py:2915} INFO - Sync 1 DAGs
[2023-10-03T08:01:21.379+0000] {logging_mixin.py:151} INFO - [2023-10-03T08:01:21.379+0000] {dag.py:3696} INFO - Setting next_dagrun for example_dynamic_task_mapping_with_no_taskflow_operators to 2023-10-02T08:01:21.379661+00:00, run_after=2023-10-03T08:01:21.379661+00:00
[2023-10-03T08:01:21.386+0000] {processor.py:179} INFO - Processing /home/airflow/.local/lib/python3.8/site-packages/airflow/example_dags/example_dynamic_task_mapping_with_no_taskflow_operators.py took 0.033 seconds
[2023-10-03T08:01:52.437+0000] {processor.py:157} INFO - Started process (PID=584) to work on /home/airflow/.local/lib/python3.8/site-packages/airflow/example_dags/example_dynamic_task_mapping_with_no_taskflow_operators.py
[2023-10-03T08:01:52.438+0000] {processor.py:829} INFO - Processing file /home/airflow/.local/lib/python3.8/site-packages/airflow/example_dags/example_dynamic_task_mapping_with_no_taskflow_operators.py for tasks to queue
[2023-10-03T08:01:52.439+0000] {logging_mixin.py:151} INFO - [2023-10-03T08:01:52.439+0000] {dagbag.py:539} INFO - Filling up the DagBag from /home/airflow/.local/lib/python3.8/site-packages/airflow/example_dags/example_dynamic_task_mapping_with_no_taskflow_operators.py
[2023-10-03T08:01:52.443+0000] {processor.py:839} INFO - DAG(s) dict_keys(['example_dynamic_task_mapping_with_no_taskflow_operators']) retrieved from /home/airflow/.local/lib/python3.8/site-packages/airflow/example_dags/example_dynamic_task_mapping_with_no_taskflow_operators.py
[2023-10-03T08:01:52.452+0000] {logging_mixin.py:151} INFO - [2023-10-03T08:01:52.452+0000] {dag.py:2915} INFO - Sync 1 DAGs
[2023-10-03T08:01:52.461+0000] {logging_mixin.py:151} INFO - [2023-10-03T08:01:52.461+0000] {dag.py:3696} INFO - Setting next_dagrun for example_dynamic_task_mapping_with_no_taskflow_operators to 2023-10-02T08:01:52.461713+00:00, run_after=2023-10-03T08:01:52.461713+00:00
[2023-10-03T08:01:52.469+0000] {processor.py:179} INFO - Processing /home/airflow/.local/lib/python3.8/site-packages/airflow/example_dags/example_dynamic_task_mapping_with_no_taskflow_operators.py took 0.034 seconds
[2023-10-03T08:02:22.901+0000] {processor.py:157} INFO - Started process (PID=643) to work on /home/airflow/.local/lib/python3.8/site-packages/airflow/example_dags/example_dynamic_task_mapping_with_no_taskflow_operators.py
[2023-10-03T08:02:22.902+0000] {processor.py:829} INFO - Processing file /home/airflow/.local/lib/python3.8/site-packages/airflow/example_dags/example_dynamic_task_mapping_with_no_taskflow_operators.py for tasks to queue
[2023-10-03T08:02:22.904+0000] {logging_mixin.py:151} INFO - [2023-10-03T08:02:22.904+0000] {dagbag.py:539} INFO - Filling up the DagBag from /home/airflow/.local/lib/python3.8/site-packages/airflow/example_dags/example_dynamic_task_mapping_with_no_taskflow_operators.py
[2023-10-03T08:02:22.911+0000] {processor.py:839} INFO - DAG(s) dict_keys(['example_dynamic_task_mapping_with_no_taskflow_operators']) retrieved from /home/airflow/.local/lib/python3.8/site-packages/airflow/example_dags/example_dynamic_task_mapping_with_no_taskflow_operators.py
[2023-10-03T08:02:22.922+0000] {logging_mixin.py:151} INFO - [2023-10-03T08:02:22.921+0000] {dag.py:2915} INFO - Sync 1 DAGs
[2023-10-03T08:02:22.931+0000] {logging_mixin.py:151} INFO - [2023-10-03T08:02:22.931+0000] {dag.py:3696} INFO - Setting next_dagrun for example_dynamic_task_mapping_with_no_taskflow_operators to 2023-10-02T08:02:22.931032+00:00, run_after=2023-10-03T08:02:22.931032+00:00
[2023-10-03T08:02:22.944+0000] {processor.py:179} INFO - Processing /home/airflow/.local/lib/python3.8/site-packages/airflow/example_dags/example_dynamic_task_mapping_with_no_taskflow_operators.py took 0.046 seconds
[2023-10-03T08:02:53.422+0000] {processor.py:157} INFO - Started process (PID=702) to work on /home/airflow/.local/lib/python3.8/site-packages/airflow/example_dags/example_dynamic_task_mapping_with_no_taskflow_operators.py
[2023-10-03T08:02:53.423+0000] {processor.py:829} INFO - Processing file /home/airflow/.local/lib/python3.8/site-packages/airflow/example_dags/example_dynamic_task_mapping_with_no_taskflow_operators.py for tasks to queue
[2023-10-03T08:02:53.424+0000] {logging_mixin.py:151} INFO - [2023-10-03T08:02:53.424+0000] {dagbag.py:539} INFO - Filling up the DagBag from /home/airflow/.local/lib/python3.8/site-packages/airflow/example_dags/example_dynamic_task_mapping_with_no_taskflow_operators.py
[2023-10-03T08:02:53.428+0000] {processor.py:839} INFO - DAG(s) dict_keys(['example_dynamic_task_mapping_with_no_taskflow_operators']) retrieved from /home/airflow/.local/lib/python3.8/site-packages/airflow/example_dags/example_dynamic_task_mapping_with_no_taskflow_operators.py
[2023-10-03T08:02:53.440+0000] {logging_mixin.py:151} INFO - [2023-10-03T08:02:53.440+0000] {dag.py:2915} INFO - Sync 1 DAGs
[2023-10-03T08:02:53.451+0000] {logging_mixin.py:151} INFO - [2023-10-03T08:02:53.451+0000] {dag.py:3696} INFO - Setting next_dagrun for example_dynamic_task_mapping_with_no_taskflow_operators to 2023-10-02T08:02:53.450864+00:00, run_after=2023-10-03T08:02:53.450864+00:00
[2023-10-03T08:02:53.458+0000] {processor.py:179} INFO - Processing /home/airflow/.local/lib/python3.8/site-packages/airflow/example_dags/example_dynamic_task_mapping_with_no_taskflow_operators.py took 0.039 seconds
[2023-10-03T08:03:23.699+0000] {processor.py:157} INFO - Started process (PID=761) to work on /home/airflow/.local/lib/python3.8/site-packages/airflow/example_dags/example_dynamic_task_mapping_with_no_taskflow_operators.py
[2023-10-03T08:03:23.699+0000] {processor.py:829} INFO - Processing file /home/airflow/.local/lib/python3.8/site-packages/airflow/example_dags/example_dynamic_task_mapping_with_no_taskflow_operators.py for tasks to queue
[2023-10-03T08:03:23.701+0000] {logging_mixin.py:151} INFO - [2023-10-03T08:03:23.700+0000] {dagbag.py:539} INFO - Filling up the DagBag from /home/airflow/.local/lib/python3.8/site-packages/airflow/example_dags/example_dynamic_task_mapping_with_no_taskflow_operators.py
[2023-10-03T08:03:23.704+0000] {processor.py:839} INFO - DAG(s) dict_keys(['example_dynamic_task_mapping_with_no_taskflow_operators']) retrieved from /home/airflow/.local/lib/python3.8/site-packages/airflow/example_dags/example_dynamic_task_mapping_with_no_taskflow_operators.py
[2023-10-03T08:03:23.714+0000] {logging_mixin.py:151} INFO - [2023-10-03T08:03:23.714+0000] {dag.py:2915} INFO - Sync 1 DAGs
[2023-10-03T08:03:23.724+0000] {logging_mixin.py:151} INFO - [2023-10-03T08:03:23.724+0000] {dag.py:3696} INFO - Setting next_dagrun for example_dynamic_task_mapping_with_no_taskflow_operators to 2023-10-02T08:03:23.724782+00:00, run_after=2023-10-03T08:03:23.724782+00:00
[2023-10-03T08:03:23.732+0000] {processor.py:179} INFO - Processing /home/airflow/.local/lib/python3.8/site-packages/airflow/example_dags/example_dynamic_task_mapping_with_no_taskflow_operators.py took 0.035 seconds
[2023-10-03T08:03:54.077+0000] {processor.py:157} INFO - Started process (PID=820) to work on /home/airflow/.local/lib/python3.8/site-packages/airflow/example_dags/example_dynamic_task_mapping_with_no_taskflow_operators.py
[2023-10-03T08:03:54.077+0000] {processor.py:829} INFO - Processing file /home/airflow/.local/lib/python3.8/site-packages/airflow/example_dags/example_dynamic_task_mapping_with_no_taskflow_operators.py for tasks to queue
[2023-10-03T08:03:54.079+0000] {logging_mixin.py:151} INFO - [2023-10-03T08:03:54.079+0000] {dagbag.py:539} INFO - Filling up the DagBag from /home/airflow/.local/lib/python3.8/site-packages/airflow/example_dags/example_dynamic_task_mapping_with_no_taskflow_operators.py
[2023-10-03T08:03:54.083+0000] {processor.py:839} INFO - DAG(s) dict_keys(['example_dynamic_task_mapping_with_no_taskflow_operators']) retrieved from /home/airflow/.local/lib/python3.8/site-packages/airflow/example_dags/example_dynamic_task_mapping_with_no_taskflow_operators.py
[2023-10-03T08:03:54.092+0000] {logging_mixin.py:151} INFO - [2023-10-03T08:03:54.092+0000] {dag.py:2915} INFO - Sync 1 DAGs
[2023-10-03T08:03:54.101+0000] {logging_mixin.py:151} INFO - [2023-10-03T08:03:54.101+0000] {dag.py:3696} INFO - Setting next_dagrun for example_dynamic_task_mapping_with_no_taskflow_operators to 2023-10-02T08:03:54.101216+00:00, run_after=2023-10-03T08:03:54.101216+00:00
[2023-10-03T08:03:54.109+0000] {processor.py:179} INFO - Processing /home/airflow/.local/lib/python3.8/site-packages/airflow/example_dags/example_dynamic_task_mapping_with_no_taskflow_operators.py took 0.034 seconds
[2023-10-03T08:04:24.458+0000] {processor.py:157} INFO - Started process (PID=879) to work on /home/airflow/.local/lib/python3.8/site-packages/airflow/example_dags/example_dynamic_task_mapping_with_no_taskflow_operators.py
[2023-10-03T08:04:24.459+0000] {processor.py:829} INFO - Processing file /home/airflow/.local/lib/python3.8/site-packages/airflow/example_dags/example_dynamic_task_mapping_with_no_taskflow_operators.py for tasks to queue
[2023-10-03T08:04:24.461+0000] {logging_mixin.py:151} INFO - [2023-10-03T08:04:24.460+0000] {dagbag.py:539} INFO - Filling up the DagBag from /home/airflow/.local/lib/python3.8/site-packages/airflow/example_dags/example_dynamic_task_mapping_with_no_taskflow_operators.py
[2023-10-03T08:04:24.465+0000] {processor.py:839} INFO - DAG(s) dict_keys(['example_dynamic_task_mapping_with_no_taskflow_operators']) retrieved from /home/airflow/.local/lib/python3.8/site-packages/airflow/example_dags/example_dynamic_task_mapping_with_no_taskflow_operators.py
[2023-10-03T08:04:24.474+0000] {logging_mixin.py:151} INFO - [2023-10-03T08:04:24.474+0000] {dag.py:2915} INFO - Sync 1 DAGs
[2023-10-03T08:04:24.485+0000] {logging_mixin.py:151} INFO - [2023-10-03T08:04:24.485+0000] {dag.py:3696} INFO - Setting next_dagrun for example_dynamic_task_mapping_with_no_taskflow_operators to 2023-10-02T08:04:24.485115+00:00, run_after=2023-10-03T08:04:24.485115+00:00
[2023-10-03T08:04:24.493+0000] {processor.py:179} INFO - Processing /home/airflow/.local/lib/python3.8/site-packages/airflow/example_dags/example_dynamic_task_mapping_with_no_taskflow_operators.py took 0.037 seconds
[2023-10-03T08:04:55.214+0000] {processor.py:157} INFO - Started process (PID=938) to work on /home/airflow/.local/lib/python3.8/site-packages/airflow/example_dags/example_dynamic_task_mapping_with_no_taskflow_operators.py
[2023-10-03T08:04:55.215+0000] {processor.py:829} INFO - Processing file /home/airflow/.local/lib/python3.8/site-packages/airflow/example_dags/example_dynamic_task_mapping_with_no_taskflow_operators.py for tasks to queue
[2023-10-03T08:04:55.216+0000] {logging_mixin.py:151} INFO - [2023-10-03T08:04:55.216+0000] {dagbag.py:539} INFO - Filling up the DagBag from /home/airflow/.local/lib/python3.8/site-packages/airflow/example_dags/example_dynamic_task_mapping_with_no_taskflow_operators.py
[2023-10-03T08:04:55.220+0000] {processor.py:839} INFO - DAG(s) dict_keys(['example_dynamic_task_mapping_with_no_taskflow_operators']) retrieved from /home/airflow/.local/lib/python3.8/site-packages/airflow/example_dags/example_dynamic_task_mapping_with_no_taskflow_operators.py
[2023-10-03T08:04:55.230+0000] {logging_mixin.py:151} INFO - [2023-10-03T08:04:55.230+0000] {dag.py:2915} INFO - Sync 1 DAGs
[2023-10-03T08:04:55.240+0000] {logging_mixin.py:151} INFO - [2023-10-03T08:04:55.240+0000] {dag.py:3696} INFO - Setting next_dagrun for example_dynamic_task_mapping_with_no_taskflow_operators to 2023-10-02T08:04:55.240496+00:00, run_after=2023-10-03T08:04:55.240496+00:00
[2023-10-03T08:04:55.248+0000] {processor.py:179} INFO - Processing /home/airflow/.local/lib/python3.8/site-packages/airflow/example_dags/example_dynamic_task_mapping_with_no_taskflow_operators.py took 0.036 seconds
[2023-10-03T08:05:26.245+0000] {processor.py:157} INFO - Started process (PID=997) to work on /home/airflow/.local/lib/python3.8/site-packages/airflow/example_dags/example_dynamic_task_mapping_with_no_taskflow_operators.py
[2023-10-03T08:05:26.246+0000] {processor.py:829} INFO - Processing file /home/airflow/.local/lib/python3.8/site-packages/airflow/example_dags/example_dynamic_task_mapping_with_no_taskflow_operators.py for tasks to queue
[2023-10-03T08:05:26.247+0000] {logging_mixin.py:151} INFO - [2023-10-03T08:05:26.247+0000] {dagbag.py:539} INFO - Filling up the DagBag from /home/airflow/.local/lib/python3.8/site-packages/airflow/example_dags/example_dynamic_task_mapping_with_no_taskflow_operators.py
[2023-10-03T08:05:26.254+0000] {processor.py:839} INFO - DAG(s) dict_keys(['example_dynamic_task_mapping_with_no_taskflow_operators']) retrieved from /home/airflow/.local/lib/python3.8/site-packages/airflow/example_dags/example_dynamic_task_mapping_with_no_taskflow_operators.py
[2023-10-03T08:05:26.269+0000] {logging_mixin.py:151} INFO - [2023-10-03T08:05:26.269+0000] {dag.py:2915} INFO - Sync 1 DAGs
[2023-10-03T08:05:26.279+0000] {logging_mixin.py:151} INFO - [2023-10-03T08:05:26.279+0000] {dag.py:3696} INFO - Setting next_dagrun for example_dynamic_task_mapping_with_no_taskflow_operators to 2023-10-02T08:05:26.279320+00:00, run_after=2023-10-03T08:05:26.279320+00:00
[2023-10-03T08:05:26.287+0000] {processor.py:179} INFO - Processing /home/airflow/.local/lib/python3.8/site-packages/airflow/example_dags/example_dynamic_task_mapping_with_no_taskflow_operators.py took 0.044 seconds
[2023-10-03T08:05:56.562+0000] {processor.py:157} INFO - Started process (PID=1056) to work on /home/airflow/.local/lib/python3.8/site-packages/airflow/example_dags/example_dynamic_task_mapping_with_no_taskflow_operators.py
[2023-10-03T08:05:56.563+0000] {processor.py:829} INFO - Processing file /home/airflow/.local/lib/python3.8/site-packages/airflow/example_dags/example_dynamic_task_mapping_with_no_taskflow_operators.py for tasks to queue
[2023-10-03T08:05:56.564+0000] {logging_mixin.py:151} INFO - [2023-10-03T08:05:56.564+0000] {dagbag.py:539} INFO - Filling up the DagBag from /home/airflow/.local/lib/python3.8/site-packages/airflow/example_dags/example_dynamic_task_mapping_with_no_taskflow_operators.py
[2023-10-03T08:05:56.568+0000] {processor.py:839} INFO - DAG(s) dict_keys(['example_dynamic_task_mapping_with_no_taskflow_operators']) retrieved from /home/airflow/.local/lib/python3.8/site-packages/airflow/example_dags/example_dynamic_task_mapping_with_no_taskflow_operators.py
[2023-10-03T08:05:56.579+0000] {logging_mixin.py:151} INFO - [2023-10-03T08:05:56.578+0000] {dag.py:2915} INFO - Sync 1 DAGs
[2023-10-03T08:05:56.588+0000] {logging_mixin.py:151} INFO - [2023-10-03T08:05:56.588+0000] {dag.py:3696} INFO - Setting next_dagrun for example_dynamic_task_mapping_with_no_taskflow_operators to 2023-10-02T08:05:56.588557+00:00, run_after=2023-10-03T08:05:56.588557+00:00
[2023-10-03T08:05:56.596+0000] {processor.py:179} INFO - Processing /home/airflow/.local/lib/python3.8/site-packages/airflow/example_dags/example_dynamic_task_mapping_with_no_taskflow_operators.py took 0.035 seconds
[2023-10-03T08:06:26.766+0000] {processor.py:157} INFO - Started process (PID=1115) to work on /home/airflow/.local/lib/python3.8/site-packages/airflow/example_dags/example_dynamic_task_mapping_with_no_taskflow_operators.py
[2023-10-03T08:06:26.767+0000] {processor.py:829} INFO - Processing file /home/airflow/.local/lib/python3.8/site-packages/airflow/example_dags/example_dynamic_task_mapping_with_no_taskflow_operators.py for tasks to queue
[2023-10-03T08:06:26.769+0000] {logging_mixin.py:151} INFO - [2023-10-03T08:06:26.769+0000] {dagbag.py:539} INFO - Filling up the DagBag from /home/airflow/.local/lib/python3.8/site-packages/airflow/example_dags/example_dynamic_task_mapping_with_no_taskflow_operators.py
[2023-10-03T08:06:26.774+0000] {processor.py:839} INFO - DAG(s) dict_keys(['example_dynamic_task_mapping_with_no_taskflow_operators']) retrieved from /home/airflow/.local/lib/python3.8/site-packages/airflow/example_dags/example_dynamic_task_mapping_with_no_taskflow_operators.py
[2023-10-03T08:06:26.787+0000] {logging_mixin.py:151} INFO - [2023-10-03T08:06:26.787+0000] {dag.py:2915} INFO - Sync 1 DAGs
[2023-10-03T08:06:26.798+0000] {logging_mixin.py:151} INFO - [2023-10-03T08:06:26.798+0000] {dag.py:3696} INFO - Setting next_dagrun for example_dynamic_task_mapping_with_no_taskflow_operators to 2023-10-02T08:06:26.797954+00:00, run_after=2023-10-03T08:06:26.797954+00:00
[2023-10-03T08:06:26.806+0000] {processor.py:179} INFO - Processing /home/airflow/.local/lib/python3.8/site-packages/airflow/example_dags/example_dynamic_task_mapping_with_no_taskflow_operators.py took 0.042 seconds
[2023-10-03T08:06:57.817+0000] {processor.py:157} INFO - Started process (PID=1174) to work on /home/airflow/.local/lib/python3.8/site-packages/airflow/example_dags/example_dynamic_task_mapping_with_no_taskflow_operators.py
[2023-10-03T08:06:57.819+0000] {processor.py:829} INFO - Processing file /home/airflow/.local/lib/python3.8/site-packages/airflow/example_dags/example_dynamic_task_mapping_with_no_taskflow_operators.py for tasks to queue
[2023-10-03T08:06:57.821+0000] {logging_mixin.py:151} INFO - [2023-10-03T08:06:57.821+0000] {dagbag.py:539} INFO - Filling up the DagBag from /home/airflow/.local/lib/python3.8/site-packages/airflow/example_dags/example_dynamic_task_mapping_with_no_taskflow_operators.py
[2023-10-03T08:06:57.826+0000] {processor.py:839} INFO - DAG(s) dict_keys(['example_dynamic_task_mapping_with_no_taskflow_operators']) retrieved from /home/airflow/.local/lib/python3.8/site-packages/airflow/example_dags/example_dynamic_task_mapping_with_no_taskflow_operators.py
[2023-10-03T08:06:57.836+0000] {logging_mixin.py:151} INFO - [2023-10-03T08:06:57.836+0000] {dag.py:2915} INFO - Sync 1 DAGs
[2023-10-03T08:06:57.846+0000] {logging_mixin.py:151} INFO - [2023-10-03T08:06:57.846+0000] {dag.py:3696} INFO - Setting next_dagrun for example_dynamic_task_mapping_with_no_taskflow_operators to 2023-10-02T08:06:57.846347+00:00, run_after=2023-10-03T08:06:57.846347+00:00
[2023-10-03T08:06:57.854+0000] {processor.py:179} INFO - Processing /home/airflow/.local/lib/python3.8/site-packages/airflow/example_dags/example_dynamic_task_mapping_with_no_taskflow_operators.py took 0.039 seconds
[2023-10-03T08:07:28.731+0000] {processor.py:157} INFO - Started process (PID=1233) to work on /home/airflow/.local/lib/python3.8/site-packages/airflow/example_dags/example_dynamic_task_mapping_with_no_taskflow_operators.py
[2023-10-03T08:07:28.731+0000] {processor.py:829} INFO - Processing file /home/airflow/.local/lib/python3.8/site-packages/airflow/example_dags/example_dynamic_task_mapping_with_no_taskflow_operators.py for tasks to queue
[2023-10-03T08:07:28.732+0000] {logging_mixin.py:151} INFO - [2023-10-03T08:07:28.732+0000] {dagbag.py:539} INFO - Filling up the DagBag from /home/airflow/.local/lib/python3.8/site-packages/airflow/example_dags/example_dynamic_task_mapping_with_no_taskflow_operators.py
[2023-10-03T08:07:28.736+0000] {processor.py:839} INFO - DAG(s) dict_keys(['example_dynamic_task_mapping_with_no_taskflow_operators']) retrieved from /home/airflow/.local/lib/python3.8/site-packages/airflow/example_dags/example_dynamic_task_mapping_with_no_taskflow_operators.py
[2023-10-03T08:07:28.748+0000] {logging_mixin.py:151} INFO - [2023-10-03T08:07:28.747+0000] {dag.py:2915} INFO - Sync 1 DAGs
[2023-10-03T08:07:28.757+0000] {logging_mixin.py:151} INFO - [2023-10-03T08:07:28.757+0000] {dag.py:3696} INFO - Setting next_dagrun for example_dynamic_task_mapping_with_no_taskflow_operators to 2023-10-02T08:07:28.757672+00:00, run_after=2023-10-03T08:07:28.757672+00:00
[2023-10-03T08:07:28.765+0000] {processor.py:179} INFO - Processing /home/airflow/.local/lib/python3.8/site-packages/airflow/example_dags/example_dynamic_task_mapping_with_no_taskflow_operators.py took 0.036 seconds
[2023-10-03T08:07:59.104+0000] {processor.py:157} INFO - Started process (PID=1292) to work on /home/airflow/.local/lib/python3.8/site-packages/airflow/example_dags/example_dynamic_task_mapping_with_no_taskflow_operators.py
[2023-10-03T08:07:59.105+0000] {processor.py:829} INFO - Processing file /home/airflow/.local/lib/python3.8/site-packages/airflow/example_dags/example_dynamic_task_mapping_with_no_taskflow_operators.py for tasks to queue
[2023-10-03T08:07:59.107+0000] {logging_mixin.py:151} INFO - [2023-10-03T08:07:59.107+0000] {dagbag.py:539} INFO - Filling up the DagBag from /home/airflow/.local/lib/python3.8/site-packages/airflow/example_dags/example_dynamic_task_mapping_with_no_taskflow_operators.py
[2023-10-03T08:07:59.116+0000] {processor.py:839} INFO - DAG(s) dict_keys(['example_dynamic_task_mapping_with_no_taskflow_operators']) retrieved from /home/airflow/.local/lib/python3.8/site-packages/airflow/example_dags/example_dynamic_task_mapping_with_no_taskflow_operators.py
[2023-10-03T08:07:59.128+0000] {logging_mixin.py:151} INFO - [2023-10-03T08:07:59.128+0000] {dag.py:2915} INFO - Sync 1 DAGs
[2023-10-03T08:07:59.141+0000] {logging_mixin.py:151} INFO - [2023-10-03T08:07:59.141+0000] {dag.py:3696} INFO - Setting next_dagrun for example_dynamic_task_mapping_with_no_taskflow_operators to 2023-10-02T08:07:59.141055+00:00, run_after=2023-10-03T08:07:59.141055+00:00
[2023-10-03T08:07:59.150+0000] {processor.py:179} INFO - Processing /home/airflow/.local/lib/python3.8/site-packages/airflow/example_dags/example_dynamic_task_mapping_with_no_taskflow_operators.py took 0.048 seconds
[2023-10-03T08:08:29.493+0000] {processor.py:157} INFO - Started process (PID=1351) to work on /home/airflow/.local/lib/python3.8/site-packages/airflow/example_dags/example_dynamic_task_mapping_with_no_taskflow_operators.py
[2023-10-03T08:08:29.494+0000] {processor.py:829} INFO - Processing file /home/airflow/.local/lib/python3.8/site-packages/airflow/example_dags/example_dynamic_task_mapping_with_no_taskflow_operators.py for tasks to queue
[2023-10-03T08:08:29.495+0000] {logging_mixin.py:151} INFO - [2023-10-03T08:08:29.495+0000] {dagbag.py:539} INFO - Filling up the DagBag from /home/airflow/.local/lib/python3.8/site-packages/airflow/example_dags/example_dynamic_task_mapping_with_no_taskflow_operators.py
[2023-10-03T08:08:29.499+0000] {processor.py:839} INFO - DAG(s) dict_keys(['example_dynamic_task_mapping_with_no_taskflow_operators']) retrieved from /home/airflow/.local/lib/python3.8/site-packages/airflow/example_dags/example_dynamic_task_mapping_with_no_taskflow_operators.py
[2023-10-03T08:08:29.509+0000] {logging_mixin.py:151} INFO - [2023-10-03T08:08:29.509+0000] {dag.py:2915} INFO - Sync 1 DAGs
[2023-10-03T08:08:29.518+0000] {logging_mixin.py:151} INFO - [2023-10-03T08:08:29.518+0000] {dag.py:3696} INFO - Setting next_dagrun for example_dynamic_task_mapping_with_no_taskflow_operators to 2023-10-02T08:08:29.517945+00:00, run_after=2023-10-03T08:08:29.517945+00:00
[2023-10-03T08:08:29.525+0000] {processor.py:179} INFO - Processing /home/airflow/.local/lib/python3.8/site-packages/airflow/example_dags/example_dynamic_task_mapping_with_no_taskflow_operators.py took 0.033 seconds
[2023-10-03T08:08:59.901+0000] {processor.py:157} INFO - Started process (PID=1410) to work on /home/airflow/.local/lib/python3.8/site-packages/airflow/example_dags/example_dynamic_task_mapping_with_no_taskflow_operators.py
[2023-10-03T08:08:59.902+0000] {processor.py:829} INFO - Processing file /home/airflow/.local/lib/python3.8/site-packages/airflow/example_dags/example_dynamic_task_mapping_with_no_taskflow_operators.py for tasks to queue
[2023-10-03T08:08:59.903+0000] {logging_mixin.py:151} INFO - [2023-10-03T08:08:59.902+0000] {dagbag.py:539} INFO - Filling up the DagBag from /home/airflow/.local/lib/python3.8/site-packages/airflow/example_dags/example_dynamic_task_mapping_with_no_taskflow_operators.py
[2023-10-03T08:08:59.906+0000] {processor.py:839} INFO - DAG(s) dict_keys(['example_dynamic_task_mapping_with_no_taskflow_operators']) retrieved from /home/airflow/.local/lib/python3.8/site-packages/airflow/example_dags/example_dynamic_task_mapping_with_no_taskflow_operators.py
[2023-10-03T08:08:59.915+0000] {logging_mixin.py:151} INFO - [2023-10-03T08:08:59.915+0000] {dag.py:2915} INFO - Sync 1 DAGs
[2023-10-03T08:08:59.924+0000] {logging_mixin.py:151} INFO - [2023-10-03T08:08:59.924+0000] {dag.py:3696} INFO - Setting next_dagrun for example_dynamic_task_mapping_with_no_taskflow_operators to 2023-10-02T08:08:59.923923+00:00, run_after=2023-10-03T08:08:59.923923+00:00
[2023-10-03T08:08:59.930+0000] {processor.py:179} INFO - Processing /home/airflow/.local/lib/python3.8/site-packages/airflow/example_dags/example_dynamic_task_mapping_with_no_taskflow_operators.py took 0.031 seconds
[2023-10-03T08:09:30.396+0000] {processor.py:157} INFO - Started process (PID=1469) to work on /home/airflow/.local/lib/python3.8/site-packages/airflow/example_dags/example_dynamic_task_mapping_with_no_taskflow_operators.py
[2023-10-03T08:09:30.396+0000] {processor.py:829} INFO - Processing file /home/airflow/.local/lib/python3.8/site-packages/airflow/example_dags/example_dynamic_task_mapping_with_no_taskflow_operators.py for tasks to queue
[2023-10-03T08:09:30.398+0000] {logging_mixin.py:151} INFO - [2023-10-03T08:09:30.397+0000] {dagbag.py:539} INFO - Filling up the DagBag from /home/airflow/.local/lib/python3.8/site-packages/airflow/example_dags/example_dynamic_task_mapping_with_no_taskflow_operators.py
[2023-10-03T08:09:30.402+0000] {processor.py:839} INFO - DAG(s) dict_keys(['example_dynamic_task_mapping_with_no_taskflow_operators']) retrieved from /home/airflow/.local/lib/python3.8/site-packages/airflow/example_dags/example_dynamic_task_mapping_with_no_taskflow_operators.py
[2023-10-03T08:09:30.412+0000] {logging_mixin.py:151} INFO - [2023-10-03T08:09:30.412+0000] {dag.py:2915} INFO - Sync 1 DAGs
[2023-10-03T08:09:30.422+0000] {logging_mixin.py:151} INFO - [2023-10-03T08:09:30.422+0000] {dag.py:3696} INFO - Setting next_dagrun for example_dynamic_task_mapping_with_no_taskflow_operators to 2023-10-02T08:09:30.422259+00:00, run_after=2023-10-03T08:09:30.422259+00:00
[2023-10-03T08:09:30.429+0000] {processor.py:179} INFO - Processing /home/airflow/.local/lib/python3.8/site-packages/airflow/example_dags/example_dynamic_task_mapping_with_no_taskflow_operators.py took 0.036 seconds
[2023-10-03T08:10:00.898+0000] {processor.py:157} INFO - Started process (PID=1528) to work on /home/airflow/.local/lib/python3.8/site-packages/airflow/example_dags/example_dynamic_task_mapping_with_no_taskflow_operators.py
[2023-10-03T08:10:00.899+0000] {processor.py:829} INFO - Processing file /home/airflow/.local/lib/python3.8/site-packages/airflow/example_dags/example_dynamic_task_mapping_with_no_taskflow_operators.py for tasks to queue
[2023-10-03T08:10:00.900+0000] {logging_mixin.py:151} INFO - [2023-10-03T08:10:00.900+0000] {dagbag.py:539} INFO - Filling up the DagBag from /home/airflow/.local/lib/python3.8/site-packages/airflow/example_dags/example_dynamic_task_mapping_with_no_taskflow_operators.py
[2023-10-03T08:10:00.904+0000] {processor.py:839} INFO - DAG(s) dict_keys(['example_dynamic_task_mapping_with_no_taskflow_operators']) retrieved from /home/airflow/.local/lib/python3.8/site-packages/airflow/example_dags/example_dynamic_task_mapping_with_no_taskflow_operators.py
[2023-10-03T08:10:00.910+0000] {logging_mixin.py:151} INFO - [2023-10-03T08:10:00.910+0000] {dag.py:2915} INFO - Sync 1 DAGs
[2023-10-03T08:10:00.921+0000] {logging_mixin.py:151} INFO - [2023-10-03T08:10:00.921+0000] {dag.py:3696} INFO - Setting next_dagrun for example_dynamic_task_mapping_with_no_taskflow_operators to 2023-10-02T08:10:00.921470+00:00, run_after=2023-10-03T08:10:00.921470+00:00
[2023-10-03T08:10:00.930+0000] {processor.py:179} INFO - Processing /home/airflow/.local/lib/python3.8/site-packages/airflow/example_dags/example_dynamic_task_mapping_with_no_taskflow_operators.py took 0.033 seconds
[2023-10-03T08:10:31.874+0000] {processor.py:157} INFO - Started process (PID=1587) to work on /home/airflow/.local/lib/python3.8/site-packages/airflow/example_dags/example_dynamic_task_mapping_with_no_taskflow_operators.py
[2023-10-03T08:10:31.875+0000] {processor.py:829} INFO - Processing file /home/airflow/.local/lib/python3.8/site-packages/airflow/example_dags/example_dynamic_task_mapping_with_no_taskflow_operators.py for tasks to queue
[2023-10-03T08:10:31.876+0000] {logging_mixin.py:151} INFO - [2023-10-03T08:10:31.876+0000] {dagbag.py:539} INFO - Filling up the DagBag from /home/airflow/.local/lib/python3.8/site-packages/airflow/example_dags/example_dynamic_task_mapping_with_no_taskflow_operators.py
[2023-10-03T08:10:31.880+0000] {processor.py:839} INFO - DAG(s) dict_keys(['example_dynamic_task_mapping_with_no_taskflow_operators']) retrieved from /home/airflow/.local/lib/python3.8/site-packages/airflow/example_dags/example_dynamic_task_mapping_with_no_taskflow_operators.py
[2023-10-03T08:10:31.889+0000] {logging_mixin.py:151} INFO - [2023-10-03T08:10:31.889+0000] {dag.py:2915} INFO - Sync 1 DAGs
[2023-10-03T08:10:31.898+0000] {logging_mixin.py:151} INFO - [2023-10-03T08:10:31.898+0000] {dag.py:3696} INFO - Setting next_dagrun for example_dynamic_task_mapping_with_no_taskflow_operators to 2023-10-02T08:10:31.898585+00:00, run_after=2023-10-03T08:10:31.898585+00:00
[2023-10-03T08:10:31.906+0000] {processor.py:179} INFO - Processing /home/airflow/.local/lib/python3.8/site-packages/airflow/example_dags/example_dynamic_task_mapping_with_no_taskflow_operators.py took 0.033 seconds
[2023-10-03T08:11:02.378+0000] {processor.py:157} INFO - Started process (PID=1646) to work on /home/airflow/.local/lib/python3.8/site-packages/airflow/example_dags/example_dynamic_task_mapping_with_no_taskflow_operators.py
[2023-10-03T08:11:02.378+0000] {processor.py:829} INFO - Processing file /home/airflow/.local/lib/python3.8/site-packages/airflow/example_dags/example_dynamic_task_mapping_with_no_taskflow_operators.py for tasks to queue
[2023-10-03T08:11:02.379+0000] {logging_mixin.py:151} INFO - [2023-10-03T08:11:02.379+0000] {dagbag.py:539} INFO - Filling up the DagBag from /home/airflow/.local/lib/python3.8/site-packages/airflow/example_dags/example_dynamic_task_mapping_with_no_taskflow_operators.py
[2023-10-03T08:11:02.383+0000] {processor.py:839} INFO - DAG(s) dict_keys(['example_dynamic_task_mapping_with_no_taskflow_operators']) retrieved from /home/airflow/.local/lib/python3.8/site-packages/airflow/example_dags/example_dynamic_task_mapping_with_no_taskflow_operators.py
[2023-10-03T08:11:02.393+0000] {logging_mixin.py:151} INFO - [2023-10-03T08:11:02.392+0000] {dag.py:2915} INFO - Sync 1 DAGs
[2023-10-03T08:11:02.402+0000] {logging_mixin.py:151} INFO - [2023-10-03T08:11:02.402+0000] {dag.py:3696} INFO - Setting next_dagrun for example_dynamic_task_mapping_with_no_taskflow_operators to 2023-10-02T08:11:02.402304+00:00, run_after=2023-10-03T08:11:02.402304+00:00
[2023-10-03T08:11:02.409+0000] {processor.py:179} INFO - Processing /home/airflow/.local/lib/python3.8/site-packages/airflow/example_dags/example_dynamic_task_mapping_with_no_taskflow_operators.py took 0.033 seconds
[2023-10-03T08:11:32.660+0000] {processor.py:157} INFO - Started process (PID=1705) to work on /home/airflow/.local/lib/python3.8/site-packages/airflow/example_dags/example_dynamic_task_mapping_with_no_taskflow_operators.py
[2023-10-03T08:11:32.661+0000] {processor.py:829} INFO - Processing file /home/airflow/.local/lib/python3.8/site-packages/airflow/example_dags/example_dynamic_task_mapping_with_no_taskflow_operators.py for tasks to queue
[2023-10-03T08:11:32.662+0000] {logging_mixin.py:151} INFO - [2023-10-03T08:11:32.662+0000] {dagbag.py:539} INFO - Filling up the DagBag from /home/airflow/.local/lib/python3.8/site-packages/airflow/example_dags/example_dynamic_task_mapping_with_no_taskflow_operators.py
[2023-10-03T08:11:32.666+0000] {processor.py:839} INFO - DAG(s) dict_keys(['example_dynamic_task_mapping_with_no_taskflow_operators']) retrieved from /home/airflow/.local/lib/python3.8/site-packages/airflow/example_dags/example_dynamic_task_mapping_with_no_taskflow_operators.py
[2023-10-03T08:11:32.675+0000] {logging_mixin.py:151} INFO - [2023-10-03T08:11:32.674+0000] {dag.py:2915} INFO - Sync 1 DAGs
[2023-10-03T08:11:32.684+0000] {logging_mixin.py:151} INFO - [2023-10-03T08:11:32.684+0000] {dag.py:3696} INFO - Setting next_dagrun for example_dynamic_task_mapping_with_no_taskflow_operators to 2023-10-02T08:11:32.684237+00:00, run_after=2023-10-03T08:11:32.684237+00:00
[2023-10-03T08:11:32.692+0000] {processor.py:179} INFO - Processing /home/airflow/.local/lib/python3.8/site-packages/airflow/example_dags/example_dynamic_task_mapping_with_no_taskflow_operators.py took 0.033 seconds
[2023-10-03T08:12:03.284+0000] {processor.py:157} INFO - Started process (PID=1764) to work on /home/airflow/.local/lib/python3.8/site-packages/airflow/example_dags/example_dynamic_task_mapping_with_no_taskflow_operators.py
[2023-10-03T08:12:03.284+0000] {processor.py:829} INFO - Processing file /home/airflow/.local/lib/python3.8/site-packages/airflow/example_dags/example_dynamic_task_mapping_with_no_taskflow_operators.py for tasks to queue
[2023-10-03T08:12:03.286+0000] {logging_mixin.py:151} INFO - [2023-10-03T08:12:03.286+0000] {dagbag.py:539} INFO - Filling up the DagBag from /home/airflow/.local/lib/python3.8/site-packages/airflow/example_dags/example_dynamic_task_mapping_with_no_taskflow_operators.py
[2023-10-03T08:12:03.290+0000] {processor.py:839} INFO - DAG(s) dict_keys(['example_dynamic_task_mapping_with_no_taskflow_operators']) retrieved from /home/airflow/.local/lib/python3.8/site-packages/airflow/example_dags/example_dynamic_task_mapping_with_no_taskflow_operators.py
[2023-10-03T08:12:03.301+0000] {logging_mixin.py:151} INFO - [2023-10-03T08:12:03.301+0000] {dag.py:2915} INFO - Sync 1 DAGs
[2023-10-03T08:12:03.319+0000] {logging_mixin.py:151} INFO - [2023-10-03T08:12:03.319+0000] {dag.py:3696} INFO - Setting next_dagrun for example_dynamic_task_mapping_with_no_taskflow_operators to 2023-10-02T08:12:03.319234+00:00, run_after=2023-10-03T08:12:03.319234+00:00
[2023-10-03T08:12:03.329+0000] {processor.py:179} INFO - Processing /home/airflow/.local/lib/python3.8/site-packages/airflow/example_dags/example_dynamic_task_mapping_with_no_taskflow_operators.py took 0.047 seconds
[2023-10-03T08:12:33.511+0000] {processor.py:157} INFO - Started process (PID=1825) to work on /home/airflow/.local/lib/python3.8/site-packages/airflow/example_dags/example_dynamic_task_mapping_with_no_taskflow_operators.py
[2023-10-03T08:12:33.511+0000] {processor.py:829} INFO - Processing file /home/airflow/.local/lib/python3.8/site-packages/airflow/example_dags/example_dynamic_task_mapping_with_no_taskflow_operators.py for tasks to queue
[2023-10-03T08:12:33.513+0000] {logging_mixin.py:151} INFO - [2023-10-03T08:12:33.512+0000] {dagbag.py:539} INFO - Filling up the DagBag from /home/airflow/.local/lib/python3.8/site-packages/airflow/example_dags/example_dynamic_task_mapping_with_no_taskflow_operators.py
[2023-10-03T08:12:33.516+0000] {processor.py:839} INFO - DAG(s) dict_keys(['example_dynamic_task_mapping_with_no_taskflow_operators']) retrieved from /home/airflow/.local/lib/python3.8/site-packages/airflow/example_dags/example_dynamic_task_mapping_with_no_taskflow_operators.py
[2023-10-03T08:12:33.525+0000] {logging_mixin.py:151} INFO - [2023-10-03T08:12:33.525+0000] {dag.py:2915} INFO - Sync 1 DAGs
[2023-10-03T08:12:33.534+0000] {logging_mixin.py:151} INFO - [2023-10-03T08:12:33.534+0000] {dag.py:3696} INFO - Setting next_dagrun for example_dynamic_task_mapping_with_no_taskflow_operators to 2023-10-02T08:12:33.534678+00:00, run_after=2023-10-03T08:12:33.534678+00:00
[2023-10-03T08:12:33.541+0000] {processor.py:179} INFO - Processing /home/airflow/.local/lib/python3.8/site-packages/airflow/example_dags/example_dynamic_task_mapping_with_no_taskflow_operators.py took 0.033 seconds
[2023-10-03T08:13:37.668+0000] {processor.py:157} INFO - Started process (PID=54) to work on /home/airflow/.local/lib/python3.8/site-packages/airflow/example_dags/example_dynamic_task_mapping_with_no_taskflow_operators.py
[2023-10-03T08:13:37.669+0000] {processor.py:829} INFO - Processing file /home/airflow/.local/lib/python3.8/site-packages/airflow/example_dags/example_dynamic_task_mapping_with_no_taskflow_operators.py for tasks to queue
[2023-10-03T08:13:37.674+0000] {logging_mixin.py:151} INFO - [2023-10-03T08:13:37.673+0000] {dagbag.py:539} INFO - Filling up the DagBag from /home/airflow/.local/lib/python3.8/site-packages/airflow/example_dags/example_dynamic_task_mapping_with_no_taskflow_operators.py
[2023-10-03T08:13:37.697+0000] {processor.py:839} INFO - DAG(s) dict_keys(['example_dynamic_task_mapping_with_no_taskflow_operators']) retrieved from /home/airflow/.local/lib/python3.8/site-packages/airflow/example_dags/example_dynamic_task_mapping_with_no_taskflow_operators.py
[2023-10-03T08:13:37.752+0000] {logging_mixin.py:151} INFO - [2023-10-03T08:13:37.752+0000] {dag.py:2915} INFO - Sync 1 DAGs
[2023-10-03T08:13:37.777+0000] {logging_mixin.py:151} INFO - [2023-10-03T08:13:37.776+0000] {dag.py:3696} INFO - Setting next_dagrun for example_dynamic_task_mapping_with_no_taskflow_operators to 2023-10-02T08:13:37.776658+00:00, run_after=2023-10-03T08:13:37.776658+00:00
[2023-10-03T08:13:37.787+0000] {processor.py:179} INFO - Processing /home/airflow/.local/lib/python3.8/site-packages/airflow/example_dags/example_dynamic_task_mapping_with_no_taskflow_operators.py took 0.130 seconds
[2023-10-03T08:14:08.772+0000] {processor.py:157} INFO - Started process (PID=114) to work on /home/airflow/.local/lib/python3.8/site-packages/airflow/example_dags/example_dynamic_task_mapping_with_no_taskflow_operators.py
[2023-10-03T08:14:08.773+0000] {processor.py:829} INFO - Processing file /home/airflow/.local/lib/python3.8/site-packages/airflow/example_dags/example_dynamic_task_mapping_with_no_taskflow_operators.py for tasks to queue
[2023-10-03T08:14:08.775+0000] {logging_mixin.py:151} INFO - [2023-10-03T08:14:08.775+0000] {dagbag.py:539} INFO - Filling up the DagBag from /home/airflow/.local/lib/python3.8/site-packages/airflow/example_dags/example_dynamic_task_mapping_with_no_taskflow_operators.py
[2023-10-03T08:14:08.781+0000] {processor.py:839} INFO - DAG(s) dict_keys(['example_dynamic_task_mapping_with_no_taskflow_operators']) retrieved from /home/airflow/.local/lib/python3.8/site-packages/airflow/example_dags/example_dynamic_task_mapping_with_no_taskflow_operators.py
[2023-10-03T08:14:08.791+0000] {logging_mixin.py:151} INFO - [2023-10-03T08:14:08.791+0000] {dag.py:2915} INFO - Sync 1 DAGs
[2023-10-03T08:14:08.801+0000] {logging_mixin.py:151} INFO - [2023-10-03T08:14:08.801+0000] {dag.py:3696} INFO - Setting next_dagrun for example_dynamic_task_mapping_with_no_taskflow_operators to 2023-10-02T08:14:08.801120+00:00, run_after=2023-10-03T08:14:08.801120+00:00
[2023-10-03T08:14:08.809+0000] {processor.py:179} INFO - Processing /home/airflow/.local/lib/python3.8/site-packages/airflow/example_dags/example_dynamic_task_mapping_with_no_taskflow_operators.py took 0.041 seconds
[2023-10-03T08:14:39.540+0000] {processor.py:157} INFO - Started process (PID=174) to work on /home/airflow/.local/lib/python3.8/site-packages/airflow/example_dags/example_dynamic_task_mapping_with_no_taskflow_operators.py
[2023-10-03T08:14:39.541+0000] {processor.py:829} INFO - Processing file /home/airflow/.local/lib/python3.8/site-packages/airflow/example_dags/example_dynamic_task_mapping_with_no_taskflow_operators.py for tasks to queue
[2023-10-03T08:14:39.542+0000] {logging_mixin.py:151} INFO - [2023-10-03T08:14:39.542+0000] {dagbag.py:539} INFO - Filling up the DagBag from /home/airflow/.local/lib/python3.8/site-packages/airflow/example_dags/example_dynamic_task_mapping_with_no_taskflow_operators.py
[2023-10-03T08:14:39.546+0000] {processor.py:839} INFO - DAG(s) dict_keys(['example_dynamic_task_mapping_with_no_taskflow_operators']) retrieved from /home/airflow/.local/lib/python3.8/site-packages/airflow/example_dags/example_dynamic_task_mapping_with_no_taskflow_operators.py
[2023-10-03T08:14:39.555+0000] {logging_mixin.py:151} INFO - [2023-10-03T08:14:39.555+0000] {dag.py:2915} INFO - Sync 1 DAGs
[2023-10-03T08:14:39.566+0000] {logging_mixin.py:151} INFO - [2023-10-03T08:14:39.565+0000] {dag.py:3696} INFO - Setting next_dagrun for example_dynamic_task_mapping_with_no_taskflow_operators to 2023-10-02T08:14:39.565814+00:00, run_after=2023-10-03T08:14:39.565814+00:00
[2023-10-03T08:14:39.573+0000] {processor.py:179} INFO - Processing /home/airflow/.local/lib/python3.8/site-packages/airflow/example_dags/example_dynamic_task_mapping_with_no_taskflow_operators.py took 0.035 seconds
[2023-10-03T08:15:10.529+0000] {processor.py:157} INFO - Started process (PID=234) to work on /home/airflow/.local/lib/python3.8/site-packages/airflow/example_dags/example_dynamic_task_mapping_with_no_taskflow_operators.py
[2023-10-03T08:15:10.530+0000] {processor.py:829} INFO - Processing file /home/airflow/.local/lib/python3.8/site-packages/airflow/example_dags/example_dynamic_task_mapping_with_no_taskflow_operators.py for tasks to queue
[2023-10-03T08:15:10.531+0000] {logging_mixin.py:151} INFO - [2023-10-03T08:15:10.531+0000] {dagbag.py:539} INFO - Filling up the DagBag from /home/airflow/.local/lib/python3.8/site-packages/airflow/example_dags/example_dynamic_task_mapping_with_no_taskflow_operators.py
[2023-10-03T08:15:10.535+0000] {processor.py:839} INFO - DAG(s) dict_keys(['example_dynamic_task_mapping_with_no_taskflow_operators']) retrieved from /home/airflow/.local/lib/python3.8/site-packages/airflow/example_dags/example_dynamic_task_mapping_with_no_taskflow_operators.py
[2023-10-03T08:15:10.544+0000] {logging_mixin.py:151} INFO - [2023-10-03T08:15:10.544+0000] {dag.py:2915} INFO - Sync 1 DAGs
[2023-10-03T08:15:10.554+0000] {logging_mixin.py:151} INFO - [2023-10-03T08:15:10.554+0000] {dag.py:3696} INFO - Setting next_dagrun for example_dynamic_task_mapping_with_no_taskflow_operators to 2023-10-02T08:15:10.554205+00:00, run_after=2023-10-03T08:15:10.554205+00:00
[2023-10-03T08:15:10.561+0000] {processor.py:179} INFO - Processing /home/airflow/.local/lib/python3.8/site-packages/airflow/example_dags/example_dynamic_task_mapping_with_no_taskflow_operators.py took 0.033 seconds
[2023-10-03T08:15:40.934+0000] {processor.py:157} INFO - Started process (PID=295) to work on /home/airflow/.local/lib/python3.8/site-packages/airflow/example_dags/example_dynamic_task_mapping_with_no_taskflow_operators.py
[2023-10-03T08:15:40.935+0000] {processor.py:829} INFO - Processing file /home/airflow/.local/lib/python3.8/site-packages/airflow/example_dags/example_dynamic_task_mapping_with_no_taskflow_operators.py for tasks to queue
[2023-10-03T08:15:40.936+0000] {logging_mixin.py:151} INFO - [2023-10-03T08:15:40.936+0000] {dagbag.py:539} INFO - Filling up the DagBag from /home/airflow/.local/lib/python3.8/site-packages/airflow/example_dags/example_dynamic_task_mapping_with_no_taskflow_operators.py
[2023-10-03T08:15:40.939+0000] {processor.py:839} INFO - DAG(s) dict_keys(['example_dynamic_task_mapping_with_no_taskflow_operators']) retrieved from /home/airflow/.local/lib/python3.8/site-packages/airflow/example_dags/example_dynamic_task_mapping_with_no_taskflow_operators.py
[2023-10-03T08:15:40.949+0000] {logging_mixin.py:151} INFO - [2023-10-03T08:15:40.949+0000] {dag.py:2915} INFO - Sync 1 DAGs
[2023-10-03T08:15:40.959+0000] {logging_mixin.py:151} INFO - [2023-10-03T08:15:40.959+0000] {dag.py:3696} INFO - Setting next_dagrun for example_dynamic_task_mapping_with_no_taskflow_operators to 2023-10-02T08:15:40.959097+00:00, run_after=2023-10-03T08:15:40.959097+00:00
[2023-10-03T08:15:40.966+0000] {processor.py:179} INFO - Processing /home/airflow/.local/lib/python3.8/site-packages/airflow/example_dags/example_dynamic_task_mapping_with_no_taskflow_operators.py took 0.033 seconds
[2023-10-03T08:16:11.390+0000] {processor.py:157} INFO - Started process (PID=355) to work on /home/airflow/.local/lib/python3.8/site-packages/airflow/example_dags/example_dynamic_task_mapping_with_no_taskflow_operators.py
[2023-10-03T08:16:11.390+0000] {processor.py:829} INFO - Processing file /home/airflow/.local/lib/python3.8/site-packages/airflow/example_dags/example_dynamic_task_mapping_with_no_taskflow_operators.py for tasks to queue
[2023-10-03T08:16:11.392+0000] {logging_mixin.py:151} INFO - [2023-10-03T08:16:11.392+0000] {dagbag.py:539} INFO - Filling up the DagBag from /home/airflow/.local/lib/python3.8/site-packages/airflow/example_dags/example_dynamic_task_mapping_with_no_taskflow_operators.py
[2023-10-03T08:16:11.396+0000] {processor.py:839} INFO - DAG(s) dict_keys(['example_dynamic_task_mapping_with_no_taskflow_operators']) retrieved from /home/airflow/.local/lib/python3.8/site-packages/airflow/example_dags/example_dynamic_task_mapping_with_no_taskflow_operators.py
[2023-10-03T08:16:11.406+0000] {logging_mixin.py:151} INFO - [2023-10-03T08:16:11.406+0000] {dag.py:2915} INFO - Sync 1 DAGs
[2023-10-03T08:16:11.418+0000] {logging_mixin.py:151} INFO - [2023-10-03T08:16:11.418+0000] {dag.py:3696} INFO - Setting next_dagrun for example_dynamic_task_mapping_with_no_taskflow_operators to 2023-10-02T08:16:11.418244+00:00, run_after=2023-10-03T08:16:11.418244+00:00
[2023-10-03T08:16:11.427+0000] {processor.py:179} INFO - Processing /home/airflow/.local/lib/python3.8/site-packages/airflow/example_dags/example_dynamic_task_mapping_with_no_taskflow_operators.py took 0.039 seconds
[2023-10-03T08:16:41.906+0000] {processor.py:157} INFO - Started process (PID=415) to work on /home/airflow/.local/lib/python3.8/site-packages/airflow/example_dags/example_dynamic_task_mapping_with_no_taskflow_operators.py
[2023-10-03T08:16:41.906+0000] {processor.py:829} INFO - Processing file /home/airflow/.local/lib/python3.8/site-packages/airflow/example_dags/example_dynamic_task_mapping_with_no_taskflow_operators.py for tasks to queue
[2023-10-03T08:16:41.908+0000] {logging_mixin.py:151} INFO - [2023-10-03T08:16:41.908+0000] {dagbag.py:539} INFO - Filling up the DagBag from /home/airflow/.local/lib/python3.8/site-packages/airflow/example_dags/example_dynamic_task_mapping_with_no_taskflow_operators.py
[2023-10-03T08:16:41.912+0000] {processor.py:839} INFO - DAG(s) dict_keys(['example_dynamic_task_mapping_with_no_taskflow_operators']) retrieved from /home/airflow/.local/lib/python3.8/site-packages/airflow/example_dags/example_dynamic_task_mapping_with_no_taskflow_operators.py
[2023-10-03T08:16:41.923+0000] {logging_mixin.py:151} INFO - [2023-10-03T08:16:41.923+0000] {dag.py:2915} INFO - Sync 1 DAGs
[2023-10-03T08:16:41.933+0000] {logging_mixin.py:151} INFO - [2023-10-03T08:16:41.933+0000] {dag.py:3696} INFO - Setting next_dagrun for example_dynamic_task_mapping_with_no_taskflow_operators to 2023-10-02T08:16:41.933642+00:00, run_after=2023-10-03T08:16:41.933642+00:00
[2023-10-03T08:16:41.941+0000] {processor.py:179} INFO - Processing /home/airflow/.local/lib/python3.8/site-packages/airflow/example_dags/example_dynamic_task_mapping_with_no_taskflow_operators.py took 0.038 seconds
[2023-10-03T08:17:12.337+0000] {processor.py:157} INFO - Started process (PID=475) to work on /home/airflow/.local/lib/python3.8/site-packages/airflow/example_dags/example_dynamic_task_mapping_with_no_taskflow_operators.py
[2023-10-03T08:17:12.337+0000] {processor.py:829} INFO - Processing file /home/airflow/.local/lib/python3.8/site-packages/airflow/example_dags/example_dynamic_task_mapping_with_no_taskflow_operators.py for tasks to queue
[2023-10-03T08:17:12.338+0000] {logging_mixin.py:151} INFO - [2023-10-03T08:17:12.338+0000] {dagbag.py:539} INFO - Filling up the DagBag from /home/airflow/.local/lib/python3.8/site-packages/airflow/example_dags/example_dynamic_task_mapping_with_no_taskflow_operators.py
[2023-10-03T08:17:12.342+0000] {processor.py:839} INFO - DAG(s) dict_keys(['example_dynamic_task_mapping_with_no_taskflow_operators']) retrieved from /home/airflow/.local/lib/python3.8/site-packages/airflow/example_dags/example_dynamic_task_mapping_with_no_taskflow_operators.py
[2023-10-03T08:17:12.352+0000] {logging_mixin.py:151} INFO - [2023-10-03T08:17:12.352+0000] {dag.py:2915} INFO - Sync 1 DAGs
[2023-10-03T08:17:12.361+0000] {logging_mixin.py:151} INFO - [2023-10-03T08:17:12.361+0000] {dag.py:3696} INFO - Setting next_dagrun for example_dynamic_task_mapping_with_no_taskflow_operators to 2023-10-02T08:17:12.361203+00:00, run_after=2023-10-03T08:17:12.361203+00:00
[2023-10-03T08:17:12.368+0000] {processor.py:179} INFO - Processing /home/airflow/.local/lib/python3.8/site-packages/airflow/example_dags/example_dynamic_task_mapping_with_no_taskflow_operators.py took 0.033 seconds
