[2023-10-03T07:43:53.500+0000] {processor.py:157} INFO - Started process (PID=39) to work on /home/airflow/.local/lib/python3.8/site-packages/airflow/example_dags/example_local_kubernetes_executor.py
[2023-10-03T07:43:53.501+0000] {processor.py:829} INFO - Processing file /home/airflow/.local/lib/python3.8/site-packages/airflow/example_dags/example_local_kubernetes_executor.py for tasks to queue
[2023-10-03T07:43:53.503+0000] {logging_mixin.py:151} INFO - [2023-10-03T07:43:53.502+0000] {dagbag.py:539} INFO - Filling up the DagBag from /home/airflow/.local/lib/python3.8/site-packages/airflow/example_dags/example_local_kubernetes_executor.py
[2023-10-03T07:43:54.453+0000] {processor.py:839} INFO - DAG(s) dict_keys(['example_local_kubernetes_executor']) retrieved from /home/airflow/.local/lib/python3.8/site-packages/airflow/example_dags/example_local_kubernetes_executor.py
[2023-10-03T07:43:54.518+0000] {logging_mixin.py:151} INFO - [2023-10-03T07:43:54.517+0000] {dag.py:2915} INFO - Sync 1 DAGs
[2023-10-03T07:43:54.555+0000] {logging_mixin.py:151} INFO - [2023-10-03T07:43:54.555+0000] {dag.py:3696} INFO - Setting next_dagrun for example_local_kubernetes_executor to None, run_after=None
[2023-10-03T07:43:54.662+0000] {processor.py:179} INFO - Processing /home/airflow/.local/lib/python3.8/site-packages/airflow/example_dags/example_local_kubernetes_executor.py took 1.163 seconds
[2023-10-03T07:44:24.872+0000] {processor.py:157} INFO - Started process (PID=98) to work on /home/airflow/.local/lib/python3.8/site-packages/airflow/example_dags/example_local_kubernetes_executor.py
[2023-10-03T07:44:24.882+0000] {processor.py:829} INFO - Processing file /home/airflow/.local/lib/python3.8/site-packages/airflow/example_dags/example_local_kubernetes_executor.py for tasks to queue
[2023-10-03T07:44:24.884+0000] {logging_mixin.py:151} INFO - [2023-10-03T07:44:24.884+0000] {dagbag.py:539} INFO - Filling up the DagBag from /home/airflow/.local/lib/python3.8/site-packages/airflow/example_dags/example_local_kubernetes_executor.py
[2023-10-03T07:44:25.124+0000] {processor.py:839} INFO - DAG(s) dict_keys(['example_local_kubernetes_executor']) retrieved from /home/airflow/.local/lib/python3.8/site-packages/airflow/example_dags/example_local_kubernetes_executor.py
[2023-10-03T07:44:25.174+0000] {logging_mixin.py:151} INFO - [2023-10-03T07:44:25.173+0000] {dag.py:2915} INFO - Sync 1 DAGs
[2023-10-03T07:44:25.186+0000] {logging_mixin.py:151} INFO - [2023-10-03T07:44:25.185+0000] {dag.py:3696} INFO - Setting next_dagrun for example_local_kubernetes_executor to None, run_after=None
[2023-10-03T07:44:25.206+0000] {processor.py:179} INFO - Processing /home/airflow/.local/lib/python3.8/site-packages/airflow/example_dags/example_local_kubernetes_executor.py took 0.339 seconds
[2023-10-03T07:44:55.294+0000] {processor.py:157} INFO - Started process (PID=157) to work on /home/airflow/.local/lib/python3.8/site-packages/airflow/example_dags/example_local_kubernetes_executor.py
[2023-10-03T07:44:55.295+0000] {processor.py:829} INFO - Processing file /home/airflow/.local/lib/python3.8/site-packages/airflow/example_dags/example_local_kubernetes_executor.py for tasks to queue
[2023-10-03T07:44:55.296+0000] {logging_mixin.py:151} INFO - [2023-10-03T07:44:55.296+0000] {dagbag.py:539} INFO - Filling up the DagBag from /home/airflow/.local/lib/python3.8/site-packages/airflow/example_dags/example_local_kubernetes_executor.py
[2023-10-03T07:44:55.418+0000] {processor.py:839} INFO - DAG(s) dict_keys(['example_local_kubernetes_executor']) retrieved from /home/airflow/.local/lib/python3.8/site-packages/airflow/example_dags/example_local_kubernetes_executor.py
[2023-10-03T07:44:55.440+0000] {logging_mixin.py:151} INFO - [2023-10-03T07:44:55.439+0000] {dag.py:2915} INFO - Sync 1 DAGs
[2023-10-03T07:44:55.451+0000] {logging_mixin.py:151} INFO - [2023-10-03T07:44:55.451+0000] {dag.py:3696} INFO - Setting next_dagrun for example_local_kubernetes_executor to None, run_after=None
[2023-10-03T07:44:55.466+0000] {processor.py:179} INFO - Processing /home/airflow/.local/lib/python3.8/site-packages/airflow/example_dags/example_local_kubernetes_executor.py took 0.174 seconds
[2023-10-03T07:45:25.732+0000] {processor.py:157} INFO - Started process (PID=216) to work on /home/airflow/.local/lib/python3.8/site-packages/airflow/example_dags/example_local_kubernetes_executor.py
[2023-10-03T07:45:25.734+0000] {processor.py:829} INFO - Processing file /home/airflow/.local/lib/python3.8/site-packages/airflow/example_dags/example_local_kubernetes_executor.py for tasks to queue
[2023-10-03T07:45:25.736+0000] {logging_mixin.py:151} INFO - [2023-10-03T07:45:25.736+0000] {dagbag.py:539} INFO - Filling up the DagBag from /home/airflow/.local/lib/python3.8/site-packages/airflow/example_dags/example_local_kubernetes_executor.py
[2023-10-03T07:45:25.886+0000] {processor.py:839} INFO - DAG(s) dict_keys(['example_local_kubernetes_executor']) retrieved from /home/airflow/.local/lib/python3.8/site-packages/airflow/example_dags/example_local_kubernetes_executor.py
[2023-10-03T07:45:25.916+0000] {logging_mixin.py:151} INFO - [2023-10-03T07:45:25.916+0000] {dag.py:2915} INFO - Sync 1 DAGs
[2023-10-03T07:45:25.935+0000] {logging_mixin.py:151} INFO - [2023-10-03T07:45:25.935+0000] {dag.py:3696} INFO - Setting next_dagrun for example_local_kubernetes_executor to None, run_after=None
[2023-10-03T07:45:25.962+0000] {processor.py:179} INFO - Processing /home/airflow/.local/lib/python3.8/site-packages/airflow/example_dags/example_local_kubernetes_executor.py took 0.233 seconds
[2023-10-03T07:45:56.444+0000] {processor.py:157} INFO - Started process (PID=275) to work on /home/airflow/.local/lib/python3.8/site-packages/airflow/example_dags/example_local_kubernetes_executor.py
[2023-10-03T07:45:56.447+0000] {processor.py:829} INFO - Processing file /home/airflow/.local/lib/python3.8/site-packages/airflow/example_dags/example_local_kubernetes_executor.py for tasks to queue
[2023-10-03T07:45:56.452+0000] {logging_mixin.py:151} INFO - [2023-10-03T07:45:56.451+0000] {dagbag.py:539} INFO - Filling up the DagBag from /home/airflow/.local/lib/python3.8/site-packages/airflow/example_dags/example_local_kubernetes_executor.py
[2023-10-03T07:45:58.927+0000] {logging_mixin.py:151} INFO - [2023-10-03T07:45:58.926+0000] {process_utils.py:259} INFO - Waiting up to 5 seconds for processes to exit...
[2023-10-03T07:50:25.055+0000] {processor.py:157} INFO - Started process (PID=40) to work on /home/airflow/.local/lib/python3.8/site-packages/airflow/example_dags/example_local_kubernetes_executor.py
[2023-10-03T07:50:25.056+0000] {processor.py:829} INFO - Processing file /home/airflow/.local/lib/python3.8/site-packages/airflow/example_dags/example_local_kubernetes_executor.py for tasks to queue
[2023-10-03T07:50:25.058+0000] {logging_mixin.py:151} INFO - [2023-10-03T07:50:25.058+0000] {dagbag.py:539} INFO - Filling up the DagBag from /home/airflow/.local/lib/python3.8/site-packages/airflow/example_dags/example_local_kubernetes_executor.py
[2023-10-03T07:50:25.304+0000] {processor.py:839} INFO - DAG(s) dict_keys(['example_local_kubernetes_executor']) retrieved from /home/airflow/.local/lib/python3.8/site-packages/airflow/example_dags/example_local_kubernetes_executor.py
[2023-10-03T07:50:25.314+0000] {logging_mixin.py:151} INFO - [2023-10-03T07:50:25.313+0000] {dag.py:2915} INFO - Sync 1 DAGs
[2023-10-03T07:50:25.325+0000] {logging_mixin.py:151} INFO - [2023-10-03T07:50:25.325+0000] {dag.py:3696} INFO - Setting next_dagrun for example_local_kubernetes_executor to None, run_after=None
[2023-10-03T07:50:25.336+0000] {processor.py:179} INFO - Processing /home/airflow/.local/lib/python3.8/site-packages/airflow/example_dags/example_local_kubernetes_executor.py took 0.283 seconds
[2023-10-03T07:50:55.472+0000] {processor.py:157} INFO - Started process (PID=99) to work on /home/airflow/.local/lib/python3.8/site-packages/airflow/example_dags/example_local_kubernetes_executor.py
[2023-10-03T07:50:55.473+0000] {processor.py:829} INFO - Processing file /home/airflow/.local/lib/python3.8/site-packages/airflow/example_dags/example_local_kubernetes_executor.py for tasks to queue
[2023-10-03T07:50:55.475+0000] {logging_mixin.py:151} INFO - [2023-10-03T07:50:55.474+0000] {dagbag.py:539} INFO - Filling up the DagBag from /home/airflow/.local/lib/python3.8/site-packages/airflow/example_dags/example_local_kubernetes_executor.py
[2023-10-03T07:50:55.652+0000] {processor.py:839} INFO - DAG(s) dict_keys(['example_local_kubernetes_executor']) retrieved from /home/airflow/.local/lib/python3.8/site-packages/airflow/example_dags/example_local_kubernetes_executor.py
[2023-10-03T07:50:55.696+0000] {logging_mixin.py:151} INFO - [2023-10-03T07:50:55.695+0000] {dag.py:2915} INFO - Sync 1 DAGs
[2023-10-03T07:50:55.707+0000] {logging_mixin.py:151} INFO - [2023-10-03T07:50:55.707+0000] {dag.py:3696} INFO - Setting next_dagrun for example_local_kubernetes_executor to None, run_after=None
[2023-10-03T07:50:55.728+0000] {processor.py:179} INFO - Processing /home/airflow/.local/lib/python3.8/site-packages/airflow/example_dags/example_local_kubernetes_executor.py took 0.258 seconds
[2023-10-03T07:51:26.370+0000] {processor.py:157} INFO - Started process (PID=158) to work on /home/airflow/.local/lib/python3.8/site-packages/airflow/example_dags/example_local_kubernetes_executor.py
[2023-10-03T07:51:26.371+0000] {processor.py:829} INFO - Processing file /home/airflow/.local/lib/python3.8/site-packages/airflow/example_dags/example_local_kubernetes_executor.py for tasks to queue
[2023-10-03T07:51:26.372+0000] {logging_mixin.py:151} INFO - [2023-10-03T07:51:26.372+0000] {dagbag.py:539} INFO - Filling up the DagBag from /home/airflow/.local/lib/python3.8/site-packages/airflow/example_dags/example_local_kubernetes_executor.py
[2023-10-03T07:51:26.491+0000] {processor.py:839} INFO - DAG(s) dict_keys(['example_local_kubernetes_executor']) retrieved from /home/airflow/.local/lib/python3.8/site-packages/airflow/example_dags/example_local_kubernetes_executor.py
[2023-10-03T07:51:26.506+0000] {logging_mixin.py:151} INFO - [2023-10-03T07:51:26.506+0000] {dag.py:2915} INFO - Sync 1 DAGs
[2023-10-03T07:51:26.512+0000] {logging_mixin.py:151} INFO - [2023-10-03T07:51:26.512+0000] {dag.py:3696} INFO - Setting next_dagrun for example_local_kubernetes_executor to None, run_after=None
[2023-10-03T07:51:26.519+0000] {processor.py:179} INFO - Processing /home/airflow/.local/lib/python3.8/site-packages/airflow/example_dags/example_local_kubernetes_executor.py took 0.152 seconds
[2023-10-03T07:57:12.466+0000] {processor.py:157} INFO - Started process (PID=40) to work on /home/airflow/.local/lib/python3.8/site-packages/airflow/example_dags/example_local_kubernetes_executor.py
[2023-10-03T07:57:12.470+0000] {processor.py:829} INFO - Processing file /home/airflow/.local/lib/python3.8/site-packages/airflow/example_dags/example_local_kubernetes_executor.py for tasks to queue
[2023-10-03T07:57:12.472+0000] {logging_mixin.py:151} INFO - [2023-10-03T07:57:12.472+0000] {dagbag.py:539} INFO - Filling up the DagBag from /home/airflow/.local/lib/python3.8/site-packages/airflow/example_dags/example_local_kubernetes_executor.py
[2023-10-03T07:57:13.237+0000] {processor.py:839} INFO - DAG(s) dict_keys(['example_local_kubernetes_executor']) retrieved from /home/airflow/.local/lib/python3.8/site-packages/airflow/example_dags/example_local_kubernetes_executor.py
[2023-10-03T07:57:13.273+0000] {logging_mixin.py:151} INFO - [2023-10-03T07:57:13.272+0000] {dag.py:2915} INFO - Sync 1 DAGs
[2023-10-03T07:57:13.285+0000] {logging_mixin.py:151} INFO - [2023-10-03T07:57:13.285+0000] {dag.py:3696} INFO - Setting next_dagrun for example_local_kubernetes_executor to None, run_after=None
[2023-10-03T07:57:13.297+0000] {processor.py:179} INFO - Processing /home/airflow/.local/lib/python3.8/site-packages/airflow/example_dags/example_local_kubernetes_executor.py took 0.835 seconds
[2023-10-03T07:57:43.636+0000] {processor.py:157} INFO - Started process (PID=99) to work on /home/airflow/.local/lib/python3.8/site-packages/airflow/example_dags/example_local_kubernetes_executor.py
[2023-10-03T07:57:43.638+0000] {processor.py:829} INFO - Processing file /home/airflow/.local/lib/python3.8/site-packages/airflow/example_dags/example_local_kubernetes_executor.py for tasks to queue
[2023-10-03T07:57:43.640+0000] {logging_mixin.py:151} INFO - [2023-10-03T07:57:43.639+0000] {dagbag.py:539} INFO - Filling up the DagBag from /home/airflow/.local/lib/python3.8/site-packages/airflow/example_dags/example_local_kubernetes_executor.py
[2023-10-03T07:57:43.884+0000] {processor.py:839} INFO - DAG(s) dict_keys(['example_local_kubernetes_executor']) retrieved from /home/airflow/.local/lib/python3.8/site-packages/airflow/example_dags/example_local_kubernetes_executor.py
[2023-10-03T07:57:43.920+0000] {logging_mixin.py:151} INFO - [2023-10-03T07:57:43.920+0000] {dag.py:2915} INFO - Sync 1 DAGs
[2023-10-03T07:57:43.929+0000] {logging_mixin.py:151} INFO - [2023-10-03T07:57:43.928+0000] {dag.py:3696} INFO - Setting next_dagrun for example_local_kubernetes_executor to None, run_after=None
[2023-10-03T07:57:43.939+0000] {processor.py:179} INFO - Processing /home/airflow/.local/lib/python3.8/site-packages/airflow/example_dags/example_local_kubernetes_executor.py took 0.306 seconds
[2023-10-03T07:58:14.045+0000] {processor.py:157} INFO - Started process (PID=158) to work on /home/airflow/.local/lib/python3.8/site-packages/airflow/example_dags/example_local_kubernetes_executor.py
[2023-10-03T07:58:14.046+0000] {processor.py:829} INFO - Processing file /home/airflow/.local/lib/python3.8/site-packages/airflow/example_dags/example_local_kubernetes_executor.py for tasks to queue
[2023-10-03T07:58:14.049+0000] {logging_mixin.py:151} INFO - [2023-10-03T07:58:14.049+0000] {dagbag.py:539} INFO - Filling up the DagBag from /home/airflow/.local/lib/python3.8/site-packages/airflow/example_dags/example_local_kubernetes_executor.py
[2023-10-03T07:58:14.230+0000] {processor.py:839} INFO - DAG(s) dict_keys(['example_local_kubernetes_executor']) retrieved from /home/airflow/.local/lib/python3.8/site-packages/airflow/example_dags/example_local_kubernetes_executor.py
[2023-10-03T07:58:14.256+0000] {logging_mixin.py:151} INFO - [2023-10-03T07:58:14.255+0000] {dag.py:2915} INFO - Sync 1 DAGs
[2023-10-03T07:58:14.269+0000] {logging_mixin.py:151} INFO - [2023-10-03T07:58:14.269+0000] {dag.py:3696} INFO - Setting next_dagrun for example_local_kubernetes_executor to None, run_after=None
[2023-10-03T07:58:14.279+0000] {processor.py:179} INFO - Processing /home/airflow/.local/lib/python3.8/site-packages/airflow/example_dags/example_local_kubernetes_executor.py took 0.238 seconds
[2023-10-03T07:58:45.284+0000] {processor.py:157} INFO - Started process (PID=217) to work on /home/airflow/.local/lib/python3.8/site-packages/airflow/example_dags/example_local_kubernetes_executor.py
[2023-10-03T07:58:45.285+0000] {processor.py:829} INFO - Processing file /home/airflow/.local/lib/python3.8/site-packages/airflow/example_dags/example_local_kubernetes_executor.py for tasks to queue
[2023-10-03T07:58:45.287+0000] {logging_mixin.py:151} INFO - [2023-10-03T07:58:45.286+0000] {dagbag.py:539} INFO - Filling up the DagBag from /home/airflow/.local/lib/python3.8/site-packages/airflow/example_dags/example_local_kubernetes_executor.py
[2023-10-03T07:58:45.464+0000] {processor.py:839} INFO - DAG(s) dict_keys(['example_local_kubernetes_executor']) retrieved from /home/airflow/.local/lib/python3.8/site-packages/airflow/example_dags/example_local_kubernetes_executor.py
[2023-10-03T07:58:45.499+0000] {logging_mixin.py:151} INFO - [2023-10-03T07:58:45.499+0000] {dag.py:2915} INFO - Sync 1 DAGs
[2023-10-03T07:58:45.507+0000] {logging_mixin.py:151} INFO - [2023-10-03T07:58:45.507+0000] {dag.py:3696} INFO - Setting next_dagrun for example_local_kubernetes_executor to None, run_after=None
[2023-10-03T07:58:45.518+0000] {processor.py:179} INFO - Processing /home/airflow/.local/lib/python3.8/site-packages/airflow/example_dags/example_local_kubernetes_executor.py took 0.238 seconds
[2023-10-03T07:59:16.576+0000] {processor.py:157} INFO - Started process (PID=276) to work on /home/airflow/.local/lib/python3.8/site-packages/airflow/example_dags/example_local_kubernetes_executor.py
[2023-10-03T07:59:16.577+0000] {processor.py:829} INFO - Processing file /home/airflow/.local/lib/python3.8/site-packages/airflow/example_dags/example_local_kubernetes_executor.py for tasks to queue
[2023-10-03T07:59:16.579+0000] {logging_mixin.py:151} INFO - [2023-10-03T07:59:16.579+0000] {dagbag.py:539} INFO - Filling up the DagBag from /home/airflow/.local/lib/python3.8/site-packages/airflow/example_dags/example_local_kubernetes_executor.py
[2023-10-03T07:59:16.737+0000] {processor.py:839} INFO - DAG(s) dict_keys(['example_local_kubernetes_executor']) retrieved from /home/airflow/.local/lib/python3.8/site-packages/airflow/example_dags/example_local_kubernetes_executor.py
[2023-10-03T07:59:16.778+0000] {logging_mixin.py:151} INFO - [2023-10-03T07:59:16.777+0000] {dag.py:2915} INFO - Sync 1 DAGs
[2023-10-03T07:59:16.786+0000] {logging_mixin.py:151} INFO - [2023-10-03T07:59:16.786+0000] {dag.py:3696} INFO - Setting next_dagrun for example_local_kubernetes_executor to None, run_after=None
[2023-10-03T07:59:16.797+0000] {processor.py:179} INFO - Processing /home/airflow/.local/lib/python3.8/site-packages/airflow/example_dags/example_local_kubernetes_executor.py took 0.225 seconds
[2023-10-03T07:59:47.211+0000] {processor.py:157} INFO - Started process (PID=335) to work on /home/airflow/.local/lib/python3.8/site-packages/airflow/example_dags/example_local_kubernetes_executor.py
[2023-10-03T07:59:47.213+0000] {processor.py:829} INFO - Processing file /home/airflow/.local/lib/python3.8/site-packages/airflow/example_dags/example_local_kubernetes_executor.py for tasks to queue
[2023-10-03T07:59:47.216+0000] {logging_mixin.py:151} INFO - [2023-10-03T07:59:47.216+0000] {dagbag.py:539} INFO - Filling up the DagBag from /home/airflow/.local/lib/python3.8/site-packages/airflow/example_dags/example_local_kubernetes_executor.py
[2023-10-03T07:59:47.409+0000] {processor.py:839} INFO - DAG(s) dict_keys(['example_local_kubernetes_executor']) retrieved from /home/airflow/.local/lib/python3.8/site-packages/airflow/example_dags/example_local_kubernetes_executor.py
[2023-10-03T07:59:47.448+0000] {logging_mixin.py:151} INFO - [2023-10-03T07:59:47.446+0000] {dag.py:2915} INFO - Sync 1 DAGs
[2023-10-03T07:59:47.456+0000] {logging_mixin.py:151} INFO - [2023-10-03T07:59:47.456+0000] {dag.py:3696} INFO - Setting next_dagrun for example_local_kubernetes_executor to None, run_after=None
[2023-10-03T07:59:47.466+0000] {processor.py:179} INFO - Processing /home/airflow/.local/lib/python3.8/site-packages/airflow/example_dags/example_local_kubernetes_executor.py took 0.261 seconds
[2023-10-03T08:00:18.518+0000] {processor.py:157} INFO - Started process (PID=394) to work on /home/airflow/.local/lib/python3.8/site-packages/airflow/example_dags/example_local_kubernetes_executor.py
[2023-10-03T08:00:18.522+0000] {processor.py:829} INFO - Processing file /home/airflow/.local/lib/python3.8/site-packages/airflow/example_dags/example_local_kubernetes_executor.py for tasks to queue
[2023-10-03T08:00:18.527+0000] {logging_mixin.py:151} INFO - [2023-10-03T08:00:18.527+0000] {dagbag.py:539} INFO - Filling up the DagBag from /home/airflow/.local/lib/python3.8/site-packages/airflow/example_dags/example_local_kubernetes_executor.py
[2023-10-03T08:00:18.715+0000] {processor.py:839} INFO - DAG(s) dict_keys(['example_local_kubernetes_executor']) retrieved from /home/airflow/.local/lib/python3.8/site-packages/airflow/example_dags/example_local_kubernetes_executor.py
[2023-10-03T08:00:18.744+0000] {logging_mixin.py:151} INFO - [2023-10-03T08:00:18.744+0000] {dag.py:2915} INFO - Sync 1 DAGs
[2023-10-03T08:00:18.752+0000] {logging_mixin.py:151} INFO - [2023-10-03T08:00:18.752+0000] {dag.py:3696} INFO - Setting next_dagrun for example_local_kubernetes_executor to None, run_after=None
[2023-10-03T08:00:18.765+0000] {processor.py:179} INFO - Processing /home/airflow/.local/lib/python3.8/site-packages/airflow/example_dags/example_local_kubernetes_executor.py took 0.255 seconds
[2023-10-03T08:00:49.821+0000] {processor.py:157} INFO - Started process (PID=453) to work on /home/airflow/.local/lib/python3.8/site-packages/airflow/example_dags/example_local_kubernetes_executor.py
[2023-10-03T08:00:49.823+0000] {processor.py:829} INFO - Processing file /home/airflow/.local/lib/python3.8/site-packages/airflow/example_dags/example_local_kubernetes_executor.py for tasks to queue
[2023-10-03T08:00:49.827+0000] {logging_mixin.py:151} INFO - [2023-10-03T08:00:49.827+0000] {dagbag.py:539} INFO - Filling up the DagBag from /home/airflow/.local/lib/python3.8/site-packages/airflow/example_dags/example_local_kubernetes_executor.py
[2023-10-03T08:00:50.009+0000] {processor.py:839} INFO - DAG(s) dict_keys(['example_local_kubernetes_executor']) retrieved from /home/airflow/.local/lib/python3.8/site-packages/airflow/example_dags/example_local_kubernetes_executor.py
[2023-10-03T08:00:50.033+0000] {logging_mixin.py:151} INFO - [2023-10-03T08:00:50.033+0000] {dag.py:2915} INFO - Sync 1 DAGs
[2023-10-03T08:00:50.041+0000] {logging_mixin.py:151} INFO - [2023-10-03T08:00:50.041+0000] {dag.py:3696} INFO - Setting next_dagrun for example_local_kubernetes_executor to None, run_after=None
[2023-10-03T08:00:50.051+0000] {processor.py:179} INFO - Processing /home/airflow/.local/lib/python3.8/site-packages/airflow/example_dags/example_local_kubernetes_executor.py took 0.235 seconds
[2023-10-03T08:01:20.804+0000] {processor.py:157} INFO - Started process (PID=512) to work on /home/airflow/.local/lib/python3.8/site-packages/airflow/example_dags/example_local_kubernetes_executor.py
[2023-10-03T08:01:20.806+0000] {processor.py:829} INFO - Processing file /home/airflow/.local/lib/python3.8/site-packages/airflow/example_dags/example_local_kubernetes_executor.py for tasks to queue
[2023-10-03T08:01:20.809+0000] {logging_mixin.py:151} INFO - [2023-10-03T08:01:20.809+0000] {dagbag.py:539} INFO - Filling up the DagBag from /home/airflow/.local/lib/python3.8/site-packages/airflow/example_dags/example_local_kubernetes_executor.py
[2023-10-03T08:01:20.985+0000] {processor.py:839} INFO - DAG(s) dict_keys(['example_local_kubernetes_executor']) retrieved from /home/airflow/.local/lib/python3.8/site-packages/airflow/example_dags/example_local_kubernetes_executor.py
[2023-10-03T08:01:21.030+0000] {logging_mixin.py:151} INFO - [2023-10-03T08:01:21.029+0000] {dag.py:2915} INFO - Sync 1 DAGs
[2023-10-03T08:01:21.038+0000] {logging_mixin.py:151} INFO - [2023-10-03T08:01:21.038+0000] {dag.py:3696} INFO - Setting next_dagrun for example_local_kubernetes_executor to None, run_after=None
[2023-10-03T08:01:21.047+0000] {processor.py:179} INFO - Processing /home/airflow/.local/lib/python3.8/site-packages/airflow/example_dags/example_local_kubernetes_executor.py took 0.249 seconds
[2023-10-03T08:01:51.843+0000] {processor.py:157} INFO - Started process (PID=571) to work on /home/airflow/.local/lib/python3.8/site-packages/airflow/example_dags/example_local_kubernetes_executor.py
[2023-10-03T08:01:51.846+0000] {processor.py:829} INFO - Processing file /home/airflow/.local/lib/python3.8/site-packages/airflow/example_dags/example_local_kubernetes_executor.py for tasks to queue
[2023-10-03T08:01:51.854+0000] {logging_mixin.py:151} INFO - [2023-10-03T08:01:51.854+0000] {dagbag.py:539} INFO - Filling up the DagBag from /home/airflow/.local/lib/python3.8/site-packages/airflow/example_dags/example_local_kubernetes_executor.py
[2023-10-03T08:01:52.050+0000] {processor.py:839} INFO - DAG(s) dict_keys(['example_local_kubernetes_executor']) retrieved from /home/airflow/.local/lib/python3.8/site-packages/airflow/example_dags/example_local_kubernetes_executor.py
[2023-10-03T08:01:52.088+0000] {logging_mixin.py:151} INFO - [2023-10-03T08:01:52.088+0000] {dag.py:2915} INFO - Sync 1 DAGs
[2023-10-03T08:01:52.097+0000] {logging_mixin.py:151} INFO - [2023-10-03T08:01:52.097+0000] {dag.py:3696} INFO - Setting next_dagrun for example_local_kubernetes_executor to None, run_after=None
[2023-10-03T08:01:52.107+0000] {processor.py:179} INFO - Processing /home/airflow/.local/lib/python3.8/site-packages/airflow/example_dags/example_local_kubernetes_executor.py took 0.273 seconds
[2023-10-03T08:02:22.348+0000] {processor.py:157} INFO - Started process (PID=630) to work on /home/airflow/.local/lib/python3.8/site-packages/airflow/example_dags/example_local_kubernetes_executor.py
[2023-10-03T08:02:22.350+0000] {processor.py:829} INFO - Processing file /home/airflow/.local/lib/python3.8/site-packages/airflow/example_dags/example_local_kubernetes_executor.py for tasks to queue
[2023-10-03T08:02:22.354+0000] {logging_mixin.py:151} INFO - [2023-10-03T08:02:22.354+0000] {dagbag.py:539} INFO - Filling up the DagBag from /home/airflow/.local/lib/python3.8/site-packages/airflow/example_dags/example_local_kubernetes_executor.py
[2023-10-03T08:02:22.544+0000] {processor.py:839} INFO - DAG(s) dict_keys(['example_local_kubernetes_executor']) retrieved from /home/airflow/.local/lib/python3.8/site-packages/airflow/example_dags/example_local_kubernetes_executor.py
[2023-10-03T08:02:22.575+0000] {logging_mixin.py:151} INFO - [2023-10-03T08:02:22.575+0000] {dag.py:2915} INFO - Sync 1 DAGs
[2023-10-03T08:02:22.583+0000] {logging_mixin.py:151} INFO - [2023-10-03T08:02:22.583+0000] {dag.py:3696} INFO - Setting next_dagrun for example_local_kubernetes_executor to None, run_after=None
[2023-10-03T08:02:22.592+0000] {processor.py:179} INFO - Processing /home/airflow/.local/lib/python3.8/site-packages/airflow/example_dags/example_local_kubernetes_executor.py took 0.251 seconds
[2023-10-03T08:02:52.647+0000] {processor.py:157} INFO - Started process (PID=688) to work on /home/airflow/.local/lib/python3.8/site-packages/airflow/example_dags/example_local_kubernetes_executor.py
[2023-10-03T08:02:52.649+0000] {processor.py:829} INFO - Processing file /home/airflow/.local/lib/python3.8/site-packages/airflow/example_dags/example_local_kubernetes_executor.py for tasks to queue
[2023-10-03T08:02:52.656+0000] {logging_mixin.py:151} INFO - [2023-10-03T08:02:52.655+0000] {dagbag.py:539} INFO - Filling up the DagBag from /home/airflow/.local/lib/python3.8/site-packages/airflow/example_dags/example_local_kubernetes_executor.py
[2023-10-03T08:02:52.954+0000] {processor.py:839} INFO - DAG(s) dict_keys(['example_local_kubernetes_executor']) retrieved from /home/airflow/.local/lib/python3.8/site-packages/airflow/example_dags/example_local_kubernetes_executor.py
[2023-10-03T08:02:52.983+0000] {logging_mixin.py:151} INFO - [2023-10-03T08:02:52.983+0000] {dag.py:2915} INFO - Sync 1 DAGs
[2023-10-03T08:02:52.991+0000] {logging_mixin.py:151} INFO - [2023-10-03T08:02:52.991+0000] {dag.py:3696} INFO - Setting next_dagrun for example_local_kubernetes_executor to None, run_after=None
[2023-10-03T08:02:53.001+0000] {processor.py:179} INFO - Processing /home/airflow/.local/lib/python3.8/site-packages/airflow/example_dags/example_local_kubernetes_executor.py took 0.363 seconds
[2023-10-03T08:03:23.118+0000] {processor.py:157} INFO - Started process (PID=747) to work on /home/airflow/.local/lib/python3.8/site-packages/airflow/example_dags/example_local_kubernetes_executor.py
[2023-10-03T08:03:23.121+0000] {processor.py:829} INFO - Processing file /home/airflow/.local/lib/python3.8/site-packages/airflow/example_dags/example_local_kubernetes_executor.py for tasks to queue
[2023-10-03T08:03:23.126+0000] {logging_mixin.py:151} INFO - [2023-10-03T08:03:23.125+0000] {dagbag.py:539} INFO - Filling up the DagBag from /home/airflow/.local/lib/python3.8/site-packages/airflow/example_dags/example_local_kubernetes_executor.py
[2023-10-03T08:03:23.277+0000] {processor.py:839} INFO - DAG(s) dict_keys(['example_local_kubernetes_executor']) retrieved from /home/airflow/.local/lib/python3.8/site-packages/airflow/example_dags/example_local_kubernetes_executor.py
[2023-10-03T08:03:23.298+0000] {logging_mixin.py:151} INFO - [2023-10-03T08:03:23.298+0000] {dag.py:2915} INFO - Sync 1 DAGs
[2023-10-03T08:03:23.305+0000] {logging_mixin.py:151} INFO - [2023-10-03T08:03:23.305+0000] {dag.py:3696} INFO - Setting next_dagrun for example_local_kubernetes_executor to None, run_after=None
[2023-10-03T08:03:23.314+0000] {processor.py:179} INFO - Processing /home/airflow/.local/lib/python3.8/site-packages/airflow/example_dags/example_local_kubernetes_executor.py took 0.203 seconds
[2023-10-03T08:03:53.541+0000] {processor.py:157} INFO - Started process (PID=807) to work on /home/airflow/.local/lib/python3.8/site-packages/airflow/example_dags/example_local_kubernetes_executor.py
[2023-10-03T08:03:53.542+0000] {processor.py:829} INFO - Processing file /home/airflow/.local/lib/python3.8/site-packages/airflow/example_dags/example_local_kubernetes_executor.py for tasks to queue
[2023-10-03T08:03:53.546+0000] {logging_mixin.py:151} INFO - [2023-10-03T08:03:53.545+0000] {dagbag.py:539} INFO - Filling up the DagBag from /home/airflow/.local/lib/python3.8/site-packages/airflow/example_dags/example_local_kubernetes_executor.py
[2023-10-03T08:03:53.715+0000] {processor.py:839} INFO - DAG(s) dict_keys(['example_local_kubernetes_executor']) retrieved from /home/airflow/.local/lib/python3.8/site-packages/airflow/example_dags/example_local_kubernetes_executor.py
[2023-10-03T08:03:53.739+0000] {logging_mixin.py:151} INFO - [2023-10-03T08:03:53.739+0000] {dag.py:2915} INFO - Sync 1 DAGs
[2023-10-03T08:03:53.747+0000] {logging_mixin.py:151} INFO - [2023-10-03T08:03:53.747+0000] {dag.py:3696} INFO - Setting next_dagrun for example_local_kubernetes_executor to None, run_after=None
[2023-10-03T08:03:53.756+0000] {processor.py:179} INFO - Processing /home/airflow/.local/lib/python3.8/site-packages/airflow/example_dags/example_local_kubernetes_executor.py took 0.222 seconds
[2023-10-03T08:04:23.858+0000] {processor.py:157} INFO - Started process (PID=866) to work on /home/airflow/.local/lib/python3.8/site-packages/airflow/example_dags/example_local_kubernetes_executor.py
[2023-10-03T08:04:23.860+0000] {processor.py:829} INFO - Processing file /home/airflow/.local/lib/python3.8/site-packages/airflow/example_dags/example_local_kubernetes_executor.py for tasks to queue
[2023-10-03T08:04:23.862+0000] {logging_mixin.py:151} INFO - [2023-10-03T08:04:23.862+0000] {dagbag.py:539} INFO - Filling up the DagBag from /home/airflow/.local/lib/python3.8/site-packages/airflow/example_dags/example_local_kubernetes_executor.py
[2023-10-03T08:04:24.038+0000] {processor.py:839} INFO - DAG(s) dict_keys(['example_local_kubernetes_executor']) retrieved from /home/airflow/.local/lib/python3.8/site-packages/airflow/example_dags/example_local_kubernetes_executor.py
[2023-10-03T08:04:24.062+0000] {logging_mixin.py:151} INFO - [2023-10-03T08:04:24.061+0000] {dag.py:2915} INFO - Sync 1 DAGs
[2023-10-03T08:04:24.069+0000] {logging_mixin.py:151} INFO - [2023-10-03T08:04:24.069+0000] {dag.py:3696} INFO - Setting next_dagrun for example_local_kubernetes_executor to None, run_after=None
[2023-10-03T08:04:24.083+0000] {processor.py:179} INFO - Processing /home/airflow/.local/lib/python3.8/site-packages/airflow/example_dags/example_local_kubernetes_executor.py took 0.231 seconds
[2023-10-03T08:04:54.653+0000] {processor.py:157} INFO - Started process (PID=925) to work on /home/airflow/.local/lib/python3.8/site-packages/airflow/example_dags/example_local_kubernetes_executor.py
[2023-10-03T08:04:54.654+0000] {processor.py:829} INFO - Processing file /home/airflow/.local/lib/python3.8/site-packages/airflow/example_dags/example_local_kubernetes_executor.py for tasks to queue
[2023-10-03T08:04:54.658+0000] {logging_mixin.py:151} INFO - [2023-10-03T08:04:54.658+0000] {dagbag.py:539} INFO - Filling up the DagBag from /home/airflow/.local/lib/python3.8/site-packages/airflow/example_dags/example_local_kubernetes_executor.py
[2023-10-03T08:04:54.806+0000] {processor.py:839} INFO - DAG(s) dict_keys(['example_local_kubernetes_executor']) retrieved from /home/airflow/.local/lib/python3.8/site-packages/airflow/example_dags/example_local_kubernetes_executor.py
[2023-10-03T08:04:54.867+0000] {logging_mixin.py:151} INFO - [2023-10-03T08:04:54.865+0000] {dag.py:2915} INFO - Sync 1 DAGs
[2023-10-03T08:04:54.879+0000] {logging_mixin.py:151} INFO - [2023-10-03T08:04:54.878+0000] {dag.py:3696} INFO - Setting next_dagrun for example_local_kubernetes_executor to None, run_after=None
[2023-10-03T08:04:54.890+0000] {processor.py:179} INFO - Processing /home/airflow/.local/lib/python3.8/site-packages/airflow/example_dags/example_local_kubernetes_executor.py took 0.244 seconds
[2023-10-03T08:05:25.702+0000] {processor.py:157} INFO - Started process (PID=984) to work on /home/airflow/.local/lib/python3.8/site-packages/airflow/example_dags/example_local_kubernetes_executor.py
[2023-10-03T08:05:25.703+0000] {processor.py:829} INFO - Processing file /home/airflow/.local/lib/python3.8/site-packages/airflow/example_dags/example_local_kubernetes_executor.py for tasks to queue
[2023-10-03T08:05:25.706+0000] {logging_mixin.py:151} INFO - [2023-10-03T08:05:25.706+0000] {dagbag.py:539} INFO - Filling up the DagBag from /home/airflow/.local/lib/python3.8/site-packages/airflow/example_dags/example_local_kubernetes_executor.py
[2023-10-03T08:05:25.887+0000] {processor.py:839} INFO - DAG(s) dict_keys(['example_local_kubernetes_executor']) retrieved from /home/airflow/.local/lib/python3.8/site-packages/airflow/example_dags/example_local_kubernetes_executor.py
[2023-10-03T08:05:25.913+0000] {logging_mixin.py:151} INFO - [2023-10-03T08:05:25.912+0000] {dag.py:2915} INFO - Sync 1 DAGs
[2023-10-03T08:05:25.925+0000] {logging_mixin.py:151} INFO - [2023-10-03T08:05:25.925+0000] {dag.py:3696} INFO - Setting next_dagrun for example_local_kubernetes_executor to None, run_after=None
[2023-10-03T08:05:25.936+0000] {processor.py:179} INFO - Processing /home/airflow/.local/lib/python3.8/site-packages/airflow/example_dags/example_local_kubernetes_executor.py took 0.237 seconds
[2023-10-03T08:05:56.006+0000] {processor.py:157} INFO - Started process (PID=1043) to work on /home/airflow/.local/lib/python3.8/site-packages/airflow/example_dags/example_local_kubernetes_executor.py
[2023-10-03T08:05:56.008+0000] {processor.py:829} INFO - Processing file /home/airflow/.local/lib/python3.8/site-packages/airflow/example_dags/example_local_kubernetes_executor.py for tasks to queue
[2023-10-03T08:05:56.013+0000] {logging_mixin.py:151} INFO - [2023-10-03T08:05:56.012+0000] {dagbag.py:539} INFO - Filling up the DagBag from /home/airflow/.local/lib/python3.8/site-packages/airflow/example_dags/example_local_kubernetes_executor.py
[2023-10-03T08:05:56.165+0000] {processor.py:839} INFO - DAG(s) dict_keys(['example_local_kubernetes_executor']) retrieved from /home/airflow/.local/lib/python3.8/site-packages/airflow/example_dags/example_local_kubernetes_executor.py
[2023-10-03T08:05:56.184+0000] {logging_mixin.py:151} INFO - [2023-10-03T08:05:56.184+0000] {dag.py:2915} INFO - Sync 1 DAGs
[2023-10-03T08:05:56.190+0000] {logging_mixin.py:151} INFO - [2023-10-03T08:05:56.190+0000] {dag.py:3696} INFO - Setting next_dagrun for example_local_kubernetes_executor to None, run_after=None
[2023-10-03T08:05:56.199+0000] {processor.py:179} INFO - Processing /home/airflow/.local/lib/python3.8/site-packages/airflow/example_dags/example_local_kubernetes_executor.py took 0.199 seconds
[2023-10-03T08:06:26.268+0000] {processor.py:157} INFO - Started process (PID=1102) to work on /home/airflow/.local/lib/python3.8/site-packages/airflow/example_dags/example_local_kubernetes_executor.py
[2023-10-03T08:06:26.269+0000] {processor.py:829} INFO - Processing file /home/airflow/.local/lib/python3.8/site-packages/airflow/example_dags/example_local_kubernetes_executor.py for tasks to queue
[2023-10-03T08:06:26.272+0000] {logging_mixin.py:151} INFO - [2023-10-03T08:06:26.272+0000] {dagbag.py:539} INFO - Filling up the DagBag from /home/airflow/.local/lib/python3.8/site-packages/airflow/example_dags/example_local_kubernetes_executor.py
[2023-10-03T08:06:26.420+0000] {processor.py:839} INFO - DAG(s) dict_keys(['example_local_kubernetes_executor']) retrieved from /home/airflow/.local/lib/python3.8/site-packages/airflow/example_dags/example_local_kubernetes_executor.py
[2023-10-03T08:06:26.441+0000] {logging_mixin.py:151} INFO - [2023-10-03T08:06:26.441+0000] {dag.py:2915} INFO - Sync 1 DAGs
[2023-10-03T08:06:26.448+0000] {logging_mixin.py:151} INFO - [2023-10-03T08:06:26.448+0000] {dag.py:3696} INFO - Setting next_dagrun for example_local_kubernetes_executor to None, run_after=None
[2023-10-03T08:06:26.457+0000] {processor.py:179} INFO - Processing /home/airflow/.local/lib/python3.8/site-packages/airflow/example_dags/example_local_kubernetes_executor.py took 0.195 seconds
[2023-10-03T08:06:57.323+0000] {processor.py:157} INFO - Started process (PID=1161) to work on /home/airflow/.local/lib/python3.8/site-packages/airflow/example_dags/example_local_kubernetes_executor.py
[2023-10-03T08:06:57.324+0000] {processor.py:829} INFO - Processing file /home/airflow/.local/lib/python3.8/site-packages/airflow/example_dags/example_local_kubernetes_executor.py for tasks to queue
[2023-10-03T08:06:57.327+0000] {logging_mixin.py:151} INFO - [2023-10-03T08:06:57.327+0000] {dagbag.py:539} INFO - Filling up the DagBag from /home/airflow/.local/lib/python3.8/site-packages/airflow/example_dags/example_local_kubernetes_executor.py
[2023-10-03T08:06:57.467+0000] {processor.py:839} INFO - DAG(s) dict_keys(['example_local_kubernetes_executor']) retrieved from /home/airflow/.local/lib/python3.8/site-packages/airflow/example_dags/example_local_kubernetes_executor.py
[2023-10-03T08:06:57.488+0000] {logging_mixin.py:151} INFO - [2023-10-03T08:06:57.488+0000] {dag.py:2915} INFO - Sync 1 DAGs
[2023-10-03T08:06:57.497+0000] {logging_mixin.py:151} INFO - [2023-10-03T08:06:57.497+0000] {dag.py:3696} INFO - Setting next_dagrun for example_local_kubernetes_executor to None, run_after=None
[2023-10-03T08:06:57.509+0000] {processor.py:179} INFO - Processing /home/airflow/.local/lib/python3.8/site-packages/airflow/example_dags/example_local_kubernetes_executor.py took 0.192 seconds
