[2023-10-03T07:43:56.229+0000] {processor.py:157} INFO - Started process (PID=56) to work on /home/airflow/.local/lib/python3.8/site-packages/airflow/example_dags/example_latest_only_with_trigger.py
[2023-10-03T07:43:56.233+0000] {processor.py:829} INFO - Processing file /home/airflow/.local/lib/python3.8/site-packages/airflow/example_dags/example_latest_only_with_trigger.py for tasks to queue
[2023-10-03T07:43:56.253+0000] {logging_mixin.py:151} INFO - [2023-10-03T07:43:56.251+0000] {dagbag.py:539} INFO - Filling up the DagBag from /home/airflow/.local/lib/python3.8/site-packages/airflow/example_dags/example_latest_only_with_trigger.py
[2023-10-03T07:43:56.267+0000] {processor.py:839} INFO - DAG(s) dict_keys(['latest_only_with_trigger']) retrieved from /home/airflow/.local/lib/python3.8/site-packages/airflow/example_dags/example_latest_only_with_trigger.py
[2023-10-03T07:43:56.293+0000] {logging_mixin.py:151} INFO - [2023-10-03T07:43:56.293+0000] {dag.py:2915} INFO - Sync 1 DAGs
[2023-10-03T07:43:56.313+0000] {logging_mixin.py:151} INFO - [2023-10-03T07:43:56.313+0000] {dag.py:3696} INFO - Setting next_dagrun for latest_only_with_trigger to 2023-10-03T03:43:56.312766+00:00, run_after=2023-10-03T07:43:56.312766+00:00
[2023-10-03T07:43:56.326+0000] {processor.py:179} INFO - Processing /home/airflow/.local/lib/python3.8/site-packages/airflow/example_dags/example_latest_only_with_trigger.py took 0.102 seconds
[2023-10-03T07:44:26.733+0000] {processor.py:157} INFO - Started process (PID=115) to work on /home/airflow/.local/lib/python3.8/site-packages/airflow/example_dags/example_latest_only_with_trigger.py
[2023-10-03T07:44:26.734+0000] {processor.py:829} INFO - Processing file /home/airflow/.local/lib/python3.8/site-packages/airflow/example_dags/example_latest_only_with_trigger.py for tasks to queue
[2023-10-03T07:44:26.735+0000] {logging_mixin.py:151} INFO - [2023-10-03T07:44:26.735+0000] {dagbag.py:539} INFO - Filling up the DagBag from /home/airflow/.local/lib/python3.8/site-packages/airflow/example_dags/example_latest_only_with_trigger.py
[2023-10-03T07:44:26.738+0000] {processor.py:839} INFO - DAG(s) dict_keys(['latest_only_with_trigger']) retrieved from /home/airflow/.local/lib/python3.8/site-packages/airflow/example_dags/example_latest_only_with_trigger.py
[2023-10-03T07:44:26.748+0000] {logging_mixin.py:151} INFO - [2023-10-03T07:44:26.748+0000] {dag.py:2915} INFO - Sync 1 DAGs
[2023-10-03T07:44:26.757+0000] {logging_mixin.py:151} INFO - [2023-10-03T07:44:26.757+0000] {dag.py:3696} INFO - Setting next_dagrun for latest_only_with_trigger to 2023-10-03T03:44:26.757126+00:00, run_after=2023-10-03T07:44:26.757126+00:00
[2023-10-03T07:44:26.763+0000] {processor.py:179} INFO - Processing /home/airflow/.local/lib/python3.8/site-packages/airflow/example_dags/example_latest_only_with_trigger.py took 0.032 seconds
[2023-10-03T07:44:56.997+0000] {processor.py:157} INFO - Started process (PID=174) to work on /home/airflow/.local/lib/python3.8/site-packages/airflow/example_dags/example_latest_only_with_trigger.py
[2023-10-03T07:44:56.997+0000] {processor.py:829} INFO - Processing file /home/airflow/.local/lib/python3.8/site-packages/airflow/example_dags/example_latest_only_with_trigger.py for tasks to queue
[2023-10-03T07:44:56.998+0000] {logging_mixin.py:151} INFO - [2023-10-03T07:44:56.998+0000] {dagbag.py:539} INFO - Filling up the DagBag from /home/airflow/.local/lib/python3.8/site-packages/airflow/example_dags/example_latest_only_with_trigger.py
[2023-10-03T07:44:57.002+0000] {processor.py:839} INFO - DAG(s) dict_keys(['latest_only_with_trigger']) retrieved from /home/airflow/.local/lib/python3.8/site-packages/airflow/example_dags/example_latest_only_with_trigger.py
[2023-10-03T07:44:57.012+0000] {logging_mixin.py:151} INFO - [2023-10-03T07:44:57.012+0000] {dag.py:2915} INFO - Sync 1 DAGs
[2023-10-03T07:44:57.022+0000] {logging_mixin.py:151} INFO - [2023-10-03T07:44:57.022+0000] {dag.py:3696} INFO - Setting next_dagrun for latest_only_with_trigger to 2023-10-03T03:44:57.022328+00:00, run_after=2023-10-03T07:44:57.022328+00:00
[2023-10-03T07:44:57.029+0000] {processor.py:179} INFO - Processing /home/airflow/.local/lib/python3.8/site-packages/airflow/example_dags/example_latest_only_with_trigger.py took 0.035 seconds
[2023-10-03T07:45:27.558+0000] {processor.py:157} INFO - Started process (PID=233) to work on /home/airflow/.local/lib/python3.8/site-packages/airflow/example_dags/example_latest_only_with_trigger.py
[2023-10-03T07:45:27.559+0000] {processor.py:829} INFO - Processing file /home/airflow/.local/lib/python3.8/site-packages/airflow/example_dags/example_latest_only_with_trigger.py for tasks to queue
[2023-10-03T07:45:27.561+0000] {logging_mixin.py:151} INFO - [2023-10-03T07:45:27.561+0000] {dagbag.py:539} INFO - Filling up the DagBag from /home/airflow/.local/lib/python3.8/site-packages/airflow/example_dags/example_latest_only_with_trigger.py
[2023-10-03T07:45:27.564+0000] {processor.py:839} INFO - DAG(s) dict_keys(['latest_only_with_trigger']) retrieved from /home/airflow/.local/lib/python3.8/site-packages/airflow/example_dags/example_latest_only_with_trigger.py
[2023-10-03T07:45:27.576+0000] {logging_mixin.py:151} INFO - [2023-10-03T07:45:27.576+0000] {dag.py:2915} INFO - Sync 1 DAGs
[2023-10-03T07:45:27.587+0000] {logging_mixin.py:151} INFO - [2023-10-03T07:45:27.586+0000] {dag.py:3696} INFO - Setting next_dagrun for latest_only_with_trigger to 2023-10-03T03:45:27.586688+00:00, run_after=2023-10-03T07:45:27.586688+00:00
[2023-10-03T07:45:27.595+0000] {processor.py:179} INFO - Processing /home/airflow/.local/lib/python3.8/site-packages/airflow/example_dags/example_latest_only_with_trigger.py took 0.039 seconds
[2023-10-03T07:50:26.355+0000] {processor.py:157} INFO - Started process (PID=57) to work on /home/airflow/.local/lib/python3.8/site-packages/airflow/example_dags/example_latest_only_with_trigger.py
[2023-10-03T07:50:26.357+0000] {processor.py:829} INFO - Processing file /home/airflow/.local/lib/python3.8/site-packages/airflow/example_dags/example_latest_only_with_trigger.py for tasks to queue
[2023-10-03T07:50:26.360+0000] {logging_mixin.py:151} INFO - [2023-10-03T07:50:26.359+0000] {dagbag.py:539} INFO - Filling up the DagBag from /home/airflow/.local/lib/python3.8/site-packages/airflow/example_dags/example_latest_only_with_trigger.py
[2023-10-03T07:50:26.367+0000] {processor.py:839} INFO - DAG(s) dict_keys(['latest_only_with_trigger']) retrieved from /home/airflow/.local/lib/python3.8/site-packages/airflow/example_dags/example_latest_only_with_trigger.py
[2023-10-03T07:50:26.379+0000] {logging_mixin.py:151} INFO - [2023-10-03T07:50:26.379+0000] {dag.py:2915} INFO - Sync 1 DAGs
[2023-10-03T07:50:26.408+0000] {logging_mixin.py:151} INFO - [2023-10-03T07:50:26.407+0000] {dag.py:3696} INFO - Setting next_dagrun for latest_only_with_trigger to 2023-10-03T03:50:26.407693+00:00, run_after=2023-10-03T07:50:26.407693+00:00
[2023-10-03T07:50:26.420+0000] {processor.py:179} INFO - Processing /home/airflow/.local/lib/python3.8/site-packages/airflow/example_dags/example_latest_only_with_trigger.py took 0.068 seconds
[2023-10-03T07:50:57.320+0000] {processor.py:157} INFO - Started process (PID=116) to work on /home/airflow/.local/lib/python3.8/site-packages/airflow/example_dags/example_latest_only_with_trigger.py
[2023-10-03T07:50:57.322+0000] {processor.py:829} INFO - Processing file /home/airflow/.local/lib/python3.8/site-packages/airflow/example_dags/example_latest_only_with_trigger.py for tasks to queue
[2023-10-03T07:50:57.323+0000] {logging_mixin.py:151} INFO - [2023-10-03T07:50:57.323+0000] {dagbag.py:539} INFO - Filling up the DagBag from /home/airflow/.local/lib/python3.8/site-packages/airflow/example_dags/example_latest_only_with_trigger.py
[2023-10-03T07:50:57.328+0000] {processor.py:839} INFO - DAG(s) dict_keys(['latest_only_with_trigger']) retrieved from /home/airflow/.local/lib/python3.8/site-packages/airflow/example_dags/example_latest_only_with_trigger.py
[2023-10-03T07:50:57.343+0000] {logging_mixin.py:151} INFO - [2023-10-03T07:50:57.343+0000] {dag.py:2915} INFO - Sync 1 DAGs
[2023-10-03T07:50:57.361+0000] {logging_mixin.py:151} INFO - [2023-10-03T07:50:57.361+0000] {dag.py:3696} INFO - Setting next_dagrun for latest_only_with_trigger to 2023-10-03T03:50:57.360984+00:00, run_after=2023-10-03T07:50:57.360984+00:00
[2023-10-03T07:50:57.371+0000] {processor.py:179} INFO - Processing /home/airflow/.local/lib/python3.8/site-packages/airflow/example_dags/example_latest_only_with_trigger.py took 0.054 seconds
[2023-10-03T07:51:27.980+0000] {processor.py:157} INFO - Started process (PID=175) to work on /home/airflow/.local/lib/python3.8/site-packages/airflow/example_dags/example_latest_only_with_trigger.py
[2023-10-03T07:51:27.981+0000] {processor.py:829} INFO - Processing file /home/airflow/.local/lib/python3.8/site-packages/airflow/example_dags/example_latest_only_with_trigger.py for tasks to queue
[2023-10-03T07:51:27.982+0000] {logging_mixin.py:151} INFO - [2023-10-03T07:51:27.982+0000] {dagbag.py:539} INFO - Filling up the DagBag from /home/airflow/.local/lib/python3.8/site-packages/airflow/example_dags/example_latest_only_with_trigger.py
[2023-10-03T07:51:27.989+0000] {processor.py:839} INFO - DAG(s) dict_keys(['latest_only_with_trigger']) retrieved from /home/airflow/.local/lib/python3.8/site-packages/airflow/example_dags/example_latest_only_with_trigger.py
[2023-10-03T07:51:28.000+0000] {logging_mixin.py:151} INFO - [2023-10-03T07:51:28.000+0000] {dag.py:2915} INFO - Sync 1 DAGs
[2023-10-03T07:51:28.013+0000] {logging_mixin.py:151} INFO - [2023-10-03T07:51:28.013+0000] {dag.py:3696} INFO - Setting next_dagrun for latest_only_with_trigger to 2023-10-03T03:51:28.013450+00:00, run_after=2023-10-03T07:51:28.013450+00:00
[2023-10-03T07:51:28.021+0000] {processor.py:179} INFO - Processing /home/airflow/.local/lib/python3.8/site-packages/airflow/example_dags/example_latest_only_with_trigger.py took 0.045 seconds
