[2023-10-03T07:43:58.173+0000] {processor.py:157} INFO - Started process (PID=73) to work on /home/airflow/.local/lib/python3.8/site-packages/airflow/example_dags/example_xcomargs.py
[2023-10-03T07:43:58.175+0000] {processor.py:829} INFO - Processing file /home/airflow/.local/lib/python3.8/site-packages/airflow/example_dags/example_xcomargs.py for tasks to queue
[2023-10-03T07:43:58.180+0000] {logging_mixin.py:151} INFO - [2023-10-03T07:43:58.179+0000] {dagbag.py:539} INFO - Filling up the DagBag from /home/airflow/.local/lib/python3.8/site-packages/airflow/example_dags/example_xcomargs.py
[2023-10-03T07:43:58.192+0000] {processor.py:839} INFO - DAG(s) dict_keys(['example_xcom_args', 'example_xcom_args_with_operators']) retrieved from /home/airflow/.local/lib/python3.8/site-packages/airflow/example_dags/example_xcomargs.py
[2023-10-03T07:43:58.210+0000] {logging_mixin.py:151} INFO - [2023-10-03T07:43:58.209+0000] {dag.py:2915} INFO - Sync 2 DAGs
[2023-10-03T07:43:58.228+0000] {logging_mixin.py:151} INFO - [2023-10-03T07:43:58.228+0000] {dag.py:3696} INFO - Setting next_dagrun for example_xcom_args to None, run_after=None
[2023-10-03T07:43:58.235+0000] {logging_mixin.py:151} INFO - [2023-10-03T07:43:58.235+0000] {dag.py:3696} INFO - Setting next_dagrun for example_xcom_args_with_operators to None, run_after=None
[2023-10-03T07:43:58.262+0000] {processor.py:179} INFO - Processing /home/airflow/.local/lib/python3.8/site-packages/airflow/example_dags/example_xcomargs.py took 0.101 seconds
[2023-10-03T07:44:29.288+0000] {processor.py:157} INFO - Started process (PID=132) to work on /home/airflow/.local/lib/python3.8/site-packages/airflow/example_dags/example_xcomargs.py
[2023-10-03T07:44:29.290+0000] {processor.py:829} INFO - Processing file /home/airflow/.local/lib/python3.8/site-packages/airflow/example_dags/example_xcomargs.py for tasks to queue
[2023-10-03T07:44:29.292+0000] {logging_mixin.py:151} INFO - [2023-10-03T07:44:29.291+0000] {dagbag.py:539} INFO - Filling up the DagBag from /home/airflow/.local/lib/python3.8/site-packages/airflow/example_dags/example_xcomargs.py
[2023-10-03T07:44:29.298+0000] {processor.py:839} INFO - DAG(s) dict_keys(['example_xcom_args', 'example_xcom_args_with_operators']) retrieved from /home/airflow/.local/lib/python3.8/site-packages/airflow/example_dags/example_xcomargs.py
[2023-10-03T07:44:29.313+0000] {logging_mixin.py:151} INFO - [2023-10-03T07:44:29.313+0000] {dag.py:2915} INFO - Sync 2 DAGs
[2023-10-03T07:44:29.320+0000] {logging_mixin.py:151} INFO - [2023-10-03T07:44:29.320+0000] {dag.py:3696} INFO - Setting next_dagrun for example_xcom_args to None, run_after=None
[2023-10-03T07:44:29.322+0000] {logging_mixin.py:151} INFO - [2023-10-03T07:44:29.322+0000] {dag.py:3696} INFO - Setting next_dagrun for example_xcom_args_with_operators to None, run_after=None
[2023-10-03T07:44:29.329+0000] {processor.py:179} INFO - Processing /home/airflow/.local/lib/python3.8/site-packages/airflow/example_dags/example_xcomargs.py took 0.044 seconds
[2023-10-03T07:44:59.506+0000] {processor.py:157} INFO - Started process (PID=191) to work on /home/airflow/.local/lib/python3.8/site-packages/airflow/example_dags/example_xcomargs.py
[2023-10-03T07:44:59.507+0000] {processor.py:829} INFO - Processing file /home/airflow/.local/lib/python3.8/site-packages/airflow/example_dags/example_xcomargs.py for tasks to queue
[2023-10-03T07:44:59.510+0000] {logging_mixin.py:151} INFO - [2023-10-03T07:44:59.510+0000] {dagbag.py:539} INFO - Filling up the DagBag from /home/airflow/.local/lib/python3.8/site-packages/airflow/example_dags/example_xcomargs.py
[2023-10-03T07:44:59.519+0000] {processor.py:839} INFO - DAG(s) dict_keys(['example_xcom_args_with_operators', 'example_xcom_args']) retrieved from /home/airflow/.local/lib/python3.8/site-packages/airflow/example_dags/example_xcomargs.py
[2023-10-03T07:44:59.540+0000] {logging_mixin.py:151} INFO - [2023-10-03T07:44:59.540+0000] {dag.py:2915} INFO - Sync 2 DAGs
[2023-10-03T07:44:59.552+0000] {logging_mixin.py:151} INFO - [2023-10-03T07:44:59.551+0000] {dag.py:3696} INFO - Setting next_dagrun for example_xcom_args to None, run_after=None
[2023-10-03T07:44:59.554+0000] {logging_mixin.py:151} INFO - [2023-10-03T07:44:59.553+0000] {dag.py:3696} INFO - Setting next_dagrun for example_xcom_args_with_operators to None, run_after=None
[2023-10-03T07:44:59.561+0000] {processor.py:179} INFO - Processing /home/airflow/.local/lib/python3.8/site-packages/airflow/example_dags/example_xcomargs.py took 0.059 seconds
[2023-10-03T07:45:30.099+0000] {processor.py:157} INFO - Started process (PID=250) to work on /home/airflow/.local/lib/python3.8/site-packages/airflow/example_dags/example_xcomargs.py
[2023-10-03T07:45:30.101+0000] {processor.py:829} INFO - Processing file /home/airflow/.local/lib/python3.8/site-packages/airflow/example_dags/example_xcomargs.py for tasks to queue
[2023-10-03T07:45:30.104+0000] {logging_mixin.py:151} INFO - [2023-10-03T07:45:30.103+0000] {dagbag.py:539} INFO - Filling up the DagBag from /home/airflow/.local/lib/python3.8/site-packages/airflow/example_dags/example_xcomargs.py
[2023-10-03T07:45:30.112+0000] {processor.py:839} INFO - DAG(s) dict_keys(['example_xcom_args_with_operators', 'example_xcom_args']) retrieved from /home/airflow/.local/lib/python3.8/site-packages/airflow/example_dags/example_xcomargs.py
[2023-10-03T07:45:30.130+0000] {logging_mixin.py:151} INFO - [2023-10-03T07:45:30.130+0000] {dag.py:2915} INFO - Sync 2 DAGs
[2023-10-03T07:45:30.137+0000] {logging_mixin.py:151} INFO - [2023-10-03T07:45:30.137+0000] {dag.py:3696} INFO - Setting next_dagrun for example_xcom_args to None, run_after=None
[2023-10-03T07:45:30.138+0000] {logging_mixin.py:151} INFO - [2023-10-03T07:45:30.138+0000] {dag.py:3696} INFO - Setting next_dagrun for example_xcom_args_with_operators to None, run_after=None
[2023-10-03T07:45:30.146+0000] {processor.py:179} INFO - Processing /home/airflow/.local/lib/python3.8/site-packages/airflow/example_dags/example_xcomargs.py took 0.050 seconds
[2023-10-03T07:50:27.962+0000] {processor.py:157} INFO - Started process (PID=74) to work on /home/airflow/.local/lib/python3.8/site-packages/airflow/example_dags/example_xcomargs.py
[2023-10-03T07:50:27.971+0000] {processor.py:829} INFO - Processing file /home/airflow/.local/lib/python3.8/site-packages/airflow/example_dags/example_xcomargs.py for tasks to queue
[2023-10-03T07:50:27.981+0000] {logging_mixin.py:151} INFO - [2023-10-03T07:50:27.981+0000] {dagbag.py:539} INFO - Filling up the DagBag from /home/airflow/.local/lib/python3.8/site-packages/airflow/example_dags/example_xcomargs.py
[2023-10-03T07:50:28.001+0000] {processor.py:839} INFO - DAG(s) dict_keys(['example_xcom_args_with_operators', 'example_xcom_args']) retrieved from /home/airflow/.local/lib/python3.8/site-packages/airflow/example_dags/example_xcomargs.py
[2023-10-03T07:50:28.015+0000] {logging_mixin.py:151} INFO - [2023-10-03T07:50:28.015+0000] {dag.py:2915} INFO - Sync 2 DAGs
[2023-10-03T07:50:28.037+0000] {logging_mixin.py:151} INFO - [2023-10-03T07:50:28.036+0000] {dag.py:3696} INFO - Setting next_dagrun for example_xcom_args to None, run_after=None
[2023-10-03T07:50:28.049+0000] {logging_mixin.py:151} INFO - [2023-10-03T07:50:28.049+0000] {dag.py:3696} INFO - Setting next_dagrun for example_xcom_args_with_operators to None, run_after=None
[2023-10-03T07:50:28.075+0000] {processor.py:179} INFO - Processing /home/airflow/.local/lib/python3.8/site-packages/airflow/example_dags/example_xcomargs.py took 0.119 seconds
[2023-10-03T07:50:59.049+0000] {processor.py:157} INFO - Started process (PID=133) to work on /home/airflow/.local/lib/python3.8/site-packages/airflow/example_dags/example_xcomargs.py
[2023-10-03T07:50:59.049+0000] {processor.py:829} INFO - Processing file /home/airflow/.local/lib/python3.8/site-packages/airflow/example_dags/example_xcomargs.py for tasks to queue
[2023-10-03T07:50:59.051+0000] {logging_mixin.py:151} INFO - [2023-10-03T07:50:59.051+0000] {dagbag.py:539} INFO - Filling up the DagBag from /home/airflow/.local/lib/python3.8/site-packages/airflow/example_dags/example_xcomargs.py
[2023-10-03T07:50:59.058+0000] {processor.py:839} INFO - DAG(s) dict_keys(['example_xcom_args_with_operators', 'example_xcom_args']) retrieved from /home/airflow/.local/lib/python3.8/site-packages/airflow/example_dags/example_xcomargs.py
[2023-10-03T07:50:59.083+0000] {logging_mixin.py:151} INFO - [2023-10-03T07:50:59.083+0000] {dag.py:2915} INFO - Sync 2 DAGs
[2023-10-03T07:50:59.094+0000] {logging_mixin.py:151} INFO - [2023-10-03T07:50:59.094+0000] {dag.py:3696} INFO - Setting next_dagrun for example_xcom_args to None, run_after=None
[2023-10-03T07:50:59.097+0000] {logging_mixin.py:151} INFO - [2023-10-03T07:50:59.097+0000] {dag.py:3696} INFO - Setting next_dagrun for example_xcom_args_with_operators to None, run_after=None
[2023-10-03T07:50:59.109+0000] {processor.py:179} INFO - Processing /home/airflow/.local/lib/python3.8/site-packages/airflow/example_dags/example_xcomargs.py took 0.063 seconds
[2023-10-03T07:51:29.760+0000] {processor.py:157} INFO - Started process (PID=192) to work on /home/airflow/.local/lib/python3.8/site-packages/airflow/example_dags/example_xcomargs.py
[2023-10-03T07:51:29.760+0000] {processor.py:829} INFO - Processing file /home/airflow/.local/lib/python3.8/site-packages/airflow/example_dags/example_xcomargs.py for tasks to queue
[2023-10-03T07:51:29.762+0000] {logging_mixin.py:151} INFO - [2023-10-03T07:51:29.761+0000] {dagbag.py:539} INFO - Filling up the DagBag from /home/airflow/.local/lib/python3.8/site-packages/airflow/example_dags/example_xcomargs.py
[2023-10-03T07:51:29.767+0000] {processor.py:839} INFO - DAG(s) dict_keys(['example_xcom_args', 'example_xcom_args_with_operators']) retrieved from /home/airflow/.local/lib/python3.8/site-packages/airflow/example_dags/example_xcomargs.py
[2023-10-03T07:51:29.781+0000] {logging_mixin.py:151} INFO - [2023-10-03T07:51:29.781+0000] {dag.py:2915} INFO - Sync 2 DAGs
[2023-10-03T07:51:29.787+0000] {logging_mixin.py:151} INFO - [2023-10-03T07:51:29.787+0000] {dag.py:3696} INFO - Setting next_dagrun for example_xcom_args to None, run_after=None
[2023-10-03T07:51:29.789+0000] {logging_mixin.py:151} INFO - [2023-10-03T07:51:29.789+0000] {dag.py:3696} INFO - Setting next_dagrun for example_xcom_args_with_operators to None, run_after=None
[2023-10-03T07:51:29.795+0000] {processor.py:179} INFO - Processing /home/airflow/.local/lib/python3.8/site-packages/airflow/example_dags/example_xcomargs.py took 0.037 seconds
[2023-10-03T07:57:15.541+0000] {processor.py:157} INFO - Started process (PID=74) to work on /home/airflow/.local/lib/python3.8/site-packages/airflow/example_dags/example_xcomargs.py
[2023-10-03T07:57:15.542+0000] {processor.py:829} INFO - Processing file /home/airflow/.local/lib/python3.8/site-packages/airflow/example_dags/example_xcomargs.py for tasks to queue
[2023-10-03T07:57:15.545+0000] {logging_mixin.py:151} INFO - [2023-10-03T07:57:15.545+0000] {dagbag.py:539} INFO - Filling up the DagBag from /home/airflow/.local/lib/python3.8/site-packages/airflow/example_dags/example_xcomargs.py
[2023-10-03T07:57:15.556+0000] {processor.py:839} INFO - DAG(s) dict_keys(['example_xcom_args', 'example_xcom_args_with_operators']) retrieved from /home/airflow/.local/lib/python3.8/site-packages/airflow/example_dags/example_xcomargs.py
[2023-10-03T07:57:15.569+0000] {logging_mixin.py:151} INFO - [2023-10-03T07:57:15.568+0000] {dag.py:2915} INFO - Sync 2 DAGs
[2023-10-03T07:57:15.576+0000] {logging_mixin.py:151} INFO - [2023-10-03T07:57:15.576+0000] {dag.py:3696} INFO - Setting next_dagrun for example_xcom_args to None, run_after=None
[2023-10-03T07:57:15.578+0000] {logging_mixin.py:151} INFO - [2023-10-03T07:57:15.578+0000] {dag.py:3696} INFO - Setting next_dagrun for example_xcom_args_with_operators to None, run_after=None
[2023-10-03T07:57:15.586+0000] {processor.py:179} INFO - Processing /home/airflow/.local/lib/python3.8/site-packages/airflow/example_dags/example_xcomargs.py took 0.048 seconds
[2023-10-03T07:57:45.997+0000] {processor.py:157} INFO - Started process (PID=133) to work on /home/airflow/.local/lib/python3.8/site-packages/airflow/example_dags/example_xcomargs.py
[2023-10-03T07:57:45.997+0000] {processor.py:829} INFO - Processing file /home/airflow/.local/lib/python3.8/site-packages/airflow/example_dags/example_xcomargs.py for tasks to queue
[2023-10-03T07:57:45.999+0000] {logging_mixin.py:151} INFO - [2023-10-03T07:57:45.999+0000] {dagbag.py:539} INFO - Filling up the DagBag from /home/airflow/.local/lib/python3.8/site-packages/airflow/example_dags/example_xcomargs.py
[2023-10-03T07:57:46.003+0000] {processor.py:839} INFO - DAG(s) dict_keys(['example_xcom_args', 'example_xcom_args_with_operators']) retrieved from /home/airflow/.local/lib/python3.8/site-packages/airflow/example_dags/example_xcomargs.py
[2023-10-03T07:57:46.015+0000] {logging_mixin.py:151} INFO - [2023-10-03T07:57:46.015+0000] {dag.py:2915} INFO - Sync 2 DAGs
[2023-10-03T07:57:46.021+0000] {logging_mixin.py:151} INFO - [2023-10-03T07:57:46.021+0000] {dag.py:3696} INFO - Setting next_dagrun for example_xcom_args to None, run_after=None
[2023-10-03T07:57:46.022+0000] {logging_mixin.py:151} INFO - [2023-10-03T07:57:46.022+0000] {dag.py:3696} INFO - Setting next_dagrun for example_xcom_args_with_operators to None, run_after=None
[2023-10-03T07:57:46.028+0000] {processor.py:179} INFO - Processing /home/airflow/.local/lib/python3.8/site-packages/airflow/example_dags/example_xcomargs.py took 0.033 seconds
[2023-10-03T07:58:16.289+0000] {processor.py:157} INFO - Started process (PID=192) to work on /home/airflow/.local/lib/python3.8/site-packages/airflow/example_dags/example_xcomargs.py
[2023-10-03T07:58:16.290+0000] {processor.py:829} INFO - Processing file /home/airflow/.local/lib/python3.8/site-packages/airflow/example_dags/example_xcomargs.py for tasks to queue
[2023-10-03T07:58:16.291+0000] {logging_mixin.py:151} INFO - [2023-10-03T07:58:16.291+0000] {dagbag.py:539} INFO - Filling up the DagBag from /home/airflow/.local/lib/python3.8/site-packages/airflow/example_dags/example_xcomargs.py
[2023-10-03T07:58:16.296+0000] {processor.py:839} INFO - DAG(s) dict_keys(['example_xcom_args', 'example_xcom_args_with_operators']) retrieved from /home/airflow/.local/lib/python3.8/site-packages/airflow/example_dags/example_xcomargs.py
[2023-10-03T07:58:16.307+0000] {logging_mixin.py:151} INFO - [2023-10-03T07:58:16.307+0000] {dag.py:2915} INFO - Sync 2 DAGs
[2023-10-03T07:58:16.313+0000] {logging_mixin.py:151} INFO - [2023-10-03T07:58:16.313+0000] {dag.py:3696} INFO - Setting next_dagrun for example_xcom_args to None, run_after=None
[2023-10-03T07:58:16.314+0000] {logging_mixin.py:151} INFO - [2023-10-03T07:58:16.314+0000] {dag.py:3696} INFO - Setting next_dagrun for example_xcom_args_with_operators to None, run_after=None
[2023-10-03T07:58:16.321+0000] {processor.py:179} INFO - Processing /home/airflow/.local/lib/python3.8/site-packages/airflow/example_dags/example_xcomargs.py took 0.034 seconds
[2023-10-03T07:58:46.477+0000] {processor.py:157} INFO - Started process (PID=251) to work on /home/airflow/.local/lib/python3.8/site-packages/airflow/example_dags/example_xcomargs.py
[2023-10-03T07:58:46.477+0000] {processor.py:829} INFO - Processing file /home/airflow/.local/lib/python3.8/site-packages/airflow/example_dags/example_xcomargs.py for tasks to queue
[2023-10-03T07:58:46.479+0000] {logging_mixin.py:151} INFO - [2023-10-03T07:58:46.478+0000] {dagbag.py:539} INFO - Filling up the DagBag from /home/airflow/.local/lib/python3.8/site-packages/airflow/example_dags/example_xcomargs.py
[2023-10-03T07:58:46.483+0000] {processor.py:839} INFO - DAG(s) dict_keys(['example_xcom_args_with_operators', 'example_xcom_args']) retrieved from /home/airflow/.local/lib/python3.8/site-packages/airflow/example_dags/example_xcomargs.py
[2023-10-03T07:58:46.495+0000] {logging_mixin.py:151} INFO - [2023-10-03T07:58:46.495+0000] {dag.py:2915} INFO - Sync 2 DAGs
[2023-10-03T07:58:46.501+0000] {logging_mixin.py:151} INFO - [2023-10-03T07:58:46.501+0000] {dag.py:3696} INFO - Setting next_dagrun for example_xcom_args to None, run_after=None
[2023-10-03T07:58:46.502+0000] {logging_mixin.py:151} INFO - [2023-10-03T07:58:46.502+0000] {dag.py:3696} INFO - Setting next_dagrun for example_xcom_args_with_operators to None, run_after=None
[2023-10-03T07:58:46.509+0000] {processor.py:179} INFO - Processing /home/airflow/.local/lib/python3.8/site-packages/airflow/example_dags/example_xcomargs.py took 0.034 seconds
[2023-10-03T07:59:17.978+0000] {processor.py:157} INFO - Started process (PID=310) to work on /home/airflow/.local/lib/python3.8/site-packages/airflow/example_dags/example_xcomargs.py
[2023-10-03T07:59:17.979+0000] {processor.py:829} INFO - Processing file /home/airflow/.local/lib/python3.8/site-packages/airflow/example_dags/example_xcomargs.py for tasks to queue
[2023-10-03T07:59:17.980+0000] {logging_mixin.py:151} INFO - [2023-10-03T07:59:17.980+0000] {dagbag.py:539} INFO - Filling up the DagBag from /home/airflow/.local/lib/python3.8/site-packages/airflow/example_dags/example_xcomargs.py
[2023-10-03T07:59:17.984+0000] {processor.py:839} INFO - DAG(s) dict_keys(['example_xcom_args', 'example_xcom_args_with_operators']) retrieved from /home/airflow/.local/lib/python3.8/site-packages/airflow/example_dags/example_xcomargs.py
[2023-10-03T07:59:17.998+0000] {logging_mixin.py:151} INFO - [2023-10-03T07:59:17.998+0000] {dag.py:2915} INFO - Sync 2 DAGs
[2023-10-03T07:59:18.004+0000] {logging_mixin.py:151} INFO - [2023-10-03T07:59:18.004+0000] {dag.py:3696} INFO - Setting next_dagrun for example_xcom_args to None, run_after=None
[2023-10-03T07:59:18.006+0000] {logging_mixin.py:151} INFO - [2023-10-03T07:59:18.006+0000] {dag.py:3696} INFO - Setting next_dagrun for example_xcom_args_with_operators to None, run_after=None
[2023-10-03T07:59:18.014+0000] {processor.py:179} INFO - Processing /home/airflow/.local/lib/python3.8/site-packages/airflow/example_dags/example_xcomargs.py took 0.038 seconds
[2023-10-03T07:59:48.424+0000] {processor.py:157} INFO - Started process (PID=369) to work on /home/airflow/.local/lib/python3.8/site-packages/airflow/example_dags/example_xcomargs.py
[2023-10-03T07:59:48.424+0000] {processor.py:829} INFO - Processing file /home/airflow/.local/lib/python3.8/site-packages/airflow/example_dags/example_xcomargs.py for tasks to queue
[2023-10-03T07:59:48.426+0000] {logging_mixin.py:151} INFO - [2023-10-03T07:59:48.426+0000] {dagbag.py:539} INFO - Filling up the DagBag from /home/airflow/.local/lib/python3.8/site-packages/airflow/example_dags/example_xcomargs.py
[2023-10-03T07:59:48.431+0000] {processor.py:839} INFO - DAG(s) dict_keys(['example_xcom_args', 'example_xcom_args_with_operators']) retrieved from /home/airflow/.local/lib/python3.8/site-packages/airflow/example_dags/example_xcomargs.py
[2023-10-03T07:59:48.442+0000] {logging_mixin.py:151} INFO - [2023-10-03T07:59:48.442+0000] {dag.py:2915} INFO - Sync 2 DAGs
[2023-10-03T07:59:48.448+0000] {logging_mixin.py:151} INFO - [2023-10-03T07:59:48.448+0000] {dag.py:3696} INFO - Setting next_dagrun for example_xcom_args to None, run_after=None
[2023-10-03T07:59:48.450+0000] {logging_mixin.py:151} INFO - [2023-10-03T07:59:48.450+0000] {dag.py:3696} INFO - Setting next_dagrun for example_xcom_args_with_operators to None, run_after=None
[2023-10-03T07:59:48.458+0000] {processor.py:179} INFO - Processing /home/airflow/.local/lib/python3.8/site-packages/airflow/example_dags/example_xcomargs.py took 0.036 seconds
[2023-10-03T08:00:19.742+0000] {processor.py:157} INFO - Started process (PID=428) to work on /home/airflow/.local/lib/python3.8/site-packages/airflow/example_dags/example_xcomargs.py
[2023-10-03T08:00:19.743+0000] {processor.py:829} INFO - Processing file /home/airflow/.local/lib/python3.8/site-packages/airflow/example_dags/example_xcomargs.py for tasks to queue
[2023-10-03T08:00:19.744+0000] {logging_mixin.py:151} INFO - [2023-10-03T08:00:19.744+0000] {dagbag.py:539} INFO - Filling up the DagBag from /home/airflow/.local/lib/python3.8/site-packages/airflow/example_dags/example_xcomargs.py
[2023-10-03T08:00:19.749+0000] {processor.py:839} INFO - DAG(s) dict_keys(['example_xcom_args_with_operators', 'example_xcom_args']) retrieved from /home/airflow/.local/lib/python3.8/site-packages/airflow/example_dags/example_xcomargs.py
[2023-10-03T08:00:19.761+0000] {logging_mixin.py:151} INFO - [2023-10-03T08:00:19.761+0000] {dag.py:2915} INFO - Sync 2 DAGs
[2023-10-03T08:00:19.768+0000] {logging_mixin.py:151} INFO - [2023-10-03T08:00:19.768+0000] {dag.py:3696} INFO - Setting next_dagrun for example_xcom_args to None, run_after=None
[2023-10-03T08:00:19.769+0000] {logging_mixin.py:151} INFO - [2023-10-03T08:00:19.769+0000] {dag.py:3696} INFO - Setting next_dagrun for example_xcom_args_with_operators to None, run_after=None
[2023-10-03T08:00:19.776+0000] {processor.py:179} INFO - Processing /home/airflow/.local/lib/python3.8/site-packages/airflow/example_dags/example_xcomargs.py took 0.037 seconds
[2023-10-03T08:00:50.949+0000] {processor.py:157} INFO - Started process (PID=487) to work on /home/airflow/.local/lib/python3.8/site-packages/airflow/example_dags/example_xcomargs.py
[2023-10-03T08:00:50.949+0000] {processor.py:829} INFO - Processing file /home/airflow/.local/lib/python3.8/site-packages/airflow/example_dags/example_xcomargs.py for tasks to queue
[2023-10-03T08:00:50.951+0000] {logging_mixin.py:151} INFO - [2023-10-03T08:00:50.950+0000] {dagbag.py:539} INFO - Filling up the DagBag from /home/airflow/.local/lib/python3.8/site-packages/airflow/example_dags/example_xcomargs.py
[2023-10-03T08:00:50.955+0000] {processor.py:839} INFO - DAG(s) dict_keys(['example_xcom_args', 'example_xcom_args_with_operators']) retrieved from /home/airflow/.local/lib/python3.8/site-packages/airflow/example_dags/example_xcomargs.py
[2023-10-03T08:00:50.966+0000] {logging_mixin.py:151} INFO - [2023-10-03T08:00:50.966+0000] {dag.py:2915} INFO - Sync 2 DAGs
[2023-10-03T08:00:50.972+0000] {logging_mixin.py:151} INFO - [2023-10-03T08:00:50.972+0000] {dag.py:3696} INFO - Setting next_dagrun for example_xcom_args to None, run_after=None
[2023-10-03T08:00:50.973+0000] {logging_mixin.py:151} INFO - [2023-10-03T08:00:50.973+0000] {dag.py:3696} INFO - Setting next_dagrun for example_xcom_args_with_operators to None, run_after=None
[2023-10-03T08:00:50.980+0000] {processor.py:179} INFO - Processing /home/airflow/.local/lib/python3.8/site-packages/airflow/example_dags/example_xcomargs.py took 0.033 seconds
[2023-10-03T08:01:22.003+0000] {processor.py:157} INFO - Started process (PID=546) to work on /home/airflow/.local/lib/python3.8/site-packages/airflow/example_dags/example_xcomargs.py
[2023-10-03T08:01:22.004+0000] {processor.py:829} INFO - Processing file /home/airflow/.local/lib/python3.8/site-packages/airflow/example_dags/example_xcomargs.py for tasks to queue
[2023-10-03T08:01:22.005+0000] {logging_mixin.py:151} INFO - [2023-10-03T08:01:22.005+0000] {dagbag.py:539} INFO - Filling up the DagBag from /home/airflow/.local/lib/python3.8/site-packages/airflow/example_dags/example_xcomargs.py
[2023-10-03T08:01:22.009+0000] {processor.py:839} INFO - DAG(s) dict_keys(['example_xcom_args', 'example_xcom_args_with_operators']) retrieved from /home/airflow/.local/lib/python3.8/site-packages/airflow/example_dags/example_xcomargs.py
[2023-10-03T08:01:22.021+0000] {logging_mixin.py:151} INFO - [2023-10-03T08:01:22.021+0000] {dag.py:2915} INFO - Sync 2 DAGs
[2023-10-03T08:01:22.026+0000] {logging_mixin.py:151} INFO - [2023-10-03T08:01:22.026+0000] {dag.py:3696} INFO - Setting next_dagrun for example_xcom_args to None, run_after=None
[2023-10-03T08:01:22.028+0000] {logging_mixin.py:151} INFO - [2023-10-03T08:01:22.028+0000] {dag.py:3696} INFO - Setting next_dagrun for example_xcom_args_with_operators to None, run_after=None
[2023-10-03T08:01:22.034+0000] {processor.py:179} INFO - Processing /home/airflow/.local/lib/python3.8/site-packages/airflow/example_dags/example_xcomargs.py took 0.033 seconds
[2023-10-03T08:01:53.101+0000] {processor.py:157} INFO - Started process (PID=605) to work on /home/airflow/.local/lib/python3.8/site-packages/airflow/example_dags/example_xcomargs.py
[2023-10-03T08:01:53.102+0000] {processor.py:829} INFO - Processing file /home/airflow/.local/lib/python3.8/site-packages/airflow/example_dags/example_xcomargs.py for tasks to queue
[2023-10-03T08:01:53.103+0000] {logging_mixin.py:151} INFO - [2023-10-03T08:01:53.103+0000] {dagbag.py:539} INFO - Filling up the DagBag from /home/airflow/.local/lib/python3.8/site-packages/airflow/example_dags/example_xcomargs.py
[2023-10-03T08:01:53.107+0000] {processor.py:839} INFO - DAG(s) dict_keys(['example_xcom_args', 'example_xcom_args_with_operators']) retrieved from /home/airflow/.local/lib/python3.8/site-packages/airflow/example_dags/example_xcomargs.py
[2023-10-03T08:01:53.119+0000] {logging_mixin.py:151} INFO - [2023-10-03T08:01:53.119+0000] {dag.py:2915} INFO - Sync 2 DAGs
[2023-10-03T08:01:53.125+0000] {logging_mixin.py:151} INFO - [2023-10-03T08:01:53.125+0000] {dag.py:3696} INFO - Setting next_dagrun for example_xcom_args to None, run_after=None
[2023-10-03T08:01:53.127+0000] {logging_mixin.py:151} INFO - [2023-10-03T08:01:53.127+0000] {dag.py:3696} INFO - Setting next_dagrun for example_xcom_args_with_operators to None, run_after=None
[2023-10-03T08:01:53.135+0000] {processor.py:179} INFO - Processing /home/airflow/.local/lib/python3.8/site-packages/airflow/example_dags/example_xcomargs.py took 0.036 seconds
[2023-10-03T08:02:23.554+0000] {processor.py:157} INFO - Started process (PID=664) to work on /home/airflow/.local/lib/python3.8/site-packages/airflow/example_dags/example_xcomargs.py
[2023-10-03T08:02:23.555+0000] {processor.py:829} INFO - Processing file /home/airflow/.local/lib/python3.8/site-packages/airflow/example_dags/example_xcomargs.py for tasks to queue
[2023-10-03T08:02:23.556+0000] {logging_mixin.py:151} INFO - [2023-10-03T08:02:23.556+0000] {dagbag.py:539} INFO - Filling up the DagBag from /home/airflow/.local/lib/python3.8/site-packages/airflow/example_dags/example_xcomargs.py
[2023-10-03T08:02:23.561+0000] {processor.py:839} INFO - DAG(s) dict_keys(['example_xcom_args', 'example_xcom_args_with_operators']) retrieved from /home/airflow/.local/lib/python3.8/site-packages/airflow/example_dags/example_xcomargs.py
[2023-10-03T08:02:23.572+0000] {logging_mixin.py:151} INFO - [2023-10-03T08:02:23.572+0000] {dag.py:2915} INFO - Sync 2 DAGs
[2023-10-03T08:02:23.578+0000] {logging_mixin.py:151} INFO - [2023-10-03T08:02:23.578+0000] {dag.py:3696} INFO - Setting next_dagrun for example_xcom_args to None, run_after=None
[2023-10-03T08:02:23.579+0000] {logging_mixin.py:151} INFO - [2023-10-03T08:02:23.579+0000] {dag.py:3696} INFO - Setting next_dagrun for example_xcom_args_with_operators to None, run_after=None
[2023-10-03T08:02:23.586+0000] {processor.py:179} INFO - Processing /home/airflow/.local/lib/python3.8/site-packages/airflow/example_dags/example_xcomargs.py took 0.034 seconds
[2023-10-03T08:02:54.058+0000] {processor.py:157} INFO - Started process (PID=723) to work on /home/airflow/.local/lib/python3.8/site-packages/airflow/example_dags/example_xcomargs.py
[2023-10-03T08:02:54.059+0000] {processor.py:829} INFO - Processing file /home/airflow/.local/lib/python3.8/site-packages/airflow/example_dags/example_xcomargs.py for tasks to queue
[2023-10-03T08:02:54.060+0000] {logging_mixin.py:151} INFO - [2023-10-03T08:02:54.060+0000] {dagbag.py:539} INFO - Filling up the DagBag from /home/airflow/.local/lib/python3.8/site-packages/airflow/example_dags/example_xcomargs.py
[2023-10-03T08:02:54.066+0000] {processor.py:839} INFO - DAG(s) dict_keys(['example_xcom_args', 'example_xcom_args_with_operators']) retrieved from /home/airflow/.local/lib/python3.8/site-packages/airflow/example_dags/example_xcomargs.py
[2023-10-03T08:02:54.078+0000] {logging_mixin.py:151} INFO - [2023-10-03T08:02:54.078+0000] {dag.py:2915} INFO - Sync 2 DAGs
[2023-10-03T08:02:54.084+0000] {logging_mixin.py:151} INFO - [2023-10-03T08:02:54.084+0000] {dag.py:3696} INFO - Setting next_dagrun for example_xcom_args to None, run_after=None
[2023-10-03T08:02:54.086+0000] {logging_mixin.py:151} INFO - [2023-10-03T08:02:54.086+0000] {dag.py:3696} INFO - Setting next_dagrun for example_xcom_args_with_operators to None, run_after=None
[2023-10-03T08:02:54.093+0000] {processor.py:179} INFO - Processing /home/airflow/.local/lib/python3.8/site-packages/airflow/example_dags/example_xcomargs.py took 0.037 seconds
[2023-10-03T08:03:24.421+0000] {processor.py:157} INFO - Started process (PID=782) to work on /home/airflow/.local/lib/python3.8/site-packages/airflow/example_dags/example_xcomargs.py
[2023-10-03T08:03:24.422+0000] {processor.py:829} INFO - Processing file /home/airflow/.local/lib/python3.8/site-packages/airflow/example_dags/example_xcomargs.py for tasks to queue
[2023-10-03T08:03:24.423+0000] {logging_mixin.py:151} INFO - [2023-10-03T08:03:24.423+0000] {dagbag.py:539} INFO - Filling up the DagBag from /home/airflow/.local/lib/python3.8/site-packages/airflow/example_dags/example_xcomargs.py
[2023-10-03T08:03:24.429+0000] {processor.py:839} INFO - DAG(s) dict_keys(['example_xcom_args_with_operators', 'example_xcom_args']) retrieved from /home/airflow/.local/lib/python3.8/site-packages/airflow/example_dags/example_xcomargs.py
[2023-10-03T08:03:24.443+0000] {logging_mixin.py:151} INFO - [2023-10-03T08:03:24.443+0000] {dag.py:2915} INFO - Sync 2 DAGs
[2023-10-03T08:03:24.450+0000] {logging_mixin.py:151} INFO - [2023-10-03T08:03:24.450+0000] {dag.py:3696} INFO - Setting next_dagrun for example_xcom_args to None, run_after=None
[2023-10-03T08:03:24.452+0000] {logging_mixin.py:151} INFO - [2023-10-03T08:03:24.452+0000] {dag.py:3696} INFO - Setting next_dagrun for example_xcom_args_with_operators to None, run_after=None
[2023-10-03T08:03:24.461+0000] {processor.py:179} INFO - Processing /home/airflow/.local/lib/python3.8/site-packages/airflow/example_dags/example_xcomargs.py took 0.044 seconds
[2023-10-03T08:03:54.710+0000] {processor.py:157} INFO - Started process (PID=841) to work on /home/airflow/.local/lib/python3.8/site-packages/airflow/example_dags/example_xcomargs.py
[2023-10-03T08:03:54.711+0000] {processor.py:829} INFO - Processing file /home/airflow/.local/lib/python3.8/site-packages/airflow/example_dags/example_xcomargs.py for tasks to queue
[2023-10-03T08:03:54.712+0000] {logging_mixin.py:151} INFO - [2023-10-03T08:03:54.712+0000] {dagbag.py:539} INFO - Filling up the DagBag from /home/airflow/.local/lib/python3.8/site-packages/airflow/example_dags/example_xcomargs.py
[2023-10-03T08:03:54.716+0000] {processor.py:839} INFO - DAG(s) dict_keys(['example_xcom_args_with_operators', 'example_xcom_args']) retrieved from /home/airflow/.local/lib/python3.8/site-packages/airflow/example_dags/example_xcomargs.py
[2023-10-03T08:03:54.728+0000] {logging_mixin.py:151} INFO - [2023-10-03T08:03:54.728+0000] {dag.py:2915} INFO - Sync 2 DAGs
[2023-10-03T08:03:54.734+0000] {logging_mixin.py:151} INFO - [2023-10-03T08:03:54.734+0000] {dag.py:3696} INFO - Setting next_dagrun for example_xcom_args to None, run_after=None
[2023-10-03T08:03:54.736+0000] {logging_mixin.py:151} INFO - [2023-10-03T08:03:54.736+0000] {dag.py:3696} INFO - Setting next_dagrun for example_xcom_args_with_operators to None, run_after=None
[2023-10-03T08:03:54.742+0000] {processor.py:179} INFO - Processing /home/airflow/.local/lib/python3.8/site-packages/airflow/example_dags/example_xcomargs.py took 0.034 seconds
[2023-10-03T08:04:25.345+0000] {processor.py:157} INFO - Started process (PID=900) to work on /home/airflow/.local/lib/python3.8/site-packages/airflow/example_dags/example_xcomargs.py
[2023-10-03T08:04:25.346+0000] {processor.py:829} INFO - Processing file /home/airflow/.local/lib/python3.8/site-packages/airflow/example_dags/example_xcomargs.py for tasks to queue
[2023-10-03T08:04:25.347+0000] {logging_mixin.py:151} INFO - [2023-10-03T08:04:25.347+0000] {dagbag.py:539} INFO - Filling up the DagBag from /home/airflow/.local/lib/python3.8/site-packages/airflow/example_dags/example_xcomargs.py
[2023-10-03T08:04:25.353+0000] {processor.py:839} INFO - DAG(s) dict_keys(['example_xcom_args', 'example_xcom_args_with_operators']) retrieved from /home/airflow/.local/lib/python3.8/site-packages/airflow/example_dags/example_xcomargs.py
[2023-10-03T08:04:25.367+0000] {logging_mixin.py:151} INFO - [2023-10-03T08:04:25.367+0000] {dag.py:2915} INFO - Sync 2 DAGs
[2023-10-03T08:04:25.374+0000] {logging_mixin.py:151} INFO - [2023-10-03T08:04:25.373+0000] {dag.py:3696} INFO - Setting next_dagrun for example_xcom_args to None, run_after=None
[2023-10-03T08:04:25.375+0000] {logging_mixin.py:151} INFO - [2023-10-03T08:04:25.375+0000] {dag.py:3696} INFO - Setting next_dagrun for example_xcom_args_with_operators to None, run_after=None
[2023-10-03T08:04:25.383+0000] {processor.py:179} INFO - Processing /home/airflow/.local/lib/python3.8/site-packages/airflow/example_dags/example_xcomargs.py took 0.041 seconds
[2023-10-03T08:04:55.862+0000] {processor.py:157} INFO - Started process (PID=959) to work on /home/airflow/.local/lib/python3.8/site-packages/airflow/example_dags/example_xcomargs.py
[2023-10-03T08:04:55.863+0000] {processor.py:829} INFO - Processing file /home/airflow/.local/lib/python3.8/site-packages/airflow/example_dags/example_xcomargs.py for tasks to queue
[2023-10-03T08:04:55.864+0000] {logging_mixin.py:151} INFO - [2023-10-03T08:04:55.864+0000] {dagbag.py:539} INFO - Filling up the DagBag from /home/airflow/.local/lib/python3.8/site-packages/airflow/example_dags/example_xcomargs.py
[2023-10-03T08:04:55.868+0000] {processor.py:839} INFO - DAG(s) dict_keys(['example_xcom_args', 'example_xcom_args_with_operators']) retrieved from /home/airflow/.local/lib/python3.8/site-packages/airflow/example_dags/example_xcomargs.py
[2023-10-03T08:04:55.881+0000] {logging_mixin.py:151} INFO - [2023-10-03T08:04:55.881+0000] {dag.py:2915} INFO - Sync 2 DAGs
[2023-10-03T08:04:55.889+0000] {logging_mixin.py:151} INFO - [2023-10-03T08:04:55.888+0000] {dag.py:3696} INFO - Setting next_dagrun for example_xcom_args to None, run_after=None
[2023-10-03T08:04:55.890+0000] {logging_mixin.py:151} INFO - [2023-10-03T08:04:55.890+0000] {dag.py:3696} INFO - Setting next_dagrun for example_xcom_args_with_operators to None, run_after=None
[2023-10-03T08:04:55.897+0000] {processor.py:179} INFO - Processing /home/airflow/.local/lib/python3.8/site-packages/airflow/example_dags/example_xcomargs.py took 0.036 seconds
[2023-10-03T08:05:26.914+0000] {processor.py:157} INFO - Started process (PID=1018) to work on /home/airflow/.local/lib/python3.8/site-packages/airflow/example_dags/example_xcomargs.py
[2023-10-03T08:05:26.915+0000] {processor.py:829} INFO - Processing file /home/airflow/.local/lib/python3.8/site-packages/airflow/example_dags/example_xcomargs.py for tasks to queue
[2023-10-03T08:05:26.916+0000] {logging_mixin.py:151} INFO - [2023-10-03T08:05:26.916+0000] {dagbag.py:539} INFO - Filling up the DagBag from /home/airflow/.local/lib/python3.8/site-packages/airflow/example_dags/example_xcomargs.py
[2023-10-03T08:05:26.921+0000] {processor.py:839} INFO - DAG(s) dict_keys(['example_xcom_args', 'example_xcom_args_with_operators']) retrieved from /home/airflow/.local/lib/python3.8/site-packages/airflow/example_dags/example_xcomargs.py
[2023-10-03T08:05:26.936+0000] {logging_mixin.py:151} INFO - [2023-10-03T08:05:26.936+0000] {dag.py:2915} INFO - Sync 2 DAGs
[2023-10-03T08:05:26.943+0000] {logging_mixin.py:151} INFO - [2023-10-03T08:05:26.943+0000] {dag.py:3696} INFO - Setting next_dagrun for example_xcom_args to None, run_after=None
[2023-10-03T08:05:26.945+0000] {logging_mixin.py:151} INFO - [2023-10-03T08:05:26.945+0000] {dag.py:3696} INFO - Setting next_dagrun for example_xcom_args_with_operators to None, run_after=None
[2023-10-03T08:05:26.952+0000] {processor.py:179} INFO - Processing /home/airflow/.local/lib/python3.8/site-packages/airflow/example_dags/example_xcomargs.py took 0.040 seconds
[2023-10-03T08:05:57.184+0000] {processor.py:157} INFO - Started process (PID=1077) to work on /home/airflow/.local/lib/python3.8/site-packages/airflow/example_dags/example_xcomargs.py
[2023-10-03T08:05:57.185+0000] {processor.py:829} INFO - Processing file /home/airflow/.local/lib/python3.8/site-packages/airflow/example_dags/example_xcomargs.py for tasks to queue
[2023-10-03T08:05:57.186+0000] {logging_mixin.py:151} INFO - [2023-10-03T08:05:57.186+0000] {dagbag.py:539} INFO - Filling up the DagBag from /home/airflow/.local/lib/python3.8/site-packages/airflow/example_dags/example_xcomargs.py
[2023-10-03T08:05:57.190+0000] {processor.py:839} INFO - DAG(s) dict_keys(['example_xcom_args_with_operators', 'example_xcom_args']) retrieved from /home/airflow/.local/lib/python3.8/site-packages/airflow/example_dags/example_xcomargs.py
[2023-10-03T08:05:57.202+0000] {logging_mixin.py:151} INFO - [2023-10-03T08:05:57.202+0000] {dag.py:2915} INFO - Sync 2 DAGs
[2023-10-03T08:05:57.208+0000] {logging_mixin.py:151} INFO - [2023-10-03T08:05:57.208+0000] {dag.py:3696} INFO - Setting next_dagrun for example_xcom_args to None, run_after=None
[2023-10-03T08:05:57.209+0000] {logging_mixin.py:151} INFO - [2023-10-03T08:05:57.209+0000] {dag.py:3696} INFO - Setting next_dagrun for example_xcom_args_with_operators to None, run_after=None
[2023-10-03T08:05:57.216+0000] {processor.py:179} INFO - Processing /home/airflow/.local/lib/python3.8/site-packages/airflow/example_dags/example_xcomargs.py took 0.034 seconds
[2023-10-03T08:06:27.418+0000] {processor.py:157} INFO - Started process (PID=1136) to work on /home/airflow/.local/lib/python3.8/site-packages/airflow/example_dags/example_xcomargs.py
[2023-10-03T08:06:27.419+0000] {processor.py:829} INFO - Processing file /home/airflow/.local/lib/python3.8/site-packages/airflow/example_dags/example_xcomargs.py for tasks to queue
[2023-10-03T08:06:27.420+0000] {logging_mixin.py:151} INFO - [2023-10-03T08:06:27.420+0000] {dagbag.py:539} INFO - Filling up the DagBag from /home/airflow/.local/lib/python3.8/site-packages/airflow/example_dags/example_xcomargs.py
[2023-10-03T08:06:27.425+0000] {processor.py:839} INFO - DAG(s) dict_keys(['example_xcom_args', 'example_xcom_args_with_operators']) retrieved from /home/airflow/.local/lib/python3.8/site-packages/airflow/example_dags/example_xcomargs.py
[2023-10-03T08:06:27.438+0000] {logging_mixin.py:151} INFO - [2023-10-03T08:06:27.437+0000] {dag.py:2915} INFO - Sync 2 DAGs
[2023-10-03T08:06:27.443+0000] {logging_mixin.py:151} INFO - [2023-10-03T08:06:27.443+0000] {dag.py:3696} INFO - Setting next_dagrun for example_xcom_args to None, run_after=None
[2023-10-03T08:06:27.445+0000] {logging_mixin.py:151} INFO - [2023-10-03T08:06:27.445+0000] {dag.py:3696} INFO - Setting next_dagrun for example_xcom_args_with_operators to None, run_after=None
[2023-10-03T08:06:27.462+0000] {processor.py:179} INFO - Processing /home/airflow/.local/lib/python3.8/site-packages/airflow/example_dags/example_xcomargs.py took 0.046 seconds
[2023-10-03T08:06:58.468+0000] {processor.py:157} INFO - Started process (PID=1195) to work on /home/airflow/.local/lib/python3.8/site-packages/airflow/example_dags/example_xcomargs.py
[2023-10-03T08:06:58.469+0000] {processor.py:829} INFO - Processing file /home/airflow/.local/lib/python3.8/site-packages/airflow/example_dags/example_xcomargs.py for tasks to queue
[2023-10-03T08:06:58.470+0000] {logging_mixin.py:151} INFO - [2023-10-03T08:06:58.470+0000] {dagbag.py:539} INFO - Filling up the DagBag from /home/airflow/.local/lib/python3.8/site-packages/airflow/example_dags/example_xcomargs.py
[2023-10-03T08:06:58.475+0000] {processor.py:839} INFO - DAG(s) dict_keys(['example_xcom_args_with_operators', 'example_xcom_args']) retrieved from /home/airflow/.local/lib/python3.8/site-packages/airflow/example_dags/example_xcomargs.py
[2023-10-03T08:06:58.486+0000] {logging_mixin.py:151} INFO - [2023-10-03T08:06:58.486+0000] {dag.py:2915} INFO - Sync 2 DAGs
[2023-10-03T08:06:58.492+0000] {logging_mixin.py:151} INFO - [2023-10-03T08:06:58.492+0000] {dag.py:3696} INFO - Setting next_dagrun for example_xcom_args to None, run_after=None
[2023-10-03T08:06:58.494+0000] {logging_mixin.py:151} INFO - [2023-10-03T08:06:58.493+0000] {dag.py:3696} INFO - Setting next_dagrun for example_xcom_args_with_operators to None, run_after=None
[2023-10-03T08:06:58.500+0000] {processor.py:179} INFO - Processing /home/airflow/.local/lib/python3.8/site-packages/airflow/example_dags/example_xcomargs.py took 0.034 seconds
