[2023-10-03T07:43:53.457+0000] {processor.py:157} INFO - Started process (PID=38) to work on /home/airflow/.local/lib/python3.8/site-packages/airflow/example_dags/example_sensor_decorator.py
[2023-10-03T07:43:53.458+0000] {processor.py:829} INFO - Processing file /home/airflow/.local/lib/python3.8/site-packages/airflow/example_dags/example_sensor_decorator.py for tasks to queue
[2023-10-03T07:43:53.459+0000] {logging_mixin.py:151} INFO - [2023-10-03T07:43:53.459+0000] {dagbag.py:539} INFO - Filling up the DagBag from /home/airflow/.local/lib/python3.8/site-packages/airflow/example_dags/example_sensor_decorator.py
[2023-10-03T07:43:53.465+0000] {processor.py:839} INFO - DAG(s) dict_keys(['example_sensor_decorator']) retrieved from /home/airflow/.local/lib/python3.8/site-packages/airflow/example_dags/example_sensor_decorator.py
[2023-10-03T07:43:53.472+0000] {logging_mixin.py:151} INFO - [2023-10-03T07:43:53.472+0000] {dag.py:2915} INFO - Sync 1 DAGs
[2023-10-03T07:43:53.479+0000] {logging_mixin.py:151} INFO - [2023-10-03T07:43:53.479+0000] {dag.py:3696} INFO - Setting next_dagrun for example_sensor_decorator to None, run_after=None
[2023-10-03T07:43:53.487+0000] {processor.py:179} INFO - Processing /home/airflow/.local/lib/python3.8/site-packages/airflow/example_dags/example_sensor_decorator.py took 0.031 seconds
[2023-10-03T07:44:23.768+0000] {processor.py:157} INFO - Started process (PID=96) to work on /home/airflow/.local/lib/python3.8/site-packages/airflow/example_dags/example_sensor_decorator.py
[2023-10-03T07:44:23.769+0000] {processor.py:829} INFO - Processing file /home/airflow/.local/lib/python3.8/site-packages/airflow/example_dags/example_sensor_decorator.py for tasks to queue
[2023-10-03T07:44:23.771+0000] {logging_mixin.py:151} INFO - [2023-10-03T07:44:23.771+0000] {dagbag.py:539} INFO - Filling up the DagBag from /home/airflow/.local/lib/python3.8/site-packages/airflow/example_dags/example_sensor_decorator.py
[2023-10-03T07:44:23.776+0000] {processor.py:839} INFO - DAG(s) dict_keys(['example_sensor_decorator']) retrieved from /home/airflow/.local/lib/python3.8/site-packages/airflow/example_dags/example_sensor_decorator.py
[2023-10-03T07:44:23.789+0000] {logging_mixin.py:151} INFO - [2023-10-03T07:44:23.789+0000] {dag.py:2915} INFO - Sync 1 DAGs
[2023-10-03T07:44:23.811+0000] {logging_mixin.py:151} INFO - [2023-10-03T07:44:23.811+0000] {dag.py:3696} INFO - Setting next_dagrun for example_sensor_decorator to None, run_after=None
[2023-10-03T07:44:23.827+0000] {processor.py:179} INFO - Processing /home/airflow/.local/lib/python3.8/site-packages/airflow/example_dags/example_sensor_decorator.py took 0.061 seconds
[2023-10-03T07:44:54.239+0000] {processor.py:157} INFO - Started process (PID=155) to work on /home/airflow/.local/lib/python3.8/site-packages/airflow/example_dags/example_sensor_decorator.py
[2023-10-03T07:44:54.240+0000] {processor.py:829} INFO - Processing file /home/airflow/.local/lib/python3.8/site-packages/airflow/example_dags/example_sensor_decorator.py for tasks to queue
[2023-10-03T07:44:54.242+0000] {logging_mixin.py:151} INFO - [2023-10-03T07:44:54.242+0000] {dagbag.py:539} INFO - Filling up the DagBag from /home/airflow/.local/lib/python3.8/site-packages/airflow/example_dags/example_sensor_decorator.py
[2023-10-03T07:44:54.247+0000] {processor.py:839} INFO - DAG(s) dict_keys(['example_sensor_decorator']) retrieved from /home/airflow/.local/lib/python3.8/site-packages/airflow/example_dags/example_sensor_decorator.py
[2023-10-03T07:44:54.266+0000] {logging_mixin.py:151} INFO - [2023-10-03T07:44:54.266+0000] {dag.py:2915} INFO - Sync 1 DAGs
[2023-10-03T07:44:54.272+0000] {logging_mixin.py:151} INFO - [2023-10-03T07:44:54.272+0000] {dag.py:3696} INFO - Setting next_dagrun for example_sensor_decorator to None, run_after=None
[2023-10-03T07:44:54.280+0000] {processor.py:179} INFO - Processing /home/airflow/.local/lib/python3.8/site-packages/airflow/example_dags/example_sensor_decorator.py took 0.043 seconds
[2023-10-03T07:45:24.685+0000] {processor.py:157} INFO - Started process (PID=214) to work on /home/airflow/.local/lib/python3.8/site-packages/airflow/example_dags/example_sensor_decorator.py
[2023-10-03T07:45:24.686+0000] {processor.py:829} INFO - Processing file /home/airflow/.local/lib/python3.8/site-packages/airflow/example_dags/example_sensor_decorator.py for tasks to queue
[2023-10-03T07:45:24.688+0000] {logging_mixin.py:151} INFO - [2023-10-03T07:45:24.688+0000] {dagbag.py:539} INFO - Filling up the DagBag from /home/airflow/.local/lib/python3.8/site-packages/airflow/example_dags/example_sensor_decorator.py
[2023-10-03T07:45:24.693+0000] {processor.py:839} INFO - DAG(s) dict_keys(['example_sensor_decorator']) retrieved from /home/airflow/.local/lib/python3.8/site-packages/airflow/example_dags/example_sensor_decorator.py
[2023-10-03T07:45:24.704+0000] {logging_mixin.py:151} INFO - [2023-10-03T07:45:24.704+0000] {dag.py:2915} INFO - Sync 1 DAGs
[2023-10-03T07:45:24.711+0000] {logging_mixin.py:151} INFO - [2023-10-03T07:45:24.711+0000] {dag.py:3696} INFO - Setting next_dagrun for example_sensor_decorator to None, run_after=None
[2023-10-03T07:45:24.719+0000] {processor.py:179} INFO - Processing /home/airflow/.local/lib/python3.8/site-packages/airflow/example_dags/example_sensor_decorator.py took 0.037 seconds
[2023-10-03T07:45:55.204+0000] {processor.py:157} INFO - Started process (PID=273) to work on /home/airflow/.local/lib/python3.8/site-packages/airflow/example_dags/example_sensor_decorator.py
[2023-10-03T07:45:55.205+0000] {processor.py:829} INFO - Processing file /home/airflow/.local/lib/python3.8/site-packages/airflow/example_dags/example_sensor_decorator.py for tasks to queue
[2023-10-03T07:45:55.206+0000] {logging_mixin.py:151} INFO - [2023-10-03T07:45:55.206+0000] {dagbag.py:539} INFO - Filling up the DagBag from /home/airflow/.local/lib/python3.8/site-packages/airflow/example_dags/example_sensor_decorator.py
[2023-10-03T07:45:55.210+0000] {processor.py:839} INFO - DAG(s) dict_keys(['example_sensor_decorator']) retrieved from /home/airflow/.local/lib/python3.8/site-packages/airflow/example_dags/example_sensor_decorator.py
[2023-10-03T07:45:55.221+0000] {logging_mixin.py:151} INFO - [2023-10-03T07:45:55.221+0000] {dag.py:2915} INFO - Sync 1 DAGs
[2023-10-03T07:45:55.229+0000] {logging_mixin.py:151} INFO - [2023-10-03T07:45:55.229+0000] {dag.py:3696} INFO - Setting next_dagrun for example_sensor_decorator to None, run_after=None
[2023-10-03T07:45:55.236+0000] {processor.py:179} INFO - Processing /home/airflow/.local/lib/python3.8/site-packages/airflow/example_dags/example_sensor_decorator.py took 0.034 seconds
[2023-10-03T07:50:24.985+0000] {processor.py:157} INFO - Started process (PID=39) to work on /home/airflow/.local/lib/python3.8/site-packages/airflow/example_dags/example_sensor_decorator.py
[2023-10-03T07:50:24.985+0000] {processor.py:829} INFO - Processing file /home/airflow/.local/lib/python3.8/site-packages/airflow/example_dags/example_sensor_decorator.py for tasks to queue
[2023-10-03T07:50:24.987+0000] {logging_mixin.py:151} INFO - [2023-10-03T07:50:24.986+0000] {dagbag.py:539} INFO - Filling up the DagBag from /home/airflow/.local/lib/python3.8/site-packages/airflow/example_dags/example_sensor_decorator.py
[2023-10-03T07:50:24.993+0000] {processor.py:839} INFO - DAG(s) dict_keys(['example_sensor_decorator']) retrieved from /home/airflow/.local/lib/python3.8/site-packages/airflow/example_dags/example_sensor_decorator.py
[2023-10-03T07:50:25.012+0000] {logging_mixin.py:151} INFO - [2023-10-03T07:50:25.012+0000] {dag.py:2915} INFO - Sync 1 DAGs
[2023-10-03T07:50:25.021+0000] {logging_mixin.py:151} INFO - [2023-10-03T07:50:25.021+0000] {dag.py:3696} INFO - Setting next_dagrun for example_sensor_decorator to None, run_after=None
[2023-10-03T07:50:25.033+0000] {processor.py:179} INFO - Processing /home/airflow/.local/lib/python3.8/site-packages/airflow/example_dags/example_sensor_decorator.py took 0.051 seconds
[2023-10-03T07:50:55.407+0000] {processor.py:157} INFO - Started process (PID=97) to work on /home/airflow/.local/lib/python3.8/site-packages/airflow/example_dags/example_sensor_decorator.py
[2023-10-03T07:50:55.408+0000] {processor.py:829} INFO - Processing file /home/airflow/.local/lib/python3.8/site-packages/airflow/example_dags/example_sensor_decorator.py for tasks to queue
[2023-10-03T07:50:55.410+0000] {logging_mixin.py:151} INFO - [2023-10-03T07:50:55.409+0000] {dagbag.py:539} INFO - Filling up the DagBag from /home/airflow/.local/lib/python3.8/site-packages/airflow/example_dags/example_sensor_decorator.py
[2023-10-03T07:50:55.413+0000] {processor.py:839} INFO - DAG(s) dict_keys(['example_sensor_decorator']) retrieved from /home/airflow/.local/lib/python3.8/site-packages/airflow/example_dags/example_sensor_decorator.py
[2023-10-03T07:50:55.424+0000] {logging_mixin.py:151} INFO - [2023-10-03T07:50:55.424+0000] {dag.py:2915} INFO - Sync 1 DAGs
[2023-10-03T07:50:55.431+0000] {logging_mixin.py:151} INFO - [2023-10-03T07:50:55.431+0000] {dag.py:3696} INFO - Setting next_dagrun for example_sensor_decorator to None, run_after=None
[2023-10-03T07:50:55.439+0000] {processor.py:179} INFO - Processing /home/airflow/.local/lib/python3.8/site-packages/airflow/example_dags/example_sensor_decorator.py took 0.034 seconds
[2023-10-03T07:51:26.326+0000] {processor.py:157} INFO - Started process (PID=157) to work on /home/airflow/.local/lib/python3.8/site-packages/airflow/example_dags/example_sensor_decorator.py
[2023-10-03T07:51:26.326+0000] {processor.py:829} INFO - Processing file /home/airflow/.local/lib/python3.8/site-packages/airflow/example_dags/example_sensor_decorator.py for tasks to queue
[2023-10-03T07:51:26.328+0000] {logging_mixin.py:151} INFO - [2023-10-03T07:51:26.327+0000] {dagbag.py:539} INFO - Filling up the DagBag from /home/airflow/.local/lib/python3.8/site-packages/airflow/example_dags/example_sensor_decorator.py
[2023-10-03T07:51:26.331+0000] {processor.py:839} INFO - DAG(s) dict_keys(['example_sensor_decorator']) retrieved from /home/airflow/.local/lib/python3.8/site-packages/airflow/example_dags/example_sensor_decorator.py
[2023-10-03T07:51:26.342+0000] {logging_mixin.py:151} INFO - [2023-10-03T07:51:26.342+0000] {dag.py:2915} INFO - Sync 1 DAGs
[2023-10-03T07:51:26.349+0000] {logging_mixin.py:151} INFO - [2023-10-03T07:51:26.349+0000] {dag.py:3696} INFO - Setting next_dagrun for example_sensor_decorator to None, run_after=None
[2023-10-03T07:51:26.357+0000] {processor.py:179} INFO - Processing /home/airflow/.local/lib/python3.8/site-packages/airflow/example_dags/example_sensor_decorator.py took 0.033 seconds
[2023-10-03T07:57:12.321+0000] {processor.py:157} INFO - Started process (PID=39) to work on /home/airflow/.local/lib/python3.8/site-packages/airflow/example_dags/example_sensor_decorator.py
[2023-10-03T07:57:12.323+0000] {processor.py:829} INFO - Processing file /home/airflow/.local/lib/python3.8/site-packages/airflow/example_dags/example_sensor_decorator.py for tasks to queue
[2023-10-03T07:57:12.327+0000] {logging_mixin.py:151} INFO - [2023-10-03T07:57:12.326+0000] {dagbag.py:539} INFO - Filling up the DagBag from /home/airflow/.local/lib/python3.8/site-packages/airflow/example_dags/example_sensor_decorator.py
[2023-10-03T07:57:12.335+0000] {processor.py:839} INFO - DAG(s) dict_keys(['example_sensor_decorator']) retrieved from /home/airflow/.local/lib/python3.8/site-packages/airflow/example_dags/example_sensor_decorator.py
[2023-10-03T07:57:12.361+0000] {logging_mixin.py:151} INFO - [2023-10-03T07:57:12.360+0000] {dag.py:2915} INFO - Sync 1 DAGs
[2023-10-03T07:57:12.387+0000] {logging_mixin.py:151} INFO - [2023-10-03T07:57:12.387+0000] {dag.py:3696} INFO - Setting next_dagrun for example_sensor_decorator to None, run_after=None
[2023-10-03T07:57:12.436+0000] {processor.py:179} INFO - Processing /home/airflow/.local/lib/python3.8/site-packages/airflow/example_dags/example_sensor_decorator.py took 0.118 seconds
[2023-10-03T07:57:42.581+0000] {processor.py:157} INFO - Started process (PID=97) to work on /home/airflow/.local/lib/python3.8/site-packages/airflow/example_dags/example_sensor_decorator.py
[2023-10-03T07:57:42.582+0000] {processor.py:829} INFO - Processing file /home/airflow/.local/lib/python3.8/site-packages/airflow/example_dags/example_sensor_decorator.py for tasks to queue
[2023-10-03T07:57:42.583+0000] {logging_mixin.py:151} INFO - [2023-10-03T07:57:42.583+0000] {dagbag.py:539} INFO - Filling up the DagBag from /home/airflow/.local/lib/python3.8/site-packages/airflow/example_dags/example_sensor_decorator.py
[2023-10-03T07:57:42.586+0000] {processor.py:839} INFO - DAG(s) dict_keys(['example_sensor_decorator']) retrieved from /home/airflow/.local/lib/python3.8/site-packages/airflow/example_dags/example_sensor_decorator.py
[2023-10-03T07:57:42.596+0000] {logging_mixin.py:151} INFO - [2023-10-03T07:57:42.596+0000] {dag.py:2915} INFO - Sync 1 DAGs
[2023-10-03T07:57:42.601+0000] {logging_mixin.py:151} INFO - [2023-10-03T07:57:42.601+0000] {dag.py:3696} INFO - Setting next_dagrun for example_sensor_decorator to None, run_after=None
[2023-10-03T07:57:42.608+0000] {processor.py:179} INFO - Processing /home/airflow/.local/lib/python3.8/site-packages/airflow/example_dags/example_sensor_decorator.py took 0.029 seconds
[2023-10-03T07:58:13.003+0000] {processor.py:157} INFO - Started process (PID=156) to work on /home/airflow/.local/lib/python3.8/site-packages/airflow/example_dags/example_sensor_decorator.py
[2023-10-03T07:58:13.003+0000] {processor.py:829} INFO - Processing file /home/airflow/.local/lib/python3.8/site-packages/airflow/example_dags/example_sensor_decorator.py for tasks to queue
[2023-10-03T07:58:13.005+0000] {logging_mixin.py:151} INFO - [2023-10-03T07:58:13.004+0000] {dagbag.py:539} INFO - Filling up the DagBag from /home/airflow/.local/lib/python3.8/site-packages/airflow/example_dags/example_sensor_decorator.py
[2023-10-03T07:58:13.008+0000] {processor.py:839} INFO - DAG(s) dict_keys(['example_sensor_decorator']) retrieved from /home/airflow/.local/lib/python3.8/site-packages/airflow/example_dags/example_sensor_decorator.py
[2023-10-03T07:58:13.017+0000] {logging_mixin.py:151} INFO - [2023-10-03T07:58:13.017+0000] {dag.py:2915} INFO - Sync 1 DAGs
[2023-10-03T07:58:13.022+0000] {logging_mixin.py:151} INFO - [2023-10-03T07:58:13.022+0000] {dag.py:3696} INFO - Setting next_dagrun for example_sensor_decorator to None, run_after=None
[2023-10-03T07:58:13.029+0000] {processor.py:179} INFO - Processing /home/airflow/.local/lib/python3.8/site-packages/airflow/example_dags/example_sensor_decorator.py took 0.028 seconds
[2023-10-03T07:58:43.224+0000] {processor.py:157} INFO - Started process (PID=215) to work on /home/airflow/.local/lib/python3.8/site-packages/airflow/example_dags/example_sensor_decorator.py
[2023-10-03T07:58:43.225+0000] {processor.py:829} INFO - Processing file /home/airflow/.local/lib/python3.8/site-packages/airflow/example_dags/example_sensor_decorator.py for tasks to queue
[2023-10-03T07:58:43.226+0000] {logging_mixin.py:151} INFO - [2023-10-03T07:58:43.226+0000] {dagbag.py:539} INFO - Filling up the DagBag from /home/airflow/.local/lib/python3.8/site-packages/airflow/example_dags/example_sensor_decorator.py
[2023-10-03T07:58:43.230+0000] {processor.py:839} INFO - DAG(s) dict_keys(['example_sensor_decorator']) retrieved from /home/airflow/.local/lib/python3.8/site-packages/airflow/example_dags/example_sensor_decorator.py
[2023-10-03T07:58:43.239+0000] {logging_mixin.py:151} INFO - [2023-10-03T07:58:43.239+0000] {dag.py:2915} INFO - Sync 1 DAGs
[2023-10-03T07:58:43.244+0000] {logging_mixin.py:151} INFO - [2023-10-03T07:58:43.244+0000] {dag.py:3696} INFO - Setting next_dagrun for example_sensor_decorator to None, run_after=None
[2023-10-03T07:58:43.251+0000] {processor.py:179} INFO - Processing /home/airflow/.local/lib/python3.8/site-packages/airflow/example_dags/example_sensor_decorator.py took 0.029 seconds
[2023-10-03T07:59:13.467+0000] {processor.py:157} INFO - Started process (PID=274) to work on /home/airflow/.local/lib/python3.8/site-packages/airflow/example_dags/example_sensor_decorator.py
[2023-10-03T07:59:13.468+0000] {processor.py:829} INFO - Processing file /home/airflow/.local/lib/python3.8/site-packages/airflow/example_dags/example_sensor_decorator.py for tasks to queue
[2023-10-03T07:59:13.469+0000] {logging_mixin.py:151} INFO - [2023-10-03T07:59:13.469+0000] {dagbag.py:539} INFO - Filling up the DagBag from /home/airflow/.local/lib/python3.8/site-packages/airflow/example_dags/example_sensor_decorator.py
[2023-10-03T07:59:13.473+0000] {processor.py:839} INFO - DAG(s) dict_keys(['example_sensor_decorator']) retrieved from /home/airflow/.local/lib/python3.8/site-packages/airflow/example_dags/example_sensor_decorator.py
[2023-10-03T07:59:13.482+0000] {logging_mixin.py:151} INFO - [2023-10-03T07:59:13.482+0000] {dag.py:2915} INFO - Sync 1 DAGs
[2023-10-03T07:59:13.487+0000] {logging_mixin.py:151} INFO - [2023-10-03T07:59:13.487+0000] {dag.py:3696} INFO - Setting next_dagrun for example_sensor_decorator to None, run_after=None
[2023-10-03T07:59:13.495+0000] {processor.py:179} INFO - Processing /home/airflow/.local/lib/python3.8/site-packages/airflow/example_dags/example_sensor_decorator.py took 0.029 seconds
[2023-10-03T07:59:44.143+0000] {processor.py:157} INFO - Started process (PID=333) to work on /home/airflow/.local/lib/python3.8/site-packages/airflow/example_dags/example_sensor_decorator.py
[2023-10-03T07:59:44.143+0000] {processor.py:829} INFO - Processing file /home/airflow/.local/lib/python3.8/site-packages/airflow/example_dags/example_sensor_decorator.py for tasks to queue
[2023-10-03T07:59:44.144+0000] {logging_mixin.py:151} INFO - [2023-10-03T07:59:44.144+0000] {dagbag.py:539} INFO - Filling up the DagBag from /home/airflow/.local/lib/python3.8/site-packages/airflow/example_dags/example_sensor_decorator.py
[2023-10-03T07:59:44.148+0000] {processor.py:839} INFO - DAG(s) dict_keys(['example_sensor_decorator']) retrieved from /home/airflow/.local/lib/python3.8/site-packages/airflow/example_dags/example_sensor_decorator.py
[2023-10-03T07:59:44.157+0000] {logging_mixin.py:151} INFO - [2023-10-03T07:59:44.157+0000] {dag.py:2915} INFO - Sync 1 DAGs
[2023-10-03T07:59:44.163+0000] {logging_mixin.py:151} INFO - [2023-10-03T07:59:44.163+0000] {dag.py:3696} INFO - Setting next_dagrun for example_sensor_decorator to None, run_after=None
[2023-10-03T07:59:44.170+0000] {processor.py:179} INFO - Processing /home/airflow/.local/lib/python3.8/site-packages/airflow/example_dags/example_sensor_decorator.py took 0.029 seconds
[2023-10-03T08:00:14.394+0000] {processor.py:157} INFO - Started process (PID=392) to work on /home/airflow/.local/lib/python3.8/site-packages/airflow/example_dags/example_sensor_decorator.py
[2023-10-03T08:00:14.395+0000] {processor.py:829} INFO - Processing file /home/airflow/.local/lib/python3.8/site-packages/airflow/example_dags/example_sensor_decorator.py for tasks to queue
[2023-10-03T08:00:14.396+0000] {logging_mixin.py:151} INFO - [2023-10-03T08:00:14.396+0000] {dagbag.py:539} INFO - Filling up the DagBag from /home/airflow/.local/lib/python3.8/site-packages/airflow/example_dags/example_sensor_decorator.py
[2023-10-03T08:00:14.400+0000] {processor.py:839} INFO - DAG(s) dict_keys(['example_sensor_decorator']) retrieved from /home/airflow/.local/lib/python3.8/site-packages/airflow/example_dags/example_sensor_decorator.py
[2023-10-03T08:00:14.410+0000] {logging_mixin.py:151} INFO - [2023-10-03T08:00:14.410+0000] {dag.py:2915} INFO - Sync 1 DAGs
[2023-10-03T08:00:14.417+0000] {logging_mixin.py:151} INFO - [2023-10-03T08:00:14.417+0000] {dag.py:3696} INFO - Setting next_dagrun for example_sensor_decorator to None, run_after=None
[2023-10-03T08:00:14.424+0000] {processor.py:179} INFO - Processing /home/airflow/.local/lib/python3.8/site-packages/airflow/example_dags/example_sensor_decorator.py took 0.032 seconds
[2023-10-03T08:00:44.689+0000] {processor.py:157} INFO - Started process (PID=451) to work on /home/airflow/.local/lib/python3.8/site-packages/airflow/example_dags/example_sensor_decorator.py
[2023-10-03T08:00:44.690+0000] {processor.py:829} INFO - Processing file /home/airflow/.local/lib/python3.8/site-packages/airflow/example_dags/example_sensor_decorator.py for tasks to queue
[2023-10-03T08:00:44.691+0000] {logging_mixin.py:151} INFO - [2023-10-03T08:00:44.691+0000] {dagbag.py:539} INFO - Filling up the DagBag from /home/airflow/.local/lib/python3.8/site-packages/airflow/example_dags/example_sensor_decorator.py
[2023-10-03T08:00:44.695+0000] {processor.py:839} INFO - DAG(s) dict_keys(['example_sensor_decorator']) retrieved from /home/airflow/.local/lib/python3.8/site-packages/airflow/example_dags/example_sensor_decorator.py
[2023-10-03T08:00:44.705+0000] {logging_mixin.py:151} INFO - [2023-10-03T08:00:44.705+0000] {dag.py:2915} INFO - Sync 1 DAGs
[2023-10-03T08:00:44.713+0000] {logging_mixin.py:151} INFO - [2023-10-03T08:00:44.713+0000] {dag.py:3696} INFO - Setting next_dagrun for example_sensor_decorator to None, run_after=None
[2023-10-03T08:00:44.722+0000] {processor.py:179} INFO - Processing /home/airflow/.local/lib/python3.8/site-packages/airflow/example_dags/example_sensor_decorator.py took 0.035 seconds
[2023-10-03T08:01:15.627+0000] {processor.py:157} INFO - Started process (PID=510) to work on /home/airflow/.local/lib/python3.8/site-packages/airflow/example_dags/example_sensor_decorator.py
[2023-10-03T08:01:15.628+0000] {processor.py:829} INFO - Processing file /home/airflow/.local/lib/python3.8/site-packages/airflow/example_dags/example_sensor_decorator.py for tasks to queue
[2023-10-03T08:01:15.629+0000] {logging_mixin.py:151} INFO - [2023-10-03T08:01:15.629+0000] {dagbag.py:539} INFO - Filling up the DagBag from /home/airflow/.local/lib/python3.8/site-packages/airflow/example_dags/example_sensor_decorator.py
[2023-10-03T08:01:15.633+0000] {processor.py:839} INFO - DAG(s) dict_keys(['example_sensor_decorator']) retrieved from /home/airflow/.local/lib/python3.8/site-packages/airflow/example_dags/example_sensor_decorator.py
[2023-10-03T08:01:15.643+0000] {logging_mixin.py:151} INFO - [2023-10-03T08:01:15.643+0000] {dag.py:2915} INFO - Sync 1 DAGs
[2023-10-03T08:01:15.649+0000] {logging_mixin.py:151} INFO - [2023-10-03T08:01:15.649+0000] {dag.py:3696} INFO - Setting next_dagrun for example_sensor_decorator to None, run_after=None
[2023-10-03T08:01:15.657+0000] {processor.py:179} INFO - Processing /home/airflow/.local/lib/python3.8/site-packages/airflow/example_dags/example_sensor_decorator.py took 0.032 seconds
[2023-10-03T08:01:45.702+0000] {processor.py:157} INFO - Started process (PID=568) to work on /home/airflow/.local/lib/python3.8/site-packages/airflow/example_dags/example_sensor_decorator.py
[2023-10-03T08:01:45.703+0000] {processor.py:829} INFO - Processing file /home/airflow/.local/lib/python3.8/site-packages/airflow/example_dags/example_sensor_decorator.py for tasks to queue
[2023-10-03T08:01:45.704+0000] {logging_mixin.py:151} INFO - [2023-10-03T08:01:45.704+0000] {dagbag.py:539} INFO - Filling up the DagBag from /home/airflow/.local/lib/python3.8/site-packages/airflow/example_dags/example_sensor_decorator.py
[2023-10-03T08:01:45.708+0000] {processor.py:839} INFO - DAG(s) dict_keys(['example_sensor_decorator']) retrieved from /home/airflow/.local/lib/python3.8/site-packages/airflow/example_dags/example_sensor_decorator.py
[2023-10-03T08:01:45.719+0000] {logging_mixin.py:151} INFO - [2023-10-03T08:01:45.719+0000] {dag.py:2915} INFO - Sync 1 DAGs
[2023-10-03T08:01:45.724+0000] {logging_mixin.py:151} INFO - [2023-10-03T08:01:45.724+0000] {dag.py:3696} INFO - Setting next_dagrun for example_sensor_decorator to None, run_after=None
[2023-10-03T08:01:45.732+0000] {processor.py:179} INFO - Processing /home/airflow/.local/lib/python3.8/site-packages/airflow/example_dags/example_sensor_decorator.py took 0.032 seconds
[2023-10-03T08:02:15.897+0000] {processor.py:157} INFO - Started process (PID=626) to work on /home/airflow/.local/lib/python3.8/site-packages/airflow/example_dags/example_sensor_decorator.py
[2023-10-03T08:02:15.898+0000] {processor.py:829} INFO - Processing file /home/airflow/.local/lib/python3.8/site-packages/airflow/example_dags/example_sensor_decorator.py for tasks to queue
[2023-10-03T08:02:15.900+0000] {logging_mixin.py:151} INFO - [2023-10-03T08:02:15.900+0000] {dagbag.py:539} INFO - Filling up the DagBag from /home/airflow/.local/lib/python3.8/site-packages/airflow/example_dags/example_sensor_decorator.py
[2023-10-03T08:02:15.907+0000] {processor.py:839} INFO - DAG(s) dict_keys(['example_sensor_decorator']) retrieved from /home/airflow/.local/lib/python3.8/site-packages/airflow/example_dags/example_sensor_decorator.py
[2023-10-03T08:02:15.918+0000] {logging_mixin.py:151} INFO - [2023-10-03T08:02:15.918+0000] {dag.py:2915} INFO - Sync 1 DAGs
[2023-10-03T08:02:15.925+0000] {logging_mixin.py:151} INFO - [2023-10-03T08:02:15.925+0000] {dag.py:3696} INFO - Setting next_dagrun for example_sensor_decorator to None, run_after=None
[2023-10-03T08:02:15.936+0000] {processor.py:179} INFO - Processing /home/airflow/.local/lib/python3.8/site-packages/airflow/example_dags/example_sensor_decorator.py took 0.041 seconds
[2023-10-03T08:02:46.288+0000] {processor.py:157} INFO - Started process (PID=685) to work on /home/airflow/.local/lib/python3.8/site-packages/airflow/example_dags/example_sensor_decorator.py
[2023-10-03T08:02:46.289+0000] {processor.py:829} INFO - Processing file /home/airflow/.local/lib/python3.8/site-packages/airflow/example_dags/example_sensor_decorator.py for tasks to queue
[2023-10-03T08:02:46.290+0000] {logging_mixin.py:151} INFO - [2023-10-03T08:02:46.290+0000] {dagbag.py:539} INFO - Filling up the DagBag from /home/airflow/.local/lib/python3.8/site-packages/airflow/example_dags/example_sensor_decorator.py
[2023-10-03T08:02:46.294+0000] {processor.py:839} INFO - DAG(s) dict_keys(['example_sensor_decorator']) retrieved from /home/airflow/.local/lib/python3.8/site-packages/airflow/example_dags/example_sensor_decorator.py
[2023-10-03T08:02:46.304+0000] {logging_mixin.py:151} INFO - [2023-10-03T08:02:46.304+0000] {dag.py:2915} INFO - Sync 1 DAGs
[2023-10-03T08:02:46.312+0000] {logging_mixin.py:151} INFO - [2023-10-03T08:02:46.312+0000] {dag.py:3696} INFO - Setting next_dagrun for example_sensor_decorator to None, run_after=None
[2023-10-03T08:02:46.323+0000] {processor.py:179} INFO - Processing /home/airflow/.local/lib/python3.8/site-packages/airflow/example_dags/example_sensor_decorator.py took 0.037 seconds
[2023-10-03T08:03:16.776+0000] {processor.py:157} INFO - Started process (PID=744) to work on /home/airflow/.local/lib/python3.8/site-packages/airflow/example_dags/example_sensor_decorator.py
[2023-10-03T08:03:16.777+0000] {processor.py:829} INFO - Processing file /home/airflow/.local/lib/python3.8/site-packages/airflow/example_dags/example_sensor_decorator.py for tasks to queue
[2023-10-03T08:03:16.778+0000] {logging_mixin.py:151} INFO - [2023-10-03T08:03:16.778+0000] {dagbag.py:539} INFO - Filling up the DagBag from /home/airflow/.local/lib/python3.8/site-packages/airflow/example_dags/example_sensor_decorator.py
[2023-10-03T08:03:16.782+0000] {processor.py:839} INFO - DAG(s) dict_keys(['example_sensor_decorator']) retrieved from /home/airflow/.local/lib/python3.8/site-packages/airflow/example_dags/example_sensor_decorator.py
[2023-10-03T08:03:16.791+0000] {logging_mixin.py:151} INFO - [2023-10-03T08:03:16.791+0000] {dag.py:2915} INFO - Sync 1 DAGs
[2023-10-03T08:03:16.796+0000] {logging_mixin.py:151} INFO - [2023-10-03T08:03:16.796+0000] {dag.py:3696} INFO - Setting next_dagrun for example_sensor_decorator to None, run_after=None
[2023-10-03T08:03:16.803+0000] {processor.py:179} INFO - Processing /home/airflow/.local/lib/python3.8/site-packages/airflow/example_dags/example_sensor_decorator.py took 0.030 seconds
[2023-10-03T08:03:47.190+0000] {processor.py:157} INFO - Started process (PID=803) to work on /home/airflow/.local/lib/python3.8/site-packages/airflow/example_dags/example_sensor_decorator.py
[2023-10-03T08:03:47.191+0000] {processor.py:829} INFO - Processing file /home/airflow/.local/lib/python3.8/site-packages/airflow/example_dags/example_sensor_decorator.py for tasks to queue
[2023-10-03T08:03:47.192+0000] {logging_mixin.py:151} INFO - [2023-10-03T08:03:47.192+0000] {dagbag.py:539} INFO - Filling up the DagBag from /home/airflow/.local/lib/python3.8/site-packages/airflow/example_dags/example_sensor_decorator.py
[2023-10-03T08:03:47.195+0000] {processor.py:839} INFO - DAG(s) dict_keys(['example_sensor_decorator']) retrieved from /home/airflow/.local/lib/python3.8/site-packages/airflow/example_dags/example_sensor_decorator.py
[2023-10-03T08:03:47.205+0000] {logging_mixin.py:151} INFO - [2023-10-03T08:03:47.205+0000] {dag.py:2915} INFO - Sync 1 DAGs
[2023-10-03T08:03:47.210+0000] {logging_mixin.py:151} INFO - [2023-10-03T08:03:47.210+0000] {dag.py:3696} INFO - Setting next_dagrun for example_sensor_decorator to None, run_after=None
[2023-10-03T08:03:47.217+0000] {processor.py:179} INFO - Processing /home/airflow/.local/lib/python3.8/site-packages/airflow/example_dags/example_sensor_decorator.py took 0.029 seconds
[2023-10-03T08:04:17.575+0000] {processor.py:157} INFO - Started process (PID=864) to work on /home/airflow/.local/lib/python3.8/site-packages/airflow/example_dags/example_sensor_decorator.py
[2023-10-03T08:04:17.578+0000] {processor.py:829} INFO - Processing file /home/airflow/.local/lib/python3.8/site-packages/airflow/example_dags/example_sensor_decorator.py for tasks to queue
[2023-10-03T08:04:17.581+0000] {logging_mixin.py:151} INFO - [2023-10-03T08:04:17.580+0000] {dagbag.py:539} INFO - Filling up the DagBag from /home/airflow/.local/lib/python3.8/site-packages/airflow/example_dags/example_sensor_decorator.py
[2023-10-03T08:04:17.586+0000] {processor.py:839} INFO - DAG(s) dict_keys(['example_sensor_decorator']) retrieved from /home/airflow/.local/lib/python3.8/site-packages/airflow/example_dags/example_sensor_decorator.py
[2023-10-03T08:04:17.605+0000] {logging_mixin.py:151} INFO - [2023-10-03T08:04:17.605+0000] {dag.py:2915} INFO - Sync 1 DAGs
[2023-10-03T08:04:17.614+0000] {logging_mixin.py:151} INFO - [2023-10-03T08:04:17.614+0000] {dag.py:3696} INFO - Setting next_dagrun for example_sensor_decorator to None, run_after=None
[2023-10-03T08:04:17.624+0000] {processor.py:179} INFO - Processing /home/airflow/.local/lib/python3.8/site-packages/airflow/example_dags/example_sensor_decorator.py took 0.052 seconds
[2023-10-03T08:04:48.536+0000] {processor.py:157} INFO - Started process (PID=923) to work on /home/airflow/.local/lib/python3.8/site-packages/airflow/example_dags/example_sensor_decorator.py
[2023-10-03T08:04:48.537+0000] {processor.py:829} INFO - Processing file /home/airflow/.local/lib/python3.8/site-packages/airflow/example_dags/example_sensor_decorator.py for tasks to queue
[2023-10-03T08:04:48.538+0000] {logging_mixin.py:151} INFO - [2023-10-03T08:04:48.538+0000] {dagbag.py:539} INFO - Filling up the DagBag from /home/airflow/.local/lib/python3.8/site-packages/airflow/example_dags/example_sensor_decorator.py
[2023-10-03T08:04:48.541+0000] {processor.py:839} INFO - DAG(s) dict_keys(['example_sensor_decorator']) retrieved from /home/airflow/.local/lib/python3.8/site-packages/airflow/example_dags/example_sensor_decorator.py
[2023-10-03T08:04:48.551+0000] {logging_mixin.py:151} INFO - [2023-10-03T08:04:48.551+0000] {dag.py:2915} INFO - Sync 1 DAGs
[2023-10-03T08:04:48.556+0000] {logging_mixin.py:151} INFO - [2023-10-03T08:04:48.556+0000] {dag.py:3696} INFO - Setting next_dagrun for example_sensor_decorator to None, run_after=None
[2023-10-03T08:04:48.565+0000] {processor.py:179} INFO - Processing /home/airflow/.local/lib/python3.8/site-packages/airflow/example_dags/example_sensor_decorator.py took 0.031 seconds
[2023-10-03T08:05:19.586+0000] {processor.py:157} INFO - Started process (PID=982) to work on /home/airflow/.local/lib/python3.8/site-packages/airflow/example_dags/example_sensor_decorator.py
[2023-10-03T08:05:19.587+0000] {processor.py:829} INFO - Processing file /home/airflow/.local/lib/python3.8/site-packages/airflow/example_dags/example_sensor_decorator.py for tasks to queue
[2023-10-03T08:05:19.588+0000] {logging_mixin.py:151} INFO - [2023-10-03T08:05:19.588+0000] {dagbag.py:539} INFO - Filling up the DagBag from /home/airflow/.local/lib/python3.8/site-packages/airflow/example_dags/example_sensor_decorator.py
[2023-10-03T08:05:19.592+0000] {processor.py:839} INFO - DAG(s) dict_keys(['example_sensor_decorator']) retrieved from /home/airflow/.local/lib/python3.8/site-packages/airflow/example_dags/example_sensor_decorator.py
[2023-10-03T08:05:19.603+0000] {logging_mixin.py:151} INFO - [2023-10-03T08:05:19.603+0000] {dag.py:2915} INFO - Sync 1 DAGs
[2023-10-03T08:05:19.611+0000] {logging_mixin.py:151} INFO - [2023-10-03T08:05:19.611+0000] {dag.py:3696} INFO - Setting next_dagrun for example_sensor_decorator to None, run_after=None
[2023-10-03T08:05:19.620+0000] {processor.py:179} INFO - Processing /home/airflow/.local/lib/python3.8/site-packages/airflow/example_dags/example_sensor_decorator.py took 0.036 seconds
[2023-10-03T08:05:49.909+0000] {processor.py:157} INFO - Started process (PID=1041) to work on /home/airflow/.local/lib/python3.8/site-packages/airflow/example_dags/example_sensor_decorator.py
[2023-10-03T08:05:49.910+0000] {processor.py:829} INFO - Processing file /home/airflow/.local/lib/python3.8/site-packages/airflow/example_dags/example_sensor_decorator.py for tasks to queue
[2023-10-03T08:05:49.911+0000] {logging_mixin.py:151} INFO - [2023-10-03T08:05:49.911+0000] {dagbag.py:539} INFO - Filling up the DagBag from /home/airflow/.local/lib/python3.8/site-packages/airflow/example_dags/example_sensor_decorator.py
[2023-10-03T08:05:49.915+0000] {processor.py:839} INFO - DAG(s) dict_keys(['example_sensor_decorator']) retrieved from /home/airflow/.local/lib/python3.8/site-packages/airflow/example_dags/example_sensor_decorator.py
[2023-10-03T08:05:49.925+0000] {logging_mixin.py:151} INFO - [2023-10-03T08:05:49.925+0000] {dag.py:2915} INFO - Sync 1 DAGs
[2023-10-03T08:05:49.931+0000] {logging_mixin.py:151} INFO - [2023-10-03T08:05:49.931+0000] {dag.py:3696} INFO - Setting next_dagrun for example_sensor_decorator to None, run_after=None
[2023-10-03T08:05:49.939+0000] {processor.py:179} INFO - Processing /home/airflow/.local/lib/python3.8/site-packages/airflow/example_dags/example_sensor_decorator.py took 0.031 seconds
[2023-10-03T08:06:19.972+0000] {processor.py:157} INFO - Started process (PID=1099) to work on /home/airflow/.local/lib/python3.8/site-packages/airflow/example_dags/example_sensor_decorator.py
[2023-10-03T08:06:19.973+0000] {processor.py:829} INFO - Processing file /home/airflow/.local/lib/python3.8/site-packages/airflow/example_dags/example_sensor_decorator.py for tasks to queue
[2023-10-03T08:06:19.974+0000] {logging_mixin.py:151} INFO - [2023-10-03T08:06:19.974+0000] {dagbag.py:539} INFO - Filling up the DagBag from /home/airflow/.local/lib/python3.8/site-packages/airflow/example_dags/example_sensor_decorator.py
[2023-10-03T08:06:19.977+0000] {processor.py:839} INFO - DAG(s) dict_keys(['example_sensor_decorator']) retrieved from /home/airflow/.local/lib/python3.8/site-packages/airflow/example_dags/example_sensor_decorator.py
[2023-10-03T08:06:19.989+0000] {logging_mixin.py:151} INFO - [2023-10-03T08:06:19.988+0000] {dag.py:2915} INFO - Sync 1 DAGs
[2023-10-03T08:06:19.994+0000] {logging_mixin.py:151} INFO - [2023-10-03T08:06:19.994+0000] {dag.py:3696} INFO - Setting next_dagrun for example_sensor_decorator to None, run_after=None
[2023-10-03T08:06:20.002+0000] {processor.py:179} INFO - Processing /home/airflow/.local/lib/python3.8/site-packages/airflow/example_dags/example_sensor_decorator.py took 0.032 seconds
[2023-10-03T08:06:50.170+0000] {processor.py:157} INFO - Started process (PID=1157) to work on /home/airflow/.local/lib/python3.8/site-packages/airflow/example_dags/example_sensor_decorator.py
[2023-10-03T08:06:50.171+0000] {processor.py:829} INFO - Processing file /home/airflow/.local/lib/python3.8/site-packages/airflow/example_dags/example_sensor_decorator.py for tasks to queue
[2023-10-03T08:06:50.172+0000] {logging_mixin.py:151} INFO - [2023-10-03T08:06:50.172+0000] {dagbag.py:539} INFO - Filling up the DagBag from /home/airflow/.local/lib/python3.8/site-packages/airflow/example_dags/example_sensor_decorator.py
[2023-10-03T08:06:50.175+0000] {processor.py:839} INFO - DAG(s) dict_keys(['example_sensor_decorator']) retrieved from /home/airflow/.local/lib/python3.8/site-packages/airflow/example_dags/example_sensor_decorator.py
[2023-10-03T08:06:50.185+0000] {logging_mixin.py:151} INFO - [2023-10-03T08:06:50.185+0000] {dag.py:2915} INFO - Sync 1 DAGs
[2023-10-03T08:06:50.190+0000] {logging_mixin.py:151} INFO - [2023-10-03T08:06:50.190+0000] {dag.py:3696} INFO - Setting next_dagrun for example_sensor_decorator to None, run_after=None
[2023-10-03T08:06:50.197+0000] {processor.py:179} INFO - Processing /home/airflow/.local/lib/python3.8/site-packages/airflow/example_dags/example_sensor_decorator.py took 0.029 seconds
