[2023-10-03T07:43:55.363+0000] {processor.py:157} INFO - Started process (PID=48) to work on /home/airflow/.local/lib/python3.8/site-packages/airflow/example_dags/example_branch_python_dop_operator_3.py
[2023-10-03T07:43:55.377+0000] {processor.py:829} INFO - Processing file /home/airflow/.local/lib/python3.8/site-packages/airflow/example_dags/example_branch_python_dop_operator_3.py for tasks to queue
[2023-10-03T07:43:55.400+0000] {logging_mixin.py:151} INFO - [2023-10-03T07:43:55.396+0000] {dagbag.py:539} INFO - Filling up the DagBag from /home/airflow/.local/lib/python3.8/site-packages/airflow/example_dags/example_branch_python_dop_operator_3.py
[2023-10-03T07:43:55.424+0000] {processor.py:839} INFO - DAG(s) dict_keys(['example_branch_dop_operator_v3']) retrieved from /home/airflow/.local/lib/python3.8/site-packages/airflow/example_dags/example_branch_python_dop_operator_3.py
[2023-10-03T07:43:55.444+0000] {logging_mixin.py:151} INFO - [2023-10-03T07:43:55.444+0000] {dag.py:2915} INFO - Sync 1 DAGs
[2023-10-03T07:43:55.496+0000] {logging_mixin.py:151} INFO - [2023-10-03T07:43:55.495+0000] {dag.py:3696} INFO - Setting next_dagrun for example_branch_dop_operator_v3 to 2023-10-03T07:42:00+00:00, run_after=2023-10-03T07:43:00+00:00
[2023-10-03T07:43:55.533+0000] {processor.py:179} INFO - Processing /home/airflow/.local/lib/python3.8/site-packages/airflow/example_dags/example_branch_python_dop_operator_3.py took 0.196 seconds
[2023-10-03T07:44:26.459+0000] {processor.py:157} INFO - Started process (PID=107) to work on /home/airflow/.local/lib/python3.8/site-packages/airflow/example_dags/example_branch_python_dop_operator_3.py
[2023-10-03T07:44:26.460+0000] {processor.py:829} INFO - Processing file /home/airflow/.local/lib/python3.8/site-packages/airflow/example_dags/example_branch_python_dop_operator_3.py for tasks to queue
[2023-10-03T07:44:26.463+0000] {logging_mixin.py:151} INFO - [2023-10-03T07:44:26.463+0000] {dagbag.py:539} INFO - Filling up the DagBag from /home/airflow/.local/lib/python3.8/site-packages/airflow/example_dags/example_branch_python_dop_operator_3.py
[2023-10-03T07:44:26.471+0000] {processor.py:839} INFO - DAG(s) dict_keys(['example_branch_dop_operator_v3']) retrieved from /home/airflow/.local/lib/python3.8/site-packages/airflow/example_dags/example_branch_python_dop_operator_3.py
[2023-10-03T07:44:26.485+0000] {logging_mixin.py:151} INFO - [2023-10-03T07:44:26.485+0000] {dag.py:2915} INFO - Sync 1 DAGs
[2023-10-03T07:44:26.499+0000] {logging_mixin.py:151} INFO - [2023-10-03T07:44:26.499+0000] {dag.py:3696} INFO - Setting next_dagrun for example_branch_dop_operator_v3 to 2023-10-03T07:43:00+00:00, run_after=2023-10-03T07:44:00+00:00
[2023-10-03T07:44:26.507+0000] {processor.py:179} INFO - Processing /home/airflow/.local/lib/python3.8/site-packages/airflow/example_dags/example_branch_python_dop_operator_3.py took 0.050 seconds
[2023-10-03T07:44:56.711+0000] {processor.py:157} INFO - Started process (PID=166) to work on /home/airflow/.local/lib/python3.8/site-packages/airflow/example_dags/example_branch_python_dop_operator_3.py
[2023-10-03T07:44:56.713+0000] {processor.py:829} INFO - Processing file /home/airflow/.local/lib/python3.8/site-packages/airflow/example_dags/example_branch_python_dop_operator_3.py for tasks to queue
[2023-10-03T07:44:56.715+0000] {logging_mixin.py:151} INFO - [2023-10-03T07:44:56.715+0000] {dagbag.py:539} INFO - Filling up the DagBag from /home/airflow/.local/lib/python3.8/site-packages/airflow/example_dags/example_branch_python_dop_operator_3.py
[2023-10-03T07:44:56.724+0000] {processor.py:839} INFO - DAG(s) dict_keys(['example_branch_dop_operator_v3']) retrieved from /home/airflow/.local/lib/python3.8/site-packages/airflow/example_dags/example_branch_python_dop_operator_3.py
[2023-10-03T07:44:56.739+0000] {logging_mixin.py:151} INFO - [2023-10-03T07:44:56.739+0000] {dag.py:2915} INFO - Sync 1 DAGs
[2023-10-03T07:44:56.753+0000] {logging_mixin.py:151} INFO - [2023-10-03T07:44:56.753+0000] {dag.py:3696} INFO - Setting next_dagrun for example_branch_dop_operator_v3 to 2023-10-03T07:43:00+00:00, run_after=2023-10-03T07:44:00+00:00
[2023-10-03T07:44:56.760+0000] {processor.py:179} INFO - Processing /home/airflow/.local/lib/python3.8/site-packages/airflow/example_dags/example_branch_python_dop_operator_3.py took 0.054 seconds
[2023-10-03T07:45:27.250+0000] {processor.py:157} INFO - Started process (PID=225) to work on /home/airflow/.local/lib/python3.8/site-packages/airflow/example_dags/example_branch_python_dop_operator_3.py
[2023-10-03T07:45:27.251+0000] {processor.py:829} INFO - Processing file /home/airflow/.local/lib/python3.8/site-packages/airflow/example_dags/example_branch_python_dop_operator_3.py for tasks to queue
[2023-10-03T07:45:27.254+0000] {logging_mixin.py:151} INFO - [2023-10-03T07:45:27.254+0000] {dagbag.py:539} INFO - Filling up the DagBag from /home/airflow/.local/lib/python3.8/site-packages/airflow/example_dags/example_branch_python_dop_operator_3.py
[2023-10-03T07:45:27.263+0000] {processor.py:839} INFO - DAG(s) dict_keys(['example_branch_dop_operator_v3']) retrieved from /home/airflow/.local/lib/python3.8/site-packages/airflow/example_dags/example_branch_python_dop_operator_3.py
[2023-10-03T07:45:27.275+0000] {logging_mixin.py:151} INFO - [2023-10-03T07:45:27.275+0000] {dag.py:2915} INFO - Sync 1 DAGs
[2023-10-03T07:45:27.288+0000] {logging_mixin.py:151} INFO - [2023-10-03T07:45:27.288+0000] {dag.py:3696} INFO - Setting next_dagrun for example_branch_dop_operator_v3 to 2023-10-03T07:44:00+00:00, run_after=2023-10-03T07:45:00+00:00
[2023-10-03T07:45:27.296+0000] {processor.py:179} INFO - Processing /home/airflow/.local/lib/python3.8/site-packages/airflow/example_dags/example_branch_python_dop_operator_3.py took 0.050 seconds
[2023-10-03T07:50:25.690+0000] {processor.py:157} INFO - Started process (PID=49) to work on /home/airflow/.local/lib/python3.8/site-packages/airflow/example_dags/example_branch_python_dop_operator_3.py
[2023-10-03T07:50:25.693+0000] {processor.py:829} INFO - Processing file /home/airflow/.local/lib/python3.8/site-packages/airflow/example_dags/example_branch_python_dop_operator_3.py for tasks to queue
[2023-10-03T07:50:25.695+0000] {logging_mixin.py:151} INFO - [2023-10-03T07:50:25.695+0000] {dagbag.py:539} INFO - Filling up the DagBag from /home/airflow/.local/lib/python3.8/site-packages/airflow/example_dags/example_branch_python_dop_operator_3.py
[2023-10-03T07:50:25.705+0000] {processor.py:839} INFO - DAG(s) dict_keys(['example_branch_dop_operator_v3']) retrieved from /home/airflow/.local/lib/python3.8/site-packages/airflow/example_dags/example_branch_python_dop_operator_3.py
[2023-10-03T07:50:25.721+0000] {logging_mixin.py:151} INFO - [2023-10-03T07:50:25.721+0000] {dag.py:2915} INFO - Sync 1 DAGs
[2023-10-03T07:50:25.740+0000] {logging_mixin.py:151} INFO - [2023-10-03T07:50:25.740+0000] {dag.py:3696} INFO - Setting next_dagrun for example_branch_dop_operator_v3 to 2023-10-03T07:49:00+00:00, run_after=2023-10-03T07:50:00+00:00
[2023-10-03T07:50:25.748+0000] {processor.py:179} INFO - Processing /home/airflow/.local/lib/python3.8/site-packages/airflow/example_dags/example_branch_python_dop_operator_3.py took 0.062 seconds
[2023-10-03T07:50:56.014+0000] {processor.py:157} INFO - Started process (PID=108) to work on /home/airflow/.local/lib/python3.8/site-packages/airflow/example_dags/example_branch_python_dop_operator_3.py
[2023-10-03T07:50:56.015+0000] {processor.py:829} INFO - Processing file /home/airflow/.local/lib/python3.8/site-packages/airflow/example_dags/example_branch_python_dop_operator_3.py for tasks to queue
[2023-10-03T07:50:56.016+0000] {logging_mixin.py:151} INFO - [2023-10-03T07:50:56.016+0000] {dagbag.py:539} INFO - Filling up the DagBag from /home/airflow/.local/lib/python3.8/site-packages/airflow/example_dags/example_branch_python_dop_operator_3.py
[2023-10-03T07:50:56.025+0000] {processor.py:839} INFO - DAG(s) dict_keys(['example_branch_dop_operator_v3']) retrieved from /home/airflow/.local/lib/python3.8/site-packages/airflow/example_dags/example_branch_python_dop_operator_3.py
[2023-10-03T07:50:56.040+0000] {logging_mixin.py:151} INFO - [2023-10-03T07:50:56.039+0000] {dag.py:2915} INFO - Sync 1 DAGs
[2023-10-03T07:50:56.062+0000] {logging_mixin.py:151} INFO - [2023-10-03T07:50:56.062+0000] {dag.py:3696} INFO - Setting next_dagrun for example_branch_dop_operator_v3 to 2023-10-03T07:49:00+00:00, run_after=2023-10-03T07:50:00+00:00
[2023-10-03T07:50:56.072+0000] {processor.py:179} INFO - Processing /home/airflow/.local/lib/python3.8/site-packages/airflow/example_dags/example_branch_python_dop_operator_3.py took 0.057 seconds
[2023-10-03T07:51:26.642+0000] {processor.py:157} INFO - Started process (PID=167) to work on /home/airflow/.local/lib/python3.8/site-packages/airflow/example_dags/example_branch_python_dop_operator_3.py
[2023-10-03T07:51:26.643+0000] {processor.py:829} INFO - Processing file /home/airflow/.local/lib/python3.8/site-packages/airflow/example_dags/example_branch_python_dop_operator_3.py for tasks to queue
[2023-10-03T07:51:26.644+0000] {logging_mixin.py:151} INFO - [2023-10-03T07:51:26.644+0000] {dagbag.py:539} INFO - Filling up the DagBag from /home/airflow/.local/lib/python3.8/site-packages/airflow/example_dags/example_branch_python_dop_operator_3.py
[2023-10-03T07:51:26.649+0000] {processor.py:839} INFO - DAG(s) dict_keys(['example_branch_dop_operator_v3']) retrieved from /home/airflow/.local/lib/python3.8/site-packages/airflow/example_dags/example_branch_python_dop_operator_3.py
[2023-10-03T07:51:26.660+0000] {logging_mixin.py:151} INFO - [2023-10-03T07:51:26.660+0000] {dag.py:2915} INFO - Sync 1 DAGs
[2023-10-03T07:51:26.673+0000] {logging_mixin.py:151} INFO - [2023-10-03T07:51:26.673+0000] {dag.py:3696} INFO - Setting next_dagrun for example_branch_dop_operator_v3 to 2023-10-03T07:50:00+00:00, run_after=2023-10-03T07:51:00+00:00
[2023-10-03T07:51:26.681+0000] {processor.py:179} INFO - Processing /home/airflow/.local/lib/python3.8/site-packages/airflow/example_dags/example_branch_python_dop_operator_3.py took 0.042 seconds
[2023-10-03T07:57:14.087+0000] {processor.py:157} INFO - Started process (PID=49) to work on /home/airflow/.local/lib/python3.8/site-packages/airflow/example_dags/example_branch_python_dop_operator_3.py
[2023-10-03T07:57:14.088+0000] {processor.py:829} INFO - Processing file /home/airflow/.local/lib/python3.8/site-packages/airflow/example_dags/example_branch_python_dop_operator_3.py for tasks to queue
[2023-10-03T07:57:14.090+0000] {logging_mixin.py:151} INFO - [2023-10-03T07:57:14.090+0000] {dagbag.py:539} INFO - Filling up the DagBag from /home/airflow/.local/lib/python3.8/site-packages/airflow/example_dags/example_branch_python_dop_operator_3.py
[2023-10-03T07:57:14.115+0000] {processor.py:839} INFO - DAG(s) dict_keys(['example_branch_dop_operator_v3']) retrieved from /home/airflow/.local/lib/python3.8/site-packages/airflow/example_dags/example_branch_python_dop_operator_3.py
[2023-10-03T07:57:14.133+0000] {logging_mixin.py:151} INFO - [2023-10-03T07:57:14.132+0000] {dag.py:2915} INFO - Sync 1 DAGs
[2023-10-03T07:57:14.173+0000] {logging_mixin.py:151} INFO - [2023-10-03T07:57:14.173+0000] {dag.py:3696} INFO - Setting next_dagrun for example_branch_dop_operator_v3 to 2023-10-03T07:56:00+00:00, run_after=2023-10-03T07:57:00+00:00
[2023-10-03T07:57:14.184+0000] {processor.py:179} INFO - Processing /home/airflow/.local/lib/python3.8/site-packages/airflow/example_dags/example_branch_python_dop_operator_3.py took 0.100 seconds
[2023-10-03T07:57:44.209+0000] {processor.py:157} INFO - Started process (PID=108) to work on /home/airflow/.local/lib/python3.8/site-packages/airflow/example_dags/example_branch_python_dop_operator_3.py
[2023-10-03T07:57:44.211+0000] {processor.py:829} INFO - Processing file /home/airflow/.local/lib/python3.8/site-packages/airflow/example_dags/example_branch_python_dop_operator_3.py for tasks to queue
[2023-10-03T07:57:44.212+0000] {logging_mixin.py:151} INFO - [2023-10-03T07:57:44.212+0000] {dagbag.py:539} INFO - Filling up the DagBag from /home/airflow/.local/lib/python3.8/site-packages/airflow/example_dags/example_branch_python_dop_operator_3.py
[2023-10-03T07:57:44.217+0000] {processor.py:839} INFO - DAG(s) dict_keys(['example_branch_dop_operator_v3']) retrieved from /home/airflow/.local/lib/python3.8/site-packages/airflow/example_dags/example_branch_python_dop_operator_3.py
[2023-10-03T07:57:44.229+0000] {logging_mixin.py:151} INFO - [2023-10-03T07:57:44.228+0000] {dag.py:2915} INFO - Sync 1 DAGs
[2023-10-03T07:57:44.241+0000] {logging_mixin.py:151} INFO - [2023-10-03T07:57:44.241+0000] {dag.py:3696} INFO - Setting next_dagrun for example_branch_dop_operator_v3 to 2023-10-03T07:56:00+00:00, run_after=2023-10-03T07:57:00+00:00
[2023-10-03T07:57:44.248+0000] {processor.py:179} INFO - Processing /home/airflow/.local/lib/python3.8/site-packages/airflow/example_dags/example_branch_python_dop_operator_3.py took 0.041 seconds
[2023-10-03T07:58:14.503+0000] {processor.py:157} INFO - Started process (PID=167) to work on /home/airflow/.local/lib/python3.8/site-packages/airflow/example_dags/example_branch_python_dop_operator_3.py
[2023-10-03T07:58:14.504+0000] {processor.py:829} INFO - Processing file /home/airflow/.local/lib/python3.8/site-packages/airflow/example_dags/example_branch_python_dop_operator_3.py for tasks to queue
[2023-10-03T07:58:14.505+0000] {logging_mixin.py:151} INFO - [2023-10-03T07:58:14.505+0000] {dagbag.py:539} INFO - Filling up the DagBag from /home/airflow/.local/lib/python3.8/site-packages/airflow/example_dags/example_branch_python_dop_operator_3.py
[2023-10-03T07:58:14.512+0000] {processor.py:839} INFO - DAG(s) dict_keys(['example_branch_dop_operator_v3']) retrieved from /home/airflow/.local/lib/python3.8/site-packages/airflow/example_dags/example_branch_python_dop_operator_3.py
[2023-10-03T07:58:14.524+0000] {logging_mixin.py:151} INFO - [2023-10-03T07:58:14.524+0000] {dag.py:2915} INFO - Sync 1 DAGs
[2023-10-03T07:58:14.537+0000] {logging_mixin.py:151} INFO - [2023-10-03T07:58:14.536+0000] {dag.py:3696} INFO - Setting next_dagrun for example_branch_dop_operator_v3 to 2023-10-03T07:57:00+00:00, run_after=2023-10-03T07:58:00+00:00
[2023-10-03T07:58:14.544+0000] {processor.py:179} INFO - Processing /home/airflow/.local/lib/python3.8/site-packages/airflow/example_dags/example_branch_python_dop_operator_3.py took 0.043 seconds
[2023-10-03T07:58:45.739+0000] {processor.py:157} INFO - Started process (PID=226) to work on /home/airflow/.local/lib/python3.8/site-packages/airflow/example_dags/example_branch_python_dop_operator_3.py
[2023-10-03T07:58:45.740+0000] {processor.py:829} INFO - Processing file /home/airflow/.local/lib/python3.8/site-packages/airflow/example_dags/example_branch_python_dop_operator_3.py for tasks to queue
[2023-10-03T07:58:45.741+0000] {logging_mixin.py:151} INFO - [2023-10-03T07:58:45.741+0000] {dagbag.py:539} INFO - Filling up the DagBag from /home/airflow/.local/lib/python3.8/site-packages/airflow/example_dags/example_branch_python_dop_operator_3.py
[2023-10-03T07:58:45.746+0000] {processor.py:839} INFO - DAG(s) dict_keys(['example_branch_dop_operator_v3']) retrieved from /home/airflow/.local/lib/python3.8/site-packages/airflow/example_dags/example_branch_python_dop_operator_3.py
[2023-10-03T07:58:45.757+0000] {logging_mixin.py:151} INFO - [2023-10-03T07:58:45.757+0000] {dag.py:2915} INFO - Sync 1 DAGs
[2023-10-03T07:58:45.775+0000] {logging_mixin.py:151} INFO - [2023-10-03T07:58:45.775+0000] {dag.py:3696} INFO - Setting next_dagrun for example_branch_dop_operator_v3 to 2023-10-03T07:57:00+00:00, run_after=2023-10-03T07:58:00+00:00
[2023-10-03T07:58:45.783+0000] {processor.py:179} INFO - Processing /home/airflow/.local/lib/python3.8/site-packages/airflow/example_dags/example_branch_python_dop_operator_3.py took 0.045 seconds
[2023-10-03T07:59:17.045+0000] {processor.py:157} INFO - Started process (PID=285) to work on /home/airflow/.local/lib/python3.8/site-packages/airflow/example_dags/example_branch_python_dop_operator_3.py
[2023-10-03T07:59:17.046+0000] {processor.py:829} INFO - Processing file /home/airflow/.local/lib/python3.8/site-packages/airflow/example_dags/example_branch_python_dop_operator_3.py for tasks to queue
[2023-10-03T07:59:17.047+0000] {logging_mixin.py:151} INFO - [2023-10-03T07:59:17.047+0000] {dagbag.py:539} INFO - Filling up the DagBag from /home/airflow/.local/lib/python3.8/site-packages/airflow/example_dags/example_branch_python_dop_operator_3.py
[2023-10-03T07:59:17.052+0000] {processor.py:839} INFO - DAG(s) dict_keys(['example_branch_dop_operator_v3']) retrieved from /home/airflow/.local/lib/python3.8/site-packages/airflow/example_dags/example_branch_python_dop_operator_3.py
[2023-10-03T07:59:17.062+0000] {logging_mixin.py:151} INFO - [2023-10-03T07:59:17.062+0000] {dag.py:2915} INFO - Sync 1 DAGs
[2023-10-03T07:59:17.074+0000] {logging_mixin.py:151} INFO - [2023-10-03T07:59:17.074+0000] {dag.py:3696} INFO - Setting next_dagrun for example_branch_dop_operator_v3 to 2023-10-03T07:58:00+00:00, run_after=2023-10-03T07:59:00+00:00
[2023-10-03T07:59:17.085+0000] {processor.py:179} INFO - Processing /home/airflow/.local/lib/python3.8/site-packages/airflow/example_dags/example_branch_python_dop_operator_3.py took 0.042 seconds
[2023-10-03T07:59:47.682+0000] {processor.py:157} INFO - Started process (PID=344) to work on /home/airflow/.local/lib/python3.8/site-packages/airflow/example_dags/example_branch_python_dop_operator_3.py
[2023-10-03T07:59:47.682+0000] {processor.py:829} INFO - Processing file /home/airflow/.local/lib/python3.8/site-packages/airflow/example_dags/example_branch_python_dop_operator_3.py for tasks to queue
[2023-10-03T07:59:47.683+0000] {logging_mixin.py:151} INFO - [2023-10-03T07:59:47.683+0000] {dagbag.py:539} INFO - Filling up the DagBag from /home/airflow/.local/lib/python3.8/site-packages/airflow/example_dags/example_branch_python_dop_operator_3.py
[2023-10-03T07:59:47.688+0000] {processor.py:839} INFO - DAG(s) dict_keys(['example_branch_dop_operator_v3']) retrieved from /home/airflow/.local/lib/python3.8/site-packages/airflow/example_dags/example_branch_python_dop_operator_3.py
[2023-10-03T07:59:47.699+0000] {logging_mixin.py:151} INFO - [2023-10-03T07:59:47.698+0000] {dag.py:2915} INFO - Sync 1 DAGs
[2023-10-03T07:59:47.710+0000] {logging_mixin.py:151} INFO - [2023-10-03T07:59:47.710+0000] {dag.py:3696} INFO - Setting next_dagrun for example_branch_dop_operator_v3 to 2023-10-03T07:58:00+00:00, run_after=2023-10-03T07:59:00+00:00
[2023-10-03T07:59:47.717+0000] {processor.py:179} INFO - Processing /home/airflow/.local/lib/python3.8/site-packages/airflow/example_dags/example_branch_python_dop_operator_3.py took 0.038 seconds
[2023-10-03T08:00:18.983+0000] {processor.py:157} INFO - Started process (PID=403) to work on /home/airflow/.local/lib/python3.8/site-packages/airflow/example_dags/example_branch_python_dop_operator_3.py
[2023-10-03T08:00:18.984+0000] {processor.py:829} INFO - Processing file /home/airflow/.local/lib/python3.8/site-packages/airflow/example_dags/example_branch_python_dop_operator_3.py for tasks to queue
[2023-10-03T08:00:18.985+0000] {logging_mixin.py:151} INFO - [2023-10-03T08:00:18.985+0000] {dagbag.py:539} INFO - Filling up the DagBag from /home/airflow/.local/lib/python3.8/site-packages/airflow/example_dags/example_branch_python_dop_operator_3.py
[2023-10-03T08:00:18.990+0000] {processor.py:839} INFO - DAG(s) dict_keys(['example_branch_dop_operator_v3']) retrieved from /home/airflow/.local/lib/python3.8/site-packages/airflow/example_dags/example_branch_python_dop_operator_3.py
[2023-10-03T08:00:19.000+0000] {logging_mixin.py:151} INFO - [2023-10-03T08:00:19.000+0000] {dag.py:2915} INFO - Sync 1 DAGs
[2023-10-03T08:00:19.016+0000] {logging_mixin.py:151} INFO - [2023-10-03T08:00:19.016+0000] {dag.py:3696} INFO - Setting next_dagrun for example_branch_dop_operator_v3 to 2023-10-03T07:59:00+00:00, run_after=2023-10-03T08:00:00+00:00
[2023-10-03T08:00:19.024+0000] {processor.py:179} INFO - Processing /home/airflow/.local/lib/python3.8/site-packages/airflow/example_dags/example_branch_python_dop_operator_3.py took 0.042 seconds
[2023-10-03T08:00:50.260+0000] {processor.py:157} INFO - Started process (PID=462) to work on /home/airflow/.local/lib/python3.8/site-packages/airflow/example_dags/example_branch_python_dop_operator_3.py
[2023-10-03T08:00:50.261+0000] {processor.py:829} INFO - Processing file /home/airflow/.local/lib/python3.8/site-packages/airflow/example_dags/example_branch_python_dop_operator_3.py for tasks to queue
[2023-10-03T08:00:50.262+0000] {logging_mixin.py:151} INFO - [2023-10-03T08:00:50.262+0000] {dagbag.py:539} INFO - Filling up the DagBag from /home/airflow/.local/lib/python3.8/site-packages/airflow/example_dags/example_branch_python_dop_operator_3.py
[2023-10-03T08:00:50.268+0000] {processor.py:839} INFO - DAG(s) dict_keys(['example_branch_dop_operator_v3']) retrieved from /home/airflow/.local/lib/python3.8/site-packages/airflow/example_dags/example_branch_python_dop_operator_3.py
[2023-10-03T08:00:50.278+0000] {logging_mixin.py:151} INFO - [2023-10-03T08:00:50.278+0000] {dag.py:2915} INFO - Sync 1 DAGs
[2023-10-03T08:00:50.290+0000] {logging_mixin.py:151} INFO - [2023-10-03T08:00:50.290+0000] {dag.py:3696} INFO - Setting next_dagrun for example_branch_dop_operator_v3 to 2023-10-03T07:59:00+00:00, run_after=2023-10-03T08:00:00+00:00
[2023-10-03T08:00:50.298+0000] {processor.py:179} INFO - Processing /home/airflow/.local/lib/python3.8/site-packages/airflow/example_dags/example_branch_python_dop_operator_3.py took 0.040 seconds
[2023-10-03T08:01:21.266+0000] {processor.py:157} INFO - Started process (PID=521) to work on /home/airflow/.local/lib/python3.8/site-packages/airflow/example_dags/example_branch_python_dop_operator_3.py
[2023-10-03T08:01:21.267+0000] {processor.py:829} INFO - Processing file /home/airflow/.local/lib/python3.8/site-packages/airflow/example_dags/example_branch_python_dop_operator_3.py for tasks to queue
[2023-10-03T08:01:21.268+0000] {logging_mixin.py:151} INFO - [2023-10-03T08:01:21.268+0000] {dagbag.py:539} INFO - Filling up the DagBag from /home/airflow/.local/lib/python3.8/site-packages/airflow/example_dags/example_branch_python_dop_operator_3.py
[2023-10-03T08:01:21.273+0000] {processor.py:839} INFO - DAG(s) dict_keys(['example_branch_dop_operator_v3']) retrieved from /home/airflow/.local/lib/python3.8/site-packages/airflow/example_dags/example_branch_python_dop_operator_3.py
[2023-10-03T08:01:21.283+0000] {logging_mixin.py:151} INFO - [2023-10-03T08:01:21.283+0000] {dag.py:2915} INFO - Sync 1 DAGs
[2023-10-03T08:01:21.295+0000] {logging_mixin.py:151} INFO - [2023-10-03T08:01:21.295+0000] {dag.py:3696} INFO - Setting next_dagrun for example_branch_dop_operator_v3 to 2023-10-03T08:00:00+00:00, run_after=2023-10-03T08:01:00+00:00
[2023-10-03T08:01:21.303+0000] {processor.py:179} INFO - Processing /home/airflow/.local/lib/python3.8/site-packages/airflow/example_dags/example_branch_python_dop_operator_3.py took 0.039 seconds
[2023-10-03T08:01:52.347+0000] {processor.py:157} INFO - Started process (PID=580) to work on /home/airflow/.local/lib/python3.8/site-packages/airflow/example_dags/example_branch_python_dop_operator_3.py
[2023-10-03T08:01:52.347+0000] {processor.py:829} INFO - Processing file /home/airflow/.local/lib/python3.8/site-packages/airflow/example_dags/example_branch_python_dop_operator_3.py for tasks to queue
[2023-10-03T08:01:52.349+0000] {logging_mixin.py:151} INFO - [2023-10-03T08:01:52.348+0000] {dagbag.py:539} INFO - Filling up the DagBag from /home/airflow/.local/lib/python3.8/site-packages/airflow/example_dags/example_branch_python_dop_operator_3.py
[2023-10-03T08:01:52.354+0000] {processor.py:839} INFO - DAG(s) dict_keys(['example_branch_dop_operator_v3']) retrieved from /home/airflow/.local/lib/python3.8/site-packages/airflow/example_dags/example_branch_python_dop_operator_3.py
[2023-10-03T08:01:52.365+0000] {logging_mixin.py:151} INFO - [2023-10-03T08:01:52.365+0000] {dag.py:2915} INFO - Sync 1 DAGs
[2023-10-03T08:01:52.377+0000] {logging_mixin.py:151} INFO - [2023-10-03T08:01:52.377+0000] {dag.py:3696} INFO - Setting next_dagrun for example_branch_dop_operator_v3 to 2023-10-03T08:00:00+00:00, run_after=2023-10-03T08:01:00+00:00
[2023-10-03T08:01:52.384+0000] {processor.py:179} INFO - Processing /home/airflow/.local/lib/python3.8/site-packages/airflow/example_dags/example_branch_python_dop_operator_3.py took 0.040 seconds
[2023-10-03T08:02:22.812+0000] {processor.py:157} INFO - Started process (PID=639) to work on /home/airflow/.local/lib/python3.8/site-packages/airflow/example_dags/example_branch_python_dop_operator_3.py
[2023-10-03T08:02:22.812+0000] {processor.py:829} INFO - Processing file /home/airflow/.local/lib/python3.8/site-packages/airflow/example_dags/example_branch_python_dop_operator_3.py for tasks to queue
[2023-10-03T08:02:22.814+0000] {logging_mixin.py:151} INFO - [2023-10-03T08:02:22.813+0000] {dagbag.py:539} INFO - Filling up the DagBag from /home/airflow/.local/lib/python3.8/site-packages/airflow/example_dags/example_branch_python_dop_operator_3.py
[2023-10-03T08:02:22.819+0000] {processor.py:839} INFO - DAG(s) dict_keys(['example_branch_dop_operator_v3']) retrieved from /home/airflow/.local/lib/python3.8/site-packages/airflow/example_dags/example_branch_python_dop_operator_3.py
[2023-10-03T08:02:22.830+0000] {logging_mixin.py:151} INFO - [2023-10-03T08:02:22.830+0000] {dag.py:2915} INFO - Sync 1 DAGs
[2023-10-03T08:02:22.841+0000] {logging_mixin.py:151} INFO - [2023-10-03T08:02:22.841+0000] {dag.py:3696} INFO - Setting next_dagrun for example_branch_dop_operator_v3 to 2023-10-03T08:01:00+00:00, run_after=2023-10-03T08:02:00+00:00
[2023-10-03T08:02:22.849+0000] {processor.py:179} INFO - Processing /home/airflow/.local/lib/python3.8/site-packages/airflow/example_dags/example_branch_python_dop_operator_3.py took 0.039 seconds
[2023-10-03T08:02:53.320+0000] {processor.py:157} INFO - Started process (PID=698) to work on /home/airflow/.local/lib/python3.8/site-packages/airflow/example_dags/example_branch_python_dop_operator_3.py
[2023-10-03T08:02:53.320+0000] {processor.py:829} INFO - Processing file /home/airflow/.local/lib/python3.8/site-packages/airflow/example_dags/example_branch_python_dop_operator_3.py for tasks to queue
[2023-10-03T08:02:53.321+0000] {logging_mixin.py:151} INFO - [2023-10-03T08:02:53.321+0000] {dagbag.py:539} INFO - Filling up the DagBag from /home/airflow/.local/lib/python3.8/site-packages/airflow/example_dags/example_branch_python_dop_operator_3.py
[2023-10-03T08:02:53.326+0000] {processor.py:839} INFO - DAG(s) dict_keys(['example_branch_dop_operator_v3']) retrieved from /home/airflow/.local/lib/python3.8/site-packages/airflow/example_dags/example_branch_python_dop_operator_3.py
[2023-10-03T08:02:53.337+0000] {logging_mixin.py:151} INFO - [2023-10-03T08:02:53.337+0000] {dag.py:2915} INFO - Sync 1 DAGs
[2023-10-03T08:02:53.349+0000] {logging_mixin.py:151} INFO - [2023-10-03T08:02:53.349+0000] {dag.py:3696} INFO - Setting next_dagrun for example_branch_dop_operator_v3 to 2023-10-03T08:01:00+00:00, run_after=2023-10-03T08:02:00+00:00
[2023-10-03T08:02:53.356+0000] {processor.py:179} INFO - Processing /home/airflow/.local/lib/python3.8/site-packages/airflow/example_dags/example_branch_python_dop_operator_3.py took 0.038 seconds
[2023-10-03T08:03:23.612+0000] {processor.py:157} INFO - Started process (PID=757) to work on /home/airflow/.local/lib/python3.8/site-packages/airflow/example_dags/example_branch_python_dop_operator_3.py
[2023-10-03T08:03:23.613+0000] {processor.py:829} INFO - Processing file /home/airflow/.local/lib/python3.8/site-packages/airflow/example_dags/example_branch_python_dop_operator_3.py for tasks to queue
[2023-10-03T08:03:23.614+0000] {logging_mixin.py:151} INFO - [2023-10-03T08:03:23.614+0000] {dagbag.py:539} INFO - Filling up the DagBag from /home/airflow/.local/lib/python3.8/site-packages/airflow/example_dags/example_branch_python_dop_operator_3.py
[2023-10-03T08:03:23.619+0000] {processor.py:839} INFO - DAG(s) dict_keys(['example_branch_dop_operator_v3']) retrieved from /home/airflow/.local/lib/python3.8/site-packages/airflow/example_dags/example_branch_python_dop_operator_3.py
[2023-10-03T08:03:23.629+0000] {logging_mixin.py:151} INFO - [2023-10-03T08:03:23.629+0000] {dag.py:2915} INFO - Sync 1 DAGs
[2023-10-03T08:03:23.640+0000] {logging_mixin.py:151} INFO - [2023-10-03T08:03:23.640+0000] {dag.py:3696} INFO - Setting next_dagrun for example_branch_dop_operator_v3 to 2023-10-03T08:02:00+00:00, run_after=2023-10-03T08:03:00+00:00
[2023-10-03T08:03:23.648+0000] {processor.py:179} INFO - Processing /home/airflow/.local/lib/python3.8/site-packages/airflow/example_dags/example_branch_python_dop_operator_3.py took 0.038 seconds
[2023-10-03T08:03:53.990+0000] {processor.py:157} INFO - Started process (PID=816) to work on /home/airflow/.local/lib/python3.8/site-packages/airflow/example_dags/example_branch_python_dop_operator_3.py
[2023-10-03T08:03:53.990+0000] {processor.py:829} INFO - Processing file /home/airflow/.local/lib/python3.8/site-packages/airflow/example_dags/example_branch_python_dop_operator_3.py for tasks to queue
[2023-10-03T08:03:53.992+0000] {logging_mixin.py:151} INFO - [2023-10-03T08:03:53.991+0000] {dagbag.py:539} INFO - Filling up the DagBag from /home/airflow/.local/lib/python3.8/site-packages/airflow/example_dags/example_branch_python_dop_operator_3.py
[2023-10-03T08:03:53.996+0000] {processor.py:839} INFO - DAG(s) dict_keys(['example_branch_dop_operator_v3']) retrieved from /home/airflow/.local/lib/python3.8/site-packages/airflow/example_dags/example_branch_python_dop_operator_3.py
[2023-10-03T08:03:54.006+0000] {logging_mixin.py:151} INFO - [2023-10-03T08:03:54.006+0000] {dag.py:2915} INFO - Sync 1 DAGs
[2023-10-03T08:03:54.018+0000] {logging_mixin.py:151} INFO - [2023-10-03T08:03:54.018+0000] {dag.py:3696} INFO - Setting next_dagrun for example_branch_dop_operator_v3 to 2023-10-03T08:02:00+00:00, run_after=2023-10-03T08:03:00+00:00
[2023-10-03T08:03:54.025+0000] {processor.py:179} INFO - Processing /home/airflow/.local/lib/python3.8/site-packages/airflow/example_dags/example_branch_python_dop_operator_3.py took 0.037 seconds
[2023-10-03T08:04:24.367+0000] {processor.py:157} INFO - Started process (PID=875) to work on /home/airflow/.local/lib/python3.8/site-packages/airflow/example_dags/example_branch_python_dop_operator_3.py
[2023-10-03T08:04:24.368+0000] {processor.py:829} INFO - Processing file /home/airflow/.local/lib/python3.8/site-packages/airflow/example_dags/example_branch_python_dop_operator_3.py for tasks to queue
[2023-10-03T08:04:24.369+0000] {logging_mixin.py:151} INFO - [2023-10-03T08:04:24.369+0000] {dagbag.py:539} INFO - Filling up the DagBag from /home/airflow/.local/lib/python3.8/site-packages/airflow/example_dags/example_branch_python_dop_operator_3.py
[2023-10-03T08:04:24.374+0000] {processor.py:839} INFO - DAG(s) dict_keys(['example_branch_dop_operator_v3']) retrieved from /home/airflow/.local/lib/python3.8/site-packages/airflow/example_dags/example_branch_python_dop_operator_3.py
[2023-10-03T08:04:24.385+0000] {logging_mixin.py:151} INFO - [2023-10-03T08:04:24.385+0000] {dag.py:2915} INFO - Sync 1 DAGs
[2023-10-03T08:04:24.397+0000] {logging_mixin.py:151} INFO - [2023-10-03T08:04:24.397+0000] {dag.py:3696} INFO - Setting next_dagrun for example_branch_dop_operator_v3 to 2023-10-03T08:03:00+00:00, run_after=2023-10-03T08:04:00+00:00
[2023-10-03T08:04:24.405+0000] {processor.py:179} INFO - Processing /home/airflow/.local/lib/python3.8/site-packages/airflow/example_dags/example_branch_python_dop_operator_3.py took 0.040 seconds
[2023-10-03T08:04:55.127+0000] {processor.py:157} INFO - Started process (PID=934) to work on /home/airflow/.local/lib/python3.8/site-packages/airflow/example_dags/example_branch_python_dop_operator_3.py
[2023-10-03T08:04:55.128+0000] {processor.py:829} INFO - Processing file /home/airflow/.local/lib/python3.8/site-packages/airflow/example_dags/example_branch_python_dop_operator_3.py for tasks to queue
[2023-10-03T08:04:55.129+0000] {logging_mixin.py:151} INFO - [2023-10-03T08:04:55.129+0000] {dagbag.py:539} INFO - Filling up the DagBag from /home/airflow/.local/lib/python3.8/site-packages/airflow/example_dags/example_branch_python_dop_operator_3.py
[2023-10-03T08:04:55.134+0000] {processor.py:839} INFO - DAG(s) dict_keys(['example_branch_dop_operator_v3']) retrieved from /home/airflow/.local/lib/python3.8/site-packages/airflow/example_dags/example_branch_python_dop_operator_3.py
[2023-10-03T08:04:55.143+0000] {logging_mixin.py:151} INFO - [2023-10-03T08:04:55.143+0000] {dag.py:2915} INFO - Sync 1 DAGs
[2023-10-03T08:04:55.156+0000] {logging_mixin.py:151} INFO - [2023-10-03T08:04:55.156+0000] {dag.py:3696} INFO - Setting next_dagrun for example_branch_dop_operator_v3 to 2023-10-03T08:03:00+00:00, run_after=2023-10-03T08:04:00+00:00
[2023-10-03T08:04:55.163+0000] {processor.py:179} INFO - Processing /home/airflow/.local/lib/python3.8/site-packages/airflow/example_dags/example_branch_python_dop_operator_3.py took 0.038 seconds
[2023-10-03T08:05:26.157+0000] {processor.py:157} INFO - Started process (PID=993) to work on /home/airflow/.local/lib/python3.8/site-packages/airflow/example_dags/example_branch_python_dop_operator_3.py
[2023-10-03T08:05:26.157+0000] {processor.py:829} INFO - Processing file /home/airflow/.local/lib/python3.8/site-packages/airflow/example_dags/example_branch_python_dop_operator_3.py for tasks to queue
[2023-10-03T08:05:26.159+0000] {logging_mixin.py:151} INFO - [2023-10-03T08:05:26.158+0000] {dagbag.py:539} INFO - Filling up the DagBag from /home/airflow/.local/lib/python3.8/site-packages/airflow/example_dags/example_branch_python_dop_operator_3.py
[2023-10-03T08:05:26.163+0000] {processor.py:839} INFO - DAG(s) dict_keys(['example_branch_dop_operator_v3']) retrieved from /home/airflow/.local/lib/python3.8/site-packages/airflow/example_dags/example_branch_python_dop_operator_3.py
[2023-10-03T08:05:26.173+0000] {logging_mixin.py:151} INFO - [2023-10-03T08:05:26.172+0000] {dag.py:2915} INFO - Sync 1 DAGs
[2023-10-03T08:05:26.184+0000] {logging_mixin.py:151} INFO - [2023-10-03T08:05:26.184+0000] {dag.py:3696} INFO - Setting next_dagrun for example_branch_dop_operator_v3 to 2023-10-03T08:04:00+00:00, run_after=2023-10-03T08:05:00+00:00
[2023-10-03T08:05:26.191+0000] {processor.py:179} INFO - Processing /home/airflow/.local/lib/python3.8/site-packages/airflow/example_dags/example_branch_python_dop_operator_3.py took 0.036 seconds
[2023-10-03T08:05:56.440+0000] {processor.py:157} INFO - Started process (PID=1052) to work on /home/airflow/.local/lib/python3.8/site-packages/airflow/example_dags/example_branch_python_dop_operator_3.py
[2023-10-03T08:05:56.441+0000] {processor.py:829} INFO - Processing file /home/airflow/.local/lib/python3.8/site-packages/airflow/example_dags/example_branch_python_dop_operator_3.py for tasks to queue
[2023-10-03T08:05:56.442+0000] {logging_mixin.py:151} INFO - [2023-10-03T08:05:56.442+0000] {dagbag.py:539} INFO - Filling up the DagBag from /home/airflow/.local/lib/python3.8/site-packages/airflow/example_dags/example_branch_python_dop_operator_3.py
[2023-10-03T08:05:56.446+0000] {processor.py:839} INFO - DAG(s) dict_keys(['example_branch_dop_operator_v3']) retrieved from /home/airflow/.local/lib/python3.8/site-packages/airflow/example_dags/example_branch_python_dop_operator_3.py
[2023-10-03T08:05:56.456+0000] {logging_mixin.py:151} INFO - [2023-10-03T08:05:56.456+0000] {dag.py:2915} INFO - Sync 1 DAGs
[2023-10-03T08:05:56.467+0000] {logging_mixin.py:151} INFO - [2023-10-03T08:05:56.467+0000] {dag.py:3696} INFO - Setting next_dagrun for example_branch_dop_operator_v3 to 2023-10-03T08:04:00+00:00, run_after=2023-10-03T08:05:00+00:00
[2023-10-03T08:05:56.474+0000] {processor.py:179} INFO - Processing /home/airflow/.local/lib/python3.8/site-packages/airflow/example_dags/example_branch_python_dop_operator_3.py took 0.036 seconds
[2023-10-03T08:06:26.673+0000] {processor.py:157} INFO - Started process (PID=1111) to work on /home/airflow/.local/lib/python3.8/site-packages/airflow/example_dags/example_branch_python_dop_operator_3.py
[2023-10-03T08:06:26.674+0000] {processor.py:829} INFO - Processing file /home/airflow/.local/lib/python3.8/site-packages/airflow/example_dags/example_branch_python_dop_operator_3.py for tasks to queue
[2023-10-03T08:06:26.675+0000] {logging_mixin.py:151} INFO - [2023-10-03T08:06:26.675+0000] {dagbag.py:539} INFO - Filling up the DagBag from /home/airflow/.local/lib/python3.8/site-packages/airflow/example_dags/example_branch_python_dop_operator_3.py
[2023-10-03T08:06:26.680+0000] {processor.py:839} INFO - DAG(s) dict_keys(['example_branch_dop_operator_v3']) retrieved from /home/airflow/.local/lib/python3.8/site-packages/airflow/example_dags/example_branch_python_dop_operator_3.py
[2023-10-03T08:06:26.690+0000] {logging_mixin.py:151} INFO - [2023-10-03T08:06:26.690+0000] {dag.py:2915} INFO - Sync 1 DAGs
[2023-10-03T08:06:26.702+0000] {logging_mixin.py:151} INFO - [2023-10-03T08:06:26.702+0000] {dag.py:3696} INFO - Setting next_dagrun for example_branch_dop_operator_v3 to 2023-10-03T08:05:00+00:00, run_after=2023-10-03T08:06:00+00:00
[2023-10-03T08:06:26.710+0000] {processor.py:179} INFO - Processing /home/airflow/.local/lib/python3.8/site-packages/airflow/example_dags/example_branch_python_dop_operator_3.py took 0.039 seconds
[2023-10-03T08:06:57.726+0000] {processor.py:157} INFO - Started process (PID=1170) to work on /home/airflow/.local/lib/python3.8/site-packages/airflow/example_dags/example_branch_python_dop_operator_3.py
[2023-10-03T08:06:57.727+0000] {processor.py:829} INFO - Processing file /home/airflow/.local/lib/python3.8/site-packages/airflow/example_dags/example_branch_python_dop_operator_3.py for tasks to queue
[2023-10-03T08:06:57.728+0000] {logging_mixin.py:151} INFO - [2023-10-03T08:06:57.728+0000] {dagbag.py:539} INFO - Filling up the DagBag from /home/airflow/.local/lib/python3.8/site-packages/airflow/example_dags/example_branch_python_dop_operator_3.py
[2023-10-03T08:06:57.733+0000] {processor.py:839} INFO - DAG(s) dict_keys(['example_branch_dop_operator_v3']) retrieved from /home/airflow/.local/lib/python3.8/site-packages/airflow/example_dags/example_branch_python_dop_operator_3.py
[2023-10-03T08:06:57.743+0000] {logging_mixin.py:151} INFO - [2023-10-03T08:06:57.743+0000] {dag.py:2915} INFO - Sync 1 DAGs
[2023-10-03T08:06:57.755+0000] {logging_mixin.py:151} INFO - [2023-10-03T08:06:57.755+0000] {dag.py:3696} INFO - Setting next_dagrun for example_branch_dop_operator_v3 to 2023-10-03T08:05:00+00:00, run_after=2023-10-03T08:06:00+00:00
[2023-10-03T08:06:57.763+0000] {processor.py:179} INFO - Processing /home/airflow/.local/lib/python3.8/site-packages/airflow/example_dags/example_branch_python_dop_operator_3.py took 0.038 seconds
[2023-10-03T08:07:28.567+0000] {processor.py:157} INFO - Started process (PID=1229) to work on /home/airflow/.local/lib/python3.8/site-packages/airflow/example_dags/example_branch_python_dop_operator_3.py
[2023-10-03T08:07:28.568+0000] {processor.py:829} INFO - Processing file /home/airflow/.local/lib/python3.8/site-packages/airflow/example_dags/example_branch_python_dop_operator_3.py for tasks to queue
[2023-10-03T08:07:28.570+0000] {logging_mixin.py:151} INFO - [2023-10-03T08:07:28.570+0000] {dagbag.py:539} INFO - Filling up the DagBag from /home/airflow/.local/lib/python3.8/site-packages/airflow/example_dags/example_branch_python_dop_operator_3.py
[2023-10-03T08:07:28.577+0000] {processor.py:839} INFO - DAG(s) dict_keys(['example_branch_dop_operator_v3']) retrieved from /home/airflow/.local/lib/python3.8/site-packages/airflow/example_dags/example_branch_python_dop_operator_3.py
[2023-10-03T08:07:28.589+0000] {logging_mixin.py:151} INFO - [2023-10-03T08:07:28.589+0000] {dag.py:2915} INFO - Sync 1 DAGs
[2023-10-03T08:07:28.601+0000] {logging_mixin.py:151} INFO - [2023-10-03T08:07:28.601+0000] {dag.py:3696} INFO - Setting next_dagrun for example_branch_dop_operator_v3 to 2023-10-03T08:06:00+00:00, run_after=2023-10-03T08:07:00+00:00
[2023-10-03T08:07:28.608+0000] {processor.py:179} INFO - Processing /home/airflow/.local/lib/python3.8/site-packages/airflow/example_dags/example_branch_python_dop_operator_3.py took 0.044 seconds
[2023-10-03T08:07:59.006+0000] {processor.py:157} INFO - Started process (PID=1288) to work on /home/airflow/.local/lib/python3.8/site-packages/airflow/example_dags/example_branch_python_dop_operator_3.py
[2023-10-03T08:07:59.006+0000] {processor.py:829} INFO - Processing file /home/airflow/.local/lib/python3.8/site-packages/airflow/example_dags/example_branch_python_dop_operator_3.py for tasks to queue
[2023-10-03T08:07:59.008+0000] {logging_mixin.py:151} INFO - [2023-10-03T08:07:59.008+0000] {dagbag.py:539} INFO - Filling up the DagBag from /home/airflow/.local/lib/python3.8/site-packages/airflow/example_dags/example_branch_python_dop_operator_3.py
[2023-10-03T08:07:59.013+0000] {processor.py:839} INFO - DAG(s) dict_keys(['example_branch_dop_operator_v3']) retrieved from /home/airflow/.local/lib/python3.8/site-packages/airflow/example_dags/example_branch_python_dop_operator_3.py
[2023-10-03T08:07:59.025+0000] {logging_mixin.py:151} INFO - [2023-10-03T08:07:59.025+0000] {dag.py:2915} INFO - Sync 1 DAGs
[2023-10-03T08:07:59.037+0000] {logging_mixin.py:151} INFO - [2023-10-03T08:07:59.037+0000] {dag.py:3696} INFO - Setting next_dagrun for example_branch_dop_operator_v3 to 2023-10-03T08:06:00+00:00, run_after=2023-10-03T08:07:00+00:00
[2023-10-03T08:07:59.045+0000] {processor.py:179} INFO - Processing /home/airflow/.local/lib/python3.8/site-packages/airflow/example_dags/example_branch_python_dop_operator_3.py took 0.042 seconds
[2023-10-03T08:08:29.406+0000] {processor.py:157} INFO - Started process (PID=1347) to work on /home/airflow/.local/lib/python3.8/site-packages/airflow/example_dags/example_branch_python_dop_operator_3.py
[2023-10-03T08:08:29.407+0000] {processor.py:829} INFO - Processing file /home/airflow/.local/lib/python3.8/site-packages/airflow/example_dags/example_branch_python_dop_operator_3.py for tasks to queue
[2023-10-03T08:08:29.408+0000] {logging_mixin.py:151} INFO - [2023-10-03T08:08:29.408+0000] {dagbag.py:539} INFO - Filling up the DagBag from /home/airflow/.local/lib/python3.8/site-packages/airflow/example_dags/example_branch_python_dop_operator_3.py
[2023-10-03T08:08:29.412+0000] {processor.py:839} INFO - DAG(s) dict_keys(['example_branch_dop_operator_v3']) retrieved from /home/airflow/.local/lib/python3.8/site-packages/airflow/example_dags/example_branch_python_dop_operator_3.py
[2023-10-03T08:08:29.423+0000] {logging_mixin.py:151} INFO - [2023-10-03T08:08:29.423+0000] {dag.py:2915} INFO - Sync 1 DAGs
[2023-10-03T08:08:29.435+0000] {logging_mixin.py:151} INFO - [2023-10-03T08:08:29.435+0000] {dag.py:3696} INFO - Setting next_dagrun for example_branch_dop_operator_v3 to 2023-10-03T08:07:00+00:00, run_after=2023-10-03T08:08:00+00:00
[2023-10-03T08:08:29.442+0000] {processor.py:179} INFO - Processing /home/airflow/.local/lib/python3.8/site-packages/airflow/example_dags/example_branch_python_dop_operator_3.py took 0.039 seconds
[2023-10-03T08:08:59.739+0000] {processor.py:157} INFO - Started process (PID=1406) to work on /home/airflow/.local/lib/python3.8/site-packages/airflow/example_dags/example_branch_python_dop_operator_3.py
[2023-10-03T08:08:59.739+0000] {processor.py:829} INFO - Processing file /home/airflow/.local/lib/python3.8/site-packages/airflow/example_dags/example_branch_python_dop_operator_3.py for tasks to queue
[2023-10-03T08:08:59.741+0000] {logging_mixin.py:151} INFO - [2023-10-03T08:08:59.740+0000] {dagbag.py:539} INFO - Filling up the DagBag from /home/airflow/.local/lib/python3.8/site-packages/airflow/example_dags/example_branch_python_dop_operator_3.py
[2023-10-03T08:08:59.745+0000] {processor.py:839} INFO - DAG(s) dict_keys(['example_branch_dop_operator_v3']) retrieved from /home/airflow/.local/lib/python3.8/site-packages/airflow/example_dags/example_branch_python_dop_operator_3.py
[2023-10-03T08:08:59.755+0000] {logging_mixin.py:151} INFO - [2023-10-03T08:08:59.755+0000] {dag.py:2915} INFO - Sync 1 DAGs
[2023-10-03T08:08:59.765+0000] {logging_mixin.py:151} INFO - [2023-10-03T08:08:59.765+0000] {dag.py:3696} INFO - Setting next_dagrun for example_branch_dop_operator_v3 to 2023-10-03T08:07:00+00:00, run_after=2023-10-03T08:08:00+00:00
[2023-10-03T08:08:59.772+0000] {processor.py:179} INFO - Processing /home/airflow/.local/lib/python3.8/site-packages/airflow/example_dags/example_branch_python_dop_operator_3.py took 0.035 seconds
[2023-10-03T08:09:30.301+0000] {processor.py:157} INFO - Started process (PID=1465) to work on /home/airflow/.local/lib/python3.8/site-packages/airflow/example_dags/example_branch_python_dop_operator_3.py
[2023-10-03T08:09:30.302+0000] {processor.py:829} INFO - Processing file /home/airflow/.local/lib/python3.8/site-packages/airflow/example_dags/example_branch_python_dop_operator_3.py for tasks to queue
[2023-10-03T08:09:30.303+0000] {logging_mixin.py:151} INFO - [2023-10-03T08:09:30.303+0000] {dagbag.py:539} INFO - Filling up the DagBag from /home/airflow/.local/lib/python3.8/site-packages/airflow/example_dags/example_branch_python_dop_operator_3.py
[2023-10-03T08:09:30.309+0000] {processor.py:839} INFO - DAG(s) dict_keys(['example_branch_dop_operator_v3']) retrieved from /home/airflow/.local/lib/python3.8/site-packages/airflow/example_dags/example_branch_python_dop_operator_3.py
[2023-10-03T08:09:30.320+0000] {logging_mixin.py:151} INFO - [2023-10-03T08:09:30.319+0000] {dag.py:2915} INFO - Sync 1 DAGs
[2023-10-03T08:09:30.333+0000] {logging_mixin.py:151} INFO - [2023-10-03T08:09:30.333+0000] {dag.py:3696} INFO - Setting next_dagrun for example_branch_dop_operator_v3 to 2023-10-03T08:08:00+00:00, run_after=2023-10-03T08:09:00+00:00
[2023-10-03T08:09:30.340+0000] {processor.py:179} INFO - Processing /home/airflow/.local/lib/python3.8/site-packages/airflow/example_dags/example_branch_python_dop_operator_3.py took 0.041 seconds
[2023-10-03T08:10:00.812+0000] {processor.py:157} INFO - Started process (PID=1524) to work on /home/airflow/.local/lib/python3.8/site-packages/airflow/example_dags/example_branch_python_dop_operator_3.py
[2023-10-03T08:10:00.813+0000] {processor.py:829} INFO - Processing file /home/airflow/.local/lib/python3.8/site-packages/airflow/example_dags/example_branch_python_dop_operator_3.py for tasks to queue
[2023-10-03T08:10:00.814+0000] {logging_mixin.py:151} INFO - [2023-10-03T08:10:00.814+0000] {dagbag.py:539} INFO - Filling up the DagBag from /home/airflow/.local/lib/python3.8/site-packages/airflow/example_dags/example_branch_python_dop_operator_3.py
[2023-10-03T08:10:00.819+0000] {processor.py:839} INFO - DAG(s) dict_keys(['example_branch_dop_operator_v3']) retrieved from /home/airflow/.local/lib/python3.8/site-packages/airflow/example_dags/example_branch_python_dop_operator_3.py
[2023-10-03T08:10:00.826+0000] {logging_mixin.py:151} INFO - [2023-10-03T08:10:00.826+0000] {dag.py:2915} INFO - Sync 1 DAGs
[2023-10-03T08:10:00.839+0000] {logging_mixin.py:151} INFO - [2023-10-03T08:10:00.839+0000] {dag.py:3696} INFO - Setting next_dagrun for example_branch_dop_operator_v3 to 2023-10-03T08:09:00+00:00, run_after=2023-10-03T08:10:00+00:00
[2023-10-03T08:10:00.847+0000] {processor.py:179} INFO - Processing /home/airflow/.local/lib/python3.8/site-packages/airflow/example_dags/example_branch_python_dop_operator_3.py took 0.037 seconds
[2023-10-03T08:10:31.785+0000] {processor.py:157} INFO - Started process (PID=1583) to work on /home/airflow/.local/lib/python3.8/site-packages/airflow/example_dags/example_branch_python_dop_operator_3.py
[2023-10-03T08:10:31.786+0000] {processor.py:829} INFO - Processing file /home/airflow/.local/lib/python3.8/site-packages/airflow/example_dags/example_branch_python_dop_operator_3.py for tasks to queue
[2023-10-03T08:10:31.787+0000] {logging_mixin.py:151} INFO - [2023-10-03T08:10:31.787+0000] {dagbag.py:539} INFO - Filling up the DagBag from /home/airflow/.local/lib/python3.8/site-packages/airflow/example_dags/example_branch_python_dop_operator_3.py
[2023-10-03T08:10:31.792+0000] {processor.py:839} INFO - DAG(s) dict_keys(['example_branch_dop_operator_v3']) retrieved from /home/airflow/.local/lib/python3.8/site-packages/airflow/example_dags/example_branch_python_dop_operator_3.py
[2023-10-03T08:10:31.803+0000] {logging_mixin.py:151} INFO - [2023-10-03T08:10:31.803+0000] {dag.py:2915} INFO - Sync 1 DAGs
[2023-10-03T08:10:31.815+0000] {logging_mixin.py:151} INFO - [2023-10-03T08:10:31.815+0000] {dag.py:3696} INFO - Setting next_dagrun for example_branch_dop_operator_v3 to 2023-10-03T08:09:00+00:00, run_after=2023-10-03T08:10:00+00:00
[2023-10-03T08:10:31.822+0000] {processor.py:179} INFO - Processing /home/airflow/.local/lib/python3.8/site-packages/airflow/example_dags/example_branch_python_dop_operator_3.py took 0.039 seconds
[2023-10-03T08:11:02.288+0000] {processor.py:157} INFO - Started process (PID=1642) to work on /home/airflow/.local/lib/python3.8/site-packages/airflow/example_dags/example_branch_python_dop_operator_3.py
[2023-10-03T08:11:02.289+0000] {processor.py:829} INFO - Processing file /home/airflow/.local/lib/python3.8/site-packages/airflow/example_dags/example_branch_python_dop_operator_3.py for tasks to queue
[2023-10-03T08:11:02.290+0000] {logging_mixin.py:151} INFO - [2023-10-03T08:11:02.290+0000] {dagbag.py:539} INFO - Filling up the DagBag from /home/airflow/.local/lib/python3.8/site-packages/airflow/example_dags/example_branch_python_dop_operator_3.py
[2023-10-03T08:11:02.295+0000] {processor.py:839} INFO - DAG(s) dict_keys(['example_branch_dop_operator_v3']) retrieved from /home/airflow/.local/lib/python3.8/site-packages/airflow/example_dags/example_branch_python_dop_operator_3.py
[2023-10-03T08:11:02.305+0000] {logging_mixin.py:151} INFO - [2023-10-03T08:11:02.305+0000] {dag.py:2915} INFO - Sync 1 DAGs
[2023-10-03T08:11:02.317+0000] {logging_mixin.py:151} INFO - [2023-10-03T08:11:02.317+0000] {dag.py:3696} INFO - Setting next_dagrun for example_branch_dop_operator_v3 to 2023-10-03T08:10:00+00:00, run_after=2023-10-03T08:11:00+00:00
[2023-10-03T08:11:02.325+0000] {processor.py:179} INFO - Processing /home/airflow/.local/lib/python3.8/site-packages/airflow/example_dags/example_branch_python_dop_operator_3.py took 0.038 seconds
[2023-10-03T08:11:32.575+0000] {processor.py:157} INFO - Started process (PID=1701) to work on /home/airflow/.local/lib/python3.8/site-packages/airflow/example_dags/example_branch_python_dop_operator_3.py
[2023-10-03T08:11:32.576+0000] {processor.py:829} INFO - Processing file /home/airflow/.local/lib/python3.8/site-packages/airflow/example_dags/example_branch_python_dop_operator_3.py for tasks to queue
[2023-10-03T08:11:32.577+0000] {logging_mixin.py:151} INFO - [2023-10-03T08:11:32.576+0000] {dagbag.py:539} INFO - Filling up the DagBag from /home/airflow/.local/lib/python3.8/site-packages/airflow/example_dags/example_branch_python_dop_operator_3.py
[2023-10-03T08:11:32.581+0000] {processor.py:839} INFO - DAG(s) dict_keys(['example_branch_dop_operator_v3']) retrieved from /home/airflow/.local/lib/python3.8/site-packages/airflow/example_dags/example_branch_python_dop_operator_3.py
[2023-10-03T08:11:32.591+0000] {logging_mixin.py:151} INFO - [2023-10-03T08:11:32.591+0000] {dag.py:2915} INFO - Sync 1 DAGs
[2023-10-03T08:11:32.602+0000] {logging_mixin.py:151} INFO - [2023-10-03T08:11:32.602+0000] {dag.py:3696} INFO - Setting next_dagrun for example_branch_dop_operator_v3 to 2023-10-03T08:10:00+00:00, run_after=2023-10-03T08:11:00+00:00
[2023-10-03T08:11:32.610+0000] {processor.py:179} INFO - Processing /home/airflow/.local/lib/python3.8/site-packages/airflow/example_dags/example_branch_python_dop_operator_3.py took 0.037 seconds
[2023-10-03T08:12:03.194+0000] {processor.py:157} INFO - Started process (PID=1760) to work on /home/airflow/.local/lib/python3.8/site-packages/airflow/example_dags/example_branch_python_dop_operator_3.py
[2023-10-03T08:12:03.195+0000] {processor.py:829} INFO - Processing file /home/airflow/.local/lib/python3.8/site-packages/airflow/example_dags/example_branch_python_dop_operator_3.py for tasks to queue
[2023-10-03T08:12:03.196+0000] {logging_mixin.py:151} INFO - [2023-10-03T08:12:03.196+0000] {dagbag.py:539} INFO - Filling up the DagBag from /home/airflow/.local/lib/python3.8/site-packages/airflow/example_dags/example_branch_python_dop_operator_3.py
[2023-10-03T08:12:03.201+0000] {processor.py:839} INFO - DAG(s) dict_keys(['example_branch_dop_operator_v3']) retrieved from /home/airflow/.local/lib/python3.8/site-packages/airflow/example_dags/example_branch_python_dop_operator_3.py
[2023-10-03T08:12:03.212+0000] {logging_mixin.py:151} INFO - [2023-10-03T08:12:03.211+0000] {dag.py:2915} INFO - Sync 1 DAGs
[2023-10-03T08:12:03.223+0000] {logging_mixin.py:151} INFO - [2023-10-03T08:12:03.223+0000] {dag.py:3696} INFO - Setting next_dagrun for example_branch_dop_operator_v3 to 2023-10-03T08:11:00+00:00, run_after=2023-10-03T08:12:00+00:00
[2023-10-03T08:12:03.231+0000] {processor.py:179} INFO - Processing /home/airflow/.local/lib/python3.8/site-packages/airflow/example_dags/example_branch_python_dop_operator_3.py took 0.038 seconds
[2023-10-03T08:12:33.408+0000] {processor.py:157} INFO - Started process (PID=1821) to work on /home/airflow/.local/lib/python3.8/site-packages/airflow/example_dags/example_branch_python_dop_operator_3.py
[2023-10-03T08:12:33.409+0000] {processor.py:829} INFO - Processing file /home/airflow/.local/lib/python3.8/site-packages/airflow/example_dags/example_branch_python_dop_operator_3.py for tasks to queue
[2023-10-03T08:12:33.411+0000] {logging_mixin.py:151} INFO - [2023-10-03T08:12:33.411+0000] {dagbag.py:539} INFO - Filling up the DagBag from /home/airflow/.local/lib/python3.8/site-packages/airflow/example_dags/example_branch_python_dop_operator_3.py
[2023-10-03T08:12:33.418+0000] {processor.py:839} INFO - DAG(s) dict_keys(['example_branch_dop_operator_v3']) retrieved from /home/airflow/.local/lib/python3.8/site-packages/airflow/example_dags/example_branch_python_dop_operator_3.py
[2023-10-03T08:12:33.436+0000] {logging_mixin.py:151} INFO - [2023-10-03T08:12:33.435+0000] {dag.py:2915} INFO - Sync 1 DAGs
[2023-10-03T08:12:33.448+0000] {logging_mixin.py:151} INFO - [2023-10-03T08:12:33.448+0000] {dag.py:3696} INFO - Setting next_dagrun for example_branch_dop_operator_v3 to 2023-10-03T08:11:00+00:00, run_after=2023-10-03T08:12:00+00:00
[2023-10-03T08:12:33.458+0000] {processor.py:179} INFO - Processing /home/airflow/.local/lib/python3.8/site-packages/airflow/example_dags/example_branch_python_dop_operator_3.py took 0.054 seconds
[2023-10-03T08:13:37.325+0000] {processor.py:157} INFO - Started process (PID=50) to work on /home/airflow/.local/lib/python3.8/site-packages/airflow/example_dags/example_branch_python_dop_operator_3.py
[2023-10-03T08:13:37.326+0000] {processor.py:829} INFO - Processing file /home/airflow/.local/lib/python3.8/site-packages/airflow/example_dags/example_branch_python_dop_operator_3.py for tasks to queue
[2023-10-03T08:13:37.329+0000] {logging_mixin.py:151} INFO - [2023-10-03T08:13:37.328+0000] {dagbag.py:539} INFO - Filling up the DagBag from /home/airflow/.local/lib/python3.8/site-packages/airflow/example_dags/example_branch_python_dop_operator_3.py
[2023-10-03T08:13:37.366+0000] {processor.py:839} INFO - DAG(s) dict_keys(['example_branch_dop_operator_v3']) retrieved from /home/airflow/.local/lib/python3.8/site-packages/airflow/example_dags/example_branch_python_dop_operator_3.py
[2023-10-03T08:13:37.383+0000] {logging_mixin.py:151} INFO - [2023-10-03T08:13:37.383+0000] {dag.py:2915} INFO - Sync 1 DAGs
[2023-10-03T08:13:37.447+0000] {logging_mixin.py:151} INFO - [2023-10-03T08:13:37.447+0000] {dag.py:3696} INFO - Setting next_dagrun for example_branch_dop_operator_v3 to 2023-10-03T08:12:00+00:00, run_after=2023-10-03T08:13:00+00:00
[2023-10-03T08:13:37.462+0000] {processor.py:179} INFO - Processing /home/airflow/.local/lib/python3.8/site-packages/airflow/example_dags/example_branch_python_dop_operator_3.py took 0.140 seconds
[2023-10-03T08:14:08.669+0000] {processor.py:157} INFO - Started process (PID=110) to work on /home/airflow/.local/lib/python3.8/site-packages/airflow/example_dags/example_branch_python_dop_operator_3.py
[2023-10-03T08:14:08.670+0000] {processor.py:829} INFO - Processing file /home/airflow/.local/lib/python3.8/site-packages/airflow/example_dags/example_branch_python_dop_operator_3.py for tasks to queue
[2023-10-03T08:14:08.671+0000] {logging_mixin.py:151} INFO - [2023-10-03T08:14:08.671+0000] {dagbag.py:539} INFO - Filling up the DagBag from /home/airflow/.local/lib/python3.8/site-packages/airflow/example_dags/example_branch_python_dop_operator_3.py
[2023-10-03T08:14:08.676+0000] {processor.py:839} INFO - DAG(s) dict_keys(['example_branch_dop_operator_v3']) retrieved from /home/airflow/.local/lib/python3.8/site-packages/airflow/example_dags/example_branch_python_dop_operator_3.py
[2023-10-03T08:14:08.687+0000] {logging_mixin.py:151} INFO - [2023-10-03T08:14:08.686+0000] {dag.py:2915} INFO - Sync 1 DAGs
[2023-10-03T08:14:08.699+0000] {logging_mixin.py:151} INFO - [2023-10-03T08:14:08.699+0000] {dag.py:3696} INFO - Setting next_dagrun for example_branch_dop_operator_v3 to 2023-10-03T08:13:00+00:00, run_after=2023-10-03T08:14:00+00:00
[2023-10-03T08:14:08.706+0000] {processor.py:179} INFO - Processing /home/airflow/.local/lib/python3.8/site-packages/airflow/example_dags/example_branch_python_dop_operator_3.py took 0.039 seconds
[2023-10-03T08:14:39.451+0000] {processor.py:157} INFO - Started process (PID=170) to work on /home/airflow/.local/lib/python3.8/site-packages/airflow/example_dags/example_branch_python_dop_operator_3.py
[2023-10-03T08:14:39.452+0000] {processor.py:829} INFO - Processing file /home/airflow/.local/lib/python3.8/site-packages/airflow/example_dags/example_branch_python_dop_operator_3.py for tasks to queue
[2023-10-03T08:14:39.453+0000] {logging_mixin.py:151} INFO - [2023-10-03T08:14:39.453+0000] {dagbag.py:539} INFO - Filling up the DagBag from /home/airflow/.local/lib/python3.8/site-packages/airflow/example_dags/example_branch_python_dop_operator_3.py
[2023-10-03T08:14:39.458+0000] {processor.py:839} INFO - DAG(s) dict_keys(['example_branch_dop_operator_v3']) retrieved from /home/airflow/.local/lib/python3.8/site-packages/airflow/example_dags/example_branch_python_dop_operator_3.py
[2023-10-03T08:14:39.468+0000] {logging_mixin.py:151} INFO - [2023-10-03T08:14:39.468+0000] {dag.py:2915} INFO - Sync 1 DAGs
[2023-10-03T08:14:39.479+0000] {logging_mixin.py:151} INFO - [2023-10-03T08:14:39.479+0000] {dag.py:3696} INFO - Setting next_dagrun for example_branch_dop_operator_v3 to 2023-10-03T08:13:00+00:00, run_after=2023-10-03T08:14:00+00:00
[2023-10-03T08:14:39.488+0000] {processor.py:179} INFO - Processing /home/airflow/.local/lib/python3.8/site-packages/airflow/example_dags/example_branch_python_dop_operator_3.py took 0.039 seconds
[2023-10-03T08:15:10.426+0000] {processor.py:157} INFO - Started process (PID=230) to work on /home/airflow/.local/lib/python3.8/site-packages/airflow/example_dags/example_branch_python_dop_operator_3.py
[2023-10-03T08:15:10.427+0000] {processor.py:829} INFO - Processing file /home/airflow/.local/lib/python3.8/site-packages/airflow/example_dags/example_branch_python_dop_operator_3.py for tasks to queue
[2023-10-03T08:15:10.428+0000] {logging_mixin.py:151} INFO - [2023-10-03T08:15:10.428+0000] {dagbag.py:539} INFO - Filling up the DagBag from /home/airflow/.local/lib/python3.8/site-packages/airflow/example_dags/example_branch_python_dop_operator_3.py
[2023-10-03T08:15:10.433+0000] {processor.py:839} INFO - DAG(s) dict_keys(['example_branch_dop_operator_v3']) retrieved from /home/airflow/.local/lib/python3.8/site-packages/airflow/example_dags/example_branch_python_dop_operator_3.py
[2023-10-03T08:15:10.444+0000] {logging_mixin.py:151} INFO - [2023-10-03T08:15:10.444+0000] {dag.py:2915} INFO - Sync 1 DAGs
[2023-10-03T08:15:10.458+0000] {logging_mixin.py:151} INFO - [2023-10-03T08:15:10.458+0000] {dag.py:3696} INFO - Setting next_dagrun for example_branch_dop_operator_v3 to 2023-10-03T08:14:00+00:00, run_after=2023-10-03T08:15:00+00:00
[2023-10-03T08:15:10.467+0000] {processor.py:179} INFO - Processing /home/airflow/.local/lib/python3.8/site-packages/airflow/example_dags/example_branch_python_dop_operator_3.py took 0.043 seconds
[2023-10-03T08:15:40.852+0000] {processor.py:157} INFO - Started process (PID=291) to work on /home/airflow/.local/lib/python3.8/site-packages/airflow/example_dags/example_branch_python_dop_operator_3.py
[2023-10-03T08:15:40.852+0000] {processor.py:829} INFO - Processing file /home/airflow/.local/lib/python3.8/site-packages/airflow/example_dags/example_branch_python_dop_operator_3.py for tasks to queue
[2023-10-03T08:15:40.854+0000] {logging_mixin.py:151} INFO - [2023-10-03T08:15:40.854+0000] {dagbag.py:539} INFO - Filling up the DagBag from /home/airflow/.local/lib/python3.8/site-packages/airflow/example_dags/example_branch_python_dop_operator_3.py
[2023-10-03T08:15:40.859+0000] {processor.py:839} INFO - DAG(s) dict_keys(['example_branch_dop_operator_v3']) retrieved from /home/airflow/.local/lib/python3.8/site-packages/airflow/example_dags/example_branch_python_dop_operator_3.py
[2023-10-03T08:15:40.869+0000] {logging_mixin.py:151} INFO - [2023-10-03T08:15:40.869+0000] {dag.py:2915} INFO - Sync 1 DAGs
[2023-10-03T08:15:40.881+0000] {logging_mixin.py:151} INFO - [2023-10-03T08:15:40.881+0000] {dag.py:3696} INFO - Setting next_dagrun for example_branch_dop_operator_v3 to 2023-10-03T08:14:00+00:00, run_after=2023-10-03T08:15:00+00:00
[2023-10-03T08:15:40.888+0000] {processor.py:179} INFO - Processing /home/airflow/.local/lib/python3.8/site-packages/airflow/example_dags/example_branch_python_dop_operator_3.py took 0.039 seconds
[2023-10-03T08:16:11.258+0000] {processor.py:157} INFO - Started process (PID=351) to work on /home/airflow/.local/lib/python3.8/site-packages/airflow/example_dags/example_branch_python_dop_operator_3.py
[2023-10-03T08:16:11.259+0000] {processor.py:829} INFO - Processing file /home/airflow/.local/lib/python3.8/site-packages/airflow/example_dags/example_branch_python_dop_operator_3.py for tasks to queue
[2023-10-03T08:16:11.260+0000] {logging_mixin.py:151} INFO - [2023-10-03T08:16:11.260+0000] {dagbag.py:539} INFO - Filling up the DagBag from /home/airflow/.local/lib/python3.8/site-packages/airflow/example_dags/example_branch_python_dop_operator_3.py
[2023-10-03T08:16:11.265+0000] {processor.py:839} INFO - DAG(s) dict_keys(['example_branch_dop_operator_v3']) retrieved from /home/airflow/.local/lib/python3.8/site-packages/airflow/example_dags/example_branch_python_dop_operator_3.py
[2023-10-03T08:16:11.276+0000] {logging_mixin.py:151} INFO - [2023-10-03T08:16:11.276+0000] {dag.py:2915} INFO - Sync 1 DAGs
[2023-10-03T08:16:11.288+0000] {logging_mixin.py:151} INFO - [2023-10-03T08:16:11.288+0000] {dag.py:3696} INFO - Setting next_dagrun for example_branch_dop_operator_v3 to 2023-10-03T08:15:00+00:00, run_after=2023-10-03T08:16:00+00:00
[2023-10-03T08:16:11.295+0000] {processor.py:179} INFO - Processing /home/airflow/.local/lib/python3.8/site-packages/airflow/example_dags/example_branch_python_dop_operator_3.py took 0.039 seconds
[2023-10-03T08:16:41.812+0000] {processor.py:157} INFO - Started process (PID=411) to work on /home/airflow/.local/lib/python3.8/site-packages/airflow/example_dags/example_branch_python_dop_operator_3.py
[2023-10-03T08:16:41.813+0000] {processor.py:829} INFO - Processing file /home/airflow/.local/lib/python3.8/site-packages/airflow/example_dags/example_branch_python_dop_operator_3.py for tasks to queue
[2023-10-03T08:16:41.814+0000] {logging_mixin.py:151} INFO - [2023-10-03T08:16:41.814+0000] {dagbag.py:539} INFO - Filling up the DagBag from /home/airflow/.local/lib/python3.8/site-packages/airflow/example_dags/example_branch_python_dop_operator_3.py
[2023-10-03T08:16:41.819+0000] {processor.py:839} INFO - DAG(s) dict_keys(['example_branch_dop_operator_v3']) retrieved from /home/airflow/.local/lib/python3.8/site-packages/airflow/example_dags/example_branch_python_dop_operator_3.py
[2023-10-03T08:16:41.829+0000] {logging_mixin.py:151} INFO - [2023-10-03T08:16:41.829+0000] {dag.py:2915} INFO - Sync 1 DAGs
[2023-10-03T08:16:41.842+0000] {logging_mixin.py:151} INFO - [2023-10-03T08:16:41.842+0000] {dag.py:3696} INFO - Setting next_dagrun for example_branch_dop_operator_v3 to 2023-10-03T08:15:00+00:00, run_after=2023-10-03T08:16:00+00:00
[2023-10-03T08:16:41.850+0000] {processor.py:179} INFO - Processing /home/airflow/.local/lib/python3.8/site-packages/airflow/example_dags/example_branch_python_dop_operator_3.py took 0.040 seconds
[2023-10-03T08:17:12.247+0000] {processor.py:157} INFO - Started process (PID=471) to work on /home/airflow/.local/lib/python3.8/site-packages/airflow/example_dags/example_branch_python_dop_operator_3.py
[2023-10-03T08:17:12.247+0000] {processor.py:829} INFO - Processing file /home/airflow/.local/lib/python3.8/site-packages/airflow/example_dags/example_branch_python_dop_operator_3.py for tasks to queue
[2023-10-03T08:17:12.249+0000] {logging_mixin.py:151} INFO - [2023-10-03T08:17:12.249+0000] {dagbag.py:539} INFO - Filling up the DagBag from /home/airflow/.local/lib/python3.8/site-packages/airflow/example_dags/example_branch_python_dop_operator_3.py
[2023-10-03T08:17:12.254+0000] {processor.py:839} INFO - DAG(s) dict_keys(['example_branch_dop_operator_v3']) retrieved from /home/airflow/.local/lib/python3.8/site-packages/airflow/example_dags/example_branch_python_dop_operator_3.py
[2023-10-03T08:17:12.263+0000] {logging_mixin.py:151} INFO - [2023-10-03T08:17:12.263+0000] {dag.py:2915} INFO - Sync 1 DAGs
[2023-10-03T08:17:12.275+0000] {logging_mixin.py:151} INFO - [2023-10-03T08:17:12.275+0000] {dag.py:3696} INFO - Setting next_dagrun for example_branch_dop_operator_v3 to 2023-10-03T08:16:00+00:00, run_after=2023-10-03T08:17:00+00:00
[2023-10-03T08:17:12.283+0000] {processor.py:179} INFO - Processing /home/airflow/.local/lib/python3.8/site-packages/airflow/example_dags/example_branch_python_dop_operator_3.py took 0.038 seconds
