[2023-10-03T07:43:58.168+0000] {processor.py:157} INFO - Started process (PID=72) to work on /home/airflow/.local/lib/python3.8/site-packages/airflow/example_dags/example_task_group.py
[2023-10-03T07:43:58.171+0000] {processor.py:829} INFO - Processing file /home/airflow/.local/lib/python3.8/site-packages/airflow/example_dags/example_task_group.py for tasks to queue
[2023-10-03T07:43:58.175+0000] {logging_mixin.py:151} INFO - [2023-10-03T07:43:58.175+0000] {dagbag.py:539} INFO - Filling up the DagBag from /home/airflow/.local/lib/python3.8/site-packages/airflow/example_dags/example_task_group.py
[2023-10-03T07:43:58.186+0000] {processor.py:839} INFO - DAG(s) dict_keys(['example_task_group']) retrieved from /home/airflow/.local/lib/python3.8/site-packages/airflow/example_dags/example_task_group.py
[2023-10-03T07:43:58.219+0000] {logging_mixin.py:151} INFO - [2023-10-03T07:43:58.219+0000] {dag.py:2915} INFO - Sync 1 DAGs
[2023-10-03T07:43:58.258+0000] {logging_mixin.py:151} INFO - [2023-10-03T07:43:58.258+0000] {dag.py:3696} INFO - Setting next_dagrun for example_task_group to 2023-10-02T07:43:58.257072+00:00, run_after=2023-10-03T07:43:58.257072+00:00
[2023-10-03T07:43:58.286+0000] {processor.py:179} INFO - Processing /home/airflow/.local/lib/python3.8/site-packages/airflow/example_dags/example_task_group.py took 0.145 seconds
[2023-10-03T07:44:29.283+0000] {processor.py:157} INFO - Started process (PID=131) to work on /home/airflow/.local/lib/python3.8/site-packages/airflow/example_dags/example_task_group.py
[2023-10-03T07:44:29.285+0000] {processor.py:829} INFO - Processing file /home/airflow/.local/lib/python3.8/site-packages/airflow/example_dags/example_task_group.py for tasks to queue
[2023-10-03T07:44:29.287+0000] {logging_mixin.py:151} INFO - [2023-10-03T07:44:29.287+0000] {dagbag.py:539} INFO - Filling up the DagBag from /home/airflow/.local/lib/python3.8/site-packages/airflow/example_dags/example_task_group.py
[2023-10-03T07:44:29.295+0000] {processor.py:839} INFO - DAG(s) dict_keys(['example_task_group']) retrieved from /home/airflow/.local/lib/python3.8/site-packages/airflow/example_dags/example_task_group.py
[2023-10-03T07:44:29.310+0000] {logging_mixin.py:151} INFO - [2023-10-03T07:44:29.310+0000] {dag.py:2915} INFO - Sync 1 DAGs
[2023-10-03T07:44:29.322+0000] {logging_mixin.py:151} INFO - [2023-10-03T07:44:29.322+0000] {dag.py:3696} INFO - Setting next_dagrun for example_task_group to 2023-10-02T07:44:29.322313+00:00, run_after=2023-10-03T07:44:29.322313+00:00
[2023-10-03T07:44:29.330+0000] {processor.py:179} INFO - Processing /home/airflow/.local/lib/python3.8/site-packages/airflow/example_dags/example_task_group.py took 0.053 seconds
[2023-10-03T07:44:59.499+0000] {processor.py:157} INFO - Started process (PID=190) to work on /home/airflow/.local/lib/python3.8/site-packages/airflow/example_dags/example_task_group.py
[2023-10-03T07:44:59.501+0000] {processor.py:829} INFO - Processing file /home/airflow/.local/lib/python3.8/site-packages/airflow/example_dags/example_task_group.py for tasks to queue
[2023-10-03T07:44:59.504+0000] {logging_mixin.py:151} INFO - [2023-10-03T07:44:59.504+0000] {dagbag.py:539} INFO - Filling up the DagBag from /home/airflow/.local/lib/python3.8/site-packages/airflow/example_dags/example_task_group.py
[2023-10-03T07:44:59.515+0000] {processor.py:839} INFO - DAG(s) dict_keys(['example_task_group']) retrieved from /home/airflow/.local/lib/python3.8/site-packages/airflow/example_dags/example_task_group.py
[2023-10-03T07:44:59.538+0000] {logging_mixin.py:151} INFO - [2023-10-03T07:44:59.538+0000] {dag.py:2915} INFO - Sync 1 DAGs
[2023-10-03T07:44:59.556+0000] {logging_mixin.py:151} INFO - [2023-10-03T07:44:59.556+0000] {dag.py:3696} INFO - Setting next_dagrun for example_task_group to 2023-10-02T07:44:59.556162+00:00, run_after=2023-10-03T07:44:59.556162+00:00
[2023-10-03T07:44:59.564+0000] {processor.py:179} INFO - Processing /home/airflow/.local/lib/python3.8/site-packages/airflow/example_dags/example_task_group.py took 0.072 seconds
[2023-10-03T07:45:30.092+0000] {processor.py:157} INFO - Started process (PID=249) to work on /home/airflow/.local/lib/python3.8/site-packages/airflow/example_dags/example_task_group.py
[2023-10-03T07:45:30.094+0000] {processor.py:829} INFO - Processing file /home/airflow/.local/lib/python3.8/site-packages/airflow/example_dags/example_task_group.py for tasks to queue
[2023-10-03T07:45:30.097+0000] {logging_mixin.py:151} INFO - [2023-10-03T07:45:30.097+0000] {dagbag.py:539} INFO - Filling up the DagBag from /home/airflow/.local/lib/python3.8/site-packages/airflow/example_dags/example_task_group.py
[2023-10-03T07:45:30.107+0000] {processor.py:839} INFO - DAG(s) dict_keys(['example_task_group']) retrieved from /home/airflow/.local/lib/python3.8/site-packages/airflow/example_dags/example_task_group.py
[2023-10-03T07:45:30.126+0000] {logging_mixin.py:151} INFO - [2023-10-03T07:45:30.126+0000] {dag.py:2915} INFO - Sync 1 DAGs
[2023-10-03T07:45:30.138+0000] {logging_mixin.py:151} INFO - [2023-10-03T07:45:30.138+0000] {dag.py:3696} INFO - Setting next_dagrun for example_task_group to 2023-10-02T07:45:30.138548+00:00, run_after=2023-10-03T07:45:30.138548+00:00
[2023-10-03T07:45:30.146+0000] {processor.py:179} INFO - Processing /home/airflow/.local/lib/python3.8/site-packages/airflow/example_dags/example_task_group.py took 0.060 seconds
[2023-10-03T07:50:27.954+0000] {processor.py:157} INFO - Started process (PID=73) to work on /home/airflow/.local/lib/python3.8/site-packages/airflow/example_dags/example_task_group.py
[2023-10-03T07:50:27.955+0000] {processor.py:829} INFO - Processing file /home/airflow/.local/lib/python3.8/site-packages/airflow/example_dags/example_task_group.py for tasks to queue
[2023-10-03T07:50:27.959+0000] {logging_mixin.py:151} INFO - [2023-10-03T07:50:27.958+0000] {dagbag.py:539} INFO - Filling up the DagBag from /home/airflow/.local/lib/python3.8/site-packages/airflow/example_dags/example_task_group.py
[2023-10-03T07:50:27.974+0000] {processor.py:839} INFO - DAG(s) dict_keys(['example_task_group']) retrieved from /home/airflow/.local/lib/python3.8/site-packages/airflow/example_dags/example_task_group.py
[2023-10-03T07:50:27.992+0000] {logging_mixin.py:151} INFO - [2023-10-03T07:50:27.992+0000] {dag.py:2915} INFO - Sync 1 DAGs
[2023-10-03T07:50:28.024+0000] {logging_mixin.py:151} INFO - [2023-10-03T07:50:28.024+0000] {dag.py:3696} INFO - Setting next_dagrun for example_task_group to 2023-10-02T07:50:28.023980+00:00, run_after=2023-10-03T07:50:28.023980+00:00
[2023-10-03T07:50:28.078+0000] {processor.py:179} INFO - Processing /home/airflow/.local/lib/python3.8/site-packages/airflow/example_dags/example_task_group.py took 0.127 seconds
[2023-10-03T07:50:58.959+0000] {processor.py:157} INFO - Started process (PID=132) to work on /home/airflow/.local/lib/python3.8/site-packages/airflow/example_dags/example_task_group.py
[2023-10-03T07:50:58.961+0000] {processor.py:829} INFO - Processing file /home/airflow/.local/lib/python3.8/site-packages/airflow/example_dags/example_task_group.py for tasks to queue
[2023-10-03T07:50:58.963+0000] {logging_mixin.py:151} INFO - [2023-10-03T07:50:58.963+0000] {dagbag.py:539} INFO - Filling up the DagBag from /home/airflow/.local/lib/python3.8/site-packages/airflow/example_dags/example_task_group.py
[2023-10-03T07:50:58.979+0000] {processor.py:839} INFO - DAG(s) dict_keys(['example_task_group']) retrieved from /home/airflow/.local/lib/python3.8/site-packages/airflow/example_dags/example_task_group.py
[2023-10-03T07:50:59.010+0000] {logging_mixin.py:151} INFO - [2023-10-03T07:50:59.010+0000] {dag.py:2915} INFO - Sync 1 DAGs
[2023-10-03T07:50:59.025+0000] {logging_mixin.py:151} INFO - [2023-10-03T07:50:59.025+0000] {dag.py:3696} INFO - Setting next_dagrun for example_task_group to 2023-10-02T07:50:59.025127+00:00, run_after=2023-10-03T07:50:59.025127+00:00
[2023-10-03T07:50:59.034+0000] {processor.py:179} INFO - Processing /home/airflow/.local/lib/python3.8/site-packages/airflow/example_dags/example_task_group.py took 0.081 seconds
[2023-10-03T07:51:29.690+0000] {processor.py:157} INFO - Started process (PID=191) to work on /home/airflow/.local/lib/python3.8/site-packages/airflow/example_dags/example_task_group.py
[2023-10-03T07:51:29.692+0000] {processor.py:829} INFO - Processing file /home/airflow/.local/lib/python3.8/site-packages/airflow/example_dags/example_task_group.py for tasks to queue
[2023-10-03T07:51:29.695+0000] {logging_mixin.py:151} INFO - [2023-10-03T07:51:29.694+0000] {dagbag.py:539} INFO - Filling up the DagBag from /home/airflow/.local/lib/python3.8/site-packages/airflow/example_dags/example_task_group.py
[2023-10-03T07:51:29.704+0000] {processor.py:839} INFO - DAG(s) dict_keys(['example_task_group']) retrieved from /home/airflow/.local/lib/python3.8/site-packages/airflow/example_dags/example_task_group.py
[2023-10-03T07:51:29.723+0000] {logging_mixin.py:151} INFO - [2023-10-03T07:51:29.723+0000] {dag.py:2915} INFO - Sync 1 DAGs
[2023-10-03T07:51:29.739+0000] {logging_mixin.py:151} INFO - [2023-10-03T07:51:29.739+0000] {dag.py:3696} INFO - Setting next_dagrun for example_task_group to 2023-10-02T07:51:29.738990+00:00, run_after=2023-10-03T07:51:29.738990+00:00
[2023-10-03T07:51:29.749+0000] {processor.py:179} INFO - Processing /home/airflow/.local/lib/python3.8/site-packages/airflow/example_dags/example_task_group.py took 0.063 seconds
[2023-10-03T07:57:15.521+0000] {processor.py:157} INFO - Started process (PID=73) to work on /home/airflow/.local/lib/python3.8/site-packages/airflow/example_dags/example_task_group.py
[2023-10-03T07:57:15.521+0000] {processor.py:829} INFO - Processing file /home/airflow/.local/lib/python3.8/site-packages/airflow/example_dags/example_task_group.py for tasks to queue
[2023-10-03T07:57:15.522+0000] {logging_mixin.py:151} INFO - [2023-10-03T07:57:15.522+0000] {dagbag.py:539} INFO - Filling up the DagBag from /home/airflow/.local/lib/python3.8/site-packages/airflow/example_dags/example_task_group.py
[2023-10-03T07:57:15.528+0000] {processor.py:839} INFO - DAG(s) dict_keys(['example_task_group']) retrieved from /home/airflow/.local/lib/python3.8/site-packages/airflow/example_dags/example_task_group.py
[2023-10-03T07:57:15.536+0000] {logging_mixin.py:151} INFO - [2023-10-03T07:57:15.536+0000] {dag.py:2915} INFO - Sync 1 DAGs
[2023-10-03T07:57:15.556+0000] {logging_mixin.py:151} INFO - [2023-10-03T07:57:15.556+0000] {dag.py:3696} INFO - Setting next_dagrun for example_task_group to 2023-10-02T07:57:15.556554+00:00, run_after=2023-10-03T07:57:15.556554+00:00
[2023-10-03T07:57:15.567+0000] {processor.py:179} INFO - Processing /home/airflow/.local/lib/python3.8/site-packages/airflow/example_dags/example_task_group.py took 0.048 seconds
[2023-10-03T07:57:45.981+0000] {processor.py:157} INFO - Started process (PID=132) to work on /home/airflow/.local/lib/python3.8/site-packages/airflow/example_dags/example_task_group.py
[2023-10-03T07:57:45.982+0000] {processor.py:829} INFO - Processing file /home/airflow/.local/lib/python3.8/site-packages/airflow/example_dags/example_task_group.py for tasks to queue
[2023-10-03T07:57:45.984+0000] {logging_mixin.py:151} INFO - [2023-10-03T07:57:45.984+0000] {dagbag.py:539} INFO - Filling up the DagBag from /home/airflow/.local/lib/python3.8/site-packages/airflow/example_dags/example_task_group.py
[2023-10-03T07:57:45.988+0000] {processor.py:839} INFO - DAG(s) dict_keys(['example_task_group']) retrieved from /home/airflow/.local/lib/python3.8/site-packages/airflow/example_dags/example_task_group.py
[2023-10-03T07:57:45.999+0000] {logging_mixin.py:151} INFO - [2023-10-03T07:57:45.999+0000] {dag.py:2915} INFO - Sync 1 DAGs
[2023-10-03T07:57:46.009+0000] {logging_mixin.py:151} INFO - [2023-10-03T07:57:46.009+0000] {dag.py:3696} INFO - Setting next_dagrun for example_task_group to 2023-10-02T07:57:46.009000+00:00, run_after=2023-10-03T07:57:46.009000+00:00
[2023-10-03T07:57:46.016+0000] {processor.py:179} INFO - Processing /home/airflow/.local/lib/python3.8/site-packages/airflow/example_dags/example_task_group.py took 0.037 seconds
[2023-10-03T07:58:16.260+0000] {processor.py:157} INFO - Started process (PID=191) to work on /home/airflow/.local/lib/python3.8/site-packages/airflow/example_dags/example_task_group.py
[2023-10-03T07:58:16.261+0000] {processor.py:829} INFO - Processing file /home/airflow/.local/lib/python3.8/site-packages/airflow/example_dags/example_task_group.py for tasks to queue
[2023-10-03T07:58:16.262+0000] {logging_mixin.py:151} INFO - [2023-10-03T07:58:16.262+0000] {dagbag.py:539} INFO - Filling up the DagBag from /home/airflow/.local/lib/python3.8/site-packages/airflow/example_dags/example_task_group.py
[2023-10-03T07:58:16.266+0000] {processor.py:839} INFO - DAG(s) dict_keys(['example_task_group']) retrieved from /home/airflow/.local/lib/python3.8/site-packages/airflow/example_dags/example_task_group.py
[2023-10-03T07:58:16.277+0000] {logging_mixin.py:151} INFO - [2023-10-03T07:58:16.277+0000] {dag.py:2915} INFO - Sync 1 DAGs
[2023-10-03T07:58:16.287+0000] {logging_mixin.py:151} INFO - [2023-10-03T07:58:16.287+0000] {dag.py:3696} INFO - Setting next_dagrun for example_task_group to 2023-10-02T07:58:16.287183+00:00, run_after=2023-10-03T07:58:16.287183+00:00
[2023-10-03T07:58:16.294+0000] {processor.py:179} INFO - Processing /home/airflow/.local/lib/python3.8/site-packages/airflow/example_dags/example_task_group.py took 0.036 seconds
[2023-10-03T07:58:46.453+0000] {processor.py:157} INFO - Started process (PID=250) to work on /home/airflow/.local/lib/python3.8/site-packages/airflow/example_dags/example_task_group.py
[2023-10-03T07:58:46.454+0000] {processor.py:829} INFO - Processing file /home/airflow/.local/lib/python3.8/site-packages/airflow/example_dags/example_task_group.py for tasks to queue
[2023-10-03T07:58:46.455+0000] {logging_mixin.py:151} INFO - [2023-10-03T07:58:46.455+0000] {dagbag.py:539} INFO - Filling up the DagBag from /home/airflow/.local/lib/python3.8/site-packages/airflow/example_dags/example_task_group.py
[2023-10-03T07:58:46.460+0000] {processor.py:839} INFO - DAG(s) dict_keys(['example_task_group']) retrieved from /home/airflow/.local/lib/python3.8/site-packages/airflow/example_dags/example_task_group.py
[2023-10-03T07:58:46.471+0000] {logging_mixin.py:151} INFO - [2023-10-03T07:58:46.471+0000] {dag.py:2915} INFO - Sync 1 DAGs
[2023-10-03T07:58:46.481+0000] {logging_mixin.py:151} INFO - [2023-10-03T07:58:46.481+0000] {dag.py:3696} INFO - Setting next_dagrun for example_task_group to 2023-10-02T07:58:46.481618+00:00, run_after=2023-10-03T07:58:46.481618+00:00
[2023-10-03T07:58:46.489+0000] {processor.py:179} INFO - Processing /home/airflow/.local/lib/python3.8/site-packages/airflow/example_dags/example_task_group.py took 0.037 seconds
[2023-10-03T07:59:17.975+0000] {processor.py:157} INFO - Started process (PID=309) to work on /home/airflow/.local/lib/python3.8/site-packages/airflow/example_dags/example_task_group.py
[2023-10-03T07:59:17.976+0000] {processor.py:829} INFO - Processing file /home/airflow/.local/lib/python3.8/site-packages/airflow/example_dags/example_task_group.py for tasks to queue
[2023-10-03T07:59:17.977+0000] {logging_mixin.py:151} INFO - [2023-10-03T07:59:17.977+0000] {dagbag.py:539} INFO - Filling up the DagBag from /home/airflow/.local/lib/python3.8/site-packages/airflow/example_dags/example_task_group.py
[2023-10-03T07:59:17.981+0000] {processor.py:839} INFO - DAG(s) dict_keys(['example_task_group']) retrieved from /home/airflow/.local/lib/python3.8/site-packages/airflow/example_dags/example_task_group.py
[2023-10-03T07:59:17.995+0000] {logging_mixin.py:151} INFO - [2023-10-03T07:59:17.995+0000] {dag.py:2915} INFO - Sync 1 DAGs
[2023-10-03T07:59:18.006+0000] {logging_mixin.py:151} INFO - [2023-10-03T07:59:18.006+0000] {dag.py:3696} INFO - Setting next_dagrun for example_task_group to 2023-10-02T07:59:18.006582+00:00, run_after=2023-10-03T07:59:18.006582+00:00
[2023-10-03T07:59:18.014+0000] {processor.py:179} INFO - Processing /home/airflow/.local/lib/python3.8/site-packages/airflow/example_dags/example_task_group.py took 0.041 seconds
[2023-10-03T07:59:48.389+0000] {processor.py:157} INFO - Started process (PID=368) to work on /home/airflow/.local/lib/python3.8/site-packages/airflow/example_dags/example_task_group.py
[2023-10-03T07:59:48.390+0000] {processor.py:829} INFO - Processing file /home/airflow/.local/lib/python3.8/site-packages/airflow/example_dags/example_task_group.py for tasks to queue
[2023-10-03T07:59:48.391+0000] {logging_mixin.py:151} INFO - [2023-10-03T07:59:48.391+0000] {dagbag.py:539} INFO - Filling up the DagBag from /home/airflow/.local/lib/python3.8/site-packages/airflow/example_dags/example_task_group.py
[2023-10-03T07:59:48.395+0000] {processor.py:839} INFO - DAG(s) dict_keys(['example_task_group']) retrieved from /home/airflow/.local/lib/python3.8/site-packages/airflow/example_dags/example_task_group.py
[2023-10-03T07:59:48.406+0000] {logging_mixin.py:151} INFO - [2023-10-03T07:59:48.406+0000] {dag.py:2915} INFO - Sync 1 DAGs
[2023-10-03T07:59:48.418+0000] {logging_mixin.py:151} INFO - [2023-10-03T07:59:48.418+0000] {dag.py:3696} INFO - Setting next_dagrun for example_task_group to 2023-10-02T07:59:48.417987+00:00, run_after=2023-10-03T07:59:48.417987+00:00
[2023-10-03T07:59:48.426+0000] {processor.py:179} INFO - Processing /home/airflow/.local/lib/python3.8/site-packages/airflow/example_dags/example_task_group.py took 0.039 seconds
[2023-10-03T08:00:19.707+0000] {processor.py:157} INFO - Started process (PID=427) to work on /home/airflow/.local/lib/python3.8/site-packages/airflow/example_dags/example_task_group.py
[2023-10-03T08:00:19.708+0000] {processor.py:829} INFO - Processing file /home/airflow/.local/lib/python3.8/site-packages/airflow/example_dags/example_task_group.py for tasks to queue
[2023-10-03T08:00:19.709+0000] {logging_mixin.py:151} INFO - [2023-10-03T08:00:19.709+0000] {dagbag.py:539} INFO - Filling up the DagBag from /home/airflow/.local/lib/python3.8/site-packages/airflow/example_dags/example_task_group.py
[2023-10-03T08:00:19.714+0000] {processor.py:839} INFO - DAG(s) dict_keys(['example_task_group']) retrieved from /home/airflow/.local/lib/python3.8/site-packages/airflow/example_dags/example_task_group.py
[2023-10-03T08:00:19.725+0000] {logging_mixin.py:151} INFO - [2023-10-03T08:00:19.725+0000] {dag.py:2915} INFO - Sync 1 DAGs
[2023-10-03T08:00:19.735+0000] {logging_mixin.py:151} INFO - [2023-10-03T08:00:19.735+0000] {dag.py:3696} INFO - Setting next_dagrun for example_task_group to 2023-10-02T08:00:19.735718+00:00, run_after=2023-10-03T08:00:19.735718+00:00
[2023-10-03T08:00:19.743+0000] {processor.py:179} INFO - Processing /home/airflow/.local/lib/python3.8/site-packages/airflow/example_dags/example_task_group.py took 0.039 seconds
[2023-10-03T08:00:50.920+0000] {processor.py:157} INFO - Started process (PID=486) to work on /home/airflow/.local/lib/python3.8/site-packages/airflow/example_dags/example_task_group.py
[2023-10-03T08:00:50.920+0000] {processor.py:829} INFO - Processing file /home/airflow/.local/lib/python3.8/site-packages/airflow/example_dags/example_task_group.py for tasks to queue
[2023-10-03T08:00:50.921+0000] {logging_mixin.py:151} INFO - [2023-10-03T08:00:50.921+0000] {dagbag.py:539} INFO - Filling up the DagBag from /home/airflow/.local/lib/python3.8/site-packages/airflow/example_dags/example_task_group.py
[2023-10-03T08:00:50.925+0000] {processor.py:839} INFO - DAG(s) dict_keys(['example_task_group']) retrieved from /home/airflow/.local/lib/python3.8/site-packages/airflow/example_dags/example_task_group.py
[2023-10-03T08:00:50.936+0000] {logging_mixin.py:151} INFO - [2023-10-03T08:00:50.936+0000] {dag.py:2915} INFO - Sync 1 DAGs
[2023-10-03T08:00:50.945+0000] {logging_mixin.py:151} INFO - [2023-10-03T08:00:50.945+0000] {dag.py:3696} INFO - Setting next_dagrun for example_task_group to 2023-10-02T08:00:50.945170+00:00, run_after=2023-10-03T08:00:50.945170+00:00
[2023-10-03T08:00:50.952+0000] {processor.py:179} INFO - Processing /home/airflow/.local/lib/python3.8/site-packages/airflow/example_dags/example_task_group.py took 0.034 seconds
[2023-10-03T08:01:21.972+0000] {processor.py:157} INFO - Started process (PID=545) to work on /home/airflow/.local/lib/python3.8/site-packages/airflow/example_dags/example_task_group.py
[2023-10-03T08:01:21.972+0000] {processor.py:829} INFO - Processing file /home/airflow/.local/lib/python3.8/site-packages/airflow/example_dags/example_task_group.py for tasks to queue
[2023-10-03T08:01:21.973+0000] {logging_mixin.py:151} INFO - [2023-10-03T08:01:21.973+0000] {dagbag.py:539} INFO - Filling up the DagBag from /home/airflow/.local/lib/python3.8/site-packages/airflow/example_dags/example_task_group.py
[2023-10-03T08:01:21.977+0000] {processor.py:839} INFO - DAG(s) dict_keys(['example_task_group']) retrieved from /home/airflow/.local/lib/python3.8/site-packages/airflow/example_dags/example_task_group.py
[2023-10-03T08:01:21.988+0000] {logging_mixin.py:151} INFO - [2023-10-03T08:01:21.988+0000] {dag.py:2915} INFO - Sync 1 DAGs
[2023-10-03T08:01:21.997+0000] {logging_mixin.py:151} INFO - [2023-10-03T08:01:21.997+0000] {dag.py:3696} INFO - Setting next_dagrun for example_task_group to 2023-10-02T08:01:21.997339+00:00, run_after=2023-10-03T08:01:21.997339+00:00
[2023-10-03T08:01:22.004+0000] {processor.py:179} INFO - Processing /home/airflow/.local/lib/python3.8/site-packages/airflow/example_dags/example_task_group.py took 0.034 seconds
[2023-10-03T08:01:53.078+0000] {processor.py:157} INFO - Started process (PID=604) to work on /home/airflow/.local/lib/python3.8/site-packages/airflow/example_dags/example_task_group.py
[2023-10-03T08:01:53.078+0000] {processor.py:829} INFO - Processing file /home/airflow/.local/lib/python3.8/site-packages/airflow/example_dags/example_task_group.py for tasks to queue
[2023-10-03T08:01:53.079+0000] {logging_mixin.py:151} INFO - [2023-10-03T08:01:53.079+0000] {dagbag.py:539} INFO - Filling up the DagBag from /home/airflow/.local/lib/python3.8/site-packages/airflow/example_dags/example_task_group.py
[2023-10-03T08:01:53.084+0000] {processor.py:839} INFO - DAG(s) dict_keys(['example_task_group']) retrieved from /home/airflow/.local/lib/python3.8/site-packages/airflow/example_dags/example_task_group.py
[2023-10-03T08:01:53.095+0000] {logging_mixin.py:151} INFO - [2023-10-03T08:01:53.095+0000] {dag.py:2915} INFO - Sync 1 DAGs
[2023-10-03T08:01:53.105+0000] {logging_mixin.py:151} INFO - [2023-10-03T08:01:53.105+0000] {dag.py:3696} INFO - Setting next_dagrun for example_task_group to 2023-10-02T08:01:53.105644+00:00, run_after=2023-10-03T08:01:53.105644+00:00
[2023-10-03T08:01:53.113+0000] {processor.py:179} INFO - Processing /home/airflow/.local/lib/python3.8/site-packages/airflow/example_dags/example_task_group.py took 0.037 seconds
[2023-10-03T08:02:23.522+0000] {processor.py:157} INFO - Started process (PID=663) to work on /home/airflow/.local/lib/python3.8/site-packages/airflow/example_dags/example_task_group.py
[2023-10-03T08:02:23.523+0000] {processor.py:829} INFO - Processing file /home/airflow/.local/lib/python3.8/site-packages/airflow/example_dags/example_task_group.py for tasks to queue
[2023-10-03T08:02:23.524+0000] {logging_mixin.py:151} INFO - [2023-10-03T08:02:23.524+0000] {dagbag.py:539} INFO - Filling up the DagBag from /home/airflow/.local/lib/python3.8/site-packages/airflow/example_dags/example_task_group.py
[2023-10-03T08:02:23.528+0000] {processor.py:839} INFO - DAG(s) dict_keys(['example_task_group']) retrieved from /home/airflow/.local/lib/python3.8/site-packages/airflow/example_dags/example_task_group.py
[2023-10-03T08:02:23.539+0000] {logging_mixin.py:151} INFO - [2023-10-03T08:02:23.539+0000] {dag.py:2915} INFO - Sync 1 DAGs
[2023-10-03T08:02:23.548+0000] {logging_mixin.py:151} INFO - [2023-10-03T08:02:23.548+0000] {dag.py:3696} INFO - Setting next_dagrun for example_task_group to 2023-10-02T08:02:23.548732+00:00, run_after=2023-10-03T08:02:23.548732+00:00
[2023-10-03T08:02:23.555+0000] {processor.py:179} INFO - Processing /home/airflow/.local/lib/python3.8/site-packages/airflow/example_dags/example_task_group.py took 0.035 seconds
[2023-10-03T08:02:54.046+0000] {processor.py:157} INFO - Started process (PID=722) to work on /home/airflow/.local/lib/python3.8/site-packages/airflow/example_dags/example_task_group.py
[2023-10-03T08:02:54.047+0000] {processor.py:829} INFO - Processing file /home/airflow/.local/lib/python3.8/site-packages/airflow/example_dags/example_task_group.py for tasks to queue
[2023-10-03T08:02:54.049+0000] {logging_mixin.py:151} INFO - [2023-10-03T08:02:54.049+0000] {dagbag.py:539} INFO - Filling up the DagBag from /home/airflow/.local/lib/python3.8/site-packages/airflow/example_dags/example_task_group.py
[2023-10-03T08:02:54.054+0000] {processor.py:839} INFO - DAG(s) dict_keys(['example_task_group']) retrieved from /home/airflow/.local/lib/python3.8/site-packages/airflow/example_dags/example_task_group.py
[2023-10-03T08:02:54.067+0000] {logging_mixin.py:151} INFO - [2023-10-03T08:02:54.067+0000] {dag.py:2915} INFO - Sync 1 DAGs
[2023-10-03T08:02:54.078+0000] {logging_mixin.py:151} INFO - [2023-10-03T08:02:54.078+0000] {dag.py:3696} INFO - Setting next_dagrun for example_task_group to 2023-10-02T08:02:54.078102+00:00, run_after=2023-10-03T08:02:54.078102+00:00
[2023-10-03T08:02:54.086+0000] {processor.py:179} INFO - Processing /home/airflow/.local/lib/python3.8/site-packages/airflow/example_dags/example_task_group.py took 0.043 seconds
[2023-10-03T08:03:24.414+0000] {processor.py:157} INFO - Started process (PID=781) to work on /home/airflow/.local/lib/python3.8/site-packages/airflow/example_dags/example_task_group.py
[2023-10-03T08:03:24.416+0000] {processor.py:829} INFO - Processing file /home/airflow/.local/lib/python3.8/site-packages/airflow/example_dags/example_task_group.py for tasks to queue
[2023-10-03T08:03:24.419+0000] {logging_mixin.py:151} INFO - [2023-10-03T08:03:24.418+0000] {dagbag.py:539} INFO - Filling up the DagBag from /home/airflow/.local/lib/python3.8/site-packages/airflow/example_dags/example_task_group.py
[2023-10-03T08:03:24.425+0000] {processor.py:839} INFO - DAG(s) dict_keys(['example_task_group']) retrieved from /home/airflow/.local/lib/python3.8/site-packages/airflow/example_dags/example_task_group.py
[2023-10-03T08:03:24.440+0000] {logging_mixin.py:151} INFO - [2023-10-03T08:03:24.440+0000] {dag.py:2915} INFO - Sync 1 DAGs
[2023-10-03T08:03:24.453+0000] {logging_mixin.py:151} INFO - [2023-10-03T08:03:24.453+0000] {dag.py:3696} INFO - Setting next_dagrun for example_task_group to 2023-10-02T08:03:24.453178+00:00, run_after=2023-10-03T08:03:24.453178+00:00
[2023-10-03T08:03:24.462+0000] {processor.py:179} INFO - Processing /home/airflow/.local/lib/python3.8/site-packages/airflow/example_dags/example_task_group.py took 0.055 seconds
[2023-10-03T08:03:54.695+0000] {processor.py:157} INFO - Started process (PID=840) to work on /home/airflow/.local/lib/python3.8/site-packages/airflow/example_dags/example_task_group.py
[2023-10-03T08:03:54.696+0000] {processor.py:829} INFO - Processing file /home/airflow/.local/lib/python3.8/site-packages/airflow/example_dags/example_task_group.py for tasks to queue
[2023-10-03T08:03:54.697+0000] {logging_mixin.py:151} INFO - [2023-10-03T08:03:54.697+0000] {dagbag.py:539} INFO - Filling up the DagBag from /home/airflow/.local/lib/python3.8/site-packages/airflow/example_dags/example_task_group.py
[2023-10-03T08:03:54.701+0000] {processor.py:839} INFO - DAG(s) dict_keys(['example_task_group']) retrieved from /home/airflow/.local/lib/python3.8/site-packages/airflow/example_dags/example_task_group.py
[2023-10-03T08:03:54.711+0000] {logging_mixin.py:151} INFO - [2023-10-03T08:03:54.711+0000] {dag.py:2915} INFO - Sync 1 DAGs
[2023-10-03T08:03:54.722+0000] {logging_mixin.py:151} INFO - [2023-10-03T08:03:54.722+0000] {dag.py:3696} INFO - Setting next_dagrun for example_task_group to 2023-10-02T08:03:54.722004+00:00, run_after=2023-10-03T08:03:54.722004+00:00
[2023-10-03T08:03:54.729+0000] {processor.py:179} INFO - Processing /home/airflow/.local/lib/python3.8/site-packages/airflow/example_dags/example_task_group.py took 0.036 seconds
[2023-10-03T08:04:25.339+0000] {processor.py:157} INFO - Started process (PID=899) to work on /home/airflow/.local/lib/python3.8/site-packages/airflow/example_dags/example_task_group.py
[2023-10-03T08:04:25.341+0000] {processor.py:829} INFO - Processing file /home/airflow/.local/lib/python3.8/site-packages/airflow/example_dags/example_task_group.py for tasks to queue
[2023-10-03T08:04:25.343+0000] {logging_mixin.py:151} INFO - [2023-10-03T08:04:25.342+0000] {dagbag.py:539} INFO - Filling up the DagBag from /home/airflow/.local/lib/python3.8/site-packages/airflow/example_dags/example_task_group.py
[2023-10-03T08:04:25.349+0000] {processor.py:839} INFO - DAG(s) dict_keys(['example_task_group']) retrieved from /home/airflow/.local/lib/python3.8/site-packages/airflow/example_dags/example_task_group.py
[2023-10-03T08:04:25.365+0000] {logging_mixin.py:151} INFO - [2023-10-03T08:04:25.365+0000] {dag.py:2915} INFO - Sync 1 DAGs
[2023-10-03T08:04:25.376+0000] {logging_mixin.py:151} INFO - [2023-10-03T08:04:25.376+0000] {dag.py:3696} INFO - Setting next_dagrun for example_task_group to 2023-10-02T08:04:25.376697+00:00, run_after=2023-10-03T08:04:25.376697+00:00
[2023-10-03T08:04:25.385+0000] {processor.py:179} INFO - Processing /home/airflow/.local/lib/python3.8/site-packages/airflow/example_dags/example_task_group.py took 0.048 seconds
[2023-10-03T08:04:55.841+0000] {processor.py:157} INFO - Started process (PID=958) to work on /home/airflow/.local/lib/python3.8/site-packages/airflow/example_dags/example_task_group.py
[2023-10-03T08:04:55.842+0000] {processor.py:829} INFO - Processing file /home/airflow/.local/lib/python3.8/site-packages/airflow/example_dags/example_task_group.py for tasks to queue
[2023-10-03T08:04:55.843+0000] {logging_mixin.py:151} INFO - [2023-10-03T08:04:55.843+0000] {dagbag.py:539} INFO - Filling up the DagBag from /home/airflow/.local/lib/python3.8/site-packages/airflow/example_dags/example_task_group.py
[2023-10-03T08:04:55.847+0000] {processor.py:839} INFO - DAG(s) dict_keys(['example_task_group']) retrieved from /home/airflow/.local/lib/python3.8/site-packages/airflow/example_dags/example_task_group.py
[2023-10-03T08:04:55.858+0000] {logging_mixin.py:151} INFO - [2023-10-03T08:04:55.858+0000] {dag.py:2915} INFO - Sync 1 DAGs
[2023-10-03T08:04:55.868+0000] {logging_mixin.py:151} INFO - [2023-10-03T08:04:55.867+0000] {dag.py:3696} INFO - Setting next_dagrun for example_task_group to 2023-10-02T08:04:55.867795+00:00, run_after=2023-10-03T08:04:55.867795+00:00
[2023-10-03T08:04:55.874+0000] {processor.py:179} INFO - Processing /home/airflow/.local/lib/python3.8/site-packages/airflow/example_dags/example_task_group.py took 0.035 seconds
[2023-10-03T08:05:26.879+0000] {processor.py:157} INFO - Started process (PID=1017) to work on /home/airflow/.local/lib/python3.8/site-packages/airflow/example_dags/example_task_group.py
[2023-10-03T08:05:26.880+0000] {processor.py:829} INFO - Processing file /home/airflow/.local/lib/python3.8/site-packages/airflow/example_dags/example_task_group.py for tasks to queue
[2023-10-03T08:05:26.881+0000] {logging_mixin.py:151} INFO - [2023-10-03T08:05:26.881+0000] {dagbag.py:539} INFO - Filling up the DagBag from /home/airflow/.local/lib/python3.8/site-packages/airflow/example_dags/example_task_group.py
[2023-10-03T08:05:26.886+0000] {processor.py:839} INFO - DAG(s) dict_keys(['example_task_group']) retrieved from /home/airflow/.local/lib/python3.8/site-packages/airflow/example_dags/example_task_group.py
[2023-10-03T08:05:26.898+0000] {logging_mixin.py:151} INFO - [2023-10-03T08:05:26.898+0000] {dag.py:2915} INFO - Sync 1 DAGs
[2023-10-03T08:05:26.908+0000] {logging_mixin.py:151} INFO - [2023-10-03T08:05:26.908+0000] {dag.py:3696} INFO - Setting next_dagrun for example_task_group to 2023-10-02T08:05:26.908600+00:00, run_after=2023-10-03T08:05:26.908600+00:00
[2023-10-03T08:05:26.916+0000] {processor.py:179} INFO - Processing /home/airflow/.local/lib/python3.8/site-packages/airflow/example_dags/example_task_group.py took 0.039 seconds
[2023-10-03T08:05:57.142+0000] {processor.py:157} INFO - Started process (PID=1076) to work on /home/airflow/.local/lib/python3.8/site-packages/airflow/example_dags/example_task_group.py
[2023-10-03T08:05:57.142+0000] {processor.py:829} INFO - Processing file /home/airflow/.local/lib/python3.8/site-packages/airflow/example_dags/example_task_group.py for tasks to queue
[2023-10-03T08:05:57.144+0000] {logging_mixin.py:151} INFO - [2023-10-03T08:05:57.143+0000] {dagbag.py:539} INFO - Filling up the DagBag from /home/airflow/.local/lib/python3.8/site-packages/airflow/example_dags/example_task_group.py
[2023-10-03T08:05:57.148+0000] {processor.py:839} INFO - DAG(s) dict_keys(['example_task_group']) retrieved from /home/airflow/.local/lib/python3.8/site-packages/airflow/example_dags/example_task_group.py
[2023-10-03T08:05:57.158+0000] {logging_mixin.py:151} INFO - [2023-10-03T08:05:57.158+0000] {dag.py:2915} INFO - Sync 1 DAGs
[2023-10-03T08:05:57.167+0000] {logging_mixin.py:151} INFO - [2023-10-03T08:05:57.167+0000] {dag.py:3696} INFO - Setting next_dagrun for example_task_group to 2023-10-02T08:05:57.167135+00:00, run_after=2023-10-03T08:05:57.167135+00:00
[2023-10-03T08:05:57.174+0000] {processor.py:179} INFO - Processing /home/airflow/.local/lib/python3.8/site-packages/airflow/example_dags/example_task_group.py took 0.034 seconds
[2023-10-03T08:06:27.409+0000] {processor.py:157} INFO - Started process (PID=1135) to work on /home/airflow/.local/lib/python3.8/site-packages/airflow/example_dags/example_task_group.py
[2023-10-03T08:06:27.409+0000] {processor.py:829} INFO - Processing file /home/airflow/.local/lib/python3.8/site-packages/airflow/example_dags/example_task_group.py for tasks to queue
[2023-10-03T08:06:27.410+0000] {logging_mixin.py:151} INFO - [2023-10-03T08:06:27.410+0000] {dagbag.py:539} INFO - Filling up the DagBag from /home/airflow/.local/lib/python3.8/site-packages/airflow/example_dags/example_task_group.py
[2023-10-03T08:06:27.414+0000] {processor.py:839} INFO - DAG(s) dict_keys(['example_task_group']) retrieved from /home/airflow/.local/lib/python3.8/site-packages/airflow/example_dags/example_task_group.py
[2023-10-03T08:06:27.427+0000] {logging_mixin.py:151} INFO - [2023-10-03T08:06:27.427+0000] {dag.py:2915} INFO - Sync 1 DAGs
[2023-10-03T08:06:27.437+0000] {logging_mixin.py:151} INFO - [2023-10-03T08:06:27.437+0000] {dag.py:3696} INFO - Setting next_dagrun for example_task_group to 2023-10-02T08:06:27.437157+00:00, run_after=2023-10-03T08:06:27.437157+00:00
[2023-10-03T08:06:27.445+0000] {processor.py:179} INFO - Processing /home/airflow/.local/lib/python3.8/site-packages/airflow/example_dags/example_task_group.py took 0.038 seconds
[2023-10-03T08:06:58.440+0000] {processor.py:157} INFO - Started process (PID=1194) to work on /home/airflow/.local/lib/python3.8/site-packages/airflow/example_dags/example_task_group.py
[2023-10-03T08:06:58.441+0000] {processor.py:829} INFO - Processing file /home/airflow/.local/lib/python3.8/site-packages/airflow/example_dags/example_task_group.py for tasks to queue
[2023-10-03T08:06:58.442+0000] {logging_mixin.py:151} INFO - [2023-10-03T08:06:58.442+0000] {dagbag.py:539} INFO - Filling up the DagBag from /home/airflow/.local/lib/python3.8/site-packages/airflow/example_dags/example_task_group.py
[2023-10-03T08:06:58.446+0000] {processor.py:839} INFO - DAG(s) dict_keys(['example_task_group']) retrieved from /home/airflow/.local/lib/python3.8/site-packages/airflow/example_dags/example_task_group.py
[2023-10-03T08:06:58.456+0000] {logging_mixin.py:151} INFO - [2023-10-03T08:06:58.456+0000] {dag.py:2915} INFO - Sync 1 DAGs
[2023-10-03T08:06:58.466+0000] {logging_mixin.py:151} INFO - [2023-10-03T08:06:58.466+0000] {dag.py:3696} INFO - Setting next_dagrun for example_task_group to 2023-10-02T08:06:58.466122+00:00, run_after=2023-10-03T08:06:58.466122+00:00
[2023-10-03T08:06:58.473+0000] {processor.py:179} INFO - Processing /home/airflow/.local/lib/python3.8/site-packages/airflow/example_dags/example_task_group.py took 0.035 seconds
