[2023-10-03T07:43:55.165+0000] {processor.py:157} INFO - Started process (PID=47) to work on /home/airflow/.local/lib/python3.8/site-packages/airflow/example_dags/example_sla_dag.py
[2023-10-03T07:43:55.166+0000] {processor.py:829} INFO - Processing file /home/airflow/.local/lib/python3.8/site-packages/airflow/example_dags/example_sla_dag.py for tasks to queue
[2023-10-03T07:43:55.169+0000] {logging_mixin.py:151} INFO - [2023-10-03T07:43:55.169+0000] {dagbag.py:539} INFO - Filling up the DagBag from /home/airflow/.local/lib/python3.8/site-packages/airflow/example_dags/example_sla_dag.py
[2023-10-03T07:43:55.180+0000] {processor.py:839} INFO - DAG(s) dict_keys(['example_sla_dag']) retrieved from /home/airflow/.local/lib/python3.8/site-packages/airflow/example_dags/example_sla_dag.py
[2023-10-03T07:43:55.223+0000] {logging_mixin.py:151} INFO - [2023-10-03T07:43:55.222+0000] {dag.py:2915} INFO - Sync 1 DAGs
[2023-10-03T07:43:55.337+0000] {logging_mixin.py:151} INFO - [2023-10-03T07:43:55.337+0000] {dag.py:3696} INFO - Setting next_dagrun for example_sla_dag to 2023-10-03T07:40:00+00:00, run_after=2023-10-03T07:42:00+00:00
[2023-10-03T07:43:55.455+0000] {processor.py:179} INFO - Processing /home/airflow/.local/lib/python3.8/site-packages/airflow/example_dags/example_sla_dag.py took 0.294 seconds
[2023-10-03T07:44:26.454+0000] {processor.py:157} INFO - Started process (PID=106) to work on /home/airflow/.local/lib/python3.8/site-packages/airflow/example_dags/example_sla_dag.py
[2023-10-03T07:44:26.456+0000] {processor.py:829} INFO - Processing file /home/airflow/.local/lib/python3.8/site-packages/airflow/example_dags/example_sla_dag.py for tasks to queue
[2023-10-03T07:44:26.458+0000] {logging_mixin.py:151} INFO - [2023-10-03T07:44:26.458+0000] {dagbag.py:539} INFO - Filling up the DagBag from /home/airflow/.local/lib/python3.8/site-packages/airflow/example_dags/example_sla_dag.py
[2023-10-03T07:44:26.468+0000] {processor.py:839} INFO - DAG(s) dict_keys(['example_sla_dag']) retrieved from /home/airflow/.local/lib/python3.8/site-packages/airflow/example_dags/example_sla_dag.py
[2023-10-03T07:44:26.484+0000] {logging_mixin.py:151} INFO - [2023-10-03T07:44:26.484+0000] {dag.py:2915} INFO - Sync 1 DAGs
[2023-10-03T07:44:26.499+0000] {logging_mixin.py:151} INFO - [2023-10-03T07:44:26.499+0000] {dag.py:3696} INFO - Setting next_dagrun for example_sla_dag to 2023-10-03T07:42:00+00:00, run_after=2023-10-03T07:44:00+00:00
[2023-10-03T07:44:26.507+0000] {processor.py:179} INFO - Processing /home/airflow/.local/lib/python3.8/site-packages/airflow/example_dags/example_sla_dag.py took 0.057 seconds
[2023-10-03T07:44:56.703+0000] {processor.py:157} INFO - Started process (PID=165) to work on /home/airflow/.local/lib/python3.8/site-packages/airflow/example_dags/example_sla_dag.py
[2023-10-03T07:44:56.705+0000] {processor.py:829} INFO - Processing file /home/airflow/.local/lib/python3.8/site-packages/airflow/example_dags/example_sla_dag.py for tasks to queue
[2023-10-03T07:44:56.710+0000] {logging_mixin.py:151} INFO - [2023-10-03T07:44:56.710+0000] {dagbag.py:539} INFO - Filling up the DagBag from /home/airflow/.local/lib/python3.8/site-packages/airflow/example_dags/example_sla_dag.py
[2023-10-03T07:44:56.721+0000] {processor.py:839} INFO - DAG(s) dict_keys(['example_sla_dag']) retrieved from /home/airflow/.local/lib/python3.8/site-packages/airflow/example_dags/example_sla_dag.py
[2023-10-03T07:44:56.738+0000] {logging_mixin.py:151} INFO - [2023-10-03T07:44:56.738+0000] {dag.py:2915} INFO - Sync 1 DAGs
[2023-10-03T07:44:56.752+0000] {logging_mixin.py:151} INFO - [2023-10-03T07:44:56.751+0000] {dag.py:3696} INFO - Setting next_dagrun for example_sla_dag to 2023-10-03T07:42:00+00:00, run_after=2023-10-03T07:44:00+00:00
[2023-10-03T07:44:56.760+0000] {processor.py:179} INFO - Processing /home/airflow/.local/lib/python3.8/site-packages/airflow/example_dags/example_sla_dag.py took 0.064 seconds
[2023-10-03T07:45:27.242+0000] {processor.py:157} INFO - Started process (PID=224) to work on /home/airflow/.local/lib/python3.8/site-packages/airflow/example_dags/example_sla_dag.py
[2023-10-03T07:45:27.245+0000] {processor.py:829} INFO - Processing file /home/airflow/.local/lib/python3.8/site-packages/airflow/example_dags/example_sla_dag.py for tasks to queue
[2023-10-03T07:45:27.248+0000] {logging_mixin.py:151} INFO - [2023-10-03T07:45:27.248+0000] {dagbag.py:539} INFO - Filling up the DagBag from /home/airflow/.local/lib/python3.8/site-packages/airflow/example_dags/example_sla_dag.py
[2023-10-03T07:45:27.258+0000] {processor.py:839} INFO - DAG(s) dict_keys(['example_sla_dag']) retrieved from /home/airflow/.local/lib/python3.8/site-packages/airflow/example_dags/example_sla_dag.py
[2023-10-03T07:45:27.273+0000] {logging_mixin.py:151} INFO - [2023-10-03T07:45:27.273+0000] {dag.py:2915} INFO - Sync 1 DAGs
[2023-10-03T07:45:27.286+0000] {logging_mixin.py:151} INFO - [2023-10-03T07:45:27.286+0000] {dag.py:3696} INFO - Setting next_dagrun for example_sla_dag to 2023-10-03T07:42:00+00:00, run_after=2023-10-03T07:44:00+00:00
[2023-10-03T07:45:27.293+0000] {processor.py:179} INFO - Processing /home/airflow/.local/lib/python3.8/site-packages/airflow/example_dags/example_sla_dag.py took 0.058 seconds
[2023-10-03T07:50:25.664+0000] {processor.py:157} INFO - Started process (PID=48) to work on /home/airflow/.local/lib/python3.8/site-packages/airflow/example_dags/example_sla_dag.py
[2023-10-03T07:50:25.666+0000] {processor.py:829} INFO - Processing file /home/airflow/.local/lib/python3.8/site-packages/airflow/example_dags/example_sla_dag.py for tasks to queue
[2023-10-03T07:50:25.668+0000] {logging_mixin.py:151} INFO - [2023-10-03T07:50:25.667+0000] {dagbag.py:539} INFO - Filling up the DagBag from /home/airflow/.local/lib/python3.8/site-packages/airflow/example_dags/example_sla_dag.py
[2023-10-03T07:50:25.687+0000] {processor.py:839} INFO - DAG(s) dict_keys(['example_sla_dag']) retrieved from /home/airflow/.local/lib/python3.8/site-packages/airflow/example_dags/example_sla_dag.py
[2023-10-03T07:50:25.699+0000] {logging_mixin.py:151} INFO - [2023-10-03T07:50:25.699+0000] {dag.py:2915} INFO - Sync 1 DAGs
[2023-10-03T07:50:25.721+0000] {logging_mixin.py:151} INFO - [2023-10-03T07:50:25.721+0000] {dag.py:3696} INFO - Setting next_dagrun for example_sla_dag to 2023-10-03T07:48:00+00:00, run_after=2023-10-03T07:50:00+00:00
[2023-10-03T07:50:25.729+0000] {processor.py:179} INFO - Processing /home/airflow/.local/lib/python3.8/site-packages/airflow/example_dags/example_sla_dag.py took 0.069 seconds
[2023-10-03T07:50:55.978+0000] {processor.py:157} INFO - Started process (PID=107) to work on /home/airflow/.local/lib/python3.8/site-packages/airflow/example_dags/example_sla_dag.py
[2023-10-03T07:50:55.979+0000] {processor.py:829} INFO - Processing file /home/airflow/.local/lib/python3.8/site-packages/airflow/example_dags/example_sla_dag.py for tasks to queue
[2023-10-03T07:50:55.980+0000] {logging_mixin.py:151} INFO - [2023-10-03T07:50:55.980+0000] {dagbag.py:539} INFO - Filling up the DagBag from /home/airflow/.local/lib/python3.8/site-packages/airflow/example_dags/example_sla_dag.py
[2023-10-03T07:50:55.985+0000] {processor.py:839} INFO - DAG(s) dict_keys(['example_sla_dag']) retrieved from /home/airflow/.local/lib/python3.8/site-packages/airflow/example_dags/example_sla_dag.py
[2023-10-03T07:50:55.996+0000] {logging_mixin.py:151} INFO - [2023-10-03T07:50:55.996+0000] {dag.py:2915} INFO - Sync 1 DAGs
[2023-10-03T07:50:56.010+0000] {logging_mixin.py:151} INFO - [2023-10-03T07:50:56.010+0000] {dag.py:3696} INFO - Setting next_dagrun for example_sla_dag to 2023-10-03T07:48:00+00:00, run_after=2023-10-03T07:50:00+00:00
[2023-10-03T07:50:56.018+0000] {processor.py:179} INFO - Processing /home/airflow/.local/lib/python3.8/site-packages/airflow/example_dags/example_sla_dag.py took 0.042 seconds
[2023-10-03T07:51:26.619+0000] {processor.py:157} INFO - Started process (PID=166) to work on /home/airflow/.local/lib/python3.8/site-packages/airflow/example_dags/example_sla_dag.py
[2023-10-03T07:51:26.619+0000] {processor.py:829} INFO - Processing file /home/airflow/.local/lib/python3.8/site-packages/airflow/example_dags/example_sla_dag.py for tasks to queue
[2023-10-03T07:51:26.621+0000] {logging_mixin.py:151} INFO - [2023-10-03T07:51:26.621+0000] {dagbag.py:539} INFO - Filling up the DagBag from /home/airflow/.local/lib/python3.8/site-packages/airflow/example_dags/example_sla_dag.py
[2023-10-03T07:51:26.627+0000] {processor.py:839} INFO - DAG(s) dict_keys(['example_sla_dag']) retrieved from /home/airflow/.local/lib/python3.8/site-packages/airflow/example_dags/example_sla_dag.py
[2023-10-03T07:51:26.641+0000] {logging_mixin.py:151} INFO - [2023-10-03T07:51:26.641+0000] {dag.py:2915} INFO - Sync 1 DAGs
[2023-10-03T07:51:26.654+0000] {logging_mixin.py:151} INFO - [2023-10-03T07:51:26.654+0000] {dag.py:3696} INFO - Setting next_dagrun for example_sla_dag to 2023-10-03T07:48:00+00:00, run_after=2023-10-03T07:50:00+00:00
[2023-10-03T07:51:26.662+0000] {processor.py:179} INFO - Processing /home/airflow/.local/lib/python3.8/site-packages/airflow/example_dags/example_sla_dag.py took 0.045 seconds
