[2023-10-03T07:43:56.350+0000] {processor.py:157} INFO - Started process (PID=57) to work on /home/airflow/.local/lib/python3.8/site-packages/airflow/example_dags/example_nested_branch_dag.py
[2023-10-03T07:43:56.351+0000] {processor.py:829} INFO - Processing file /home/airflow/.local/lib/python3.8/site-packages/airflow/example_dags/example_nested_branch_dag.py for tasks to queue
[2023-10-03T07:43:56.365+0000] {logging_mixin.py:151} INFO - [2023-10-03T07:43:56.353+0000] {dagbag.py:539} INFO - Filling up the DagBag from /home/airflow/.local/lib/python3.8/site-packages/airflow/example_dags/example_nested_branch_dag.py
[2023-10-03T07:43:56.383+0000] {processor.py:839} INFO - DAG(s) dict_keys(['example_nested_branch_dag']) retrieved from /home/airflow/.local/lib/python3.8/site-packages/airflow/example_dags/example_nested_branch_dag.py
[2023-10-03T07:43:56.440+0000] {logging_mixin.py:151} INFO - [2023-10-03T07:43:56.439+0000] {dag.py:2915} INFO - Sync 1 DAGs
[2023-10-03T07:43:56.488+0000] {logging_mixin.py:151} INFO - [2023-10-03T07:43:56.488+0000] {dag.py:3696} INFO - Setting next_dagrun for example_nested_branch_dag to 2023-10-02T00:00:00+00:00, run_after=2023-10-03T00:00:00+00:00
[2023-10-03T07:43:56.508+0000] {processor.py:179} INFO - Processing /home/airflow/.local/lib/python3.8/site-packages/airflow/example_dags/example_nested_branch_dag.py took 0.162 seconds
[2023-10-03T07:44:26.774+0000] {processor.py:157} INFO - Started process (PID=116) to work on /home/airflow/.local/lib/python3.8/site-packages/airflow/example_dags/example_nested_branch_dag.py
[2023-10-03T07:44:26.775+0000] {processor.py:829} INFO - Processing file /home/airflow/.local/lib/python3.8/site-packages/airflow/example_dags/example_nested_branch_dag.py for tasks to queue
[2023-10-03T07:44:26.776+0000] {logging_mixin.py:151} INFO - [2023-10-03T07:44:26.776+0000] {dagbag.py:539} INFO - Filling up the DagBag from /home/airflow/.local/lib/python3.8/site-packages/airflow/example_dags/example_nested_branch_dag.py
[2023-10-03T07:44:26.782+0000] {processor.py:839} INFO - DAG(s) dict_keys(['example_nested_branch_dag']) retrieved from /home/airflow/.local/lib/python3.8/site-packages/airflow/example_dags/example_nested_branch_dag.py
[2023-10-03T07:44:26.792+0000] {logging_mixin.py:151} INFO - [2023-10-03T07:44:26.792+0000] {dag.py:2915} INFO - Sync 1 DAGs
[2023-10-03T07:44:26.803+0000] {logging_mixin.py:151} INFO - [2023-10-03T07:44:26.803+0000] {dag.py:3696} INFO - Setting next_dagrun for example_nested_branch_dag to 2023-10-02T00:00:00+00:00, run_after=2023-10-03T00:00:00+00:00
[2023-10-03T07:44:26.810+0000] {processor.py:179} INFO - Processing /home/airflow/.local/lib/python3.8/site-packages/airflow/example_dags/example_nested_branch_dag.py took 0.038 seconds
[2023-10-03T07:44:56.999+0000] {processor.py:157} INFO - Started process (PID=175) to work on /home/airflow/.local/lib/python3.8/site-packages/airflow/example_dags/example_nested_branch_dag.py
[2023-10-03T07:44:56.999+0000] {processor.py:829} INFO - Processing file /home/airflow/.local/lib/python3.8/site-packages/airflow/example_dags/example_nested_branch_dag.py for tasks to queue
[2023-10-03T07:44:57.001+0000] {logging_mixin.py:151} INFO - [2023-10-03T07:44:57.000+0000] {dagbag.py:539} INFO - Filling up the DagBag from /home/airflow/.local/lib/python3.8/site-packages/airflow/example_dags/example_nested_branch_dag.py
[2023-10-03T07:44:57.006+0000] {processor.py:839} INFO - DAG(s) dict_keys(['example_nested_branch_dag']) retrieved from /home/airflow/.local/lib/python3.8/site-packages/airflow/example_dags/example_nested_branch_dag.py
[2023-10-03T07:44:57.015+0000] {logging_mixin.py:151} INFO - [2023-10-03T07:44:57.015+0000] {dag.py:2915} INFO - Sync 1 DAGs
[2023-10-03T07:44:57.025+0000] {logging_mixin.py:151} INFO - [2023-10-03T07:44:57.025+0000] {dag.py:3696} INFO - Setting next_dagrun for example_nested_branch_dag to 2023-10-02T00:00:00+00:00, run_after=2023-10-03T00:00:00+00:00
[2023-10-03T07:44:57.033+0000] {processor.py:179} INFO - Processing /home/airflow/.local/lib/python3.8/site-packages/airflow/example_dags/example_nested_branch_dag.py took 0.036 seconds
[2023-10-03T07:45:27.562+0000] {processor.py:157} INFO - Started process (PID=234) to work on /home/airflow/.local/lib/python3.8/site-packages/airflow/example_dags/example_nested_branch_dag.py
[2023-10-03T07:45:27.563+0000] {processor.py:829} INFO - Processing file /home/airflow/.local/lib/python3.8/site-packages/airflow/example_dags/example_nested_branch_dag.py for tasks to queue
[2023-10-03T07:45:27.564+0000] {logging_mixin.py:151} INFO - [2023-10-03T07:45:27.564+0000] {dagbag.py:539} INFO - Filling up the DagBag from /home/airflow/.local/lib/python3.8/site-packages/airflow/example_dags/example_nested_branch_dag.py
[2023-10-03T07:45:27.569+0000] {processor.py:839} INFO - DAG(s) dict_keys(['example_nested_branch_dag']) retrieved from /home/airflow/.local/lib/python3.8/site-packages/airflow/example_dags/example_nested_branch_dag.py
[2023-10-03T07:45:27.581+0000] {logging_mixin.py:151} INFO - [2023-10-03T07:45:27.581+0000] {dag.py:2915} INFO - Sync 1 DAGs
[2023-10-03T07:45:27.591+0000] {logging_mixin.py:151} INFO - [2023-10-03T07:45:27.591+0000] {dag.py:3696} INFO - Setting next_dagrun for example_nested_branch_dag to 2023-10-02T00:00:00+00:00, run_after=2023-10-03T00:00:00+00:00
[2023-10-03T07:45:27.599+0000] {processor.py:179} INFO - Processing /home/airflow/.local/lib/python3.8/site-packages/airflow/example_dags/example_nested_branch_dag.py took 0.039 seconds
[2023-10-03T07:50:26.360+0000] {processor.py:157} INFO - Started process (PID=58) to work on /home/airflow/.local/lib/python3.8/site-packages/airflow/example_dags/example_nested_branch_dag.py
[2023-10-03T07:50:26.361+0000] {processor.py:829} INFO - Processing file /home/airflow/.local/lib/python3.8/site-packages/airflow/example_dags/example_nested_branch_dag.py for tasks to queue
[2023-10-03T07:50:26.363+0000] {logging_mixin.py:151} INFO - [2023-10-03T07:50:26.363+0000] {dagbag.py:539} INFO - Filling up the DagBag from /home/airflow/.local/lib/python3.8/site-packages/airflow/example_dags/example_nested_branch_dag.py
[2023-10-03T07:50:26.376+0000] {processor.py:839} INFO - DAG(s) dict_keys(['example_nested_branch_dag']) retrieved from /home/airflow/.local/lib/python3.8/site-packages/airflow/example_dags/example_nested_branch_dag.py
[2023-10-03T07:50:26.387+0000] {logging_mixin.py:151} INFO - [2023-10-03T07:50:26.387+0000] {dag.py:2915} INFO - Sync 1 DAGs
[2023-10-03T07:50:26.421+0000] {logging_mixin.py:151} INFO - [2023-10-03T07:50:26.421+0000] {dag.py:3696} INFO - Setting next_dagrun for example_nested_branch_dag to 2023-10-02T00:00:00+00:00, run_after=2023-10-03T00:00:00+00:00
[2023-10-03T07:50:26.431+0000] {processor.py:179} INFO - Processing /home/airflow/.local/lib/python3.8/site-packages/airflow/example_dags/example_nested_branch_dag.py took 0.075 seconds
[2023-10-03T07:50:57.377+0000] {processor.py:157} INFO - Started process (PID=117) to work on /home/airflow/.local/lib/python3.8/site-packages/airflow/example_dags/example_nested_branch_dag.py
[2023-10-03T07:50:57.378+0000] {processor.py:829} INFO - Processing file /home/airflow/.local/lib/python3.8/site-packages/airflow/example_dags/example_nested_branch_dag.py for tasks to queue
[2023-10-03T07:50:57.379+0000] {logging_mixin.py:151} INFO - [2023-10-03T07:50:57.379+0000] {dagbag.py:539} INFO - Filling up the DagBag from /home/airflow/.local/lib/python3.8/site-packages/airflow/example_dags/example_nested_branch_dag.py
[2023-10-03T07:50:57.385+0000] {processor.py:839} INFO - DAG(s) dict_keys(['example_nested_branch_dag']) retrieved from /home/airflow/.local/lib/python3.8/site-packages/airflow/example_dags/example_nested_branch_dag.py
[2023-10-03T07:50:57.397+0000] {logging_mixin.py:151} INFO - [2023-10-03T07:50:57.396+0000] {dag.py:2915} INFO - Sync 1 DAGs
[2023-10-03T07:50:57.412+0000] {logging_mixin.py:151} INFO - [2023-10-03T07:50:57.411+0000] {dag.py:3696} INFO - Setting next_dagrun for example_nested_branch_dag to 2023-10-02T00:00:00+00:00, run_after=2023-10-03T00:00:00+00:00
[2023-10-03T07:50:57.420+0000] {processor.py:179} INFO - Processing /home/airflow/.local/lib/python3.8/site-packages/airflow/example_dags/example_nested_branch_dag.py took 0.045 seconds
[2023-10-03T07:51:28.026+0000] {processor.py:157} INFO - Started process (PID=176) to work on /home/airflow/.local/lib/python3.8/site-packages/airflow/example_dags/example_nested_branch_dag.py
[2023-10-03T07:51:28.026+0000] {processor.py:829} INFO - Processing file /home/airflow/.local/lib/python3.8/site-packages/airflow/example_dags/example_nested_branch_dag.py for tasks to queue
[2023-10-03T07:51:28.028+0000] {logging_mixin.py:151} INFO - [2023-10-03T07:51:28.027+0000] {dagbag.py:539} INFO - Filling up the DagBag from /home/airflow/.local/lib/python3.8/site-packages/airflow/example_dags/example_nested_branch_dag.py
[2023-10-03T07:51:28.033+0000] {processor.py:839} INFO - DAG(s) dict_keys(['example_nested_branch_dag']) retrieved from /home/airflow/.local/lib/python3.8/site-packages/airflow/example_dags/example_nested_branch_dag.py
[2023-10-03T07:51:28.044+0000] {logging_mixin.py:151} INFO - [2023-10-03T07:51:28.044+0000] {dag.py:2915} INFO - Sync 1 DAGs
[2023-10-03T07:51:28.055+0000] {logging_mixin.py:151} INFO - [2023-10-03T07:51:28.055+0000] {dag.py:3696} INFO - Setting next_dagrun for example_nested_branch_dag to 2023-10-02T00:00:00+00:00, run_after=2023-10-03T00:00:00+00:00
[2023-10-03T07:51:28.063+0000] {processor.py:179} INFO - Processing /home/airflow/.local/lib/python3.8/site-packages/airflow/example_dags/example_nested_branch_dag.py took 0.039 seconds
[2023-10-03T07:57:14.610+0000] {processor.py:157} INFO - Started process (PID=58) to work on /home/airflow/.local/lib/python3.8/site-packages/airflow/example_dags/example_nested_branch_dag.py
[2023-10-03T07:57:14.615+0000] {processor.py:829} INFO - Processing file /home/airflow/.local/lib/python3.8/site-packages/airflow/example_dags/example_nested_branch_dag.py for tasks to queue
[2023-10-03T07:57:14.630+0000] {logging_mixin.py:151} INFO - [2023-10-03T07:57:14.630+0000] {dagbag.py:539} INFO - Filling up the DagBag from /home/airflow/.local/lib/python3.8/site-packages/airflow/example_dags/example_nested_branch_dag.py
[2023-10-03T07:57:14.692+0000] {processor.py:839} INFO - DAG(s) dict_keys(['example_nested_branch_dag']) retrieved from /home/airflow/.local/lib/python3.8/site-packages/airflow/example_dags/example_nested_branch_dag.py
[2023-10-03T07:57:14.716+0000] {logging_mixin.py:151} INFO - [2023-10-03T07:57:14.715+0000] {dag.py:2915} INFO - Sync 1 DAGs
[2023-10-03T07:57:14.833+0000] {logging_mixin.py:151} INFO - [2023-10-03T07:57:14.833+0000] {dag.py:3696} INFO - Setting next_dagrun for example_nested_branch_dag to 2023-10-02T00:00:00+00:00, run_after=2023-10-03T00:00:00+00:00
[2023-10-03T07:57:14.879+0000] {processor.py:179} INFO - Processing /home/airflow/.local/lib/python3.8/site-packages/airflow/example_dags/example_nested_branch_dag.py took 0.281 seconds
[2023-10-03T07:57:45.450+0000] {processor.py:157} INFO - Started process (PID=117) to work on /home/airflow/.local/lib/python3.8/site-packages/airflow/example_dags/example_nested_branch_dag.py
[2023-10-03T07:57:45.451+0000] {processor.py:829} INFO - Processing file /home/airflow/.local/lib/python3.8/site-packages/airflow/example_dags/example_nested_branch_dag.py for tasks to queue
[2023-10-03T07:57:45.452+0000] {logging_mixin.py:151} INFO - [2023-10-03T07:57:45.452+0000] {dagbag.py:539} INFO - Filling up the DagBag from /home/airflow/.local/lib/python3.8/site-packages/airflow/example_dags/example_nested_branch_dag.py
[2023-10-03T07:57:45.457+0000] {processor.py:839} INFO - DAG(s) dict_keys(['example_nested_branch_dag']) retrieved from /home/airflow/.local/lib/python3.8/site-packages/airflow/example_dags/example_nested_branch_dag.py
[2023-10-03T07:57:45.467+0000] {logging_mixin.py:151} INFO - [2023-10-03T07:57:45.467+0000] {dag.py:2915} INFO - Sync 1 DAGs
[2023-10-03T07:57:45.478+0000] {logging_mixin.py:151} INFO - [2023-10-03T07:57:45.478+0000] {dag.py:3696} INFO - Setting next_dagrun for example_nested_branch_dag to 2023-10-02T00:00:00+00:00, run_after=2023-10-03T00:00:00+00:00
[2023-10-03T07:57:45.485+0000] {processor.py:179} INFO - Processing /home/airflow/.local/lib/python3.8/site-packages/airflow/example_dags/example_nested_branch_dag.py took 0.036 seconds
[2023-10-03T07:58:15.808+0000] {processor.py:157} INFO - Started process (PID=176) to work on /home/airflow/.local/lib/python3.8/site-packages/airflow/example_dags/example_nested_branch_dag.py
[2023-10-03T07:58:15.809+0000] {processor.py:829} INFO - Processing file /home/airflow/.local/lib/python3.8/site-packages/airflow/example_dags/example_nested_branch_dag.py for tasks to queue
[2023-10-03T07:58:15.810+0000] {logging_mixin.py:151} INFO - [2023-10-03T07:58:15.810+0000] {dagbag.py:539} INFO - Filling up the DagBag from /home/airflow/.local/lib/python3.8/site-packages/airflow/example_dags/example_nested_branch_dag.py
[2023-10-03T07:58:15.816+0000] {processor.py:839} INFO - DAG(s) dict_keys(['example_nested_branch_dag']) retrieved from /home/airflow/.local/lib/python3.8/site-packages/airflow/example_dags/example_nested_branch_dag.py
[2023-10-03T07:58:15.826+0000] {logging_mixin.py:151} INFO - [2023-10-03T07:58:15.826+0000] {dag.py:2915} INFO - Sync 1 DAGs
[2023-10-03T07:58:15.840+0000] {logging_mixin.py:151} INFO - [2023-10-03T07:58:15.839+0000] {dag.py:3696} INFO - Setting next_dagrun for example_nested_branch_dag to 2023-10-02T00:00:00+00:00, run_after=2023-10-03T00:00:00+00:00
[2023-10-03T07:58:15.847+0000] {processor.py:179} INFO - Processing /home/airflow/.local/lib/python3.8/site-packages/airflow/example_dags/example_nested_branch_dag.py took 0.040 seconds
[2023-10-03T07:58:46.018+0000] {processor.py:157} INFO - Started process (PID=235) to work on /home/airflow/.local/lib/python3.8/site-packages/airflow/example_dags/example_nested_branch_dag.py
[2023-10-03T07:58:46.018+0000] {processor.py:829} INFO - Processing file /home/airflow/.local/lib/python3.8/site-packages/airflow/example_dags/example_nested_branch_dag.py for tasks to queue
[2023-10-03T07:58:46.019+0000] {logging_mixin.py:151} INFO - [2023-10-03T07:58:46.019+0000] {dagbag.py:539} INFO - Filling up the DagBag from /home/airflow/.local/lib/python3.8/site-packages/airflow/example_dags/example_nested_branch_dag.py
[2023-10-03T07:58:46.024+0000] {processor.py:839} INFO - DAG(s) dict_keys(['example_nested_branch_dag']) retrieved from /home/airflow/.local/lib/python3.8/site-packages/airflow/example_dags/example_nested_branch_dag.py
[2023-10-03T07:58:46.034+0000] {logging_mixin.py:151} INFO - [2023-10-03T07:58:46.034+0000] {dag.py:2915} INFO - Sync 1 DAGs
[2023-10-03T07:58:46.044+0000] {logging_mixin.py:151} INFO - [2023-10-03T07:58:46.044+0000] {dag.py:3696} INFO - Setting next_dagrun for example_nested_branch_dag to 2023-10-02T00:00:00+00:00, run_after=2023-10-03T00:00:00+00:00
[2023-10-03T07:58:46.051+0000] {processor.py:179} INFO - Processing /home/airflow/.local/lib/python3.8/site-packages/airflow/example_dags/example_nested_branch_dag.py took 0.035 seconds
[2023-10-03T07:59:17.353+0000] {processor.py:157} INFO - Started process (PID=294) to work on /home/airflow/.local/lib/python3.8/site-packages/airflow/example_dags/example_nested_branch_dag.py
[2023-10-03T07:59:17.354+0000] {processor.py:829} INFO - Processing file /home/airflow/.local/lib/python3.8/site-packages/airflow/example_dags/example_nested_branch_dag.py for tasks to queue
[2023-10-03T07:59:17.357+0000] {logging_mixin.py:151} INFO - [2023-10-03T07:59:17.356+0000] {dagbag.py:539} INFO - Filling up the DagBag from /home/airflow/.local/lib/python3.8/site-packages/airflow/example_dags/example_nested_branch_dag.py
[2023-10-03T07:59:17.364+0000] {processor.py:839} INFO - DAG(s) dict_keys(['example_nested_branch_dag']) retrieved from /home/airflow/.local/lib/python3.8/site-packages/airflow/example_dags/example_nested_branch_dag.py
[2023-10-03T07:59:17.385+0000] {logging_mixin.py:151} INFO - [2023-10-03T07:59:17.385+0000] {dag.py:2915} INFO - Sync 1 DAGs
[2023-10-03T07:59:17.398+0000] {logging_mixin.py:151} INFO - [2023-10-03T07:59:17.397+0000] {dag.py:3696} INFO - Setting next_dagrun for example_nested_branch_dag to 2023-10-02T00:00:00+00:00, run_after=2023-10-03T00:00:00+00:00
[2023-10-03T07:59:17.408+0000] {processor.py:179} INFO - Processing /home/airflow/.local/lib/python3.8/site-packages/airflow/example_dags/example_nested_branch_dag.py took 0.058 seconds
[2023-10-03T07:59:47.958+0000] {processor.py:157} INFO - Started process (PID=353) to work on /home/airflow/.local/lib/python3.8/site-packages/airflow/example_dags/example_nested_branch_dag.py
[2023-10-03T07:59:47.958+0000] {processor.py:829} INFO - Processing file /home/airflow/.local/lib/python3.8/site-packages/airflow/example_dags/example_nested_branch_dag.py for tasks to queue
[2023-10-03T07:59:47.959+0000] {logging_mixin.py:151} INFO - [2023-10-03T07:59:47.959+0000] {dagbag.py:539} INFO - Filling up the DagBag from /home/airflow/.local/lib/python3.8/site-packages/airflow/example_dags/example_nested_branch_dag.py
[2023-10-03T07:59:47.965+0000] {processor.py:839} INFO - DAG(s) dict_keys(['example_nested_branch_dag']) retrieved from /home/airflow/.local/lib/python3.8/site-packages/airflow/example_dags/example_nested_branch_dag.py
[2023-10-03T07:59:47.976+0000] {logging_mixin.py:151} INFO - [2023-10-03T07:59:47.976+0000] {dag.py:2915} INFO - Sync 1 DAGs
[2023-10-03T07:59:47.986+0000] {logging_mixin.py:151} INFO - [2023-10-03T07:59:47.986+0000] {dag.py:3696} INFO - Setting next_dagrun for example_nested_branch_dag to 2023-10-02T00:00:00+00:00, run_after=2023-10-03T00:00:00+00:00
[2023-10-03T07:59:47.993+0000] {processor.py:179} INFO - Processing /home/airflow/.local/lib/python3.8/site-packages/airflow/example_dags/example_nested_branch_dag.py took 0.037 seconds
[2023-10-03T08:00:19.275+0000] {processor.py:157} INFO - Started process (PID=412) to work on /home/airflow/.local/lib/python3.8/site-packages/airflow/example_dags/example_nested_branch_dag.py
[2023-10-03T08:00:19.276+0000] {processor.py:829} INFO - Processing file /home/airflow/.local/lib/python3.8/site-packages/airflow/example_dags/example_nested_branch_dag.py for tasks to queue
[2023-10-03T08:00:19.278+0000] {logging_mixin.py:151} INFO - [2023-10-03T08:00:19.278+0000] {dagbag.py:539} INFO - Filling up the DagBag from /home/airflow/.local/lib/python3.8/site-packages/airflow/example_dags/example_nested_branch_dag.py
[2023-10-03T08:00:19.285+0000] {processor.py:839} INFO - DAG(s) dict_keys(['example_nested_branch_dag']) retrieved from /home/airflow/.local/lib/python3.8/site-packages/airflow/example_dags/example_nested_branch_dag.py
[2023-10-03T08:00:19.298+0000] {logging_mixin.py:151} INFO - [2023-10-03T08:00:19.298+0000] {dag.py:2915} INFO - Sync 1 DAGs
[2023-10-03T08:00:19.309+0000] {logging_mixin.py:151} INFO - [2023-10-03T08:00:19.308+0000] {dag.py:3696} INFO - Setting next_dagrun for example_nested_branch_dag to 2023-10-02T00:00:00+00:00, run_after=2023-10-03T00:00:00+00:00
[2023-10-03T08:00:19.316+0000] {processor.py:179} INFO - Processing /home/airflow/.local/lib/python3.8/site-packages/airflow/example_dags/example_nested_branch_dag.py took 0.044 seconds
[2023-10-03T08:00:50.489+0000] {processor.py:157} INFO - Started process (PID=471) to work on /home/airflow/.local/lib/python3.8/site-packages/airflow/example_dags/example_nested_branch_dag.py
[2023-10-03T08:00:50.490+0000] {processor.py:829} INFO - Processing file /home/airflow/.local/lib/python3.8/site-packages/airflow/example_dags/example_nested_branch_dag.py for tasks to queue
[2023-10-03T08:00:50.491+0000] {logging_mixin.py:151} INFO - [2023-10-03T08:00:50.491+0000] {dagbag.py:539} INFO - Filling up the DagBag from /home/airflow/.local/lib/python3.8/site-packages/airflow/example_dags/example_nested_branch_dag.py
[2023-10-03T08:00:50.496+0000] {processor.py:839} INFO - DAG(s) dict_keys(['example_nested_branch_dag']) retrieved from /home/airflow/.local/lib/python3.8/site-packages/airflow/example_dags/example_nested_branch_dag.py
[2023-10-03T08:00:50.506+0000] {logging_mixin.py:151} INFO - [2023-10-03T08:00:50.506+0000] {dag.py:2915} INFO - Sync 1 DAGs
[2023-10-03T08:00:50.520+0000] {logging_mixin.py:151} INFO - [2023-10-03T08:00:50.519+0000] {dag.py:3696} INFO - Setting next_dagrun for example_nested_branch_dag to 2023-10-02T00:00:00+00:00, run_after=2023-10-03T00:00:00+00:00
[2023-10-03T08:00:50.529+0000] {processor.py:179} INFO - Processing /home/airflow/.local/lib/python3.8/site-packages/airflow/example_dags/example_nested_branch_dag.py took 0.041 seconds
[2023-10-03T08:01:21.548+0000] {processor.py:157} INFO - Started process (PID=530) to work on /home/airflow/.local/lib/python3.8/site-packages/airflow/example_dags/example_nested_branch_dag.py
[2023-10-03T08:01:21.549+0000] {processor.py:829} INFO - Processing file /home/airflow/.local/lib/python3.8/site-packages/airflow/example_dags/example_nested_branch_dag.py for tasks to queue
[2023-10-03T08:01:21.550+0000] {logging_mixin.py:151} INFO - [2023-10-03T08:01:21.550+0000] {dagbag.py:539} INFO - Filling up the DagBag from /home/airflow/.local/lib/python3.8/site-packages/airflow/example_dags/example_nested_branch_dag.py
[2023-10-03T08:01:21.555+0000] {processor.py:839} INFO - DAG(s) dict_keys(['example_nested_branch_dag']) retrieved from /home/airflow/.local/lib/python3.8/site-packages/airflow/example_dags/example_nested_branch_dag.py
[2023-10-03T08:01:21.566+0000] {logging_mixin.py:151} INFO - [2023-10-03T08:01:21.566+0000] {dag.py:2915} INFO - Sync 1 DAGs
[2023-10-03T08:01:21.576+0000] {logging_mixin.py:151} INFO - [2023-10-03T08:01:21.576+0000] {dag.py:3696} INFO - Setting next_dagrun for example_nested_branch_dag to 2023-10-02T00:00:00+00:00, run_after=2023-10-03T00:00:00+00:00
[2023-10-03T08:01:21.582+0000] {processor.py:179} INFO - Processing /home/airflow/.local/lib/python3.8/site-packages/airflow/example_dags/example_nested_branch_dag.py took 0.036 seconds
[2023-10-03T08:01:52.636+0000] {processor.py:157} INFO - Started process (PID=589) to work on /home/airflow/.local/lib/python3.8/site-packages/airflow/example_dags/example_nested_branch_dag.py
[2023-10-03T08:01:52.636+0000] {processor.py:829} INFO - Processing file /home/airflow/.local/lib/python3.8/site-packages/airflow/example_dags/example_nested_branch_dag.py for tasks to queue
[2023-10-03T08:01:52.637+0000] {logging_mixin.py:151} INFO - [2023-10-03T08:01:52.637+0000] {dagbag.py:539} INFO - Filling up the DagBag from /home/airflow/.local/lib/python3.8/site-packages/airflow/example_dags/example_nested_branch_dag.py
[2023-10-03T08:01:52.643+0000] {processor.py:839} INFO - DAG(s) dict_keys(['example_nested_branch_dag']) retrieved from /home/airflow/.local/lib/python3.8/site-packages/airflow/example_dags/example_nested_branch_dag.py
[2023-10-03T08:01:52.655+0000] {logging_mixin.py:151} INFO - [2023-10-03T08:01:52.655+0000] {dag.py:2915} INFO - Sync 1 DAGs
[2023-10-03T08:01:52.665+0000] {logging_mixin.py:151} INFO - [2023-10-03T08:01:52.665+0000] {dag.py:3696} INFO - Setting next_dagrun for example_nested_branch_dag to 2023-10-02T00:00:00+00:00, run_after=2023-10-03T00:00:00+00:00
[2023-10-03T08:01:52.672+0000] {processor.py:179} INFO - Processing /home/airflow/.local/lib/python3.8/site-packages/airflow/example_dags/example_nested_branch_dag.py took 0.039 seconds
[2023-10-03T08:02:23.097+0000] {processor.py:157} INFO - Started process (PID=648) to work on /home/airflow/.local/lib/python3.8/site-packages/airflow/example_dags/example_nested_branch_dag.py
[2023-10-03T08:02:23.098+0000] {processor.py:829} INFO - Processing file /home/airflow/.local/lib/python3.8/site-packages/airflow/example_dags/example_nested_branch_dag.py for tasks to queue
[2023-10-03T08:02:23.099+0000] {logging_mixin.py:151} INFO - [2023-10-03T08:02:23.099+0000] {dagbag.py:539} INFO - Filling up the DagBag from /home/airflow/.local/lib/python3.8/site-packages/airflow/example_dags/example_nested_branch_dag.py
[2023-10-03T08:02:23.104+0000] {processor.py:839} INFO - DAG(s) dict_keys(['example_nested_branch_dag']) retrieved from /home/airflow/.local/lib/python3.8/site-packages/airflow/example_dags/example_nested_branch_dag.py
[2023-10-03T08:02:23.115+0000] {logging_mixin.py:151} INFO - [2023-10-03T08:02:23.115+0000] {dag.py:2915} INFO - Sync 1 DAGs
[2023-10-03T08:02:23.125+0000] {logging_mixin.py:151} INFO - [2023-10-03T08:02:23.125+0000] {dag.py:3696} INFO - Setting next_dagrun for example_nested_branch_dag to 2023-10-02T00:00:00+00:00, run_after=2023-10-03T00:00:00+00:00
[2023-10-03T08:02:23.132+0000] {processor.py:179} INFO - Processing /home/airflow/.local/lib/python3.8/site-packages/airflow/example_dags/example_nested_branch_dag.py took 0.037 seconds
[2023-10-03T08:02:53.588+0000] {processor.py:157} INFO - Started process (PID=707) to work on /home/airflow/.local/lib/python3.8/site-packages/airflow/example_dags/example_nested_branch_dag.py
[2023-10-03T08:02:53.588+0000] {processor.py:829} INFO - Processing file /home/airflow/.local/lib/python3.8/site-packages/airflow/example_dags/example_nested_branch_dag.py for tasks to queue
[2023-10-03T08:02:53.590+0000] {logging_mixin.py:151} INFO - [2023-10-03T08:02:53.590+0000] {dagbag.py:539} INFO - Filling up the DagBag from /home/airflow/.local/lib/python3.8/site-packages/airflow/example_dags/example_nested_branch_dag.py
[2023-10-03T08:02:53.595+0000] {processor.py:839} INFO - DAG(s) dict_keys(['example_nested_branch_dag']) retrieved from /home/airflow/.local/lib/python3.8/site-packages/airflow/example_dags/example_nested_branch_dag.py
[2023-10-03T08:02:53.606+0000] {logging_mixin.py:151} INFO - [2023-10-03T08:02:53.606+0000] {dag.py:2915} INFO - Sync 1 DAGs
[2023-10-03T08:02:53.616+0000] {logging_mixin.py:151} INFO - [2023-10-03T08:02:53.616+0000] {dag.py:3696} INFO - Setting next_dagrun for example_nested_branch_dag to 2023-10-02T00:00:00+00:00, run_after=2023-10-03T00:00:00+00:00
[2023-10-03T08:02:53.625+0000] {processor.py:179} INFO - Processing /home/airflow/.local/lib/python3.8/site-packages/airflow/example_dags/example_nested_branch_dag.py took 0.039 seconds
[2023-10-03T08:03:23.844+0000] {processor.py:157} INFO - Started process (PID=766) to work on /home/airflow/.local/lib/python3.8/site-packages/airflow/example_dags/example_nested_branch_dag.py
[2023-10-03T08:03:23.845+0000] {processor.py:829} INFO - Processing file /home/airflow/.local/lib/python3.8/site-packages/airflow/example_dags/example_nested_branch_dag.py for tasks to queue
[2023-10-03T08:03:23.846+0000] {logging_mixin.py:151} INFO - [2023-10-03T08:03:23.846+0000] {dagbag.py:539} INFO - Filling up the DagBag from /home/airflow/.local/lib/python3.8/site-packages/airflow/example_dags/example_nested_branch_dag.py
[2023-10-03T08:03:23.852+0000] {processor.py:839} INFO - DAG(s) dict_keys(['example_nested_branch_dag']) retrieved from /home/airflow/.local/lib/python3.8/site-packages/airflow/example_dags/example_nested_branch_dag.py
[2023-10-03T08:03:23.862+0000] {logging_mixin.py:151} INFO - [2023-10-03T08:03:23.862+0000] {dag.py:2915} INFO - Sync 1 DAGs
[2023-10-03T08:03:23.872+0000] {logging_mixin.py:151} INFO - [2023-10-03T08:03:23.872+0000] {dag.py:3696} INFO - Setting next_dagrun for example_nested_branch_dag to 2023-10-02T00:00:00+00:00, run_after=2023-10-03T00:00:00+00:00
[2023-10-03T08:03:23.880+0000] {processor.py:179} INFO - Processing /home/airflow/.local/lib/python3.8/site-packages/airflow/example_dags/example_nested_branch_dag.py took 0.037 seconds
[2023-10-03T08:03:54.259+0000] {processor.py:157} INFO - Started process (PID=825) to work on /home/airflow/.local/lib/python3.8/site-packages/airflow/example_dags/example_nested_branch_dag.py
[2023-10-03T08:03:54.260+0000] {processor.py:829} INFO - Processing file /home/airflow/.local/lib/python3.8/site-packages/airflow/example_dags/example_nested_branch_dag.py for tasks to queue
[2023-10-03T08:03:54.261+0000] {logging_mixin.py:151} INFO - [2023-10-03T08:03:54.261+0000] {dagbag.py:539} INFO - Filling up the DagBag from /home/airflow/.local/lib/python3.8/site-packages/airflow/example_dags/example_nested_branch_dag.py
[2023-10-03T08:03:54.266+0000] {processor.py:839} INFO - DAG(s) dict_keys(['example_nested_branch_dag']) retrieved from /home/airflow/.local/lib/python3.8/site-packages/airflow/example_dags/example_nested_branch_dag.py
[2023-10-03T08:03:54.277+0000] {logging_mixin.py:151} INFO - [2023-10-03T08:03:54.277+0000] {dag.py:2915} INFO - Sync 1 DAGs
[2023-10-03T08:03:54.289+0000] {logging_mixin.py:151} INFO - [2023-10-03T08:03:54.289+0000] {dag.py:3696} INFO - Setting next_dagrun for example_nested_branch_dag to 2023-10-02T00:00:00+00:00, run_after=2023-10-03T00:00:00+00:00
[2023-10-03T08:03:54.299+0000] {processor.py:179} INFO - Processing /home/airflow/.local/lib/python3.8/site-packages/airflow/example_dags/example_nested_branch_dag.py took 0.042 seconds
[2023-10-03T08:04:24.655+0000] {processor.py:157} INFO - Started process (PID=884) to work on /home/airflow/.local/lib/python3.8/site-packages/airflow/example_dags/example_nested_branch_dag.py
[2023-10-03T08:04:24.658+0000] {processor.py:829} INFO - Processing file /home/airflow/.local/lib/python3.8/site-packages/airflow/example_dags/example_nested_branch_dag.py for tasks to queue
[2023-10-03T08:04:24.660+0000] {logging_mixin.py:151} INFO - [2023-10-03T08:04:24.660+0000] {dagbag.py:539} INFO - Filling up the DagBag from /home/airflow/.local/lib/python3.8/site-packages/airflow/example_dags/example_nested_branch_dag.py
[2023-10-03T08:04:24.671+0000] {processor.py:839} INFO - DAG(s) dict_keys(['example_nested_branch_dag']) retrieved from /home/airflow/.local/lib/python3.8/site-packages/airflow/example_dags/example_nested_branch_dag.py
[2023-10-03T08:04:24.685+0000] {logging_mixin.py:151} INFO - [2023-10-03T08:04:24.685+0000] {dag.py:2915} INFO - Sync 1 DAGs
[2023-10-03T08:04:24.696+0000] {logging_mixin.py:151} INFO - [2023-10-03T08:04:24.696+0000] {dag.py:3696} INFO - Setting next_dagrun for example_nested_branch_dag to 2023-10-02T00:00:00+00:00, run_after=2023-10-03T00:00:00+00:00
[2023-10-03T08:04:24.705+0000] {processor.py:179} INFO - Processing /home/airflow/.local/lib/python3.8/site-packages/airflow/example_dags/example_nested_branch_dag.py took 0.055 seconds
[2023-10-03T08:04:55.373+0000] {processor.py:157} INFO - Started process (PID=943) to work on /home/airflow/.local/lib/python3.8/site-packages/airflow/example_dags/example_nested_branch_dag.py
[2023-10-03T08:04:55.374+0000] {processor.py:829} INFO - Processing file /home/airflow/.local/lib/python3.8/site-packages/airflow/example_dags/example_nested_branch_dag.py for tasks to queue
[2023-10-03T08:04:55.375+0000] {logging_mixin.py:151} INFO - [2023-10-03T08:04:55.375+0000] {dagbag.py:539} INFO - Filling up the DagBag from /home/airflow/.local/lib/python3.8/site-packages/airflow/example_dags/example_nested_branch_dag.py
[2023-10-03T08:04:55.381+0000] {processor.py:839} INFO - DAG(s) dict_keys(['example_nested_branch_dag']) retrieved from /home/airflow/.local/lib/python3.8/site-packages/airflow/example_dags/example_nested_branch_dag.py
[2023-10-03T08:04:55.391+0000] {logging_mixin.py:151} INFO - [2023-10-03T08:04:55.391+0000] {dag.py:2915} INFO - Sync 1 DAGs
[2023-10-03T08:04:55.401+0000] {logging_mixin.py:151} INFO - [2023-10-03T08:04:55.401+0000] {dag.py:3696} INFO - Setting next_dagrun for example_nested_branch_dag to 2023-10-02T00:00:00+00:00, run_after=2023-10-03T00:00:00+00:00
[2023-10-03T08:04:55.408+0000] {processor.py:179} INFO - Processing /home/airflow/.local/lib/python3.8/site-packages/airflow/example_dags/example_nested_branch_dag.py took 0.037 seconds
[2023-10-03T08:05:26.403+0000] {processor.py:157} INFO - Started process (PID=1002) to work on /home/airflow/.local/lib/python3.8/site-packages/airflow/example_dags/example_nested_branch_dag.py
[2023-10-03T08:05:26.404+0000] {processor.py:829} INFO - Processing file /home/airflow/.local/lib/python3.8/site-packages/airflow/example_dags/example_nested_branch_dag.py for tasks to queue
[2023-10-03T08:05:26.405+0000] {logging_mixin.py:151} INFO - [2023-10-03T08:05:26.405+0000] {dagbag.py:539} INFO - Filling up the DagBag from /home/airflow/.local/lib/python3.8/site-packages/airflow/example_dags/example_nested_branch_dag.py
[2023-10-03T08:05:26.411+0000] {processor.py:839} INFO - DAG(s) dict_keys(['example_nested_branch_dag']) retrieved from /home/airflow/.local/lib/python3.8/site-packages/airflow/example_dags/example_nested_branch_dag.py
[2023-10-03T08:05:26.421+0000] {logging_mixin.py:151} INFO - [2023-10-03T08:05:26.421+0000] {dag.py:2915} INFO - Sync 1 DAGs
[2023-10-03T08:05:26.431+0000] {logging_mixin.py:151} INFO - [2023-10-03T08:05:26.431+0000] {dag.py:3696} INFO - Setting next_dagrun for example_nested_branch_dag to 2023-10-02T00:00:00+00:00, run_after=2023-10-03T00:00:00+00:00
[2023-10-03T08:05:26.438+0000] {processor.py:179} INFO - Processing /home/airflow/.local/lib/python3.8/site-packages/airflow/example_dags/example_nested_branch_dag.py took 0.036 seconds
[2023-10-03T08:05:56.707+0000] {processor.py:157} INFO - Started process (PID=1061) to work on /home/airflow/.local/lib/python3.8/site-packages/airflow/example_dags/example_nested_branch_dag.py
[2023-10-03T08:05:56.708+0000] {processor.py:829} INFO - Processing file /home/airflow/.local/lib/python3.8/site-packages/airflow/example_dags/example_nested_branch_dag.py for tasks to queue
[2023-10-03T08:05:56.709+0000] {logging_mixin.py:151} INFO - [2023-10-03T08:05:56.709+0000] {dagbag.py:539} INFO - Filling up the DagBag from /home/airflow/.local/lib/python3.8/site-packages/airflow/example_dags/example_nested_branch_dag.py
[2023-10-03T08:05:56.714+0000] {processor.py:839} INFO - DAG(s) dict_keys(['example_nested_branch_dag']) retrieved from /home/airflow/.local/lib/python3.8/site-packages/airflow/example_dags/example_nested_branch_dag.py
[2023-10-03T08:05:56.725+0000] {logging_mixin.py:151} INFO - [2023-10-03T08:05:56.725+0000] {dag.py:2915} INFO - Sync 1 DAGs
[2023-10-03T08:05:56.735+0000] {logging_mixin.py:151} INFO - [2023-10-03T08:05:56.735+0000] {dag.py:3696} INFO - Setting next_dagrun for example_nested_branch_dag to 2023-10-02T00:00:00+00:00, run_after=2023-10-03T00:00:00+00:00
[2023-10-03T08:05:56.742+0000] {processor.py:179} INFO - Processing /home/airflow/.local/lib/python3.8/site-packages/airflow/example_dags/example_nested_branch_dag.py took 0.036 seconds
[2023-10-03T08:06:26.963+0000] {processor.py:157} INFO - Started process (PID=1120) to work on /home/airflow/.local/lib/python3.8/site-packages/airflow/example_dags/example_nested_branch_dag.py
[2023-10-03T08:06:26.964+0000] {processor.py:829} INFO - Processing file /home/airflow/.local/lib/python3.8/site-packages/airflow/example_dags/example_nested_branch_dag.py for tasks to queue
[2023-10-03T08:06:26.965+0000] {logging_mixin.py:151} INFO - [2023-10-03T08:06:26.965+0000] {dagbag.py:539} INFO - Filling up the DagBag from /home/airflow/.local/lib/python3.8/site-packages/airflow/example_dags/example_nested_branch_dag.py
[2023-10-03T08:06:26.970+0000] {processor.py:839} INFO - DAG(s) dict_keys(['example_nested_branch_dag']) retrieved from /home/airflow/.local/lib/python3.8/site-packages/airflow/example_dags/example_nested_branch_dag.py
[2023-10-03T08:06:26.981+0000] {logging_mixin.py:151} INFO - [2023-10-03T08:06:26.981+0000] {dag.py:2915} INFO - Sync 1 DAGs
[2023-10-03T08:06:26.991+0000] {logging_mixin.py:151} INFO - [2023-10-03T08:06:26.991+0000] {dag.py:3696} INFO - Setting next_dagrun for example_nested_branch_dag to 2023-10-02T00:00:00+00:00, run_after=2023-10-03T00:00:00+00:00
[2023-10-03T08:06:26.998+0000] {processor.py:179} INFO - Processing /home/airflow/.local/lib/python3.8/site-packages/airflow/example_dags/example_nested_branch_dag.py took 0.037 seconds
[2023-10-03T08:06:58.003+0000] {processor.py:157} INFO - Started process (PID=1179) to work on /home/airflow/.local/lib/python3.8/site-packages/airflow/example_dags/example_nested_branch_dag.py
[2023-10-03T08:06:58.003+0000] {processor.py:829} INFO - Processing file /home/airflow/.local/lib/python3.8/site-packages/airflow/example_dags/example_nested_branch_dag.py for tasks to queue
[2023-10-03T08:06:58.005+0000] {logging_mixin.py:151} INFO - [2023-10-03T08:06:58.005+0000] {dagbag.py:539} INFO - Filling up the DagBag from /home/airflow/.local/lib/python3.8/site-packages/airflow/example_dags/example_nested_branch_dag.py
[2023-10-03T08:06:58.010+0000] {processor.py:839} INFO - DAG(s) dict_keys(['example_nested_branch_dag']) retrieved from /home/airflow/.local/lib/python3.8/site-packages/airflow/example_dags/example_nested_branch_dag.py
[2023-10-03T08:06:58.021+0000] {logging_mixin.py:151} INFO - [2023-10-03T08:06:58.021+0000] {dag.py:2915} INFO - Sync 1 DAGs
[2023-10-03T08:06:58.031+0000] {logging_mixin.py:151} INFO - [2023-10-03T08:06:58.031+0000] {dag.py:3696} INFO - Setting next_dagrun for example_nested_branch_dag to 2023-10-02T00:00:00+00:00, run_after=2023-10-03T00:00:00+00:00
[2023-10-03T08:06:58.038+0000] {processor.py:179} INFO - Processing /home/airflow/.local/lib/python3.8/site-packages/airflow/example_dags/example_nested_branch_dag.py took 0.037 seconds
[2023-10-03T08:07:28.876+0000] {processor.py:157} INFO - Started process (PID=1238) to work on /home/airflow/.local/lib/python3.8/site-packages/airflow/example_dags/example_nested_branch_dag.py
[2023-10-03T08:07:28.876+0000] {processor.py:829} INFO - Processing file /home/airflow/.local/lib/python3.8/site-packages/airflow/example_dags/example_nested_branch_dag.py for tasks to queue
[2023-10-03T08:07:28.878+0000] {logging_mixin.py:151} INFO - [2023-10-03T08:07:28.878+0000] {dagbag.py:539} INFO - Filling up the DagBag from /home/airflow/.local/lib/python3.8/site-packages/airflow/example_dags/example_nested_branch_dag.py
[2023-10-03T08:07:28.884+0000] {processor.py:839} INFO - DAG(s) dict_keys(['example_nested_branch_dag']) retrieved from /home/airflow/.local/lib/python3.8/site-packages/airflow/example_dags/example_nested_branch_dag.py
[2023-10-03T08:07:28.898+0000] {logging_mixin.py:151} INFO - [2023-10-03T08:07:28.898+0000] {dag.py:2915} INFO - Sync 1 DAGs
[2023-10-03T08:07:28.910+0000] {logging_mixin.py:151} INFO - [2023-10-03T08:07:28.910+0000] {dag.py:3696} INFO - Setting next_dagrun for example_nested_branch_dag to 2023-10-02T00:00:00+00:00, run_after=2023-10-03T00:00:00+00:00
[2023-10-03T08:07:28.917+0000] {processor.py:179} INFO - Processing /home/airflow/.local/lib/python3.8/site-packages/airflow/example_dags/example_nested_branch_dag.py took 0.044 seconds
[2023-10-03T08:07:59.282+0000] {processor.py:157} INFO - Started process (PID=1297) to work on /home/airflow/.local/lib/python3.8/site-packages/airflow/example_dags/example_nested_branch_dag.py
[2023-10-03T08:07:59.283+0000] {processor.py:829} INFO - Processing file /home/airflow/.local/lib/python3.8/site-packages/airflow/example_dags/example_nested_branch_dag.py for tasks to queue
[2023-10-03T08:07:59.285+0000] {logging_mixin.py:151} INFO - [2023-10-03T08:07:59.285+0000] {dagbag.py:539} INFO - Filling up the DagBag from /home/airflow/.local/lib/python3.8/site-packages/airflow/example_dags/example_nested_branch_dag.py
[2023-10-03T08:07:59.294+0000] {processor.py:839} INFO - DAG(s) dict_keys(['example_nested_branch_dag']) retrieved from /home/airflow/.local/lib/python3.8/site-packages/airflow/example_dags/example_nested_branch_dag.py
[2023-10-03T08:07:59.308+0000] {logging_mixin.py:151} INFO - [2023-10-03T08:07:59.308+0000] {dag.py:2915} INFO - Sync 1 DAGs
[2023-10-03T08:07:59.324+0000] {logging_mixin.py:151} INFO - [2023-10-03T08:07:59.324+0000] {dag.py:3696} INFO - Setting next_dagrun for example_nested_branch_dag to 2023-10-02T00:00:00+00:00, run_after=2023-10-03T00:00:00+00:00
[2023-10-03T08:07:59.332+0000] {processor.py:179} INFO - Processing /home/airflow/.local/lib/python3.8/site-packages/airflow/example_dags/example_nested_branch_dag.py took 0.052 seconds
[2023-10-03T08:08:29.674+0000] {processor.py:157} INFO - Started process (PID=1356) to work on /home/airflow/.local/lib/python3.8/site-packages/airflow/example_dags/example_nested_branch_dag.py
[2023-10-03T08:08:29.675+0000] {processor.py:829} INFO - Processing file /home/airflow/.local/lib/python3.8/site-packages/airflow/example_dags/example_nested_branch_dag.py for tasks to queue
[2023-10-03T08:08:29.676+0000] {logging_mixin.py:151} INFO - [2023-10-03T08:08:29.676+0000] {dagbag.py:539} INFO - Filling up the DagBag from /home/airflow/.local/lib/python3.8/site-packages/airflow/example_dags/example_nested_branch_dag.py
[2023-10-03T08:08:29.686+0000] {processor.py:839} INFO - DAG(s) dict_keys(['example_nested_branch_dag']) retrieved from /home/airflow/.local/lib/python3.8/site-packages/airflow/example_dags/example_nested_branch_dag.py
[2023-10-03T08:08:29.703+0000] {logging_mixin.py:151} INFO - [2023-10-03T08:08:29.702+0000] {dag.py:2915} INFO - Sync 1 DAGs
[2023-10-03T08:08:29.717+0000] {logging_mixin.py:151} INFO - [2023-10-03T08:08:29.717+0000] {dag.py:3696} INFO - Setting next_dagrun for example_nested_branch_dag to 2023-10-02T00:00:00+00:00, run_after=2023-10-03T00:00:00+00:00
[2023-10-03T08:08:29.726+0000] {processor.py:179} INFO - Processing /home/airflow/.local/lib/python3.8/site-packages/airflow/example_dags/example_nested_branch_dag.py took 0.055 seconds
[2023-10-03T08:09:00.035+0000] {processor.py:157} INFO - Started process (PID=1415) to work on /home/airflow/.local/lib/python3.8/site-packages/airflow/example_dags/example_nested_branch_dag.py
[2023-10-03T08:09:00.036+0000] {processor.py:829} INFO - Processing file /home/airflow/.local/lib/python3.8/site-packages/airflow/example_dags/example_nested_branch_dag.py for tasks to queue
[2023-10-03T08:09:00.037+0000] {logging_mixin.py:151} INFO - [2023-10-03T08:09:00.037+0000] {dagbag.py:539} INFO - Filling up the DagBag from /home/airflow/.local/lib/python3.8/site-packages/airflow/example_dags/example_nested_branch_dag.py
[2023-10-03T08:09:00.045+0000] {processor.py:839} INFO - DAG(s) dict_keys(['example_nested_branch_dag']) retrieved from /home/airflow/.local/lib/python3.8/site-packages/airflow/example_dags/example_nested_branch_dag.py
[2023-10-03T08:09:00.066+0000] {logging_mixin.py:151} INFO - [2023-10-03T08:09:00.065+0000] {dag.py:2915} INFO - Sync 1 DAGs
[2023-10-03T08:09:00.095+0000] {logging_mixin.py:151} INFO - [2023-10-03T08:09:00.095+0000] {dag.py:3696} INFO - Setting next_dagrun for example_nested_branch_dag to 2023-10-02T00:00:00+00:00, run_after=2023-10-03T00:00:00+00:00
[2023-10-03T08:09:00.105+0000] {processor.py:179} INFO - Processing /home/airflow/.local/lib/python3.8/site-packages/airflow/example_dags/example_nested_branch_dag.py took 0.073 seconds
[2023-10-03T08:09:30.576+0000] {processor.py:157} INFO - Started process (PID=1474) to work on /home/airflow/.local/lib/python3.8/site-packages/airflow/example_dags/example_nested_branch_dag.py
[2023-10-03T08:09:30.577+0000] {processor.py:829} INFO - Processing file /home/airflow/.local/lib/python3.8/site-packages/airflow/example_dags/example_nested_branch_dag.py for tasks to queue
[2023-10-03T08:09:30.578+0000] {logging_mixin.py:151} INFO - [2023-10-03T08:09:30.578+0000] {dagbag.py:539} INFO - Filling up the DagBag from /home/airflow/.local/lib/python3.8/site-packages/airflow/example_dags/example_nested_branch_dag.py
[2023-10-03T08:09:30.583+0000] {processor.py:839} INFO - DAG(s) dict_keys(['example_nested_branch_dag']) retrieved from /home/airflow/.local/lib/python3.8/site-packages/airflow/example_dags/example_nested_branch_dag.py
[2023-10-03T08:09:30.594+0000] {logging_mixin.py:151} INFO - [2023-10-03T08:09:30.594+0000] {dag.py:2915} INFO - Sync 1 DAGs
[2023-10-03T08:09:30.604+0000] {logging_mixin.py:151} INFO - [2023-10-03T08:09:30.604+0000] {dag.py:3696} INFO - Setting next_dagrun for example_nested_branch_dag to 2023-10-02T00:00:00+00:00, run_after=2023-10-03T00:00:00+00:00
[2023-10-03T08:09:30.611+0000] {processor.py:179} INFO - Processing /home/airflow/.local/lib/python3.8/site-packages/airflow/example_dags/example_nested_branch_dag.py took 0.037 seconds
[2023-10-03T08:10:01.016+0000] {processor.py:157} INFO - Started process (PID=1533) to work on /home/airflow/.local/lib/python3.8/site-packages/airflow/example_dags/example_nested_branch_dag.py
[2023-10-03T08:10:01.016+0000] {processor.py:829} INFO - Processing file /home/airflow/.local/lib/python3.8/site-packages/airflow/example_dags/example_nested_branch_dag.py for tasks to queue
[2023-10-03T08:10:01.018+0000] {logging_mixin.py:151} INFO - [2023-10-03T08:10:01.017+0000] {dagbag.py:539} INFO - Filling up the DagBag from /home/airflow/.local/lib/python3.8/site-packages/airflow/example_dags/example_nested_branch_dag.py
[2023-10-03T08:10:01.023+0000] {processor.py:839} INFO - DAG(s) dict_keys(['example_nested_branch_dag']) retrieved from /home/airflow/.local/lib/python3.8/site-packages/airflow/example_dags/example_nested_branch_dag.py
[2023-10-03T08:10:01.029+0000] {logging_mixin.py:151} INFO - [2023-10-03T08:10:01.029+0000] {dag.py:2915} INFO - Sync 1 DAGs
[2023-10-03T08:10:01.040+0000] {logging_mixin.py:151} INFO - [2023-10-03T08:10:01.040+0000] {dag.py:3696} INFO - Setting next_dagrun for example_nested_branch_dag to 2023-10-02T00:00:00+00:00, run_after=2023-10-03T00:00:00+00:00
[2023-10-03T08:10:01.048+0000] {processor.py:179} INFO - Processing /home/airflow/.local/lib/python3.8/site-packages/airflow/example_dags/example_nested_branch_dag.py took 0.034 seconds
[2023-10-03T08:10:32.073+0000] {processor.py:157} INFO - Started process (PID=1592) to work on /home/airflow/.local/lib/python3.8/site-packages/airflow/example_dags/example_nested_branch_dag.py
[2023-10-03T08:10:32.073+0000] {processor.py:829} INFO - Processing file /home/airflow/.local/lib/python3.8/site-packages/airflow/example_dags/example_nested_branch_dag.py for tasks to queue
[2023-10-03T08:10:32.075+0000] {logging_mixin.py:151} INFO - [2023-10-03T08:10:32.074+0000] {dagbag.py:539} INFO - Filling up the DagBag from /home/airflow/.local/lib/python3.8/site-packages/airflow/example_dags/example_nested_branch_dag.py
[2023-10-03T08:10:32.080+0000] {processor.py:839} INFO - DAG(s) dict_keys(['example_nested_branch_dag']) retrieved from /home/airflow/.local/lib/python3.8/site-packages/airflow/example_dags/example_nested_branch_dag.py
[2023-10-03T08:10:32.091+0000] {logging_mixin.py:151} INFO - [2023-10-03T08:10:32.091+0000] {dag.py:2915} INFO - Sync 1 DAGs
[2023-10-03T08:10:32.101+0000] {logging_mixin.py:151} INFO - [2023-10-03T08:10:32.101+0000] {dag.py:3696} INFO - Setting next_dagrun for example_nested_branch_dag to 2023-10-02T00:00:00+00:00, run_after=2023-10-03T00:00:00+00:00
[2023-10-03T08:10:32.108+0000] {processor.py:179} INFO - Processing /home/airflow/.local/lib/python3.8/site-packages/airflow/example_dags/example_nested_branch_dag.py took 0.037 seconds
[2023-10-03T08:11:02.563+0000] {processor.py:157} INFO - Started process (PID=1651) to work on /home/airflow/.local/lib/python3.8/site-packages/airflow/example_dags/example_nested_branch_dag.py
[2023-10-03T08:11:02.563+0000] {processor.py:829} INFO - Processing file /home/airflow/.local/lib/python3.8/site-packages/airflow/example_dags/example_nested_branch_dag.py for tasks to queue
[2023-10-03T08:11:02.565+0000] {logging_mixin.py:151} INFO - [2023-10-03T08:11:02.564+0000] {dagbag.py:539} INFO - Filling up the DagBag from /home/airflow/.local/lib/python3.8/site-packages/airflow/example_dags/example_nested_branch_dag.py
[2023-10-03T08:11:02.571+0000] {processor.py:839} INFO - DAG(s) dict_keys(['example_nested_branch_dag']) retrieved from /home/airflow/.local/lib/python3.8/site-packages/airflow/example_dags/example_nested_branch_dag.py
[2023-10-03T08:11:02.586+0000] {logging_mixin.py:151} INFO - [2023-10-03T08:11:02.586+0000] {dag.py:2915} INFO - Sync 1 DAGs
[2023-10-03T08:11:02.597+0000] {logging_mixin.py:151} INFO - [2023-10-03T08:11:02.597+0000] {dag.py:3696} INFO - Setting next_dagrun for example_nested_branch_dag to 2023-10-02T00:00:00+00:00, run_after=2023-10-03T00:00:00+00:00
[2023-10-03T08:11:02.616+0000] {processor.py:179} INFO - Processing /home/airflow/.local/lib/python3.8/site-packages/airflow/example_dags/example_nested_branch_dag.py took 0.056 seconds
[2023-10-03T08:11:32.918+0000] {processor.py:157} INFO - Started process (PID=1710) to work on /home/airflow/.local/lib/python3.8/site-packages/airflow/example_dags/example_nested_branch_dag.py
[2023-10-03T08:11:32.919+0000] {processor.py:829} INFO - Processing file /home/airflow/.local/lib/python3.8/site-packages/airflow/example_dags/example_nested_branch_dag.py for tasks to queue
[2023-10-03T08:11:32.920+0000] {logging_mixin.py:151} INFO - [2023-10-03T08:11:32.920+0000] {dagbag.py:539} INFO - Filling up the DagBag from /home/airflow/.local/lib/python3.8/site-packages/airflow/example_dags/example_nested_branch_dag.py
[2023-10-03T08:11:32.926+0000] {processor.py:839} INFO - DAG(s) dict_keys(['example_nested_branch_dag']) retrieved from /home/airflow/.local/lib/python3.8/site-packages/airflow/example_dags/example_nested_branch_dag.py
[2023-10-03T08:11:32.938+0000] {logging_mixin.py:151} INFO - [2023-10-03T08:11:32.938+0000] {dag.py:2915} INFO - Sync 1 DAGs
[2023-10-03T08:11:32.950+0000] {logging_mixin.py:151} INFO - [2023-10-03T08:11:32.950+0000] {dag.py:3696} INFO - Setting next_dagrun for example_nested_branch_dag to 2023-10-02T00:00:00+00:00, run_after=2023-10-03T00:00:00+00:00
[2023-10-03T08:11:32.958+0000] {processor.py:179} INFO - Processing /home/airflow/.local/lib/python3.8/site-packages/airflow/example_dags/example_nested_branch_dag.py took 0.042 seconds
[2023-10-03T08:12:03.503+0000] {processor.py:157} INFO - Started process (PID=1769) to work on /home/airflow/.local/lib/python3.8/site-packages/airflow/example_dags/example_nested_branch_dag.py
[2023-10-03T08:12:03.504+0000] {processor.py:829} INFO - Processing file /home/airflow/.local/lib/python3.8/site-packages/airflow/example_dags/example_nested_branch_dag.py for tasks to queue
[2023-10-03T08:12:03.505+0000] {logging_mixin.py:151} INFO - [2023-10-03T08:12:03.505+0000] {dagbag.py:539} INFO - Filling up the DagBag from /home/airflow/.local/lib/python3.8/site-packages/airflow/example_dags/example_nested_branch_dag.py
[2023-10-03T08:12:03.511+0000] {processor.py:839} INFO - DAG(s) dict_keys(['example_nested_branch_dag']) retrieved from /home/airflow/.local/lib/python3.8/site-packages/airflow/example_dags/example_nested_branch_dag.py
[2023-10-03T08:12:03.522+0000] {logging_mixin.py:151} INFO - [2023-10-03T08:12:03.522+0000] {dag.py:2915} INFO - Sync 1 DAGs
[2023-10-03T08:12:03.532+0000] {logging_mixin.py:151} INFO - [2023-10-03T08:12:03.532+0000] {dag.py:3696} INFO - Setting next_dagrun for example_nested_branch_dag to 2023-10-02T00:00:00+00:00, run_after=2023-10-03T00:00:00+00:00
[2023-10-03T08:12:03.540+0000] {processor.py:179} INFO - Processing /home/airflow/.local/lib/python3.8/site-packages/airflow/example_dags/example_nested_branch_dag.py took 0.039 seconds
[2023-10-03T08:12:33.655+0000] {processor.py:157} INFO - Started process (PID=1830) to work on /home/airflow/.local/lib/python3.8/site-packages/airflow/example_dags/example_nested_branch_dag.py
[2023-10-03T08:12:33.656+0000] {processor.py:829} INFO - Processing file /home/airflow/.local/lib/python3.8/site-packages/airflow/example_dags/example_nested_branch_dag.py for tasks to queue
[2023-10-03T08:12:33.657+0000] {logging_mixin.py:151} INFO - [2023-10-03T08:12:33.657+0000] {dagbag.py:539} INFO - Filling up the DagBag from /home/airflow/.local/lib/python3.8/site-packages/airflow/example_dags/example_nested_branch_dag.py
[2023-10-03T08:12:33.662+0000] {processor.py:839} INFO - DAG(s) dict_keys(['example_nested_branch_dag']) retrieved from /home/airflow/.local/lib/python3.8/site-packages/airflow/example_dags/example_nested_branch_dag.py
[2023-10-03T08:12:33.673+0000] {logging_mixin.py:151} INFO - [2023-10-03T08:12:33.673+0000] {dag.py:2915} INFO - Sync 1 DAGs
[2023-10-03T08:12:33.683+0000] {logging_mixin.py:151} INFO - [2023-10-03T08:12:33.682+0000] {dag.py:3696} INFO - Setting next_dagrun for example_nested_branch_dag to 2023-10-02T00:00:00+00:00, run_after=2023-10-03T00:00:00+00:00
[2023-10-03T08:12:33.689+0000] {processor.py:179} INFO - Processing /home/airflow/.local/lib/python3.8/site-packages/airflow/example_dags/example_nested_branch_dag.py took 0.036 seconds
[2023-10-03T08:13:38.152+0000] {processor.py:157} INFO - Started process (PID=59) to work on /home/airflow/.local/lib/python3.8/site-packages/airflow/example_dags/example_nested_branch_dag.py
[2023-10-03T08:13:38.154+0000] {processor.py:829} INFO - Processing file /home/airflow/.local/lib/python3.8/site-packages/airflow/example_dags/example_nested_branch_dag.py for tasks to queue
[2023-10-03T08:13:38.158+0000] {logging_mixin.py:151} INFO - [2023-10-03T08:13:38.158+0000] {dagbag.py:539} INFO - Filling up the DagBag from /home/airflow/.local/lib/python3.8/site-packages/airflow/example_dags/example_nested_branch_dag.py
[2023-10-03T08:13:38.188+0000] {processor.py:839} INFO - DAG(s) dict_keys(['example_nested_branch_dag']) retrieved from /home/airflow/.local/lib/python3.8/site-packages/airflow/example_dags/example_nested_branch_dag.py
[2023-10-03T08:13:38.206+0000] {logging_mixin.py:151} INFO - [2023-10-03T08:13:38.205+0000] {dag.py:2915} INFO - Sync 1 DAGs
[2023-10-03T08:13:38.244+0000] {logging_mixin.py:151} INFO - [2023-10-03T08:13:38.244+0000] {dag.py:3696} INFO - Setting next_dagrun for example_nested_branch_dag to 2023-10-02T00:00:00+00:00, run_after=2023-10-03T00:00:00+00:00
[2023-10-03T08:13:38.269+0000] {processor.py:179} INFO - Processing /home/airflow/.local/lib/python3.8/site-packages/airflow/example_dags/example_nested_branch_dag.py took 0.125 seconds
[2023-10-03T08:14:08.924+0000] {processor.py:157} INFO - Started process (PID=119) to work on /home/airflow/.local/lib/python3.8/site-packages/airflow/example_dags/example_nested_branch_dag.py
[2023-10-03T08:14:08.925+0000] {processor.py:829} INFO - Processing file /home/airflow/.local/lib/python3.8/site-packages/airflow/example_dags/example_nested_branch_dag.py for tasks to queue
[2023-10-03T08:14:08.926+0000] {logging_mixin.py:151} INFO - [2023-10-03T08:14:08.926+0000] {dagbag.py:539} INFO - Filling up the DagBag from /home/airflow/.local/lib/python3.8/site-packages/airflow/example_dags/example_nested_branch_dag.py
[2023-10-03T08:14:08.934+0000] {processor.py:839} INFO - DAG(s) dict_keys(['example_nested_branch_dag']) retrieved from /home/airflow/.local/lib/python3.8/site-packages/airflow/example_dags/example_nested_branch_dag.py
[2023-10-03T08:14:08.949+0000] {logging_mixin.py:151} INFO - [2023-10-03T08:14:08.949+0000] {dag.py:2915} INFO - Sync 1 DAGs
[2023-10-03T08:14:08.962+0000] {logging_mixin.py:151} INFO - [2023-10-03T08:14:08.962+0000] {dag.py:3696} INFO - Setting next_dagrun for example_nested_branch_dag to 2023-10-02T00:00:00+00:00, run_after=2023-10-03T00:00:00+00:00
[2023-10-03T08:14:08.970+0000] {processor.py:179} INFO - Processing /home/airflow/.local/lib/python3.8/site-packages/airflow/example_dags/example_nested_branch_dag.py took 0.048 seconds
[2023-10-03T08:14:39.681+0000] {processor.py:157} INFO - Started process (PID=179) to work on /home/airflow/.local/lib/python3.8/site-packages/airflow/example_dags/example_nested_branch_dag.py
[2023-10-03T08:14:39.682+0000] {processor.py:829} INFO - Processing file /home/airflow/.local/lib/python3.8/site-packages/airflow/example_dags/example_nested_branch_dag.py for tasks to queue
[2023-10-03T08:14:39.683+0000] {logging_mixin.py:151} INFO - [2023-10-03T08:14:39.683+0000] {dagbag.py:539} INFO - Filling up the DagBag from /home/airflow/.local/lib/python3.8/site-packages/airflow/example_dags/example_nested_branch_dag.py
[2023-10-03T08:14:39.689+0000] {processor.py:839} INFO - DAG(s) dict_keys(['example_nested_branch_dag']) retrieved from /home/airflow/.local/lib/python3.8/site-packages/airflow/example_dags/example_nested_branch_dag.py
[2023-10-03T08:14:39.699+0000] {logging_mixin.py:151} INFO - [2023-10-03T08:14:39.699+0000] {dag.py:2915} INFO - Sync 1 DAGs
[2023-10-03T08:14:39.709+0000] {logging_mixin.py:151} INFO - [2023-10-03T08:14:39.709+0000] {dag.py:3696} INFO - Setting next_dagrun for example_nested_branch_dag to 2023-10-02T00:00:00+00:00, run_after=2023-10-03T00:00:00+00:00
[2023-10-03T08:14:39.715+0000] {processor.py:179} INFO - Processing /home/airflow/.local/lib/python3.8/site-packages/airflow/example_dags/example_nested_branch_dag.py took 0.036 seconds
[2023-10-03T08:15:10.721+0000] {processor.py:157} INFO - Started process (PID=239) to work on /home/airflow/.local/lib/python3.8/site-packages/airflow/example_dags/example_nested_branch_dag.py
[2023-10-03T08:15:10.722+0000] {processor.py:829} INFO - Processing file /home/airflow/.local/lib/python3.8/site-packages/airflow/example_dags/example_nested_branch_dag.py for tasks to queue
[2023-10-03T08:15:10.723+0000] {logging_mixin.py:151} INFO - [2023-10-03T08:15:10.723+0000] {dagbag.py:539} INFO - Filling up the DagBag from /home/airflow/.local/lib/python3.8/site-packages/airflow/example_dags/example_nested_branch_dag.py
[2023-10-03T08:15:10.729+0000] {processor.py:839} INFO - DAG(s) dict_keys(['example_nested_branch_dag']) retrieved from /home/airflow/.local/lib/python3.8/site-packages/airflow/example_dags/example_nested_branch_dag.py
[2023-10-03T08:15:10.741+0000] {logging_mixin.py:151} INFO - [2023-10-03T08:15:10.741+0000] {dag.py:2915} INFO - Sync 1 DAGs
[2023-10-03T08:15:10.752+0000] {logging_mixin.py:151} INFO - [2023-10-03T08:15:10.752+0000] {dag.py:3696} INFO - Setting next_dagrun for example_nested_branch_dag to 2023-10-02T00:00:00+00:00, run_after=2023-10-03T00:00:00+00:00
[2023-10-03T08:15:10.759+0000] {processor.py:179} INFO - Processing /home/airflow/.local/lib/python3.8/site-packages/airflow/example_dags/example_nested_branch_dag.py took 0.041 seconds
[2023-10-03T08:15:41.065+0000] {processor.py:157} INFO - Started process (PID=300) to work on /home/airflow/.local/lib/python3.8/site-packages/airflow/example_dags/example_nested_branch_dag.py
[2023-10-03T08:15:41.066+0000] {processor.py:829} INFO - Processing file /home/airflow/.local/lib/python3.8/site-packages/airflow/example_dags/example_nested_branch_dag.py for tasks to queue
[2023-10-03T08:15:41.067+0000] {logging_mixin.py:151} INFO - [2023-10-03T08:15:41.067+0000] {dagbag.py:539} INFO - Filling up the DagBag from /home/airflow/.local/lib/python3.8/site-packages/airflow/example_dags/example_nested_branch_dag.py
[2023-10-03T08:15:41.073+0000] {processor.py:839} INFO - DAG(s) dict_keys(['example_nested_branch_dag']) retrieved from /home/airflow/.local/lib/python3.8/site-packages/airflow/example_dags/example_nested_branch_dag.py
[2023-10-03T08:15:41.082+0000] {logging_mixin.py:151} INFO - [2023-10-03T08:15:41.082+0000] {dag.py:2915} INFO - Sync 1 DAGs
[2023-10-03T08:15:41.092+0000] {logging_mixin.py:151} INFO - [2023-10-03T08:15:41.092+0000] {dag.py:3696} INFO - Setting next_dagrun for example_nested_branch_dag to 2023-10-02T00:00:00+00:00, run_after=2023-10-03T00:00:00+00:00
[2023-10-03T08:15:41.099+0000] {processor.py:179} INFO - Processing /home/airflow/.local/lib/python3.8/site-packages/airflow/example_dags/example_nested_branch_dag.py took 0.035 seconds
[2023-10-03T08:16:11.536+0000] {processor.py:157} INFO - Started process (PID=360) to work on /home/airflow/.local/lib/python3.8/site-packages/airflow/example_dags/example_nested_branch_dag.py
[2023-10-03T08:16:11.537+0000] {processor.py:829} INFO - Processing file /home/airflow/.local/lib/python3.8/site-packages/airflow/example_dags/example_nested_branch_dag.py for tasks to queue
[2023-10-03T08:16:11.539+0000] {logging_mixin.py:151} INFO - [2023-10-03T08:16:11.538+0000] {dagbag.py:539} INFO - Filling up the DagBag from /home/airflow/.local/lib/python3.8/site-packages/airflow/example_dags/example_nested_branch_dag.py
[2023-10-03T08:16:11.544+0000] {processor.py:839} INFO - DAG(s) dict_keys(['example_nested_branch_dag']) retrieved from /home/airflow/.local/lib/python3.8/site-packages/airflow/example_dags/example_nested_branch_dag.py
[2023-10-03T08:16:11.554+0000] {logging_mixin.py:151} INFO - [2023-10-03T08:16:11.554+0000] {dag.py:2915} INFO - Sync 1 DAGs
[2023-10-03T08:16:11.564+0000] {logging_mixin.py:151} INFO - [2023-10-03T08:16:11.563+0000] {dag.py:3696} INFO - Setting next_dagrun for example_nested_branch_dag to 2023-10-02T00:00:00+00:00, run_after=2023-10-03T00:00:00+00:00
[2023-10-03T08:16:11.570+0000] {processor.py:179} INFO - Processing /home/airflow/.local/lib/python3.8/site-packages/airflow/example_dags/example_nested_branch_dag.py took 0.036 seconds
[2023-10-03T08:16:42.102+0000] {processor.py:157} INFO - Started process (PID=420) to work on /home/airflow/.local/lib/python3.8/site-packages/airflow/example_dags/example_nested_branch_dag.py
[2023-10-03T08:16:42.103+0000] {processor.py:829} INFO - Processing file /home/airflow/.local/lib/python3.8/site-packages/airflow/example_dags/example_nested_branch_dag.py for tasks to queue
[2023-10-03T08:16:42.104+0000] {logging_mixin.py:151} INFO - [2023-10-03T08:16:42.104+0000] {dagbag.py:539} INFO - Filling up the DagBag from /home/airflow/.local/lib/python3.8/site-packages/airflow/example_dags/example_nested_branch_dag.py
[2023-10-03T08:16:42.110+0000] {processor.py:839} INFO - DAG(s) dict_keys(['example_nested_branch_dag']) retrieved from /home/airflow/.local/lib/python3.8/site-packages/airflow/example_dags/example_nested_branch_dag.py
[2023-10-03T08:16:42.121+0000] {logging_mixin.py:151} INFO - [2023-10-03T08:16:42.121+0000] {dag.py:2915} INFO - Sync 1 DAGs
[2023-10-03T08:16:42.131+0000] {logging_mixin.py:151} INFO - [2023-10-03T08:16:42.131+0000] {dag.py:3696} INFO - Setting next_dagrun for example_nested_branch_dag to 2023-10-02T00:00:00+00:00, run_after=2023-10-03T00:00:00+00:00
[2023-10-03T08:16:42.138+0000] {processor.py:179} INFO - Processing /home/airflow/.local/lib/python3.8/site-packages/airflow/example_dags/example_nested_branch_dag.py took 0.038 seconds
[2023-10-03T08:17:12.479+0000] {processor.py:157} INFO - Started process (PID=480) to work on /home/airflow/.local/lib/python3.8/site-packages/airflow/example_dags/example_nested_branch_dag.py
[2023-10-03T08:17:12.479+0000] {processor.py:829} INFO - Processing file /home/airflow/.local/lib/python3.8/site-packages/airflow/example_dags/example_nested_branch_dag.py for tasks to queue
[2023-10-03T08:17:12.481+0000] {logging_mixin.py:151} INFO - [2023-10-03T08:17:12.481+0000] {dagbag.py:539} INFO - Filling up the DagBag from /home/airflow/.local/lib/python3.8/site-packages/airflow/example_dags/example_nested_branch_dag.py
[2023-10-03T08:17:12.486+0000] {processor.py:839} INFO - DAG(s) dict_keys(['example_nested_branch_dag']) retrieved from /home/airflow/.local/lib/python3.8/site-packages/airflow/example_dags/example_nested_branch_dag.py
[2023-10-03T08:17:12.496+0000] {logging_mixin.py:151} INFO - [2023-10-03T08:17:12.496+0000] {dag.py:2915} INFO - Sync 1 DAGs
[2023-10-03T08:17:12.506+0000] {logging_mixin.py:151} INFO - [2023-10-03T08:17:12.506+0000] {dag.py:3696} INFO - Setting next_dagrun for example_nested_branch_dag to 2023-10-02T00:00:00+00:00, run_after=2023-10-03T00:00:00+00:00
[2023-10-03T08:17:12.513+0000] {processor.py:179} INFO - Processing /home/airflow/.local/lib/python3.8/site-packages/airflow/example_dags/example_nested_branch_dag.py took 0.037 seconds
