[2023-10-03T07:43:55.580+0000] {processor.py:157} INFO - Started process (PID=50) to work on /home/airflow/.local/lib/python3.8/site-packages/airflow/example_dags/tutorial_dag.py
[2023-10-03T07:43:55.582+0000] {processor.py:829} INFO - Processing file /home/airflow/.local/lib/python3.8/site-packages/airflow/example_dags/tutorial_dag.py for tasks to queue
[2023-10-03T07:43:55.586+0000] {logging_mixin.py:151} INFO - [2023-10-03T07:43:55.585+0000] {dagbag.py:539} INFO - Filling up the DagBag from /home/airflow/.local/lib/python3.8/site-packages/airflow/example_dags/tutorial_dag.py
[2023-10-03T07:43:55.597+0000] {processor.py:839} INFO - DAG(s) dict_keys(['tutorial_dag']) retrieved from /home/airflow/.local/lib/python3.8/site-packages/airflow/example_dags/tutorial_dag.py
[2023-10-03T07:43:55.613+0000] {logging_mixin.py:151} INFO - [2023-10-03T07:43:55.613+0000] {dag.py:2915} INFO - Sync 1 DAGs
[2023-10-03T07:43:55.628+0000] {logging_mixin.py:151} INFO - [2023-10-03T07:43:55.628+0000] {dag.py:3696} INFO - Setting next_dagrun for tutorial_dag to None, run_after=None
[2023-10-03T07:43:55.661+0000] {processor.py:179} INFO - Processing /home/airflow/.local/lib/python3.8/site-packages/airflow/example_dags/tutorial_dag.py took 0.087 seconds
[2023-10-03T07:44:26.558+0000] {processor.py:157} INFO - Started process (PID=109) to work on /home/airflow/.local/lib/python3.8/site-packages/airflow/example_dags/tutorial_dag.py
[2023-10-03T07:44:26.559+0000] {processor.py:829} INFO - Processing file /home/airflow/.local/lib/python3.8/site-packages/airflow/example_dags/tutorial_dag.py for tasks to queue
[2023-10-03T07:44:26.561+0000] {logging_mixin.py:151} INFO - [2023-10-03T07:44:26.561+0000] {dagbag.py:539} INFO - Filling up the DagBag from /home/airflow/.local/lib/python3.8/site-packages/airflow/example_dags/tutorial_dag.py
[2023-10-03T07:44:26.564+0000] {processor.py:839} INFO - DAG(s) dict_keys(['tutorial_dag']) retrieved from /home/airflow/.local/lib/python3.8/site-packages/airflow/example_dags/tutorial_dag.py
[2023-10-03T07:44:26.576+0000] {logging_mixin.py:151} INFO - [2023-10-03T07:44:26.576+0000] {dag.py:2915} INFO - Sync 1 DAGs
[2023-10-03T07:44:26.582+0000] {logging_mixin.py:151} INFO - [2023-10-03T07:44:26.582+0000] {dag.py:3696} INFO - Setting next_dagrun for tutorial_dag to None, run_after=None
[2023-10-03T07:44:26.591+0000] {processor.py:179} INFO - Processing /home/airflow/.local/lib/python3.8/site-packages/airflow/example_dags/tutorial_dag.py took 0.035 seconds
[2023-10-03T07:44:56.815+0000] {processor.py:157} INFO - Started process (PID=168) to work on /home/airflow/.local/lib/python3.8/site-packages/airflow/example_dags/tutorial_dag.py
[2023-10-03T07:44:56.816+0000] {processor.py:829} INFO - Processing file /home/airflow/.local/lib/python3.8/site-packages/airflow/example_dags/tutorial_dag.py for tasks to queue
[2023-10-03T07:44:56.818+0000] {logging_mixin.py:151} INFO - [2023-10-03T07:44:56.817+0000] {dagbag.py:539} INFO - Filling up the DagBag from /home/airflow/.local/lib/python3.8/site-packages/airflow/example_dags/tutorial_dag.py
[2023-10-03T07:44:56.821+0000] {processor.py:839} INFO - DAG(s) dict_keys(['tutorial_dag']) retrieved from /home/airflow/.local/lib/python3.8/site-packages/airflow/example_dags/tutorial_dag.py
[2023-10-03T07:44:56.831+0000] {logging_mixin.py:151} INFO - [2023-10-03T07:44:56.831+0000] {dag.py:2915} INFO - Sync 1 DAGs
[2023-10-03T07:44:56.839+0000] {logging_mixin.py:151} INFO - [2023-10-03T07:44:56.839+0000] {dag.py:3696} INFO - Setting next_dagrun for tutorial_dag to None, run_after=None
[2023-10-03T07:44:56.851+0000] {processor.py:179} INFO - Processing /home/airflow/.local/lib/python3.8/site-packages/airflow/example_dags/tutorial_dag.py took 0.038 seconds
[2023-10-03T07:45:27.363+0000] {processor.py:157} INFO - Started process (PID=227) to work on /home/airflow/.local/lib/python3.8/site-packages/airflow/example_dags/tutorial_dag.py
[2023-10-03T07:45:27.364+0000] {processor.py:829} INFO - Processing file /home/airflow/.local/lib/python3.8/site-packages/airflow/example_dags/tutorial_dag.py for tasks to queue
[2023-10-03T07:45:27.366+0000] {logging_mixin.py:151} INFO - [2023-10-03T07:45:27.366+0000] {dagbag.py:539} INFO - Filling up the DagBag from /home/airflow/.local/lib/python3.8/site-packages/airflow/example_dags/tutorial_dag.py
[2023-10-03T07:45:27.369+0000] {processor.py:839} INFO - DAG(s) dict_keys(['tutorial_dag']) retrieved from /home/airflow/.local/lib/python3.8/site-packages/airflow/example_dags/tutorial_dag.py
[2023-10-03T07:45:27.383+0000] {logging_mixin.py:151} INFO - [2023-10-03T07:45:27.383+0000] {dag.py:2915} INFO - Sync 1 DAGs
[2023-10-03T07:45:27.391+0000] {logging_mixin.py:151} INFO - [2023-10-03T07:45:27.391+0000] {dag.py:3696} INFO - Setting next_dagrun for tutorial_dag to None, run_after=None
[2023-10-03T07:45:27.402+0000] {processor.py:179} INFO - Processing /home/airflow/.local/lib/python3.8/site-packages/airflow/example_dags/tutorial_dag.py took 0.042 seconds
[2023-10-03T07:50:25.780+0000] {processor.py:157} INFO - Started process (PID=51) to work on /home/airflow/.local/lib/python3.8/site-packages/airflow/example_dags/tutorial_dag.py
[2023-10-03T07:50:25.781+0000] {processor.py:829} INFO - Processing file /home/airflow/.local/lib/python3.8/site-packages/airflow/example_dags/tutorial_dag.py for tasks to queue
[2023-10-03T07:50:25.782+0000] {logging_mixin.py:151} INFO - [2023-10-03T07:50:25.782+0000] {dagbag.py:539} INFO - Filling up the DagBag from /home/airflow/.local/lib/python3.8/site-packages/airflow/example_dags/tutorial_dag.py
[2023-10-03T07:50:25.799+0000] {processor.py:839} INFO - DAG(s) dict_keys(['tutorial_dag']) retrieved from /home/airflow/.local/lib/python3.8/site-packages/airflow/example_dags/tutorial_dag.py
[2023-10-03T07:50:25.820+0000] {logging_mixin.py:151} INFO - [2023-10-03T07:50:25.820+0000] {dag.py:2915} INFO - Sync 1 DAGs
[2023-10-03T07:50:25.840+0000] {logging_mixin.py:151} INFO - [2023-10-03T07:50:25.840+0000] {dag.py:3696} INFO - Setting next_dagrun for tutorial_dag to None, run_after=None
[2023-10-03T07:50:25.858+0000] {processor.py:179} INFO - Processing /home/airflow/.local/lib/python3.8/site-packages/airflow/example_dags/tutorial_dag.py took 0.080 seconds
[2023-10-03T07:50:56.093+0000] {processor.py:157} INFO - Started process (PID=110) to work on /home/airflow/.local/lib/python3.8/site-packages/airflow/example_dags/tutorial_dag.py
[2023-10-03T07:50:56.094+0000] {processor.py:829} INFO - Processing file /home/airflow/.local/lib/python3.8/site-packages/airflow/example_dags/tutorial_dag.py for tasks to queue
[2023-10-03T07:50:56.096+0000] {logging_mixin.py:151} INFO - [2023-10-03T07:50:56.095+0000] {dagbag.py:539} INFO - Filling up the DagBag from /home/airflow/.local/lib/python3.8/site-packages/airflow/example_dags/tutorial_dag.py
[2023-10-03T07:50:56.100+0000] {processor.py:839} INFO - DAG(s) dict_keys(['tutorial_dag']) retrieved from /home/airflow/.local/lib/python3.8/site-packages/airflow/example_dags/tutorial_dag.py
[2023-10-03T07:50:56.112+0000] {logging_mixin.py:151} INFO - [2023-10-03T07:50:56.112+0000] {dag.py:2915} INFO - Sync 1 DAGs
[2023-10-03T07:50:56.118+0000] {logging_mixin.py:151} INFO - [2023-10-03T07:50:56.118+0000] {dag.py:3696} INFO - Setting next_dagrun for tutorial_dag to None, run_after=None
[2023-10-03T07:50:56.132+0000] {processor.py:179} INFO - Processing /home/airflow/.local/lib/python3.8/site-packages/airflow/example_dags/tutorial_dag.py took 0.041 seconds
[2023-10-03T07:51:26.693+0000] {processor.py:157} INFO - Started process (PID=169) to work on /home/airflow/.local/lib/python3.8/site-packages/airflow/example_dags/tutorial_dag.py
[2023-10-03T07:51:26.694+0000] {processor.py:829} INFO - Processing file /home/airflow/.local/lib/python3.8/site-packages/airflow/example_dags/tutorial_dag.py for tasks to queue
[2023-10-03T07:51:26.695+0000] {logging_mixin.py:151} INFO - [2023-10-03T07:51:26.695+0000] {dagbag.py:539} INFO - Filling up the DagBag from /home/airflow/.local/lib/python3.8/site-packages/airflow/example_dags/tutorial_dag.py
[2023-10-03T07:51:26.698+0000] {processor.py:839} INFO - DAG(s) dict_keys(['tutorial_dag']) retrieved from /home/airflow/.local/lib/python3.8/site-packages/airflow/example_dags/tutorial_dag.py
[2023-10-03T07:51:26.708+0000] {logging_mixin.py:151} INFO - [2023-10-03T07:51:26.708+0000] {dag.py:2915} INFO - Sync 1 DAGs
[2023-10-03T07:51:26.714+0000] {logging_mixin.py:151} INFO - [2023-10-03T07:51:26.714+0000] {dag.py:3696} INFO - Setting next_dagrun for tutorial_dag to None, run_after=None
[2023-10-03T07:51:26.721+0000] {processor.py:179} INFO - Processing /home/airflow/.local/lib/python3.8/site-packages/airflow/example_dags/tutorial_dag.py took 0.030 seconds
[2023-10-03T07:57:14.199+0000] {processor.py:157} INFO - Started process (PID=51) to work on /home/airflow/.local/lib/python3.8/site-packages/airflow/example_dags/tutorial_dag.py
[2023-10-03T07:57:14.200+0000] {processor.py:829} INFO - Processing file /home/airflow/.local/lib/python3.8/site-packages/airflow/example_dags/tutorial_dag.py for tasks to queue
[2023-10-03T07:57:14.203+0000] {logging_mixin.py:151} INFO - [2023-10-03T07:57:14.203+0000] {dagbag.py:539} INFO - Filling up the DagBag from /home/airflow/.local/lib/python3.8/site-packages/airflow/example_dags/tutorial_dag.py
[2023-10-03T07:57:14.211+0000] {processor.py:839} INFO - DAG(s) dict_keys(['tutorial_dag']) retrieved from /home/airflow/.local/lib/python3.8/site-packages/airflow/example_dags/tutorial_dag.py
[2023-10-03T07:57:14.236+0000] {logging_mixin.py:151} INFO - [2023-10-03T07:57:14.236+0000] {dag.py:2915} INFO - Sync 1 DAGs
[2023-10-03T07:57:14.255+0000] {logging_mixin.py:151} INFO - [2023-10-03T07:57:14.255+0000] {dag.py:3696} INFO - Setting next_dagrun for tutorial_dag to None, run_after=None
[2023-10-03T07:57:14.281+0000] {processor.py:179} INFO - Processing /home/airflow/.local/lib/python3.8/site-packages/airflow/example_dags/tutorial_dag.py took 0.086 seconds
[2023-10-03T07:57:45.263+0000] {processor.py:157} INFO - Started process (PID=110) to work on /home/airflow/.local/lib/python3.8/site-packages/airflow/example_dags/tutorial_dag.py
[2023-10-03T07:57:45.264+0000] {processor.py:829} INFO - Processing file /home/airflow/.local/lib/python3.8/site-packages/airflow/example_dags/tutorial_dag.py for tasks to queue
[2023-10-03T07:57:45.266+0000] {logging_mixin.py:151} INFO - [2023-10-03T07:57:45.266+0000] {dagbag.py:539} INFO - Filling up the DagBag from /home/airflow/.local/lib/python3.8/site-packages/airflow/example_dags/tutorial_dag.py
[2023-10-03T07:57:45.269+0000] {processor.py:839} INFO - DAG(s) dict_keys(['tutorial_dag']) retrieved from /home/airflow/.local/lib/python3.8/site-packages/airflow/example_dags/tutorial_dag.py
[2023-10-03T07:57:45.280+0000] {logging_mixin.py:151} INFO - [2023-10-03T07:57:45.280+0000] {dag.py:2915} INFO - Sync 1 DAGs
[2023-10-03T07:57:45.286+0000] {logging_mixin.py:151} INFO - [2023-10-03T07:57:45.286+0000] {dag.py:3696} INFO - Setting next_dagrun for tutorial_dag to None, run_after=None
[2023-10-03T07:57:45.299+0000] {processor.py:179} INFO - Processing /home/airflow/.local/lib/python3.8/site-packages/airflow/example_dags/tutorial_dag.py took 0.038 seconds
[2023-10-03T07:58:15.598+0000] {processor.py:157} INFO - Started process (PID=169) to work on /home/airflow/.local/lib/python3.8/site-packages/airflow/example_dags/tutorial_dag.py
[2023-10-03T07:58:15.602+0000] {processor.py:829} INFO - Processing file /home/airflow/.local/lib/python3.8/site-packages/airflow/example_dags/tutorial_dag.py for tasks to queue
[2023-10-03T07:58:15.605+0000] {logging_mixin.py:151} INFO - [2023-10-03T07:58:15.605+0000] {dagbag.py:539} INFO - Filling up the DagBag from /home/airflow/.local/lib/python3.8/site-packages/airflow/example_dags/tutorial_dag.py
[2023-10-03T07:58:15.612+0000] {processor.py:839} INFO - DAG(s) dict_keys(['tutorial_dag']) retrieved from /home/airflow/.local/lib/python3.8/site-packages/airflow/example_dags/tutorial_dag.py
[2023-10-03T07:58:15.631+0000] {logging_mixin.py:151} INFO - [2023-10-03T07:58:15.631+0000] {dag.py:2915} INFO - Sync 1 DAGs
[2023-10-03T07:58:15.643+0000] {logging_mixin.py:151} INFO - [2023-10-03T07:58:15.643+0000] {dag.py:3696} INFO - Setting next_dagrun for tutorial_dag to None, run_after=None
[2023-10-03T07:58:15.653+0000] {processor.py:179} INFO - Processing /home/airflow/.local/lib/python3.8/site-packages/airflow/example_dags/tutorial_dag.py took 0.060 seconds
[2023-10-03T07:58:45.795+0000] {processor.py:157} INFO - Started process (PID=228) to work on /home/airflow/.local/lib/python3.8/site-packages/airflow/example_dags/tutorial_dag.py
[2023-10-03T07:58:45.796+0000] {processor.py:829} INFO - Processing file /home/airflow/.local/lib/python3.8/site-packages/airflow/example_dags/tutorial_dag.py for tasks to queue
[2023-10-03T07:58:45.797+0000] {logging_mixin.py:151} INFO - [2023-10-03T07:58:45.797+0000] {dagbag.py:539} INFO - Filling up the DagBag from /home/airflow/.local/lib/python3.8/site-packages/airflow/example_dags/tutorial_dag.py
[2023-10-03T07:58:45.801+0000] {processor.py:839} INFO - DAG(s) dict_keys(['tutorial_dag']) retrieved from /home/airflow/.local/lib/python3.8/site-packages/airflow/example_dags/tutorial_dag.py
[2023-10-03T07:58:45.812+0000] {logging_mixin.py:151} INFO - [2023-10-03T07:58:45.812+0000] {dag.py:2915} INFO - Sync 1 DAGs
[2023-10-03T07:58:45.818+0000] {logging_mixin.py:151} INFO - [2023-10-03T07:58:45.818+0000] {dag.py:3696} INFO - Setting next_dagrun for tutorial_dag to None, run_after=None
[2023-10-03T07:58:45.826+0000] {processor.py:179} INFO - Processing /home/airflow/.local/lib/python3.8/site-packages/airflow/example_dags/tutorial_dag.py took 0.032 seconds
[2023-10-03T07:59:17.100+0000] {processor.py:157} INFO - Started process (PID=287) to work on /home/airflow/.local/lib/python3.8/site-packages/airflow/example_dags/tutorial_dag.py
[2023-10-03T07:59:17.101+0000] {processor.py:829} INFO - Processing file /home/airflow/.local/lib/python3.8/site-packages/airflow/example_dags/tutorial_dag.py for tasks to queue
[2023-10-03T07:59:17.104+0000] {logging_mixin.py:151} INFO - [2023-10-03T07:59:17.104+0000] {dagbag.py:539} INFO - Filling up the DagBag from /home/airflow/.local/lib/python3.8/site-packages/airflow/example_dags/tutorial_dag.py
[2023-10-03T07:59:17.107+0000] {processor.py:839} INFO - DAG(s) dict_keys(['tutorial_dag']) retrieved from /home/airflow/.local/lib/python3.8/site-packages/airflow/example_dags/tutorial_dag.py
[2023-10-03T07:59:17.119+0000] {logging_mixin.py:151} INFO - [2023-10-03T07:59:17.118+0000] {dag.py:2915} INFO - Sync 1 DAGs
[2023-10-03T07:59:17.125+0000] {logging_mixin.py:151} INFO - [2023-10-03T07:59:17.125+0000] {dag.py:3696} INFO - Setting next_dagrun for tutorial_dag to None, run_after=None
[2023-10-03T07:59:17.133+0000] {processor.py:179} INFO - Processing /home/airflow/.local/lib/python3.8/site-packages/airflow/example_dags/tutorial_dag.py took 0.035 seconds
[2023-10-03T07:59:47.729+0000] {processor.py:157} INFO - Started process (PID=346) to work on /home/airflow/.local/lib/python3.8/site-packages/airflow/example_dags/tutorial_dag.py
[2023-10-03T07:59:47.730+0000] {processor.py:829} INFO - Processing file /home/airflow/.local/lib/python3.8/site-packages/airflow/example_dags/tutorial_dag.py for tasks to queue
[2023-10-03T07:59:47.731+0000] {logging_mixin.py:151} INFO - [2023-10-03T07:59:47.731+0000] {dagbag.py:539} INFO - Filling up the DagBag from /home/airflow/.local/lib/python3.8/site-packages/airflow/example_dags/tutorial_dag.py
[2023-10-03T07:59:47.734+0000] {processor.py:839} INFO - DAG(s) dict_keys(['tutorial_dag']) retrieved from /home/airflow/.local/lib/python3.8/site-packages/airflow/example_dags/tutorial_dag.py
[2023-10-03T07:59:47.745+0000] {logging_mixin.py:151} INFO - [2023-10-03T07:59:47.745+0000] {dag.py:2915} INFO - Sync 1 DAGs
[2023-10-03T07:59:47.751+0000] {logging_mixin.py:151} INFO - [2023-10-03T07:59:47.751+0000] {dag.py:3696} INFO - Setting next_dagrun for tutorial_dag to None, run_after=None
[2023-10-03T07:59:47.759+0000] {processor.py:179} INFO - Processing /home/airflow/.local/lib/python3.8/site-packages/airflow/example_dags/tutorial_dag.py took 0.031 seconds
[2023-10-03T08:00:19.036+0000] {processor.py:157} INFO - Started process (PID=405) to work on /home/airflow/.local/lib/python3.8/site-packages/airflow/example_dags/tutorial_dag.py
[2023-10-03T08:00:19.037+0000] {processor.py:829} INFO - Processing file /home/airflow/.local/lib/python3.8/site-packages/airflow/example_dags/tutorial_dag.py for tasks to queue
[2023-10-03T08:00:19.038+0000] {logging_mixin.py:151} INFO - [2023-10-03T08:00:19.038+0000] {dagbag.py:539} INFO - Filling up the DagBag from /home/airflow/.local/lib/python3.8/site-packages/airflow/example_dags/tutorial_dag.py
[2023-10-03T08:00:19.041+0000] {processor.py:839} INFO - DAG(s) dict_keys(['tutorial_dag']) retrieved from /home/airflow/.local/lib/python3.8/site-packages/airflow/example_dags/tutorial_dag.py
[2023-10-03T08:00:19.051+0000] {logging_mixin.py:151} INFO - [2023-10-03T08:00:19.051+0000] {dag.py:2915} INFO - Sync 1 DAGs
[2023-10-03T08:00:19.057+0000] {logging_mixin.py:151} INFO - [2023-10-03T08:00:19.057+0000] {dag.py:3696} INFO - Setting next_dagrun for tutorial_dag to None, run_after=None
[2023-10-03T08:00:19.065+0000] {processor.py:179} INFO - Processing /home/airflow/.local/lib/python3.8/site-packages/airflow/example_dags/tutorial_dag.py took 0.031 seconds
[2023-10-03T08:00:50.309+0000] {processor.py:157} INFO - Started process (PID=464) to work on /home/airflow/.local/lib/python3.8/site-packages/airflow/example_dags/tutorial_dag.py
[2023-10-03T08:00:50.310+0000] {processor.py:829} INFO - Processing file /home/airflow/.local/lib/python3.8/site-packages/airflow/example_dags/tutorial_dag.py for tasks to queue
[2023-10-03T08:00:50.312+0000] {logging_mixin.py:151} INFO - [2023-10-03T08:00:50.311+0000] {dagbag.py:539} INFO - Filling up the DagBag from /home/airflow/.local/lib/python3.8/site-packages/airflow/example_dags/tutorial_dag.py
[2023-10-03T08:00:50.314+0000] {processor.py:839} INFO - DAG(s) dict_keys(['tutorial_dag']) retrieved from /home/airflow/.local/lib/python3.8/site-packages/airflow/example_dags/tutorial_dag.py
[2023-10-03T08:00:50.324+0000] {logging_mixin.py:151} INFO - [2023-10-03T08:00:50.324+0000] {dag.py:2915} INFO - Sync 1 DAGs
[2023-10-03T08:00:50.329+0000] {logging_mixin.py:151} INFO - [2023-10-03T08:00:50.329+0000] {dag.py:3696} INFO - Setting next_dagrun for tutorial_dag to None, run_after=None
[2023-10-03T08:00:50.336+0000] {processor.py:179} INFO - Processing /home/airflow/.local/lib/python3.8/site-packages/airflow/example_dags/tutorial_dag.py took 0.029 seconds
[2023-10-03T08:01:21.315+0000] {processor.py:157} INFO - Started process (PID=523) to work on /home/airflow/.local/lib/python3.8/site-packages/airflow/example_dags/tutorial_dag.py
[2023-10-03T08:01:21.316+0000] {processor.py:829} INFO - Processing file /home/airflow/.local/lib/python3.8/site-packages/airflow/example_dags/tutorial_dag.py for tasks to queue
[2023-10-03T08:01:21.317+0000] {logging_mixin.py:151} INFO - [2023-10-03T08:01:21.317+0000] {dagbag.py:539} INFO - Filling up the DagBag from /home/airflow/.local/lib/python3.8/site-packages/airflow/example_dags/tutorial_dag.py
[2023-10-03T08:01:21.320+0000] {processor.py:839} INFO - DAG(s) dict_keys(['tutorial_dag']) retrieved from /home/airflow/.local/lib/python3.8/site-packages/airflow/example_dags/tutorial_dag.py
[2023-10-03T08:01:21.330+0000] {logging_mixin.py:151} INFO - [2023-10-03T08:01:21.330+0000] {dag.py:2915} INFO - Sync 1 DAGs
[2023-10-03T08:01:21.336+0000] {logging_mixin.py:151} INFO - [2023-10-03T08:01:21.336+0000] {dag.py:3696} INFO - Setting next_dagrun for tutorial_dag to None, run_after=None
[2023-10-03T08:01:21.344+0000] {processor.py:179} INFO - Processing /home/airflow/.local/lib/python3.8/site-packages/airflow/example_dags/tutorial_dag.py took 0.031 seconds
[2023-10-03T08:01:52.396+0000] {processor.py:157} INFO - Started process (PID=582) to work on /home/airflow/.local/lib/python3.8/site-packages/airflow/example_dags/tutorial_dag.py
[2023-10-03T08:01:52.397+0000] {processor.py:829} INFO - Processing file /home/airflow/.local/lib/python3.8/site-packages/airflow/example_dags/tutorial_dag.py for tasks to queue
[2023-10-03T08:01:52.398+0000] {logging_mixin.py:151} INFO - [2023-10-03T08:01:52.398+0000] {dagbag.py:539} INFO - Filling up the DagBag from /home/airflow/.local/lib/python3.8/site-packages/airflow/example_dags/tutorial_dag.py
[2023-10-03T08:01:52.401+0000] {processor.py:839} INFO - DAG(s) dict_keys(['tutorial_dag']) retrieved from /home/airflow/.local/lib/python3.8/site-packages/airflow/example_dags/tutorial_dag.py
[2023-10-03T08:01:52.412+0000] {logging_mixin.py:151} INFO - [2023-10-03T08:01:52.412+0000] {dag.py:2915} INFO - Sync 1 DAGs
[2023-10-03T08:01:52.418+0000] {logging_mixin.py:151} INFO - [2023-10-03T08:01:52.418+0000] {dag.py:3696} INFO - Setting next_dagrun for tutorial_dag to None, run_after=None
[2023-10-03T08:01:52.425+0000] {processor.py:179} INFO - Processing /home/airflow/.local/lib/python3.8/site-packages/airflow/example_dags/tutorial_dag.py took 0.031 seconds
[2023-10-03T08:02:22.860+0000] {processor.py:157} INFO - Started process (PID=641) to work on /home/airflow/.local/lib/python3.8/site-packages/airflow/example_dags/tutorial_dag.py
[2023-10-03T08:02:22.861+0000] {processor.py:829} INFO - Processing file /home/airflow/.local/lib/python3.8/site-packages/airflow/example_dags/tutorial_dag.py for tasks to queue
[2023-10-03T08:02:22.862+0000] {logging_mixin.py:151} INFO - [2023-10-03T08:02:22.862+0000] {dagbag.py:539} INFO - Filling up the DagBag from /home/airflow/.local/lib/python3.8/site-packages/airflow/example_dags/tutorial_dag.py
[2023-10-03T08:02:22.865+0000] {processor.py:839} INFO - DAG(s) dict_keys(['tutorial_dag']) retrieved from /home/airflow/.local/lib/python3.8/site-packages/airflow/example_dags/tutorial_dag.py
[2023-10-03T08:02:22.875+0000] {logging_mixin.py:151} INFO - [2023-10-03T08:02:22.875+0000] {dag.py:2915} INFO - Sync 1 DAGs
[2023-10-03T08:02:22.881+0000] {logging_mixin.py:151} INFO - [2023-10-03T08:02:22.881+0000] {dag.py:3696} INFO - Setting next_dagrun for tutorial_dag to None, run_after=None
[2023-10-03T08:02:22.889+0000] {processor.py:179} INFO - Processing /home/airflow/.local/lib/python3.8/site-packages/airflow/example_dags/tutorial_dag.py took 0.031 seconds
[2023-10-03T08:02:53.368+0000] {processor.py:157} INFO - Started process (PID=700) to work on /home/airflow/.local/lib/python3.8/site-packages/airflow/example_dags/tutorial_dag.py
[2023-10-03T08:02:53.369+0000] {processor.py:829} INFO - Processing file /home/airflow/.local/lib/python3.8/site-packages/airflow/example_dags/tutorial_dag.py for tasks to queue
[2023-10-03T08:02:53.370+0000] {logging_mixin.py:151} INFO - [2023-10-03T08:02:53.370+0000] {dagbag.py:539} INFO - Filling up the DagBag from /home/airflow/.local/lib/python3.8/site-packages/airflow/example_dags/tutorial_dag.py
[2023-10-03T08:02:53.376+0000] {processor.py:839} INFO - DAG(s) dict_keys(['tutorial_dag']) retrieved from /home/airflow/.local/lib/python3.8/site-packages/airflow/example_dags/tutorial_dag.py
[2023-10-03T08:02:53.387+0000] {logging_mixin.py:151} INFO - [2023-10-03T08:02:53.387+0000] {dag.py:2915} INFO - Sync 1 DAGs
[2023-10-03T08:02:53.393+0000] {logging_mixin.py:151} INFO - [2023-10-03T08:02:53.392+0000] {dag.py:3696} INFO - Setting next_dagrun for tutorial_dag to None, run_after=None
[2023-10-03T08:02:53.403+0000] {processor.py:179} INFO - Processing /home/airflow/.local/lib/python3.8/site-packages/airflow/example_dags/tutorial_dag.py took 0.036 seconds
[2023-10-03T08:03:23.657+0000] {processor.py:157} INFO - Started process (PID=759) to work on /home/airflow/.local/lib/python3.8/site-packages/airflow/example_dags/tutorial_dag.py
[2023-10-03T08:03:23.658+0000] {processor.py:829} INFO - Processing file /home/airflow/.local/lib/python3.8/site-packages/airflow/example_dags/tutorial_dag.py for tasks to queue
[2023-10-03T08:03:23.660+0000] {logging_mixin.py:151} INFO - [2023-10-03T08:03:23.659+0000] {dagbag.py:539} INFO - Filling up the DagBag from /home/airflow/.local/lib/python3.8/site-packages/airflow/example_dags/tutorial_dag.py
[2023-10-03T08:03:23.662+0000] {processor.py:839} INFO - DAG(s) dict_keys(['tutorial_dag']) retrieved from /home/airflow/.local/lib/python3.8/site-packages/airflow/example_dags/tutorial_dag.py
[2023-10-03T08:03:23.672+0000] {logging_mixin.py:151} INFO - [2023-10-03T08:03:23.672+0000] {dag.py:2915} INFO - Sync 1 DAGs
[2023-10-03T08:03:23.677+0000] {logging_mixin.py:151} INFO - [2023-10-03T08:03:23.677+0000] {dag.py:3696} INFO - Setting next_dagrun for tutorial_dag to None, run_after=None
[2023-10-03T08:03:23.684+0000] {processor.py:179} INFO - Processing /home/airflow/.local/lib/python3.8/site-packages/airflow/example_dags/tutorial_dag.py took 0.029 seconds
[2023-10-03T08:03:54.036+0000] {processor.py:157} INFO - Started process (PID=818) to work on /home/airflow/.local/lib/python3.8/site-packages/airflow/example_dags/tutorial_dag.py
[2023-10-03T08:03:54.037+0000] {processor.py:829} INFO - Processing file /home/airflow/.local/lib/python3.8/site-packages/airflow/example_dags/tutorial_dag.py for tasks to queue
[2023-10-03T08:03:54.039+0000] {logging_mixin.py:151} INFO - [2023-10-03T08:03:54.038+0000] {dagbag.py:539} INFO - Filling up the DagBag from /home/airflow/.local/lib/python3.8/site-packages/airflow/example_dags/tutorial_dag.py
[2023-10-03T08:03:54.042+0000] {processor.py:839} INFO - DAG(s) dict_keys(['tutorial_dag']) retrieved from /home/airflow/.local/lib/python3.8/site-packages/airflow/example_dags/tutorial_dag.py
[2023-10-03T08:03:54.052+0000] {logging_mixin.py:151} INFO - [2023-10-03T08:03:54.052+0000] {dag.py:2915} INFO - Sync 1 DAGs
[2023-10-03T08:03:54.057+0000] {logging_mixin.py:151} INFO - [2023-10-03T08:03:54.057+0000] {dag.py:3696} INFO - Setting next_dagrun for tutorial_dag to None, run_after=None
[2023-10-03T08:03:54.065+0000] {processor.py:179} INFO - Processing /home/airflow/.local/lib/python3.8/site-packages/airflow/example_dags/tutorial_dag.py took 0.030 seconds
[2023-10-03T08:04:24.417+0000] {processor.py:157} INFO - Started process (PID=877) to work on /home/airflow/.local/lib/python3.8/site-packages/airflow/example_dags/tutorial_dag.py
[2023-10-03T08:04:24.418+0000] {processor.py:829} INFO - Processing file /home/airflow/.local/lib/python3.8/site-packages/airflow/example_dags/tutorial_dag.py for tasks to queue
[2023-10-03T08:04:24.419+0000] {logging_mixin.py:151} INFO - [2023-10-03T08:04:24.419+0000] {dagbag.py:539} INFO - Filling up the DagBag from /home/airflow/.local/lib/python3.8/site-packages/airflow/example_dags/tutorial_dag.py
[2023-10-03T08:04:24.422+0000] {processor.py:839} INFO - DAG(s) dict_keys(['tutorial_dag']) retrieved from /home/airflow/.local/lib/python3.8/site-packages/airflow/example_dags/tutorial_dag.py
[2023-10-03T08:04:24.433+0000] {logging_mixin.py:151} INFO - [2023-10-03T08:04:24.433+0000] {dag.py:2915} INFO - Sync 1 DAGs
[2023-10-03T08:04:24.439+0000] {logging_mixin.py:151} INFO - [2023-10-03T08:04:24.439+0000] {dag.py:3696} INFO - Setting next_dagrun for tutorial_dag to None, run_after=None
[2023-10-03T08:04:24.446+0000] {processor.py:179} INFO - Processing /home/airflow/.local/lib/python3.8/site-packages/airflow/example_dags/tutorial_dag.py took 0.031 seconds
[2023-10-03T08:04:55.175+0000] {processor.py:157} INFO - Started process (PID=936) to work on /home/airflow/.local/lib/python3.8/site-packages/airflow/example_dags/tutorial_dag.py
[2023-10-03T08:04:55.175+0000] {processor.py:829} INFO - Processing file /home/airflow/.local/lib/python3.8/site-packages/airflow/example_dags/tutorial_dag.py for tasks to queue
[2023-10-03T08:04:55.177+0000] {logging_mixin.py:151} INFO - [2023-10-03T08:04:55.177+0000] {dagbag.py:539} INFO - Filling up the DagBag from /home/airflow/.local/lib/python3.8/site-packages/airflow/example_dags/tutorial_dag.py
[2023-10-03T08:04:55.180+0000] {processor.py:839} INFO - DAG(s) dict_keys(['tutorial_dag']) retrieved from /home/airflow/.local/lib/python3.8/site-packages/airflow/example_dags/tutorial_dag.py
[2023-10-03T08:04:55.189+0000] {logging_mixin.py:151} INFO - [2023-10-03T08:04:55.189+0000] {dag.py:2915} INFO - Sync 1 DAGs
[2023-10-03T08:04:55.195+0000] {logging_mixin.py:151} INFO - [2023-10-03T08:04:55.195+0000] {dag.py:3696} INFO - Setting next_dagrun for tutorial_dag to None, run_after=None
[2023-10-03T08:04:55.202+0000] {processor.py:179} INFO - Processing /home/airflow/.local/lib/python3.8/site-packages/airflow/example_dags/tutorial_dag.py took 0.029 seconds
[2023-10-03T08:05:26.203+0000] {processor.py:157} INFO - Started process (PID=995) to work on /home/airflow/.local/lib/python3.8/site-packages/airflow/example_dags/tutorial_dag.py
[2023-10-03T08:05:26.204+0000] {processor.py:829} INFO - Processing file /home/airflow/.local/lib/python3.8/site-packages/airflow/example_dags/tutorial_dag.py for tasks to queue
[2023-10-03T08:05:26.205+0000] {logging_mixin.py:151} INFO - [2023-10-03T08:05:26.205+0000] {dagbag.py:539} INFO - Filling up the DagBag from /home/airflow/.local/lib/python3.8/site-packages/airflow/example_dags/tutorial_dag.py
[2023-10-03T08:05:26.208+0000] {processor.py:839} INFO - DAG(s) dict_keys(['tutorial_dag']) retrieved from /home/airflow/.local/lib/python3.8/site-packages/airflow/example_dags/tutorial_dag.py
[2023-10-03T08:05:26.218+0000] {logging_mixin.py:151} INFO - [2023-10-03T08:05:26.218+0000] {dag.py:2915} INFO - Sync 1 DAGs
[2023-10-03T08:05:26.224+0000] {logging_mixin.py:151} INFO - [2023-10-03T08:05:26.224+0000] {dag.py:3696} INFO - Setting next_dagrun for tutorial_dag to None, run_after=None
[2023-10-03T08:05:26.233+0000] {processor.py:179} INFO - Processing /home/airflow/.local/lib/python3.8/site-packages/airflow/example_dags/tutorial_dag.py took 0.032 seconds
[2023-10-03T08:05:56.520+0000] {processor.py:157} INFO - Started process (PID=1054) to work on /home/airflow/.local/lib/python3.8/site-packages/airflow/example_dags/tutorial_dag.py
[2023-10-03T08:05:56.521+0000] {processor.py:829} INFO - Processing file /home/airflow/.local/lib/python3.8/site-packages/airflow/example_dags/tutorial_dag.py for tasks to queue
[2023-10-03T08:05:56.522+0000] {logging_mixin.py:151} INFO - [2023-10-03T08:05:56.522+0000] {dagbag.py:539} INFO - Filling up the DagBag from /home/airflow/.local/lib/python3.8/site-packages/airflow/example_dags/tutorial_dag.py
[2023-10-03T08:05:56.525+0000] {processor.py:839} INFO - DAG(s) dict_keys(['tutorial_dag']) retrieved from /home/airflow/.local/lib/python3.8/site-packages/airflow/example_dags/tutorial_dag.py
[2023-10-03T08:05:56.534+0000] {logging_mixin.py:151} INFO - [2023-10-03T08:05:56.534+0000] {dag.py:2915} INFO - Sync 1 DAGs
[2023-10-03T08:05:56.540+0000] {logging_mixin.py:151} INFO - [2023-10-03T08:05:56.540+0000] {dag.py:3696} INFO - Setting next_dagrun for tutorial_dag to None, run_after=None
[2023-10-03T08:05:56.547+0000] {processor.py:179} INFO - Processing /home/airflow/.local/lib/python3.8/site-packages/airflow/example_dags/tutorial_dag.py took 0.028 seconds
[2023-10-03T08:06:26.722+0000] {processor.py:157} INFO - Started process (PID=1113) to work on /home/airflow/.local/lib/python3.8/site-packages/airflow/example_dags/tutorial_dag.py
[2023-10-03T08:06:26.723+0000] {processor.py:829} INFO - Processing file /home/airflow/.local/lib/python3.8/site-packages/airflow/example_dags/tutorial_dag.py for tasks to queue
[2023-10-03T08:06:26.724+0000] {logging_mixin.py:151} INFO - [2023-10-03T08:06:26.724+0000] {dagbag.py:539} INFO - Filling up the DagBag from /home/airflow/.local/lib/python3.8/site-packages/airflow/example_dags/tutorial_dag.py
[2023-10-03T08:06:26.727+0000] {processor.py:839} INFO - DAG(s) dict_keys(['tutorial_dag']) retrieved from /home/airflow/.local/lib/python3.8/site-packages/airflow/example_dags/tutorial_dag.py
[2023-10-03T08:06:26.738+0000] {logging_mixin.py:151} INFO - [2023-10-03T08:06:26.738+0000] {dag.py:2915} INFO - Sync 1 DAGs
[2023-10-03T08:06:26.744+0000] {logging_mixin.py:151} INFO - [2023-10-03T08:06:26.744+0000] {dag.py:3696} INFO - Setting next_dagrun for tutorial_dag to None, run_after=None
[2023-10-03T08:06:26.751+0000] {processor.py:179} INFO - Processing /home/airflow/.local/lib/python3.8/site-packages/airflow/example_dags/tutorial_dag.py took 0.031 seconds
[2023-10-03T08:06:57.775+0000] {processor.py:157} INFO - Started process (PID=1172) to work on /home/airflow/.local/lib/python3.8/site-packages/airflow/example_dags/tutorial_dag.py
[2023-10-03T08:06:57.776+0000] {processor.py:829} INFO - Processing file /home/airflow/.local/lib/python3.8/site-packages/airflow/example_dags/tutorial_dag.py for tasks to queue
[2023-10-03T08:06:57.777+0000] {logging_mixin.py:151} INFO - [2023-10-03T08:06:57.777+0000] {dagbag.py:539} INFO - Filling up the DagBag from /home/airflow/.local/lib/python3.8/site-packages/airflow/example_dags/tutorial_dag.py
[2023-10-03T08:06:57.780+0000] {processor.py:839} INFO - DAG(s) dict_keys(['tutorial_dag']) retrieved from /home/airflow/.local/lib/python3.8/site-packages/airflow/example_dags/tutorial_dag.py
[2023-10-03T08:06:57.791+0000] {logging_mixin.py:151} INFO - [2023-10-03T08:06:57.791+0000] {dag.py:2915} INFO - Sync 1 DAGs
[2023-10-03T08:06:57.797+0000] {logging_mixin.py:151} INFO - [2023-10-03T08:06:57.797+0000] {dag.py:3696} INFO - Setting next_dagrun for tutorial_dag to None, run_after=None
[2023-10-03T08:06:57.804+0000] {processor.py:179} INFO - Processing /home/airflow/.local/lib/python3.8/site-packages/airflow/example_dags/tutorial_dag.py took 0.031 seconds
