[2023-09-29T08:49:16.994+0000] {processor.py:157} INFO - Started process (PID=74) to work on /home/airflow/.local/lib/python3.8/site-packages/airflow/example_dags/example_xcom.py
[2023-09-29T08:49:16.996+0000] {processor.py:829} INFO - Processing file /home/airflow/.local/lib/python3.8/site-packages/airflow/example_dags/example_xcom.py for tasks to queue
[2023-09-29T08:49:17.002+0000] {logging_mixin.py:151} INFO - [2023-09-29T08:49:17.001+0000] {dagbag.py:539} INFO - Filling up the DagBag from /home/airflow/.local/lib/python3.8/site-packages/airflow/example_dags/example_xcom.py
[2023-09-29T08:49:17.023+0000] {processor.py:839} INFO - DAG(s) dict_keys(['example_xcom']) retrieved from /home/airflow/.local/lib/python3.8/site-packages/airflow/example_dags/example_xcom.py
[2023-09-29T08:49:17.039+0000] {logging_mixin.py:151} INFO - [2023-09-29T08:49:17.039+0000] {dag.py:2915} INFO - Sync 1 DAGs
[2023-09-29T08:49:17.060+0000] {logging_mixin.py:151} INFO - [2023-09-29T08:49:17.059+0000] {dag.py:3696} INFO - Setting next_dagrun for example_xcom to 2021-01-01T00:00:00+00:00, run_after=2021-01-01T00:00:00+00:00
[2023-09-29T08:49:17.083+0000] {processor.py:179} INFO - Processing /home/airflow/.local/lib/python3.8/site-packages/airflow/example_dags/example_xcom.py took 0.096 seconds
[2023-09-29T08:49:48.103+0000] {processor.py:157} INFO - Started process (PID=131) to work on /home/airflow/.local/lib/python3.8/site-packages/airflow/example_dags/example_xcom.py
[2023-09-29T08:49:48.106+0000] {processor.py:829} INFO - Processing file /home/airflow/.local/lib/python3.8/site-packages/airflow/example_dags/example_xcom.py for tasks to queue
[2023-09-29T08:49:48.109+0000] {logging_mixin.py:151} INFO - [2023-09-29T08:49:48.108+0000] {dagbag.py:539} INFO - Filling up the DagBag from /home/airflow/.local/lib/python3.8/site-packages/airflow/example_dags/example_xcom.py
[2023-09-29T08:49:48.116+0000] {processor.py:839} INFO - DAG(s) dict_keys(['example_xcom']) retrieved from /home/airflow/.local/lib/python3.8/site-packages/airflow/example_dags/example_xcom.py
[2023-09-29T08:49:48.130+0000] {logging_mixin.py:151} INFO - [2023-09-29T08:49:48.130+0000] {dag.py:2915} INFO - Sync 1 DAGs
[2023-09-29T08:49:48.142+0000] {logging_mixin.py:151} INFO - [2023-09-29T08:49:48.142+0000] {dag.py:3696} INFO - Setting next_dagrun for example_xcom to 2021-01-01T00:00:00+00:00, run_after=2021-01-01T00:00:00+00:00
[2023-09-29T08:49:48.149+0000] {processor.py:179} INFO - Processing /home/airflow/.local/lib/python3.8/site-packages/airflow/example_dags/example_xcom.py took 0.056 seconds
[2023-09-29T08:50:18.537+0000] {processor.py:157} INFO - Started process (PID=188) to work on /home/airflow/.local/lib/python3.8/site-packages/airflow/example_dags/example_xcom.py
[2023-09-29T08:50:18.538+0000] {processor.py:829} INFO - Processing file /home/airflow/.local/lib/python3.8/site-packages/airflow/example_dags/example_xcom.py for tasks to queue
[2023-09-29T08:50:18.541+0000] {logging_mixin.py:151} INFO - [2023-09-29T08:50:18.541+0000] {dagbag.py:539} INFO - Filling up the DagBag from /home/airflow/.local/lib/python3.8/site-packages/airflow/example_dags/example_xcom.py
[2023-09-29T08:50:18.552+0000] {processor.py:839} INFO - DAG(s) dict_keys(['example_xcom']) retrieved from /home/airflow/.local/lib/python3.8/site-packages/airflow/example_dags/example_xcom.py
[2023-09-29T08:50:18.567+0000] {logging_mixin.py:151} INFO - [2023-09-29T08:50:18.567+0000] {dag.py:2915} INFO - Sync 1 DAGs
[2023-09-29T08:50:18.580+0000] {logging_mixin.py:151} INFO - [2023-09-29T08:50:18.580+0000] {dag.py:3696} INFO - Setting next_dagrun for example_xcom to 2021-01-01T00:00:00+00:00, run_after=2021-01-01T00:00:00+00:00
[2023-09-29T08:50:18.589+0000] {processor.py:179} INFO - Processing /home/airflow/.local/lib/python3.8/site-packages/airflow/example_dags/example_xcom.py took 0.060 seconds
[2023-09-29T08:50:48.809+0000] {processor.py:157} INFO - Started process (PID=245) to work on /home/airflow/.local/lib/python3.8/site-packages/airflow/example_dags/example_xcom.py
[2023-09-29T08:50:48.811+0000] {processor.py:829} INFO - Processing file /home/airflow/.local/lib/python3.8/site-packages/airflow/example_dags/example_xcom.py for tasks to queue
[2023-09-29T08:50:48.814+0000] {logging_mixin.py:151} INFO - [2023-09-29T08:50:48.813+0000] {dagbag.py:539} INFO - Filling up the DagBag from /home/airflow/.local/lib/python3.8/site-packages/airflow/example_dags/example_xcom.py
[2023-09-29T08:50:48.822+0000] {processor.py:839} INFO - DAG(s) dict_keys(['example_xcom']) retrieved from /home/airflow/.local/lib/python3.8/site-packages/airflow/example_dags/example_xcom.py
[2023-09-29T08:50:48.839+0000] {logging_mixin.py:151} INFO - [2023-09-29T08:50:48.839+0000] {dag.py:2915} INFO - Sync 1 DAGs
[2023-09-29T08:50:48.853+0000] {logging_mixin.py:151} INFO - [2023-09-29T08:50:48.853+0000] {dag.py:3696} INFO - Setting next_dagrun for example_xcom to 2021-01-01T00:00:00+00:00, run_after=2021-01-01T00:00:00+00:00
[2023-09-29T08:50:48.861+0000] {processor.py:179} INFO - Processing /home/airflow/.local/lib/python3.8/site-packages/airflow/example_dags/example_xcom.py took 0.058 seconds
[2023-09-29T08:51:18.981+0000] {processor.py:157} INFO - Started process (PID=302) to work on /home/airflow/.local/lib/python3.8/site-packages/airflow/example_dags/example_xcom.py
[2023-09-29T08:51:18.985+0000] {processor.py:829} INFO - Processing file /home/airflow/.local/lib/python3.8/site-packages/airflow/example_dags/example_xcom.py for tasks to queue
[2023-09-29T08:51:18.990+0000] {logging_mixin.py:151} INFO - [2023-09-29T08:51:18.989+0000] {dagbag.py:539} INFO - Filling up the DagBag from /home/airflow/.local/lib/python3.8/site-packages/airflow/example_dags/example_xcom.py
[2023-09-29T08:51:19.001+0000] {processor.py:839} INFO - DAG(s) dict_keys(['example_xcom']) retrieved from /home/airflow/.local/lib/python3.8/site-packages/airflow/example_dags/example_xcom.py
[2023-09-29T08:51:19.017+0000] {logging_mixin.py:151} INFO - [2023-09-29T08:51:19.017+0000] {dag.py:2915} INFO - Sync 1 DAGs
[2023-09-29T08:51:19.030+0000] {logging_mixin.py:151} INFO - [2023-09-29T08:51:19.030+0000] {dag.py:3696} INFO - Setting next_dagrun for example_xcom to 2021-01-01T00:00:00+00:00, run_after=2021-01-01T00:00:00+00:00
[2023-09-29T08:51:19.039+0000] {processor.py:179} INFO - Processing /home/airflow/.local/lib/python3.8/site-packages/airflow/example_dags/example_xcom.py took 0.066 seconds
[2023-09-29T08:51:49.133+0000] {processor.py:157} INFO - Started process (PID=359) to work on /home/airflow/.local/lib/python3.8/site-packages/airflow/example_dags/example_xcom.py
[2023-09-29T08:51:49.134+0000] {processor.py:829} INFO - Processing file /home/airflow/.local/lib/python3.8/site-packages/airflow/example_dags/example_xcom.py for tasks to queue
[2023-09-29T08:51:49.135+0000] {logging_mixin.py:151} INFO - [2023-09-29T08:51:49.135+0000] {dagbag.py:539} INFO - Filling up the DagBag from /home/airflow/.local/lib/python3.8/site-packages/airflow/example_dags/example_xcom.py
[2023-09-29T08:51:49.139+0000] {processor.py:839} INFO - DAG(s) dict_keys(['example_xcom']) retrieved from /home/airflow/.local/lib/python3.8/site-packages/airflow/example_dags/example_xcom.py
[2023-09-29T08:51:49.153+0000] {logging_mixin.py:151} INFO - [2023-09-29T08:51:49.153+0000] {dag.py:2915} INFO - Sync 1 DAGs
[2023-09-29T08:51:49.164+0000] {logging_mixin.py:151} INFO - [2023-09-29T08:51:49.164+0000] {dag.py:3696} INFO - Setting next_dagrun for example_xcom to 2021-01-01T00:00:00+00:00, run_after=2021-01-01T00:00:00+00:00
[2023-09-29T08:51:49.173+0000] {processor.py:179} INFO - Processing /home/airflow/.local/lib/python3.8/site-packages/airflow/example_dags/example_xcom.py took 0.042 seconds
[2023-09-29T08:52:20.866+0000] {processor.py:157} INFO - Started process (PID=416) to work on /home/airflow/.local/lib/python3.8/site-packages/airflow/example_dags/example_xcom.py
[2023-09-29T08:52:20.867+0000] {processor.py:829} INFO - Processing file /home/airflow/.local/lib/python3.8/site-packages/airflow/example_dags/example_xcom.py for tasks to queue
[2023-09-29T08:52:20.868+0000] {logging_mixin.py:151} INFO - [2023-09-29T08:52:20.868+0000] {dagbag.py:539} INFO - Filling up the DagBag from /home/airflow/.local/lib/python3.8/site-packages/airflow/example_dags/example_xcom.py
[2023-09-29T08:52:20.872+0000] {processor.py:839} INFO - DAG(s) dict_keys(['example_xcom']) retrieved from /home/airflow/.local/lib/python3.8/site-packages/airflow/example_dags/example_xcom.py
[2023-09-29T08:52:20.882+0000] {logging_mixin.py:151} INFO - [2023-09-29T08:52:20.882+0000] {dag.py:2915} INFO - Sync 1 DAGs
[2023-09-29T08:52:20.892+0000] {logging_mixin.py:151} INFO - [2023-09-29T08:52:20.892+0000] {dag.py:3696} INFO - Setting next_dagrun for example_xcom to 2021-01-01T00:00:00+00:00, run_after=2021-01-01T00:00:00+00:00
[2023-09-29T08:52:20.899+0000] {processor.py:179} INFO - Processing /home/airflow/.local/lib/python3.8/site-packages/airflow/example_dags/example_xcom.py took 0.035 seconds
[2023-09-29T08:52:50.959+0000] {processor.py:157} INFO - Started process (PID=473) to work on /home/airflow/.local/lib/python3.8/site-packages/airflow/example_dags/example_xcom.py
[2023-09-29T08:52:50.960+0000] {processor.py:829} INFO - Processing file /home/airflow/.local/lib/python3.8/site-packages/airflow/example_dags/example_xcom.py for tasks to queue
[2023-09-29T08:52:50.961+0000] {logging_mixin.py:151} INFO - [2023-09-29T08:52:50.961+0000] {dagbag.py:539} INFO - Filling up the DagBag from /home/airflow/.local/lib/python3.8/site-packages/airflow/example_dags/example_xcom.py
[2023-09-29T08:52:50.965+0000] {processor.py:839} INFO - DAG(s) dict_keys(['example_xcom']) retrieved from /home/airflow/.local/lib/python3.8/site-packages/airflow/example_dags/example_xcom.py
[2023-09-29T08:52:50.976+0000] {logging_mixin.py:151} INFO - [2023-09-29T08:52:50.976+0000] {dag.py:2915} INFO - Sync 1 DAGs
[2023-09-29T08:52:50.986+0000] {logging_mixin.py:151} INFO - [2023-09-29T08:52:50.986+0000] {dag.py:3696} INFO - Setting next_dagrun for example_xcom to 2021-01-01T00:00:00+00:00, run_after=2021-01-01T00:00:00+00:00
[2023-09-29T08:52:50.993+0000] {processor.py:179} INFO - Processing /home/airflow/.local/lib/python3.8/site-packages/airflow/example_dags/example_xcom.py took 0.037 seconds
[2023-09-29T08:53:22.447+0000] {processor.py:157} INFO - Started process (PID=530) to work on /home/airflow/.local/lib/python3.8/site-packages/airflow/example_dags/example_xcom.py
[2023-09-29T08:53:22.447+0000] {processor.py:829} INFO - Processing file /home/airflow/.local/lib/python3.8/site-packages/airflow/example_dags/example_xcom.py for tasks to queue
[2023-09-29T08:53:22.448+0000] {logging_mixin.py:151} INFO - [2023-09-29T08:53:22.448+0000] {dagbag.py:539} INFO - Filling up the DagBag from /home/airflow/.local/lib/python3.8/site-packages/airflow/example_dags/example_xcom.py
[2023-09-29T08:53:22.452+0000] {processor.py:839} INFO - DAG(s) dict_keys(['example_xcom']) retrieved from /home/airflow/.local/lib/python3.8/site-packages/airflow/example_dags/example_xcom.py
[2023-09-29T08:53:22.463+0000] {logging_mixin.py:151} INFO - [2023-09-29T08:53:22.463+0000] {dag.py:2915} INFO - Sync 1 DAGs
[2023-09-29T08:53:22.473+0000] {logging_mixin.py:151} INFO - [2023-09-29T08:53:22.472+0000] {dag.py:3696} INFO - Setting next_dagrun for example_xcom to 2021-01-01T00:00:00+00:00, run_after=2021-01-01T00:00:00+00:00
[2023-09-29T08:53:22.480+0000] {processor.py:179} INFO - Processing /home/airflow/.local/lib/python3.8/site-packages/airflow/example_dags/example_xcom.py took 0.035 seconds
[2023-09-29T08:53:52.932+0000] {processor.py:157} INFO - Started process (PID=587) to work on /home/airflow/.local/lib/python3.8/site-packages/airflow/example_dags/example_xcom.py
[2023-09-29T08:53:52.933+0000] {processor.py:829} INFO - Processing file /home/airflow/.local/lib/python3.8/site-packages/airflow/example_dags/example_xcom.py for tasks to queue
[2023-09-29T08:53:52.934+0000] {logging_mixin.py:151} INFO - [2023-09-29T08:53:52.933+0000] {dagbag.py:539} INFO - Filling up the DagBag from /home/airflow/.local/lib/python3.8/site-packages/airflow/example_dags/example_xcom.py
[2023-09-29T08:53:52.938+0000] {processor.py:839} INFO - DAG(s) dict_keys(['example_xcom']) retrieved from /home/airflow/.local/lib/python3.8/site-packages/airflow/example_dags/example_xcom.py
[2023-09-29T08:53:52.951+0000] {logging_mixin.py:151} INFO - [2023-09-29T08:53:52.951+0000] {dag.py:2915} INFO - Sync 1 DAGs
[2023-09-29T08:53:52.964+0000] {logging_mixin.py:151} INFO - [2023-09-29T08:53:52.964+0000] {dag.py:3696} INFO - Setting next_dagrun for example_xcom to 2021-01-01T00:00:00+00:00, run_after=2021-01-01T00:00:00+00:00
[2023-09-29T08:53:52.973+0000] {processor.py:179} INFO - Processing /home/airflow/.local/lib/python3.8/site-packages/airflow/example_dags/example_xcom.py took 0.043 seconds
[2023-09-29T08:54:23.431+0000] {processor.py:157} INFO - Started process (PID=644) to work on /home/airflow/.local/lib/python3.8/site-packages/airflow/example_dags/example_xcom.py
[2023-09-29T08:54:23.432+0000] {processor.py:829} INFO - Processing file /home/airflow/.local/lib/python3.8/site-packages/airflow/example_dags/example_xcom.py for tasks to queue
[2023-09-29T08:54:23.433+0000] {logging_mixin.py:151} INFO - [2023-09-29T08:54:23.433+0000] {dagbag.py:539} INFO - Filling up the DagBag from /home/airflow/.local/lib/python3.8/site-packages/airflow/example_dags/example_xcom.py
[2023-09-29T08:54:23.440+0000] {processor.py:839} INFO - DAG(s) dict_keys(['example_xcom']) retrieved from /home/airflow/.local/lib/python3.8/site-packages/airflow/example_dags/example_xcom.py
[2023-09-29T08:54:23.463+0000] {logging_mixin.py:151} INFO - [2023-09-29T08:54:23.463+0000] {dag.py:2915} INFO - Sync 1 DAGs
[2023-09-29T08:54:23.486+0000] {logging_mixin.py:151} INFO - [2023-09-29T08:54:23.486+0000] {dag.py:3696} INFO - Setting next_dagrun for example_xcom to 2021-01-01T00:00:00+00:00, run_after=2021-01-01T00:00:00+00:00
[2023-09-29T08:54:23.497+0000] {processor.py:179} INFO - Processing /home/airflow/.local/lib/python3.8/site-packages/airflow/example_dags/example_xcom.py took 0.076 seconds
[2023-09-29T08:54:53.587+0000] {processor.py:157} INFO - Started process (PID=701) to work on /home/airflow/.local/lib/python3.8/site-packages/airflow/example_dags/example_xcom.py
[2023-09-29T08:54:53.588+0000] {processor.py:829} INFO - Processing file /home/airflow/.local/lib/python3.8/site-packages/airflow/example_dags/example_xcom.py for tasks to queue
[2023-09-29T08:54:53.591+0000] {logging_mixin.py:151} INFO - [2023-09-29T08:54:53.591+0000] {dagbag.py:539} INFO - Filling up the DagBag from /home/airflow/.local/lib/python3.8/site-packages/airflow/example_dags/example_xcom.py
[2023-09-29T08:54:53.596+0000] {processor.py:839} INFO - DAG(s) dict_keys(['example_xcom']) retrieved from /home/airflow/.local/lib/python3.8/site-packages/airflow/example_dags/example_xcom.py
[2023-09-29T08:54:53.607+0000] {logging_mixin.py:151} INFO - [2023-09-29T08:54:53.607+0000] {dag.py:2915} INFO - Sync 1 DAGs
[2023-09-29T08:54:53.617+0000] {logging_mixin.py:151} INFO - [2023-09-29T08:54:53.617+0000] {dag.py:3696} INFO - Setting next_dagrun for example_xcom to 2021-01-01T00:00:00+00:00, run_after=2021-01-01T00:00:00+00:00
[2023-09-29T08:54:53.624+0000] {processor.py:179} INFO - Processing /home/airflow/.local/lib/python3.8/site-packages/airflow/example_dags/example_xcom.py took 0.040 seconds
[2023-09-29T08:55:24.845+0000] {processor.py:157} INFO - Started process (PID=758) to work on /home/airflow/.local/lib/python3.8/site-packages/airflow/example_dags/example_xcom.py
[2023-09-29T08:55:24.845+0000] {processor.py:829} INFO - Processing file /home/airflow/.local/lib/python3.8/site-packages/airflow/example_dags/example_xcom.py for tasks to queue
[2023-09-29T08:55:24.847+0000] {logging_mixin.py:151} INFO - [2023-09-29T08:55:24.846+0000] {dagbag.py:539} INFO - Filling up the DagBag from /home/airflow/.local/lib/python3.8/site-packages/airflow/example_dags/example_xcom.py
[2023-09-29T08:55:24.851+0000] {processor.py:839} INFO - DAG(s) dict_keys(['example_xcom']) retrieved from /home/airflow/.local/lib/python3.8/site-packages/airflow/example_dags/example_xcom.py
[2023-09-29T08:55:24.864+0000] {logging_mixin.py:151} INFO - [2023-09-29T08:55:24.864+0000] {dag.py:2915} INFO - Sync 1 DAGs
[2023-09-29T08:55:24.875+0000] {logging_mixin.py:151} INFO - [2023-09-29T08:55:24.875+0000] {dag.py:3696} INFO - Setting next_dagrun for example_xcom to 2021-01-01T00:00:00+00:00, run_after=2021-01-01T00:00:00+00:00
[2023-09-29T08:55:24.883+0000] {processor.py:179} INFO - Processing /home/airflow/.local/lib/python3.8/site-packages/airflow/example_dags/example_xcom.py took 0.040 seconds
[2023-09-29T08:55:55.899+0000] {processor.py:157} INFO - Started process (PID=815) to work on /home/airflow/.local/lib/python3.8/site-packages/airflow/example_dags/example_xcom.py
[2023-09-29T08:55:55.900+0000] {processor.py:829} INFO - Processing file /home/airflow/.local/lib/python3.8/site-packages/airflow/example_dags/example_xcom.py for tasks to queue
[2023-09-29T08:55:55.901+0000] {logging_mixin.py:151} INFO - [2023-09-29T08:55:55.901+0000] {dagbag.py:539} INFO - Filling up the DagBag from /home/airflow/.local/lib/python3.8/site-packages/airflow/example_dags/example_xcom.py
[2023-09-29T08:55:55.905+0000] {processor.py:839} INFO - DAG(s) dict_keys(['example_xcom']) retrieved from /home/airflow/.local/lib/python3.8/site-packages/airflow/example_dags/example_xcom.py
[2023-09-29T08:55:55.915+0000] {logging_mixin.py:151} INFO - [2023-09-29T08:55:55.915+0000] {dag.py:2915} INFO - Sync 1 DAGs
[2023-09-29T08:55:55.925+0000] {logging_mixin.py:151} INFO - [2023-09-29T08:55:55.924+0000] {dag.py:3696} INFO - Setting next_dagrun for example_xcom to 2021-01-01T00:00:00+00:00, run_after=2021-01-01T00:00:00+00:00
[2023-09-29T08:55:55.932+0000] {processor.py:179} INFO - Processing /home/airflow/.local/lib/python3.8/site-packages/airflow/example_dags/example_xcom.py took 0.035 seconds
[2023-09-29T08:56:27.217+0000] {processor.py:157} INFO - Started process (PID=872) to work on /home/airflow/.local/lib/python3.8/site-packages/airflow/example_dags/example_xcom.py
[2023-09-29T08:56:27.218+0000] {processor.py:829} INFO - Processing file /home/airflow/.local/lib/python3.8/site-packages/airflow/example_dags/example_xcom.py for tasks to queue
[2023-09-29T08:56:27.219+0000] {logging_mixin.py:151} INFO - [2023-09-29T08:56:27.219+0000] {dagbag.py:539} INFO - Filling up the DagBag from /home/airflow/.local/lib/python3.8/site-packages/airflow/example_dags/example_xcom.py
[2023-09-29T08:56:27.223+0000] {processor.py:839} INFO - DAG(s) dict_keys(['example_xcom']) retrieved from /home/airflow/.local/lib/python3.8/site-packages/airflow/example_dags/example_xcom.py
[2023-09-29T08:56:27.234+0000] {logging_mixin.py:151} INFO - [2023-09-29T08:56:27.234+0000] {dag.py:2915} INFO - Sync 1 DAGs
[2023-09-29T08:56:27.243+0000] {logging_mixin.py:151} INFO - [2023-09-29T08:56:27.243+0000] {dag.py:3696} INFO - Setting next_dagrun for example_xcom to 2021-01-01T00:00:00+00:00, run_after=2021-01-01T00:00:00+00:00
[2023-09-29T08:56:27.250+0000] {processor.py:179} INFO - Processing /home/airflow/.local/lib/python3.8/site-packages/airflow/example_dags/example_xcom.py took 0.035 seconds
[2023-09-29T10:55:03.319+0000] {processor.py:157} INFO - Started process (PID=74) to work on /home/airflow/.local/lib/python3.8/site-packages/airflow/example_dags/example_xcom.py
[2023-09-29T10:55:03.321+0000] {processor.py:829} INFO - Processing file /home/airflow/.local/lib/python3.8/site-packages/airflow/example_dags/example_xcom.py for tasks to queue
[2023-09-29T10:55:03.322+0000] {logging_mixin.py:151} INFO - [2023-09-29T10:55:03.322+0000] {dagbag.py:539} INFO - Filling up the DagBag from /home/airflow/.local/lib/python3.8/site-packages/airflow/example_dags/example_xcom.py
[2023-09-29T10:55:03.328+0000] {processor.py:839} INFO - DAG(s) dict_keys(['example_xcom']) retrieved from /home/airflow/.local/lib/python3.8/site-packages/airflow/example_dags/example_xcom.py
[2023-09-29T10:55:03.336+0000] {logging_mixin.py:151} INFO - [2023-09-29T10:55:03.336+0000] {dag.py:2915} INFO - Sync 1 DAGs
[2023-09-29T10:55:03.351+0000] {logging_mixin.py:151} INFO - [2023-09-29T10:55:03.351+0000] {dag.py:3696} INFO - Setting next_dagrun for example_xcom to 2021-01-01T00:00:00+00:00, run_after=2021-01-01T00:00:00+00:00
[2023-09-29T10:55:03.408+0000] {processor.py:179} INFO - Processing /home/airflow/.local/lib/python3.8/site-packages/airflow/example_dags/example_xcom.py took 0.091 seconds
[2023-09-29T10:55:34.267+0000] {processor.py:157} INFO - Started process (PID=130) to work on /home/airflow/.local/lib/python3.8/site-packages/airflow/example_dags/example_xcom.py
[2023-09-29T10:55:34.267+0000] {processor.py:829} INFO - Processing file /home/airflow/.local/lib/python3.8/site-packages/airflow/example_dags/example_xcom.py for tasks to queue
[2023-09-29T10:55:34.269+0000] {logging_mixin.py:151} INFO - [2023-09-29T10:55:34.268+0000] {dagbag.py:539} INFO - Filling up the DagBag from /home/airflow/.local/lib/python3.8/site-packages/airflow/example_dags/example_xcom.py
[2023-09-29T10:55:34.273+0000] {processor.py:839} INFO - DAG(s) dict_keys(['example_xcom']) retrieved from /home/airflow/.local/lib/python3.8/site-packages/airflow/example_dags/example_xcom.py
[2023-09-29T10:55:34.288+0000] {logging_mixin.py:151} INFO - [2023-09-29T10:55:34.288+0000] {dag.py:2915} INFO - Sync 1 DAGs
[2023-09-29T10:55:34.301+0000] {logging_mixin.py:151} INFO - [2023-09-29T10:55:34.301+0000] {dag.py:3696} INFO - Setting next_dagrun for example_xcom to 2021-01-01T00:00:00+00:00, run_after=2021-01-01T00:00:00+00:00
[2023-09-29T10:55:34.309+0000] {processor.py:179} INFO - Processing /home/airflow/.local/lib/python3.8/site-packages/airflow/example_dags/example_xcom.py took 0.045 seconds
[2023-09-29T10:56:04.464+0000] {processor.py:157} INFO - Started process (PID=187) to work on /home/airflow/.local/lib/python3.8/site-packages/airflow/example_dags/example_xcom.py
[2023-09-29T10:56:04.465+0000] {processor.py:829} INFO - Processing file /home/airflow/.local/lib/python3.8/site-packages/airflow/example_dags/example_xcom.py for tasks to queue
[2023-09-29T10:56:04.466+0000] {logging_mixin.py:151} INFO - [2023-09-29T10:56:04.466+0000] {dagbag.py:539} INFO - Filling up the DagBag from /home/airflow/.local/lib/python3.8/site-packages/airflow/example_dags/example_xcom.py
[2023-09-29T10:56:04.470+0000] {processor.py:839} INFO - DAG(s) dict_keys(['example_xcom']) retrieved from /home/airflow/.local/lib/python3.8/site-packages/airflow/example_dags/example_xcom.py
[2023-09-29T10:56:04.481+0000] {logging_mixin.py:151} INFO - [2023-09-29T10:56:04.481+0000] {dag.py:2915} INFO - Sync 1 DAGs
[2023-09-29T10:56:04.490+0000] {logging_mixin.py:151} INFO - [2023-09-29T10:56:04.490+0000] {dag.py:3696} INFO - Setting next_dagrun for example_xcom to 2021-01-01T00:00:00+00:00, run_after=2021-01-01T00:00:00+00:00
[2023-09-29T10:56:04.498+0000] {processor.py:179} INFO - Processing /home/airflow/.local/lib/python3.8/site-packages/airflow/example_dags/example_xcom.py took 0.036 seconds
[2023-09-29T10:56:35.149+0000] {processor.py:157} INFO - Started process (PID=244) to work on /home/airflow/.local/lib/python3.8/site-packages/airflow/example_dags/example_xcom.py
[2023-09-29T10:56:35.150+0000] {processor.py:829} INFO - Processing file /home/airflow/.local/lib/python3.8/site-packages/airflow/example_dags/example_xcom.py for tasks to queue
[2023-09-29T10:56:35.151+0000] {logging_mixin.py:151} INFO - [2023-09-29T10:56:35.151+0000] {dagbag.py:539} INFO - Filling up the DagBag from /home/airflow/.local/lib/python3.8/site-packages/airflow/example_dags/example_xcom.py
[2023-09-29T10:56:35.157+0000] {processor.py:839} INFO - DAG(s) dict_keys(['example_xcom']) retrieved from /home/airflow/.local/lib/python3.8/site-packages/airflow/example_dags/example_xcom.py
[2023-09-29T10:56:35.170+0000] {logging_mixin.py:151} INFO - [2023-09-29T10:56:35.170+0000] {dag.py:2915} INFO - Sync 1 DAGs
[2023-09-29T10:56:35.184+0000] {logging_mixin.py:151} INFO - [2023-09-29T10:56:35.184+0000] {dag.py:3696} INFO - Setting next_dagrun for example_xcom to 2021-01-01T00:00:00+00:00, run_after=2021-01-01T00:00:00+00:00
[2023-09-29T10:56:35.197+0000] {processor.py:179} INFO - Processing /home/airflow/.local/lib/python3.8/site-packages/airflow/example_dags/example_xcom.py took 0.051 seconds
[2023-09-29T10:57:05.592+0000] {processor.py:157} INFO - Started process (PID=302) to work on /home/airflow/.local/lib/python3.8/site-packages/airflow/example_dags/example_xcom.py
[2023-09-29T10:57:05.593+0000] {processor.py:829} INFO - Processing file /home/airflow/.local/lib/python3.8/site-packages/airflow/example_dags/example_xcom.py for tasks to queue
[2023-09-29T10:57:05.596+0000] {logging_mixin.py:151} INFO - [2023-09-29T10:57:05.595+0000] {dagbag.py:539} INFO - Filling up the DagBag from /home/airflow/.local/lib/python3.8/site-packages/airflow/example_dags/example_xcom.py
[2023-09-29T10:57:05.601+0000] {processor.py:839} INFO - DAG(s) dict_keys(['example_xcom']) retrieved from /home/airflow/.local/lib/python3.8/site-packages/airflow/example_dags/example_xcom.py
[2023-09-29T10:57:05.613+0000] {logging_mixin.py:151} INFO - [2023-09-29T10:57:05.613+0000] {dag.py:2915} INFO - Sync 1 DAGs
[2023-09-29T10:57:05.624+0000] {logging_mixin.py:151} INFO - [2023-09-29T10:57:05.623+0000] {dag.py:3696} INFO - Setting next_dagrun for example_xcom to 2021-01-01T00:00:00+00:00, run_after=2021-01-01T00:00:00+00:00
[2023-09-29T10:57:05.632+0000] {processor.py:179} INFO - Processing /home/airflow/.local/lib/python3.8/site-packages/airflow/example_dags/example_xcom.py took 0.048 seconds
[2023-09-29T10:57:36.648+0000] {processor.py:157} INFO - Started process (PID=359) to work on /home/airflow/.local/lib/python3.8/site-packages/airflow/example_dags/example_xcom.py
[2023-09-29T10:57:36.649+0000] {processor.py:829} INFO - Processing file /home/airflow/.local/lib/python3.8/site-packages/airflow/example_dags/example_xcom.py for tasks to queue
[2023-09-29T10:57:36.650+0000] {logging_mixin.py:151} INFO - [2023-09-29T10:57:36.650+0000] {dagbag.py:539} INFO - Filling up the DagBag from /home/airflow/.local/lib/python3.8/site-packages/airflow/example_dags/example_xcom.py
[2023-09-29T10:57:36.656+0000] {processor.py:839} INFO - DAG(s) dict_keys(['example_xcom']) retrieved from /home/airflow/.local/lib/python3.8/site-packages/airflow/example_dags/example_xcom.py
[2023-09-29T10:57:36.673+0000] {logging_mixin.py:151} INFO - [2023-09-29T10:57:36.673+0000] {dag.py:2915} INFO - Sync 1 DAGs
[2023-09-29T10:57:36.685+0000] {logging_mixin.py:151} INFO - [2023-09-29T10:57:36.685+0000] {dag.py:3696} INFO - Setting next_dagrun for example_xcom to 2021-01-01T00:00:00+00:00, run_after=2021-01-01T00:00:00+00:00
[2023-09-29T10:57:36.693+0000] {processor.py:179} INFO - Processing /home/airflow/.local/lib/python3.8/site-packages/airflow/example_dags/example_xcom.py took 0.047 seconds
[2023-09-29T10:58:06.848+0000] {processor.py:157} INFO - Started process (PID=416) to work on /home/airflow/.local/lib/python3.8/site-packages/airflow/example_dags/example_xcom.py
[2023-09-29T10:58:06.848+0000] {processor.py:829} INFO - Processing file /home/airflow/.local/lib/python3.8/site-packages/airflow/example_dags/example_xcom.py for tasks to queue
[2023-09-29T10:58:06.850+0000] {logging_mixin.py:151} INFO - [2023-09-29T10:58:06.849+0000] {dagbag.py:539} INFO - Filling up the DagBag from /home/airflow/.local/lib/python3.8/site-packages/airflow/example_dags/example_xcom.py
[2023-09-29T10:58:06.855+0000] {processor.py:839} INFO - DAG(s) dict_keys(['example_xcom']) retrieved from /home/airflow/.local/lib/python3.8/site-packages/airflow/example_dags/example_xcom.py
[2023-09-29T10:58:06.869+0000] {logging_mixin.py:151} INFO - [2023-09-29T10:58:06.869+0000] {dag.py:2915} INFO - Sync 1 DAGs
[2023-09-29T10:58:06.879+0000] {logging_mixin.py:151} INFO - [2023-09-29T10:58:06.879+0000] {dag.py:3696} INFO - Setting next_dagrun for example_xcom to 2021-01-01T00:00:00+00:00, run_after=2021-01-01T00:00:00+00:00
[2023-09-29T10:58:06.887+0000] {processor.py:179} INFO - Processing /home/airflow/.local/lib/python3.8/site-packages/airflow/example_dags/example_xcom.py took 0.041 seconds
[2023-09-29T10:58:37.983+0000] {processor.py:157} INFO - Started process (PID=473) to work on /home/airflow/.local/lib/python3.8/site-packages/airflow/example_dags/example_xcom.py
[2023-09-29T10:58:37.984+0000] {processor.py:829} INFO - Processing file /home/airflow/.local/lib/python3.8/site-packages/airflow/example_dags/example_xcom.py for tasks to queue
[2023-09-29T10:58:37.985+0000] {logging_mixin.py:151} INFO - [2023-09-29T10:58:37.985+0000] {dagbag.py:539} INFO - Filling up the DagBag from /home/airflow/.local/lib/python3.8/site-packages/airflow/example_dags/example_xcom.py
[2023-09-29T10:58:37.990+0000] {processor.py:839} INFO - DAG(s) dict_keys(['example_xcom']) retrieved from /home/airflow/.local/lib/python3.8/site-packages/airflow/example_dags/example_xcom.py
[2023-09-29T10:58:38.000+0000] {logging_mixin.py:151} INFO - [2023-09-29T10:58:38.000+0000] {dag.py:2915} INFO - Sync 1 DAGs
[2023-09-29T10:58:38.009+0000] {logging_mixin.py:151} INFO - [2023-09-29T10:58:38.009+0000] {dag.py:3696} INFO - Setting next_dagrun for example_xcom to 2021-01-01T00:00:00+00:00, run_after=2021-01-01T00:00:00+00:00
[2023-09-29T10:58:38.017+0000] {processor.py:179} INFO - Processing /home/airflow/.local/lib/python3.8/site-packages/airflow/example_dags/example_xcom.py took 0.035 seconds
[2023-09-29T10:59:09.192+0000] {processor.py:157} INFO - Started process (PID=530) to work on /home/airflow/.local/lib/python3.8/site-packages/airflow/example_dags/example_xcom.py
[2023-09-29T10:59:09.193+0000] {processor.py:829} INFO - Processing file /home/airflow/.local/lib/python3.8/site-packages/airflow/example_dags/example_xcom.py for tasks to queue
[2023-09-29T10:59:09.194+0000] {logging_mixin.py:151} INFO - [2023-09-29T10:59:09.194+0000] {dagbag.py:539} INFO - Filling up the DagBag from /home/airflow/.local/lib/python3.8/site-packages/airflow/example_dags/example_xcom.py
[2023-09-29T10:59:09.198+0000] {processor.py:839} INFO - DAG(s) dict_keys(['example_xcom']) retrieved from /home/airflow/.local/lib/python3.8/site-packages/airflow/example_dags/example_xcom.py
[2023-09-29T10:59:09.208+0000] {logging_mixin.py:151} INFO - [2023-09-29T10:59:09.208+0000] {dag.py:2915} INFO - Sync 1 DAGs
[2023-09-29T10:59:09.217+0000] {logging_mixin.py:151} INFO - [2023-09-29T10:59:09.217+0000] {dag.py:3696} INFO - Setting next_dagrun for example_xcom to 2021-01-01T00:00:00+00:00, run_after=2021-01-01T00:00:00+00:00
[2023-09-29T10:59:09.224+0000] {processor.py:179} INFO - Processing /home/airflow/.local/lib/python3.8/site-packages/airflow/example_dags/example_xcom.py took 0.034 seconds
[2023-09-29T10:59:39.598+0000] {processor.py:157} INFO - Started process (PID=587) to work on /home/airflow/.local/lib/python3.8/site-packages/airflow/example_dags/example_xcom.py
[2023-09-29T10:59:39.599+0000] {processor.py:829} INFO - Processing file /home/airflow/.local/lib/python3.8/site-packages/airflow/example_dags/example_xcom.py for tasks to queue
[2023-09-29T10:59:39.600+0000] {logging_mixin.py:151} INFO - [2023-09-29T10:59:39.600+0000] {dagbag.py:539} INFO - Filling up the DagBag from /home/airflow/.local/lib/python3.8/site-packages/airflow/example_dags/example_xcom.py
[2023-09-29T10:59:39.604+0000] {processor.py:839} INFO - DAG(s) dict_keys(['example_xcom']) retrieved from /home/airflow/.local/lib/python3.8/site-packages/airflow/example_dags/example_xcom.py
[2023-09-29T10:59:39.614+0000] {logging_mixin.py:151} INFO - [2023-09-29T10:59:39.614+0000] {dag.py:2915} INFO - Sync 1 DAGs
[2023-09-29T10:59:39.623+0000] {logging_mixin.py:151} INFO - [2023-09-29T10:59:39.623+0000] {dag.py:3696} INFO - Setting next_dagrun for example_xcom to 2021-01-01T00:00:00+00:00, run_after=2021-01-01T00:00:00+00:00
[2023-09-29T10:59:39.631+0000] {processor.py:179} INFO - Processing /home/airflow/.local/lib/python3.8/site-packages/airflow/example_dags/example_xcom.py took 0.034 seconds
[2023-09-29T11:00:11.351+0000] {processor.py:157} INFO - Started process (PID=644) to work on /home/airflow/.local/lib/python3.8/site-packages/airflow/example_dags/example_xcom.py
[2023-09-29T11:00:11.352+0000] {processor.py:829} INFO - Processing file /home/airflow/.local/lib/python3.8/site-packages/airflow/example_dags/example_xcom.py for tasks to queue
[2023-09-29T11:00:11.353+0000] {logging_mixin.py:151} INFO - [2023-09-29T11:00:11.353+0000] {dagbag.py:539} INFO - Filling up the DagBag from /home/airflow/.local/lib/python3.8/site-packages/airflow/example_dags/example_xcom.py
[2023-09-29T11:00:11.358+0000] {processor.py:839} INFO - DAG(s) dict_keys(['example_xcom']) retrieved from /home/airflow/.local/lib/python3.8/site-packages/airflow/example_dags/example_xcom.py
[2023-09-29T11:00:11.369+0000] {logging_mixin.py:151} INFO - [2023-09-29T11:00:11.369+0000] {dag.py:2915} INFO - Sync 1 DAGs
[2023-09-29T11:00:11.378+0000] {logging_mixin.py:151} INFO - [2023-09-29T11:00:11.378+0000] {dag.py:3696} INFO - Setting next_dagrun for example_xcom to 2021-01-01T00:00:00+00:00, run_after=2021-01-01T00:00:00+00:00
[2023-09-29T11:00:11.390+0000] {processor.py:179} INFO - Processing /home/airflow/.local/lib/python3.8/site-packages/airflow/example_dags/example_xcom.py took 0.041 seconds
[2023-09-29T11:00:41.509+0000] {processor.py:157} INFO - Started process (PID=701) to work on /home/airflow/.local/lib/python3.8/site-packages/airflow/example_dags/example_xcom.py
[2023-09-29T11:00:41.509+0000] {processor.py:829} INFO - Processing file /home/airflow/.local/lib/python3.8/site-packages/airflow/example_dags/example_xcom.py for tasks to queue
[2023-09-29T11:00:41.511+0000] {logging_mixin.py:151} INFO - [2023-09-29T11:00:41.510+0000] {dagbag.py:539} INFO - Filling up the DagBag from /home/airflow/.local/lib/python3.8/site-packages/airflow/example_dags/example_xcom.py
[2023-09-29T11:00:41.515+0000] {processor.py:839} INFO - DAG(s) dict_keys(['example_xcom']) retrieved from /home/airflow/.local/lib/python3.8/site-packages/airflow/example_dags/example_xcom.py
[2023-09-29T11:00:41.525+0000] {logging_mixin.py:151} INFO - [2023-09-29T11:00:41.525+0000] {dag.py:2915} INFO - Sync 1 DAGs
[2023-09-29T11:00:41.535+0000] {logging_mixin.py:151} INFO - [2023-09-29T11:00:41.535+0000] {dag.py:3696} INFO - Setting next_dagrun for example_xcom to 2021-01-01T00:00:00+00:00, run_after=2021-01-01T00:00:00+00:00
[2023-09-29T11:00:41.542+0000] {processor.py:179} INFO - Processing /home/airflow/.local/lib/python3.8/site-packages/airflow/example_dags/example_xcom.py took 0.035 seconds
[2023-09-29T11:01:12.645+0000] {processor.py:157} INFO - Started process (PID=758) to work on /home/airflow/.local/lib/python3.8/site-packages/airflow/example_dags/example_xcom.py
[2023-09-29T11:01:12.646+0000] {processor.py:829} INFO - Processing file /home/airflow/.local/lib/python3.8/site-packages/airflow/example_dags/example_xcom.py for tasks to queue
[2023-09-29T11:01:12.647+0000] {logging_mixin.py:151} INFO - [2023-09-29T11:01:12.647+0000] {dagbag.py:539} INFO - Filling up the DagBag from /home/airflow/.local/lib/python3.8/site-packages/airflow/example_dags/example_xcom.py
[2023-09-29T11:01:12.651+0000] {processor.py:839} INFO - DAG(s) dict_keys(['example_xcom']) retrieved from /home/airflow/.local/lib/python3.8/site-packages/airflow/example_dags/example_xcom.py
[2023-09-29T11:01:12.662+0000] {logging_mixin.py:151} INFO - [2023-09-29T11:01:12.662+0000] {dag.py:2915} INFO - Sync 1 DAGs
[2023-09-29T11:01:12.672+0000] {logging_mixin.py:151} INFO - [2023-09-29T11:01:12.672+0000] {dag.py:3696} INFO - Setting next_dagrun for example_xcom to 2021-01-01T00:00:00+00:00, run_after=2021-01-01T00:00:00+00:00
[2023-09-29T11:01:12.679+0000] {processor.py:179} INFO - Processing /home/airflow/.local/lib/python3.8/site-packages/airflow/example_dags/example_xcom.py took 0.036 seconds
[2023-09-29T11:01:43.880+0000] {processor.py:157} INFO - Started process (PID=815) to work on /home/airflow/.local/lib/python3.8/site-packages/airflow/example_dags/example_xcom.py
[2023-09-29T11:01:43.880+0000] {processor.py:829} INFO - Processing file /home/airflow/.local/lib/python3.8/site-packages/airflow/example_dags/example_xcom.py for tasks to queue
[2023-09-29T11:01:43.881+0000] {logging_mixin.py:151} INFO - [2023-09-29T11:01:43.881+0000] {dagbag.py:539} INFO - Filling up the DagBag from /home/airflow/.local/lib/python3.8/site-packages/airflow/example_dags/example_xcom.py
[2023-09-29T11:01:43.885+0000] {processor.py:839} INFO - DAG(s) dict_keys(['example_xcom']) retrieved from /home/airflow/.local/lib/python3.8/site-packages/airflow/example_dags/example_xcom.py
[2023-09-29T11:01:43.895+0000] {logging_mixin.py:151} INFO - [2023-09-29T11:01:43.895+0000] {dag.py:2915} INFO - Sync 1 DAGs
[2023-09-29T11:01:43.905+0000] {logging_mixin.py:151} INFO - [2023-09-29T11:01:43.905+0000] {dag.py:3696} INFO - Setting next_dagrun for example_xcom to 2021-01-01T00:00:00+00:00, run_after=2021-01-01T00:00:00+00:00
[2023-09-29T11:01:43.911+0000] {processor.py:179} INFO - Processing /home/airflow/.local/lib/python3.8/site-packages/airflow/example_dags/example_xcom.py took 0.034 seconds
[2023-09-29T11:02:14.999+0000] {processor.py:157} INFO - Started process (PID=872) to work on /home/airflow/.local/lib/python3.8/site-packages/airflow/example_dags/example_xcom.py
[2023-09-29T11:02:15.000+0000] {processor.py:829} INFO - Processing file /home/airflow/.local/lib/python3.8/site-packages/airflow/example_dags/example_xcom.py for tasks to queue
[2023-09-29T11:02:15.001+0000] {logging_mixin.py:151} INFO - [2023-09-29T11:02:15.001+0000] {dagbag.py:539} INFO - Filling up the DagBag from /home/airflow/.local/lib/python3.8/site-packages/airflow/example_dags/example_xcom.py
[2023-09-29T11:02:15.005+0000] {processor.py:839} INFO - DAG(s) dict_keys(['example_xcom']) retrieved from /home/airflow/.local/lib/python3.8/site-packages/airflow/example_dags/example_xcom.py
[2023-09-29T11:02:15.015+0000] {logging_mixin.py:151} INFO - [2023-09-29T11:02:15.015+0000] {dag.py:2915} INFO - Sync 1 DAGs
[2023-09-29T11:02:15.025+0000] {logging_mixin.py:151} INFO - [2023-09-29T11:02:15.025+0000] {dag.py:3696} INFO - Setting next_dagrun for example_xcom to 2021-01-01T00:00:00+00:00, run_after=2021-01-01T00:00:00+00:00
[2023-09-29T11:02:15.032+0000] {processor.py:179} INFO - Processing /home/airflow/.local/lib/python3.8/site-packages/airflow/example_dags/example_xcom.py took 0.034 seconds
[2023-09-29T11:02:45.338+0000] {processor.py:157} INFO - Started process (PID=930) to work on /home/airflow/.local/lib/python3.8/site-packages/airflow/example_dags/example_xcom.py
[2023-09-29T11:02:45.339+0000] {processor.py:829} INFO - Processing file /home/airflow/.local/lib/python3.8/site-packages/airflow/example_dags/example_xcom.py for tasks to queue
[2023-09-29T11:02:45.340+0000] {logging_mixin.py:151} INFO - [2023-09-29T11:02:45.340+0000] {dagbag.py:539} INFO - Filling up the DagBag from /home/airflow/.local/lib/python3.8/site-packages/airflow/example_dags/example_xcom.py
[2023-09-29T11:02:45.344+0000] {processor.py:839} INFO - DAG(s) dict_keys(['example_xcom']) retrieved from /home/airflow/.local/lib/python3.8/site-packages/airflow/example_dags/example_xcom.py
[2023-09-29T11:02:45.354+0000] {logging_mixin.py:151} INFO - [2023-09-29T11:02:45.353+0000] {dag.py:2915} INFO - Sync 1 DAGs
[2023-09-29T11:02:45.363+0000] {logging_mixin.py:151} INFO - [2023-09-29T11:02:45.363+0000] {dag.py:3696} INFO - Setting next_dagrun for example_xcom to 2021-01-01T00:00:00+00:00, run_after=2021-01-01T00:00:00+00:00
[2023-09-29T11:02:45.370+0000] {processor.py:179} INFO - Processing /home/airflow/.local/lib/python3.8/site-packages/airflow/example_dags/example_xcom.py took 0.034 seconds
[2023-09-29T11:03:16.631+0000] {processor.py:157} INFO - Started process (PID=986) to work on /home/airflow/.local/lib/python3.8/site-packages/airflow/example_dags/example_xcom.py
[2023-09-29T11:03:16.631+0000] {processor.py:829} INFO - Processing file /home/airflow/.local/lib/python3.8/site-packages/airflow/example_dags/example_xcom.py for tasks to queue
[2023-09-29T11:03:16.633+0000] {logging_mixin.py:151} INFO - [2023-09-29T11:03:16.632+0000] {dagbag.py:539} INFO - Filling up the DagBag from /home/airflow/.local/lib/python3.8/site-packages/airflow/example_dags/example_xcom.py
[2023-09-29T11:03:16.637+0000] {processor.py:839} INFO - DAG(s) dict_keys(['example_xcom']) retrieved from /home/airflow/.local/lib/python3.8/site-packages/airflow/example_dags/example_xcom.py
[2023-09-29T11:03:16.647+0000] {logging_mixin.py:151} INFO - [2023-09-29T11:03:16.646+0000] {dag.py:2915} INFO - Sync 1 DAGs
[2023-09-29T11:03:16.656+0000] {logging_mixin.py:151} INFO - [2023-09-29T11:03:16.656+0000] {dag.py:3696} INFO - Setting next_dagrun for example_xcom to 2021-01-01T00:00:00+00:00, run_after=2021-01-01T00:00:00+00:00
[2023-09-29T11:03:16.664+0000] {processor.py:179} INFO - Processing /home/airflow/.local/lib/python3.8/site-packages/airflow/example_dags/example_xcom.py took 0.035 seconds
[2023-09-29T11:03:46.850+0000] {processor.py:157} INFO - Started process (PID=1043) to work on /home/airflow/.local/lib/python3.8/site-packages/airflow/example_dags/example_xcom.py
[2023-09-29T11:03:46.851+0000] {processor.py:829} INFO - Processing file /home/airflow/.local/lib/python3.8/site-packages/airflow/example_dags/example_xcom.py for tasks to queue
[2023-09-29T11:03:46.852+0000] {logging_mixin.py:151} INFO - [2023-09-29T11:03:46.852+0000] {dagbag.py:539} INFO - Filling up the DagBag from /home/airflow/.local/lib/python3.8/site-packages/airflow/example_dags/example_xcom.py
[2023-09-29T11:03:46.857+0000] {processor.py:839} INFO - DAG(s) dict_keys(['example_xcom']) retrieved from /home/airflow/.local/lib/python3.8/site-packages/airflow/example_dags/example_xcom.py
[2023-09-29T11:03:46.874+0000] {logging_mixin.py:151} INFO - [2023-09-29T11:03:46.874+0000] {dag.py:2915} INFO - Sync 1 DAGs
[2023-09-29T11:03:46.891+0000] {logging_mixin.py:151} INFO - [2023-09-29T11:03:46.891+0000] {dag.py:3696} INFO - Setting next_dagrun for example_xcom to 2021-01-01T00:00:00+00:00, run_after=2021-01-01T00:00:00+00:00
[2023-09-29T11:03:46.900+0000] {processor.py:179} INFO - Processing /home/airflow/.local/lib/python3.8/site-packages/airflow/example_dags/example_xcom.py took 0.052 seconds
[2023-09-29T11:04:18.023+0000] {processor.py:157} INFO - Started process (PID=1100) to work on /home/airflow/.local/lib/python3.8/site-packages/airflow/example_dags/example_xcom.py
[2023-09-29T11:04:18.024+0000] {processor.py:829} INFO - Processing file /home/airflow/.local/lib/python3.8/site-packages/airflow/example_dags/example_xcom.py for tasks to queue
[2023-09-29T11:04:18.025+0000] {logging_mixin.py:151} INFO - [2023-09-29T11:04:18.025+0000] {dagbag.py:539} INFO - Filling up the DagBag from /home/airflow/.local/lib/python3.8/site-packages/airflow/example_dags/example_xcom.py
[2023-09-29T11:04:18.029+0000] {processor.py:839} INFO - DAG(s) dict_keys(['example_xcom']) retrieved from /home/airflow/.local/lib/python3.8/site-packages/airflow/example_dags/example_xcom.py
[2023-09-29T11:04:18.040+0000] {logging_mixin.py:151} INFO - [2023-09-29T11:04:18.040+0000] {dag.py:2915} INFO - Sync 1 DAGs
[2023-09-29T11:04:18.050+0000] {logging_mixin.py:151} INFO - [2023-09-29T11:04:18.050+0000] {dag.py:3696} INFO - Setting next_dagrun for example_xcom to 2021-01-01T00:00:00+00:00, run_after=2021-01-01T00:00:00+00:00
[2023-09-29T11:04:18.057+0000] {processor.py:179} INFO - Processing /home/airflow/.local/lib/python3.8/site-packages/airflow/example_dags/example_xcom.py took 0.036 seconds
[2023-09-29T11:04:49.146+0000] {processor.py:157} INFO - Started process (PID=1157) to work on /home/airflow/.local/lib/python3.8/site-packages/airflow/example_dags/example_xcom.py
[2023-09-29T11:04:49.147+0000] {processor.py:829} INFO - Processing file /home/airflow/.local/lib/python3.8/site-packages/airflow/example_dags/example_xcom.py for tasks to queue
[2023-09-29T11:04:49.148+0000] {logging_mixin.py:151} INFO - [2023-09-29T11:04:49.148+0000] {dagbag.py:539} INFO - Filling up the DagBag from /home/airflow/.local/lib/python3.8/site-packages/airflow/example_dags/example_xcom.py
[2023-09-29T11:04:49.152+0000] {processor.py:839} INFO - DAG(s) dict_keys(['example_xcom']) retrieved from /home/airflow/.local/lib/python3.8/site-packages/airflow/example_dags/example_xcom.py
[2023-09-29T11:04:49.161+0000] {logging_mixin.py:151} INFO - [2023-09-29T11:04:49.161+0000] {dag.py:2915} INFO - Sync 1 DAGs
[2023-09-29T11:04:49.171+0000] {logging_mixin.py:151} INFO - [2023-09-29T11:04:49.171+0000] {dag.py:3696} INFO - Setting next_dagrun for example_xcom to 2021-01-01T00:00:00+00:00, run_after=2021-01-01T00:00:00+00:00
[2023-09-29T11:04:49.178+0000] {processor.py:179} INFO - Processing /home/airflow/.local/lib/python3.8/site-packages/airflow/example_dags/example_xcom.py took 0.034 seconds
[2023-09-29T11:05:20.112+0000] {processor.py:157} INFO - Started process (PID=1214) to work on /home/airflow/.local/lib/python3.8/site-packages/airflow/example_dags/example_xcom.py
[2023-09-29T11:05:20.112+0000] {processor.py:829} INFO - Processing file /home/airflow/.local/lib/python3.8/site-packages/airflow/example_dags/example_xcom.py for tasks to queue
[2023-09-29T11:05:20.113+0000] {logging_mixin.py:151} INFO - [2023-09-29T11:05:20.113+0000] {dagbag.py:539} INFO - Filling up the DagBag from /home/airflow/.local/lib/python3.8/site-packages/airflow/example_dags/example_xcom.py
[2023-09-29T11:05:20.117+0000] {processor.py:839} INFO - DAG(s) dict_keys(['example_xcom']) retrieved from /home/airflow/.local/lib/python3.8/site-packages/airflow/example_dags/example_xcom.py
[2023-09-29T11:05:20.128+0000] {logging_mixin.py:151} INFO - [2023-09-29T11:05:20.128+0000] {dag.py:2915} INFO - Sync 1 DAGs
[2023-09-29T11:05:20.137+0000] {logging_mixin.py:151} INFO - [2023-09-29T11:05:20.137+0000] {dag.py:3696} INFO - Setting next_dagrun for example_xcom to 2021-01-01T00:00:00+00:00, run_after=2021-01-01T00:00:00+00:00
[2023-09-29T11:05:20.146+0000] {processor.py:179} INFO - Processing /home/airflow/.local/lib/python3.8/site-packages/airflow/example_dags/example_xcom.py took 0.036 seconds
[2023-09-29T11:05:51.286+0000] {processor.py:157} INFO - Started process (PID=1271) to work on /home/airflow/.local/lib/python3.8/site-packages/airflow/example_dags/example_xcom.py
[2023-09-29T11:05:51.286+0000] {processor.py:829} INFO - Processing file /home/airflow/.local/lib/python3.8/site-packages/airflow/example_dags/example_xcom.py for tasks to queue
[2023-09-29T11:05:51.288+0000] {logging_mixin.py:151} INFO - [2023-09-29T11:05:51.288+0000] {dagbag.py:539} INFO - Filling up the DagBag from /home/airflow/.local/lib/python3.8/site-packages/airflow/example_dags/example_xcom.py
[2023-09-29T11:05:51.292+0000] {processor.py:839} INFO - DAG(s) dict_keys(['example_xcom']) retrieved from /home/airflow/.local/lib/python3.8/site-packages/airflow/example_dags/example_xcom.py
[2023-09-29T11:05:51.304+0000] {logging_mixin.py:151} INFO - [2023-09-29T11:05:51.303+0000] {dag.py:2915} INFO - Sync 1 DAGs
[2023-09-29T11:05:51.314+0000] {logging_mixin.py:151} INFO - [2023-09-29T11:05:51.314+0000] {dag.py:3696} INFO - Setting next_dagrun for example_xcom to 2021-01-01T00:00:00+00:00, run_after=2021-01-01T00:00:00+00:00
[2023-09-29T11:05:51.321+0000] {processor.py:179} INFO - Processing /home/airflow/.local/lib/python3.8/site-packages/airflow/example_dags/example_xcom.py took 0.038 seconds
