[2023-09-29T08:49:14.716+0000] {processor.py:157} INFO - Started process (PID=51) to work on /home/airflow/.local/lib/python3.8/site-packages/airflow/example_dags/example_dynamic_task_mapping_with_no_taskflow_operators.py
[2023-09-29T08:49:14.719+0000] {processor.py:829} INFO - Processing file /home/airflow/.local/lib/python3.8/site-packages/airflow/example_dags/example_dynamic_task_mapping_with_no_taskflow_operators.py for tasks to queue
[2023-09-29T08:49:14.727+0000] {logging_mixin.py:151} INFO - [2023-09-29T08:49:14.726+0000] {dagbag.py:539} INFO - Filling up the DagBag from /home/airflow/.local/lib/python3.8/site-packages/airflow/example_dags/example_dynamic_task_mapping_with_no_taskflow_operators.py
[2023-09-29T08:49:14.738+0000] {processor.py:839} INFO - DAG(s) dict_keys(['example_dynamic_task_mapping_with_no_taskflow_operators']) retrieved from /home/airflow/.local/lib/python3.8/site-packages/airflow/example_dags/example_dynamic_task_mapping_with_no_taskflow_operators.py
[2023-09-29T08:49:14.761+0000] {logging_mixin.py:151} INFO - [2023-09-29T08:49:14.761+0000] {dag.py:2915} INFO - Sync 1 DAGs
[2023-09-29T08:49:14.790+0000] {logging_mixin.py:151} INFO - [2023-09-29T08:49:14.789+0000] {dag.py:3696} INFO - Setting next_dagrun for example_dynamic_task_mapping_with_no_taskflow_operators to 2023-09-28T08:49:14.789648+00:00, run_after=2023-09-29T08:49:14.789648+00:00
[2023-09-29T08:49:14.815+0000] {processor.py:179} INFO - Processing /home/airflow/.local/lib/python3.8/site-packages/airflow/example_dags/example_dynamic_task_mapping_with_no_taskflow_operators.py took 0.104 seconds
[2023-09-29T08:49:45.182+0000] {processor.py:157} INFO - Started process (PID=108) to work on /home/airflow/.local/lib/python3.8/site-packages/airflow/example_dags/example_dynamic_task_mapping_with_no_taskflow_operators.py
[2023-09-29T08:49:45.183+0000] {processor.py:829} INFO - Processing file /home/airflow/.local/lib/python3.8/site-packages/airflow/example_dags/example_dynamic_task_mapping_with_no_taskflow_operators.py for tasks to queue
[2023-09-29T08:49:45.184+0000] {logging_mixin.py:151} INFO - [2023-09-29T08:49:45.184+0000] {dagbag.py:539} INFO - Filling up the DagBag from /home/airflow/.local/lib/python3.8/site-packages/airflow/example_dags/example_dynamic_task_mapping_with_no_taskflow_operators.py
[2023-09-29T08:49:45.190+0000] {processor.py:839} INFO - DAG(s) dict_keys(['example_dynamic_task_mapping_with_no_taskflow_operators']) retrieved from /home/airflow/.local/lib/python3.8/site-packages/airflow/example_dags/example_dynamic_task_mapping_with_no_taskflow_operators.py
[2023-09-29T08:49:45.204+0000] {logging_mixin.py:151} INFO - [2023-09-29T08:49:45.204+0000] {dag.py:2915} INFO - Sync 1 DAGs
[2023-09-29T08:49:45.216+0000] {logging_mixin.py:151} INFO - [2023-09-29T08:49:45.216+0000] {dag.py:3696} INFO - Setting next_dagrun for example_dynamic_task_mapping_with_no_taskflow_operators to 2023-09-28T08:49:45.216206+00:00, run_after=2023-09-29T08:49:45.216206+00:00
[2023-09-29T08:49:45.224+0000] {processor.py:179} INFO - Processing /home/airflow/.local/lib/python3.8/site-packages/airflow/example_dags/example_dynamic_task_mapping_with_no_taskflow_operators.py took 0.043 seconds
[2023-09-29T08:50:15.762+0000] {processor.py:157} INFO - Started process (PID=165) to work on /home/airflow/.local/lib/python3.8/site-packages/airflow/example_dags/example_dynamic_task_mapping_with_no_taskflow_operators.py
[2023-09-29T08:50:15.763+0000] {processor.py:829} INFO - Processing file /home/airflow/.local/lib/python3.8/site-packages/airflow/example_dags/example_dynamic_task_mapping_with_no_taskflow_operators.py for tasks to queue
[2023-09-29T08:50:15.764+0000] {logging_mixin.py:151} INFO - [2023-09-29T08:50:15.764+0000] {dagbag.py:539} INFO - Filling up the DagBag from /home/airflow/.local/lib/python3.8/site-packages/airflow/example_dags/example_dynamic_task_mapping_with_no_taskflow_operators.py
[2023-09-29T08:50:15.768+0000] {processor.py:839} INFO - DAG(s) dict_keys(['example_dynamic_task_mapping_with_no_taskflow_operators']) retrieved from /home/airflow/.local/lib/python3.8/site-packages/airflow/example_dags/example_dynamic_task_mapping_with_no_taskflow_operators.py
[2023-09-29T08:50:15.779+0000] {logging_mixin.py:151} INFO - [2023-09-29T08:50:15.779+0000] {dag.py:2915} INFO - Sync 1 DAGs
[2023-09-29T08:50:15.789+0000] {logging_mixin.py:151} INFO - [2023-09-29T08:50:15.789+0000] {dag.py:3696} INFO - Setting next_dagrun for example_dynamic_task_mapping_with_no_taskflow_operators to 2023-09-28T08:50:15.789669+00:00, run_after=2023-09-29T08:50:15.789669+00:00
[2023-09-29T08:50:15.797+0000] {processor.py:179} INFO - Processing /home/airflow/.local/lib/python3.8/site-packages/airflow/example_dags/example_dynamic_task_mapping_with_no_taskflow_operators.py took 0.037 seconds
[2023-09-29T08:50:46.015+0000] {processor.py:157} INFO - Started process (PID=222) to work on /home/airflow/.local/lib/python3.8/site-packages/airflow/example_dags/example_dynamic_task_mapping_with_no_taskflow_operators.py
[2023-09-29T08:50:46.016+0000] {processor.py:829} INFO - Processing file /home/airflow/.local/lib/python3.8/site-packages/airflow/example_dags/example_dynamic_task_mapping_with_no_taskflow_operators.py for tasks to queue
[2023-09-29T08:50:46.017+0000] {logging_mixin.py:151} INFO - [2023-09-29T08:50:46.017+0000] {dagbag.py:539} INFO - Filling up the DagBag from /home/airflow/.local/lib/python3.8/site-packages/airflow/example_dags/example_dynamic_task_mapping_with_no_taskflow_operators.py
[2023-09-29T08:50:46.021+0000] {processor.py:839} INFO - DAG(s) dict_keys(['example_dynamic_task_mapping_with_no_taskflow_operators']) retrieved from /home/airflow/.local/lib/python3.8/site-packages/airflow/example_dags/example_dynamic_task_mapping_with_no_taskflow_operators.py
[2023-09-29T08:50:46.030+0000] {logging_mixin.py:151} INFO - [2023-09-29T08:50:46.030+0000] {dag.py:2915} INFO - Sync 1 DAGs
[2023-09-29T08:50:46.039+0000] {logging_mixin.py:151} INFO - [2023-09-29T08:50:46.039+0000] {dag.py:3696} INFO - Setting next_dagrun for example_dynamic_task_mapping_with_no_taskflow_operators to 2023-09-28T08:50:46.039550+00:00, run_after=2023-09-29T08:50:46.039550+00:00
[2023-09-29T08:50:46.049+0000] {processor.py:179} INFO - Processing /home/airflow/.local/lib/python3.8/site-packages/airflow/example_dags/example_dynamic_task_mapping_with_no_taskflow_operators.py took 0.035 seconds
[2023-09-29T08:51:17.247+0000] {processor.py:157} INFO - Started process (PID=279) to work on /home/airflow/.local/lib/python3.8/site-packages/airflow/example_dags/example_dynamic_task_mapping_with_no_taskflow_operators.py
[2023-09-29T08:51:17.247+0000] {processor.py:829} INFO - Processing file /home/airflow/.local/lib/python3.8/site-packages/airflow/example_dags/example_dynamic_task_mapping_with_no_taskflow_operators.py for tasks to queue
[2023-09-29T08:51:17.248+0000] {logging_mixin.py:151} INFO - [2023-09-29T08:51:17.248+0000] {dagbag.py:539} INFO - Filling up the DagBag from /home/airflow/.local/lib/python3.8/site-packages/airflow/example_dags/example_dynamic_task_mapping_with_no_taskflow_operators.py
[2023-09-29T08:51:17.252+0000] {processor.py:839} INFO - DAG(s) dict_keys(['example_dynamic_task_mapping_with_no_taskflow_operators']) retrieved from /home/airflow/.local/lib/python3.8/site-packages/airflow/example_dags/example_dynamic_task_mapping_with_no_taskflow_operators.py
[2023-09-29T08:51:17.262+0000] {logging_mixin.py:151} INFO - [2023-09-29T08:51:17.262+0000] {dag.py:2915} INFO - Sync 1 DAGs
[2023-09-29T08:51:17.272+0000] {logging_mixin.py:151} INFO - [2023-09-29T08:51:17.272+0000] {dag.py:3696} INFO - Setting next_dagrun for example_dynamic_task_mapping_with_no_taskflow_operators to 2023-09-28T08:51:17.272102+00:00, run_after=2023-09-29T08:51:17.272102+00:00
[2023-09-29T08:51:17.279+0000] {processor.py:179} INFO - Processing /home/airflow/.local/lib/python3.8/site-packages/airflow/example_dags/example_dynamic_task_mapping_with_no_taskflow_operators.py took 0.034 seconds
[2023-09-29T08:51:48.459+0000] {processor.py:157} INFO - Started process (PID=336) to work on /home/airflow/.local/lib/python3.8/site-packages/airflow/example_dags/example_dynamic_task_mapping_with_no_taskflow_operators.py
[2023-09-29T08:51:48.459+0000] {processor.py:829} INFO - Processing file /home/airflow/.local/lib/python3.8/site-packages/airflow/example_dags/example_dynamic_task_mapping_with_no_taskflow_operators.py for tasks to queue
[2023-09-29T08:51:48.461+0000] {logging_mixin.py:151} INFO - [2023-09-29T08:51:48.460+0000] {dagbag.py:539} INFO - Filling up the DagBag from /home/airflow/.local/lib/python3.8/site-packages/airflow/example_dags/example_dynamic_task_mapping_with_no_taskflow_operators.py
[2023-09-29T08:51:48.464+0000] {processor.py:839} INFO - DAG(s) dict_keys(['example_dynamic_task_mapping_with_no_taskflow_operators']) retrieved from /home/airflow/.local/lib/python3.8/site-packages/airflow/example_dags/example_dynamic_task_mapping_with_no_taskflow_operators.py
[2023-09-29T08:51:48.474+0000] {logging_mixin.py:151} INFO - [2023-09-29T08:51:48.474+0000] {dag.py:2915} INFO - Sync 1 DAGs
[2023-09-29T08:51:48.483+0000] {logging_mixin.py:151} INFO - [2023-09-29T08:51:48.483+0000] {dag.py:3696} INFO - Setting next_dagrun for example_dynamic_task_mapping_with_no_taskflow_operators to 2023-09-28T08:51:48.482951+00:00, run_after=2023-09-29T08:51:48.482951+00:00
[2023-09-29T08:51:48.490+0000] {processor.py:179} INFO - Processing /home/airflow/.local/lib/python3.8/site-packages/airflow/example_dags/example_dynamic_task_mapping_with_no_taskflow_operators.py took 0.033 seconds
[2023-09-29T08:52:20.066+0000] {processor.py:157} INFO - Started process (PID=393) to work on /home/airflow/.local/lib/python3.8/site-packages/airflow/example_dags/example_dynamic_task_mapping_with_no_taskflow_operators.py
[2023-09-29T08:52:20.066+0000] {processor.py:829} INFO - Processing file /home/airflow/.local/lib/python3.8/site-packages/airflow/example_dags/example_dynamic_task_mapping_with_no_taskflow_operators.py for tasks to queue
[2023-09-29T08:52:20.068+0000] {logging_mixin.py:151} INFO - [2023-09-29T08:52:20.068+0000] {dagbag.py:539} INFO - Filling up the DagBag from /home/airflow/.local/lib/python3.8/site-packages/airflow/example_dags/example_dynamic_task_mapping_with_no_taskflow_operators.py
[2023-09-29T08:52:20.072+0000] {processor.py:839} INFO - DAG(s) dict_keys(['example_dynamic_task_mapping_with_no_taskflow_operators']) retrieved from /home/airflow/.local/lib/python3.8/site-packages/airflow/example_dags/example_dynamic_task_mapping_with_no_taskflow_operators.py
[2023-09-29T08:52:20.083+0000] {logging_mixin.py:151} INFO - [2023-09-29T08:52:20.083+0000] {dag.py:2915} INFO - Sync 1 DAGs
[2023-09-29T08:52:20.095+0000] {logging_mixin.py:151} INFO - [2023-09-29T08:52:20.094+0000] {dag.py:3696} INFO - Setting next_dagrun for example_dynamic_task_mapping_with_no_taskflow_operators to 2023-09-28T08:52:20.094769+00:00, run_after=2023-09-29T08:52:20.094769+00:00
[2023-09-29T08:52:20.102+0000] {processor.py:179} INFO - Processing /home/airflow/.local/lib/python3.8/site-packages/airflow/example_dags/example_dynamic_task_mapping_with_no_taskflow_operators.py took 0.038 seconds
[2023-09-29T08:52:50.218+0000] {processor.py:157} INFO - Started process (PID=450) to work on /home/airflow/.local/lib/python3.8/site-packages/airflow/example_dags/example_dynamic_task_mapping_with_no_taskflow_operators.py
[2023-09-29T08:52:50.219+0000] {processor.py:829} INFO - Processing file /home/airflow/.local/lib/python3.8/site-packages/airflow/example_dags/example_dynamic_task_mapping_with_no_taskflow_operators.py for tasks to queue
[2023-09-29T08:52:50.220+0000] {logging_mixin.py:151} INFO - [2023-09-29T08:52:50.220+0000] {dagbag.py:539} INFO - Filling up the DagBag from /home/airflow/.local/lib/python3.8/site-packages/airflow/example_dags/example_dynamic_task_mapping_with_no_taskflow_operators.py
[2023-09-29T08:52:50.224+0000] {processor.py:839} INFO - DAG(s) dict_keys(['example_dynamic_task_mapping_with_no_taskflow_operators']) retrieved from /home/airflow/.local/lib/python3.8/site-packages/airflow/example_dags/example_dynamic_task_mapping_with_no_taskflow_operators.py
[2023-09-29T08:52:50.234+0000] {logging_mixin.py:151} INFO - [2023-09-29T08:52:50.233+0000] {dag.py:2915} INFO - Sync 1 DAGs
[2023-09-29T08:52:50.243+0000] {logging_mixin.py:151} INFO - [2023-09-29T08:52:50.243+0000] {dag.py:3696} INFO - Setting next_dagrun for example_dynamic_task_mapping_with_no_taskflow_operators to 2023-09-28T08:52:50.243663+00:00, run_after=2023-09-29T08:52:50.243663+00:00
[2023-09-29T08:52:50.250+0000] {processor.py:179} INFO - Processing /home/airflow/.local/lib/python3.8/site-packages/airflow/example_dags/example_dynamic_task_mapping_with_no_taskflow_operators.py took 0.034 seconds
[2023-09-29T08:53:21.710+0000] {processor.py:157} INFO - Started process (PID=507) to work on /home/airflow/.local/lib/python3.8/site-packages/airflow/example_dags/example_dynamic_task_mapping_with_no_taskflow_operators.py
[2023-09-29T08:53:21.710+0000] {processor.py:829} INFO - Processing file /home/airflow/.local/lib/python3.8/site-packages/airflow/example_dags/example_dynamic_task_mapping_with_no_taskflow_operators.py for tasks to queue
[2023-09-29T08:53:21.711+0000] {logging_mixin.py:151} INFO - [2023-09-29T08:53:21.711+0000] {dagbag.py:539} INFO - Filling up the DagBag from /home/airflow/.local/lib/python3.8/site-packages/airflow/example_dags/example_dynamic_task_mapping_with_no_taskflow_operators.py
[2023-09-29T08:53:21.716+0000] {processor.py:839} INFO - DAG(s) dict_keys(['example_dynamic_task_mapping_with_no_taskflow_operators']) retrieved from /home/airflow/.local/lib/python3.8/site-packages/airflow/example_dags/example_dynamic_task_mapping_with_no_taskflow_operators.py
[2023-09-29T08:53:21.725+0000] {logging_mixin.py:151} INFO - [2023-09-29T08:53:21.725+0000] {dag.py:2915} INFO - Sync 1 DAGs
[2023-09-29T08:53:21.735+0000] {logging_mixin.py:151} INFO - [2023-09-29T08:53:21.735+0000] {dag.py:3696} INFO - Setting next_dagrun for example_dynamic_task_mapping_with_no_taskflow_operators to 2023-09-28T08:53:21.735355+00:00, run_after=2023-09-29T08:53:21.735355+00:00
[2023-09-29T08:53:21.743+0000] {processor.py:179} INFO - Processing /home/airflow/.local/lib/python3.8/site-packages/airflow/example_dags/example_dynamic_task_mapping_with_no_taskflow_operators.py took 0.035 seconds
[2023-09-29T08:53:51.962+0000] {processor.py:157} INFO - Started process (PID=564) to work on /home/airflow/.local/lib/python3.8/site-packages/airflow/example_dags/example_dynamic_task_mapping_with_no_taskflow_operators.py
[2023-09-29T08:53:51.964+0000] {processor.py:829} INFO - Processing file /home/airflow/.local/lib/python3.8/site-packages/airflow/example_dags/example_dynamic_task_mapping_with_no_taskflow_operators.py for tasks to queue
[2023-09-29T08:53:51.965+0000] {logging_mixin.py:151} INFO - [2023-09-29T08:53:51.965+0000] {dagbag.py:539} INFO - Filling up the DagBag from /home/airflow/.local/lib/python3.8/site-packages/airflow/example_dags/example_dynamic_task_mapping_with_no_taskflow_operators.py
[2023-09-29T08:53:51.969+0000] {processor.py:839} INFO - DAG(s) dict_keys(['example_dynamic_task_mapping_with_no_taskflow_operators']) retrieved from /home/airflow/.local/lib/python3.8/site-packages/airflow/example_dags/example_dynamic_task_mapping_with_no_taskflow_operators.py
[2023-09-29T08:53:51.984+0000] {logging_mixin.py:151} INFO - [2023-09-29T08:53:51.984+0000] {dag.py:2915} INFO - Sync 1 DAGs
[2023-09-29T08:53:51.998+0000] {logging_mixin.py:151} INFO - [2023-09-29T08:53:51.998+0000] {dag.py:3696} INFO - Setting next_dagrun for example_dynamic_task_mapping_with_no_taskflow_operators to 2023-09-28T08:53:51.998231+00:00, run_after=2023-09-29T08:53:51.998231+00:00
[2023-09-29T08:53:52.009+0000] {processor.py:179} INFO - Processing /home/airflow/.local/lib/python3.8/site-packages/airflow/example_dags/example_dynamic_task_mapping_with_no_taskflow_operators.py took 0.049 seconds
[2023-09-29T08:54:22.409+0000] {processor.py:157} INFO - Started process (PID=621) to work on /home/airflow/.local/lib/python3.8/site-packages/airflow/example_dags/example_dynamic_task_mapping_with_no_taskflow_operators.py
[2023-09-29T08:54:22.410+0000] {processor.py:829} INFO - Processing file /home/airflow/.local/lib/python3.8/site-packages/airflow/example_dags/example_dynamic_task_mapping_with_no_taskflow_operators.py for tasks to queue
[2023-09-29T08:54:22.411+0000] {logging_mixin.py:151} INFO - [2023-09-29T08:54:22.411+0000] {dagbag.py:539} INFO - Filling up the DagBag from /home/airflow/.local/lib/python3.8/site-packages/airflow/example_dags/example_dynamic_task_mapping_with_no_taskflow_operators.py
[2023-09-29T08:54:22.415+0000] {processor.py:839} INFO - DAG(s) dict_keys(['example_dynamic_task_mapping_with_no_taskflow_operators']) retrieved from /home/airflow/.local/lib/python3.8/site-packages/airflow/example_dags/example_dynamic_task_mapping_with_no_taskflow_operators.py
[2023-09-29T08:54:22.425+0000] {logging_mixin.py:151} INFO - [2023-09-29T08:54:22.425+0000] {dag.py:2915} INFO - Sync 1 DAGs
[2023-09-29T08:54:22.434+0000] {logging_mixin.py:151} INFO - [2023-09-29T08:54:22.434+0000] {dag.py:3696} INFO - Setting next_dagrun for example_dynamic_task_mapping_with_no_taskflow_operators to 2023-09-28T08:54:22.434090+00:00, run_after=2023-09-29T08:54:22.434090+00:00
[2023-09-29T08:54:22.441+0000] {processor.py:179} INFO - Processing /home/airflow/.local/lib/python3.8/site-packages/airflow/example_dags/example_dynamic_task_mapping_with_no_taskflow_operators.py took 0.034 seconds
[2023-09-29T08:54:52.735+0000] {processor.py:157} INFO - Started process (PID=678) to work on /home/airflow/.local/lib/python3.8/site-packages/airflow/example_dags/example_dynamic_task_mapping_with_no_taskflow_operators.py
[2023-09-29T08:54:52.735+0000] {processor.py:829} INFO - Processing file /home/airflow/.local/lib/python3.8/site-packages/airflow/example_dags/example_dynamic_task_mapping_with_no_taskflow_operators.py for tasks to queue
[2023-09-29T08:54:52.736+0000] {logging_mixin.py:151} INFO - [2023-09-29T08:54:52.736+0000] {dagbag.py:539} INFO - Filling up the DagBag from /home/airflow/.local/lib/python3.8/site-packages/airflow/example_dags/example_dynamic_task_mapping_with_no_taskflow_operators.py
[2023-09-29T08:54:52.740+0000] {processor.py:839} INFO - DAG(s) dict_keys(['example_dynamic_task_mapping_with_no_taskflow_operators']) retrieved from /home/airflow/.local/lib/python3.8/site-packages/airflow/example_dags/example_dynamic_task_mapping_with_no_taskflow_operators.py
[2023-09-29T08:54:52.749+0000] {logging_mixin.py:151} INFO - [2023-09-29T08:54:52.749+0000] {dag.py:2915} INFO - Sync 1 DAGs
[2023-09-29T08:54:52.759+0000] {logging_mixin.py:151} INFO - [2023-09-29T08:54:52.759+0000] {dag.py:3696} INFO - Setting next_dagrun for example_dynamic_task_mapping_with_no_taskflow_operators to 2023-09-28T08:54:52.759301+00:00, run_after=2023-09-29T08:54:52.759301+00:00
[2023-09-29T08:54:52.766+0000] {processor.py:179} INFO - Processing /home/airflow/.local/lib/python3.8/site-packages/airflow/example_dags/example_dynamic_task_mapping_with_no_taskflow_operators.py took 0.034 seconds
[2023-09-29T08:55:24.009+0000] {processor.py:157} INFO - Started process (PID=735) to work on /home/airflow/.local/lib/python3.8/site-packages/airflow/example_dags/example_dynamic_task_mapping_with_no_taskflow_operators.py
[2023-09-29T08:55:24.010+0000] {processor.py:829} INFO - Processing file /home/airflow/.local/lib/python3.8/site-packages/airflow/example_dags/example_dynamic_task_mapping_with_no_taskflow_operators.py for tasks to queue
[2023-09-29T08:55:24.011+0000] {logging_mixin.py:151} INFO - [2023-09-29T08:55:24.011+0000] {dagbag.py:539} INFO - Filling up the DagBag from /home/airflow/.local/lib/python3.8/site-packages/airflow/example_dags/example_dynamic_task_mapping_with_no_taskflow_operators.py
[2023-09-29T08:55:24.015+0000] {processor.py:839} INFO - DAG(s) dict_keys(['example_dynamic_task_mapping_with_no_taskflow_operators']) retrieved from /home/airflow/.local/lib/python3.8/site-packages/airflow/example_dags/example_dynamic_task_mapping_with_no_taskflow_operators.py
[2023-09-29T08:55:24.026+0000] {logging_mixin.py:151} INFO - [2023-09-29T08:55:24.026+0000] {dag.py:2915} INFO - Sync 1 DAGs
[2023-09-29T08:55:24.036+0000] {logging_mixin.py:151} INFO - [2023-09-29T08:55:24.036+0000] {dag.py:3696} INFO - Setting next_dagrun for example_dynamic_task_mapping_with_no_taskflow_operators to 2023-09-28T08:55:24.036701+00:00, run_after=2023-09-29T08:55:24.036701+00:00
[2023-09-29T08:55:24.044+0000] {processor.py:179} INFO - Processing /home/airflow/.local/lib/python3.8/site-packages/airflow/example_dags/example_dynamic_task_mapping_with_no_taskflow_operators.py took 0.036 seconds
[2023-09-29T08:55:55.226+0000] {processor.py:157} INFO - Started process (PID=792) to work on /home/airflow/.local/lib/python3.8/site-packages/airflow/example_dags/example_dynamic_task_mapping_with_no_taskflow_operators.py
[2023-09-29T08:55:55.226+0000] {processor.py:829} INFO - Processing file /home/airflow/.local/lib/python3.8/site-packages/airflow/example_dags/example_dynamic_task_mapping_with_no_taskflow_operators.py for tasks to queue
[2023-09-29T08:55:55.228+0000] {logging_mixin.py:151} INFO - [2023-09-29T08:55:55.227+0000] {dagbag.py:539} INFO - Filling up the DagBag from /home/airflow/.local/lib/python3.8/site-packages/airflow/example_dags/example_dynamic_task_mapping_with_no_taskflow_operators.py
[2023-09-29T08:55:55.231+0000] {processor.py:839} INFO - DAG(s) dict_keys(['example_dynamic_task_mapping_with_no_taskflow_operators']) retrieved from /home/airflow/.local/lib/python3.8/site-packages/airflow/example_dags/example_dynamic_task_mapping_with_no_taskflow_operators.py
[2023-09-29T08:55:55.240+0000] {logging_mixin.py:151} INFO - [2023-09-29T08:55:55.240+0000] {dag.py:2915} INFO - Sync 1 DAGs
[2023-09-29T08:55:55.250+0000] {logging_mixin.py:151} INFO - [2023-09-29T08:55:55.249+0000] {dag.py:3696} INFO - Setting next_dagrun for example_dynamic_task_mapping_with_no_taskflow_operators to 2023-09-28T08:55:55.249866+00:00, run_after=2023-09-29T08:55:55.249866+00:00
[2023-09-29T08:55:55.257+0000] {processor.py:179} INFO - Processing /home/airflow/.local/lib/python3.8/site-packages/airflow/example_dags/example_dynamic_task_mapping_with_no_taskflow_operators.py took 0.033 seconds
[2023-09-29T08:56:26.548+0000] {processor.py:157} INFO - Started process (PID=849) to work on /home/airflow/.local/lib/python3.8/site-packages/airflow/example_dags/example_dynamic_task_mapping_with_no_taskflow_operators.py
[2023-09-29T08:56:26.549+0000] {processor.py:829} INFO - Processing file /home/airflow/.local/lib/python3.8/site-packages/airflow/example_dags/example_dynamic_task_mapping_with_no_taskflow_operators.py for tasks to queue
[2023-09-29T08:56:26.550+0000] {logging_mixin.py:151} INFO - [2023-09-29T08:56:26.550+0000] {dagbag.py:539} INFO - Filling up the DagBag from /home/airflow/.local/lib/python3.8/site-packages/airflow/example_dags/example_dynamic_task_mapping_with_no_taskflow_operators.py
[2023-09-29T08:56:26.554+0000] {processor.py:839} INFO - DAG(s) dict_keys(['example_dynamic_task_mapping_with_no_taskflow_operators']) retrieved from /home/airflow/.local/lib/python3.8/site-packages/airflow/example_dags/example_dynamic_task_mapping_with_no_taskflow_operators.py
[2023-09-29T08:56:26.563+0000] {logging_mixin.py:151} INFO - [2023-09-29T08:56:26.563+0000] {dag.py:2915} INFO - Sync 1 DAGs
[2023-09-29T08:56:26.573+0000] {logging_mixin.py:151} INFO - [2023-09-29T08:56:26.573+0000] {dag.py:3696} INFO - Setting next_dagrun for example_dynamic_task_mapping_with_no_taskflow_operators to 2023-09-28T08:56:26.572988+00:00, run_after=2023-09-29T08:56:26.572988+00:00
[2023-09-29T08:56:26.583+0000] {processor.py:179} INFO - Processing /home/airflow/.local/lib/python3.8/site-packages/airflow/example_dags/example_dynamic_task_mapping_with_no_taskflow_operators.py took 0.036 seconds
[2023-09-29T10:55:01.570+0000] {processor.py:157} INFO - Started process (PID=51) to work on /home/airflow/.local/lib/python3.8/site-packages/airflow/example_dags/example_dynamic_task_mapping_with_no_taskflow_operators.py
[2023-09-29T10:55:01.577+0000] {processor.py:829} INFO - Processing file /home/airflow/.local/lib/python3.8/site-packages/airflow/example_dags/example_dynamic_task_mapping_with_no_taskflow_operators.py for tasks to queue
[2023-09-29T10:55:01.579+0000] {logging_mixin.py:151} INFO - [2023-09-29T10:55:01.579+0000] {dagbag.py:539} INFO - Filling up the DagBag from /home/airflow/.local/lib/python3.8/site-packages/airflow/example_dags/example_dynamic_task_mapping_with_no_taskflow_operators.py
[2023-09-29T10:55:01.586+0000] {processor.py:839} INFO - DAG(s) dict_keys(['example_dynamic_task_mapping_with_no_taskflow_operators']) retrieved from /home/airflow/.local/lib/python3.8/site-packages/airflow/example_dags/example_dynamic_task_mapping_with_no_taskflow_operators.py
[2023-09-29T10:55:01.593+0000] {logging_mixin.py:151} INFO - [2023-09-29T10:55:01.593+0000] {dag.py:2915} INFO - Sync 1 DAGs
[2023-09-29T10:55:01.607+0000] {logging_mixin.py:151} INFO - [2023-09-29T10:55:01.606+0000] {dag.py:3696} INFO - Setting next_dagrun for example_dynamic_task_mapping_with_no_taskflow_operators to 2023-09-28T10:55:01.606804+00:00, run_after=2023-09-29T10:55:01.606804+00:00
[2023-09-29T10:55:01.615+0000] {processor.py:179} INFO - Processing /home/airflow/.local/lib/python3.8/site-packages/airflow/example_dags/example_dynamic_task_mapping_with_no_taskflow_operators.py took 0.048 seconds
[2023-09-29T10:55:32.485+0000] {processor.py:157} INFO - Started process (PID=107) to work on /home/airflow/.local/lib/python3.8/site-packages/airflow/example_dags/example_dynamic_task_mapping_with_no_taskflow_operators.py
[2023-09-29T10:55:32.487+0000] {processor.py:829} INFO - Processing file /home/airflow/.local/lib/python3.8/site-packages/airflow/example_dags/example_dynamic_task_mapping_with_no_taskflow_operators.py for tasks to queue
[2023-09-29T10:55:32.488+0000] {logging_mixin.py:151} INFO - [2023-09-29T10:55:32.488+0000] {dagbag.py:539} INFO - Filling up the DagBag from /home/airflow/.local/lib/python3.8/site-packages/airflow/example_dags/example_dynamic_task_mapping_with_no_taskflow_operators.py
[2023-09-29T10:55:32.492+0000] {processor.py:839} INFO - DAG(s) dict_keys(['example_dynamic_task_mapping_with_no_taskflow_operators']) retrieved from /home/airflow/.local/lib/python3.8/site-packages/airflow/example_dags/example_dynamic_task_mapping_with_no_taskflow_operators.py
[2023-09-29T10:55:32.502+0000] {logging_mixin.py:151} INFO - [2023-09-29T10:55:32.502+0000] {dag.py:2915} INFO - Sync 1 DAGs
[2023-09-29T10:55:32.512+0000] {logging_mixin.py:151} INFO - [2023-09-29T10:55:32.512+0000] {dag.py:3696} INFO - Setting next_dagrun for example_dynamic_task_mapping_with_no_taskflow_operators to 2023-09-28T10:55:32.512110+00:00, run_after=2023-09-29T10:55:32.512110+00:00
[2023-09-29T10:55:32.519+0000] {processor.py:179} INFO - Processing /home/airflow/.local/lib/python3.8/site-packages/airflow/example_dags/example_dynamic_task_mapping_with_no_taskflow_operators.py took 0.035 seconds
[2023-09-29T10:56:03.613+0000] {processor.py:157} INFO - Started process (PID=164) to work on /home/airflow/.local/lib/python3.8/site-packages/airflow/example_dags/example_dynamic_task_mapping_with_no_taskflow_operators.py
[2023-09-29T10:56:03.614+0000] {processor.py:829} INFO - Processing file /home/airflow/.local/lib/python3.8/site-packages/airflow/example_dags/example_dynamic_task_mapping_with_no_taskflow_operators.py for tasks to queue
[2023-09-29T10:56:03.615+0000] {logging_mixin.py:151} INFO - [2023-09-29T10:56:03.615+0000] {dagbag.py:539} INFO - Filling up the DagBag from /home/airflow/.local/lib/python3.8/site-packages/airflow/example_dags/example_dynamic_task_mapping_with_no_taskflow_operators.py
[2023-09-29T10:56:03.619+0000] {processor.py:839} INFO - DAG(s) dict_keys(['example_dynamic_task_mapping_with_no_taskflow_operators']) retrieved from /home/airflow/.local/lib/python3.8/site-packages/airflow/example_dags/example_dynamic_task_mapping_with_no_taskflow_operators.py
[2023-09-29T10:56:03.631+0000] {logging_mixin.py:151} INFO - [2023-09-29T10:56:03.631+0000] {dag.py:2915} INFO - Sync 1 DAGs
[2023-09-29T10:56:03.652+0000] {logging_mixin.py:151} INFO - [2023-09-29T10:56:03.652+0000] {dag.py:3696} INFO - Setting next_dagrun for example_dynamic_task_mapping_with_no_taskflow_operators to 2023-09-28T10:56:03.652502+00:00, run_after=2023-09-29T10:56:03.652502+00:00
[2023-09-29T10:56:03.681+0000] {processor.py:179} INFO - Processing /home/airflow/.local/lib/python3.8/site-packages/airflow/example_dags/example_dynamic_task_mapping_with_no_taskflow_operators.py took 0.071 seconds
[2023-09-29T10:56:34.017+0000] {processor.py:157} INFO - Started process (PID=221) to work on /home/airflow/.local/lib/python3.8/site-packages/airflow/example_dags/example_dynamic_task_mapping_with_no_taskflow_operators.py
[2023-09-29T10:56:34.017+0000] {processor.py:829} INFO - Processing file /home/airflow/.local/lib/python3.8/site-packages/airflow/example_dags/example_dynamic_task_mapping_with_no_taskflow_operators.py for tasks to queue
[2023-09-29T10:56:34.019+0000] {logging_mixin.py:151} INFO - [2023-09-29T10:56:34.019+0000] {dagbag.py:539} INFO - Filling up the DagBag from /home/airflow/.local/lib/python3.8/site-packages/airflow/example_dags/example_dynamic_task_mapping_with_no_taskflow_operators.py
[2023-09-29T10:56:34.023+0000] {processor.py:839} INFO - DAG(s) dict_keys(['example_dynamic_task_mapping_with_no_taskflow_operators']) retrieved from /home/airflow/.local/lib/python3.8/site-packages/airflow/example_dags/example_dynamic_task_mapping_with_no_taskflow_operators.py
[2023-09-29T10:56:34.037+0000] {logging_mixin.py:151} INFO - [2023-09-29T10:56:34.036+0000] {dag.py:2915} INFO - Sync 1 DAGs
[2023-09-29T10:56:34.049+0000] {logging_mixin.py:151} INFO - [2023-09-29T10:56:34.049+0000] {dag.py:3696} INFO - Setting next_dagrun for example_dynamic_task_mapping_with_no_taskflow_operators to 2023-09-28T10:56:34.049589+00:00, run_after=2023-09-29T10:56:34.049589+00:00
[2023-09-29T10:56:34.064+0000] {processor.py:179} INFO - Processing /home/airflow/.local/lib/python3.8/site-packages/airflow/example_dags/example_dynamic_task_mapping_with_no_taskflow_operators.py took 0.049 seconds
[2023-09-29T10:57:04.627+0000] {processor.py:157} INFO - Started process (PID=279) to work on /home/airflow/.local/lib/python3.8/site-packages/airflow/example_dags/example_dynamic_task_mapping_with_no_taskflow_operators.py
[2023-09-29T10:57:04.628+0000] {processor.py:829} INFO - Processing file /home/airflow/.local/lib/python3.8/site-packages/airflow/example_dags/example_dynamic_task_mapping_with_no_taskflow_operators.py for tasks to queue
[2023-09-29T10:57:04.629+0000] {logging_mixin.py:151} INFO - [2023-09-29T10:57:04.629+0000] {dagbag.py:539} INFO - Filling up the DagBag from /home/airflow/.local/lib/python3.8/site-packages/airflow/example_dags/example_dynamic_task_mapping_with_no_taskflow_operators.py
[2023-09-29T10:57:04.633+0000] {processor.py:839} INFO - DAG(s) dict_keys(['example_dynamic_task_mapping_with_no_taskflow_operators']) retrieved from /home/airflow/.local/lib/python3.8/site-packages/airflow/example_dags/example_dynamic_task_mapping_with_no_taskflow_operators.py
[2023-09-29T10:57:04.644+0000] {logging_mixin.py:151} INFO - [2023-09-29T10:57:04.644+0000] {dag.py:2915} INFO - Sync 1 DAGs
[2023-09-29T10:57:04.655+0000] {logging_mixin.py:151} INFO - [2023-09-29T10:57:04.655+0000] {dag.py:3696} INFO - Setting next_dagrun for example_dynamic_task_mapping_with_no_taskflow_operators to 2023-09-28T10:57:04.655405+00:00, run_after=2023-09-29T10:57:04.655405+00:00
[2023-09-29T10:57:04.666+0000] {processor.py:179} INFO - Processing /home/airflow/.local/lib/python3.8/site-packages/airflow/example_dags/example_dynamic_task_mapping_with_no_taskflow_operators.py took 0.041 seconds
[2023-09-29T10:57:34.931+0000] {processor.py:157} INFO - Started process (PID=336) to work on /home/airflow/.local/lib/python3.8/site-packages/airflow/example_dags/example_dynamic_task_mapping_with_no_taskflow_operators.py
[2023-09-29T10:57:34.931+0000] {processor.py:829} INFO - Processing file /home/airflow/.local/lib/python3.8/site-packages/airflow/example_dags/example_dynamic_task_mapping_with_no_taskflow_operators.py for tasks to queue
[2023-09-29T10:57:34.933+0000] {logging_mixin.py:151} INFO - [2023-09-29T10:57:34.932+0000] {dagbag.py:539} INFO - Filling up the DagBag from /home/airflow/.local/lib/python3.8/site-packages/airflow/example_dags/example_dynamic_task_mapping_with_no_taskflow_operators.py
[2023-09-29T10:57:34.936+0000] {processor.py:839} INFO - DAG(s) dict_keys(['example_dynamic_task_mapping_with_no_taskflow_operators']) retrieved from /home/airflow/.local/lib/python3.8/site-packages/airflow/example_dags/example_dynamic_task_mapping_with_no_taskflow_operators.py
[2023-09-29T10:57:34.948+0000] {logging_mixin.py:151} INFO - [2023-09-29T10:57:34.948+0000] {dag.py:2915} INFO - Sync 1 DAGs
[2023-09-29T10:57:34.958+0000] {logging_mixin.py:151} INFO - [2023-09-29T10:57:34.958+0000] {dag.py:3696} INFO - Setting next_dagrun for example_dynamic_task_mapping_with_no_taskflow_operators to 2023-09-28T10:57:34.958282+00:00, run_after=2023-09-29T10:57:34.958282+00:00
[2023-09-29T10:57:34.968+0000] {processor.py:179} INFO - Processing /home/airflow/.local/lib/python3.8/site-packages/airflow/example_dags/example_dynamic_task_mapping_with_no_taskflow_operators.py took 0.039 seconds
[2023-09-29T10:58:06.017+0000] {processor.py:157} INFO - Started process (PID=393) to work on /home/airflow/.local/lib/python3.8/site-packages/airflow/example_dags/example_dynamic_task_mapping_with_no_taskflow_operators.py
[2023-09-29T10:58:06.018+0000] {processor.py:829} INFO - Processing file /home/airflow/.local/lib/python3.8/site-packages/airflow/example_dags/example_dynamic_task_mapping_with_no_taskflow_operators.py for tasks to queue
[2023-09-29T10:58:06.019+0000] {logging_mixin.py:151} INFO - [2023-09-29T10:58:06.019+0000] {dagbag.py:539} INFO - Filling up the DagBag from /home/airflow/.local/lib/python3.8/site-packages/airflow/example_dags/example_dynamic_task_mapping_with_no_taskflow_operators.py
[2023-09-29T10:58:06.022+0000] {processor.py:839} INFO - DAG(s) dict_keys(['example_dynamic_task_mapping_with_no_taskflow_operators']) retrieved from /home/airflow/.local/lib/python3.8/site-packages/airflow/example_dags/example_dynamic_task_mapping_with_no_taskflow_operators.py
[2023-09-29T10:58:06.032+0000] {logging_mixin.py:151} INFO - [2023-09-29T10:58:06.032+0000] {dag.py:2915} INFO - Sync 1 DAGs
[2023-09-29T10:58:06.042+0000] {logging_mixin.py:151} INFO - [2023-09-29T10:58:06.042+0000] {dag.py:3696} INFO - Setting next_dagrun for example_dynamic_task_mapping_with_no_taskflow_operators to 2023-09-28T10:58:06.042286+00:00, run_after=2023-09-29T10:58:06.042286+00:00
[2023-09-29T10:58:06.049+0000] {processor.py:179} INFO - Processing /home/airflow/.local/lib/python3.8/site-packages/airflow/example_dags/example_dynamic_task_mapping_with_no_taskflow_operators.py took 0.034 seconds
[2023-09-29T10:58:37.276+0000] {processor.py:157} INFO - Started process (PID=450) to work on /home/airflow/.local/lib/python3.8/site-packages/airflow/example_dags/example_dynamic_task_mapping_with_no_taskflow_operators.py
[2023-09-29T10:58:37.277+0000] {processor.py:829} INFO - Processing file /home/airflow/.local/lib/python3.8/site-packages/airflow/example_dags/example_dynamic_task_mapping_with_no_taskflow_operators.py for tasks to queue
[2023-09-29T10:58:37.278+0000] {logging_mixin.py:151} INFO - [2023-09-29T10:58:37.278+0000] {dagbag.py:539} INFO - Filling up the DagBag from /home/airflow/.local/lib/python3.8/site-packages/airflow/example_dags/example_dynamic_task_mapping_with_no_taskflow_operators.py
[2023-09-29T10:58:37.282+0000] {processor.py:839} INFO - DAG(s) dict_keys(['example_dynamic_task_mapping_with_no_taskflow_operators']) retrieved from /home/airflow/.local/lib/python3.8/site-packages/airflow/example_dags/example_dynamic_task_mapping_with_no_taskflow_operators.py
[2023-09-29T10:58:37.291+0000] {logging_mixin.py:151} INFO - [2023-09-29T10:58:37.291+0000] {dag.py:2915} INFO - Sync 1 DAGs
[2023-09-29T10:58:37.300+0000] {logging_mixin.py:151} INFO - [2023-09-29T10:58:37.300+0000] {dag.py:3696} INFO - Setting next_dagrun for example_dynamic_task_mapping_with_no_taskflow_operators to 2023-09-28T10:58:37.300551+00:00, run_after=2023-09-29T10:58:37.300551+00:00
[2023-09-29T10:58:37.308+0000] {processor.py:179} INFO - Processing /home/airflow/.local/lib/python3.8/site-packages/airflow/example_dags/example_dynamic_task_mapping_with_no_taskflow_operators.py took 0.034 seconds
[2023-09-29T10:59:08.532+0000] {processor.py:157} INFO - Started process (PID=507) to work on /home/airflow/.local/lib/python3.8/site-packages/airflow/example_dags/example_dynamic_task_mapping_with_no_taskflow_operators.py
[2023-09-29T10:59:08.533+0000] {processor.py:829} INFO - Processing file /home/airflow/.local/lib/python3.8/site-packages/airflow/example_dags/example_dynamic_task_mapping_with_no_taskflow_operators.py for tasks to queue
[2023-09-29T10:59:08.534+0000] {logging_mixin.py:151} INFO - [2023-09-29T10:59:08.534+0000] {dagbag.py:539} INFO - Filling up the DagBag from /home/airflow/.local/lib/python3.8/site-packages/airflow/example_dags/example_dynamic_task_mapping_with_no_taskflow_operators.py
[2023-09-29T10:59:08.538+0000] {processor.py:839} INFO - DAG(s) dict_keys(['example_dynamic_task_mapping_with_no_taskflow_operators']) retrieved from /home/airflow/.local/lib/python3.8/site-packages/airflow/example_dags/example_dynamic_task_mapping_with_no_taskflow_operators.py
[2023-09-29T10:59:08.547+0000] {logging_mixin.py:151} INFO - [2023-09-29T10:59:08.547+0000] {dag.py:2915} INFO - Sync 1 DAGs
[2023-09-29T10:59:08.556+0000] {logging_mixin.py:151} INFO - [2023-09-29T10:59:08.556+0000] {dag.py:3696} INFO - Setting next_dagrun for example_dynamic_task_mapping_with_no_taskflow_operators to 2023-09-28T10:59:08.556616+00:00, run_after=2023-09-29T10:59:08.556616+00:00
[2023-09-29T10:59:08.563+0000] {processor.py:179} INFO - Processing /home/airflow/.local/lib/python3.8/site-packages/airflow/example_dags/example_dynamic_task_mapping_with_no_taskflow_operators.py took 0.033 seconds
[2023-09-29T10:59:38.913+0000] {processor.py:157} INFO - Started process (PID=564) to work on /home/airflow/.local/lib/python3.8/site-packages/airflow/example_dags/example_dynamic_task_mapping_with_no_taskflow_operators.py
[2023-09-29T10:59:38.914+0000] {processor.py:829} INFO - Processing file /home/airflow/.local/lib/python3.8/site-packages/airflow/example_dags/example_dynamic_task_mapping_with_no_taskflow_operators.py for tasks to queue
[2023-09-29T10:59:38.915+0000] {logging_mixin.py:151} INFO - [2023-09-29T10:59:38.915+0000] {dagbag.py:539} INFO - Filling up the DagBag from /home/airflow/.local/lib/python3.8/site-packages/airflow/example_dags/example_dynamic_task_mapping_with_no_taskflow_operators.py
[2023-09-29T10:59:38.919+0000] {processor.py:839} INFO - DAG(s) dict_keys(['example_dynamic_task_mapping_with_no_taskflow_operators']) retrieved from /home/airflow/.local/lib/python3.8/site-packages/airflow/example_dags/example_dynamic_task_mapping_with_no_taskflow_operators.py
[2023-09-29T10:59:38.928+0000] {logging_mixin.py:151} INFO - [2023-09-29T10:59:38.928+0000] {dag.py:2915} INFO - Sync 1 DAGs
[2023-09-29T10:59:38.937+0000] {logging_mixin.py:151} INFO - [2023-09-29T10:59:38.937+0000] {dag.py:3696} INFO - Setting next_dagrun for example_dynamic_task_mapping_with_no_taskflow_operators to 2023-09-28T10:59:38.937595+00:00, run_after=2023-09-29T10:59:38.937595+00:00
[2023-09-29T10:59:38.944+0000] {processor.py:179} INFO - Processing /home/airflow/.local/lib/python3.8/site-packages/airflow/example_dags/example_dynamic_task_mapping_with_no_taskflow_operators.py took 0.033 seconds
[2023-09-29T11:00:10.149+0000] {processor.py:157} INFO - Started process (PID=621) to work on /home/airflow/.local/lib/python3.8/site-packages/airflow/example_dags/example_dynamic_task_mapping_with_no_taskflow_operators.py
[2023-09-29T11:00:10.150+0000] {processor.py:829} INFO - Processing file /home/airflow/.local/lib/python3.8/site-packages/airflow/example_dags/example_dynamic_task_mapping_with_no_taskflow_operators.py for tasks to queue
[2023-09-29T11:00:10.151+0000] {logging_mixin.py:151} INFO - [2023-09-29T11:00:10.151+0000] {dagbag.py:539} INFO - Filling up the DagBag from /home/airflow/.local/lib/python3.8/site-packages/airflow/example_dags/example_dynamic_task_mapping_with_no_taskflow_operators.py
[2023-09-29T11:00:10.155+0000] {processor.py:839} INFO - DAG(s) dict_keys(['example_dynamic_task_mapping_with_no_taskflow_operators']) retrieved from /home/airflow/.local/lib/python3.8/site-packages/airflow/example_dags/example_dynamic_task_mapping_with_no_taskflow_operators.py
[2023-09-29T11:00:10.165+0000] {logging_mixin.py:151} INFO - [2023-09-29T11:00:10.165+0000] {dag.py:2915} INFO - Sync 1 DAGs
[2023-09-29T11:00:10.176+0000] {logging_mixin.py:151} INFO - [2023-09-29T11:00:10.176+0000] {dag.py:3696} INFO - Setting next_dagrun for example_dynamic_task_mapping_with_no_taskflow_operators to 2023-09-28T11:00:10.176036+00:00, run_after=2023-09-29T11:00:10.176036+00:00
[2023-09-29T11:00:10.185+0000] {processor.py:179} INFO - Processing /home/airflow/.local/lib/python3.8/site-packages/airflow/example_dags/example_dynamic_task_mapping_with_no_taskflow_operators.py took 0.038 seconds
[2023-09-29T11:00:40.804+0000] {processor.py:157} INFO - Started process (PID=678) to work on /home/airflow/.local/lib/python3.8/site-packages/airflow/example_dags/example_dynamic_task_mapping_with_no_taskflow_operators.py
[2023-09-29T11:00:40.806+0000] {processor.py:829} INFO - Processing file /home/airflow/.local/lib/python3.8/site-packages/airflow/example_dags/example_dynamic_task_mapping_with_no_taskflow_operators.py for tasks to queue
[2023-09-29T11:00:40.807+0000] {logging_mixin.py:151} INFO - [2023-09-29T11:00:40.807+0000] {dagbag.py:539} INFO - Filling up the DagBag from /home/airflow/.local/lib/python3.8/site-packages/airflow/example_dags/example_dynamic_task_mapping_with_no_taskflow_operators.py
[2023-09-29T11:00:40.812+0000] {processor.py:839} INFO - DAG(s) dict_keys(['example_dynamic_task_mapping_with_no_taskflow_operators']) retrieved from /home/airflow/.local/lib/python3.8/site-packages/airflow/example_dags/example_dynamic_task_mapping_with_no_taskflow_operators.py
[2023-09-29T11:00:40.823+0000] {logging_mixin.py:151} INFO - [2023-09-29T11:00:40.823+0000] {dag.py:2915} INFO - Sync 1 DAGs
[2023-09-29T11:00:40.832+0000] {logging_mixin.py:151} INFO - [2023-09-29T11:00:40.832+0000] {dag.py:3696} INFO - Setting next_dagrun for example_dynamic_task_mapping_with_no_taskflow_operators to 2023-09-28T11:00:40.832640+00:00, run_after=2023-09-29T11:00:40.832640+00:00
[2023-09-29T11:00:40.840+0000] {processor.py:179} INFO - Processing /home/airflow/.local/lib/python3.8/site-packages/airflow/example_dags/example_dynamic_task_mapping_with_no_taskflow_operators.py took 0.037 seconds
[2023-09-29T11:01:11.920+0000] {processor.py:157} INFO - Started process (PID=735) to work on /home/airflow/.local/lib/python3.8/site-packages/airflow/example_dags/example_dynamic_task_mapping_with_no_taskflow_operators.py
[2023-09-29T11:01:11.921+0000] {processor.py:829} INFO - Processing file /home/airflow/.local/lib/python3.8/site-packages/airflow/example_dags/example_dynamic_task_mapping_with_no_taskflow_operators.py for tasks to queue
[2023-09-29T11:01:11.923+0000] {logging_mixin.py:151} INFO - [2023-09-29T11:01:11.923+0000] {dagbag.py:539} INFO - Filling up the DagBag from /home/airflow/.local/lib/python3.8/site-packages/airflow/example_dags/example_dynamic_task_mapping_with_no_taskflow_operators.py
[2023-09-29T11:01:11.929+0000] {processor.py:839} INFO - DAG(s) dict_keys(['example_dynamic_task_mapping_with_no_taskflow_operators']) retrieved from /home/airflow/.local/lib/python3.8/site-packages/airflow/example_dags/example_dynamic_task_mapping_with_no_taskflow_operators.py
[2023-09-29T11:01:11.953+0000] {logging_mixin.py:151} INFO - [2023-09-29T11:01:11.953+0000] {dag.py:2915} INFO - Sync 1 DAGs
[2023-09-29T11:01:11.966+0000] {logging_mixin.py:151} INFO - [2023-09-29T11:01:11.966+0000] {dag.py:3696} INFO - Setting next_dagrun for example_dynamic_task_mapping_with_no_taskflow_operators to 2023-09-28T11:01:11.965939+00:00, run_after=2023-09-29T11:01:11.965939+00:00
[2023-09-29T11:01:11.974+0000] {processor.py:179} INFO - Processing /home/airflow/.local/lib/python3.8/site-packages/airflow/example_dags/example_dynamic_task_mapping_with_no_taskflow_operators.py took 0.056 seconds
[2023-09-29T11:01:43.204+0000] {processor.py:157} INFO - Started process (PID=792) to work on /home/airflow/.local/lib/python3.8/site-packages/airflow/example_dags/example_dynamic_task_mapping_with_no_taskflow_operators.py
[2023-09-29T11:01:43.205+0000] {processor.py:829} INFO - Processing file /home/airflow/.local/lib/python3.8/site-packages/airflow/example_dags/example_dynamic_task_mapping_with_no_taskflow_operators.py for tasks to queue
[2023-09-29T11:01:43.206+0000] {logging_mixin.py:151} INFO - [2023-09-29T11:01:43.206+0000] {dagbag.py:539} INFO - Filling up the DagBag from /home/airflow/.local/lib/python3.8/site-packages/airflow/example_dags/example_dynamic_task_mapping_with_no_taskflow_operators.py
[2023-09-29T11:01:43.210+0000] {processor.py:839} INFO - DAG(s) dict_keys(['example_dynamic_task_mapping_with_no_taskflow_operators']) retrieved from /home/airflow/.local/lib/python3.8/site-packages/airflow/example_dags/example_dynamic_task_mapping_with_no_taskflow_operators.py
[2023-09-29T11:01:43.220+0000] {logging_mixin.py:151} INFO - [2023-09-29T11:01:43.219+0000] {dag.py:2915} INFO - Sync 1 DAGs
[2023-09-29T11:01:43.229+0000] {logging_mixin.py:151} INFO - [2023-09-29T11:01:43.229+0000] {dag.py:3696} INFO - Setting next_dagrun for example_dynamic_task_mapping_with_no_taskflow_operators to 2023-09-28T11:01:43.229590+00:00, run_after=2023-09-29T11:01:43.229590+00:00
[2023-09-29T11:01:43.236+0000] {processor.py:179} INFO - Processing /home/airflow/.local/lib/python3.8/site-packages/airflow/example_dags/example_dynamic_task_mapping_with_no_taskflow_operators.py took 0.034 seconds
[2023-09-29T11:02:14.420+0000] {processor.py:157} INFO - Started process (PID=849) to work on /home/airflow/.local/lib/python3.8/site-packages/airflow/example_dags/example_dynamic_task_mapping_with_no_taskflow_operators.py
[2023-09-29T11:02:14.421+0000] {processor.py:829} INFO - Processing file /home/airflow/.local/lib/python3.8/site-packages/airflow/example_dags/example_dynamic_task_mapping_with_no_taskflow_operators.py for tasks to queue
[2023-09-29T11:02:14.422+0000] {logging_mixin.py:151} INFO - [2023-09-29T11:02:14.422+0000] {dagbag.py:539} INFO - Filling up the DagBag from /home/airflow/.local/lib/python3.8/site-packages/airflow/example_dags/example_dynamic_task_mapping_with_no_taskflow_operators.py
[2023-09-29T11:02:14.426+0000] {processor.py:839} INFO - DAG(s) dict_keys(['example_dynamic_task_mapping_with_no_taskflow_operators']) retrieved from /home/airflow/.local/lib/python3.8/site-packages/airflow/example_dags/example_dynamic_task_mapping_with_no_taskflow_operators.py
[2023-09-29T11:02:14.435+0000] {logging_mixin.py:151} INFO - [2023-09-29T11:02:14.435+0000] {dag.py:2915} INFO - Sync 1 DAGs
[2023-09-29T11:02:14.445+0000] {logging_mixin.py:151} INFO - [2023-09-29T11:02:14.445+0000] {dag.py:3696} INFO - Setting next_dagrun for example_dynamic_task_mapping_with_no_taskflow_operators to 2023-09-28T11:02:14.445046+00:00, run_after=2023-09-29T11:02:14.445046+00:00
[2023-09-29T11:02:14.452+0000] {processor.py:179} INFO - Processing /home/airflow/.local/lib/python3.8/site-packages/airflow/example_dags/example_dynamic_task_mapping_with_no_taskflow_operators.py took 0.034 seconds
[2023-09-29T11:02:44.618+0000] {processor.py:157} INFO - Started process (PID=907) to work on /home/airflow/.local/lib/python3.8/site-packages/airflow/example_dags/example_dynamic_task_mapping_with_no_taskflow_operators.py
[2023-09-29T11:02:44.619+0000] {processor.py:829} INFO - Processing file /home/airflow/.local/lib/python3.8/site-packages/airflow/example_dags/example_dynamic_task_mapping_with_no_taskflow_operators.py for tasks to queue
[2023-09-29T11:02:44.620+0000] {logging_mixin.py:151} INFO - [2023-09-29T11:02:44.620+0000] {dagbag.py:539} INFO - Filling up the DagBag from /home/airflow/.local/lib/python3.8/site-packages/airflow/example_dags/example_dynamic_task_mapping_with_no_taskflow_operators.py
[2023-09-29T11:02:44.623+0000] {processor.py:839} INFO - DAG(s) dict_keys(['example_dynamic_task_mapping_with_no_taskflow_operators']) retrieved from /home/airflow/.local/lib/python3.8/site-packages/airflow/example_dags/example_dynamic_task_mapping_with_no_taskflow_operators.py
[2023-09-29T11:02:44.633+0000] {logging_mixin.py:151} INFO - [2023-09-29T11:02:44.633+0000] {dag.py:2915} INFO - Sync 1 DAGs
[2023-09-29T11:02:44.643+0000] {logging_mixin.py:151} INFO - [2023-09-29T11:02:44.643+0000] {dag.py:3696} INFO - Setting next_dagrun for example_dynamic_task_mapping_with_no_taskflow_operators to 2023-09-28T11:02:44.643098+00:00, run_after=2023-09-29T11:02:44.643098+00:00
[2023-09-29T11:02:44.650+0000] {processor.py:179} INFO - Processing /home/airflow/.local/lib/python3.8/site-packages/airflow/example_dags/example_dynamic_task_mapping_with_no_taskflow_operators.py took 0.034 seconds
[2023-09-29T11:03:15.856+0000] {processor.py:157} INFO - Started process (PID=963) to work on /home/airflow/.local/lib/python3.8/site-packages/airflow/example_dags/example_dynamic_task_mapping_with_no_taskflow_operators.py
[2023-09-29T11:03:15.856+0000] {processor.py:829} INFO - Processing file /home/airflow/.local/lib/python3.8/site-packages/airflow/example_dags/example_dynamic_task_mapping_with_no_taskflow_operators.py for tasks to queue
[2023-09-29T11:03:15.858+0000] {logging_mixin.py:151} INFO - [2023-09-29T11:03:15.857+0000] {dagbag.py:539} INFO - Filling up the DagBag from /home/airflow/.local/lib/python3.8/site-packages/airflow/example_dags/example_dynamic_task_mapping_with_no_taskflow_operators.py
[2023-09-29T11:03:15.861+0000] {processor.py:839} INFO - DAG(s) dict_keys(['example_dynamic_task_mapping_with_no_taskflow_operators']) retrieved from /home/airflow/.local/lib/python3.8/site-packages/airflow/example_dags/example_dynamic_task_mapping_with_no_taskflow_operators.py
[2023-09-29T11:03:15.871+0000] {logging_mixin.py:151} INFO - [2023-09-29T11:03:15.871+0000] {dag.py:2915} INFO - Sync 1 DAGs
[2023-09-29T11:03:15.881+0000] {logging_mixin.py:151} INFO - [2023-09-29T11:03:15.881+0000] {dag.py:3696} INFO - Setting next_dagrun for example_dynamic_task_mapping_with_no_taskflow_operators to 2023-09-28T11:03:15.881063+00:00, run_after=2023-09-29T11:03:15.881063+00:00
[2023-09-29T11:03:15.888+0000] {processor.py:179} INFO - Processing /home/airflow/.local/lib/python3.8/site-packages/airflow/example_dags/example_dynamic_task_mapping_with_no_taskflow_operators.py took 0.034 seconds
[2023-09-29T11:03:46.041+0000] {processor.py:157} INFO - Started process (PID=1020) to work on /home/airflow/.local/lib/python3.8/site-packages/airflow/example_dags/example_dynamic_task_mapping_with_no_taskflow_operators.py
[2023-09-29T11:03:46.042+0000] {processor.py:829} INFO - Processing file /home/airflow/.local/lib/python3.8/site-packages/airflow/example_dags/example_dynamic_task_mapping_with_no_taskflow_operators.py for tasks to queue
[2023-09-29T11:03:46.043+0000] {logging_mixin.py:151} INFO - [2023-09-29T11:03:46.043+0000] {dagbag.py:539} INFO - Filling up the DagBag from /home/airflow/.local/lib/python3.8/site-packages/airflow/example_dags/example_dynamic_task_mapping_with_no_taskflow_operators.py
[2023-09-29T11:03:46.047+0000] {processor.py:839} INFO - DAG(s) dict_keys(['example_dynamic_task_mapping_with_no_taskflow_operators']) retrieved from /home/airflow/.local/lib/python3.8/site-packages/airflow/example_dags/example_dynamic_task_mapping_with_no_taskflow_operators.py
[2023-09-29T11:03:46.057+0000] {logging_mixin.py:151} INFO - [2023-09-29T11:03:46.057+0000] {dag.py:2915} INFO - Sync 1 DAGs
[2023-09-29T11:03:46.067+0000] {logging_mixin.py:151} INFO - [2023-09-29T11:03:46.067+0000] {dag.py:3696} INFO - Setting next_dagrun for example_dynamic_task_mapping_with_no_taskflow_operators to 2023-09-28T11:03:46.067127+00:00, run_after=2023-09-29T11:03:46.067127+00:00
[2023-09-29T11:03:46.074+0000] {processor.py:179} INFO - Processing /home/airflow/.local/lib/python3.8/site-packages/airflow/example_dags/example_dynamic_task_mapping_with_no_taskflow_operators.py took 0.035 seconds
[2023-09-29T11:04:17.437+0000] {processor.py:157} INFO - Started process (PID=1077) to work on /home/airflow/.local/lib/python3.8/site-packages/airflow/example_dags/example_dynamic_task_mapping_with_no_taskflow_operators.py
[2023-09-29T11:04:17.438+0000] {processor.py:829} INFO - Processing file /home/airflow/.local/lib/python3.8/site-packages/airflow/example_dags/example_dynamic_task_mapping_with_no_taskflow_operators.py for tasks to queue
[2023-09-29T11:04:17.439+0000] {logging_mixin.py:151} INFO - [2023-09-29T11:04:17.439+0000] {dagbag.py:539} INFO - Filling up the DagBag from /home/airflow/.local/lib/python3.8/site-packages/airflow/example_dags/example_dynamic_task_mapping_with_no_taskflow_operators.py
[2023-09-29T11:04:17.443+0000] {processor.py:839} INFO - DAG(s) dict_keys(['example_dynamic_task_mapping_with_no_taskflow_operators']) retrieved from /home/airflow/.local/lib/python3.8/site-packages/airflow/example_dags/example_dynamic_task_mapping_with_no_taskflow_operators.py
[2023-09-29T11:04:17.453+0000] {logging_mixin.py:151} INFO - [2023-09-29T11:04:17.453+0000] {dag.py:2915} INFO - Sync 1 DAGs
[2023-09-29T11:04:17.463+0000] {logging_mixin.py:151} INFO - [2023-09-29T11:04:17.463+0000] {dag.py:3696} INFO - Setting next_dagrun for example_dynamic_task_mapping_with_no_taskflow_operators to 2023-09-28T11:04:17.463022+00:00, run_after=2023-09-29T11:04:17.463022+00:00
[2023-09-29T11:04:17.470+0000] {processor.py:179} INFO - Processing /home/airflow/.local/lib/python3.8/site-packages/airflow/example_dags/example_dynamic_task_mapping_with_no_taskflow_operators.py took 0.034 seconds
[2023-09-29T11:04:48.485+0000] {processor.py:157} INFO - Started process (PID=1134) to work on /home/airflow/.local/lib/python3.8/site-packages/airflow/example_dags/example_dynamic_task_mapping_with_no_taskflow_operators.py
[2023-09-29T11:04:48.486+0000] {processor.py:829} INFO - Processing file /home/airflow/.local/lib/python3.8/site-packages/airflow/example_dags/example_dynamic_task_mapping_with_no_taskflow_operators.py for tasks to queue
[2023-09-29T11:04:48.487+0000] {logging_mixin.py:151} INFO - [2023-09-29T11:04:48.487+0000] {dagbag.py:539} INFO - Filling up the DagBag from /home/airflow/.local/lib/python3.8/site-packages/airflow/example_dags/example_dynamic_task_mapping_with_no_taskflow_operators.py
[2023-09-29T11:04:48.490+0000] {processor.py:839} INFO - DAG(s) dict_keys(['example_dynamic_task_mapping_with_no_taskflow_operators']) retrieved from /home/airflow/.local/lib/python3.8/site-packages/airflow/example_dags/example_dynamic_task_mapping_with_no_taskflow_operators.py
[2023-09-29T11:04:48.500+0000] {logging_mixin.py:151} INFO - [2023-09-29T11:04:48.500+0000] {dag.py:2915} INFO - Sync 1 DAGs
[2023-09-29T11:04:48.509+0000] {logging_mixin.py:151} INFO - [2023-09-29T11:04:48.509+0000] {dag.py:3696} INFO - Setting next_dagrun for example_dynamic_task_mapping_with_no_taskflow_operators to 2023-09-28T11:04:48.509682+00:00, run_after=2023-09-29T11:04:48.509682+00:00
[2023-09-29T11:04:48.517+0000] {processor.py:179} INFO - Processing /home/airflow/.local/lib/python3.8/site-packages/airflow/example_dags/example_dynamic_task_mapping_with_no_taskflow_operators.py took 0.033 seconds
[2023-09-29T11:05:19.438+0000] {processor.py:157} INFO - Started process (PID=1191) to work on /home/airflow/.local/lib/python3.8/site-packages/airflow/example_dags/example_dynamic_task_mapping_with_no_taskflow_operators.py
[2023-09-29T11:05:19.439+0000] {processor.py:829} INFO - Processing file /home/airflow/.local/lib/python3.8/site-packages/airflow/example_dags/example_dynamic_task_mapping_with_no_taskflow_operators.py for tasks to queue
[2023-09-29T11:05:19.440+0000] {logging_mixin.py:151} INFO - [2023-09-29T11:05:19.440+0000] {dagbag.py:539} INFO - Filling up the DagBag from /home/airflow/.local/lib/python3.8/site-packages/airflow/example_dags/example_dynamic_task_mapping_with_no_taskflow_operators.py
[2023-09-29T11:05:19.444+0000] {processor.py:839} INFO - DAG(s) dict_keys(['example_dynamic_task_mapping_with_no_taskflow_operators']) retrieved from /home/airflow/.local/lib/python3.8/site-packages/airflow/example_dags/example_dynamic_task_mapping_with_no_taskflow_operators.py
[2023-09-29T11:05:19.453+0000] {logging_mixin.py:151} INFO - [2023-09-29T11:05:19.453+0000] {dag.py:2915} INFO - Sync 1 DAGs
[2023-09-29T11:05:19.463+0000] {logging_mixin.py:151} INFO - [2023-09-29T11:05:19.462+0000] {dag.py:3696} INFO - Setting next_dagrun for example_dynamic_task_mapping_with_no_taskflow_operators to 2023-09-28T11:05:19.462762+00:00, run_after=2023-09-29T11:05:19.462762+00:00
[2023-09-29T11:05:19.470+0000] {processor.py:179} INFO - Processing /home/airflow/.local/lib/python3.8/site-packages/airflow/example_dags/example_dynamic_task_mapping_with_no_taskflow_operators.py took 0.033 seconds
[2023-09-29T11:05:50.519+0000] {processor.py:157} INFO - Started process (PID=1248) to work on /home/airflow/.local/lib/python3.8/site-packages/airflow/example_dags/example_dynamic_task_mapping_with_no_taskflow_operators.py
[2023-09-29T11:05:50.520+0000] {processor.py:829} INFO - Processing file /home/airflow/.local/lib/python3.8/site-packages/airflow/example_dags/example_dynamic_task_mapping_with_no_taskflow_operators.py for tasks to queue
[2023-09-29T11:05:50.521+0000] {logging_mixin.py:151} INFO - [2023-09-29T11:05:50.521+0000] {dagbag.py:539} INFO - Filling up the DagBag from /home/airflow/.local/lib/python3.8/site-packages/airflow/example_dags/example_dynamic_task_mapping_with_no_taskflow_operators.py
[2023-09-29T11:05:50.525+0000] {processor.py:839} INFO - DAG(s) dict_keys(['example_dynamic_task_mapping_with_no_taskflow_operators']) retrieved from /home/airflow/.local/lib/python3.8/site-packages/airflow/example_dags/example_dynamic_task_mapping_with_no_taskflow_operators.py
[2023-09-29T11:05:50.535+0000] {logging_mixin.py:151} INFO - [2023-09-29T11:05:50.535+0000] {dag.py:2915} INFO - Sync 1 DAGs
[2023-09-29T11:05:50.544+0000] {logging_mixin.py:151} INFO - [2023-09-29T11:05:50.544+0000] {dag.py:3696} INFO - Setting next_dagrun for example_dynamic_task_mapping_with_no_taskflow_operators to 2023-09-28T11:05:50.544810+00:00, run_after=2023-09-29T11:05:50.544810+00:00
[2023-09-29T11:05:50.552+0000] {processor.py:179} INFO - Processing /home/airflow/.local/lib/python3.8/site-packages/airflow/example_dags/example_dynamic_task_mapping_with_no_taskflow_operators.py took 0.034 seconds
