[2023-09-29T08:49:15.475+0000] {processor.py:157} INFO - Started process (PID=58) to work on /home/airflow/.local/lib/python3.8/site-packages/airflow/example_dags/example_task_group_decorator.py
[2023-09-29T08:49:15.477+0000] {processor.py:829} INFO - Processing file /home/airflow/.local/lib/python3.8/site-packages/airflow/example_dags/example_task_group_decorator.py for tasks to queue
[2023-09-29T08:49:15.480+0000] {logging_mixin.py:151} INFO - [2023-09-29T08:49:15.479+0000] {dagbag.py:539} INFO - Filling up the DagBag from /home/airflow/.local/lib/python3.8/site-packages/airflow/example_dags/example_task_group_decorator.py
[2023-09-29T08:49:15.516+0000] {processor.py:839} INFO - DAG(s) dict_keys(['example_task_group_decorator']) retrieved from /home/airflow/.local/lib/python3.8/site-packages/airflow/example_dags/example_task_group_decorator.py
[2023-09-29T08:49:15.544+0000] {logging_mixin.py:151} INFO - [2023-09-29T08:49:15.544+0000] {dag.py:2915} INFO - Sync 1 DAGs
[2023-09-29T08:49:15.562+0000] {logging_mixin.py:151} INFO - [2023-09-29T08:49:15.562+0000] {dag.py:3696} INFO - Setting next_dagrun for example_task_group_decorator to 2023-09-28T08:49:15.562295+00:00, run_after=2023-09-29T08:49:15.562295+00:00
[2023-09-29T08:49:15.572+0000] {processor.py:179} INFO - Processing /home/airflow/.local/lib/python3.8/site-packages/airflow/example_dags/example_task_group_decorator.py took 0.101 seconds
[2023-09-29T08:49:46.449+0000] {processor.py:157} INFO - Started process (PID=115) to work on /home/airflow/.local/lib/python3.8/site-packages/airflow/example_dags/example_task_group_decorator.py
[2023-09-29T08:49:46.450+0000] {processor.py:829} INFO - Processing file /home/airflow/.local/lib/python3.8/site-packages/airflow/example_dags/example_task_group_decorator.py for tasks to queue
[2023-09-29T08:49:46.451+0000] {logging_mixin.py:151} INFO - [2023-09-29T08:49:46.451+0000] {dagbag.py:539} INFO - Filling up the DagBag from /home/airflow/.local/lib/python3.8/site-packages/airflow/example_dags/example_task_group_decorator.py
[2023-09-29T08:49:46.459+0000] {processor.py:839} INFO - DAG(s) dict_keys(['example_task_group_decorator']) retrieved from /home/airflow/.local/lib/python3.8/site-packages/airflow/example_dags/example_task_group_decorator.py
[2023-09-29T08:49:46.471+0000] {logging_mixin.py:151} INFO - [2023-09-29T08:49:46.471+0000] {dag.py:2915} INFO - Sync 1 DAGs
[2023-09-29T08:49:46.482+0000] {logging_mixin.py:151} INFO - [2023-09-29T08:49:46.482+0000] {dag.py:3696} INFO - Setting next_dagrun for example_task_group_decorator to 2023-09-28T08:49:46.482239+00:00, run_after=2023-09-29T08:49:46.482239+00:00
[2023-09-29T08:49:46.492+0000] {processor.py:179} INFO - Processing /home/airflow/.local/lib/python3.8/site-packages/airflow/example_dags/example_task_group_decorator.py took 0.045 seconds
[2023-09-29T08:50:16.984+0000] {processor.py:157} INFO - Started process (PID=172) to work on /home/airflow/.local/lib/python3.8/site-packages/airflow/example_dags/example_task_group_decorator.py
[2023-09-29T08:50:16.985+0000] {processor.py:829} INFO - Processing file /home/airflow/.local/lib/python3.8/site-packages/airflow/example_dags/example_task_group_decorator.py for tasks to queue
[2023-09-29T08:50:16.986+0000] {logging_mixin.py:151} INFO - [2023-09-29T08:50:16.986+0000] {dagbag.py:539} INFO - Filling up the DagBag from /home/airflow/.local/lib/python3.8/site-packages/airflow/example_dags/example_task_group_decorator.py
[2023-09-29T08:50:16.992+0000] {processor.py:839} INFO - DAG(s) dict_keys(['example_task_group_decorator']) retrieved from /home/airflow/.local/lib/python3.8/site-packages/airflow/example_dags/example_task_group_decorator.py
[2023-09-29T08:50:17.004+0000] {logging_mixin.py:151} INFO - [2023-09-29T08:50:17.004+0000] {dag.py:2915} INFO - Sync 1 DAGs
[2023-09-29T08:50:17.013+0000] {logging_mixin.py:151} INFO - [2023-09-29T08:50:17.013+0000] {dag.py:3696} INFO - Setting next_dagrun for example_task_group_decorator to 2023-09-28T08:50:17.013604+00:00, run_after=2023-09-29T08:50:17.013604+00:00
[2023-09-29T08:50:17.020+0000] {processor.py:179} INFO - Processing /home/airflow/.local/lib/python3.8/site-packages/airflow/example_dags/example_task_group_decorator.py took 0.038 seconds
[2023-09-29T08:50:47.308+0000] {processor.py:157} INFO - Started process (PID=229) to work on /home/airflow/.local/lib/python3.8/site-packages/airflow/example_dags/example_task_group_decorator.py
[2023-09-29T08:50:47.309+0000] {processor.py:829} INFO - Processing file /home/airflow/.local/lib/python3.8/site-packages/airflow/example_dags/example_task_group_decorator.py for tasks to queue
[2023-09-29T08:50:47.310+0000] {logging_mixin.py:151} INFO - [2023-09-29T08:50:47.310+0000] {dagbag.py:539} INFO - Filling up the DagBag from /home/airflow/.local/lib/python3.8/site-packages/airflow/example_dags/example_task_group_decorator.py
[2023-09-29T08:50:47.318+0000] {processor.py:839} INFO - DAG(s) dict_keys(['example_task_group_decorator']) retrieved from /home/airflow/.local/lib/python3.8/site-packages/airflow/example_dags/example_task_group_decorator.py
[2023-09-29T08:50:47.329+0000] {logging_mixin.py:151} INFO - [2023-09-29T08:50:47.329+0000] {dag.py:2915} INFO - Sync 1 DAGs
[2023-09-29T08:50:47.340+0000] {logging_mixin.py:151} INFO - [2023-09-29T08:50:47.340+0000] {dag.py:3696} INFO - Setting next_dagrun for example_task_group_decorator to 2023-09-28T08:50:47.340003+00:00, run_after=2023-09-29T08:50:47.340003+00:00
[2023-09-29T08:50:47.348+0000] {processor.py:179} INFO - Processing /home/airflow/.local/lib/python3.8/site-packages/airflow/example_dags/example_task_group_decorator.py took 0.042 seconds
[2023-09-29T08:51:17.466+0000] {processor.py:157} INFO - Started process (PID=286) to work on /home/airflow/.local/lib/python3.8/site-packages/airflow/example_dags/example_task_group_decorator.py
[2023-09-29T08:51:17.467+0000] {processor.py:829} INFO - Processing file /home/airflow/.local/lib/python3.8/site-packages/airflow/example_dags/example_task_group_decorator.py for tasks to queue
[2023-09-29T08:51:17.468+0000] {logging_mixin.py:151} INFO - [2023-09-29T08:51:17.468+0000] {dagbag.py:539} INFO - Filling up the DagBag from /home/airflow/.local/lib/python3.8/site-packages/airflow/example_dags/example_task_group_decorator.py
[2023-09-29T08:51:17.475+0000] {processor.py:839} INFO - DAG(s) dict_keys(['example_task_group_decorator']) retrieved from /home/airflow/.local/lib/python3.8/site-packages/airflow/example_dags/example_task_group_decorator.py
[2023-09-29T08:51:17.486+0000] {logging_mixin.py:151} INFO - [2023-09-29T08:51:17.486+0000] {dag.py:2915} INFO - Sync 1 DAGs
[2023-09-29T08:51:17.495+0000] {logging_mixin.py:151} INFO - [2023-09-29T08:51:17.495+0000] {dag.py:3696} INFO - Setting next_dagrun for example_task_group_decorator to 2023-09-28T08:51:17.495355+00:00, run_after=2023-09-29T08:51:17.495355+00:00
[2023-09-29T08:51:17.502+0000] {processor.py:179} INFO - Processing /home/airflow/.local/lib/python3.8/site-packages/airflow/example_dags/example_task_group_decorator.py took 0.038 seconds
[2023-09-29T08:51:48.691+0000] {processor.py:157} INFO - Started process (PID=343) to work on /home/airflow/.local/lib/python3.8/site-packages/airflow/example_dags/example_task_group_decorator.py
[2023-09-29T08:51:48.691+0000] {processor.py:829} INFO - Processing file /home/airflow/.local/lib/python3.8/site-packages/airflow/example_dags/example_task_group_decorator.py for tasks to queue
[2023-09-29T08:51:48.692+0000] {logging_mixin.py:151} INFO - [2023-09-29T08:51:48.692+0000] {dagbag.py:539} INFO - Filling up the DagBag from /home/airflow/.local/lib/python3.8/site-packages/airflow/example_dags/example_task_group_decorator.py
[2023-09-29T08:51:48.699+0000] {processor.py:839} INFO - DAG(s) dict_keys(['example_task_group_decorator']) retrieved from /home/airflow/.local/lib/python3.8/site-packages/airflow/example_dags/example_task_group_decorator.py
[2023-09-29T08:51:48.710+0000] {logging_mixin.py:151} INFO - [2023-09-29T08:51:48.710+0000] {dag.py:2915} INFO - Sync 1 DAGs
[2023-09-29T08:51:48.719+0000] {logging_mixin.py:151} INFO - [2023-09-29T08:51:48.719+0000] {dag.py:3696} INFO - Setting next_dagrun for example_task_group_decorator to 2023-09-28T08:51:48.719083+00:00, run_after=2023-09-29T08:51:48.719083+00:00
[2023-09-29T08:51:48.726+0000] {processor.py:179} INFO - Processing /home/airflow/.local/lib/python3.8/site-packages/airflow/example_dags/example_task_group_decorator.py took 0.038 seconds
[2023-09-29T08:52:20.303+0000] {processor.py:157} INFO - Started process (PID=400) to work on /home/airflow/.local/lib/python3.8/site-packages/airflow/example_dags/example_task_group_decorator.py
[2023-09-29T08:52:20.304+0000] {processor.py:829} INFO - Processing file /home/airflow/.local/lib/python3.8/site-packages/airflow/example_dags/example_task_group_decorator.py for tasks to queue
[2023-09-29T08:52:20.305+0000] {logging_mixin.py:151} INFO - [2023-09-29T08:52:20.305+0000] {dagbag.py:539} INFO - Filling up the DagBag from /home/airflow/.local/lib/python3.8/site-packages/airflow/example_dags/example_task_group_decorator.py
[2023-09-29T08:52:20.312+0000] {processor.py:839} INFO - DAG(s) dict_keys(['example_task_group_decorator']) retrieved from /home/airflow/.local/lib/python3.8/site-packages/airflow/example_dags/example_task_group_decorator.py
[2023-09-29T08:52:20.324+0000] {logging_mixin.py:151} INFO - [2023-09-29T08:52:20.323+0000] {dag.py:2915} INFO - Sync 1 DAGs
[2023-09-29T08:52:20.333+0000] {logging_mixin.py:151} INFO - [2023-09-29T08:52:20.333+0000] {dag.py:3696} INFO - Setting next_dagrun for example_task_group_decorator to 2023-09-28T08:52:20.332873+00:00, run_after=2023-09-29T08:52:20.332873+00:00
[2023-09-29T08:52:20.340+0000] {processor.py:179} INFO - Processing /home/airflow/.local/lib/python3.8/site-packages/airflow/example_dags/example_task_group_decorator.py took 0.039 seconds
[2023-09-29T08:52:50.432+0000] {processor.py:157} INFO - Started process (PID=457) to work on /home/airflow/.local/lib/python3.8/site-packages/airflow/example_dags/example_task_group_decorator.py
[2023-09-29T08:52:50.432+0000] {processor.py:829} INFO - Processing file /home/airflow/.local/lib/python3.8/site-packages/airflow/example_dags/example_task_group_decorator.py for tasks to queue
[2023-09-29T08:52:50.434+0000] {logging_mixin.py:151} INFO - [2023-09-29T08:52:50.433+0000] {dagbag.py:539} INFO - Filling up the DagBag from /home/airflow/.local/lib/python3.8/site-packages/airflow/example_dags/example_task_group_decorator.py
[2023-09-29T08:52:50.440+0000] {processor.py:839} INFO - DAG(s) dict_keys(['example_task_group_decorator']) retrieved from /home/airflow/.local/lib/python3.8/site-packages/airflow/example_dags/example_task_group_decorator.py
[2023-09-29T08:52:50.451+0000] {logging_mixin.py:151} INFO - [2023-09-29T08:52:50.451+0000] {dag.py:2915} INFO - Sync 1 DAGs
[2023-09-29T08:52:50.460+0000] {logging_mixin.py:151} INFO - [2023-09-29T08:52:50.460+0000] {dag.py:3696} INFO - Setting next_dagrun for example_task_group_decorator to 2023-09-28T08:52:50.460683+00:00, run_after=2023-09-29T08:52:50.460683+00:00
[2023-09-29T08:52:50.468+0000] {processor.py:179} INFO - Processing /home/airflow/.local/lib/python3.8/site-packages/airflow/example_dags/example_task_group_decorator.py took 0.038 seconds
[2023-09-29T08:53:21.930+0000] {processor.py:157} INFO - Started process (PID=514) to work on /home/airflow/.local/lib/python3.8/site-packages/airflow/example_dags/example_task_group_decorator.py
[2023-09-29T08:53:21.931+0000] {processor.py:829} INFO - Processing file /home/airflow/.local/lib/python3.8/site-packages/airflow/example_dags/example_task_group_decorator.py for tasks to queue
[2023-09-29T08:53:21.932+0000] {logging_mixin.py:151} INFO - [2023-09-29T08:53:21.932+0000] {dagbag.py:539} INFO - Filling up the DagBag from /home/airflow/.local/lib/python3.8/site-packages/airflow/example_dags/example_task_group_decorator.py
[2023-09-29T08:53:21.939+0000] {processor.py:839} INFO - DAG(s) dict_keys(['example_task_group_decorator']) retrieved from /home/airflow/.local/lib/python3.8/site-packages/airflow/example_dags/example_task_group_decorator.py
[2023-09-29T08:53:21.949+0000] {logging_mixin.py:151} INFO - [2023-09-29T08:53:21.949+0000] {dag.py:2915} INFO - Sync 1 DAGs
[2023-09-29T08:53:21.958+0000] {logging_mixin.py:151} INFO - [2023-09-29T08:53:21.958+0000] {dag.py:3696} INFO - Setting next_dagrun for example_task_group_decorator to 2023-09-28T08:53:21.958326+00:00, run_after=2023-09-29T08:53:21.958326+00:00
[2023-09-29T08:53:21.966+0000] {processor.py:179} INFO - Processing /home/airflow/.local/lib/python3.8/site-packages/airflow/example_dags/example_task_group_decorator.py took 0.037 seconds
[2023-09-29T08:53:52.262+0000] {processor.py:157} INFO - Started process (PID=571) to work on /home/airflow/.local/lib/python3.8/site-packages/airflow/example_dags/example_task_group_decorator.py
[2023-09-29T08:53:52.263+0000] {processor.py:829} INFO - Processing file /home/airflow/.local/lib/python3.8/site-packages/airflow/example_dags/example_task_group_decorator.py for tasks to queue
[2023-09-29T08:53:52.265+0000] {logging_mixin.py:151} INFO - [2023-09-29T08:53:52.265+0000] {dagbag.py:539} INFO - Filling up the DagBag from /home/airflow/.local/lib/python3.8/site-packages/airflow/example_dags/example_task_group_decorator.py
[2023-09-29T08:53:52.273+0000] {processor.py:839} INFO - DAG(s) dict_keys(['example_task_group_decorator']) retrieved from /home/airflow/.local/lib/python3.8/site-packages/airflow/example_dags/example_task_group_decorator.py
[2023-09-29T08:53:52.285+0000] {logging_mixin.py:151} INFO - [2023-09-29T08:53:52.285+0000] {dag.py:2915} INFO - Sync 1 DAGs
[2023-09-29T08:53:52.295+0000] {logging_mixin.py:151} INFO - [2023-09-29T08:53:52.295+0000] {dag.py:3696} INFO - Setting next_dagrun for example_task_group_decorator to 2023-09-28T08:53:52.295608+00:00, run_after=2023-09-29T08:53:52.295608+00:00
[2023-09-29T08:53:52.303+0000] {processor.py:179} INFO - Processing /home/airflow/.local/lib/python3.8/site-packages/airflow/example_dags/example_task_group_decorator.py took 0.043 seconds
[2023-09-29T08:54:22.631+0000] {processor.py:157} INFO - Started process (PID=628) to work on /home/airflow/.local/lib/python3.8/site-packages/airflow/example_dags/example_task_group_decorator.py
[2023-09-29T08:54:22.632+0000] {processor.py:829} INFO - Processing file /home/airflow/.local/lib/python3.8/site-packages/airflow/example_dags/example_task_group_decorator.py for tasks to queue
[2023-09-29T08:54:22.633+0000] {logging_mixin.py:151} INFO - [2023-09-29T08:54:22.633+0000] {dagbag.py:539} INFO - Filling up the DagBag from /home/airflow/.local/lib/python3.8/site-packages/airflow/example_dags/example_task_group_decorator.py
[2023-09-29T08:54:22.640+0000] {processor.py:839} INFO - DAG(s) dict_keys(['example_task_group_decorator']) retrieved from /home/airflow/.local/lib/python3.8/site-packages/airflow/example_dags/example_task_group_decorator.py
[2023-09-29T08:54:22.651+0000] {logging_mixin.py:151} INFO - [2023-09-29T08:54:22.651+0000] {dag.py:2915} INFO - Sync 1 DAGs
[2023-09-29T08:54:22.660+0000] {logging_mixin.py:151} INFO - [2023-09-29T08:54:22.660+0000] {dag.py:3696} INFO - Setting next_dagrun for example_task_group_decorator to 2023-09-28T08:54:22.659974+00:00, run_after=2023-09-29T08:54:22.659974+00:00
[2023-09-29T08:54:22.667+0000] {processor.py:179} INFO - Processing /home/airflow/.local/lib/python3.8/site-packages/airflow/example_dags/example_task_group_decorator.py took 0.037 seconds
[2023-09-29T08:54:52.988+0000] {processor.py:157} INFO - Started process (PID=685) to work on /home/airflow/.local/lib/python3.8/site-packages/airflow/example_dags/example_task_group_decorator.py
[2023-09-29T08:54:52.992+0000] {processor.py:829} INFO - Processing file /home/airflow/.local/lib/python3.8/site-packages/airflow/example_dags/example_task_group_decorator.py for tasks to queue
[2023-09-29T08:54:52.998+0000] {logging_mixin.py:151} INFO - [2023-09-29T08:54:52.994+0000] {dagbag.py:539} INFO - Filling up the DagBag from /home/airflow/.local/lib/python3.8/site-packages/airflow/example_dags/example_task_group_decorator.py
[2023-09-29T08:54:53.009+0000] {processor.py:839} INFO - DAG(s) dict_keys(['example_task_group_decorator']) retrieved from /home/airflow/.local/lib/python3.8/site-packages/airflow/example_dags/example_task_group_decorator.py
[2023-09-29T08:54:53.028+0000] {logging_mixin.py:151} INFO - [2023-09-29T08:54:53.027+0000] {dag.py:2915} INFO - Sync 1 DAGs
[2023-09-29T08:54:53.038+0000] {logging_mixin.py:151} INFO - [2023-09-29T08:54:53.038+0000] {dag.py:3696} INFO - Setting next_dagrun for example_task_group_decorator to 2023-09-28T08:54:53.038310+00:00, run_after=2023-09-29T08:54:53.038310+00:00
[2023-09-29T08:54:53.048+0000] {processor.py:179} INFO - Processing /home/airflow/.local/lib/python3.8/site-packages/airflow/example_dags/example_task_group_decorator.py took 0.075 seconds
[2023-09-29T08:55:24.378+0000] {processor.py:157} INFO - Started process (PID=742) to work on /home/airflow/.local/lib/python3.8/site-packages/airflow/example_dags/example_task_group_decorator.py
[2023-09-29T08:55:24.379+0000] {processor.py:829} INFO - Processing file /home/airflow/.local/lib/python3.8/site-packages/airflow/example_dags/example_task_group_decorator.py for tasks to queue
[2023-09-29T08:55:24.380+0000] {logging_mixin.py:151} INFO - [2023-09-29T08:55:24.380+0000] {dagbag.py:539} INFO - Filling up the DagBag from /home/airflow/.local/lib/python3.8/site-packages/airflow/example_dags/example_task_group_decorator.py
[2023-09-29T08:55:24.387+0000] {processor.py:839} INFO - DAG(s) dict_keys(['example_task_group_decorator']) retrieved from /home/airflow/.local/lib/python3.8/site-packages/airflow/example_dags/example_task_group_decorator.py
[2023-09-29T08:55:24.399+0000] {logging_mixin.py:151} INFO - [2023-09-29T08:55:24.398+0000] {dag.py:2915} INFO - Sync 1 DAGs
[2023-09-29T08:55:24.408+0000] {logging_mixin.py:151} INFO - [2023-09-29T08:55:24.408+0000] {dag.py:3696} INFO - Setting next_dagrun for example_task_group_decorator to 2023-09-28T08:55:24.408103+00:00, run_after=2023-09-29T08:55:24.408103+00:00
[2023-09-29T08:55:24.415+0000] {processor.py:179} INFO - Processing /home/airflow/.local/lib/python3.8/site-packages/airflow/example_dags/example_task_group_decorator.py took 0.039 seconds
[2023-09-29T08:55:55.451+0000] {processor.py:157} INFO - Started process (PID=799) to work on /home/airflow/.local/lib/python3.8/site-packages/airflow/example_dags/example_task_group_decorator.py
[2023-09-29T08:55:55.451+0000] {processor.py:829} INFO - Processing file /home/airflow/.local/lib/python3.8/site-packages/airflow/example_dags/example_task_group_decorator.py for tasks to queue
[2023-09-29T08:55:55.452+0000] {logging_mixin.py:151} INFO - [2023-09-29T08:55:55.452+0000] {dagbag.py:539} INFO - Filling up the DagBag from /home/airflow/.local/lib/python3.8/site-packages/airflow/example_dags/example_task_group_decorator.py
[2023-09-29T08:55:55.459+0000] {processor.py:839} INFO - DAG(s) dict_keys(['example_task_group_decorator']) retrieved from /home/airflow/.local/lib/python3.8/site-packages/airflow/example_dags/example_task_group_decorator.py
[2023-09-29T08:55:55.470+0000] {logging_mixin.py:151} INFO - [2023-09-29T08:55:55.470+0000] {dag.py:2915} INFO - Sync 1 DAGs
[2023-09-29T08:55:55.479+0000] {logging_mixin.py:151} INFO - [2023-09-29T08:55:55.479+0000] {dag.py:3696} INFO - Setting next_dagrun for example_task_group_decorator to 2023-09-28T08:55:55.478930+00:00, run_after=2023-09-29T08:55:55.478930+00:00
[2023-09-29T08:55:55.486+0000] {processor.py:179} INFO - Processing /home/airflow/.local/lib/python3.8/site-packages/airflow/example_dags/example_task_group_decorator.py took 0.037 seconds
[2023-09-29T08:56:26.770+0000] {processor.py:157} INFO - Started process (PID=856) to work on /home/airflow/.local/lib/python3.8/site-packages/airflow/example_dags/example_task_group_decorator.py
[2023-09-29T08:56:26.771+0000] {processor.py:829} INFO - Processing file /home/airflow/.local/lib/python3.8/site-packages/airflow/example_dags/example_task_group_decorator.py for tasks to queue
[2023-09-29T08:56:26.774+0000] {logging_mixin.py:151} INFO - [2023-09-29T08:56:26.774+0000] {dagbag.py:539} INFO - Filling up the DagBag from /home/airflow/.local/lib/python3.8/site-packages/airflow/example_dags/example_task_group_decorator.py
[2023-09-29T08:56:26.781+0000] {processor.py:839} INFO - DAG(s) dict_keys(['example_task_group_decorator']) retrieved from /home/airflow/.local/lib/python3.8/site-packages/airflow/example_dags/example_task_group_decorator.py
[2023-09-29T08:56:26.794+0000] {logging_mixin.py:151} INFO - [2023-09-29T08:56:26.794+0000] {dag.py:2915} INFO - Sync 1 DAGs
[2023-09-29T08:56:26.803+0000] {logging_mixin.py:151} INFO - [2023-09-29T08:56:26.802+0000] {dag.py:3696} INFO - Setting next_dagrun for example_task_group_decorator to 2023-09-28T08:56:26.802821+00:00, run_after=2023-09-29T08:56:26.802821+00:00
[2023-09-29T08:56:26.810+0000] {processor.py:179} INFO - Processing /home/airflow/.local/lib/python3.8/site-packages/airflow/example_dags/example_task_group_decorator.py took 0.042 seconds
[2023-09-29T10:55:01.891+0000] {processor.py:157} INFO - Started process (PID=58) to work on /home/airflow/.local/lib/python3.8/site-packages/airflow/example_dags/example_task_group_decorator.py
[2023-09-29T10:55:01.895+0000] {processor.py:829} INFO - Processing file /home/airflow/.local/lib/python3.8/site-packages/airflow/example_dags/example_task_group_decorator.py for tasks to queue
[2023-09-29T10:55:01.901+0000] {logging_mixin.py:151} INFO - [2023-09-29T10:55:01.901+0000] {dagbag.py:539} INFO - Filling up the DagBag from /home/airflow/.local/lib/python3.8/site-packages/airflow/example_dags/example_task_group_decorator.py
[2023-09-29T10:55:01.918+0000] {processor.py:839} INFO - DAG(s) dict_keys(['example_task_group_decorator']) retrieved from /home/airflow/.local/lib/python3.8/site-packages/airflow/example_dags/example_task_group_decorator.py
[2023-09-29T10:55:01.929+0000] {logging_mixin.py:151} INFO - [2023-09-29T10:55:01.929+0000] {dag.py:2915} INFO - Sync 1 DAGs
[2023-09-29T10:55:01.948+0000] {logging_mixin.py:151} INFO - [2023-09-29T10:55:01.947+0000] {dag.py:3696} INFO - Setting next_dagrun for example_task_group_decorator to 2023-09-28T10:55:01.947619+00:00, run_after=2023-09-29T10:55:01.947619+00:00
[2023-09-29T10:55:01.964+0000] {processor.py:179} INFO - Processing /home/airflow/.local/lib/python3.8/site-packages/airflow/example_dags/example_task_group_decorator.py took 0.077 seconds
[2023-09-29T10:55:32.723+0000] {processor.py:157} INFO - Started process (PID=114) to work on /home/airflow/.local/lib/python3.8/site-packages/airflow/example_dags/example_task_group_decorator.py
[2023-09-29T10:55:32.725+0000] {processor.py:829} INFO - Processing file /home/airflow/.local/lib/python3.8/site-packages/airflow/example_dags/example_task_group_decorator.py for tasks to queue
[2023-09-29T10:55:32.729+0000] {logging_mixin.py:151} INFO - [2023-09-29T10:55:32.728+0000] {dagbag.py:539} INFO - Filling up the DagBag from /home/airflow/.local/lib/python3.8/site-packages/airflow/example_dags/example_task_group_decorator.py
[2023-09-29T10:55:32.736+0000] {processor.py:839} INFO - DAG(s) dict_keys(['example_task_group_decorator']) retrieved from /home/airflow/.local/lib/python3.8/site-packages/airflow/example_dags/example_task_group_decorator.py
[2023-09-29T10:55:32.748+0000] {logging_mixin.py:151} INFO - [2023-09-29T10:55:32.748+0000] {dag.py:2915} INFO - Sync 1 DAGs
[2023-09-29T10:55:32.758+0000] {logging_mixin.py:151} INFO - [2023-09-29T10:55:32.757+0000] {dag.py:3696} INFO - Setting next_dagrun for example_task_group_decorator to 2023-09-28T10:55:32.757836+00:00, run_after=2023-09-29T10:55:32.757836+00:00
[2023-09-29T10:55:32.765+0000] {processor.py:179} INFO - Processing /home/airflow/.local/lib/python3.8/site-packages/airflow/example_dags/example_task_group_decorator.py took 0.044 seconds
[2023-09-29T10:56:03.899+0000] {processor.py:157} INFO - Started process (PID=171) to work on /home/airflow/.local/lib/python3.8/site-packages/airflow/example_dags/example_task_group_decorator.py
[2023-09-29T10:56:03.900+0000] {processor.py:829} INFO - Processing file /home/airflow/.local/lib/python3.8/site-packages/airflow/example_dags/example_task_group_decorator.py for tasks to queue
[2023-09-29T10:56:03.901+0000] {logging_mixin.py:151} INFO - [2023-09-29T10:56:03.901+0000] {dagbag.py:539} INFO - Filling up the DagBag from /home/airflow/.local/lib/python3.8/site-packages/airflow/example_dags/example_task_group_decorator.py
[2023-09-29T10:56:03.909+0000] {processor.py:839} INFO - DAG(s) dict_keys(['example_task_group_decorator']) retrieved from /home/airflow/.local/lib/python3.8/site-packages/airflow/example_dags/example_task_group_decorator.py
[2023-09-29T10:56:03.920+0000] {logging_mixin.py:151} INFO - [2023-09-29T10:56:03.920+0000] {dag.py:2915} INFO - Sync 1 DAGs
[2023-09-29T10:56:03.930+0000] {logging_mixin.py:151} INFO - [2023-09-29T10:56:03.930+0000] {dag.py:3696} INFO - Setting next_dagrun for example_task_group_decorator to 2023-09-28T10:56:03.930396+00:00, run_after=2023-09-29T10:56:03.930396+00:00
[2023-09-29T10:56:03.938+0000] {processor.py:179} INFO - Processing /home/airflow/.local/lib/python3.8/site-packages/airflow/example_dags/example_task_group_decorator.py took 0.041 seconds
[2023-09-29T10:56:34.327+0000] {processor.py:157} INFO - Started process (PID=228) to work on /home/airflow/.local/lib/python3.8/site-packages/airflow/example_dags/example_task_group_decorator.py
[2023-09-29T10:56:34.328+0000] {processor.py:829} INFO - Processing file /home/airflow/.local/lib/python3.8/site-packages/airflow/example_dags/example_task_group_decorator.py for tasks to queue
[2023-09-29T10:56:34.329+0000] {logging_mixin.py:151} INFO - [2023-09-29T10:56:34.329+0000] {dagbag.py:539} INFO - Filling up the DagBag from /home/airflow/.local/lib/python3.8/site-packages/airflow/example_dags/example_task_group_decorator.py
[2023-09-29T10:56:34.337+0000] {processor.py:839} INFO - DAG(s) dict_keys(['example_task_group_decorator']) retrieved from /home/airflow/.local/lib/python3.8/site-packages/airflow/example_dags/example_task_group_decorator.py
[2023-09-29T10:56:34.349+0000] {logging_mixin.py:151} INFO - [2023-09-29T10:56:34.349+0000] {dag.py:2915} INFO - Sync 1 DAGs
[2023-09-29T10:56:34.359+0000] {logging_mixin.py:151} INFO - [2023-09-29T10:56:34.359+0000] {dag.py:3696} INFO - Setting next_dagrun for example_task_group_decorator to 2023-09-28T10:56:34.359653+00:00, run_after=2023-09-29T10:56:34.359653+00:00
[2023-09-29T10:56:34.368+0000] {processor.py:179} INFO - Processing /home/airflow/.local/lib/python3.8/site-packages/airflow/example_dags/example_task_group_decorator.py took 0.043 seconds
[2023-09-29T10:57:04.821+0000] {processor.py:157} INFO - Started process (PID=286) to work on /home/airflow/.local/lib/python3.8/site-packages/airflow/example_dags/example_task_group_decorator.py
[2023-09-29T10:57:04.823+0000] {processor.py:829} INFO - Processing file /home/airflow/.local/lib/python3.8/site-packages/airflow/example_dags/example_task_group_decorator.py for tasks to queue
[2023-09-29T10:57:04.825+0000] {logging_mixin.py:151} INFO - [2023-09-29T10:57:04.825+0000] {dagbag.py:539} INFO - Filling up the DagBag from /home/airflow/.local/lib/python3.8/site-packages/airflow/example_dags/example_task_group_decorator.py
[2023-09-29T10:57:04.833+0000] {processor.py:839} INFO - DAG(s) dict_keys(['example_task_group_decorator']) retrieved from /home/airflow/.local/lib/python3.8/site-packages/airflow/example_dags/example_task_group_decorator.py
[2023-09-29T10:57:04.849+0000] {logging_mixin.py:151} INFO - [2023-09-29T10:57:04.848+0000] {dag.py:2915} INFO - Sync 1 DAGs
[2023-09-29T10:57:04.860+0000] {logging_mixin.py:151} INFO - [2023-09-29T10:57:04.860+0000] {dag.py:3696} INFO - Setting next_dagrun for example_task_group_decorator to 2023-09-28T10:57:04.859979+00:00, run_after=2023-09-29T10:57:04.859979+00:00
[2023-09-29T10:57:04.870+0000] {processor.py:179} INFO - Processing /home/airflow/.local/lib/python3.8/site-packages/airflow/example_dags/example_task_group_decorator.py took 0.052 seconds
[2023-09-29T10:57:35.162+0000] {processor.py:157} INFO - Started process (PID=343) to work on /home/airflow/.local/lib/python3.8/site-packages/airflow/example_dags/example_task_group_decorator.py
[2023-09-29T10:57:35.164+0000] {processor.py:829} INFO - Processing file /home/airflow/.local/lib/python3.8/site-packages/airflow/example_dags/example_task_group_decorator.py for tasks to queue
[2023-09-29T10:57:35.168+0000] {logging_mixin.py:151} INFO - [2023-09-29T10:57:35.168+0000] {dagbag.py:539} INFO - Filling up the DagBag from /home/airflow/.local/lib/python3.8/site-packages/airflow/example_dags/example_task_group_decorator.py
[2023-09-29T10:57:35.178+0000] {processor.py:839} INFO - DAG(s) dict_keys(['example_task_group_decorator']) retrieved from /home/airflow/.local/lib/python3.8/site-packages/airflow/example_dags/example_task_group_decorator.py
[2023-09-29T10:57:35.191+0000] {logging_mixin.py:151} INFO - [2023-09-29T10:57:35.191+0000] {dag.py:2915} INFO - Sync 1 DAGs
[2023-09-29T10:57:35.200+0000] {logging_mixin.py:151} INFO - [2023-09-29T10:57:35.200+0000] {dag.py:3696} INFO - Setting next_dagrun for example_task_group_decorator to 2023-09-28T10:57:35.200378+00:00, run_after=2023-09-29T10:57:35.200378+00:00
[2023-09-29T10:57:35.207+0000] {processor.py:179} INFO - Processing /home/airflow/.local/lib/python3.8/site-packages/airflow/example_dags/example_task_group_decorator.py took 0.048 seconds
[2023-09-29T10:58:06.261+0000] {processor.py:157} INFO - Started process (PID=400) to work on /home/airflow/.local/lib/python3.8/site-packages/airflow/example_dags/example_task_group_decorator.py
[2023-09-29T10:58:06.262+0000] {processor.py:829} INFO - Processing file /home/airflow/.local/lib/python3.8/site-packages/airflow/example_dags/example_task_group_decorator.py for tasks to queue
[2023-09-29T10:58:06.263+0000] {logging_mixin.py:151} INFO - [2023-09-29T10:58:06.263+0000] {dagbag.py:539} INFO - Filling up the DagBag from /home/airflow/.local/lib/python3.8/site-packages/airflow/example_dags/example_task_group_decorator.py
[2023-09-29T10:58:06.272+0000] {processor.py:839} INFO - DAG(s) dict_keys(['example_task_group_decorator']) retrieved from /home/airflow/.local/lib/python3.8/site-packages/airflow/example_dags/example_task_group_decorator.py
[2023-09-29T10:58:06.284+0000] {logging_mixin.py:151} INFO - [2023-09-29T10:58:06.284+0000] {dag.py:2915} INFO - Sync 1 DAGs
[2023-09-29T10:58:06.294+0000] {logging_mixin.py:151} INFO - [2023-09-29T10:58:06.294+0000] {dag.py:3696} INFO - Setting next_dagrun for example_task_group_decorator to 2023-09-28T10:58:06.294176+00:00, run_after=2023-09-29T10:58:06.294176+00:00
[2023-09-29T10:58:06.303+0000] {processor.py:179} INFO - Processing /home/airflow/.local/lib/python3.8/site-packages/airflow/example_dags/example_task_group_decorator.py took 0.046 seconds
[2023-09-29T10:58:37.523+0000] {processor.py:157} INFO - Started process (PID=457) to work on /home/airflow/.local/lib/python3.8/site-packages/airflow/example_dags/example_task_group_decorator.py
[2023-09-29T10:58:37.524+0000] {processor.py:829} INFO - Processing file /home/airflow/.local/lib/python3.8/site-packages/airflow/example_dags/example_task_group_decorator.py for tasks to queue
[2023-09-29T10:58:37.526+0000] {logging_mixin.py:151} INFO - [2023-09-29T10:58:37.526+0000] {dagbag.py:539} INFO - Filling up the DagBag from /home/airflow/.local/lib/python3.8/site-packages/airflow/example_dags/example_task_group_decorator.py
[2023-09-29T10:58:37.532+0000] {processor.py:839} INFO - DAG(s) dict_keys(['example_task_group_decorator']) retrieved from /home/airflow/.local/lib/python3.8/site-packages/airflow/example_dags/example_task_group_decorator.py
[2023-09-29T10:58:37.544+0000] {logging_mixin.py:151} INFO - [2023-09-29T10:58:37.544+0000] {dag.py:2915} INFO - Sync 1 DAGs
[2023-09-29T10:58:37.552+0000] {logging_mixin.py:151} INFO - [2023-09-29T10:58:37.552+0000] {dag.py:3696} INFO - Setting next_dagrun for example_task_group_decorator to 2023-09-28T10:58:37.552750+00:00, run_after=2023-09-29T10:58:37.552750+00:00
[2023-09-29T10:58:37.560+0000] {processor.py:179} INFO - Processing /home/airflow/.local/lib/python3.8/site-packages/airflow/example_dags/example_task_group_decorator.py took 0.039 seconds
[2023-09-29T10:59:08.753+0000] {processor.py:157} INFO - Started process (PID=514) to work on /home/airflow/.local/lib/python3.8/site-packages/airflow/example_dags/example_task_group_decorator.py
[2023-09-29T10:59:08.754+0000] {processor.py:829} INFO - Processing file /home/airflow/.local/lib/python3.8/site-packages/airflow/example_dags/example_task_group_decorator.py for tasks to queue
[2023-09-29T10:59:08.755+0000] {logging_mixin.py:151} INFO - [2023-09-29T10:59:08.755+0000] {dagbag.py:539} INFO - Filling up the DagBag from /home/airflow/.local/lib/python3.8/site-packages/airflow/example_dags/example_task_group_decorator.py
[2023-09-29T10:59:08.762+0000] {processor.py:839} INFO - DAG(s) dict_keys(['example_task_group_decorator']) retrieved from /home/airflow/.local/lib/python3.8/site-packages/airflow/example_dags/example_task_group_decorator.py
[2023-09-29T10:59:08.774+0000] {logging_mixin.py:151} INFO - [2023-09-29T10:59:08.774+0000] {dag.py:2915} INFO - Sync 1 DAGs
[2023-09-29T10:59:08.783+0000] {logging_mixin.py:151} INFO - [2023-09-29T10:59:08.783+0000] {dag.py:3696} INFO - Setting next_dagrun for example_task_group_decorator to 2023-09-28T10:59:08.783580+00:00, run_after=2023-09-29T10:59:08.783580+00:00
[2023-09-29T10:59:08.790+0000] {processor.py:179} INFO - Processing /home/airflow/.local/lib/python3.8/site-packages/airflow/example_dags/example_task_group_decorator.py took 0.040 seconds
[2023-09-29T10:59:39.144+0000] {processor.py:157} INFO - Started process (PID=571) to work on /home/airflow/.local/lib/python3.8/site-packages/airflow/example_dags/example_task_group_decorator.py
[2023-09-29T10:59:39.145+0000] {processor.py:829} INFO - Processing file /home/airflow/.local/lib/python3.8/site-packages/airflow/example_dags/example_task_group_decorator.py for tasks to queue
[2023-09-29T10:59:39.146+0000] {logging_mixin.py:151} INFO - [2023-09-29T10:59:39.146+0000] {dagbag.py:539} INFO - Filling up the DagBag from /home/airflow/.local/lib/python3.8/site-packages/airflow/example_dags/example_task_group_decorator.py
[2023-09-29T10:59:39.152+0000] {processor.py:839} INFO - DAG(s) dict_keys(['example_task_group_decorator']) retrieved from /home/airflow/.local/lib/python3.8/site-packages/airflow/example_dags/example_task_group_decorator.py
[2023-09-29T10:59:39.164+0000] {logging_mixin.py:151} INFO - [2023-09-29T10:59:39.163+0000] {dag.py:2915} INFO - Sync 1 DAGs
[2023-09-29T10:59:39.173+0000] {logging_mixin.py:151} INFO - [2023-09-29T10:59:39.173+0000] {dag.py:3696} INFO - Setting next_dagrun for example_task_group_decorator to 2023-09-28T10:59:39.172996+00:00, run_after=2023-09-29T10:59:39.172996+00:00
[2023-09-29T10:59:39.179+0000] {processor.py:179} INFO - Processing /home/airflow/.local/lib/python3.8/site-packages/airflow/example_dags/example_task_group_decorator.py took 0.037 seconds
[2023-09-29T11:00:10.333+0000] {processor.py:157} INFO - Started process (PID=628) to work on /home/airflow/.local/lib/python3.8/site-packages/airflow/example_dags/example_task_group_decorator.py
[2023-09-29T11:00:10.334+0000] {processor.py:829} INFO - Processing file /home/airflow/.local/lib/python3.8/site-packages/airflow/example_dags/example_task_group_decorator.py for tasks to queue
[2023-09-29T11:00:10.335+0000] {logging_mixin.py:151} INFO - [2023-09-29T11:00:10.335+0000] {dagbag.py:539} INFO - Filling up the DagBag from /home/airflow/.local/lib/python3.8/site-packages/airflow/example_dags/example_task_group_decorator.py
[2023-09-29T11:00:10.342+0000] {processor.py:839} INFO - DAG(s) dict_keys(['example_task_group_decorator']) retrieved from /home/airflow/.local/lib/python3.8/site-packages/airflow/example_dags/example_task_group_decorator.py
[2023-09-29T11:00:10.353+0000] {logging_mixin.py:151} INFO - [2023-09-29T11:00:10.353+0000] {dag.py:2915} INFO - Sync 1 DAGs
[2023-09-29T11:00:10.363+0000] {logging_mixin.py:151} INFO - [2023-09-29T11:00:10.362+0000] {dag.py:3696} INFO - Setting next_dagrun for example_task_group_decorator to 2023-09-28T11:00:10.362856+00:00, run_after=2023-09-29T11:00:10.362856+00:00
[2023-09-29T11:00:10.370+0000] {processor.py:179} INFO - Processing /home/airflow/.local/lib/python3.8/site-packages/airflow/example_dags/example_task_group_decorator.py took 0.038 seconds
[2023-09-29T11:00:41.017+0000] {processor.py:157} INFO - Started process (PID=685) to work on /home/airflow/.local/lib/python3.8/site-packages/airflow/example_dags/example_task_group_decorator.py
[2023-09-29T11:00:41.018+0000] {processor.py:829} INFO - Processing file /home/airflow/.local/lib/python3.8/site-packages/airflow/example_dags/example_task_group_decorator.py for tasks to queue
[2023-09-29T11:00:41.019+0000] {logging_mixin.py:151} INFO - [2023-09-29T11:00:41.019+0000] {dagbag.py:539} INFO - Filling up the DagBag from /home/airflow/.local/lib/python3.8/site-packages/airflow/example_dags/example_task_group_decorator.py
[2023-09-29T11:00:41.026+0000] {processor.py:839} INFO - DAG(s) dict_keys(['example_task_group_decorator']) retrieved from /home/airflow/.local/lib/python3.8/site-packages/airflow/example_dags/example_task_group_decorator.py
[2023-09-29T11:00:41.037+0000] {logging_mixin.py:151} INFO - [2023-09-29T11:00:41.037+0000] {dag.py:2915} INFO - Sync 1 DAGs
[2023-09-29T11:00:41.047+0000] {logging_mixin.py:151} INFO - [2023-09-29T11:00:41.047+0000] {dag.py:3696} INFO - Setting next_dagrun for example_task_group_decorator to 2023-09-28T11:00:41.047012+00:00, run_after=2023-09-29T11:00:41.047012+00:00
[2023-09-29T11:00:41.056+0000] {processor.py:179} INFO - Processing /home/airflow/.local/lib/python3.8/site-packages/airflow/example_dags/example_task_group_decorator.py took 0.041 seconds
[2023-09-29T11:01:12.183+0000] {processor.py:157} INFO - Started process (PID=742) to work on /home/airflow/.local/lib/python3.8/site-packages/airflow/example_dags/example_task_group_decorator.py
[2023-09-29T11:01:12.184+0000] {processor.py:829} INFO - Processing file /home/airflow/.local/lib/python3.8/site-packages/airflow/example_dags/example_task_group_decorator.py for tasks to queue
[2023-09-29T11:01:12.185+0000] {logging_mixin.py:151} INFO - [2023-09-29T11:01:12.185+0000] {dagbag.py:539} INFO - Filling up the DagBag from /home/airflow/.local/lib/python3.8/site-packages/airflow/example_dags/example_task_group_decorator.py
[2023-09-29T11:01:12.192+0000] {processor.py:839} INFO - DAG(s) dict_keys(['example_task_group_decorator']) retrieved from /home/airflow/.local/lib/python3.8/site-packages/airflow/example_dags/example_task_group_decorator.py
[2023-09-29T11:01:12.203+0000] {logging_mixin.py:151} INFO - [2023-09-29T11:01:12.203+0000] {dag.py:2915} INFO - Sync 1 DAGs
[2023-09-29T11:01:12.212+0000] {logging_mixin.py:151} INFO - [2023-09-29T11:01:12.212+0000] {dag.py:3696} INFO - Setting next_dagrun for example_task_group_decorator to 2023-09-28T11:01:12.212158+00:00, run_after=2023-09-29T11:01:12.212158+00:00
[2023-09-29T11:01:12.219+0000] {processor.py:179} INFO - Processing /home/airflow/.local/lib/python3.8/site-packages/airflow/example_dags/example_task_group_decorator.py took 0.038 seconds
[2023-09-29T11:01:43.428+0000] {processor.py:157} INFO - Started process (PID=799) to work on /home/airflow/.local/lib/python3.8/site-packages/airflow/example_dags/example_task_group_decorator.py
[2023-09-29T11:01:43.429+0000] {processor.py:829} INFO - Processing file /home/airflow/.local/lib/python3.8/site-packages/airflow/example_dags/example_task_group_decorator.py for tasks to queue
[2023-09-29T11:01:43.430+0000] {logging_mixin.py:151} INFO - [2023-09-29T11:01:43.430+0000] {dagbag.py:539} INFO - Filling up the DagBag from /home/airflow/.local/lib/python3.8/site-packages/airflow/example_dags/example_task_group_decorator.py
[2023-09-29T11:01:43.437+0000] {processor.py:839} INFO - DAG(s) dict_keys(['example_task_group_decorator']) retrieved from /home/airflow/.local/lib/python3.8/site-packages/airflow/example_dags/example_task_group_decorator.py
[2023-09-29T11:01:43.448+0000] {logging_mixin.py:151} INFO - [2023-09-29T11:01:43.448+0000] {dag.py:2915} INFO - Sync 1 DAGs
[2023-09-29T11:01:43.457+0000] {logging_mixin.py:151} INFO - [2023-09-29T11:01:43.457+0000] {dag.py:3696} INFO - Setting next_dagrun for example_task_group_decorator to 2023-09-28T11:01:43.456985+00:00, run_after=2023-09-29T11:01:43.456985+00:00
[2023-09-29T11:01:43.464+0000] {processor.py:179} INFO - Processing /home/airflow/.local/lib/python3.8/site-packages/airflow/example_dags/example_task_group_decorator.py took 0.038 seconds
[2023-09-29T11:02:14.570+0000] {processor.py:157} INFO - Started process (PID=856) to work on /home/airflow/.local/lib/python3.8/site-packages/airflow/example_dags/example_task_group_decorator.py
[2023-09-29T11:02:14.571+0000] {processor.py:829} INFO - Processing file /home/airflow/.local/lib/python3.8/site-packages/airflow/example_dags/example_task_group_decorator.py for tasks to queue
[2023-09-29T11:02:14.572+0000] {logging_mixin.py:151} INFO - [2023-09-29T11:02:14.572+0000] {dagbag.py:539} INFO - Filling up the DagBag from /home/airflow/.local/lib/python3.8/site-packages/airflow/example_dags/example_task_group_decorator.py
[2023-09-29T11:02:14.579+0000] {processor.py:839} INFO - DAG(s) dict_keys(['example_task_group_decorator']) retrieved from /home/airflow/.local/lib/python3.8/site-packages/airflow/example_dags/example_task_group_decorator.py
[2023-09-29T11:02:14.590+0000] {logging_mixin.py:151} INFO - [2023-09-29T11:02:14.590+0000] {dag.py:2915} INFO - Sync 1 DAGs
[2023-09-29T11:02:14.600+0000] {logging_mixin.py:151} INFO - [2023-09-29T11:02:14.600+0000] {dag.py:3696} INFO - Setting next_dagrun for example_task_group_decorator to 2023-09-28T11:02:14.600361+00:00, run_after=2023-09-29T11:02:14.600361+00:00
[2023-09-29T11:02:14.607+0000] {processor.py:179} INFO - Processing /home/airflow/.local/lib/python3.8/site-packages/airflow/example_dags/example_task_group_decorator.py took 0.039 seconds
[2023-09-29T11:02:44.847+0000] {processor.py:157} INFO - Started process (PID=914) to work on /home/airflow/.local/lib/python3.8/site-packages/airflow/example_dags/example_task_group_decorator.py
[2023-09-29T11:02:44.848+0000] {processor.py:829} INFO - Processing file /home/airflow/.local/lib/python3.8/site-packages/airflow/example_dags/example_task_group_decorator.py for tasks to queue
[2023-09-29T11:02:44.849+0000] {logging_mixin.py:151} INFO - [2023-09-29T11:02:44.849+0000] {dagbag.py:539} INFO - Filling up the DagBag from /home/airflow/.local/lib/python3.8/site-packages/airflow/example_dags/example_task_group_decorator.py
[2023-09-29T11:02:44.856+0000] {processor.py:839} INFO - DAG(s) dict_keys(['example_task_group_decorator']) retrieved from /home/airflow/.local/lib/python3.8/site-packages/airflow/example_dags/example_task_group_decorator.py
[2023-09-29T11:02:44.867+0000] {logging_mixin.py:151} INFO - [2023-09-29T11:02:44.867+0000] {dag.py:2915} INFO - Sync 1 DAGs
[2023-09-29T11:02:44.876+0000] {logging_mixin.py:151} INFO - [2023-09-29T11:02:44.876+0000] {dag.py:3696} INFO - Setting next_dagrun for example_task_group_decorator to 2023-09-28T11:02:44.876177+00:00, run_after=2023-09-29T11:02:44.876177+00:00
[2023-09-29T11:02:44.883+0000] {processor.py:179} INFO - Processing /home/airflow/.local/lib/python3.8/site-packages/airflow/example_dags/example_task_group_decorator.py took 0.037 seconds
[2023-09-29T11:03:16.085+0000] {processor.py:157} INFO - Started process (PID=970) to work on /home/airflow/.local/lib/python3.8/site-packages/airflow/example_dags/example_task_group_decorator.py
[2023-09-29T11:03:16.086+0000] {processor.py:829} INFO - Processing file /home/airflow/.local/lib/python3.8/site-packages/airflow/example_dags/example_task_group_decorator.py for tasks to queue
[2023-09-29T11:03:16.087+0000] {logging_mixin.py:151} INFO - [2023-09-29T11:03:16.087+0000] {dagbag.py:539} INFO - Filling up the DagBag from /home/airflow/.local/lib/python3.8/site-packages/airflow/example_dags/example_task_group_decorator.py
[2023-09-29T11:03:16.094+0000] {processor.py:839} INFO - DAG(s) dict_keys(['example_task_group_decorator']) retrieved from /home/airflow/.local/lib/python3.8/site-packages/airflow/example_dags/example_task_group_decorator.py
[2023-09-29T11:03:16.106+0000] {logging_mixin.py:151} INFO - [2023-09-29T11:03:16.106+0000] {dag.py:2915} INFO - Sync 1 DAGs
[2023-09-29T11:03:16.117+0000] {logging_mixin.py:151} INFO - [2023-09-29T11:03:16.117+0000] {dag.py:3696} INFO - Setting next_dagrun for example_task_group_decorator to 2023-09-28T11:03:16.117557+00:00, run_after=2023-09-29T11:03:16.117557+00:00
[2023-09-29T11:03:16.126+0000] {processor.py:179} INFO - Processing /home/airflow/.local/lib/python3.8/site-packages/airflow/example_dags/example_task_group_decorator.py took 0.043 seconds
[2023-09-29T11:03:46.285+0000] {processor.py:157} INFO - Started process (PID=1027) to work on /home/airflow/.local/lib/python3.8/site-packages/airflow/example_dags/example_task_group_decorator.py
[2023-09-29T11:03:46.286+0000] {processor.py:829} INFO - Processing file /home/airflow/.local/lib/python3.8/site-packages/airflow/example_dags/example_task_group_decorator.py for tasks to queue
[2023-09-29T11:03:46.287+0000] {logging_mixin.py:151} INFO - [2023-09-29T11:03:46.287+0000] {dagbag.py:539} INFO - Filling up the DagBag from /home/airflow/.local/lib/python3.8/site-packages/airflow/example_dags/example_task_group_decorator.py
[2023-09-29T11:03:46.294+0000] {processor.py:839} INFO - DAG(s) dict_keys(['example_task_group_decorator']) retrieved from /home/airflow/.local/lib/python3.8/site-packages/airflow/example_dags/example_task_group_decorator.py
[2023-09-29T11:03:46.305+0000] {logging_mixin.py:151} INFO - [2023-09-29T11:03:46.305+0000] {dag.py:2915} INFO - Sync 1 DAGs
[2023-09-29T11:03:46.314+0000] {logging_mixin.py:151} INFO - [2023-09-29T11:03:46.314+0000] {dag.py:3696} INFO - Setting next_dagrun for example_task_group_decorator to 2023-09-28T11:03:46.314257+00:00, run_after=2023-09-29T11:03:46.314257+00:00
[2023-09-29T11:03:46.323+0000] {processor.py:179} INFO - Processing /home/airflow/.local/lib/python3.8/site-packages/airflow/example_dags/example_task_group_decorator.py took 0.040 seconds
[2023-09-29T11:04:17.596+0000] {processor.py:157} INFO - Started process (PID=1084) to work on /home/airflow/.local/lib/python3.8/site-packages/airflow/example_dags/example_task_group_decorator.py
[2023-09-29T11:04:17.596+0000] {processor.py:829} INFO - Processing file /home/airflow/.local/lib/python3.8/site-packages/airflow/example_dags/example_task_group_decorator.py for tasks to queue
[2023-09-29T11:04:17.598+0000] {logging_mixin.py:151} INFO - [2023-09-29T11:04:17.597+0000] {dagbag.py:539} INFO - Filling up the DagBag from /home/airflow/.local/lib/python3.8/site-packages/airflow/example_dags/example_task_group_decorator.py
[2023-09-29T11:04:17.604+0000] {processor.py:839} INFO - DAG(s) dict_keys(['example_task_group_decorator']) retrieved from /home/airflow/.local/lib/python3.8/site-packages/airflow/example_dags/example_task_group_decorator.py
[2023-09-29T11:04:17.616+0000] {logging_mixin.py:151} INFO - [2023-09-29T11:04:17.616+0000] {dag.py:2915} INFO - Sync 1 DAGs
[2023-09-29T11:04:17.626+0000] {logging_mixin.py:151} INFO - [2023-09-29T11:04:17.626+0000] {dag.py:3696} INFO - Setting next_dagrun for example_task_group_decorator to 2023-09-28T11:04:17.626557+00:00, run_after=2023-09-29T11:04:17.626557+00:00
[2023-09-29T11:04:17.634+0000] {processor.py:179} INFO - Processing /home/airflow/.local/lib/python3.8/site-packages/airflow/example_dags/example_task_group_decorator.py took 0.040 seconds
[2023-09-29T11:04:48.703+0000] {processor.py:157} INFO - Started process (PID=1141) to work on /home/airflow/.local/lib/python3.8/site-packages/airflow/example_dags/example_task_group_decorator.py
[2023-09-29T11:04:48.703+0000] {processor.py:829} INFO - Processing file /home/airflow/.local/lib/python3.8/site-packages/airflow/example_dags/example_task_group_decorator.py for tasks to queue
[2023-09-29T11:04:48.704+0000] {logging_mixin.py:151} INFO - [2023-09-29T11:04:48.704+0000] {dagbag.py:539} INFO - Filling up the DagBag from /home/airflow/.local/lib/python3.8/site-packages/airflow/example_dags/example_task_group_decorator.py
[2023-09-29T11:04:48.712+0000] {processor.py:839} INFO - DAG(s) dict_keys(['example_task_group_decorator']) retrieved from /home/airflow/.local/lib/python3.8/site-packages/airflow/example_dags/example_task_group_decorator.py
[2023-09-29T11:04:48.725+0000] {logging_mixin.py:151} INFO - [2023-09-29T11:04:48.724+0000] {dag.py:2915} INFO - Sync 1 DAGs
[2023-09-29T11:04:48.734+0000] {logging_mixin.py:151} INFO - [2023-09-29T11:04:48.734+0000] {dag.py:3696} INFO - Setting next_dagrun for example_task_group_decorator to 2023-09-28T11:04:48.734145+00:00, run_after=2023-09-29T11:04:48.734145+00:00
[2023-09-29T11:04:48.741+0000] {processor.py:179} INFO - Processing /home/airflow/.local/lib/python3.8/site-packages/airflow/example_dags/example_task_group_decorator.py took 0.040 seconds
[2023-09-29T11:05:19.658+0000] {processor.py:157} INFO - Started process (PID=1198) to work on /home/airflow/.local/lib/python3.8/site-packages/airflow/example_dags/example_task_group_decorator.py
[2023-09-29T11:05:19.658+0000] {processor.py:829} INFO - Processing file /home/airflow/.local/lib/python3.8/site-packages/airflow/example_dags/example_task_group_decorator.py for tasks to queue
[2023-09-29T11:05:19.659+0000] {logging_mixin.py:151} INFO - [2023-09-29T11:05:19.659+0000] {dagbag.py:539} INFO - Filling up the DagBag from /home/airflow/.local/lib/python3.8/site-packages/airflow/example_dags/example_task_group_decorator.py
[2023-09-29T11:05:19.666+0000] {processor.py:839} INFO - DAG(s) dict_keys(['example_task_group_decorator']) retrieved from /home/airflow/.local/lib/python3.8/site-packages/airflow/example_dags/example_task_group_decorator.py
[2023-09-29T11:05:19.677+0000] {logging_mixin.py:151} INFO - [2023-09-29T11:05:19.677+0000] {dag.py:2915} INFO - Sync 1 DAGs
[2023-09-29T11:05:19.686+0000] {logging_mixin.py:151} INFO - [2023-09-29T11:05:19.685+0000] {dag.py:3696} INFO - Setting next_dagrun for example_task_group_decorator to 2023-09-28T11:05:19.685873+00:00, run_after=2023-09-29T11:05:19.685873+00:00
[2023-09-29T11:05:19.692+0000] {processor.py:179} INFO - Processing /home/airflow/.local/lib/python3.8/site-packages/airflow/example_dags/example_task_group_decorator.py took 0.036 seconds
[2023-09-29T11:05:50.791+0000] {processor.py:157} INFO - Started process (PID=1255) to work on /home/airflow/.local/lib/python3.8/site-packages/airflow/example_dags/example_task_group_decorator.py
[2023-09-29T11:05:50.792+0000] {processor.py:829} INFO - Processing file /home/airflow/.local/lib/python3.8/site-packages/airflow/example_dags/example_task_group_decorator.py for tasks to queue
[2023-09-29T11:05:50.793+0000] {logging_mixin.py:151} INFO - [2023-09-29T11:05:50.793+0000] {dagbag.py:539} INFO - Filling up the DagBag from /home/airflow/.local/lib/python3.8/site-packages/airflow/example_dags/example_task_group_decorator.py
[2023-09-29T11:05:50.800+0000] {processor.py:839} INFO - DAG(s) dict_keys(['example_task_group_decorator']) retrieved from /home/airflow/.local/lib/python3.8/site-packages/airflow/example_dags/example_task_group_decorator.py
[2023-09-29T11:05:50.812+0000] {logging_mixin.py:151} INFO - [2023-09-29T11:05:50.812+0000] {dag.py:2915} INFO - Sync 1 DAGs
[2023-09-29T11:05:50.824+0000] {logging_mixin.py:151} INFO - [2023-09-29T11:05:50.824+0000] {dag.py:3696} INFO - Setting next_dagrun for example_task_group_decorator to 2023-09-28T11:05:50.824506+00:00, run_after=2023-09-29T11:05:50.824506+00:00
[2023-09-29T11:05:50.833+0000] {processor.py:179} INFO - Processing /home/airflow/.local/lib/python3.8/site-packages/airflow/example_dags/example_task_group_decorator.py took 0.044 seconds
