[2023-09-29T08:49:14.172+0000] {processor.py:157} INFO - Started process (PID=44) to work on /home/airflow/.local/lib/python3.8/site-packages/airflow/example_dags/example_external_task_marker_dag.py
[2023-09-29T08:49:14.174+0000] {processor.py:829} INFO - Processing file /home/airflow/.local/lib/python3.8/site-packages/airflow/example_dags/example_external_task_marker_dag.py for tasks to queue
[2023-09-29T08:49:14.179+0000] {logging_mixin.py:151} INFO - [2023-09-29T08:49:14.179+0000] {dagbag.py:539} INFO - Filling up the DagBag from /home/airflow/.local/lib/python3.8/site-packages/airflow/example_dags/example_external_task_marker_dag.py
[2023-09-29T08:49:14.193+0000] {processor.py:839} INFO - DAG(s) dict_keys(['example_external_task_marker_child', 'example_external_task_marker_parent']) retrieved from /home/airflow/.local/lib/python3.8/site-packages/airflow/example_dags/example_external_task_marker_dag.py
[2023-09-29T08:49:14.222+0000] {logging_mixin.py:151} INFO - [2023-09-29T08:49:14.222+0000] {dag.py:2915} INFO - Sync 2 DAGs
[2023-09-29T08:49:14.242+0000] {logging_mixin.py:151} INFO - [2023-09-29T08:49:14.242+0000] {dag.py:3696} INFO - Setting next_dagrun for example_external_task_marker_child to None, run_after=None
[2023-09-29T08:49:14.248+0000] {logging_mixin.py:151} INFO - [2023-09-29T08:49:14.247+0000] {dag.py:3696} INFO - Setting next_dagrun for example_external_task_marker_parent to None, run_after=None
[2023-09-29T08:49:14.267+0000] {processor.py:179} INFO - Processing /home/airflow/.local/lib/python3.8/site-packages/airflow/example_dags/example_external_task_marker_dag.py took 0.100 seconds
[2023-09-29T08:49:44.936+0000] {processor.py:157} INFO - Started process (PID=101) to work on /home/airflow/.local/lib/python3.8/site-packages/airflow/example_dags/example_external_task_marker_dag.py
[2023-09-29T08:49:44.937+0000] {processor.py:829} INFO - Processing file /home/airflow/.local/lib/python3.8/site-packages/airflow/example_dags/example_external_task_marker_dag.py for tasks to queue
[2023-09-29T08:49:44.938+0000] {logging_mixin.py:151} INFO - [2023-09-29T08:49:44.938+0000] {dagbag.py:539} INFO - Filling up the DagBag from /home/airflow/.local/lib/python3.8/site-packages/airflow/example_dags/example_external_task_marker_dag.py
[2023-09-29T08:49:44.944+0000] {processor.py:839} INFO - DAG(s) dict_keys(['example_external_task_marker_child', 'example_external_task_marker_parent']) retrieved from /home/airflow/.local/lib/python3.8/site-packages/airflow/example_dags/example_external_task_marker_dag.py
[2023-09-29T08:49:44.957+0000] {logging_mixin.py:151} INFO - [2023-09-29T08:49:44.957+0000] {dag.py:2915} INFO - Sync 2 DAGs
[2023-09-29T08:49:44.963+0000] {logging_mixin.py:151} INFO - [2023-09-29T08:49:44.962+0000] {dag.py:3696} INFO - Setting next_dagrun for example_external_task_marker_child to None, run_after=None
[2023-09-29T08:49:44.964+0000] {logging_mixin.py:151} INFO - [2023-09-29T08:49:44.964+0000] {dag.py:3696} INFO - Setting next_dagrun for example_external_task_marker_parent to None, run_after=None
[2023-09-29T08:49:44.973+0000] {processor.py:179} INFO - Processing /home/airflow/.local/lib/python3.8/site-packages/airflow/example_dags/example_external_task_marker_dag.py took 0.040 seconds
[2023-09-29T08:50:15.588+0000] {processor.py:157} INFO - Started process (PID=158) to work on /home/airflow/.local/lib/python3.8/site-packages/airflow/example_dags/example_external_task_marker_dag.py
[2023-09-29T08:50:15.588+0000] {processor.py:829} INFO - Processing file /home/airflow/.local/lib/python3.8/site-packages/airflow/example_dags/example_external_task_marker_dag.py for tasks to queue
[2023-09-29T08:50:15.590+0000] {logging_mixin.py:151} INFO - [2023-09-29T08:50:15.590+0000] {dagbag.py:539} INFO - Filling up the DagBag from /home/airflow/.local/lib/python3.8/site-packages/airflow/example_dags/example_external_task_marker_dag.py
[2023-09-29T08:50:15.596+0000] {processor.py:839} INFO - DAG(s) dict_keys(['example_external_task_marker_child', 'example_external_task_marker_parent']) retrieved from /home/airflow/.local/lib/python3.8/site-packages/airflow/example_dags/example_external_task_marker_dag.py
[2023-09-29T08:50:15.610+0000] {logging_mixin.py:151} INFO - [2023-09-29T08:50:15.610+0000] {dag.py:2915} INFO - Sync 2 DAGs
[2023-09-29T08:50:15.616+0000] {logging_mixin.py:151} INFO - [2023-09-29T08:50:15.616+0000] {dag.py:3696} INFO - Setting next_dagrun for example_external_task_marker_child to None, run_after=None
[2023-09-29T08:50:15.618+0000] {logging_mixin.py:151} INFO - [2023-09-29T08:50:15.618+0000] {dag.py:3696} INFO - Setting next_dagrun for example_external_task_marker_parent to None, run_after=None
[2023-09-29T08:50:15.628+0000] {processor.py:179} INFO - Processing /home/airflow/.local/lib/python3.8/site-packages/airflow/example_dags/example_external_task_marker_dag.py took 0.043 seconds
[2023-09-29T08:50:45.864+0000] {processor.py:157} INFO - Started process (PID=215) to work on /home/airflow/.local/lib/python3.8/site-packages/airflow/example_dags/example_external_task_marker_dag.py
[2023-09-29T08:50:45.865+0000] {processor.py:829} INFO - Processing file /home/airflow/.local/lib/python3.8/site-packages/airflow/example_dags/example_external_task_marker_dag.py for tasks to queue
[2023-09-29T08:50:45.866+0000] {logging_mixin.py:151} INFO - [2023-09-29T08:50:45.866+0000] {dagbag.py:539} INFO - Filling up the DagBag from /home/airflow/.local/lib/python3.8/site-packages/airflow/example_dags/example_external_task_marker_dag.py
[2023-09-29T08:50:45.869+0000] {processor.py:839} INFO - DAG(s) dict_keys(['example_external_task_marker_child', 'example_external_task_marker_parent']) retrieved from /home/airflow/.local/lib/python3.8/site-packages/airflow/example_dags/example_external_task_marker_dag.py
[2023-09-29T08:50:45.881+0000] {logging_mixin.py:151} INFO - [2023-09-29T08:50:45.881+0000] {dag.py:2915} INFO - Sync 2 DAGs
[2023-09-29T08:50:45.887+0000] {logging_mixin.py:151} INFO - [2023-09-29T08:50:45.887+0000] {dag.py:3696} INFO - Setting next_dagrun for example_external_task_marker_child to None, run_after=None
[2023-09-29T08:50:45.889+0000] {logging_mixin.py:151} INFO - [2023-09-29T08:50:45.889+0000] {dag.py:3696} INFO - Setting next_dagrun for example_external_task_marker_parent to None, run_after=None
[2023-09-29T08:50:45.895+0000] {processor.py:179} INFO - Processing /home/airflow/.local/lib/python3.8/site-packages/airflow/example_dags/example_external_task_marker_dag.py took 0.033 seconds
[2023-09-29T08:51:17.015+0000] {processor.py:157} INFO - Started process (PID=272) to work on /home/airflow/.local/lib/python3.8/site-packages/airflow/example_dags/example_external_task_marker_dag.py
[2023-09-29T08:51:17.015+0000] {processor.py:829} INFO - Processing file /home/airflow/.local/lib/python3.8/site-packages/airflow/example_dags/example_external_task_marker_dag.py for tasks to queue
[2023-09-29T08:51:17.017+0000] {logging_mixin.py:151} INFO - [2023-09-29T08:51:17.016+0000] {dagbag.py:539} INFO - Filling up the DagBag from /home/airflow/.local/lib/python3.8/site-packages/airflow/example_dags/example_external_task_marker_dag.py
[2023-09-29T08:51:17.020+0000] {processor.py:839} INFO - DAG(s) dict_keys(['example_external_task_marker_child', 'example_external_task_marker_parent']) retrieved from /home/airflow/.local/lib/python3.8/site-packages/airflow/example_dags/example_external_task_marker_dag.py
[2023-09-29T08:51:17.031+0000] {logging_mixin.py:151} INFO - [2023-09-29T08:51:17.031+0000] {dag.py:2915} INFO - Sync 2 DAGs
[2023-09-29T08:51:17.036+0000] {logging_mixin.py:151} INFO - [2023-09-29T08:51:17.036+0000] {dag.py:3696} INFO - Setting next_dagrun for example_external_task_marker_child to None, run_after=None
[2023-09-29T08:51:17.038+0000] {logging_mixin.py:151} INFO - [2023-09-29T08:51:17.038+0000] {dag.py:3696} INFO - Setting next_dagrun for example_external_task_marker_parent to None, run_after=None
[2023-09-29T08:51:17.045+0000] {processor.py:179} INFO - Processing /home/airflow/.local/lib/python3.8/site-packages/airflow/example_dags/example_external_task_marker_dag.py took 0.032 seconds
[2023-09-29T08:51:48.315+0000] {processor.py:157} INFO - Started process (PID=329) to work on /home/airflow/.local/lib/python3.8/site-packages/airflow/example_dags/example_external_task_marker_dag.py
[2023-09-29T08:51:48.316+0000] {processor.py:829} INFO - Processing file /home/airflow/.local/lib/python3.8/site-packages/airflow/example_dags/example_external_task_marker_dag.py for tasks to queue
[2023-09-29T08:51:48.317+0000] {logging_mixin.py:151} INFO - [2023-09-29T08:51:48.317+0000] {dagbag.py:539} INFO - Filling up the DagBag from /home/airflow/.local/lib/python3.8/site-packages/airflow/example_dags/example_external_task_marker_dag.py
[2023-09-29T08:51:48.320+0000] {processor.py:839} INFO - DAG(s) dict_keys(['example_external_task_marker_parent', 'example_external_task_marker_child']) retrieved from /home/airflow/.local/lib/python3.8/site-packages/airflow/example_dags/example_external_task_marker_dag.py
[2023-09-29T08:51:48.332+0000] {logging_mixin.py:151} INFO - [2023-09-29T08:51:48.332+0000] {dag.py:2915} INFO - Sync 2 DAGs
[2023-09-29T08:51:48.338+0000] {logging_mixin.py:151} INFO - [2023-09-29T08:51:48.338+0000] {dag.py:3696} INFO - Setting next_dagrun for example_external_task_marker_child to None, run_after=None
[2023-09-29T08:51:48.339+0000] {logging_mixin.py:151} INFO - [2023-09-29T08:51:48.339+0000] {dag.py:3696} INFO - Setting next_dagrun for example_external_task_marker_parent to None, run_after=None
[2023-09-29T08:51:48.346+0000] {processor.py:179} INFO - Processing /home/airflow/.local/lib/python3.8/site-packages/airflow/example_dags/example_external_task_marker_dag.py took 0.034 seconds
[2023-09-29T08:52:19.710+0000] {processor.py:157} INFO - Started process (PID=386) to work on /home/airflow/.local/lib/python3.8/site-packages/airflow/example_dags/example_external_task_marker_dag.py
[2023-09-29T08:52:19.710+0000] {processor.py:829} INFO - Processing file /home/airflow/.local/lib/python3.8/site-packages/airflow/example_dags/example_external_task_marker_dag.py for tasks to queue
[2023-09-29T08:52:19.712+0000] {logging_mixin.py:151} INFO - [2023-09-29T08:52:19.711+0000] {dagbag.py:539} INFO - Filling up the DagBag from /home/airflow/.local/lib/python3.8/site-packages/airflow/example_dags/example_external_task_marker_dag.py
[2023-09-29T08:52:19.715+0000] {processor.py:839} INFO - DAG(s) dict_keys(['example_external_task_marker_parent', 'example_external_task_marker_child']) retrieved from /home/airflow/.local/lib/python3.8/site-packages/airflow/example_dags/example_external_task_marker_dag.py
[2023-09-29T08:52:19.729+0000] {logging_mixin.py:151} INFO - [2023-09-29T08:52:19.729+0000] {dag.py:2915} INFO - Sync 2 DAGs
[2023-09-29T08:52:19.736+0000] {logging_mixin.py:151} INFO - [2023-09-29T08:52:19.736+0000] {dag.py:3696} INFO - Setting next_dagrun for example_external_task_marker_child to None, run_after=None
[2023-09-29T08:52:19.738+0000] {logging_mixin.py:151} INFO - [2023-09-29T08:52:19.738+0000] {dag.py:3696} INFO - Setting next_dagrun for example_external_task_marker_parent to None, run_after=None
[2023-09-29T08:52:19.746+0000] {processor.py:179} INFO - Processing /home/airflow/.local/lib/python3.8/site-packages/airflow/example_dags/example_external_task_marker_dag.py took 0.038 seconds
[2023-09-29T08:52:49.999+0000] {processor.py:157} INFO - Started process (PID=443) to work on /home/airflow/.local/lib/python3.8/site-packages/airflow/example_dags/example_external_task_marker_dag.py
[2023-09-29T08:52:50.000+0000] {processor.py:829} INFO - Processing file /home/airflow/.local/lib/python3.8/site-packages/airflow/example_dags/example_external_task_marker_dag.py for tasks to queue
[2023-09-29T08:52:50.001+0000] {logging_mixin.py:151} INFO - [2023-09-29T08:52:50.001+0000] {dagbag.py:539} INFO - Filling up the DagBag from /home/airflow/.local/lib/python3.8/site-packages/airflow/example_dags/example_external_task_marker_dag.py
[2023-09-29T08:52:50.004+0000] {processor.py:839} INFO - DAG(s) dict_keys(['example_external_task_marker_child', 'example_external_task_marker_parent']) retrieved from /home/airflow/.local/lib/python3.8/site-packages/airflow/example_dags/example_external_task_marker_dag.py
[2023-09-29T08:52:50.016+0000] {logging_mixin.py:151} INFO - [2023-09-29T08:52:50.016+0000] {dag.py:2915} INFO - Sync 2 DAGs
[2023-09-29T08:52:50.021+0000] {logging_mixin.py:151} INFO - [2023-09-29T08:52:50.021+0000] {dag.py:3696} INFO - Setting next_dagrun for example_external_task_marker_child to None, run_after=None
[2023-09-29T08:52:50.023+0000] {logging_mixin.py:151} INFO - [2023-09-29T08:52:50.023+0000] {dag.py:3696} INFO - Setting next_dagrun for example_external_task_marker_parent to None, run_after=None
[2023-09-29T08:52:50.030+0000] {processor.py:179} INFO - Processing /home/airflow/.local/lib/python3.8/site-packages/airflow/example_dags/example_external_task_marker_dag.py took 0.032 seconds
[2023-09-29T08:53:21.474+0000] {processor.py:157} INFO - Started process (PID=500) to work on /home/airflow/.local/lib/python3.8/site-packages/airflow/example_dags/example_external_task_marker_dag.py
[2023-09-29T08:53:21.475+0000] {processor.py:829} INFO - Processing file /home/airflow/.local/lib/python3.8/site-packages/airflow/example_dags/example_external_task_marker_dag.py for tasks to queue
[2023-09-29T08:53:21.477+0000] {logging_mixin.py:151} INFO - [2023-09-29T08:53:21.476+0000] {dagbag.py:539} INFO - Filling up the DagBag from /home/airflow/.local/lib/python3.8/site-packages/airflow/example_dags/example_external_task_marker_dag.py
[2023-09-29T08:53:21.480+0000] {processor.py:839} INFO - DAG(s) dict_keys(['example_external_task_marker_parent', 'example_external_task_marker_child']) retrieved from /home/airflow/.local/lib/python3.8/site-packages/airflow/example_dags/example_external_task_marker_dag.py
[2023-09-29T08:53:21.494+0000] {logging_mixin.py:151} INFO - [2023-09-29T08:53:21.493+0000] {dag.py:2915} INFO - Sync 2 DAGs
[2023-09-29T08:53:21.499+0000] {logging_mixin.py:151} INFO - [2023-09-29T08:53:21.499+0000] {dag.py:3696} INFO - Setting next_dagrun for example_external_task_marker_child to None, run_after=None
[2023-09-29T08:53:21.501+0000] {logging_mixin.py:151} INFO - [2023-09-29T08:53:21.501+0000] {dag.py:3696} INFO - Setting next_dagrun for example_external_task_marker_parent to None, run_after=None
[2023-09-29T08:53:21.508+0000] {processor.py:179} INFO - Processing /home/airflow/.local/lib/python3.8/site-packages/airflow/example_dags/example_external_task_marker_dag.py took 0.036 seconds
[2023-09-29T08:53:51.775+0000] {processor.py:157} INFO - Started process (PID=557) to work on /home/airflow/.local/lib/python3.8/site-packages/airflow/example_dags/example_external_task_marker_dag.py
[2023-09-29T08:53:51.776+0000] {processor.py:829} INFO - Processing file /home/airflow/.local/lib/python3.8/site-packages/airflow/example_dags/example_external_task_marker_dag.py for tasks to queue
[2023-09-29T08:53:51.777+0000] {logging_mixin.py:151} INFO - [2023-09-29T08:53:51.777+0000] {dagbag.py:539} INFO - Filling up the DagBag from /home/airflow/.local/lib/python3.8/site-packages/airflow/example_dags/example_external_task_marker_dag.py
[2023-09-29T08:53:51.780+0000] {processor.py:839} INFO - DAG(s) dict_keys(['example_external_task_marker_parent', 'example_external_task_marker_child']) retrieved from /home/airflow/.local/lib/python3.8/site-packages/airflow/example_dags/example_external_task_marker_dag.py
[2023-09-29T08:53:51.794+0000] {logging_mixin.py:151} INFO - [2023-09-29T08:53:51.794+0000] {dag.py:2915} INFO - Sync 2 DAGs
[2023-09-29T08:53:51.800+0000] {logging_mixin.py:151} INFO - [2023-09-29T08:53:51.800+0000] {dag.py:3696} INFO - Setting next_dagrun for example_external_task_marker_child to None, run_after=None
[2023-09-29T08:53:51.802+0000] {logging_mixin.py:151} INFO - [2023-09-29T08:53:51.802+0000] {dag.py:3696} INFO - Setting next_dagrun for example_external_task_marker_parent to None, run_after=None
[2023-09-29T08:53:51.809+0000] {processor.py:179} INFO - Processing /home/airflow/.local/lib/python3.8/site-packages/airflow/example_dags/example_external_task_marker_dag.py took 0.036 seconds
[2023-09-29T08:54:22.203+0000] {processor.py:157} INFO - Started process (PID=614) to work on /home/airflow/.local/lib/python3.8/site-packages/airflow/example_dags/example_external_task_marker_dag.py
[2023-09-29T08:54:22.203+0000] {processor.py:829} INFO - Processing file /home/airflow/.local/lib/python3.8/site-packages/airflow/example_dags/example_external_task_marker_dag.py for tasks to queue
[2023-09-29T08:54:22.204+0000] {logging_mixin.py:151} INFO - [2023-09-29T08:54:22.204+0000] {dagbag.py:539} INFO - Filling up the DagBag from /home/airflow/.local/lib/python3.8/site-packages/airflow/example_dags/example_external_task_marker_dag.py
[2023-09-29T08:54:22.208+0000] {processor.py:839} INFO - DAG(s) dict_keys(['example_external_task_marker_child', 'example_external_task_marker_parent']) retrieved from /home/airflow/.local/lib/python3.8/site-packages/airflow/example_dags/example_external_task_marker_dag.py
[2023-09-29T08:54:22.219+0000] {logging_mixin.py:151} INFO - [2023-09-29T08:54:22.219+0000] {dag.py:2915} INFO - Sync 2 DAGs
[2023-09-29T08:54:22.225+0000] {logging_mixin.py:151} INFO - [2023-09-29T08:54:22.225+0000] {dag.py:3696} INFO - Setting next_dagrun for example_external_task_marker_child to None, run_after=None
[2023-09-29T08:54:22.226+0000] {logging_mixin.py:151} INFO - [2023-09-29T08:54:22.226+0000] {dag.py:3696} INFO - Setting next_dagrun for example_external_task_marker_parent to None, run_after=None
[2023-09-29T08:54:22.233+0000] {processor.py:179} INFO - Processing /home/airflow/.local/lib/python3.8/site-packages/airflow/example_dags/example_external_task_marker_dag.py took 0.032 seconds
[2023-09-29T08:54:52.585+0000] {processor.py:157} INFO - Started process (PID=671) to work on /home/airflow/.local/lib/python3.8/site-packages/airflow/example_dags/example_external_task_marker_dag.py
[2023-09-29T08:54:52.585+0000] {processor.py:829} INFO - Processing file /home/airflow/.local/lib/python3.8/site-packages/airflow/example_dags/example_external_task_marker_dag.py for tasks to queue
[2023-09-29T08:54:52.587+0000] {logging_mixin.py:151} INFO - [2023-09-29T08:54:52.587+0000] {dagbag.py:539} INFO - Filling up the DagBag from /home/airflow/.local/lib/python3.8/site-packages/airflow/example_dags/example_external_task_marker_dag.py
[2023-09-29T08:54:52.590+0000] {processor.py:839} INFO - DAG(s) dict_keys(['example_external_task_marker_child', 'example_external_task_marker_parent']) retrieved from /home/airflow/.local/lib/python3.8/site-packages/airflow/example_dags/example_external_task_marker_dag.py
[2023-09-29T08:54:52.602+0000] {logging_mixin.py:151} INFO - [2023-09-29T08:54:52.602+0000] {dag.py:2915} INFO - Sync 2 DAGs
[2023-09-29T08:54:52.608+0000] {logging_mixin.py:151} INFO - [2023-09-29T08:54:52.608+0000] {dag.py:3696} INFO - Setting next_dagrun for example_external_task_marker_child to None, run_after=None
[2023-09-29T08:54:52.609+0000] {logging_mixin.py:151} INFO - [2023-09-29T08:54:52.609+0000] {dag.py:3696} INFO - Setting next_dagrun for example_external_task_marker_parent to None, run_after=None
[2023-09-29T08:54:52.617+0000] {processor.py:179} INFO - Processing /home/airflow/.local/lib/python3.8/site-packages/airflow/example_dags/example_external_task_marker_dag.py took 0.034 seconds
[2023-09-29T08:55:23.785+0000] {processor.py:157} INFO - Started process (PID=728) to work on /home/airflow/.local/lib/python3.8/site-packages/airflow/example_dags/example_external_task_marker_dag.py
[2023-09-29T08:55:23.786+0000] {processor.py:829} INFO - Processing file /home/airflow/.local/lib/python3.8/site-packages/airflow/example_dags/example_external_task_marker_dag.py for tasks to queue
[2023-09-29T08:55:23.787+0000] {logging_mixin.py:151} INFO - [2023-09-29T08:55:23.787+0000] {dagbag.py:539} INFO - Filling up the DagBag from /home/airflow/.local/lib/python3.8/site-packages/airflow/example_dags/example_external_task_marker_dag.py
[2023-09-29T08:55:23.790+0000] {processor.py:839} INFO - DAG(s) dict_keys(['example_external_task_marker_child', 'example_external_task_marker_parent']) retrieved from /home/airflow/.local/lib/python3.8/site-packages/airflow/example_dags/example_external_task_marker_dag.py
[2023-09-29T08:55:23.802+0000] {logging_mixin.py:151} INFO - [2023-09-29T08:55:23.802+0000] {dag.py:2915} INFO - Sync 2 DAGs
[2023-09-29T08:55:23.807+0000] {logging_mixin.py:151} INFO - [2023-09-29T08:55:23.807+0000] {dag.py:3696} INFO - Setting next_dagrun for example_external_task_marker_child to None, run_after=None
[2023-09-29T08:55:23.809+0000] {logging_mixin.py:151} INFO - [2023-09-29T08:55:23.809+0000] {dag.py:3696} INFO - Setting next_dagrun for example_external_task_marker_parent to None, run_after=None
[2023-09-29T08:55:23.815+0000] {processor.py:179} INFO - Processing /home/airflow/.local/lib/python3.8/site-packages/airflow/example_dags/example_external_task_marker_dag.py took 0.032 seconds
[2023-09-29T08:55:55.076+0000] {processor.py:157} INFO - Started process (PID=785) to work on /home/airflow/.local/lib/python3.8/site-packages/airflow/example_dags/example_external_task_marker_dag.py
[2023-09-29T08:55:55.076+0000] {processor.py:829} INFO - Processing file /home/airflow/.local/lib/python3.8/site-packages/airflow/example_dags/example_external_task_marker_dag.py for tasks to queue
[2023-09-29T08:55:55.078+0000] {logging_mixin.py:151} INFO - [2023-09-29T08:55:55.077+0000] {dagbag.py:539} INFO - Filling up the DagBag from /home/airflow/.local/lib/python3.8/site-packages/airflow/example_dags/example_external_task_marker_dag.py
[2023-09-29T08:55:55.081+0000] {processor.py:839} INFO - DAG(s) dict_keys(['example_external_task_marker_parent', 'example_external_task_marker_child']) retrieved from /home/airflow/.local/lib/python3.8/site-packages/airflow/example_dags/example_external_task_marker_dag.py
[2023-09-29T08:55:55.093+0000] {logging_mixin.py:151} INFO - [2023-09-29T08:55:55.092+0000] {dag.py:2915} INFO - Sync 2 DAGs
[2023-09-29T08:55:55.098+0000] {logging_mixin.py:151} INFO - [2023-09-29T08:55:55.098+0000] {dag.py:3696} INFO - Setting next_dagrun for example_external_task_marker_child to None, run_after=None
[2023-09-29T08:55:55.100+0000] {logging_mixin.py:151} INFO - [2023-09-29T08:55:55.100+0000] {dag.py:3696} INFO - Setting next_dagrun for example_external_task_marker_parent to None, run_after=None
[2023-09-29T08:55:55.107+0000] {processor.py:179} INFO - Processing /home/airflow/.local/lib/python3.8/site-packages/airflow/example_dags/example_external_task_marker_dag.py took 0.033 seconds
[2023-09-29T08:56:26.329+0000] {processor.py:157} INFO - Started process (PID=842) to work on /home/airflow/.local/lib/python3.8/site-packages/airflow/example_dags/example_external_task_marker_dag.py
[2023-09-29T08:56:26.330+0000] {processor.py:829} INFO - Processing file /home/airflow/.local/lib/python3.8/site-packages/airflow/example_dags/example_external_task_marker_dag.py for tasks to queue
[2023-09-29T08:56:26.331+0000] {logging_mixin.py:151} INFO - [2023-09-29T08:56:26.331+0000] {dagbag.py:539} INFO - Filling up the DagBag from /home/airflow/.local/lib/python3.8/site-packages/airflow/example_dags/example_external_task_marker_dag.py
[2023-09-29T08:56:26.334+0000] {processor.py:839} INFO - DAG(s) dict_keys(['example_external_task_marker_parent', 'example_external_task_marker_child']) retrieved from /home/airflow/.local/lib/python3.8/site-packages/airflow/example_dags/example_external_task_marker_dag.py
[2023-09-29T08:56:26.346+0000] {logging_mixin.py:151} INFO - [2023-09-29T08:56:26.346+0000] {dag.py:2915} INFO - Sync 2 DAGs
[2023-09-29T08:56:26.351+0000] {logging_mixin.py:151} INFO - [2023-09-29T08:56:26.351+0000] {dag.py:3696} INFO - Setting next_dagrun for example_external_task_marker_child to None, run_after=None
[2023-09-29T08:56:26.353+0000] {logging_mixin.py:151} INFO - [2023-09-29T08:56:26.352+0000] {dag.py:3696} INFO - Setting next_dagrun for example_external_task_marker_parent to None, run_after=None
[2023-09-29T08:56:26.359+0000] {processor.py:179} INFO - Processing /home/airflow/.local/lib/python3.8/site-packages/airflow/example_dags/example_external_task_marker_dag.py took 0.032 seconds
[2023-09-29T10:55:01.061+0000] {processor.py:157} INFO - Started process (PID=44) to work on /home/airflow/.local/lib/python3.8/site-packages/airflow/example_dags/example_external_task_marker_dag.py
[2023-09-29T10:55:01.066+0000] {processor.py:829} INFO - Processing file /home/airflow/.local/lib/python3.8/site-packages/airflow/example_dags/example_external_task_marker_dag.py for tasks to queue
[2023-09-29T10:55:01.068+0000] {logging_mixin.py:151} INFO - [2023-09-29T10:55:01.068+0000] {dagbag.py:539} INFO - Filling up the DagBag from /home/airflow/.local/lib/python3.8/site-packages/airflow/example_dags/example_external_task_marker_dag.py
[2023-09-29T10:55:01.074+0000] {processor.py:839} INFO - DAG(s) dict_keys(['example_external_task_marker_parent', 'example_external_task_marker_child']) retrieved from /home/airflow/.local/lib/python3.8/site-packages/airflow/example_dags/example_external_task_marker_dag.py
[2023-09-29T10:55:01.081+0000] {logging_mixin.py:151} INFO - [2023-09-29T10:55:01.081+0000] {dag.py:2915} INFO - Sync 2 DAGs
[2023-09-29T10:55:01.089+0000] {logging_mixin.py:151} INFO - [2023-09-29T10:55:01.088+0000] {dag.py:3696} INFO - Setting next_dagrun for example_external_task_marker_child to None, run_after=None
[2023-09-29T10:55:01.090+0000] {logging_mixin.py:151} INFO - [2023-09-29T10:55:01.090+0000] {dag.py:3696} INFO - Setting next_dagrun for example_external_task_marker_parent to None, run_after=None
[2023-09-29T10:55:01.108+0000] {processor.py:179} INFO - Processing /home/airflow/.local/lib/python3.8/site-packages/airflow/example_dags/example_external_task_marker_dag.py took 0.051 seconds
[2023-09-29T10:55:32.292+0000] {processor.py:157} INFO - Started process (PID=100) to work on /home/airflow/.local/lib/python3.8/site-packages/airflow/example_dags/example_external_task_marker_dag.py
[2023-09-29T10:55:32.296+0000] {processor.py:829} INFO - Processing file /home/airflow/.local/lib/python3.8/site-packages/airflow/example_dags/example_external_task_marker_dag.py for tasks to queue
[2023-09-29T10:55:32.297+0000] {logging_mixin.py:151} INFO - [2023-09-29T10:55:32.297+0000] {dagbag.py:539} INFO - Filling up the DagBag from /home/airflow/.local/lib/python3.8/site-packages/airflow/example_dags/example_external_task_marker_dag.py
[2023-09-29T10:55:32.302+0000] {processor.py:839} INFO - DAG(s) dict_keys(['example_external_task_marker_child', 'example_external_task_marker_parent']) retrieved from /home/airflow/.local/lib/python3.8/site-packages/airflow/example_dags/example_external_task_marker_dag.py
[2023-09-29T10:55:32.319+0000] {logging_mixin.py:151} INFO - [2023-09-29T10:55:32.319+0000] {dag.py:2915} INFO - Sync 2 DAGs
[2023-09-29T10:55:32.326+0000] {logging_mixin.py:151} INFO - [2023-09-29T10:55:32.325+0000] {dag.py:3696} INFO - Setting next_dagrun for example_external_task_marker_child to None, run_after=None
[2023-09-29T10:55:32.327+0000] {logging_mixin.py:151} INFO - [2023-09-29T10:55:32.327+0000] {dag.py:3696} INFO - Setting next_dagrun for example_external_task_marker_parent to None, run_after=None
[2023-09-29T10:55:32.335+0000] {processor.py:179} INFO - Processing /home/airflow/.local/lib/python3.8/site-packages/airflow/example_dags/example_external_task_marker_dag.py took 0.045 seconds
[2023-09-29T10:56:03.397+0000] {processor.py:157} INFO - Started process (PID=157) to work on /home/airflow/.local/lib/python3.8/site-packages/airflow/example_dags/example_external_task_marker_dag.py
[2023-09-29T10:56:03.397+0000] {processor.py:829} INFO - Processing file /home/airflow/.local/lib/python3.8/site-packages/airflow/example_dags/example_external_task_marker_dag.py for tasks to queue
[2023-09-29T10:56:03.398+0000] {logging_mixin.py:151} INFO - [2023-09-29T10:56:03.398+0000] {dagbag.py:539} INFO - Filling up the DagBag from /home/airflow/.local/lib/python3.8/site-packages/airflow/example_dags/example_external_task_marker_dag.py
[2023-09-29T10:56:03.402+0000] {processor.py:839} INFO - DAG(s) dict_keys(['example_external_task_marker_child', 'example_external_task_marker_parent']) retrieved from /home/airflow/.local/lib/python3.8/site-packages/airflow/example_dags/example_external_task_marker_dag.py
[2023-09-29T10:56:03.414+0000] {logging_mixin.py:151} INFO - [2023-09-29T10:56:03.414+0000] {dag.py:2915} INFO - Sync 2 DAGs
[2023-09-29T10:56:03.420+0000] {logging_mixin.py:151} INFO - [2023-09-29T10:56:03.420+0000] {dag.py:3696} INFO - Setting next_dagrun for example_external_task_marker_child to None, run_after=None
[2023-09-29T10:56:03.421+0000] {logging_mixin.py:151} INFO - [2023-09-29T10:56:03.421+0000] {dag.py:3696} INFO - Setting next_dagrun for example_external_task_marker_parent to None, run_after=None
[2023-09-29T10:56:03.429+0000] {processor.py:179} INFO - Processing /home/airflow/.local/lib/python3.8/site-packages/airflow/example_dags/example_external_task_marker_dag.py took 0.034 seconds
[2023-09-29T10:56:33.843+0000] {processor.py:157} INFO - Started process (PID=214) to work on /home/airflow/.local/lib/python3.8/site-packages/airflow/example_dags/example_external_task_marker_dag.py
[2023-09-29T10:56:33.844+0000] {processor.py:829} INFO - Processing file /home/airflow/.local/lib/python3.8/site-packages/airflow/example_dags/example_external_task_marker_dag.py for tasks to queue
[2023-09-29T10:56:33.845+0000] {logging_mixin.py:151} INFO - [2023-09-29T10:56:33.845+0000] {dagbag.py:539} INFO - Filling up the DagBag from /home/airflow/.local/lib/python3.8/site-packages/airflow/example_dags/example_external_task_marker_dag.py
[2023-09-29T10:56:33.849+0000] {processor.py:839} INFO - DAG(s) dict_keys(['example_external_task_marker_child', 'example_external_task_marker_parent']) retrieved from /home/airflow/.local/lib/python3.8/site-packages/airflow/example_dags/example_external_task_marker_dag.py
[2023-09-29T10:56:33.861+0000] {logging_mixin.py:151} INFO - [2023-09-29T10:56:33.861+0000] {dag.py:2915} INFO - Sync 2 DAGs
[2023-09-29T10:56:33.866+0000] {logging_mixin.py:151} INFO - [2023-09-29T10:56:33.866+0000] {dag.py:3696} INFO - Setting next_dagrun for example_external_task_marker_child to None, run_after=None
[2023-09-29T10:56:33.868+0000] {logging_mixin.py:151} INFO - [2023-09-29T10:56:33.868+0000] {dag.py:3696} INFO - Setting next_dagrun for example_external_task_marker_parent to None, run_after=None
[2023-09-29T10:56:33.875+0000] {processor.py:179} INFO - Processing /home/airflow/.local/lib/python3.8/site-packages/airflow/example_dags/example_external_task_marker_dag.py took 0.033 seconds
[2023-09-29T10:57:04.368+0000] {processor.py:157} INFO - Started process (PID=272) to work on /home/airflow/.local/lib/python3.8/site-packages/airflow/example_dags/example_external_task_marker_dag.py
[2023-09-29T10:57:04.370+0000] {processor.py:829} INFO - Processing file /home/airflow/.local/lib/python3.8/site-packages/airflow/example_dags/example_external_task_marker_dag.py for tasks to queue
[2023-09-29T10:57:04.371+0000] {logging_mixin.py:151} INFO - [2023-09-29T10:57:04.371+0000] {dagbag.py:539} INFO - Filling up the DagBag from /home/airflow/.local/lib/python3.8/site-packages/airflow/example_dags/example_external_task_marker_dag.py
[2023-09-29T10:57:04.375+0000] {processor.py:839} INFO - DAG(s) dict_keys(['example_external_task_marker_parent', 'example_external_task_marker_child']) retrieved from /home/airflow/.local/lib/python3.8/site-packages/airflow/example_dags/example_external_task_marker_dag.py
[2023-09-29T10:57:04.389+0000] {logging_mixin.py:151} INFO - [2023-09-29T10:57:04.389+0000] {dag.py:2915} INFO - Sync 2 DAGs
[2023-09-29T10:57:04.397+0000] {logging_mixin.py:151} INFO - [2023-09-29T10:57:04.397+0000] {dag.py:3696} INFO - Setting next_dagrun for example_external_task_marker_child to None, run_after=None
[2023-09-29T10:57:04.398+0000] {logging_mixin.py:151} INFO - [2023-09-29T10:57:04.398+0000] {dag.py:3696} INFO - Setting next_dagrun for example_external_task_marker_parent to None, run_after=None
[2023-09-29T10:57:04.405+0000] {processor.py:179} INFO - Processing /home/airflow/.local/lib/python3.8/site-packages/airflow/example_dags/example_external_task_marker_dag.py took 0.039 seconds
[2023-09-29T10:57:34.758+0000] {processor.py:157} INFO - Started process (PID=329) to work on /home/airflow/.local/lib/python3.8/site-packages/airflow/example_dags/example_external_task_marker_dag.py
[2023-09-29T10:57:34.759+0000] {processor.py:829} INFO - Processing file /home/airflow/.local/lib/python3.8/site-packages/airflow/example_dags/example_external_task_marker_dag.py for tasks to queue
[2023-09-29T10:57:34.760+0000] {logging_mixin.py:151} INFO - [2023-09-29T10:57:34.760+0000] {dagbag.py:539} INFO - Filling up the DagBag from /home/airflow/.local/lib/python3.8/site-packages/airflow/example_dags/example_external_task_marker_dag.py
[2023-09-29T10:57:34.764+0000] {processor.py:839} INFO - DAG(s) dict_keys(['example_external_task_marker_parent', 'example_external_task_marker_child']) retrieved from /home/airflow/.local/lib/python3.8/site-packages/airflow/example_dags/example_external_task_marker_dag.py
[2023-09-29T10:57:34.776+0000] {logging_mixin.py:151} INFO - [2023-09-29T10:57:34.776+0000] {dag.py:2915} INFO - Sync 2 DAGs
[2023-09-29T10:57:34.783+0000] {logging_mixin.py:151} INFO - [2023-09-29T10:57:34.783+0000] {dag.py:3696} INFO - Setting next_dagrun for example_external_task_marker_child to None, run_after=None
[2023-09-29T10:57:34.784+0000] {logging_mixin.py:151} INFO - [2023-09-29T10:57:34.784+0000] {dag.py:3696} INFO - Setting next_dagrun for example_external_task_marker_parent to None, run_after=None
[2023-09-29T10:57:34.791+0000] {processor.py:179} INFO - Processing /home/airflow/.local/lib/python3.8/site-packages/airflow/example_dags/example_external_task_marker_dag.py took 0.035 seconds
[2023-09-29T10:58:05.806+0000] {processor.py:157} INFO - Started process (PID=386) to work on /home/airflow/.local/lib/python3.8/site-packages/airflow/example_dags/example_external_task_marker_dag.py
[2023-09-29T10:58:05.807+0000] {processor.py:829} INFO - Processing file /home/airflow/.local/lib/python3.8/site-packages/airflow/example_dags/example_external_task_marker_dag.py for tasks to queue
[2023-09-29T10:58:05.808+0000] {logging_mixin.py:151} INFO - [2023-09-29T10:58:05.808+0000] {dagbag.py:539} INFO - Filling up the DagBag from /home/airflow/.local/lib/python3.8/site-packages/airflow/example_dags/example_external_task_marker_dag.py
[2023-09-29T10:58:05.811+0000] {processor.py:839} INFO - DAG(s) dict_keys(['example_external_task_marker_child', 'example_external_task_marker_parent']) retrieved from /home/airflow/.local/lib/python3.8/site-packages/airflow/example_dags/example_external_task_marker_dag.py
[2023-09-29T10:58:05.823+0000] {logging_mixin.py:151} INFO - [2023-09-29T10:58:05.823+0000] {dag.py:2915} INFO - Sync 2 DAGs
[2023-09-29T10:58:05.828+0000] {logging_mixin.py:151} INFO - [2023-09-29T10:58:05.828+0000] {dag.py:3696} INFO - Setting next_dagrun for example_external_task_marker_child to None, run_after=None
[2023-09-29T10:58:05.830+0000] {logging_mixin.py:151} INFO - [2023-09-29T10:58:05.830+0000] {dag.py:3696} INFO - Setting next_dagrun for example_external_task_marker_parent to None, run_after=None
[2023-09-29T10:58:05.837+0000] {processor.py:179} INFO - Processing /home/airflow/.local/lib/python3.8/site-packages/airflow/example_dags/example_external_task_marker_dag.py took 0.033 seconds
[2023-09-29T10:58:37.111+0000] {processor.py:157} INFO - Started process (PID=443) to work on /home/airflow/.local/lib/python3.8/site-packages/airflow/example_dags/example_external_task_marker_dag.py
[2023-09-29T10:58:37.112+0000] {processor.py:829} INFO - Processing file /home/airflow/.local/lib/python3.8/site-packages/airflow/example_dags/example_external_task_marker_dag.py for tasks to queue
[2023-09-29T10:58:37.113+0000] {logging_mixin.py:151} INFO - [2023-09-29T10:58:37.113+0000] {dagbag.py:539} INFO - Filling up the DagBag from /home/airflow/.local/lib/python3.8/site-packages/airflow/example_dags/example_external_task_marker_dag.py
[2023-09-29T10:58:37.118+0000] {processor.py:839} INFO - DAG(s) dict_keys(['example_external_task_marker_parent', 'example_external_task_marker_child']) retrieved from /home/airflow/.local/lib/python3.8/site-packages/airflow/example_dags/example_external_task_marker_dag.py
[2023-09-29T10:58:37.130+0000] {logging_mixin.py:151} INFO - [2023-09-29T10:58:37.130+0000] {dag.py:2915} INFO - Sync 2 DAGs
[2023-09-29T10:58:37.136+0000] {logging_mixin.py:151} INFO - [2023-09-29T10:58:37.136+0000] {dag.py:3696} INFO - Setting next_dagrun for example_external_task_marker_child to None, run_after=None
[2023-09-29T10:58:37.138+0000] {logging_mixin.py:151} INFO - [2023-09-29T10:58:37.138+0000] {dag.py:3696} INFO - Setting next_dagrun for example_external_task_marker_parent to None, run_after=None
[2023-09-29T10:58:37.144+0000] {processor.py:179} INFO - Processing /home/airflow/.local/lib/python3.8/site-packages/airflow/example_dags/example_external_task_marker_dag.py took 0.035 seconds
[2023-09-29T10:59:08.319+0000] {processor.py:157} INFO - Started process (PID=500) to work on /home/airflow/.local/lib/python3.8/site-packages/airflow/example_dags/example_external_task_marker_dag.py
[2023-09-29T10:59:08.320+0000] {processor.py:829} INFO - Processing file /home/airflow/.local/lib/python3.8/site-packages/airflow/example_dags/example_external_task_marker_dag.py for tasks to queue
[2023-09-29T10:59:08.321+0000] {logging_mixin.py:151} INFO - [2023-09-29T10:59:08.321+0000] {dagbag.py:539} INFO - Filling up the DagBag from /home/airflow/.local/lib/python3.8/site-packages/airflow/example_dags/example_external_task_marker_dag.py
[2023-09-29T10:59:08.324+0000] {processor.py:839} INFO - DAG(s) dict_keys(['example_external_task_marker_parent', 'example_external_task_marker_child']) retrieved from /home/airflow/.local/lib/python3.8/site-packages/airflow/example_dags/example_external_task_marker_dag.py
[2023-09-29T10:59:08.336+0000] {logging_mixin.py:151} INFO - [2023-09-29T10:59:08.335+0000] {dag.py:2915} INFO - Sync 2 DAGs
[2023-09-29T10:59:08.341+0000] {logging_mixin.py:151} INFO - [2023-09-29T10:59:08.341+0000] {dag.py:3696} INFO - Setting next_dagrun for example_external_task_marker_child to None, run_after=None
[2023-09-29T10:59:08.342+0000] {logging_mixin.py:151} INFO - [2023-09-29T10:59:08.342+0000] {dag.py:3696} INFO - Setting next_dagrun for example_external_task_marker_parent to None, run_after=None
[2023-09-29T10:59:08.349+0000] {processor.py:179} INFO - Processing /home/airflow/.local/lib/python3.8/site-packages/airflow/example_dags/example_external_task_marker_dag.py took 0.031 seconds
[2023-09-29T10:59:38.755+0000] {processor.py:157} INFO - Started process (PID=557) to work on /home/airflow/.local/lib/python3.8/site-packages/airflow/example_dags/example_external_task_marker_dag.py
[2023-09-29T10:59:38.755+0000] {processor.py:829} INFO - Processing file /home/airflow/.local/lib/python3.8/site-packages/airflow/example_dags/example_external_task_marker_dag.py for tasks to queue
[2023-09-29T10:59:38.757+0000] {logging_mixin.py:151} INFO - [2023-09-29T10:59:38.756+0000] {dagbag.py:539} INFO - Filling up the DagBag from /home/airflow/.local/lib/python3.8/site-packages/airflow/example_dags/example_external_task_marker_dag.py
[2023-09-29T10:59:38.760+0000] {processor.py:839} INFO - DAG(s) dict_keys(['example_external_task_marker_parent', 'example_external_task_marker_child']) retrieved from /home/airflow/.local/lib/python3.8/site-packages/airflow/example_dags/example_external_task_marker_dag.py
[2023-09-29T10:59:38.776+0000] {logging_mixin.py:151} INFO - [2023-09-29T10:59:38.776+0000] {dag.py:2915} INFO - Sync 2 DAGs
[2023-09-29T10:59:38.782+0000] {logging_mixin.py:151} INFO - [2023-09-29T10:59:38.782+0000] {dag.py:3696} INFO - Setting next_dagrun for example_external_task_marker_child to None, run_after=None
[2023-09-29T10:59:38.783+0000] {logging_mixin.py:151} INFO - [2023-09-29T10:59:38.783+0000] {dag.py:3696} INFO - Setting next_dagrun for example_external_task_marker_parent to None, run_after=None
[2023-09-29T10:59:38.790+0000] {processor.py:179} INFO - Processing /home/airflow/.local/lib/python3.8/site-packages/airflow/example_dags/example_external_task_marker_dag.py took 0.037 seconds
[2023-09-29T11:00:09.906+0000] {processor.py:157} INFO - Started process (PID=614) to work on /home/airflow/.local/lib/python3.8/site-packages/airflow/example_dags/example_external_task_marker_dag.py
[2023-09-29T11:00:09.907+0000] {processor.py:829} INFO - Processing file /home/airflow/.local/lib/python3.8/site-packages/airflow/example_dags/example_external_task_marker_dag.py for tasks to queue
[2023-09-29T11:00:09.908+0000] {logging_mixin.py:151} INFO - [2023-09-29T11:00:09.908+0000] {dagbag.py:539} INFO - Filling up the DagBag from /home/airflow/.local/lib/python3.8/site-packages/airflow/example_dags/example_external_task_marker_dag.py
[2023-09-29T11:00:09.912+0000] {processor.py:839} INFO - DAG(s) dict_keys(['example_external_task_marker_child', 'example_external_task_marker_parent']) retrieved from /home/airflow/.local/lib/python3.8/site-packages/airflow/example_dags/example_external_task_marker_dag.py
[2023-09-29T11:00:09.925+0000] {logging_mixin.py:151} INFO - [2023-09-29T11:00:09.924+0000] {dag.py:2915} INFO - Sync 2 DAGs
[2023-09-29T11:00:09.931+0000] {logging_mixin.py:151} INFO - [2023-09-29T11:00:09.931+0000] {dag.py:3696} INFO - Setting next_dagrun for example_external_task_marker_child to None, run_after=None
[2023-09-29T11:00:09.933+0000] {logging_mixin.py:151} INFO - [2023-09-29T11:00:09.933+0000] {dag.py:3696} INFO - Setting next_dagrun for example_external_task_marker_parent to None, run_after=None
[2023-09-29T11:00:09.940+0000] {processor.py:179} INFO - Processing /home/airflow/.local/lib/python3.8/site-packages/airflow/example_dags/example_external_task_marker_dag.py took 0.036 seconds
[2023-09-29T11:00:40.584+0000] {processor.py:157} INFO - Started process (PID=671) to work on /home/airflow/.local/lib/python3.8/site-packages/airflow/example_dags/example_external_task_marker_dag.py
[2023-09-29T11:00:40.584+0000] {processor.py:829} INFO - Processing file /home/airflow/.local/lib/python3.8/site-packages/airflow/example_dags/example_external_task_marker_dag.py for tasks to queue
[2023-09-29T11:00:40.585+0000] {logging_mixin.py:151} INFO - [2023-09-29T11:00:40.585+0000] {dagbag.py:539} INFO - Filling up the DagBag from /home/airflow/.local/lib/python3.8/site-packages/airflow/example_dags/example_external_task_marker_dag.py
[2023-09-29T11:00:40.589+0000] {processor.py:839} INFO - DAG(s) dict_keys(['example_external_task_marker_child', 'example_external_task_marker_parent']) retrieved from /home/airflow/.local/lib/python3.8/site-packages/airflow/example_dags/example_external_task_marker_dag.py
[2023-09-29T11:00:40.601+0000] {logging_mixin.py:151} INFO - [2023-09-29T11:00:40.601+0000] {dag.py:2915} INFO - Sync 2 DAGs
[2023-09-29T11:00:40.607+0000] {logging_mixin.py:151} INFO - [2023-09-29T11:00:40.606+0000] {dag.py:3696} INFO - Setting next_dagrun for example_external_task_marker_child to None, run_after=None
[2023-09-29T11:00:40.608+0000] {logging_mixin.py:151} INFO - [2023-09-29T11:00:40.608+0000] {dag.py:3696} INFO - Setting next_dagrun for example_external_task_marker_parent to None, run_after=None
[2023-09-29T11:00:40.615+0000] {processor.py:179} INFO - Processing /home/airflow/.local/lib/python3.8/site-packages/airflow/example_dags/example_external_task_marker_dag.py took 0.033 seconds
[2023-09-29T11:01:11.698+0000] {processor.py:157} INFO - Started process (PID=728) to work on /home/airflow/.local/lib/python3.8/site-packages/airflow/example_dags/example_external_task_marker_dag.py
[2023-09-29T11:01:11.699+0000] {processor.py:829} INFO - Processing file /home/airflow/.local/lib/python3.8/site-packages/airflow/example_dags/example_external_task_marker_dag.py for tasks to queue
[2023-09-29T11:01:11.700+0000] {logging_mixin.py:151} INFO - [2023-09-29T11:01:11.700+0000] {dagbag.py:539} INFO - Filling up the DagBag from /home/airflow/.local/lib/python3.8/site-packages/airflow/example_dags/example_external_task_marker_dag.py
[2023-09-29T11:01:11.703+0000] {processor.py:839} INFO - DAG(s) dict_keys(['example_external_task_marker_parent', 'example_external_task_marker_child']) retrieved from /home/airflow/.local/lib/python3.8/site-packages/airflow/example_dags/example_external_task_marker_dag.py
[2023-09-29T11:01:11.715+0000] {logging_mixin.py:151} INFO - [2023-09-29T11:01:11.715+0000] {dag.py:2915} INFO - Sync 2 DAGs
[2023-09-29T11:01:11.720+0000] {logging_mixin.py:151} INFO - [2023-09-29T11:01:11.720+0000] {dag.py:3696} INFO - Setting next_dagrun for example_external_task_marker_child to None, run_after=None
[2023-09-29T11:01:11.722+0000] {logging_mixin.py:151} INFO - [2023-09-29T11:01:11.722+0000] {dag.py:3696} INFO - Setting next_dagrun for example_external_task_marker_parent to None, run_after=None
[2023-09-29T11:01:11.729+0000] {processor.py:179} INFO - Processing /home/airflow/.local/lib/python3.8/site-packages/airflow/example_dags/example_external_task_marker_dag.py took 0.032 seconds
[2023-09-29T11:01:42.996+0000] {processor.py:157} INFO - Started process (PID=785) to work on /home/airflow/.local/lib/python3.8/site-packages/airflow/example_dags/example_external_task_marker_dag.py
[2023-09-29T11:01:42.997+0000] {processor.py:829} INFO - Processing file /home/airflow/.local/lib/python3.8/site-packages/airflow/example_dags/example_external_task_marker_dag.py for tasks to queue
[2023-09-29T11:01:42.998+0000] {logging_mixin.py:151} INFO - [2023-09-29T11:01:42.998+0000] {dagbag.py:539} INFO - Filling up the DagBag from /home/airflow/.local/lib/python3.8/site-packages/airflow/example_dags/example_external_task_marker_dag.py
[2023-09-29T11:01:43.001+0000] {processor.py:839} INFO - DAG(s) dict_keys(['example_external_task_marker_child', 'example_external_task_marker_parent']) retrieved from /home/airflow/.local/lib/python3.8/site-packages/airflow/example_dags/example_external_task_marker_dag.py
[2023-09-29T11:01:43.012+0000] {logging_mixin.py:151} INFO - [2023-09-29T11:01:43.012+0000] {dag.py:2915} INFO - Sync 2 DAGs
[2023-09-29T11:01:43.018+0000] {logging_mixin.py:151} INFO - [2023-09-29T11:01:43.018+0000] {dag.py:3696} INFO - Setting next_dagrun for example_external_task_marker_child to None, run_after=None
[2023-09-29T11:01:43.020+0000] {logging_mixin.py:151} INFO - [2023-09-29T11:01:43.020+0000] {dag.py:3696} INFO - Setting next_dagrun for example_external_task_marker_parent to None, run_after=None
[2023-09-29T11:01:43.026+0000] {processor.py:179} INFO - Processing /home/airflow/.local/lib/python3.8/site-packages/airflow/example_dags/example_external_task_marker_dag.py took 0.032 seconds
[2023-09-29T11:02:14.163+0000] {processor.py:157} INFO - Started process (PID=842) to work on /home/airflow/.local/lib/python3.8/site-packages/airflow/example_dags/example_external_task_marker_dag.py
[2023-09-29T11:02:14.164+0000] {processor.py:829} INFO - Processing file /home/airflow/.local/lib/python3.8/site-packages/airflow/example_dags/example_external_task_marker_dag.py for tasks to queue
[2023-09-29T11:02:14.166+0000] {logging_mixin.py:151} INFO - [2023-09-29T11:02:14.165+0000] {dagbag.py:539} INFO - Filling up the DagBag from /home/airflow/.local/lib/python3.8/site-packages/airflow/example_dags/example_external_task_marker_dag.py
[2023-09-29T11:02:14.169+0000] {processor.py:839} INFO - DAG(s) dict_keys(['example_external_task_marker_child', 'example_external_task_marker_parent']) retrieved from /home/airflow/.local/lib/python3.8/site-packages/airflow/example_dags/example_external_task_marker_dag.py
[2023-09-29T11:02:14.181+0000] {logging_mixin.py:151} INFO - [2023-09-29T11:02:14.181+0000] {dag.py:2915} INFO - Sync 2 DAGs
[2023-09-29T11:02:14.189+0000] {logging_mixin.py:151} INFO - [2023-09-29T11:02:14.189+0000] {dag.py:3696} INFO - Setting next_dagrun for example_external_task_marker_child to None, run_after=None
[2023-09-29T11:02:14.191+0000] {logging_mixin.py:151} INFO - [2023-09-29T11:02:14.191+0000] {dag.py:3696} INFO - Setting next_dagrun for example_external_task_marker_parent to None, run_after=None
[2023-09-29T11:02:14.201+0000] {processor.py:179} INFO - Processing /home/airflow/.local/lib/python3.8/site-packages/airflow/example_dags/example_external_task_marker_dag.py took 0.040 seconds
[2023-09-29T11:02:44.463+0000] {processor.py:157} INFO - Started process (PID=900) to work on /home/airflow/.local/lib/python3.8/site-packages/airflow/example_dags/example_external_task_marker_dag.py
[2023-09-29T11:02:44.464+0000] {processor.py:829} INFO - Processing file /home/airflow/.local/lib/python3.8/site-packages/airflow/example_dags/example_external_task_marker_dag.py for tasks to queue
[2023-09-29T11:02:44.465+0000] {logging_mixin.py:151} INFO - [2023-09-29T11:02:44.465+0000] {dagbag.py:539} INFO - Filling up the DagBag from /home/airflow/.local/lib/python3.8/site-packages/airflow/example_dags/example_external_task_marker_dag.py
[2023-09-29T11:02:44.469+0000] {processor.py:839} INFO - DAG(s) dict_keys(['example_external_task_marker_child', 'example_external_task_marker_parent']) retrieved from /home/airflow/.local/lib/python3.8/site-packages/airflow/example_dags/example_external_task_marker_dag.py
[2023-09-29T11:02:44.481+0000] {logging_mixin.py:151} INFO - [2023-09-29T11:02:44.480+0000] {dag.py:2915} INFO - Sync 2 DAGs
[2023-09-29T11:02:44.486+0000] {logging_mixin.py:151} INFO - [2023-09-29T11:02:44.486+0000] {dag.py:3696} INFO - Setting next_dagrun for example_external_task_marker_child to None, run_after=None
[2023-09-29T11:02:44.488+0000] {logging_mixin.py:151} INFO - [2023-09-29T11:02:44.488+0000] {dag.py:3696} INFO - Setting next_dagrun for example_external_task_marker_parent to None, run_after=None
[2023-09-29T11:02:44.495+0000] {processor.py:179} INFO - Processing /home/airflow/.local/lib/python3.8/site-packages/airflow/example_dags/example_external_task_marker_dag.py took 0.033 seconds
[2023-09-29T11:03:15.642+0000] {processor.py:157} INFO - Started process (PID=956) to work on /home/airflow/.local/lib/python3.8/site-packages/airflow/example_dags/example_external_task_marker_dag.py
[2023-09-29T11:03:15.642+0000] {processor.py:829} INFO - Processing file /home/airflow/.local/lib/python3.8/site-packages/airflow/example_dags/example_external_task_marker_dag.py for tasks to queue
[2023-09-29T11:03:15.644+0000] {logging_mixin.py:151} INFO - [2023-09-29T11:03:15.644+0000] {dagbag.py:539} INFO - Filling up the DagBag from /home/airflow/.local/lib/python3.8/site-packages/airflow/example_dags/example_external_task_marker_dag.py
[2023-09-29T11:03:15.647+0000] {processor.py:839} INFO - DAG(s) dict_keys(['example_external_task_marker_parent', 'example_external_task_marker_child']) retrieved from /home/airflow/.local/lib/python3.8/site-packages/airflow/example_dags/example_external_task_marker_dag.py
[2023-09-29T11:03:15.659+0000] {logging_mixin.py:151} INFO - [2023-09-29T11:03:15.659+0000] {dag.py:2915} INFO - Sync 2 DAGs
[2023-09-29T11:03:15.665+0000] {logging_mixin.py:151} INFO - [2023-09-29T11:03:15.664+0000] {dag.py:3696} INFO - Setting next_dagrun for example_external_task_marker_child to None, run_after=None
[2023-09-29T11:03:15.666+0000] {logging_mixin.py:151} INFO - [2023-09-29T11:03:15.666+0000] {dag.py:3696} INFO - Setting next_dagrun for example_external_task_marker_parent to None, run_after=None
[2023-09-29T11:03:15.673+0000] {processor.py:179} INFO - Processing /home/airflow/.local/lib/python3.8/site-packages/airflow/example_dags/example_external_task_marker_dag.py took 0.033 seconds
[2023-09-29T11:03:45.887+0000] {processor.py:157} INFO - Started process (PID=1013) to work on /home/airflow/.local/lib/python3.8/site-packages/airflow/example_dags/example_external_task_marker_dag.py
[2023-09-29T11:03:45.888+0000] {processor.py:829} INFO - Processing file /home/airflow/.local/lib/python3.8/site-packages/airflow/example_dags/example_external_task_marker_dag.py for tasks to queue
[2023-09-29T11:03:45.889+0000] {logging_mixin.py:151} INFO - [2023-09-29T11:03:45.889+0000] {dagbag.py:539} INFO - Filling up the DagBag from /home/airflow/.local/lib/python3.8/site-packages/airflow/example_dags/example_external_task_marker_dag.py
[2023-09-29T11:03:45.893+0000] {processor.py:839} INFO - DAG(s) dict_keys(['example_external_task_marker_child', 'example_external_task_marker_parent']) retrieved from /home/airflow/.local/lib/python3.8/site-packages/airflow/example_dags/example_external_task_marker_dag.py
[2023-09-29T11:03:45.910+0000] {logging_mixin.py:151} INFO - [2023-09-29T11:03:45.910+0000] {dag.py:2915} INFO - Sync 2 DAGs
[2023-09-29T11:03:45.917+0000] {logging_mixin.py:151} INFO - [2023-09-29T11:03:45.917+0000] {dag.py:3696} INFO - Setting next_dagrun for example_external_task_marker_child to None, run_after=None
[2023-09-29T11:03:45.918+0000] {logging_mixin.py:151} INFO - [2023-09-29T11:03:45.918+0000] {dag.py:3696} INFO - Setting next_dagrun for example_external_task_marker_parent to None, run_after=None
[2023-09-29T11:03:45.926+0000] {processor.py:179} INFO - Processing /home/airflow/.local/lib/python3.8/site-packages/airflow/example_dags/example_external_task_marker_dag.py took 0.040 seconds
[2023-09-29T11:04:17.180+0000] {processor.py:157} INFO - Started process (PID=1070) to work on /home/airflow/.local/lib/python3.8/site-packages/airflow/example_dags/example_external_task_marker_dag.py
[2023-09-29T11:04:17.180+0000] {processor.py:829} INFO - Processing file /home/airflow/.local/lib/python3.8/site-packages/airflow/example_dags/example_external_task_marker_dag.py for tasks to queue
[2023-09-29T11:04:17.182+0000] {logging_mixin.py:151} INFO - [2023-09-29T11:04:17.182+0000] {dagbag.py:539} INFO - Filling up the DagBag from /home/airflow/.local/lib/python3.8/site-packages/airflow/example_dags/example_external_task_marker_dag.py
[2023-09-29T11:04:17.185+0000] {processor.py:839} INFO - DAG(s) dict_keys(['example_external_task_marker_child', 'example_external_task_marker_parent']) retrieved from /home/airflow/.local/lib/python3.8/site-packages/airflow/example_dags/example_external_task_marker_dag.py
[2023-09-29T11:04:17.198+0000] {logging_mixin.py:151} INFO - [2023-09-29T11:04:17.198+0000] {dag.py:2915} INFO - Sync 2 DAGs
[2023-09-29T11:04:17.203+0000] {logging_mixin.py:151} INFO - [2023-09-29T11:04:17.203+0000] {dag.py:3696} INFO - Setting next_dagrun for example_external_task_marker_child to None, run_after=None
[2023-09-29T11:04:17.205+0000] {logging_mixin.py:151} INFO - [2023-09-29T11:04:17.205+0000] {dag.py:3696} INFO - Setting next_dagrun for example_external_task_marker_parent to None, run_after=None
[2023-09-29T11:04:17.212+0000] {processor.py:179} INFO - Processing /home/airflow/.local/lib/python3.8/site-packages/airflow/example_dags/example_external_task_marker_dag.py took 0.035 seconds
[2023-09-29T11:04:48.273+0000] {processor.py:157} INFO - Started process (PID=1127) to work on /home/airflow/.local/lib/python3.8/site-packages/airflow/example_dags/example_external_task_marker_dag.py
[2023-09-29T11:04:48.274+0000] {processor.py:829} INFO - Processing file /home/airflow/.local/lib/python3.8/site-packages/airflow/example_dags/example_external_task_marker_dag.py for tasks to queue
[2023-09-29T11:04:48.275+0000] {logging_mixin.py:151} INFO - [2023-09-29T11:04:48.275+0000] {dagbag.py:539} INFO - Filling up the DagBag from /home/airflow/.local/lib/python3.8/site-packages/airflow/example_dags/example_external_task_marker_dag.py
[2023-09-29T11:04:48.278+0000] {processor.py:839} INFO - DAG(s) dict_keys(['example_external_task_marker_parent', 'example_external_task_marker_child']) retrieved from /home/airflow/.local/lib/python3.8/site-packages/airflow/example_dags/example_external_task_marker_dag.py
[2023-09-29T11:04:48.289+0000] {logging_mixin.py:151} INFO - [2023-09-29T11:04:48.289+0000] {dag.py:2915} INFO - Sync 2 DAGs
[2023-09-29T11:04:48.295+0000] {logging_mixin.py:151} INFO - [2023-09-29T11:04:48.295+0000] {dag.py:3696} INFO - Setting next_dagrun for example_external_task_marker_child to None, run_after=None
[2023-09-29T11:04:48.296+0000] {logging_mixin.py:151} INFO - [2023-09-29T11:04:48.296+0000] {dag.py:3696} INFO - Setting next_dagrun for example_external_task_marker_parent to None, run_after=None
[2023-09-29T11:04:48.303+0000] {processor.py:179} INFO - Processing /home/airflow/.local/lib/python3.8/site-packages/airflow/example_dags/example_external_task_marker_dag.py took 0.031 seconds
[2023-09-29T11:05:19.280+0000] {processor.py:157} INFO - Started process (PID=1184) to work on /home/airflow/.local/lib/python3.8/site-packages/airflow/example_dags/example_external_task_marker_dag.py
[2023-09-29T11:05:19.281+0000] {processor.py:829} INFO - Processing file /home/airflow/.local/lib/python3.8/site-packages/airflow/example_dags/example_external_task_marker_dag.py for tasks to queue
[2023-09-29T11:05:19.282+0000] {logging_mixin.py:151} INFO - [2023-09-29T11:05:19.282+0000] {dagbag.py:539} INFO - Filling up the DagBag from /home/airflow/.local/lib/python3.8/site-packages/airflow/example_dags/example_external_task_marker_dag.py
[2023-09-29T11:05:19.286+0000] {processor.py:839} INFO - DAG(s) dict_keys(['example_external_task_marker_child', 'example_external_task_marker_parent']) retrieved from /home/airflow/.local/lib/python3.8/site-packages/airflow/example_dags/example_external_task_marker_dag.py
[2023-09-29T11:05:19.298+0000] {logging_mixin.py:151} INFO - [2023-09-29T11:05:19.297+0000] {dag.py:2915} INFO - Sync 2 DAGs
[2023-09-29T11:05:19.303+0000] {logging_mixin.py:151} INFO - [2023-09-29T11:05:19.303+0000] {dag.py:3696} INFO - Setting next_dagrun for example_external_task_marker_child to None, run_after=None
[2023-09-29T11:05:19.305+0000] {logging_mixin.py:151} INFO - [2023-09-29T11:05:19.305+0000] {dag.py:3696} INFO - Setting next_dagrun for example_external_task_marker_parent to None, run_after=None
[2023-09-29T11:05:19.312+0000] {processor.py:179} INFO - Processing /home/airflow/.local/lib/python3.8/site-packages/airflow/example_dags/example_external_task_marker_dag.py took 0.033 seconds
[2023-09-29T11:05:50.364+0000] {processor.py:157} INFO - Started process (PID=1241) to work on /home/airflow/.local/lib/python3.8/site-packages/airflow/example_dags/example_external_task_marker_dag.py
[2023-09-29T11:05:50.364+0000] {processor.py:829} INFO - Processing file /home/airflow/.local/lib/python3.8/site-packages/airflow/example_dags/example_external_task_marker_dag.py for tasks to queue
[2023-09-29T11:05:50.366+0000] {logging_mixin.py:151} INFO - [2023-09-29T11:05:50.365+0000] {dagbag.py:539} INFO - Filling up the DagBag from /home/airflow/.local/lib/python3.8/site-packages/airflow/example_dags/example_external_task_marker_dag.py
[2023-09-29T11:05:50.369+0000] {processor.py:839} INFO - DAG(s) dict_keys(['example_external_task_marker_child', 'example_external_task_marker_parent']) retrieved from /home/airflow/.local/lib/python3.8/site-packages/airflow/example_dags/example_external_task_marker_dag.py
[2023-09-29T11:05:50.381+0000] {logging_mixin.py:151} INFO - [2023-09-29T11:05:50.381+0000] {dag.py:2915} INFO - Sync 2 DAGs
[2023-09-29T11:05:50.387+0000] {logging_mixin.py:151} INFO - [2023-09-29T11:05:50.387+0000] {dag.py:3696} INFO - Setting next_dagrun for example_external_task_marker_child to None, run_after=None
[2023-09-29T11:05:50.388+0000] {logging_mixin.py:151} INFO - [2023-09-29T11:05:50.388+0000] {dag.py:3696} INFO - Setting next_dagrun for example_external_task_marker_parent to None, run_after=None
[2023-09-29T11:05:50.395+0000] {processor.py:179} INFO - Processing /home/airflow/.local/lib/python3.8/site-packages/airflow/example_dags/example_external_task_marker_dag.py took 0.033 seconds
