[2023-09-29T08:49:16.168+0000] {processor.py:157} INFO - Started process (PID=65) to work on /home/airflow/.local/lib/python3.8/site-packages/airflow/example_dags/example_bash_operator.py
[2023-09-29T08:49:16.171+0000] {processor.py:829} INFO - Processing file /home/airflow/.local/lib/python3.8/site-packages/airflow/example_dags/example_bash_operator.py for tasks to queue
[2023-09-29T08:49:16.180+0000] {logging_mixin.py:151} INFO - [2023-09-29T08:49:16.180+0000] {dagbag.py:539} INFO - Filling up the DagBag from /home/airflow/.local/lib/python3.8/site-packages/airflow/example_dags/example_bash_operator.py
[2023-09-29T08:49:16.193+0000] {processor.py:839} INFO - DAG(s) dict_keys(['example_bash_operator']) retrieved from /home/airflow/.local/lib/python3.8/site-packages/airflow/example_dags/example_bash_operator.py
[2023-09-29T08:49:16.213+0000] {logging_mixin.py:151} INFO - [2023-09-29T08:49:16.213+0000] {dag.py:2915} INFO - Sync 1 DAGs
[2023-09-29T08:49:16.235+0000] {logging_mixin.py:151} INFO - [2023-09-29T08:49:16.235+0000] {dag.py:3696} INFO - Setting next_dagrun for example_bash_operator to 2023-09-28T00:00:00+00:00, run_after=2023-09-29T00:00:00+00:00
[2023-09-29T08:49:16.259+0000] {processor.py:179} INFO - Processing /home/airflow/.local/lib/python3.8/site-packages/airflow/example_dags/example_bash_operator.py took 0.097 seconds
[2023-09-29T08:49:46.663+0000] {processor.py:157} INFO - Started process (PID=122) to work on /home/airflow/.local/lib/python3.8/site-packages/airflow/example_dags/example_bash_operator.py
[2023-09-29T08:49:46.664+0000] {processor.py:829} INFO - Processing file /home/airflow/.local/lib/python3.8/site-packages/airflow/example_dags/example_bash_operator.py for tasks to queue
[2023-09-29T08:49:46.665+0000] {logging_mixin.py:151} INFO - [2023-09-29T08:49:46.665+0000] {dagbag.py:539} INFO - Filling up the DagBag from /home/airflow/.local/lib/python3.8/site-packages/airflow/example_dags/example_bash_operator.py
[2023-09-29T08:49:46.672+0000] {processor.py:839} INFO - DAG(s) dict_keys(['example_bash_operator']) retrieved from /home/airflow/.local/lib/python3.8/site-packages/airflow/example_dags/example_bash_operator.py
[2023-09-29T08:49:46.685+0000] {logging_mixin.py:151} INFO - [2023-09-29T08:49:46.685+0000] {dag.py:2915} INFO - Sync 1 DAGs
[2023-09-29T08:49:46.694+0000] {logging_mixin.py:151} INFO - [2023-09-29T08:49:46.694+0000] {dag.py:3696} INFO - Setting next_dagrun for example_bash_operator to 2023-09-28T00:00:00+00:00, run_after=2023-09-29T00:00:00+00:00
[2023-09-29T08:49:46.701+0000] {processor.py:179} INFO - Processing /home/airflow/.local/lib/python3.8/site-packages/airflow/example_dags/example_bash_operator.py took 0.040 seconds
[2023-09-29T08:50:17.168+0000] {processor.py:157} INFO - Started process (PID=179) to work on /home/airflow/.local/lib/python3.8/site-packages/airflow/example_dags/example_bash_operator.py
[2023-09-29T08:50:17.169+0000] {processor.py:829} INFO - Processing file /home/airflow/.local/lib/python3.8/site-packages/airflow/example_dags/example_bash_operator.py for tasks to queue
[2023-09-29T08:50:17.170+0000] {logging_mixin.py:151} INFO - [2023-09-29T08:50:17.170+0000] {dagbag.py:539} INFO - Filling up the DagBag from /home/airflow/.local/lib/python3.8/site-packages/airflow/example_dags/example_bash_operator.py
[2023-09-29T08:50:17.176+0000] {processor.py:839} INFO - DAG(s) dict_keys(['example_bash_operator']) retrieved from /home/airflow/.local/lib/python3.8/site-packages/airflow/example_dags/example_bash_operator.py
[2023-09-29T08:50:17.189+0000] {logging_mixin.py:151} INFO - [2023-09-29T08:50:17.189+0000] {dag.py:2915} INFO - Sync 1 DAGs
[2023-09-29T08:50:17.199+0000] {logging_mixin.py:151} INFO - [2023-09-29T08:50:17.199+0000] {dag.py:3696} INFO - Setting next_dagrun for example_bash_operator to 2023-09-28T00:00:00+00:00, run_after=2023-09-29T00:00:00+00:00
[2023-09-29T08:50:17.205+0000] {processor.py:179} INFO - Processing /home/airflow/.local/lib/python3.8/site-packages/airflow/example_dags/example_bash_operator.py took 0.039 seconds
[2023-09-29T08:50:47.503+0000] {processor.py:157} INFO - Started process (PID=236) to work on /home/airflow/.local/lib/python3.8/site-packages/airflow/example_dags/example_bash_operator.py
[2023-09-29T08:50:47.504+0000] {processor.py:829} INFO - Processing file /home/airflow/.local/lib/python3.8/site-packages/airflow/example_dags/example_bash_operator.py for tasks to queue
[2023-09-29T08:50:47.505+0000] {logging_mixin.py:151} INFO - [2023-09-29T08:50:47.505+0000] {dagbag.py:539} INFO - Filling up the DagBag from /home/airflow/.local/lib/python3.8/site-packages/airflow/example_dags/example_bash_operator.py
[2023-09-29T08:50:47.512+0000] {processor.py:839} INFO - DAG(s) dict_keys(['example_bash_operator']) retrieved from /home/airflow/.local/lib/python3.8/site-packages/airflow/example_dags/example_bash_operator.py
[2023-09-29T08:50:47.524+0000] {logging_mixin.py:151} INFO - [2023-09-29T08:50:47.524+0000] {dag.py:2915} INFO - Sync 1 DAGs
[2023-09-29T08:50:47.534+0000] {logging_mixin.py:151} INFO - [2023-09-29T08:50:47.534+0000] {dag.py:3696} INFO - Setting next_dagrun for example_bash_operator to 2023-09-28T00:00:00+00:00, run_after=2023-09-29T00:00:00+00:00
[2023-09-29T08:50:47.542+0000] {processor.py:179} INFO - Processing /home/airflow/.local/lib/python3.8/site-packages/airflow/example_dags/example_bash_operator.py took 0.040 seconds
[2023-09-29T08:51:17.680+0000] {processor.py:157} INFO - Started process (PID=293) to work on /home/airflow/.local/lib/python3.8/site-packages/airflow/example_dags/example_bash_operator.py
[2023-09-29T08:51:17.681+0000] {processor.py:829} INFO - Processing file /home/airflow/.local/lib/python3.8/site-packages/airflow/example_dags/example_bash_operator.py for tasks to queue
[2023-09-29T08:51:17.682+0000] {logging_mixin.py:151} INFO - [2023-09-29T08:51:17.682+0000] {dagbag.py:539} INFO - Filling up the DagBag from /home/airflow/.local/lib/python3.8/site-packages/airflow/example_dags/example_bash_operator.py
[2023-09-29T08:51:17.688+0000] {processor.py:839} INFO - DAG(s) dict_keys(['example_bash_operator']) retrieved from /home/airflow/.local/lib/python3.8/site-packages/airflow/example_dags/example_bash_operator.py
[2023-09-29T08:51:17.702+0000] {logging_mixin.py:151} INFO - [2023-09-29T08:51:17.702+0000] {dag.py:2915} INFO - Sync 1 DAGs
[2023-09-29T08:51:17.712+0000] {logging_mixin.py:151} INFO - [2023-09-29T08:51:17.711+0000] {dag.py:3696} INFO - Setting next_dagrun for example_bash_operator to 2023-09-28T00:00:00+00:00, run_after=2023-09-29T00:00:00+00:00
[2023-09-29T08:51:17.718+0000] {processor.py:179} INFO - Processing /home/airflow/.local/lib/python3.8/site-packages/airflow/example_dags/example_bash_operator.py took 0.040 seconds
[2023-09-29T08:51:48.876+0000] {processor.py:157} INFO - Started process (PID=350) to work on /home/airflow/.local/lib/python3.8/site-packages/airflow/example_dags/example_bash_operator.py
[2023-09-29T08:51:48.877+0000] {processor.py:829} INFO - Processing file /home/airflow/.local/lib/python3.8/site-packages/airflow/example_dags/example_bash_operator.py for tasks to queue
[2023-09-29T08:51:48.878+0000] {logging_mixin.py:151} INFO - [2023-09-29T08:51:48.878+0000] {dagbag.py:539} INFO - Filling up the DagBag from /home/airflow/.local/lib/python3.8/site-packages/airflow/example_dags/example_bash_operator.py
[2023-09-29T08:51:48.884+0000] {processor.py:839} INFO - DAG(s) dict_keys(['example_bash_operator']) retrieved from /home/airflow/.local/lib/python3.8/site-packages/airflow/example_dags/example_bash_operator.py
[2023-09-29T08:51:48.897+0000] {logging_mixin.py:151} INFO - [2023-09-29T08:51:48.897+0000] {dag.py:2915} INFO - Sync 1 DAGs
[2023-09-29T08:51:48.908+0000] {logging_mixin.py:151} INFO - [2023-09-29T08:51:48.908+0000] {dag.py:3696} INFO - Setting next_dagrun for example_bash_operator to 2023-09-28T00:00:00+00:00, run_after=2023-09-29T00:00:00+00:00
[2023-09-29T08:51:48.915+0000] {processor.py:179} INFO - Processing /home/airflow/.local/lib/python3.8/site-packages/airflow/example_dags/example_bash_operator.py took 0.041 seconds
[2023-09-29T08:52:20.530+0000] {processor.py:157} INFO - Started process (PID=407) to work on /home/airflow/.local/lib/python3.8/site-packages/airflow/example_dags/example_bash_operator.py
[2023-09-29T08:52:20.531+0000] {processor.py:829} INFO - Processing file /home/airflow/.local/lib/python3.8/site-packages/airflow/example_dags/example_bash_operator.py for tasks to queue
[2023-09-29T08:52:20.533+0000] {logging_mixin.py:151} INFO - [2023-09-29T08:52:20.533+0000] {dagbag.py:539} INFO - Filling up the DagBag from /home/airflow/.local/lib/python3.8/site-packages/airflow/example_dags/example_bash_operator.py
[2023-09-29T08:52:20.539+0000] {processor.py:839} INFO - DAG(s) dict_keys(['example_bash_operator']) retrieved from /home/airflow/.local/lib/python3.8/site-packages/airflow/example_dags/example_bash_operator.py
[2023-09-29T08:52:20.560+0000] {logging_mixin.py:151} INFO - [2023-09-29T08:52:20.559+0000] {dag.py:2915} INFO - Sync 1 DAGs
[2023-09-29T08:52:20.571+0000] {logging_mixin.py:151} INFO - [2023-09-29T08:52:20.571+0000] {dag.py:3696} INFO - Setting next_dagrun for example_bash_operator to 2023-09-28T00:00:00+00:00, run_after=2023-09-29T00:00:00+00:00
[2023-09-29T08:52:20.580+0000] {processor.py:179} INFO - Processing /home/airflow/.local/lib/python3.8/site-packages/airflow/example_dags/example_bash_operator.py took 0.051 seconds
[2023-09-29T08:52:50.630+0000] {processor.py:157} INFO - Started process (PID=464) to work on /home/airflow/.local/lib/python3.8/site-packages/airflow/example_dags/example_bash_operator.py
[2023-09-29T08:52:50.631+0000] {processor.py:829} INFO - Processing file /home/airflow/.local/lib/python3.8/site-packages/airflow/example_dags/example_bash_operator.py for tasks to queue
[2023-09-29T08:52:50.633+0000] {logging_mixin.py:151} INFO - [2023-09-29T08:52:50.633+0000] {dagbag.py:539} INFO - Filling up the DagBag from /home/airflow/.local/lib/python3.8/site-packages/airflow/example_dags/example_bash_operator.py
[2023-09-29T08:52:50.641+0000] {processor.py:839} INFO - DAG(s) dict_keys(['example_bash_operator']) retrieved from /home/airflow/.local/lib/python3.8/site-packages/airflow/example_dags/example_bash_operator.py
[2023-09-29T08:52:50.658+0000] {logging_mixin.py:151} INFO - [2023-09-29T08:52:50.658+0000] {dag.py:2915} INFO - Sync 1 DAGs
[2023-09-29T08:52:50.669+0000] {logging_mixin.py:151} INFO - [2023-09-29T08:52:50.669+0000] {dag.py:3696} INFO - Setting next_dagrun for example_bash_operator to 2023-09-28T00:00:00+00:00, run_after=2023-09-29T00:00:00+00:00
[2023-09-29T08:52:50.677+0000] {processor.py:179} INFO - Processing /home/airflow/.local/lib/python3.8/site-packages/airflow/example_dags/example_bash_operator.py took 0.051 seconds
[2023-09-29T08:53:22.135+0000] {processor.py:157} INFO - Started process (PID=521) to work on /home/airflow/.local/lib/python3.8/site-packages/airflow/example_dags/example_bash_operator.py
[2023-09-29T08:53:22.136+0000] {processor.py:829} INFO - Processing file /home/airflow/.local/lib/python3.8/site-packages/airflow/example_dags/example_bash_operator.py for tasks to queue
[2023-09-29T08:53:22.137+0000] {logging_mixin.py:151} INFO - [2023-09-29T08:53:22.137+0000] {dagbag.py:539} INFO - Filling up the DagBag from /home/airflow/.local/lib/python3.8/site-packages/airflow/example_dags/example_bash_operator.py
[2023-09-29T08:53:22.143+0000] {processor.py:839} INFO - DAG(s) dict_keys(['example_bash_operator']) retrieved from /home/airflow/.local/lib/python3.8/site-packages/airflow/example_dags/example_bash_operator.py
[2023-09-29T08:53:22.157+0000] {logging_mixin.py:151} INFO - [2023-09-29T08:53:22.157+0000] {dag.py:2915} INFO - Sync 1 DAGs
[2023-09-29T08:53:22.167+0000] {logging_mixin.py:151} INFO - [2023-09-29T08:53:22.167+0000] {dag.py:3696} INFO - Setting next_dagrun for example_bash_operator to 2023-09-28T00:00:00+00:00, run_after=2023-09-29T00:00:00+00:00
[2023-09-29T08:53:22.175+0000] {processor.py:179} INFO - Processing /home/airflow/.local/lib/python3.8/site-packages/airflow/example_dags/example_bash_operator.py took 0.042 seconds
[2023-09-29T08:53:52.633+0000] {processor.py:157} INFO - Started process (PID=578) to work on /home/airflow/.local/lib/python3.8/site-packages/airflow/example_dags/example_bash_operator.py
[2023-09-29T08:53:52.634+0000] {processor.py:829} INFO - Processing file /home/airflow/.local/lib/python3.8/site-packages/airflow/example_dags/example_bash_operator.py for tasks to queue
[2023-09-29T08:53:52.636+0000] {logging_mixin.py:151} INFO - [2023-09-29T08:53:52.636+0000] {dagbag.py:539} INFO - Filling up the DagBag from /home/airflow/.local/lib/python3.8/site-packages/airflow/example_dags/example_bash_operator.py
[2023-09-29T08:53:52.644+0000] {processor.py:839} INFO - DAG(s) dict_keys(['example_bash_operator']) retrieved from /home/airflow/.local/lib/python3.8/site-packages/airflow/example_dags/example_bash_operator.py
[2023-09-29T08:53:52.674+0000] {logging_mixin.py:151} INFO - [2023-09-29T08:53:52.674+0000] {dag.py:2915} INFO - Sync 1 DAGs
[2023-09-29T08:53:52.688+0000] {logging_mixin.py:151} INFO - [2023-09-29T08:53:52.688+0000] {dag.py:3696} INFO - Setting next_dagrun for example_bash_operator to 2023-09-28T00:00:00+00:00, run_after=2023-09-29T00:00:00+00:00
[2023-09-29T08:53:52.700+0000] {processor.py:179} INFO - Processing /home/airflow/.local/lib/python3.8/site-packages/airflow/example_dags/example_bash_operator.py took 0.071 seconds
[2023-09-29T08:54:22.868+0000] {processor.py:157} INFO - Started process (PID=635) to work on /home/airflow/.local/lib/python3.8/site-packages/airflow/example_dags/example_bash_operator.py
[2023-09-29T08:54:22.870+0000] {processor.py:829} INFO - Processing file /home/airflow/.local/lib/python3.8/site-packages/airflow/example_dags/example_bash_operator.py for tasks to queue
[2023-09-29T08:54:22.871+0000] {logging_mixin.py:151} INFO - [2023-09-29T08:54:22.871+0000] {dagbag.py:539} INFO - Filling up the DagBag from /home/airflow/.local/lib/python3.8/site-packages/airflow/example_dags/example_bash_operator.py
[2023-09-29T08:54:22.877+0000] {processor.py:839} INFO - DAG(s) dict_keys(['example_bash_operator']) retrieved from /home/airflow/.local/lib/python3.8/site-packages/airflow/example_dags/example_bash_operator.py
[2023-09-29T08:54:22.892+0000] {logging_mixin.py:151} INFO - [2023-09-29T08:54:22.892+0000] {dag.py:2915} INFO - Sync 1 DAGs
[2023-09-29T08:54:22.903+0000] {logging_mixin.py:151} INFO - [2023-09-29T08:54:22.903+0000] {dag.py:3696} INFO - Setting next_dagrun for example_bash_operator to 2023-09-28T00:00:00+00:00, run_after=2023-09-29T00:00:00+00:00
[2023-09-29T08:54:22.910+0000] {processor.py:179} INFO - Processing /home/airflow/.local/lib/python3.8/site-packages/airflow/example_dags/example_bash_operator.py took 0.043 seconds
[2023-09-29T08:54:53.311+0000] {processor.py:157} INFO - Started process (PID=692) to work on /home/airflow/.local/lib/python3.8/site-packages/airflow/example_dags/example_bash_operator.py
[2023-09-29T08:54:53.312+0000] {processor.py:829} INFO - Processing file /home/airflow/.local/lib/python3.8/site-packages/airflow/example_dags/example_bash_operator.py for tasks to queue
[2023-09-29T08:54:53.314+0000] {logging_mixin.py:151} INFO - [2023-09-29T08:54:53.314+0000] {dagbag.py:539} INFO - Filling up the DagBag from /home/airflow/.local/lib/python3.8/site-packages/airflow/example_dags/example_bash_operator.py
[2023-09-29T08:54:53.321+0000] {processor.py:839} INFO - DAG(s) dict_keys(['example_bash_operator']) retrieved from /home/airflow/.local/lib/python3.8/site-packages/airflow/example_dags/example_bash_operator.py
[2023-09-29T08:54:53.336+0000] {logging_mixin.py:151} INFO - [2023-09-29T08:54:53.336+0000] {dag.py:2915} INFO - Sync 1 DAGs
[2023-09-29T08:54:53.346+0000] {logging_mixin.py:151} INFO - [2023-09-29T08:54:53.346+0000] {dag.py:3696} INFO - Setting next_dagrun for example_bash_operator to 2023-09-28T00:00:00+00:00, run_after=2023-09-29T00:00:00+00:00
[2023-09-29T08:54:53.353+0000] {processor.py:179} INFO - Processing /home/airflow/.local/lib/python3.8/site-packages/airflow/example_dags/example_bash_operator.py took 0.046 seconds
[2023-09-29T08:55:24.576+0000] {processor.py:157} INFO - Started process (PID=749) to work on /home/airflow/.local/lib/python3.8/site-packages/airflow/example_dags/example_bash_operator.py
[2023-09-29T08:55:24.576+0000] {processor.py:829} INFO - Processing file /home/airflow/.local/lib/python3.8/site-packages/airflow/example_dags/example_bash_operator.py for tasks to queue
[2023-09-29T08:55:24.578+0000] {logging_mixin.py:151} INFO - [2023-09-29T08:55:24.578+0000] {dagbag.py:539} INFO - Filling up the DagBag from /home/airflow/.local/lib/python3.8/site-packages/airflow/example_dags/example_bash_operator.py
[2023-09-29T08:55:24.583+0000] {processor.py:839} INFO - DAG(s) dict_keys(['example_bash_operator']) retrieved from /home/airflow/.local/lib/python3.8/site-packages/airflow/example_dags/example_bash_operator.py
[2023-09-29T08:55:24.597+0000] {logging_mixin.py:151} INFO - [2023-09-29T08:55:24.596+0000] {dag.py:2915} INFO - Sync 1 DAGs
[2023-09-29T08:55:24.608+0000] {logging_mixin.py:151} INFO - [2023-09-29T08:55:24.608+0000] {dag.py:3696} INFO - Setting next_dagrun for example_bash_operator to 2023-09-28T00:00:00+00:00, run_after=2023-09-29T00:00:00+00:00
[2023-09-29T08:55:24.615+0000] {processor.py:179} INFO - Processing /home/airflow/.local/lib/python3.8/site-packages/airflow/example_dags/example_bash_operator.py took 0.041 seconds
[2023-09-29T08:55:55.649+0000] {processor.py:157} INFO - Started process (PID=806) to work on /home/airflow/.local/lib/python3.8/site-packages/airflow/example_dags/example_bash_operator.py
[2023-09-29T08:55:55.649+0000] {processor.py:829} INFO - Processing file /home/airflow/.local/lib/python3.8/site-packages/airflow/example_dags/example_bash_operator.py for tasks to queue
[2023-09-29T08:55:55.651+0000] {logging_mixin.py:151} INFO - [2023-09-29T08:55:55.651+0000] {dagbag.py:539} INFO - Filling up the DagBag from /home/airflow/.local/lib/python3.8/site-packages/airflow/example_dags/example_bash_operator.py
[2023-09-29T08:55:55.656+0000] {processor.py:839} INFO - DAG(s) dict_keys(['example_bash_operator']) retrieved from /home/airflow/.local/lib/python3.8/site-packages/airflow/example_dags/example_bash_operator.py
[2023-09-29T08:55:55.669+0000] {logging_mixin.py:151} INFO - [2023-09-29T08:55:55.669+0000] {dag.py:2915} INFO - Sync 1 DAGs
[2023-09-29T08:55:55.680+0000] {logging_mixin.py:151} INFO - [2023-09-29T08:55:55.679+0000] {dag.py:3696} INFO - Setting next_dagrun for example_bash_operator to 2023-09-28T00:00:00+00:00, run_after=2023-09-29T00:00:00+00:00
[2023-09-29T08:55:55.687+0000] {processor.py:179} INFO - Processing /home/airflow/.local/lib/python3.8/site-packages/airflow/example_dags/example_bash_operator.py took 0.040 seconds
[2023-09-29T08:56:26.962+0000] {processor.py:157} INFO - Started process (PID=863) to work on /home/airflow/.local/lib/python3.8/site-packages/airflow/example_dags/example_bash_operator.py
[2023-09-29T08:56:26.963+0000] {processor.py:829} INFO - Processing file /home/airflow/.local/lib/python3.8/site-packages/airflow/example_dags/example_bash_operator.py for tasks to queue
[2023-09-29T08:56:26.964+0000] {logging_mixin.py:151} INFO - [2023-09-29T08:56:26.964+0000] {dagbag.py:539} INFO - Filling up the DagBag from /home/airflow/.local/lib/python3.8/site-packages/airflow/example_dags/example_bash_operator.py
[2023-09-29T08:56:26.969+0000] {processor.py:839} INFO - DAG(s) dict_keys(['example_bash_operator']) retrieved from /home/airflow/.local/lib/python3.8/site-packages/airflow/example_dags/example_bash_operator.py
[2023-09-29T08:56:26.982+0000] {logging_mixin.py:151} INFO - [2023-09-29T08:56:26.981+0000] {dag.py:2915} INFO - Sync 1 DAGs
[2023-09-29T08:56:26.992+0000] {logging_mixin.py:151} INFO - [2023-09-29T08:56:26.991+0000] {dag.py:3696} INFO - Setting next_dagrun for example_bash_operator to 2023-09-28T00:00:00+00:00, run_after=2023-09-29T00:00:00+00:00
[2023-09-29T08:56:26.999+0000] {processor.py:179} INFO - Processing /home/airflow/.local/lib/python3.8/site-packages/airflow/example_dags/example_bash_operator.py took 0.039 seconds
[2023-09-29T10:55:02.369+0000] {processor.py:157} INFO - Started process (PID=65) to work on /home/airflow/.local/lib/python3.8/site-packages/airflow/example_dags/example_bash_operator.py
[2023-09-29T10:55:02.376+0000] {processor.py:829} INFO - Processing file /home/airflow/.local/lib/python3.8/site-packages/airflow/example_dags/example_bash_operator.py for tasks to queue
[2023-09-29T10:55:02.387+0000] {logging_mixin.py:151} INFO - [2023-09-29T10:55:02.387+0000] {dagbag.py:539} INFO - Filling up the DagBag from /home/airflow/.local/lib/python3.8/site-packages/airflow/example_dags/example_bash_operator.py
[2023-09-29T10:55:02.416+0000] {processor.py:839} INFO - DAG(s) dict_keys(['example_bash_operator']) retrieved from /home/airflow/.local/lib/python3.8/site-packages/airflow/example_dags/example_bash_operator.py
[2023-09-29T10:55:02.430+0000] {logging_mixin.py:151} INFO - [2023-09-29T10:55:02.429+0000] {dag.py:2915} INFO - Sync 1 DAGs
[2023-09-29T10:55:02.468+0000] {logging_mixin.py:151} INFO - [2023-09-29T10:55:02.468+0000] {dag.py:3696} INFO - Setting next_dagrun for example_bash_operator to 2023-09-28T00:00:00+00:00, run_after=2023-09-29T00:00:00+00:00
[2023-09-29T10:55:02.488+0000] {processor.py:179} INFO - Processing /home/airflow/.local/lib/python3.8/site-packages/airflow/example_dags/example_bash_operator.py took 0.125 seconds
[2023-09-29T10:55:32.930+0000] {processor.py:157} INFO - Started process (PID=121) to work on /home/airflow/.local/lib/python3.8/site-packages/airflow/example_dags/example_bash_operator.py
[2023-09-29T10:55:32.930+0000] {processor.py:829} INFO - Processing file /home/airflow/.local/lib/python3.8/site-packages/airflow/example_dags/example_bash_operator.py for tasks to queue
[2023-09-29T10:55:32.932+0000] {logging_mixin.py:151} INFO - [2023-09-29T10:55:32.931+0000] {dagbag.py:539} INFO - Filling up the DagBag from /home/airflow/.local/lib/python3.8/site-packages/airflow/example_dags/example_bash_operator.py
[2023-09-29T10:55:32.937+0000] {processor.py:839} INFO - DAG(s) dict_keys(['example_bash_operator']) retrieved from /home/airflow/.local/lib/python3.8/site-packages/airflow/example_dags/example_bash_operator.py
[2023-09-29T10:55:32.950+0000] {logging_mixin.py:151} INFO - [2023-09-29T10:55:32.950+0000] {dag.py:2915} INFO - Sync 1 DAGs
[2023-09-29T10:55:32.960+0000] {logging_mixin.py:151} INFO - [2023-09-29T10:55:32.960+0000] {dag.py:3696} INFO - Setting next_dagrun for example_bash_operator to 2023-09-28T00:00:00+00:00, run_after=2023-09-29T00:00:00+00:00
[2023-09-29T10:55:32.967+0000] {processor.py:179} INFO - Processing /home/airflow/.local/lib/python3.8/site-packages/airflow/example_dags/example_bash_operator.py took 0.040 seconds
[2023-09-29T10:56:04.156+0000] {processor.py:157} INFO - Started process (PID=178) to work on /home/airflow/.local/lib/python3.8/site-packages/airflow/example_dags/example_bash_operator.py
[2023-09-29T10:56:04.156+0000] {processor.py:829} INFO - Processing file /home/airflow/.local/lib/python3.8/site-packages/airflow/example_dags/example_bash_operator.py for tasks to queue
[2023-09-29T10:56:04.158+0000] {logging_mixin.py:151} INFO - [2023-09-29T10:56:04.157+0000] {dagbag.py:539} INFO - Filling up the DagBag from /home/airflow/.local/lib/python3.8/site-packages/airflow/example_dags/example_bash_operator.py
[2023-09-29T10:56:04.164+0000] {processor.py:839} INFO - DAG(s) dict_keys(['example_bash_operator']) retrieved from /home/airflow/.local/lib/python3.8/site-packages/airflow/example_dags/example_bash_operator.py
[2023-09-29T10:56:04.179+0000] {logging_mixin.py:151} INFO - [2023-09-29T10:56:04.179+0000] {dag.py:2915} INFO - Sync 1 DAGs
[2023-09-29T10:56:04.192+0000] {logging_mixin.py:151} INFO - [2023-09-29T10:56:04.191+0000] {dag.py:3696} INFO - Setting next_dagrun for example_bash_operator to 2023-09-28T00:00:00+00:00, run_after=2023-09-29T00:00:00+00:00
[2023-09-29T10:56:04.200+0000] {processor.py:179} INFO - Processing /home/airflow/.local/lib/python3.8/site-packages/airflow/example_dags/example_bash_operator.py took 0.046 seconds
[2023-09-29T10:56:34.555+0000] {processor.py:157} INFO - Started process (PID=235) to work on /home/airflow/.local/lib/python3.8/site-packages/airflow/example_dags/example_bash_operator.py
[2023-09-29T10:56:34.556+0000] {processor.py:829} INFO - Processing file /home/airflow/.local/lib/python3.8/site-packages/airflow/example_dags/example_bash_operator.py for tasks to queue
[2023-09-29T10:56:34.557+0000] {logging_mixin.py:151} INFO - [2023-09-29T10:56:34.557+0000] {dagbag.py:539} INFO - Filling up the DagBag from /home/airflow/.local/lib/python3.8/site-packages/airflow/example_dags/example_bash_operator.py
[2023-09-29T10:56:34.563+0000] {processor.py:839} INFO - DAG(s) dict_keys(['example_bash_operator']) retrieved from /home/airflow/.local/lib/python3.8/site-packages/airflow/example_dags/example_bash_operator.py
[2023-09-29T10:56:34.575+0000] {logging_mixin.py:151} INFO - [2023-09-29T10:56:34.575+0000] {dag.py:2915} INFO - Sync 1 DAGs
[2023-09-29T10:56:34.585+0000] {logging_mixin.py:151} INFO - [2023-09-29T10:56:34.585+0000] {dag.py:3696} INFO - Setting next_dagrun for example_bash_operator to 2023-09-28T00:00:00+00:00, run_after=2023-09-29T00:00:00+00:00
[2023-09-29T10:56:34.594+0000] {processor.py:179} INFO - Processing /home/airflow/.local/lib/python3.8/site-packages/airflow/example_dags/example_bash_operator.py took 0.041 seconds
[2023-09-29T10:57:05.040+0000] {processor.py:157} INFO - Started process (PID=293) to work on /home/airflow/.local/lib/python3.8/site-packages/airflow/example_dags/example_bash_operator.py
[2023-09-29T10:57:05.040+0000] {processor.py:829} INFO - Processing file /home/airflow/.local/lib/python3.8/site-packages/airflow/example_dags/example_bash_operator.py for tasks to queue
[2023-09-29T10:57:05.042+0000] {logging_mixin.py:151} INFO - [2023-09-29T10:57:05.042+0000] {dagbag.py:539} INFO - Filling up the DagBag from /home/airflow/.local/lib/python3.8/site-packages/airflow/example_dags/example_bash_operator.py
[2023-09-29T10:57:05.048+0000] {processor.py:839} INFO - DAG(s) dict_keys(['example_bash_operator']) retrieved from /home/airflow/.local/lib/python3.8/site-packages/airflow/example_dags/example_bash_operator.py
[2023-09-29T10:57:05.065+0000] {logging_mixin.py:151} INFO - [2023-09-29T10:57:05.064+0000] {dag.py:2915} INFO - Sync 1 DAGs
[2023-09-29T10:57:05.078+0000] {logging_mixin.py:151} INFO - [2023-09-29T10:57:05.078+0000] {dag.py:3696} INFO - Setting next_dagrun for example_bash_operator to 2023-09-28T00:00:00+00:00, run_after=2023-09-29T00:00:00+00:00
[2023-09-29T10:57:05.086+0000] {processor.py:179} INFO - Processing /home/airflow/.local/lib/python3.8/site-packages/airflow/example_dags/example_bash_operator.py took 0.049 seconds
[2023-09-29T10:57:35.351+0000] {processor.py:157} INFO - Started process (PID=350) to work on /home/airflow/.local/lib/python3.8/site-packages/airflow/example_dags/example_bash_operator.py
[2023-09-29T10:57:35.351+0000] {processor.py:829} INFO - Processing file /home/airflow/.local/lib/python3.8/site-packages/airflow/example_dags/example_bash_operator.py for tasks to queue
[2023-09-29T10:57:35.353+0000] {logging_mixin.py:151} INFO - [2023-09-29T10:57:35.352+0000] {dagbag.py:539} INFO - Filling up the DagBag from /home/airflow/.local/lib/python3.8/site-packages/airflow/example_dags/example_bash_operator.py
[2023-09-29T10:57:35.358+0000] {processor.py:839} INFO - DAG(s) dict_keys(['example_bash_operator']) retrieved from /home/airflow/.local/lib/python3.8/site-packages/airflow/example_dags/example_bash_operator.py
[2023-09-29T10:57:35.372+0000] {logging_mixin.py:151} INFO - [2023-09-29T10:57:35.371+0000] {dag.py:2915} INFO - Sync 1 DAGs
[2023-09-29T10:57:35.384+0000] {logging_mixin.py:151} INFO - [2023-09-29T10:57:35.384+0000] {dag.py:3696} INFO - Setting next_dagrun for example_bash_operator to 2023-09-28T00:00:00+00:00, run_after=2023-09-29T00:00:00+00:00
[2023-09-29T10:57:35.391+0000] {processor.py:179} INFO - Processing /home/airflow/.local/lib/python3.8/site-packages/airflow/example_dags/example_bash_operator.py took 0.043 seconds
[2023-09-29T10:58:06.501+0000] {processor.py:157} INFO - Started process (PID=407) to work on /home/airflow/.local/lib/python3.8/site-packages/airflow/example_dags/example_bash_operator.py
[2023-09-29T10:58:06.502+0000] {processor.py:829} INFO - Processing file /home/airflow/.local/lib/python3.8/site-packages/airflow/example_dags/example_bash_operator.py for tasks to queue
[2023-09-29T10:58:06.504+0000] {logging_mixin.py:151} INFO - [2023-09-29T10:58:06.504+0000] {dagbag.py:539} INFO - Filling up the DagBag from /home/airflow/.local/lib/python3.8/site-packages/airflow/example_dags/example_bash_operator.py
[2023-09-29T10:58:06.509+0000] {processor.py:839} INFO - DAG(s) dict_keys(['example_bash_operator']) retrieved from /home/airflow/.local/lib/python3.8/site-packages/airflow/example_dags/example_bash_operator.py
[2023-09-29T10:58:06.522+0000] {logging_mixin.py:151} INFO - [2023-09-29T10:58:06.522+0000] {dag.py:2915} INFO - Sync 1 DAGs
[2023-09-29T10:58:06.536+0000] {logging_mixin.py:151} INFO - [2023-09-29T10:58:06.536+0000] {dag.py:3696} INFO - Setting next_dagrun for example_bash_operator to 2023-09-28T00:00:00+00:00, run_after=2023-09-29T00:00:00+00:00
[2023-09-29T10:58:06.543+0000] {processor.py:179} INFO - Processing /home/airflow/.local/lib/python3.8/site-packages/airflow/example_dags/example_bash_operator.py took 0.043 seconds
[2023-09-29T10:58:37.731+0000] {processor.py:157} INFO - Started process (PID=464) to work on /home/airflow/.local/lib/python3.8/site-packages/airflow/example_dags/example_bash_operator.py
[2023-09-29T10:58:37.731+0000] {processor.py:829} INFO - Processing file /home/airflow/.local/lib/python3.8/site-packages/airflow/example_dags/example_bash_operator.py for tasks to queue
[2023-09-29T10:58:37.733+0000] {logging_mixin.py:151} INFO - [2023-09-29T10:58:37.733+0000] {dagbag.py:539} INFO - Filling up the DagBag from /home/airflow/.local/lib/python3.8/site-packages/airflow/example_dags/example_bash_operator.py
[2023-09-29T10:58:37.738+0000] {processor.py:839} INFO - DAG(s) dict_keys(['example_bash_operator']) retrieved from /home/airflow/.local/lib/python3.8/site-packages/airflow/example_dags/example_bash_operator.py
[2023-09-29T10:58:37.750+0000] {logging_mixin.py:151} INFO - [2023-09-29T10:58:37.750+0000] {dag.py:2915} INFO - Sync 1 DAGs
[2023-09-29T10:58:37.760+0000] {logging_mixin.py:151} INFO - [2023-09-29T10:58:37.760+0000] {dag.py:3696} INFO - Setting next_dagrun for example_bash_operator to 2023-09-28T00:00:00+00:00, run_after=2023-09-29T00:00:00+00:00
[2023-09-29T10:58:37.768+0000] {processor.py:179} INFO - Processing /home/airflow/.local/lib/python3.8/site-packages/airflow/example_dags/example_bash_operator.py took 0.039 seconds
[2023-09-29T10:59:08.946+0000] {processor.py:157} INFO - Started process (PID=521) to work on /home/airflow/.local/lib/python3.8/site-packages/airflow/example_dags/example_bash_operator.py
[2023-09-29T10:59:08.947+0000] {processor.py:829} INFO - Processing file /home/airflow/.local/lib/python3.8/site-packages/airflow/example_dags/example_bash_operator.py for tasks to queue
[2023-09-29T10:59:08.948+0000] {logging_mixin.py:151} INFO - [2023-09-29T10:59:08.948+0000] {dagbag.py:539} INFO - Filling up the DagBag from /home/airflow/.local/lib/python3.8/site-packages/airflow/example_dags/example_bash_operator.py
[2023-09-29T10:59:08.954+0000] {processor.py:839} INFO - DAG(s) dict_keys(['example_bash_operator']) retrieved from /home/airflow/.local/lib/python3.8/site-packages/airflow/example_dags/example_bash_operator.py
[2023-09-29T10:59:08.966+0000] {logging_mixin.py:151} INFO - [2023-09-29T10:59:08.966+0000] {dag.py:2915} INFO - Sync 1 DAGs
[2023-09-29T10:59:08.976+0000] {logging_mixin.py:151} INFO - [2023-09-29T10:59:08.975+0000] {dag.py:3696} INFO - Setting next_dagrun for example_bash_operator to 2023-09-28T00:00:00+00:00, run_after=2023-09-29T00:00:00+00:00
[2023-09-29T10:59:08.982+0000] {processor.py:179} INFO - Processing /home/airflow/.local/lib/python3.8/site-packages/airflow/example_dags/example_bash_operator.py took 0.038 seconds
[2023-09-29T10:59:39.342+0000] {processor.py:157} INFO - Started process (PID=578) to work on /home/airflow/.local/lib/python3.8/site-packages/airflow/example_dags/example_bash_operator.py
[2023-09-29T10:59:39.343+0000] {processor.py:829} INFO - Processing file /home/airflow/.local/lib/python3.8/site-packages/airflow/example_dags/example_bash_operator.py for tasks to queue
[2023-09-29T10:59:39.344+0000] {logging_mixin.py:151} INFO - [2023-09-29T10:59:39.344+0000] {dagbag.py:539} INFO - Filling up the DagBag from /home/airflow/.local/lib/python3.8/site-packages/airflow/example_dags/example_bash_operator.py
[2023-09-29T10:59:39.350+0000] {processor.py:839} INFO - DAG(s) dict_keys(['example_bash_operator']) retrieved from /home/airflow/.local/lib/python3.8/site-packages/airflow/example_dags/example_bash_operator.py
[2023-09-29T10:59:39.363+0000] {logging_mixin.py:151} INFO - [2023-09-29T10:59:39.362+0000] {dag.py:2915} INFO - Sync 1 DAGs
[2023-09-29T10:59:39.373+0000] {logging_mixin.py:151} INFO - [2023-09-29T10:59:39.373+0000] {dag.py:3696} INFO - Setting next_dagrun for example_bash_operator to 2023-09-28T00:00:00+00:00, run_after=2023-09-29T00:00:00+00:00
[2023-09-29T10:59:39.380+0000] {processor.py:179} INFO - Processing /home/airflow/.local/lib/python3.8/site-packages/airflow/example_dags/example_bash_operator.py took 0.040 seconds
[2023-09-29T11:00:10.671+0000] {processor.py:157} INFO - Started process (PID=635) to work on /home/airflow/.local/lib/python3.8/site-packages/airflow/example_dags/example_bash_operator.py
[2023-09-29T11:00:10.672+0000] {processor.py:829} INFO - Processing file /home/airflow/.local/lib/python3.8/site-packages/airflow/example_dags/example_bash_operator.py for tasks to queue
[2023-09-29T11:00:10.673+0000] {logging_mixin.py:151} INFO - [2023-09-29T11:00:10.673+0000] {dagbag.py:539} INFO - Filling up the DagBag from /home/airflow/.local/lib/python3.8/site-packages/airflow/example_dags/example_bash_operator.py
[2023-09-29T11:00:10.679+0000] {processor.py:839} INFO - DAG(s) dict_keys(['example_bash_operator']) retrieved from /home/airflow/.local/lib/python3.8/site-packages/airflow/example_dags/example_bash_operator.py
[2023-09-29T11:00:10.694+0000] {logging_mixin.py:151} INFO - [2023-09-29T11:00:10.694+0000] {dag.py:2915} INFO - Sync 1 DAGs
[2023-09-29T11:00:10.705+0000] {logging_mixin.py:151} INFO - [2023-09-29T11:00:10.704+0000] {dag.py:3696} INFO - Setting next_dagrun for example_bash_operator to 2023-09-28T00:00:00+00:00, run_after=2023-09-29T00:00:00+00:00
[2023-09-29T11:00:10.712+0000] {processor.py:179} INFO - Processing /home/airflow/.local/lib/python3.8/site-packages/airflow/example_dags/example_bash_operator.py took 0.043 seconds
[2023-09-29T11:00:41.255+0000] {processor.py:157} INFO - Started process (PID=692) to work on /home/airflow/.local/lib/python3.8/site-packages/airflow/example_dags/example_bash_operator.py
[2023-09-29T11:00:41.256+0000] {processor.py:829} INFO - Processing file /home/airflow/.local/lib/python3.8/site-packages/airflow/example_dags/example_bash_operator.py for tasks to queue
[2023-09-29T11:00:41.257+0000] {logging_mixin.py:151} INFO - [2023-09-29T11:00:41.257+0000] {dagbag.py:539} INFO - Filling up the DagBag from /home/airflow/.local/lib/python3.8/site-packages/airflow/example_dags/example_bash_operator.py
[2023-09-29T11:00:41.262+0000] {processor.py:839} INFO - DAG(s) dict_keys(['example_bash_operator']) retrieved from /home/airflow/.local/lib/python3.8/site-packages/airflow/example_dags/example_bash_operator.py
[2023-09-29T11:00:41.275+0000] {logging_mixin.py:151} INFO - [2023-09-29T11:00:41.275+0000] {dag.py:2915} INFO - Sync 1 DAGs
[2023-09-29T11:00:41.286+0000] {logging_mixin.py:151} INFO - [2023-09-29T11:00:41.285+0000] {dag.py:3696} INFO - Setting next_dagrun for example_bash_operator to 2023-09-28T00:00:00+00:00, run_after=2023-09-29T00:00:00+00:00
[2023-09-29T11:00:41.293+0000] {processor.py:179} INFO - Processing /home/airflow/.local/lib/python3.8/site-packages/airflow/example_dags/example_bash_operator.py took 0.040 seconds
[2023-09-29T11:01:12.379+0000] {processor.py:157} INFO - Started process (PID=749) to work on /home/airflow/.local/lib/python3.8/site-packages/airflow/example_dags/example_bash_operator.py
[2023-09-29T11:01:12.380+0000] {processor.py:829} INFO - Processing file /home/airflow/.local/lib/python3.8/site-packages/airflow/example_dags/example_bash_operator.py for tasks to queue
[2023-09-29T11:01:12.381+0000] {logging_mixin.py:151} INFO - [2023-09-29T11:01:12.381+0000] {dagbag.py:539} INFO - Filling up the DagBag from /home/airflow/.local/lib/python3.8/site-packages/airflow/example_dags/example_bash_operator.py
[2023-09-29T11:01:12.387+0000] {processor.py:839} INFO - DAG(s) dict_keys(['example_bash_operator']) retrieved from /home/airflow/.local/lib/python3.8/site-packages/airflow/example_dags/example_bash_operator.py
[2023-09-29T11:01:12.399+0000] {logging_mixin.py:151} INFO - [2023-09-29T11:01:12.399+0000] {dag.py:2915} INFO - Sync 1 DAGs
[2023-09-29T11:01:12.409+0000] {logging_mixin.py:151} INFO - [2023-09-29T11:01:12.409+0000] {dag.py:3696} INFO - Setting next_dagrun for example_bash_operator to 2023-09-28T00:00:00+00:00, run_after=2023-09-29T00:00:00+00:00
[2023-09-29T11:01:12.416+0000] {processor.py:179} INFO - Processing /home/airflow/.local/lib/python3.8/site-packages/airflow/example_dags/example_bash_operator.py took 0.039 seconds
[2023-09-29T11:01:43.616+0000] {processor.py:157} INFO - Started process (PID=806) to work on /home/airflow/.local/lib/python3.8/site-packages/airflow/example_dags/example_bash_operator.py
[2023-09-29T11:01:43.616+0000] {processor.py:829} INFO - Processing file /home/airflow/.local/lib/python3.8/site-packages/airflow/example_dags/example_bash_operator.py for tasks to queue
[2023-09-29T11:01:43.618+0000] {logging_mixin.py:151} INFO - [2023-09-29T11:01:43.618+0000] {dagbag.py:539} INFO - Filling up the DagBag from /home/airflow/.local/lib/python3.8/site-packages/airflow/example_dags/example_bash_operator.py
[2023-09-29T11:01:43.626+0000] {processor.py:839} INFO - DAG(s) dict_keys(['example_bash_operator']) retrieved from /home/airflow/.local/lib/python3.8/site-packages/airflow/example_dags/example_bash_operator.py
[2023-09-29T11:01:43.643+0000] {logging_mixin.py:151} INFO - [2023-09-29T11:01:43.643+0000] {dag.py:2915} INFO - Sync 1 DAGs
[2023-09-29T11:01:43.653+0000] {logging_mixin.py:151} INFO - [2023-09-29T11:01:43.653+0000] {dag.py:3696} INFO - Setting next_dagrun for example_bash_operator to 2023-09-28T00:00:00+00:00, run_after=2023-09-29T00:00:00+00:00
[2023-09-29T11:01:43.660+0000] {processor.py:179} INFO - Processing /home/airflow/.local/lib/python3.8/site-packages/airflow/example_dags/example_bash_operator.py took 0.046 seconds
[2023-09-29T11:02:14.757+0000] {processor.py:157} INFO - Started process (PID=863) to work on /home/airflow/.local/lib/python3.8/site-packages/airflow/example_dags/example_bash_operator.py
[2023-09-29T11:02:14.757+0000] {processor.py:829} INFO - Processing file /home/airflow/.local/lib/python3.8/site-packages/airflow/example_dags/example_bash_operator.py for tasks to queue
[2023-09-29T11:02:14.759+0000] {logging_mixin.py:151} INFO - [2023-09-29T11:02:14.758+0000] {dagbag.py:539} INFO - Filling up the DagBag from /home/airflow/.local/lib/python3.8/site-packages/airflow/example_dags/example_bash_operator.py
[2023-09-29T11:02:14.765+0000] {processor.py:839} INFO - DAG(s) dict_keys(['example_bash_operator']) retrieved from /home/airflow/.local/lib/python3.8/site-packages/airflow/example_dags/example_bash_operator.py
[2023-09-29T11:02:14.778+0000] {logging_mixin.py:151} INFO - [2023-09-29T11:02:14.778+0000] {dag.py:2915} INFO - Sync 1 DAGs
[2023-09-29T11:02:14.789+0000] {logging_mixin.py:151} INFO - [2023-09-29T11:02:14.789+0000] {dag.py:3696} INFO - Setting next_dagrun for example_bash_operator to 2023-09-28T00:00:00+00:00, run_after=2023-09-29T00:00:00+00:00
[2023-09-29T11:02:14.796+0000] {processor.py:179} INFO - Processing /home/airflow/.local/lib/python3.8/site-packages/airflow/example_dags/example_bash_operator.py took 0.041 seconds
[2023-09-29T11:02:45.051+0000] {processor.py:157} INFO - Started process (PID=921) to work on /home/airflow/.local/lib/python3.8/site-packages/airflow/example_dags/example_bash_operator.py
[2023-09-29T11:02:45.052+0000] {processor.py:829} INFO - Processing file /home/airflow/.local/lib/python3.8/site-packages/airflow/example_dags/example_bash_operator.py for tasks to queue
[2023-09-29T11:02:45.053+0000] {logging_mixin.py:151} INFO - [2023-09-29T11:02:45.053+0000] {dagbag.py:539} INFO - Filling up the DagBag from /home/airflow/.local/lib/python3.8/site-packages/airflow/example_dags/example_bash_operator.py
[2023-09-29T11:02:45.058+0000] {processor.py:839} INFO - DAG(s) dict_keys(['example_bash_operator']) retrieved from /home/airflow/.local/lib/python3.8/site-packages/airflow/example_dags/example_bash_operator.py
[2023-09-29T11:02:45.071+0000] {logging_mixin.py:151} INFO - [2023-09-29T11:02:45.071+0000] {dag.py:2915} INFO - Sync 1 DAGs
[2023-09-29T11:02:45.081+0000] {logging_mixin.py:151} INFO - [2023-09-29T11:02:45.081+0000] {dag.py:3696} INFO - Setting next_dagrun for example_bash_operator to 2023-09-28T00:00:00+00:00, run_after=2023-09-29T00:00:00+00:00
[2023-09-29T11:02:45.088+0000] {processor.py:179} INFO - Processing /home/airflow/.local/lib/python3.8/site-packages/airflow/example_dags/example_bash_operator.py took 0.039 seconds
[2023-09-29T11:03:16.293+0000] {processor.py:157} INFO - Started process (PID=977) to work on /home/airflow/.local/lib/python3.8/site-packages/airflow/example_dags/example_bash_operator.py
[2023-09-29T11:03:16.293+0000] {processor.py:829} INFO - Processing file /home/airflow/.local/lib/python3.8/site-packages/airflow/example_dags/example_bash_operator.py for tasks to queue
[2023-09-29T11:03:16.295+0000] {logging_mixin.py:151} INFO - [2023-09-29T11:03:16.294+0000] {dagbag.py:539} INFO - Filling up the DagBag from /home/airflow/.local/lib/python3.8/site-packages/airflow/example_dags/example_bash_operator.py
[2023-09-29T11:03:16.300+0000] {processor.py:839} INFO - DAG(s) dict_keys(['example_bash_operator']) retrieved from /home/airflow/.local/lib/python3.8/site-packages/airflow/example_dags/example_bash_operator.py
[2023-09-29T11:03:16.314+0000] {logging_mixin.py:151} INFO - [2023-09-29T11:03:16.314+0000] {dag.py:2915} INFO - Sync 1 DAGs
[2023-09-29T11:03:16.324+0000] {logging_mixin.py:151} INFO - [2023-09-29T11:03:16.324+0000] {dag.py:3696} INFO - Setting next_dagrun for example_bash_operator to 2023-09-28T00:00:00+00:00, run_after=2023-09-29T00:00:00+00:00
[2023-09-29T11:03:16.332+0000] {processor.py:179} INFO - Processing /home/airflow/.local/lib/python3.8/site-packages/airflow/example_dags/example_bash_operator.py took 0.041 seconds
[2023-09-29T11:03:46.498+0000] {processor.py:157} INFO - Started process (PID=1034) to work on /home/airflow/.local/lib/python3.8/site-packages/airflow/example_dags/example_bash_operator.py
[2023-09-29T11:03:46.499+0000] {processor.py:829} INFO - Processing file /home/airflow/.local/lib/python3.8/site-packages/airflow/example_dags/example_bash_operator.py for tasks to queue
[2023-09-29T11:03:46.500+0000] {logging_mixin.py:151} INFO - [2023-09-29T11:03:46.500+0000] {dagbag.py:539} INFO - Filling up the DagBag from /home/airflow/.local/lib/python3.8/site-packages/airflow/example_dags/example_bash_operator.py
[2023-09-29T11:03:46.506+0000] {processor.py:839} INFO - DAG(s) dict_keys(['example_bash_operator']) retrieved from /home/airflow/.local/lib/python3.8/site-packages/airflow/example_dags/example_bash_operator.py
[2023-09-29T11:03:46.520+0000] {logging_mixin.py:151} INFO - [2023-09-29T11:03:46.520+0000] {dag.py:2915} INFO - Sync 1 DAGs
[2023-09-29T11:03:46.532+0000] {logging_mixin.py:151} INFO - [2023-09-29T11:03:46.532+0000] {dag.py:3696} INFO - Setting next_dagrun for example_bash_operator to 2023-09-28T00:00:00+00:00, run_after=2023-09-29T00:00:00+00:00
[2023-09-29T11:03:46.541+0000] {processor.py:179} INFO - Processing /home/airflow/.local/lib/python3.8/site-packages/airflow/example_dags/example_bash_operator.py took 0.045 seconds
[2023-09-29T11:04:17.780+0000] {processor.py:157} INFO - Started process (PID=1091) to work on /home/airflow/.local/lib/python3.8/site-packages/airflow/example_dags/example_bash_operator.py
[2023-09-29T11:04:17.781+0000] {processor.py:829} INFO - Processing file /home/airflow/.local/lib/python3.8/site-packages/airflow/example_dags/example_bash_operator.py for tasks to queue
[2023-09-29T11:04:17.782+0000] {logging_mixin.py:151} INFO - [2023-09-29T11:04:17.782+0000] {dagbag.py:539} INFO - Filling up the DagBag from /home/airflow/.local/lib/python3.8/site-packages/airflow/example_dags/example_bash_operator.py
[2023-09-29T11:04:17.788+0000] {processor.py:839} INFO - DAG(s) dict_keys(['example_bash_operator']) retrieved from /home/airflow/.local/lib/python3.8/site-packages/airflow/example_dags/example_bash_operator.py
[2023-09-29T11:04:17.801+0000] {logging_mixin.py:151} INFO - [2023-09-29T11:04:17.801+0000] {dag.py:2915} INFO - Sync 1 DAGs
[2023-09-29T11:04:17.812+0000] {logging_mixin.py:151} INFO - [2023-09-29T11:04:17.812+0000] {dag.py:3696} INFO - Setting next_dagrun for example_bash_operator to 2023-09-28T00:00:00+00:00, run_after=2023-09-29T00:00:00+00:00
[2023-09-29T11:04:17.821+0000] {processor.py:179} INFO - Processing /home/airflow/.local/lib/python3.8/site-packages/airflow/example_dags/example_bash_operator.py took 0.043 seconds
[2023-09-29T11:04:48.904+0000] {processor.py:157} INFO - Started process (PID=1148) to work on /home/airflow/.local/lib/python3.8/site-packages/airflow/example_dags/example_bash_operator.py
[2023-09-29T11:04:48.904+0000] {processor.py:829} INFO - Processing file /home/airflow/.local/lib/python3.8/site-packages/airflow/example_dags/example_bash_operator.py for tasks to queue
[2023-09-29T11:04:48.906+0000] {logging_mixin.py:151} INFO - [2023-09-29T11:04:48.906+0000] {dagbag.py:539} INFO - Filling up the DagBag from /home/airflow/.local/lib/python3.8/site-packages/airflow/example_dags/example_bash_operator.py
[2023-09-29T11:04:48.911+0000] {processor.py:839} INFO - DAG(s) dict_keys(['example_bash_operator']) retrieved from /home/airflow/.local/lib/python3.8/site-packages/airflow/example_dags/example_bash_operator.py
[2023-09-29T11:04:48.924+0000] {logging_mixin.py:151} INFO - [2023-09-29T11:04:48.924+0000] {dag.py:2915} INFO - Sync 1 DAGs
[2023-09-29T11:04:48.933+0000] {logging_mixin.py:151} INFO - [2023-09-29T11:04:48.933+0000] {dag.py:3696} INFO - Setting next_dagrun for example_bash_operator to 2023-09-28T00:00:00+00:00, run_after=2023-09-29T00:00:00+00:00
[2023-09-29T11:04:48.940+0000] {processor.py:179} INFO - Processing /home/airflow/.local/lib/python3.8/site-packages/airflow/example_dags/example_bash_operator.py took 0.038 seconds
[2023-09-29T11:05:19.863+0000] {processor.py:157} INFO - Started process (PID=1205) to work on /home/airflow/.local/lib/python3.8/site-packages/airflow/example_dags/example_bash_operator.py
[2023-09-29T11:05:19.864+0000] {processor.py:829} INFO - Processing file /home/airflow/.local/lib/python3.8/site-packages/airflow/example_dags/example_bash_operator.py for tasks to queue
[2023-09-29T11:05:19.865+0000] {logging_mixin.py:151} INFO - [2023-09-29T11:05:19.865+0000] {dagbag.py:539} INFO - Filling up the DagBag from /home/airflow/.local/lib/python3.8/site-packages/airflow/example_dags/example_bash_operator.py
[2023-09-29T11:05:19.871+0000] {processor.py:839} INFO - DAG(s) dict_keys(['example_bash_operator']) retrieved from /home/airflow/.local/lib/python3.8/site-packages/airflow/example_dags/example_bash_operator.py
[2023-09-29T11:05:19.883+0000] {logging_mixin.py:151} INFO - [2023-09-29T11:05:19.883+0000] {dag.py:2915} INFO - Sync 1 DAGs
[2023-09-29T11:05:19.893+0000] {logging_mixin.py:151} INFO - [2023-09-29T11:05:19.893+0000] {dag.py:3696} INFO - Setting next_dagrun for example_bash_operator to 2023-09-28T00:00:00+00:00, run_after=2023-09-29T00:00:00+00:00
[2023-09-29T11:05:19.900+0000] {processor.py:179} INFO - Processing /home/airflow/.local/lib/python3.8/site-packages/airflow/example_dags/example_bash_operator.py took 0.039 seconds
[2023-09-29T11:05:50.984+0000] {processor.py:157} INFO - Started process (PID=1262) to work on /home/airflow/.local/lib/python3.8/site-packages/airflow/example_dags/example_bash_operator.py
[2023-09-29T11:05:50.984+0000] {processor.py:829} INFO - Processing file /home/airflow/.local/lib/python3.8/site-packages/airflow/example_dags/example_bash_operator.py for tasks to queue
[2023-09-29T11:05:50.986+0000] {logging_mixin.py:151} INFO - [2023-09-29T11:05:50.986+0000] {dagbag.py:539} INFO - Filling up the DagBag from /home/airflow/.local/lib/python3.8/site-packages/airflow/example_dags/example_bash_operator.py
[2023-09-29T11:05:50.991+0000] {processor.py:839} INFO - DAG(s) dict_keys(['example_bash_operator']) retrieved from /home/airflow/.local/lib/python3.8/site-packages/airflow/example_dags/example_bash_operator.py
[2023-09-29T11:05:51.004+0000] {logging_mixin.py:151} INFO - [2023-09-29T11:05:51.004+0000] {dag.py:2915} INFO - Sync 1 DAGs
[2023-09-29T11:05:51.014+0000] {logging_mixin.py:151} INFO - [2023-09-29T11:05:51.013+0000] {dag.py:3696} INFO - Setting next_dagrun for example_bash_operator to 2023-09-28T00:00:00+00:00, run_after=2023-09-29T00:00:00+00:00
[2023-09-29T11:05:51.021+0000] {processor.py:179} INFO - Processing /home/airflow/.local/lib/python3.8/site-packages/airflow/example_dags/example_bash_operator.py took 0.039 seconds
