[2023-09-29T08:49:15.589+0000] {processor.py:157} INFO - Started process (PID=60) to work on /home/airflow/.local/lib/python3.8/site-packages/airflow/example_dags/example_latest_only.py
[2023-09-29T08:49:15.590+0000] {processor.py:829} INFO - Processing file /home/airflow/.local/lib/python3.8/site-packages/airflow/example_dags/example_latest_only.py for tasks to queue
[2023-09-29T08:49:15.593+0000] {logging_mixin.py:151} INFO - [2023-09-29T08:49:15.592+0000] {dagbag.py:539} INFO - Filling up the DagBag from /home/airflow/.local/lib/python3.8/site-packages/airflow/example_dags/example_latest_only.py
[2023-09-29T08:49:15.605+0000] {processor.py:839} INFO - DAG(s) dict_keys(['latest_only']) retrieved from /home/airflow/.local/lib/python3.8/site-packages/airflow/example_dags/example_latest_only.py
[2023-09-29T08:49:15.621+0000] {logging_mixin.py:151} INFO - [2023-09-29T08:49:15.620+0000] {dag.py:2915} INFO - Sync 1 DAGs
[2023-09-29T08:49:15.710+0000] {logging_mixin.py:151} INFO - [2023-09-29T08:49:15.710+0000] {dag.py:3696} INFO - Setting next_dagrun for latest_only to 2023-09-29T04:49:15.709944+00:00, run_after=2023-09-29T08:49:15.709944+00:00
[2023-09-29T08:49:15.740+0000] {processor.py:179} INFO - Processing /home/airflow/.local/lib/python3.8/site-packages/airflow/example_dags/example_latest_only.py took 0.153 seconds
[2023-09-29T08:49:46.505+0000] {processor.py:157} INFO - Started process (PID=117) to work on /home/airflow/.local/lib/python3.8/site-packages/airflow/example_dags/example_latest_only.py
[2023-09-29T08:49:46.506+0000] {processor.py:829} INFO - Processing file /home/airflow/.local/lib/python3.8/site-packages/airflow/example_dags/example_latest_only.py for tasks to queue
[2023-09-29T08:49:46.507+0000] {logging_mixin.py:151} INFO - [2023-09-29T08:49:46.507+0000] {dagbag.py:539} INFO - Filling up the DagBag from /home/airflow/.local/lib/python3.8/site-packages/airflow/example_dags/example_latest_only.py
[2023-09-29T08:49:46.510+0000] {processor.py:839} INFO - DAG(s) dict_keys(['latest_only']) retrieved from /home/airflow/.local/lib/python3.8/site-packages/airflow/example_dags/example_latest_only.py
[2023-09-29T08:49:46.520+0000] {logging_mixin.py:151} INFO - [2023-09-29T08:49:46.520+0000] {dag.py:2915} INFO - Sync 1 DAGs
[2023-09-29T08:49:46.529+0000] {logging_mixin.py:151} INFO - [2023-09-29T08:49:46.529+0000] {dag.py:3696} INFO - Setting next_dagrun for latest_only to 2023-09-29T04:49:46.529602+00:00, run_after=2023-09-29T08:49:46.529602+00:00
[2023-09-29T08:49:46.536+0000] {processor.py:179} INFO - Processing /home/airflow/.local/lib/python3.8/site-packages/airflow/example_dags/example_latest_only.py took 0.033 seconds
[2023-09-29T08:50:17.031+0000] {processor.py:157} INFO - Started process (PID=174) to work on /home/airflow/.local/lib/python3.8/site-packages/airflow/example_dags/example_latest_only.py
[2023-09-29T08:50:17.032+0000] {processor.py:829} INFO - Processing file /home/airflow/.local/lib/python3.8/site-packages/airflow/example_dags/example_latest_only.py for tasks to queue
[2023-09-29T08:50:17.033+0000] {logging_mixin.py:151} INFO - [2023-09-29T08:50:17.033+0000] {dagbag.py:539} INFO - Filling up the DagBag from /home/airflow/.local/lib/python3.8/site-packages/airflow/example_dags/example_latest_only.py
[2023-09-29T08:50:17.036+0000] {processor.py:839} INFO - DAG(s) dict_keys(['latest_only']) retrieved from /home/airflow/.local/lib/python3.8/site-packages/airflow/example_dags/example_latest_only.py
[2023-09-29T08:50:17.046+0000] {logging_mixin.py:151} INFO - [2023-09-29T08:50:17.045+0000] {dag.py:2915} INFO - Sync 1 DAGs
[2023-09-29T08:50:17.055+0000] {logging_mixin.py:151} INFO - [2023-09-29T08:50:17.055+0000] {dag.py:3696} INFO - Setting next_dagrun for latest_only to 2023-09-29T04:50:17.055439+00:00, run_after=2023-09-29T08:50:17.055439+00:00
[2023-09-29T08:50:17.062+0000] {processor.py:179} INFO - Processing /home/airflow/.local/lib/python3.8/site-packages/airflow/example_dags/example_latest_only.py took 0.032 seconds
[2023-09-29T08:50:47.360+0000] {processor.py:157} INFO - Started process (PID=231) to work on /home/airflow/.local/lib/python3.8/site-packages/airflow/example_dags/example_latest_only.py
[2023-09-29T08:50:47.362+0000] {processor.py:829} INFO - Processing file /home/airflow/.local/lib/python3.8/site-packages/airflow/example_dags/example_latest_only.py for tasks to queue
[2023-09-29T08:50:47.364+0000] {logging_mixin.py:151} INFO - [2023-09-29T08:50:47.363+0000] {dagbag.py:539} INFO - Filling up the DagBag from /home/airflow/.local/lib/python3.8/site-packages/airflow/example_dags/example_latest_only.py
[2023-09-29T08:50:47.366+0000] {processor.py:839} INFO - DAG(s) dict_keys(['latest_only']) retrieved from /home/airflow/.local/lib/python3.8/site-packages/airflow/example_dags/example_latest_only.py
[2023-09-29T08:50:47.376+0000] {logging_mixin.py:151} INFO - [2023-09-29T08:50:47.376+0000] {dag.py:2915} INFO - Sync 1 DAGs
[2023-09-29T08:50:47.386+0000] {logging_mixin.py:151} INFO - [2023-09-29T08:50:47.386+0000] {dag.py:3696} INFO - Setting next_dagrun for latest_only to 2023-09-29T04:50:47.386323+00:00, run_after=2023-09-29T08:50:47.386323+00:00
[2023-09-29T08:50:47.393+0000] {processor.py:179} INFO - Processing /home/airflow/.local/lib/python3.8/site-packages/airflow/example_dags/example_latest_only.py took 0.035 seconds
[2023-09-29T08:51:17.512+0000] {processor.py:157} INFO - Started process (PID=288) to work on /home/airflow/.local/lib/python3.8/site-packages/airflow/example_dags/example_latest_only.py
[2023-09-29T08:51:17.513+0000] {processor.py:829} INFO - Processing file /home/airflow/.local/lib/python3.8/site-packages/airflow/example_dags/example_latest_only.py for tasks to queue
[2023-09-29T08:51:17.514+0000] {logging_mixin.py:151} INFO - [2023-09-29T08:51:17.514+0000] {dagbag.py:539} INFO - Filling up the DagBag from /home/airflow/.local/lib/python3.8/site-packages/airflow/example_dags/example_latest_only.py
[2023-09-29T08:51:17.517+0000] {processor.py:839} INFO - DAG(s) dict_keys(['latest_only']) retrieved from /home/airflow/.local/lib/python3.8/site-packages/airflow/example_dags/example_latest_only.py
[2023-09-29T08:51:17.527+0000] {logging_mixin.py:151} INFO - [2023-09-29T08:51:17.526+0000] {dag.py:2915} INFO - Sync 1 DAGs
[2023-09-29T08:51:17.536+0000] {logging_mixin.py:151} INFO - [2023-09-29T08:51:17.536+0000] {dag.py:3696} INFO - Setting next_dagrun for latest_only to 2023-09-29T04:51:17.536007+00:00, run_after=2023-09-29T08:51:17.536007+00:00
[2023-09-29T08:51:17.543+0000] {processor.py:179} INFO - Processing /home/airflow/.local/lib/python3.8/site-packages/airflow/example_dags/example_latest_only.py took 0.032 seconds
[2023-09-29T08:51:48.736+0000] {processor.py:157} INFO - Started process (PID=345) to work on /home/airflow/.local/lib/python3.8/site-packages/airflow/example_dags/example_latest_only.py
[2023-09-29T08:51:48.737+0000] {processor.py:829} INFO - Processing file /home/airflow/.local/lib/python3.8/site-packages/airflow/example_dags/example_latest_only.py for tasks to queue
[2023-09-29T08:51:48.738+0000] {logging_mixin.py:151} INFO - [2023-09-29T08:51:48.738+0000] {dagbag.py:539} INFO - Filling up the DagBag from /home/airflow/.local/lib/python3.8/site-packages/airflow/example_dags/example_latest_only.py
[2023-09-29T08:51:48.741+0000] {processor.py:839} INFO - DAG(s) dict_keys(['latest_only']) retrieved from /home/airflow/.local/lib/python3.8/site-packages/airflow/example_dags/example_latest_only.py
[2023-09-29T08:51:48.750+0000] {logging_mixin.py:151} INFO - [2023-09-29T08:51:48.750+0000] {dag.py:2915} INFO - Sync 1 DAGs
[2023-09-29T08:51:48.759+0000] {logging_mixin.py:151} INFO - [2023-09-29T08:51:48.759+0000] {dag.py:3696} INFO - Setting next_dagrun for latest_only to 2023-09-29T04:51:48.759131+00:00, run_after=2023-09-29T08:51:48.759131+00:00
[2023-09-29T08:51:48.765+0000] {processor.py:179} INFO - Processing /home/airflow/.local/lib/python3.8/site-packages/airflow/example_dags/example_latest_only.py took 0.031 seconds
[2023-09-29T08:52:20.349+0000] {processor.py:157} INFO - Started process (PID=402) to work on /home/airflow/.local/lib/python3.8/site-packages/airflow/example_dags/example_latest_only.py
[2023-09-29T08:52:20.350+0000] {processor.py:829} INFO - Processing file /home/airflow/.local/lib/python3.8/site-packages/airflow/example_dags/example_latest_only.py for tasks to queue
[2023-09-29T08:52:20.351+0000] {logging_mixin.py:151} INFO - [2023-09-29T08:52:20.351+0000] {dagbag.py:539} INFO - Filling up the DagBag from /home/airflow/.local/lib/python3.8/site-packages/airflow/example_dags/example_latest_only.py
[2023-09-29T08:52:20.354+0000] {processor.py:839} INFO - DAG(s) dict_keys(['latest_only']) retrieved from /home/airflow/.local/lib/python3.8/site-packages/airflow/example_dags/example_latest_only.py
[2023-09-29T08:52:20.363+0000] {logging_mixin.py:151} INFO - [2023-09-29T08:52:20.363+0000] {dag.py:2915} INFO - Sync 1 DAGs
[2023-09-29T08:52:20.373+0000] {logging_mixin.py:151} INFO - [2023-09-29T08:52:20.372+0000] {dag.py:3696} INFO - Setting next_dagrun for latest_only to 2023-09-29T04:52:20.372828+00:00, run_after=2023-09-29T08:52:20.372828+00:00
[2023-09-29T08:52:20.379+0000] {processor.py:179} INFO - Processing /home/airflow/.local/lib/python3.8/site-packages/airflow/example_dags/example_latest_only.py took 0.032 seconds
[2023-09-29T08:52:50.478+0000] {processor.py:157} INFO - Started process (PID=459) to work on /home/airflow/.local/lib/python3.8/site-packages/airflow/example_dags/example_latest_only.py
[2023-09-29T08:52:50.478+0000] {processor.py:829} INFO - Processing file /home/airflow/.local/lib/python3.8/site-packages/airflow/example_dags/example_latest_only.py for tasks to queue
[2023-09-29T08:52:50.479+0000] {logging_mixin.py:151} INFO - [2023-09-29T08:52:50.479+0000] {dagbag.py:539} INFO - Filling up the DagBag from /home/airflow/.local/lib/python3.8/site-packages/airflow/example_dags/example_latest_only.py
[2023-09-29T08:52:50.482+0000] {processor.py:839} INFO - DAG(s) dict_keys(['latest_only']) retrieved from /home/airflow/.local/lib/python3.8/site-packages/airflow/example_dags/example_latest_only.py
[2023-09-29T08:52:50.492+0000] {logging_mixin.py:151} INFO - [2023-09-29T08:52:50.492+0000] {dag.py:2915} INFO - Sync 1 DAGs
[2023-09-29T08:52:50.501+0000] {logging_mixin.py:151} INFO - [2023-09-29T08:52:50.501+0000] {dag.py:3696} INFO - Setting next_dagrun for latest_only to 2023-09-29T04:52:50.501446+00:00, run_after=2023-09-29T08:52:50.501446+00:00
[2023-09-29T08:52:50.508+0000] {processor.py:179} INFO - Processing /home/airflow/.local/lib/python3.8/site-packages/airflow/example_dags/example_latest_only.py took 0.032 seconds
[2023-09-29T08:53:21.975+0000] {processor.py:157} INFO - Started process (PID=516) to work on /home/airflow/.local/lib/python3.8/site-packages/airflow/example_dags/example_latest_only.py
[2023-09-29T08:53:21.975+0000] {processor.py:829} INFO - Processing file /home/airflow/.local/lib/python3.8/site-packages/airflow/example_dags/example_latest_only.py for tasks to queue
[2023-09-29T08:53:21.977+0000] {logging_mixin.py:151} INFO - [2023-09-29T08:53:21.976+0000] {dagbag.py:539} INFO - Filling up the DagBag from /home/airflow/.local/lib/python3.8/site-packages/airflow/example_dags/example_latest_only.py
[2023-09-29T08:53:21.979+0000] {processor.py:839} INFO - DAG(s) dict_keys(['latest_only']) retrieved from /home/airflow/.local/lib/python3.8/site-packages/airflow/example_dags/example_latest_only.py
[2023-09-29T08:53:21.989+0000] {logging_mixin.py:151} INFO - [2023-09-29T08:53:21.989+0000] {dag.py:2915} INFO - Sync 1 DAGs
[2023-09-29T08:53:21.998+0000] {logging_mixin.py:151} INFO - [2023-09-29T08:53:21.998+0000] {dag.py:3696} INFO - Setting next_dagrun for latest_only to 2023-09-29T04:53:21.998054+00:00, run_after=2023-09-29T08:53:21.998054+00:00
[2023-09-29T08:53:22.004+0000] {processor.py:179} INFO - Processing /home/airflow/.local/lib/python3.8/site-packages/airflow/example_dags/example_latest_only.py took 0.031 seconds
[2023-09-29T08:53:52.319+0000] {processor.py:157} INFO - Started process (PID=573) to work on /home/airflow/.local/lib/python3.8/site-packages/airflow/example_dags/example_latest_only.py
[2023-09-29T08:53:52.320+0000] {processor.py:829} INFO - Processing file /home/airflow/.local/lib/python3.8/site-packages/airflow/example_dags/example_latest_only.py for tasks to queue
[2023-09-29T08:53:52.322+0000] {logging_mixin.py:151} INFO - [2023-09-29T08:53:52.322+0000] {dagbag.py:539} INFO - Filling up the DagBag from /home/airflow/.local/lib/python3.8/site-packages/airflow/example_dags/example_latest_only.py
[2023-09-29T08:53:52.328+0000] {processor.py:839} INFO - DAG(s) dict_keys(['latest_only']) retrieved from /home/airflow/.local/lib/python3.8/site-packages/airflow/example_dags/example_latest_only.py
[2023-09-29T08:53:52.342+0000] {logging_mixin.py:151} INFO - [2023-09-29T08:53:52.342+0000] {dag.py:2915} INFO - Sync 1 DAGs
[2023-09-29T08:53:52.362+0000] {logging_mixin.py:151} INFO - [2023-09-29T08:53:52.361+0000] {dag.py:3696} INFO - Setting next_dagrun for latest_only to 2023-09-29T04:53:52.361798+00:00, run_after=2023-09-29T08:53:52.361798+00:00
[2023-09-29T08:53:52.371+0000] {processor.py:179} INFO - Processing /home/airflow/.local/lib/python3.8/site-packages/airflow/example_dags/example_latest_only.py took 0.054 seconds
[2023-09-29T08:54:22.678+0000] {processor.py:157} INFO - Started process (PID=630) to work on /home/airflow/.local/lib/python3.8/site-packages/airflow/example_dags/example_latest_only.py
[2023-09-29T08:54:22.680+0000] {processor.py:829} INFO - Processing file /home/airflow/.local/lib/python3.8/site-packages/airflow/example_dags/example_latest_only.py for tasks to queue
[2023-09-29T08:54:22.682+0000] {logging_mixin.py:151} INFO - [2023-09-29T08:54:22.682+0000] {dagbag.py:539} INFO - Filling up the DagBag from /home/airflow/.local/lib/python3.8/site-packages/airflow/example_dags/example_latest_only.py
[2023-09-29T08:54:22.688+0000] {processor.py:839} INFO - DAG(s) dict_keys(['latest_only']) retrieved from /home/airflow/.local/lib/python3.8/site-packages/airflow/example_dags/example_latest_only.py
[2023-09-29T08:54:22.706+0000] {logging_mixin.py:151} INFO - [2023-09-29T08:54:22.706+0000] {dag.py:2915} INFO - Sync 1 DAGs
[2023-09-29T08:54:22.723+0000] {logging_mixin.py:151} INFO - [2023-09-29T08:54:22.723+0000] {dag.py:3696} INFO - Setting next_dagrun for latest_only to 2023-09-29T04:54:22.723036+00:00, run_after=2023-09-29T08:54:22.723036+00:00
[2023-09-29T08:54:22.731+0000] {processor.py:179} INFO - Processing /home/airflow/.local/lib/python3.8/site-packages/airflow/example_dags/example_latest_only.py took 0.057 seconds
[2023-09-29T08:54:53.064+0000] {processor.py:157} INFO - Started process (PID=687) to work on /home/airflow/.local/lib/python3.8/site-packages/airflow/example_dags/example_latest_only.py
[2023-09-29T08:54:53.065+0000] {processor.py:829} INFO - Processing file /home/airflow/.local/lib/python3.8/site-packages/airflow/example_dags/example_latest_only.py for tasks to queue
[2023-09-29T08:54:53.066+0000] {logging_mixin.py:151} INFO - [2023-09-29T08:54:53.066+0000] {dagbag.py:539} INFO - Filling up the DagBag from /home/airflow/.local/lib/python3.8/site-packages/airflow/example_dags/example_latest_only.py
[2023-09-29T08:54:53.069+0000] {processor.py:839} INFO - DAG(s) dict_keys(['latest_only']) retrieved from /home/airflow/.local/lib/python3.8/site-packages/airflow/example_dags/example_latest_only.py
[2023-09-29T08:54:53.079+0000] {logging_mixin.py:151} INFO - [2023-09-29T08:54:53.078+0000] {dag.py:2915} INFO - Sync 1 DAGs
[2023-09-29T08:54:53.088+0000] {logging_mixin.py:151} INFO - [2023-09-29T08:54:53.088+0000] {dag.py:3696} INFO - Setting next_dagrun for latest_only to 2023-09-29T04:54:53.088584+00:00, run_after=2023-09-29T08:54:53.088584+00:00
[2023-09-29T08:54:53.096+0000] {processor.py:179} INFO - Processing /home/airflow/.local/lib/python3.8/site-packages/airflow/example_dags/example_latest_only.py took 0.034 seconds
[2023-09-29T08:55:24.424+0000] {processor.py:157} INFO - Started process (PID=744) to work on /home/airflow/.local/lib/python3.8/site-packages/airflow/example_dags/example_latest_only.py
[2023-09-29T08:55:24.425+0000] {processor.py:829} INFO - Processing file /home/airflow/.local/lib/python3.8/site-packages/airflow/example_dags/example_latest_only.py for tasks to queue
[2023-09-29T08:55:24.426+0000] {logging_mixin.py:151} INFO - [2023-09-29T08:55:24.426+0000] {dagbag.py:539} INFO - Filling up the DagBag from /home/airflow/.local/lib/python3.8/site-packages/airflow/example_dags/example_latest_only.py
[2023-09-29T08:55:24.429+0000] {processor.py:839} INFO - DAG(s) dict_keys(['latest_only']) retrieved from /home/airflow/.local/lib/python3.8/site-packages/airflow/example_dags/example_latest_only.py
[2023-09-29T08:55:24.438+0000] {logging_mixin.py:151} INFO - [2023-09-29T08:55:24.438+0000] {dag.py:2915} INFO - Sync 1 DAGs
[2023-09-29T08:55:24.448+0000] {logging_mixin.py:151} INFO - [2023-09-29T08:55:24.447+0000] {dag.py:3696} INFO - Setting next_dagrun for latest_only to 2023-09-29T04:55:24.447876+00:00, run_after=2023-09-29T08:55:24.447876+00:00
[2023-09-29T08:55:24.454+0000] {processor.py:179} INFO - Processing /home/airflow/.local/lib/python3.8/site-packages/airflow/example_dags/example_latest_only.py took 0.031 seconds
[2023-09-29T08:55:55.540+0000] {processor.py:157} INFO - Started process (PID=801) to work on /home/airflow/.local/lib/python3.8/site-packages/airflow/example_dags/example_latest_only.py
[2023-09-29T08:55:55.541+0000] {processor.py:829} INFO - Processing file /home/airflow/.local/lib/python3.8/site-packages/airflow/example_dags/example_latest_only.py for tasks to queue
[2023-09-29T08:55:55.542+0000] {logging_mixin.py:151} INFO - [2023-09-29T08:55:55.542+0000] {dagbag.py:539} INFO - Filling up the DagBag from /home/airflow/.local/lib/python3.8/site-packages/airflow/example_dags/example_latest_only.py
[2023-09-29T08:55:55.546+0000] {processor.py:839} INFO - DAG(s) dict_keys(['latest_only']) retrieved from /home/airflow/.local/lib/python3.8/site-packages/airflow/example_dags/example_latest_only.py
[2023-09-29T08:55:55.557+0000] {logging_mixin.py:151} INFO - [2023-09-29T08:55:55.557+0000] {dag.py:2915} INFO - Sync 1 DAGs
[2023-09-29T08:55:55.566+0000] {logging_mixin.py:151} INFO - [2023-09-29T08:55:55.566+0000] {dag.py:3696} INFO - Setting next_dagrun for latest_only to 2023-09-29T04:55:55.566543+00:00, run_after=2023-09-29T08:55:55.566543+00:00
[2023-09-29T08:55:55.573+0000] {processor.py:179} INFO - Processing /home/airflow/.local/lib/python3.8/site-packages/airflow/example_dags/example_latest_only.py took 0.035 seconds
[2023-09-29T08:56:26.820+0000] {processor.py:157} INFO - Started process (PID=858) to work on /home/airflow/.local/lib/python3.8/site-packages/airflow/example_dags/example_latest_only.py
[2023-09-29T08:56:26.820+0000] {processor.py:829} INFO - Processing file /home/airflow/.local/lib/python3.8/site-packages/airflow/example_dags/example_latest_only.py for tasks to queue
[2023-09-29T08:56:26.821+0000] {logging_mixin.py:151} INFO - [2023-09-29T08:56:26.821+0000] {dagbag.py:539} INFO - Filling up the DagBag from /home/airflow/.local/lib/python3.8/site-packages/airflow/example_dags/example_latest_only.py
[2023-09-29T08:56:26.824+0000] {processor.py:839} INFO - DAG(s) dict_keys(['latest_only']) retrieved from /home/airflow/.local/lib/python3.8/site-packages/airflow/example_dags/example_latest_only.py
[2023-09-29T08:56:26.835+0000] {logging_mixin.py:151} INFO - [2023-09-29T08:56:26.834+0000] {dag.py:2915} INFO - Sync 1 DAGs
[2023-09-29T08:56:26.844+0000] {logging_mixin.py:151} INFO - [2023-09-29T08:56:26.844+0000] {dag.py:3696} INFO - Setting next_dagrun for latest_only to 2023-09-29T04:56:26.844262+00:00, run_after=2023-09-29T08:56:26.844262+00:00
[2023-09-29T08:56:26.850+0000] {processor.py:179} INFO - Processing /home/airflow/.local/lib/python3.8/site-packages/airflow/example_dags/example_latest_only.py took 0.032 seconds
[2023-09-29T10:55:02.000+0000] {processor.py:157} INFO - Started process (PID=60) to work on /home/airflow/.local/lib/python3.8/site-packages/airflow/example_dags/example_latest_only.py
[2023-09-29T10:55:02.004+0000] {processor.py:829} INFO - Processing file /home/airflow/.local/lib/python3.8/site-packages/airflow/example_dags/example_latest_only.py for tasks to queue
[2023-09-29T10:55:02.017+0000] {logging_mixin.py:151} INFO - [2023-09-29T10:55:02.016+0000] {dagbag.py:539} INFO - Filling up the DagBag from /home/airflow/.local/lib/python3.8/site-packages/airflow/example_dags/example_latest_only.py
[2023-09-29T10:55:02.026+0000] {processor.py:839} INFO - DAG(s) dict_keys(['latest_only']) retrieved from /home/airflow/.local/lib/python3.8/site-packages/airflow/example_dags/example_latest_only.py
[2023-09-29T10:55:02.045+0000] {logging_mixin.py:151} INFO - [2023-09-29T10:55:02.045+0000] {dag.py:2915} INFO - Sync 1 DAGs
[2023-09-29T10:55:02.070+0000] {logging_mixin.py:151} INFO - [2023-09-29T10:55:02.070+0000] {dag.py:3696} INFO - Setting next_dagrun for latest_only to 2023-09-29T06:55:02.069933+00:00, run_after=2023-09-29T10:55:02.069933+00:00
[2023-09-29T10:55:02.085+0000] {processor.py:179} INFO - Processing /home/airflow/.local/lib/python3.8/site-packages/airflow/example_dags/example_latest_only.py took 0.092 seconds
[2023-09-29T10:55:32.772+0000] {processor.py:157} INFO - Started process (PID=116) to work on /home/airflow/.local/lib/python3.8/site-packages/airflow/example_dags/example_latest_only.py
[2023-09-29T10:55:32.773+0000] {processor.py:829} INFO - Processing file /home/airflow/.local/lib/python3.8/site-packages/airflow/example_dags/example_latest_only.py for tasks to queue
[2023-09-29T10:55:32.774+0000] {logging_mixin.py:151} INFO - [2023-09-29T10:55:32.774+0000] {dagbag.py:539} INFO - Filling up the DagBag from /home/airflow/.local/lib/python3.8/site-packages/airflow/example_dags/example_latest_only.py
[2023-09-29T10:55:32.777+0000] {processor.py:839} INFO - DAG(s) dict_keys(['latest_only']) retrieved from /home/airflow/.local/lib/python3.8/site-packages/airflow/example_dags/example_latest_only.py
[2023-09-29T10:55:32.787+0000] {logging_mixin.py:151} INFO - [2023-09-29T10:55:32.787+0000] {dag.py:2915} INFO - Sync 1 DAGs
[2023-09-29T10:55:32.798+0000] {logging_mixin.py:151} INFO - [2023-09-29T10:55:32.798+0000] {dag.py:3696} INFO - Setting next_dagrun for latest_only to 2023-09-29T06:55:32.797860+00:00, run_after=2023-09-29T10:55:32.797860+00:00
[2023-09-29T10:55:32.807+0000] {processor.py:179} INFO - Processing /home/airflow/.local/lib/python3.8/site-packages/airflow/example_dags/example_latest_only.py took 0.037 seconds
[2023-09-29T10:56:03.949+0000] {processor.py:157} INFO - Started process (PID=173) to work on /home/airflow/.local/lib/python3.8/site-packages/airflow/example_dags/example_latest_only.py
[2023-09-29T10:56:03.950+0000] {processor.py:829} INFO - Processing file /home/airflow/.local/lib/python3.8/site-packages/airflow/example_dags/example_latest_only.py for tasks to queue
[2023-09-29T10:56:03.951+0000] {logging_mixin.py:151} INFO - [2023-09-29T10:56:03.951+0000] {dagbag.py:539} INFO - Filling up the DagBag from /home/airflow/.local/lib/python3.8/site-packages/airflow/example_dags/example_latest_only.py
[2023-09-29T10:56:03.954+0000] {processor.py:839} INFO - DAG(s) dict_keys(['latest_only']) retrieved from /home/airflow/.local/lib/python3.8/site-packages/airflow/example_dags/example_latest_only.py
[2023-09-29T10:56:03.965+0000] {logging_mixin.py:151} INFO - [2023-09-29T10:56:03.965+0000] {dag.py:2915} INFO - Sync 1 DAGs
[2023-09-29T10:56:03.975+0000] {logging_mixin.py:151} INFO - [2023-09-29T10:56:03.974+0000] {dag.py:3696} INFO - Setting next_dagrun for latest_only to 2023-09-29T06:56:03.974806+00:00, run_after=2023-09-29T10:56:03.974806+00:00
[2023-09-29T10:56:03.982+0000] {processor.py:179} INFO - Processing /home/airflow/.local/lib/python3.8/site-packages/airflow/example_dags/example_latest_only.py took 0.035 seconds
[2023-09-29T10:56:34.382+0000] {processor.py:157} INFO - Started process (PID=230) to work on /home/airflow/.local/lib/python3.8/site-packages/airflow/example_dags/example_latest_only.py
[2023-09-29T10:56:34.383+0000] {processor.py:829} INFO - Processing file /home/airflow/.local/lib/python3.8/site-packages/airflow/example_dags/example_latest_only.py for tasks to queue
[2023-09-29T10:56:34.384+0000] {logging_mixin.py:151} INFO - [2023-09-29T10:56:34.384+0000] {dagbag.py:539} INFO - Filling up the DagBag from /home/airflow/.local/lib/python3.8/site-packages/airflow/example_dags/example_latest_only.py
[2023-09-29T10:56:34.388+0000] {processor.py:839} INFO - DAG(s) dict_keys(['latest_only']) retrieved from /home/airflow/.local/lib/python3.8/site-packages/airflow/example_dags/example_latest_only.py
[2023-09-29T10:56:34.399+0000] {logging_mixin.py:151} INFO - [2023-09-29T10:56:34.399+0000] {dag.py:2915} INFO - Sync 1 DAGs
[2023-09-29T10:56:34.408+0000] {logging_mixin.py:151} INFO - [2023-09-29T10:56:34.408+0000] {dag.py:3696} INFO - Setting next_dagrun for latest_only to 2023-09-29T06:56:34.408165+00:00, run_after=2023-09-29T10:56:34.408165+00:00
[2023-09-29T10:56:34.416+0000] {processor.py:179} INFO - Processing /home/airflow/.local/lib/python3.8/site-packages/airflow/example_dags/example_latest_only.py took 0.036 seconds
[2023-09-29T10:57:04.884+0000] {processor.py:157} INFO - Started process (PID=288) to work on /home/airflow/.local/lib/python3.8/site-packages/airflow/example_dags/example_latest_only.py
[2023-09-29T10:57:04.884+0000] {processor.py:829} INFO - Processing file /home/airflow/.local/lib/python3.8/site-packages/airflow/example_dags/example_latest_only.py for tasks to queue
[2023-09-29T10:57:04.886+0000] {logging_mixin.py:151} INFO - [2023-09-29T10:57:04.886+0000] {dagbag.py:539} INFO - Filling up the DagBag from /home/airflow/.local/lib/python3.8/site-packages/airflow/example_dags/example_latest_only.py
[2023-09-29T10:57:04.890+0000] {processor.py:839} INFO - DAG(s) dict_keys(['latest_only']) retrieved from /home/airflow/.local/lib/python3.8/site-packages/airflow/example_dags/example_latest_only.py
[2023-09-29T10:57:04.900+0000] {logging_mixin.py:151} INFO - [2023-09-29T10:57:04.900+0000] {dag.py:2915} INFO - Sync 1 DAGs
[2023-09-29T10:57:04.911+0000] {logging_mixin.py:151} INFO - [2023-09-29T10:57:04.911+0000] {dag.py:3696} INFO - Setting next_dagrun for latest_only to 2023-09-29T06:57:04.911011+00:00, run_after=2023-09-29T10:57:04.911011+00:00
[2023-09-29T10:57:04.919+0000] {processor.py:179} INFO - Processing /home/airflow/.local/lib/python3.8/site-packages/airflow/example_dags/example_latest_only.py took 0.037 seconds
[2023-09-29T10:57:35.219+0000] {processor.py:157} INFO - Started process (PID=345) to work on /home/airflow/.local/lib/python3.8/site-packages/airflow/example_dags/example_latest_only.py
[2023-09-29T10:57:35.220+0000] {processor.py:829} INFO - Processing file /home/airflow/.local/lib/python3.8/site-packages/airflow/example_dags/example_latest_only.py for tasks to queue
[2023-09-29T10:57:35.221+0000] {logging_mixin.py:151} INFO - [2023-09-29T10:57:35.221+0000] {dagbag.py:539} INFO - Filling up the DagBag from /home/airflow/.local/lib/python3.8/site-packages/airflow/example_dags/example_latest_only.py
[2023-09-29T10:57:35.224+0000] {processor.py:839} INFO - DAG(s) dict_keys(['latest_only']) retrieved from /home/airflow/.local/lib/python3.8/site-packages/airflow/example_dags/example_latest_only.py
[2023-09-29T10:57:35.247+0000] {logging_mixin.py:151} INFO - [2023-09-29T10:57:35.247+0000] {dag.py:2915} INFO - Sync 1 DAGs
[2023-09-29T10:57:35.260+0000] {logging_mixin.py:151} INFO - [2023-09-29T10:57:35.260+0000] {dag.py:3696} INFO - Setting next_dagrun for latest_only to 2023-09-29T06:57:35.260314+00:00, run_after=2023-09-29T10:57:35.260314+00:00
[2023-09-29T10:57:35.269+0000] {processor.py:179} INFO - Processing /home/airflow/.local/lib/python3.8/site-packages/airflow/example_dags/example_latest_only.py took 0.051 seconds
[2023-09-29T10:58:06.323+0000] {processor.py:157} INFO - Started process (PID=402) to work on /home/airflow/.local/lib/python3.8/site-packages/airflow/example_dags/example_latest_only.py
[2023-09-29T10:58:06.324+0000] {processor.py:829} INFO - Processing file /home/airflow/.local/lib/python3.8/site-packages/airflow/example_dags/example_latest_only.py for tasks to queue
[2023-09-29T10:58:06.325+0000] {logging_mixin.py:151} INFO - [2023-09-29T10:58:06.325+0000] {dagbag.py:539} INFO - Filling up the DagBag from /home/airflow/.local/lib/python3.8/site-packages/airflow/example_dags/example_latest_only.py
[2023-09-29T10:58:06.329+0000] {processor.py:839} INFO - DAG(s) dict_keys(['latest_only']) retrieved from /home/airflow/.local/lib/python3.8/site-packages/airflow/example_dags/example_latest_only.py
[2023-09-29T10:58:06.347+0000] {logging_mixin.py:151} INFO - [2023-09-29T10:58:06.347+0000] {dag.py:2915} INFO - Sync 1 DAGs
[2023-09-29T10:58:06.362+0000] {logging_mixin.py:151} INFO - [2023-09-29T10:58:06.362+0000] {dag.py:3696} INFO - Setting next_dagrun for latest_only to 2023-09-29T06:58:06.362188+00:00, run_after=2023-09-29T10:58:06.362188+00:00
[2023-09-29T10:58:06.377+0000] {processor.py:179} INFO - Processing /home/airflow/.local/lib/python3.8/site-packages/airflow/example_dags/example_latest_only.py took 0.062 seconds
[2023-09-29T10:58:37.573+0000] {processor.py:157} INFO - Started process (PID=459) to work on /home/airflow/.local/lib/python3.8/site-packages/airflow/example_dags/example_latest_only.py
[2023-09-29T10:58:37.573+0000] {processor.py:829} INFO - Processing file /home/airflow/.local/lib/python3.8/site-packages/airflow/example_dags/example_latest_only.py for tasks to queue
[2023-09-29T10:58:37.575+0000] {logging_mixin.py:151} INFO - [2023-09-29T10:58:37.575+0000] {dagbag.py:539} INFO - Filling up the DagBag from /home/airflow/.local/lib/python3.8/site-packages/airflow/example_dags/example_latest_only.py
[2023-09-29T10:58:37.579+0000] {processor.py:839} INFO - DAG(s) dict_keys(['latest_only']) retrieved from /home/airflow/.local/lib/python3.8/site-packages/airflow/example_dags/example_latest_only.py
[2023-09-29T10:58:37.592+0000] {logging_mixin.py:151} INFO - [2023-09-29T10:58:37.592+0000] {dag.py:2915} INFO - Sync 1 DAGs
[2023-09-29T10:58:37.601+0000] {logging_mixin.py:151} INFO - [2023-09-29T10:58:37.601+0000] {dag.py:3696} INFO - Setting next_dagrun for latest_only to 2023-09-29T06:58:37.601785+00:00, run_after=2023-09-29T10:58:37.601785+00:00
[2023-09-29T10:58:37.610+0000] {processor.py:179} INFO - Processing /home/airflow/.local/lib/python3.8/site-packages/airflow/example_dags/example_latest_only.py took 0.040 seconds
[2023-09-29T10:59:08.799+0000] {processor.py:157} INFO - Started process (PID=516) to work on /home/airflow/.local/lib/python3.8/site-packages/airflow/example_dags/example_latest_only.py
[2023-09-29T10:59:08.800+0000] {processor.py:829} INFO - Processing file /home/airflow/.local/lib/python3.8/site-packages/airflow/example_dags/example_latest_only.py for tasks to queue
[2023-09-29T10:59:08.801+0000] {logging_mixin.py:151} INFO - [2023-09-29T10:59:08.801+0000] {dagbag.py:539} INFO - Filling up the DagBag from /home/airflow/.local/lib/python3.8/site-packages/airflow/example_dags/example_latest_only.py
[2023-09-29T10:59:08.804+0000] {processor.py:839} INFO - DAG(s) dict_keys(['latest_only']) retrieved from /home/airflow/.local/lib/python3.8/site-packages/airflow/example_dags/example_latest_only.py
[2023-09-29T10:59:08.817+0000] {logging_mixin.py:151} INFO - [2023-09-29T10:59:08.817+0000] {dag.py:2915} INFO - Sync 1 DAGs
[2023-09-29T10:59:08.827+0000] {logging_mixin.py:151} INFO - [2023-09-29T10:59:08.827+0000] {dag.py:3696} INFO - Setting next_dagrun for latest_only to 2023-09-29T06:59:08.827725+00:00, run_after=2023-09-29T10:59:08.827725+00:00
[2023-09-29T10:59:08.834+0000] {processor.py:179} INFO - Processing /home/airflow/.local/lib/python3.8/site-packages/airflow/example_dags/example_latest_only.py took 0.036 seconds
[2023-09-29T10:59:39.191+0000] {processor.py:157} INFO - Started process (PID=573) to work on /home/airflow/.local/lib/python3.8/site-packages/airflow/example_dags/example_latest_only.py
[2023-09-29T10:59:39.192+0000] {processor.py:829} INFO - Processing file /home/airflow/.local/lib/python3.8/site-packages/airflow/example_dags/example_latest_only.py for tasks to queue
[2023-09-29T10:59:39.193+0000] {logging_mixin.py:151} INFO - [2023-09-29T10:59:39.193+0000] {dagbag.py:539} INFO - Filling up the DagBag from /home/airflow/.local/lib/python3.8/site-packages/airflow/example_dags/example_latest_only.py
[2023-09-29T10:59:39.196+0000] {processor.py:839} INFO - DAG(s) dict_keys(['latest_only']) retrieved from /home/airflow/.local/lib/python3.8/site-packages/airflow/example_dags/example_latest_only.py
[2023-09-29T10:59:39.205+0000] {logging_mixin.py:151} INFO - [2023-09-29T10:59:39.205+0000] {dag.py:2915} INFO - Sync 1 DAGs
[2023-09-29T10:59:39.214+0000] {logging_mixin.py:151} INFO - [2023-09-29T10:59:39.214+0000] {dag.py:3696} INFO - Setting next_dagrun for latest_only to 2023-09-29T06:59:39.214157+00:00, run_after=2023-09-29T10:59:39.214157+00:00
[2023-09-29T10:59:39.221+0000] {processor.py:179} INFO - Processing /home/airflow/.local/lib/python3.8/site-packages/airflow/example_dags/example_latest_only.py took 0.031 seconds
[2023-09-29T11:00:10.381+0000] {processor.py:157} INFO - Started process (PID=630) to work on /home/airflow/.local/lib/python3.8/site-packages/airflow/example_dags/example_latest_only.py
[2023-09-29T11:00:10.382+0000] {processor.py:829} INFO - Processing file /home/airflow/.local/lib/python3.8/site-packages/airflow/example_dags/example_latest_only.py for tasks to queue
[2023-09-29T11:00:10.383+0000] {logging_mixin.py:151} INFO - [2023-09-29T11:00:10.383+0000] {dagbag.py:539} INFO - Filling up the DagBag from /home/airflow/.local/lib/python3.8/site-packages/airflow/example_dags/example_latest_only.py
[2023-09-29T11:00:10.386+0000] {processor.py:839} INFO - DAG(s) dict_keys(['latest_only']) retrieved from /home/airflow/.local/lib/python3.8/site-packages/airflow/example_dags/example_latest_only.py
[2023-09-29T11:00:10.395+0000] {logging_mixin.py:151} INFO - [2023-09-29T11:00:10.395+0000] {dag.py:2915} INFO - Sync 1 DAGs
[2023-09-29T11:00:10.405+0000] {logging_mixin.py:151} INFO - [2023-09-29T11:00:10.405+0000] {dag.py:3696} INFO - Setting next_dagrun for latest_only to 2023-09-29T07:00:10.404947+00:00, run_after=2023-09-29T11:00:10.404947+00:00
[2023-09-29T11:00:10.412+0000] {processor.py:179} INFO - Processing /home/airflow/.local/lib/python3.8/site-packages/airflow/example_dags/example_latest_only.py took 0.032 seconds
[2023-09-29T11:00:41.068+0000] {processor.py:157} INFO - Started process (PID=687) to work on /home/airflow/.local/lib/python3.8/site-packages/airflow/example_dags/example_latest_only.py
[2023-09-29T11:00:41.069+0000] {processor.py:829} INFO - Processing file /home/airflow/.local/lib/python3.8/site-packages/airflow/example_dags/example_latest_only.py for tasks to queue
[2023-09-29T11:00:41.070+0000] {logging_mixin.py:151} INFO - [2023-09-29T11:00:41.070+0000] {dagbag.py:539} INFO - Filling up the DagBag from /home/airflow/.local/lib/python3.8/site-packages/airflow/example_dags/example_latest_only.py
[2023-09-29T11:00:41.073+0000] {processor.py:839} INFO - DAG(s) dict_keys(['latest_only']) retrieved from /home/airflow/.local/lib/python3.8/site-packages/airflow/example_dags/example_latest_only.py
[2023-09-29T11:00:41.083+0000] {logging_mixin.py:151} INFO - [2023-09-29T11:00:41.083+0000] {dag.py:2915} INFO - Sync 1 DAGs
[2023-09-29T11:00:41.092+0000] {logging_mixin.py:151} INFO - [2023-09-29T11:00:41.092+0000] {dag.py:3696} INFO - Setting next_dagrun for latest_only to 2023-09-29T07:00:41.092752+00:00, run_after=2023-09-29T11:00:41.092752+00:00
[2023-09-29T11:00:41.100+0000] {processor.py:179} INFO - Processing /home/airflow/.local/lib/python3.8/site-packages/airflow/example_dags/example_latest_only.py took 0.034 seconds
[2023-09-29T11:01:12.229+0000] {processor.py:157} INFO - Started process (PID=744) to work on /home/airflow/.local/lib/python3.8/site-packages/airflow/example_dags/example_latest_only.py
[2023-09-29T11:01:12.230+0000] {processor.py:829} INFO - Processing file /home/airflow/.local/lib/python3.8/site-packages/airflow/example_dags/example_latest_only.py for tasks to queue
[2023-09-29T11:01:12.231+0000] {logging_mixin.py:151} INFO - [2023-09-29T11:01:12.231+0000] {dagbag.py:539} INFO - Filling up the DagBag from /home/airflow/.local/lib/python3.8/site-packages/airflow/example_dags/example_latest_only.py
[2023-09-29T11:01:12.234+0000] {processor.py:839} INFO - DAG(s) dict_keys(['latest_only']) retrieved from /home/airflow/.local/lib/python3.8/site-packages/airflow/example_dags/example_latest_only.py
[2023-09-29T11:01:12.243+0000] {logging_mixin.py:151} INFO - [2023-09-29T11:01:12.243+0000] {dag.py:2915} INFO - Sync 1 DAGs
[2023-09-29T11:01:12.252+0000] {logging_mixin.py:151} INFO - [2023-09-29T11:01:12.252+0000] {dag.py:3696} INFO - Setting next_dagrun for latest_only to 2023-09-29T07:01:12.252543+00:00, run_after=2023-09-29T11:01:12.252543+00:00
[2023-09-29T11:01:12.259+0000] {processor.py:179} INFO - Processing /home/airflow/.local/lib/python3.8/site-packages/airflow/example_dags/example_latest_only.py took 0.032 seconds
[2023-09-29T11:01:43.473+0000] {processor.py:157} INFO - Started process (PID=801) to work on /home/airflow/.local/lib/python3.8/site-packages/airflow/example_dags/example_latest_only.py
[2023-09-29T11:01:43.474+0000] {processor.py:829} INFO - Processing file /home/airflow/.local/lib/python3.8/site-packages/airflow/example_dags/example_latest_only.py for tasks to queue
[2023-09-29T11:01:43.475+0000] {logging_mixin.py:151} INFO - [2023-09-29T11:01:43.475+0000] {dagbag.py:539} INFO - Filling up the DagBag from /home/airflow/.local/lib/python3.8/site-packages/airflow/example_dags/example_latest_only.py
[2023-09-29T11:01:43.478+0000] {processor.py:839} INFO - DAG(s) dict_keys(['latest_only']) retrieved from /home/airflow/.local/lib/python3.8/site-packages/airflow/example_dags/example_latest_only.py
[2023-09-29T11:01:43.487+0000] {logging_mixin.py:151} INFO - [2023-09-29T11:01:43.487+0000] {dag.py:2915} INFO - Sync 1 DAGs
[2023-09-29T11:01:43.496+0000] {logging_mixin.py:151} INFO - [2023-09-29T11:01:43.496+0000] {dag.py:3696} INFO - Setting next_dagrun for latest_only to 2023-09-29T07:01:43.496388+00:00, run_after=2023-09-29T11:01:43.496388+00:00
[2023-09-29T11:01:43.503+0000] {processor.py:179} INFO - Processing /home/airflow/.local/lib/python3.8/site-packages/airflow/example_dags/example_latest_only.py took 0.032 seconds
[2023-09-29T11:02:14.618+0000] {processor.py:157} INFO - Started process (PID=858) to work on /home/airflow/.local/lib/python3.8/site-packages/airflow/example_dags/example_latest_only.py
[2023-09-29T11:02:14.619+0000] {processor.py:829} INFO - Processing file /home/airflow/.local/lib/python3.8/site-packages/airflow/example_dags/example_latest_only.py for tasks to queue
[2023-09-29T11:02:14.620+0000] {logging_mixin.py:151} INFO - [2023-09-29T11:02:14.620+0000] {dagbag.py:539} INFO - Filling up the DagBag from /home/airflow/.local/lib/python3.8/site-packages/airflow/example_dags/example_latest_only.py
[2023-09-29T11:02:14.623+0000] {processor.py:839} INFO - DAG(s) dict_keys(['latest_only']) retrieved from /home/airflow/.local/lib/python3.8/site-packages/airflow/example_dags/example_latest_only.py
[2023-09-29T11:02:14.633+0000] {logging_mixin.py:151} INFO - [2023-09-29T11:02:14.633+0000] {dag.py:2915} INFO - Sync 1 DAGs
[2023-09-29T11:02:14.643+0000] {logging_mixin.py:151} INFO - [2023-09-29T11:02:14.643+0000] {dag.py:3696} INFO - Setting next_dagrun for latest_only to 2023-09-29T07:02:14.643445+00:00, run_after=2023-09-29T11:02:14.643445+00:00
[2023-09-29T11:02:14.651+0000] {processor.py:179} INFO - Processing /home/airflow/.local/lib/python3.8/site-packages/airflow/example_dags/example_latest_only.py took 0.035 seconds
[2023-09-29T11:02:44.896+0000] {processor.py:157} INFO - Started process (PID=916) to work on /home/airflow/.local/lib/python3.8/site-packages/airflow/example_dags/example_latest_only.py
[2023-09-29T11:02:44.896+0000] {processor.py:829} INFO - Processing file /home/airflow/.local/lib/python3.8/site-packages/airflow/example_dags/example_latest_only.py for tasks to queue
[2023-09-29T11:02:44.898+0000] {logging_mixin.py:151} INFO - [2023-09-29T11:02:44.897+0000] {dagbag.py:539} INFO - Filling up the DagBag from /home/airflow/.local/lib/python3.8/site-packages/airflow/example_dags/example_latest_only.py
[2023-09-29T11:02:44.900+0000] {processor.py:839} INFO - DAG(s) dict_keys(['latest_only']) retrieved from /home/airflow/.local/lib/python3.8/site-packages/airflow/example_dags/example_latest_only.py
[2023-09-29T11:02:44.909+0000] {logging_mixin.py:151} INFO - [2023-09-29T11:02:44.909+0000] {dag.py:2915} INFO - Sync 1 DAGs
[2023-09-29T11:02:44.920+0000] {logging_mixin.py:151} INFO - [2023-09-29T11:02:44.920+0000] {dag.py:3696} INFO - Setting next_dagrun for latest_only to 2023-09-29T07:02:44.920455+00:00, run_after=2023-09-29T11:02:44.920455+00:00
[2023-09-29T11:02:44.929+0000] {processor.py:179} INFO - Processing /home/airflow/.local/lib/python3.8/site-packages/airflow/example_dags/example_latest_only.py took 0.035 seconds
[2023-09-29T11:03:16.135+0000] {processor.py:157} INFO - Started process (PID=972) to work on /home/airflow/.local/lib/python3.8/site-packages/airflow/example_dags/example_latest_only.py
[2023-09-29T11:03:16.136+0000] {processor.py:829} INFO - Processing file /home/airflow/.local/lib/python3.8/site-packages/airflow/example_dags/example_latest_only.py for tasks to queue
[2023-09-29T11:03:16.137+0000] {logging_mixin.py:151} INFO - [2023-09-29T11:03:16.137+0000] {dagbag.py:539} INFO - Filling up the DagBag from /home/airflow/.local/lib/python3.8/site-packages/airflow/example_dags/example_latest_only.py
[2023-09-29T11:03:16.140+0000] {processor.py:839} INFO - DAG(s) dict_keys(['latest_only']) retrieved from /home/airflow/.local/lib/python3.8/site-packages/airflow/example_dags/example_latest_only.py
[2023-09-29T11:03:16.150+0000] {logging_mixin.py:151} INFO - [2023-09-29T11:03:16.150+0000] {dag.py:2915} INFO - Sync 1 DAGs
[2023-09-29T11:03:16.159+0000] {logging_mixin.py:151} INFO - [2023-09-29T11:03:16.159+0000] {dag.py:3696} INFO - Setting next_dagrun for latest_only to 2023-09-29T07:03:16.159131+00:00, run_after=2023-09-29T11:03:16.159131+00:00
[2023-09-29T11:03:16.166+0000] {processor.py:179} INFO - Processing /home/airflow/.local/lib/python3.8/site-packages/airflow/example_dags/example_latest_only.py took 0.033 seconds
[2023-09-29T11:03:46.336+0000] {processor.py:157} INFO - Started process (PID=1029) to work on /home/airflow/.local/lib/python3.8/site-packages/airflow/example_dags/example_latest_only.py
[2023-09-29T11:03:46.336+0000] {processor.py:829} INFO - Processing file /home/airflow/.local/lib/python3.8/site-packages/airflow/example_dags/example_latest_only.py for tasks to queue
[2023-09-29T11:03:46.337+0000] {logging_mixin.py:151} INFO - [2023-09-29T11:03:46.337+0000] {dagbag.py:539} INFO - Filling up the DagBag from /home/airflow/.local/lib/python3.8/site-packages/airflow/example_dags/example_latest_only.py
[2023-09-29T11:03:46.341+0000] {processor.py:839} INFO - DAG(s) dict_keys(['latest_only']) retrieved from /home/airflow/.local/lib/python3.8/site-packages/airflow/example_dags/example_latest_only.py
[2023-09-29T11:03:46.352+0000] {logging_mixin.py:151} INFO - [2023-09-29T11:03:46.352+0000] {dag.py:2915} INFO - Sync 1 DAGs
[2023-09-29T11:03:46.361+0000] {logging_mixin.py:151} INFO - [2023-09-29T11:03:46.361+0000] {dag.py:3696} INFO - Setting next_dagrun for latest_only to 2023-09-29T07:03:46.361206+00:00, run_after=2023-09-29T11:03:46.361206+00:00
[2023-09-29T11:03:46.368+0000] {processor.py:179} INFO - Processing /home/airflow/.local/lib/python3.8/site-packages/airflow/example_dags/example_latest_only.py took 0.034 seconds
[2023-09-29T11:04:17.645+0000] {processor.py:157} INFO - Started process (PID=1086) to work on /home/airflow/.local/lib/python3.8/site-packages/airflow/example_dags/example_latest_only.py
[2023-09-29T11:04:17.646+0000] {processor.py:829} INFO - Processing file /home/airflow/.local/lib/python3.8/site-packages/airflow/example_dags/example_latest_only.py for tasks to queue
[2023-09-29T11:04:17.647+0000] {logging_mixin.py:151} INFO - [2023-09-29T11:04:17.647+0000] {dagbag.py:539} INFO - Filling up the DagBag from /home/airflow/.local/lib/python3.8/site-packages/airflow/example_dags/example_latest_only.py
[2023-09-29T11:04:17.650+0000] {processor.py:839} INFO - DAG(s) dict_keys(['latest_only']) retrieved from /home/airflow/.local/lib/python3.8/site-packages/airflow/example_dags/example_latest_only.py
[2023-09-29T11:04:17.662+0000] {logging_mixin.py:151} INFO - [2023-09-29T11:04:17.661+0000] {dag.py:2915} INFO - Sync 1 DAGs
[2023-09-29T11:04:17.672+0000] {logging_mixin.py:151} INFO - [2023-09-29T11:04:17.672+0000] {dag.py:3696} INFO - Setting next_dagrun for latest_only to 2023-09-29T07:04:17.672521+00:00, run_after=2023-09-29T11:04:17.672521+00:00
[2023-09-29T11:04:17.680+0000] {processor.py:179} INFO - Processing /home/airflow/.local/lib/python3.8/site-packages/airflow/example_dags/example_latest_only.py took 0.037 seconds
[2023-09-29T11:04:48.755+0000] {processor.py:157} INFO - Started process (PID=1143) to work on /home/airflow/.local/lib/python3.8/site-packages/airflow/example_dags/example_latest_only.py
[2023-09-29T11:04:48.756+0000] {processor.py:829} INFO - Processing file /home/airflow/.local/lib/python3.8/site-packages/airflow/example_dags/example_latest_only.py for tasks to queue
[2023-09-29T11:04:48.758+0000] {logging_mixin.py:151} INFO - [2023-09-29T11:04:48.757+0000] {dagbag.py:539} INFO - Filling up the DagBag from /home/airflow/.local/lib/python3.8/site-packages/airflow/example_dags/example_latest_only.py
[2023-09-29T11:04:48.761+0000] {processor.py:839} INFO - DAG(s) dict_keys(['latest_only']) retrieved from /home/airflow/.local/lib/python3.8/site-packages/airflow/example_dags/example_latest_only.py
[2023-09-29T11:04:48.770+0000] {logging_mixin.py:151} INFO - [2023-09-29T11:04:48.770+0000] {dag.py:2915} INFO - Sync 1 DAGs
[2023-09-29T11:04:48.779+0000] {logging_mixin.py:151} INFO - [2023-09-29T11:04:48.779+0000] {dag.py:3696} INFO - Setting next_dagrun for latest_only to 2023-09-29T07:04:48.779655+00:00, run_after=2023-09-29T11:04:48.779655+00:00
[2023-09-29T11:04:48.787+0000] {processor.py:179} INFO - Processing /home/airflow/.local/lib/python3.8/site-packages/airflow/example_dags/example_latest_only.py took 0.034 seconds
[2023-09-29T11:05:19.705+0000] {processor.py:157} INFO - Started process (PID=1200) to work on /home/airflow/.local/lib/python3.8/site-packages/airflow/example_dags/example_latest_only.py
[2023-09-29T11:05:19.705+0000] {processor.py:829} INFO - Processing file /home/airflow/.local/lib/python3.8/site-packages/airflow/example_dags/example_latest_only.py for tasks to queue
[2023-09-29T11:05:19.706+0000] {logging_mixin.py:151} INFO - [2023-09-29T11:05:19.706+0000] {dagbag.py:539} INFO - Filling up the DagBag from /home/airflow/.local/lib/python3.8/site-packages/airflow/example_dags/example_latest_only.py
[2023-09-29T11:05:19.709+0000] {processor.py:839} INFO - DAG(s) dict_keys(['latest_only']) retrieved from /home/airflow/.local/lib/python3.8/site-packages/airflow/example_dags/example_latest_only.py
[2023-09-29T11:05:19.718+0000] {logging_mixin.py:151} INFO - [2023-09-29T11:05:19.718+0000] {dag.py:2915} INFO - Sync 1 DAGs
[2023-09-29T11:05:19.728+0000] {logging_mixin.py:151} INFO - [2023-09-29T11:05:19.728+0000] {dag.py:3696} INFO - Setting next_dagrun for latest_only to 2023-09-29T07:05:19.728586+00:00, run_after=2023-09-29T11:05:19.728586+00:00
[2023-09-29T11:05:19.737+0000] {processor.py:179} INFO - Processing /home/airflow/.local/lib/python3.8/site-packages/airflow/example_dags/example_latest_only.py took 0.034 seconds
[2023-09-29T11:05:50.842+0000] {processor.py:157} INFO - Started process (PID=1257) to work on /home/airflow/.local/lib/python3.8/site-packages/airflow/example_dags/example_latest_only.py
[2023-09-29T11:05:50.843+0000] {processor.py:829} INFO - Processing file /home/airflow/.local/lib/python3.8/site-packages/airflow/example_dags/example_latest_only.py for tasks to queue
[2023-09-29T11:05:50.844+0000] {logging_mixin.py:151} INFO - [2023-09-29T11:05:50.844+0000] {dagbag.py:539} INFO - Filling up the DagBag from /home/airflow/.local/lib/python3.8/site-packages/airflow/example_dags/example_latest_only.py
[2023-09-29T11:05:50.847+0000] {processor.py:839} INFO - DAG(s) dict_keys(['latest_only']) retrieved from /home/airflow/.local/lib/python3.8/site-packages/airflow/example_dags/example_latest_only.py
[2023-09-29T11:05:50.856+0000] {logging_mixin.py:151} INFO - [2023-09-29T11:05:50.856+0000] {dag.py:2915} INFO - Sync 1 DAGs
[2023-09-29T11:05:50.865+0000] {logging_mixin.py:151} INFO - [2023-09-29T11:05:50.865+0000] {dag.py:3696} INFO - Setting next_dagrun for latest_only to 2023-09-29T07:05:50.865509+00:00, run_after=2023-09-29T11:05:50.865509+00:00
[2023-09-29T11:05:50.872+0000] {processor.py:179} INFO - Processing /home/airflow/.local/lib/python3.8/site-packages/airflow/example_dags/example_latest_only.py took 0.032 seconds
