[2023-09-29T08:49:12.749+0000] {processor.py:157} INFO - Started process (PID=35) to work on /home/airflow/.local/lib/python3.8/site-packages/airflow/example_dags/example_kubernetes_executor.py
[2023-09-29T08:49:12.751+0000] {processor.py:829} INFO - Processing file /home/airflow/.local/lib/python3.8/site-packages/airflow/example_dags/example_kubernetes_executor.py for tasks to queue
[2023-09-29T08:49:12.754+0000] {logging_mixin.py:151} INFO - [2023-09-29T08:49:12.754+0000] {dagbag.py:539} INFO - Filling up the DagBag from /home/airflow/.local/lib/python3.8/site-packages/airflow/example_dags/example_kubernetes_executor.py
[2023-09-29T08:49:13.810+0000] {processor.py:839} INFO - DAG(s) dict_keys(['example_kubernetes_executor']) retrieved from /home/airflow/.local/lib/python3.8/site-packages/airflow/example_dags/example_kubernetes_executor.py
[2023-09-29T08:49:13.821+0000] {logging_mixin.py:151} INFO - [2023-09-29T08:49:13.821+0000] {dag.py:2915} INFO - Sync 1 DAGs
[2023-09-29T08:49:13.830+0000] {logging_mixin.py:151} INFO - [2023-09-29T08:49:13.830+0000] {dag.py:3696} INFO - Setting next_dagrun for example_kubernetes_executor to None, run_after=None
[2023-09-29T08:49:13.843+0000] {processor.py:179} INFO - Processing /home/airflow/.local/lib/python3.8/site-packages/airflow/example_dags/example_kubernetes_executor.py took 1.099 seconds
[2023-09-29T08:49:44.197+0000] {processor.py:157} INFO - Started process (PID=91) to work on /home/airflow/.local/lib/python3.8/site-packages/airflow/example_dags/example_kubernetes_executor.py
[2023-09-29T08:49:44.198+0000] {processor.py:829} INFO - Processing file /home/airflow/.local/lib/python3.8/site-packages/airflow/example_dags/example_kubernetes_executor.py for tasks to queue
[2023-09-29T08:49:44.200+0000] {logging_mixin.py:151} INFO - [2023-09-29T08:49:44.200+0000] {dagbag.py:539} INFO - Filling up the DagBag from /home/airflow/.local/lib/python3.8/site-packages/airflow/example_dags/example_kubernetes_executor.py
[2023-09-29T08:49:44.569+0000] {processor.py:839} INFO - DAG(s) dict_keys(['example_kubernetes_executor']) retrieved from /home/airflow/.local/lib/python3.8/site-packages/airflow/example_dags/example_kubernetes_executor.py
[2023-09-29T08:49:44.618+0000] {logging_mixin.py:151} INFO - [2023-09-29T08:49:44.617+0000] {dag.py:2915} INFO - Sync 1 DAGs
[2023-09-29T08:49:44.626+0000] {logging_mixin.py:151} INFO - [2023-09-29T08:49:44.626+0000] {dag.py:3696} INFO - Setting next_dagrun for example_kubernetes_executor to None, run_after=None
[2023-09-29T08:49:44.635+0000] {processor.py:179} INFO - Processing /home/airflow/.local/lib/python3.8/site-packages/airflow/example_dags/example_kubernetes_executor.py took 0.443 seconds
[2023-09-29T08:50:14.877+0000] {processor.py:157} INFO - Started process (PID=148) to work on /home/airflow/.local/lib/python3.8/site-packages/airflow/example_dags/example_kubernetes_executor.py
[2023-09-29T08:50:14.878+0000] {processor.py:829} INFO - Processing file /home/airflow/.local/lib/python3.8/site-packages/airflow/example_dags/example_kubernetes_executor.py for tasks to queue
[2023-09-29T08:50:14.880+0000] {logging_mixin.py:151} INFO - [2023-09-29T08:50:14.879+0000] {dagbag.py:539} INFO - Filling up the DagBag from /home/airflow/.local/lib/python3.8/site-packages/airflow/example_dags/example_kubernetes_executor.py
[2023-09-29T08:50:15.103+0000] {processor.py:839} INFO - DAG(s) dict_keys(['example_kubernetes_executor']) retrieved from /home/airflow/.local/lib/python3.8/site-packages/airflow/example_dags/example_kubernetes_executor.py
[2023-09-29T08:50:15.128+0000] {logging_mixin.py:151} INFO - [2023-09-29T08:50:15.128+0000] {dag.py:2915} INFO - Sync 1 DAGs
[2023-09-29T08:50:15.138+0000] {logging_mixin.py:151} INFO - [2023-09-29T08:50:15.138+0000] {dag.py:3696} INFO - Setting next_dagrun for example_kubernetes_executor to None, run_after=None
[2023-09-29T08:50:15.154+0000] {processor.py:179} INFO - Processing /home/airflow/.local/lib/python3.8/site-packages/airflow/example_dags/example_kubernetes_executor.py took 0.280 seconds
[2023-09-29T08:50:45.235+0000] {processor.py:157} INFO - Started process (PID=205) to work on /home/airflow/.local/lib/python3.8/site-packages/airflow/example_dags/example_kubernetes_executor.py
[2023-09-29T08:50:45.236+0000] {processor.py:829} INFO - Processing file /home/airflow/.local/lib/python3.8/site-packages/airflow/example_dags/example_kubernetes_executor.py for tasks to queue
[2023-09-29T08:50:45.239+0000] {logging_mixin.py:151} INFO - [2023-09-29T08:50:45.239+0000] {dagbag.py:539} INFO - Filling up the DagBag from /home/airflow/.local/lib/python3.8/site-packages/airflow/example_dags/example_kubernetes_executor.py
[2023-09-29T08:50:45.501+0000] {processor.py:839} INFO - DAG(s) dict_keys(['example_kubernetes_executor']) retrieved from /home/airflow/.local/lib/python3.8/site-packages/airflow/example_dags/example_kubernetes_executor.py
[2023-09-29T08:50:45.529+0000] {logging_mixin.py:151} INFO - [2023-09-29T08:50:45.528+0000] {dag.py:2915} INFO - Sync 1 DAGs
[2023-09-29T08:50:45.538+0000] {logging_mixin.py:151} INFO - [2023-09-29T08:50:45.538+0000] {dag.py:3696} INFO - Setting next_dagrun for example_kubernetes_executor to None, run_after=None
[2023-09-29T08:50:45.550+0000] {processor.py:179} INFO - Processing /home/airflow/.local/lib/python3.8/site-packages/airflow/example_dags/example_kubernetes_executor.py took 0.321 seconds
[2023-09-29T08:51:16.419+0000] {processor.py:157} INFO - Started process (PID=262) to work on /home/airflow/.local/lib/python3.8/site-packages/airflow/example_dags/example_kubernetes_executor.py
[2023-09-29T08:51:16.420+0000] {processor.py:829} INFO - Processing file /home/airflow/.local/lib/python3.8/site-packages/airflow/example_dags/example_kubernetes_executor.py for tasks to queue
[2023-09-29T08:51:16.426+0000] {logging_mixin.py:151} INFO - [2023-09-29T08:51:16.425+0000] {dagbag.py:539} INFO - Filling up the DagBag from /home/airflow/.local/lib/python3.8/site-packages/airflow/example_dags/example_kubernetes_executor.py
[2023-09-29T08:51:16.675+0000] {processor.py:839} INFO - DAG(s) dict_keys(['example_kubernetes_executor']) retrieved from /home/airflow/.local/lib/python3.8/site-packages/airflow/example_dags/example_kubernetes_executor.py
[2023-09-29T08:51:16.705+0000] {logging_mixin.py:151} INFO - [2023-09-29T08:51:16.705+0000] {dag.py:2915} INFO - Sync 1 DAGs
[2023-09-29T08:51:16.717+0000] {logging_mixin.py:151} INFO - [2023-09-29T08:51:16.716+0000] {dag.py:3696} INFO - Setting next_dagrun for example_kubernetes_executor to None, run_after=None
[2023-09-29T08:51:16.733+0000] {processor.py:179} INFO - Processing /home/airflow/.local/lib/python3.8/site-packages/airflow/example_dags/example_kubernetes_executor.py took 0.318 seconds
[2023-09-29T08:51:47.756+0000] {processor.py:157} INFO - Started process (PID=319) to work on /home/airflow/.local/lib/python3.8/site-packages/airflow/example_dags/example_kubernetes_executor.py
[2023-09-29T08:51:47.760+0000] {processor.py:829} INFO - Processing file /home/airflow/.local/lib/python3.8/site-packages/airflow/example_dags/example_kubernetes_executor.py for tasks to queue
[2023-09-29T08:51:47.767+0000] {logging_mixin.py:151} INFO - [2023-09-29T08:51:47.767+0000] {dagbag.py:539} INFO - Filling up the DagBag from /home/airflow/.local/lib/python3.8/site-packages/airflow/example_dags/example_kubernetes_executor.py
[2023-09-29T08:51:47.966+0000] {processor.py:839} INFO - DAG(s) dict_keys(['example_kubernetes_executor']) retrieved from /home/airflow/.local/lib/python3.8/site-packages/airflow/example_dags/example_kubernetes_executor.py
[2023-09-29T08:51:47.995+0000] {logging_mixin.py:151} INFO - [2023-09-29T08:51:47.994+0000] {dag.py:2915} INFO - Sync 1 DAGs
[2023-09-29T08:51:48.003+0000] {logging_mixin.py:151} INFO - [2023-09-29T08:51:48.003+0000] {dag.py:3696} INFO - Setting next_dagrun for example_kubernetes_executor to None, run_after=None
[2023-09-29T08:51:48.021+0000] {processor.py:179} INFO - Processing /home/airflow/.local/lib/python3.8/site-packages/airflow/example_dags/example_kubernetes_executor.py took 0.275 seconds
[2023-09-29T08:52:19.069+0000] {processor.py:157} INFO - Started process (PID=376) to work on /home/airflow/.local/lib/python3.8/site-packages/airflow/example_dags/example_kubernetes_executor.py
[2023-09-29T08:52:19.070+0000] {processor.py:829} INFO - Processing file /home/airflow/.local/lib/python3.8/site-packages/airflow/example_dags/example_kubernetes_executor.py for tasks to queue
[2023-09-29T08:52:19.074+0000] {logging_mixin.py:151} INFO - [2023-09-29T08:52:19.073+0000] {dagbag.py:539} INFO - Filling up the DagBag from /home/airflow/.local/lib/python3.8/site-packages/airflow/example_dags/example_kubernetes_executor.py
[2023-09-29T08:52:19.290+0000] {processor.py:839} INFO - DAG(s) dict_keys(['example_kubernetes_executor']) retrieved from /home/airflow/.local/lib/python3.8/site-packages/airflow/example_dags/example_kubernetes_executor.py
[2023-09-29T08:52:19.327+0000] {logging_mixin.py:151} INFO - [2023-09-29T08:52:19.327+0000] {dag.py:2915} INFO - Sync 1 DAGs
[2023-09-29T08:52:19.337+0000] {logging_mixin.py:151} INFO - [2023-09-29T08:52:19.337+0000] {dag.py:3696} INFO - Setting next_dagrun for example_kubernetes_executor to None, run_after=None
[2023-09-29T08:52:19.348+0000] {processor.py:179} INFO - Processing /home/airflow/.local/lib/python3.8/site-packages/airflow/example_dags/example_kubernetes_executor.py took 0.281 seconds
[2023-09-29T08:52:49.526+0000] {processor.py:157} INFO - Started process (PID=433) to work on /home/airflow/.local/lib/python3.8/site-packages/airflow/example_dags/example_kubernetes_executor.py
[2023-09-29T08:52:49.527+0000] {processor.py:829} INFO - Processing file /home/airflow/.local/lib/python3.8/site-packages/airflow/example_dags/example_kubernetes_executor.py for tasks to queue
[2023-09-29T08:52:49.529+0000] {logging_mixin.py:151} INFO - [2023-09-29T08:52:49.529+0000] {dagbag.py:539} INFO - Filling up the DagBag from /home/airflow/.local/lib/python3.8/site-packages/airflow/example_dags/example_kubernetes_executor.py
[2023-09-29T08:52:49.695+0000] {processor.py:839} INFO - DAG(s) dict_keys(['example_kubernetes_executor']) retrieved from /home/airflow/.local/lib/python3.8/site-packages/airflow/example_dags/example_kubernetes_executor.py
[2023-09-29T08:52:49.716+0000] {logging_mixin.py:151} INFO - [2023-09-29T08:52:49.716+0000] {dag.py:2915} INFO - Sync 1 DAGs
[2023-09-29T08:52:49.724+0000] {logging_mixin.py:151} INFO - [2023-09-29T08:52:49.724+0000] {dag.py:3696} INFO - Setting next_dagrun for example_kubernetes_executor to None, run_after=None
[2023-09-29T08:52:49.733+0000] {processor.py:179} INFO - Processing /home/airflow/.local/lib/python3.8/site-packages/airflow/example_dags/example_kubernetes_executor.py took 0.211 seconds
[2023-09-29T08:53:19.847+0000] {processor.py:157} INFO - Started process (PID=490) to work on /home/airflow/.local/lib/python3.8/site-packages/airflow/example_dags/example_kubernetes_executor.py
[2023-09-29T08:53:19.848+0000] {processor.py:829} INFO - Processing file /home/airflow/.local/lib/python3.8/site-packages/airflow/example_dags/example_kubernetes_executor.py for tasks to queue
[2023-09-29T08:53:19.850+0000] {logging_mixin.py:151} INFO - [2023-09-29T08:53:19.850+0000] {dagbag.py:539} INFO - Filling up the DagBag from /home/airflow/.local/lib/python3.8/site-packages/airflow/example_dags/example_kubernetes_executor.py
[2023-09-29T08:53:20.360+0000] {processor.py:839} INFO - DAG(s) dict_keys(['example_kubernetes_executor']) retrieved from /home/airflow/.local/lib/python3.8/site-packages/airflow/example_dags/example_kubernetes_executor.py
[2023-09-29T08:53:20.526+0000] {logging_mixin.py:151} INFO - [2023-09-29T08:53:20.524+0000] {dag.py:2915} INFO - Sync 1 DAGs
[2023-09-29T08:53:20.552+0000] {logging_mixin.py:151} INFO - [2023-09-29T08:53:20.551+0000] {dag.py:3696} INFO - Setting next_dagrun for example_kubernetes_executor to None, run_after=None
[2023-09-29T08:53:20.702+0000] {processor.py:179} INFO - Processing /home/airflow/.local/lib/python3.8/site-packages/airflow/example_dags/example_kubernetes_executor.py took 0.860 seconds
[2023-09-29T08:53:51.112+0000] {processor.py:157} INFO - Started process (PID=547) to work on /home/airflow/.local/lib/python3.8/site-packages/airflow/example_dags/example_kubernetes_executor.py
[2023-09-29T08:53:51.113+0000] {processor.py:829} INFO - Processing file /home/airflow/.local/lib/python3.8/site-packages/airflow/example_dags/example_kubernetes_executor.py for tasks to queue
[2023-09-29T08:53:51.115+0000] {logging_mixin.py:151} INFO - [2023-09-29T08:53:51.115+0000] {dagbag.py:539} INFO - Filling up the DagBag from /home/airflow/.local/lib/python3.8/site-packages/airflow/example_dags/example_kubernetes_executor.py
[2023-09-29T08:53:51.405+0000] {processor.py:839} INFO - DAG(s) dict_keys(['example_kubernetes_executor']) retrieved from /home/airflow/.local/lib/python3.8/site-packages/airflow/example_dags/example_kubernetes_executor.py
[2023-09-29T08:53:51.438+0000] {logging_mixin.py:151} INFO - [2023-09-29T08:53:51.437+0000] {dag.py:2915} INFO - Sync 1 DAGs
[2023-09-29T08:53:51.448+0000] {logging_mixin.py:151} INFO - [2023-09-29T08:53:51.448+0000] {dag.py:3696} INFO - Setting next_dagrun for example_kubernetes_executor to None, run_after=None
[2023-09-29T08:53:51.462+0000] {processor.py:179} INFO - Processing /home/airflow/.local/lib/python3.8/site-packages/airflow/example_dags/example_kubernetes_executor.py took 0.353 seconds
[2023-09-29T08:54:21.670+0000] {processor.py:157} INFO - Started process (PID=604) to work on /home/airflow/.local/lib/python3.8/site-packages/airflow/example_dags/example_kubernetes_executor.py
[2023-09-29T08:54:21.671+0000] {processor.py:829} INFO - Processing file /home/airflow/.local/lib/python3.8/site-packages/airflow/example_dags/example_kubernetes_executor.py for tasks to queue
[2023-09-29T08:54:21.673+0000] {logging_mixin.py:151} INFO - [2023-09-29T08:54:21.673+0000] {dagbag.py:539} INFO - Filling up the DagBag from /home/airflow/.local/lib/python3.8/site-packages/airflow/example_dags/example_kubernetes_executor.py
[2023-09-29T08:54:21.891+0000] {processor.py:839} INFO - DAG(s) dict_keys(['example_kubernetes_executor']) retrieved from /home/airflow/.local/lib/python3.8/site-packages/airflow/example_dags/example_kubernetes_executor.py
[2023-09-29T08:54:21.920+0000] {logging_mixin.py:151} INFO - [2023-09-29T08:54:21.919+0000] {dag.py:2915} INFO - Sync 1 DAGs
[2023-09-29T08:54:21.927+0000] {logging_mixin.py:151} INFO - [2023-09-29T08:54:21.927+0000] {dag.py:3696} INFO - Setting next_dagrun for example_kubernetes_executor to None, run_after=None
[2023-09-29T08:54:21.943+0000] {processor.py:179} INFO - Processing /home/airflow/.local/lib/python3.8/site-packages/airflow/example_dags/example_kubernetes_executor.py took 0.275 seconds
[2023-09-29T08:54:52.053+0000] {processor.py:157} INFO - Started process (PID=661) to work on /home/airflow/.local/lib/python3.8/site-packages/airflow/example_dags/example_kubernetes_executor.py
[2023-09-29T08:54:52.054+0000] {processor.py:829} INFO - Processing file /home/airflow/.local/lib/python3.8/site-packages/airflow/example_dags/example_kubernetes_executor.py for tasks to queue
[2023-09-29T08:54:52.056+0000] {logging_mixin.py:151} INFO - [2023-09-29T08:54:52.056+0000] {dagbag.py:539} INFO - Filling up the DagBag from /home/airflow/.local/lib/python3.8/site-packages/airflow/example_dags/example_kubernetes_executor.py
[2023-09-29T08:54:52.270+0000] {processor.py:839} INFO - DAG(s) dict_keys(['example_kubernetes_executor']) retrieved from /home/airflow/.local/lib/python3.8/site-packages/airflow/example_dags/example_kubernetes_executor.py
[2023-09-29T08:54:52.304+0000] {logging_mixin.py:151} INFO - [2023-09-29T08:54:52.304+0000] {dag.py:2915} INFO - Sync 1 DAGs
[2023-09-29T08:54:52.312+0000] {logging_mixin.py:151} INFO - [2023-09-29T08:54:52.312+0000] {dag.py:3696} INFO - Setting next_dagrun for example_kubernetes_executor to None, run_after=None
[2023-09-29T08:54:52.322+0000] {processor.py:179} INFO - Processing /home/airflow/.local/lib/python3.8/site-packages/airflow/example_dags/example_kubernetes_executor.py took 0.272 seconds
[2023-09-29T08:55:23.264+0000] {processor.py:157} INFO - Started process (PID=718) to work on /home/airflow/.local/lib/python3.8/site-packages/airflow/example_dags/example_kubernetes_executor.py
[2023-09-29T08:55:23.265+0000] {processor.py:829} INFO - Processing file /home/airflow/.local/lib/python3.8/site-packages/airflow/example_dags/example_kubernetes_executor.py for tasks to queue
[2023-09-29T08:55:23.267+0000] {logging_mixin.py:151} INFO - [2023-09-29T08:55:23.267+0000] {dagbag.py:539} INFO - Filling up the DagBag from /home/airflow/.local/lib/python3.8/site-packages/airflow/example_dags/example_kubernetes_executor.py
[2023-09-29T08:55:23.476+0000] {processor.py:839} INFO - DAG(s) dict_keys(['example_kubernetes_executor']) retrieved from /home/airflow/.local/lib/python3.8/site-packages/airflow/example_dags/example_kubernetes_executor.py
[2023-09-29T08:55:23.502+0000] {logging_mixin.py:151} INFO - [2023-09-29T08:55:23.501+0000] {dag.py:2915} INFO - Sync 1 DAGs
[2023-09-29T08:55:23.510+0000] {logging_mixin.py:151} INFO - [2023-09-29T08:55:23.510+0000] {dag.py:3696} INFO - Setting next_dagrun for example_kubernetes_executor to None, run_after=None
[2023-09-29T08:55:23.520+0000] {processor.py:179} INFO - Processing /home/airflow/.local/lib/python3.8/site-packages/airflow/example_dags/example_kubernetes_executor.py took 0.260 seconds
[2023-09-29T08:55:54.535+0000] {processor.py:157} INFO - Started process (PID=775) to work on /home/airflow/.local/lib/python3.8/site-packages/airflow/example_dags/example_kubernetes_executor.py
[2023-09-29T08:55:54.536+0000] {processor.py:829} INFO - Processing file /home/airflow/.local/lib/python3.8/site-packages/airflow/example_dags/example_kubernetes_executor.py for tasks to queue
[2023-09-29T08:55:54.538+0000] {logging_mixin.py:151} INFO - [2023-09-29T08:55:54.538+0000] {dagbag.py:539} INFO - Filling up the DagBag from /home/airflow/.local/lib/python3.8/site-packages/airflow/example_dags/example_kubernetes_executor.py
[2023-09-29T08:55:54.761+0000] {processor.py:839} INFO - DAG(s) dict_keys(['example_kubernetes_executor']) retrieved from /home/airflow/.local/lib/python3.8/site-packages/airflow/example_dags/example_kubernetes_executor.py
[2023-09-29T08:55:54.800+0000] {logging_mixin.py:151} INFO - [2023-09-29T08:55:54.800+0000] {dag.py:2915} INFO - Sync 1 DAGs
[2023-09-29T08:55:54.810+0000] {logging_mixin.py:151} INFO - [2023-09-29T08:55:54.810+0000] {dag.py:3696} INFO - Setting next_dagrun for example_kubernetes_executor to None, run_after=None
[2023-09-29T08:55:54.819+0000] {processor.py:179} INFO - Processing /home/airflow/.local/lib/python3.8/site-packages/airflow/example_dags/example_kubernetes_executor.py took 0.287 seconds
[2023-09-29T08:56:25.781+0000] {processor.py:157} INFO - Started process (PID=832) to work on /home/airflow/.local/lib/python3.8/site-packages/airflow/example_dags/example_kubernetes_executor.py
[2023-09-29T08:56:25.782+0000] {processor.py:829} INFO - Processing file /home/airflow/.local/lib/python3.8/site-packages/airflow/example_dags/example_kubernetes_executor.py for tasks to queue
[2023-09-29T08:56:25.784+0000] {logging_mixin.py:151} INFO - [2023-09-29T08:56:25.784+0000] {dagbag.py:539} INFO - Filling up the DagBag from /home/airflow/.local/lib/python3.8/site-packages/airflow/example_dags/example_kubernetes_executor.py
[2023-09-29T08:56:26.007+0000] {processor.py:839} INFO - DAG(s) dict_keys(['example_kubernetes_executor']) retrieved from /home/airflow/.local/lib/python3.8/site-packages/airflow/example_dags/example_kubernetes_executor.py
[2023-09-29T08:56:26.049+0000] {logging_mixin.py:151} INFO - [2023-09-29T08:56:26.049+0000] {dag.py:2915} INFO - Sync 1 DAGs
[2023-09-29T08:56:26.058+0000] {logging_mixin.py:151} INFO - [2023-09-29T08:56:26.058+0000] {dag.py:3696} INFO - Setting next_dagrun for example_kubernetes_executor to None, run_after=None
[2023-09-29T08:56:26.069+0000] {processor.py:179} INFO - Processing /home/airflow/.local/lib/python3.8/site-packages/airflow/example_dags/example_kubernetes_executor.py took 0.291 seconds
[2023-09-29T10:54:59.995+0000] {processor.py:157} INFO - Started process (PID=35) to work on /home/airflow/.local/lib/python3.8/site-packages/airflow/example_dags/example_kubernetes_executor.py
[2023-09-29T10:54:59.996+0000] {processor.py:829} INFO - Processing file /home/airflow/.local/lib/python3.8/site-packages/airflow/example_dags/example_kubernetes_executor.py for tasks to queue
[2023-09-29T10:54:59.998+0000] {logging_mixin.py:151} INFO - [2023-09-29T10:54:59.998+0000] {dagbag.py:539} INFO - Filling up the DagBag from /home/airflow/.local/lib/python3.8/site-packages/airflow/example_dags/example_kubernetes_executor.py
[2023-09-29T10:55:00.812+0000] {processor.py:839} INFO - DAG(s) dict_keys(['example_kubernetes_executor']) retrieved from /home/airflow/.local/lib/python3.8/site-packages/airflow/example_dags/example_kubernetes_executor.py
[2023-09-29T10:55:00.819+0000] {logging_mixin.py:151} INFO - [2023-09-29T10:55:00.819+0000] {dag.py:2915} INFO - Sync 1 DAGs
[2023-09-29T10:55:00.827+0000] {logging_mixin.py:151} INFO - [2023-09-29T10:55:00.827+0000] {dag.py:3696} INFO - Setting next_dagrun for example_kubernetes_executor to None, run_after=None
[2023-09-29T10:55:00.843+0000] {processor.py:179} INFO - Processing /home/airflow/.local/lib/python3.8/site-packages/airflow/example_dags/example_kubernetes_executor.py took 0.850 seconds
[2023-09-29T10:55:31.524+0000] {processor.py:157} INFO - Started process (PID=90) to work on /home/airflow/.local/lib/python3.8/site-packages/airflow/example_dags/example_kubernetes_executor.py
[2023-09-29T10:55:31.526+0000] {processor.py:829} INFO - Processing file /home/airflow/.local/lib/python3.8/site-packages/airflow/example_dags/example_kubernetes_executor.py for tasks to queue
[2023-09-29T10:55:31.528+0000] {logging_mixin.py:151} INFO - [2023-09-29T10:55:31.527+0000] {dagbag.py:539} INFO - Filling up the DagBag from /home/airflow/.local/lib/python3.8/site-packages/airflow/example_dags/example_kubernetes_executor.py
[2023-09-29T10:55:31.797+0000] {processor.py:839} INFO - DAG(s) dict_keys(['example_kubernetes_executor']) retrieved from /home/airflow/.local/lib/python3.8/site-packages/airflow/example_dags/example_kubernetes_executor.py
[2023-09-29T10:55:31.887+0000] {logging_mixin.py:151} INFO - [2023-09-29T10:55:31.886+0000] {dag.py:2915} INFO - Sync 1 DAGs
[2023-09-29T10:55:31.895+0000] {logging_mixin.py:151} INFO - [2023-09-29T10:55:31.895+0000] {dag.py:3696} INFO - Setting next_dagrun for example_kubernetes_executor to None, run_after=None
[2023-09-29T10:55:31.961+0000] {processor.py:179} INFO - Processing /home/airflow/.local/lib/python3.8/site-packages/airflow/example_dags/example_kubernetes_executor.py took 0.440 seconds
[2023-09-29T10:56:02.850+0000] {processor.py:157} INFO - Started process (PID=147) to work on /home/airflow/.local/lib/python3.8/site-packages/airflow/example_dags/example_kubernetes_executor.py
[2023-09-29T10:56:02.852+0000] {processor.py:829} INFO - Processing file /home/airflow/.local/lib/python3.8/site-packages/airflow/example_dags/example_kubernetes_executor.py for tasks to queue
[2023-09-29T10:56:02.853+0000] {logging_mixin.py:151} INFO - [2023-09-29T10:56:02.853+0000] {dagbag.py:539} INFO - Filling up the DagBag from /home/airflow/.local/lib/python3.8/site-packages/airflow/example_dags/example_kubernetes_executor.py
[2023-09-29T10:56:03.065+0000] {processor.py:839} INFO - DAG(s) dict_keys(['example_kubernetes_executor']) retrieved from /home/airflow/.local/lib/python3.8/site-packages/airflow/example_dags/example_kubernetes_executor.py
[2023-09-29T10:56:03.105+0000] {logging_mixin.py:151} INFO - [2023-09-29T10:56:03.104+0000] {dag.py:2915} INFO - Sync 1 DAGs
[2023-09-29T10:56:03.114+0000] {logging_mixin.py:151} INFO - [2023-09-29T10:56:03.114+0000] {dag.py:3696} INFO - Setting next_dagrun for example_kubernetes_executor to None, run_after=None
[2023-09-29T10:56:03.124+0000] {processor.py:179} INFO - Processing /home/airflow/.local/lib/python3.8/site-packages/airflow/example_dags/example_kubernetes_executor.py took 0.277 seconds
[2023-09-29T10:56:33.165+0000] {processor.py:157} INFO - Started process (PID=203) to work on /home/airflow/.local/lib/python3.8/site-packages/airflow/example_dags/example_kubernetes_executor.py
[2023-09-29T10:56:33.167+0000] {processor.py:829} INFO - Processing file /home/airflow/.local/lib/python3.8/site-packages/airflow/example_dags/example_kubernetes_executor.py for tasks to queue
[2023-09-29T10:56:33.170+0000] {logging_mixin.py:151} INFO - [2023-09-29T10:56:33.170+0000] {dagbag.py:539} INFO - Filling up the DagBag from /home/airflow/.local/lib/python3.8/site-packages/airflow/example_dags/example_kubernetes_executor.py
[2023-09-29T10:56:33.395+0000] {processor.py:839} INFO - DAG(s) dict_keys(['example_kubernetes_executor']) retrieved from /home/airflow/.local/lib/python3.8/site-packages/airflow/example_dags/example_kubernetes_executor.py
[2023-09-29T10:56:33.433+0000] {logging_mixin.py:151} INFO - [2023-09-29T10:56:33.433+0000] {dag.py:2915} INFO - Sync 1 DAGs
[2023-09-29T10:56:33.442+0000] {logging_mixin.py:151} INFO - [2023-09-29T10:56:33.442+0000] {dag.py:3696} INFO - Setting next_dagrun for example_kubernetes_executor to None, run_after=None
[2023-09-29T10:56:33.452+0000] {processor.py:179} INFO - Processing /home/airflow/.local/lib/python3.8/site-packages/airflow/example_dags/example_kubernetes_executor.py took 0.291 seconds
[2023-09-29T10:57:03.738+0000] {processor.py:157} INFO - Started process (PID=261) to work on /home/airflow/.local/lib/python3.8/site-packages/airflow/example_dags/example_kubernetes_executor.py
[2023-09-29T10:57:03.740+0000] {processor.py:829} INFO - Processing file /home/airflow/.local/lib/python3.8/site-packages/airflow/example_dags/example_kubernetes_executor.py for tasks to queue
[2023-09-29T10:57:03.743+0000] {logging_mixin.py:151} INFO - [2023-09-29T10:57:03.743+0000] {dagbag.py:539} INFO - Filling up the DagBag from /home/airflow/.local/lib/python3.8/site-packages/airflow/example_dags/example_kubernetes_executor.py
[2023-09-29T10:57:03.994+0000] {processor.py:839} INFO - DAG(s) dict_keys(['example_kubernetes_executor']) retrieved from /home/airflow/.local/lib/python3.8/site-packages/airflow/example_dags/example_kubernetes_executor.py
[2023-09-29T10:57:04.025+0000] {logging_mixin.py:151} INFO - [2023-09-29T10:57:04.024+0000] {dag.py:2915} INFO - Sync 1 DAGs
[2023-09-29T10:57:04.033+0000] {logging_mixin.py:151} INFO - [2023-09-29T10:57:04.033+0000] {dag.py:3696} INFO - Setting next_dagrun for example_kubernetes_executor to None, run_after=None
[2023-09-29T10:57:04.044+0000] {processor.py:179} INFO - Processing /home/airflow/.local/lib/python3.8/site-packages/airflow/example_dags/example_kubernetes_executor.py took 0.313 seconds
[2023-09-29T10:57:34.147+0000] {processor.py:157} INFO - Started process (PID=318) to work on /home/airflow/.local/lib/python3.8/site-packages/airflow/example_dags/example_kubernetes_executor.py
[2023-09-29T10:57:34.148+0000] {processor.py:829} INFO - Processing file /home/airflow/.local/lib/python3.8/site-packages/airflow/example_dags/example_kubernetes_executor.py for tasks to queue
[2023-09-29T10:57:34.151+0000] {logging_mixin.py:151} INFO - [2023-09-29T10:57:34.150+0000] {dagbag.py:539} INFO - Filling up the DagBag from /home/airflow/.local/lib/python3.8/site-packages/airflow/example_dags/example_kubernetes_executor.py
[2023-09-29T10:57:34.400+0000] {processor.py:839} INFO - DAG(s) dict_keys(['example_kubernetes_executor']) retrieved from /home/airflow/.local/lib/python3.8/site-packages/airflow/example_dags/example_kubernetes_executor.py
[2023-09-29T10:57:34.445+0000] {logging_mixin.py:151} INFO - [2023-09-29T10:57:34.444+0000] {dag.py:2915} INFO - Sync 1 DAGs
[2023-09-29T10:57:34.453+0000] {logging_mixin.py:151} INFO - [2023-09-29T10:57:34.453+0000] {dag.py:3696} INFO - Setting next_dagrun for example_kubernetes_executor to None, run_after=None
[2023-09-29T10:57:34.463+0000] {processor.py:179} INFO - Processing /home/airflow/.local/lib/python3.8/site-packages/airflow/example_dags/example_kubernetes_executor.py took 0.321 seconds
[2023-09-29T10:58:05.346+0000] {processor.py:157} INFO - Started process (PID=378) to work on /home/airflow/.local/lib/python3.8/site-packages/airflow/example_dags/example_kubernetes_executor.py
[2023-09-29T10:58:05.347+0000] {processor.py:829} INFO - Processing file /home/airflow/.local/lib/python3.8/site-packages/airflow/example_dags/example_kubernetes_executor.py for tasks to queue
[2023-09-29T10:58:05.348+0000] {logging_mixin.py:151} INFO - [2023-09-29T10:58:05.348+0000] {dagbag.py:539} INFO - Filling up the DagBag from /home/airflow/.local/lib/python3.8/site-packages/airflow/example_dags/example_kubernetes_executor.py
[2023-09-29T10:58:05.540+0000] {processor.py:839} INFO - DAG(s) dict_keys(['example_kubernetes_executor']) retrieved from /home/airflow/.local/lib/python3.8/site-packages/airflow/example_dags/example_kubernetes_executor.py
[2023-09-29T10:58:05.568+0000] {logging_mixin.py:151} INFO - [2023-09-29T10:58:05.568+0000] {dag.py:2915} INFO - Sync 1 DAGs
[2023-09-29T10:58:05.576+0000] {logging_mixin.py:151} INFO - [2023-09-29T10:58:05.576+0000] {dag.py:3696} INFO - Setting next_dagrun for example_kubernetes_executor to None, run_after=None
[2023-09-29T10:58:05.586+0000] {processor.py:179} INFO - Processing /home/airflow/.local/lib/python3.8/site-packages/airflow/example_dags/example_kubernetes_executor.py took 0.243 seconds
[2023-09-29T10:58:36.574+0000] {processor.py:157} INFO - Started process (PID=435) to work on /home/airflow/.local/lib/python3.8/site-packages/airflow/example_dags/example_kubernetes_executor.py
[2023-09-29T10:58:36.575+0000] {processor.py:829} INFO - Processing file /home/airflow/.local/lib/python3.8/site-packages/airflow/example_dags/example_kubernetes_executor.py for tasks to queue
[2023-09-29T10:58:36.578+0000] {logging_mixin.py:151} INFO - [2023-09-29T10:58:36.578+0000] {dagbag.py:539} INFO - Filling up the DagBag from /home/airflow/.local/lib/python3.8/site-packages/airflow/example_dags/example_kubernetes_executor.py
[2023-09-29T10:58:36.802+0000] {processor.py:839} INFO - DAG(s) dict_keys(['example_kubernetes_executor']) retrieved from /home/airflow/.local/lib/python3.8/site-packages/airflow/example_dags/example_kubernetes_executor.py
[2023-09-29T10:58:36.841+0000] {logging_mixin.py:151} INFO - [2023-09-29T10:58:36.841+0000] {dag.py:2915} INFO - Sync 1 DAGs
[2023-09-29T10:58:36.860+0000] {logging_mixin.py:151} INFO - [2023-09-29T10:58:36.860+0000] {dag.py:3696} INFO - Setting next_dagrun for example_kubernetes_executor to None, run_after=None
[2023-09-29T10:58:36.871+0000] {processor.py:179} INFO - Processing /home/airflow/.local/lib/python3.8/site-packages/airflow/example_dags/example_kubernetes_executor.py took 0.301 seconds
[2023-09-29T10:59:07.815+0000] {processor.py:157} INFO - Started process (PID=492) to work on /home/airflow/.local/lib/python3.8/site-packages/airflow/example_dags/example_kubernetes_executor.py
[2023-09-29T10:59:07.816+0000] {processor.py:829} INFO - Processing file /home/airflow/.local/lib/python3.8/site-packages/airflow/example_dags/example_kubernetes_executor.py for tasks to queue
[2023-09-29T10:59:07.818+0000] {logging_mixin.py:151} INFO - [2023-09-29T10:59:07.818+0000] {dagbag.py:539} INFO - Filling up the DagBag from /home/airflow/.local/lib/python3.8/site-packages/airflow/example_dags/example_kubernetes_executor.py
[2023-09-29T10:59:08.042+0000] {processor.py:839} INFO - DAG(s) dict_keys(['example_kubernetes_executor']) retrieved from /home/airflow/.local/lib/python3.8/site-packages/airflow/example_dags/example_kubernetes_executor.py
[2023-09-29T10:59:08.079+0000] {logging_mixin.py:151} INFO - [2023-09-29T10:59:08.079+0000] {dag.py:2915} INFO - Sync 1 DAGs
[2023-09-29T10:59:08.089+0000] {logging_mixin.py:151} INFO - [2023-09-29T10:59:08.089+0000] {dag.py:3696} INFO - Setting next_dagrun for example_kubernetes_executor to None, run_after=None
[2023-09-29T10:59:08.099+0000] {processor.py:179} INFO - Processing /home/airflow/.local/lib/python3.8/site-packages/airflow/example_dags/example_kubernetes_executor.py took 0.288 seconds
[2023-09-29T10:59:38.148+0000] {processor.py:157} INFO - Started process (PID=548) to work on /home/airflow/.local/lib/python3.8/site-packages/airflow/example_dags/example_kubernetes_executor.py
[2023-09-29T10:59:38.150+0000] {processor.py:829} INFO - Processing file /home/airflow/.local/lib/python3.8/site-packages/airflow/example_dags/example_kubernetes_executor.py for tasks to queue
[2023-09-29T10:59:38.154+0000] {logging_mixin.py:151} INFO - [2023-09-29T10:59:38.154+0000] {dagbag.py:539} INFO - Filling up the DagBag from /home/airflow/.local/lib/python3.8/site-packages/airflow/example_dags/example_kubernetes_executor.py
[2023-09-29T10:59:38.340+0000] {processor.py:839} INFO - DAG(s) dict_keys(['example_kubernetes_executor']) retrieved from /home/airflow/.local/lib/python3.8/site-packages/airflow/example_dags/example_kubernetes_executor.py
[2023-09-29T10:59:38.367+0000] {logging_mixin.py:151} INFO - [2023-09-29T10:59:38.367+0000] {dag.py:2915} INFO - Sync 1 DAGs
[2023-09-29T10:59:38.377+0000] {logging_mixin.py:151} INFO - [2023-09-29T10:59:38.377+0000] {dag.py:3696} INFO - Setting next_dagrun for example_kubernetes_executor to None, run_after=None
[2023-09-29T10:59:38.394+0000] {processor.py:179} INFO - Processing /home/airflow/.local/lib/python3.8/site-packages/airflow/example_dags/example_kubernetes_executor.py took 0.253 seconds
[2023-09-29T11:00:09.387+0000] {processor.py:157} INFO - Started process (PID=606) to work on /home/airflow/.local/lib/python3.8/site-packages/airflow/example_dags/example_kubernetes_executor.py
[2023-09-29T11:00:09.390+0000] {processor.py:829} INFO - Processing file /home/airflow/.local/lib/python3.8/site-packages/airflow/example_dags/example_kubernetes_executor.py for tasks to queue
[2023-09-29T11:00:09.392+0000] {logging_mixin.py:151} INFO - [2023-09-29T11:00:09.392+0000] {dagbag.py:539} INFO - Filling up the DagBag from /home/airflow/.local/lib/python3.8/site-packages/airflow/example_dags/example_kubernetes_executor.py
[2023-09-29T11:00:09.608+0000] {processor.py:839} INFO - DAG(s) dict_keys(['example_kubernetes_executor']) retrieved from /home/airflow/.local/lib/python3.8/site-packages/airflow/example_dags/example_kubernetes_executor.py
[2023-09-29T11:00:09.638+0000] {logging_mixin.py:151} INFO - [2023-09-29T11:00:09.638+0000] {dag.py:2915} INFO - Sync 1 DAGs
[2023-09-29T11:00:09.653+0000] {logging_mixin.py:151} INFO - [2023-09-29T11:00:09.653+0000] {dag.py:3696} INFO - Setting next_dagrun for example_kubernetes_executor to None, run_after=None
[2023-09-29T11:00:09.663+0000] {processor.py:179} INFO - Processing /home/airflow/.local/lib/python3.8/site-packages/airflow/example_dags/example_kubernetes_executor.py took 0.288 seconds
[2023-09-29T11:00:39.999+0000] {processor.py:157} INFO - Started process (PID=663) to work on /home/airflow/.local/lib/python3.8/site-packages/airflow/example_dags/example_kubernetes_executor.py
[2023-09-29T11:00:40.000+0000] {processor.py:829} INFO - Processing file /home/airflow/.local/lib/python3.8/site-packages/airflow/example_dags/example_kubernetes_executor.py for tasks to queue
[2023-09-29T11:00:40.002+0000] {logging_mixin.py:151} INFO - [2023-09-29T11:00:40.002+0000] {dagbag.py:539} INFO - Filling up the DagBag from /home/airflow/.local/lib/python3.8/site-packages/airflow/example_dags/example_kubernetes_executor.py
[2023-09-29T11:00:40.268+0000] {processor.py:839} INFO - DAG(s) dict_keys(['example_kubernetes_executor']) retrieved from /home/airflow/.local/lib/python3.8/site-packages/airflow/example_dags/example_kubernetes_executor.py
[2023-09-29T11:00:40.298+0000] {logging_mixin.py:151} INFO - [2023-09-29T11:00:40.298+0000] {dag.py:2915} INFO - Sync 1 DAGs
[2023-09-29T11:00:40.315+0000] {logging_mixin.py:151} INFO - [2023-09-29T11:00:40.315+0000] {dag.py:3696} INFO - Setting next_dagrun for example_kubernetes_executor to None, run_after=None
[2023-09-29T11:00:40.326+0000] {processor.py:179} INFO - Processing /home/airflow/.local/lib/python3.8/site-packages/airflow/example_dags/example_kubernetes_executor.py took 0.331 seconds
[2023-09-29T11:01:11.224+0000] {processor.py:157} INFO - Started process (PID=720) to work on /home/airflow/.local/lib/python3.8/site-packages/airflow/example_dags/example_kubernetes_executor.py
[2023-09-29T11:01:11.225+0000] {processor.py:829} INFO - Processing file /home/airflow/.local/lib/python3.8/site-packages/airflow/example_dags/example_kubernetes_executor.py for tasks to queue
[2023-09-29T11:01:11.228+0000] {logging_mixin.py:151} INFO - [2023-09-29T11:01:11.228+0000] {dagbag.py:539} INFO - Filling up the DagBag from /home/airflow/.local/lib/python3.8/site-packages/airflow/example_dags/example_kubernetes_executor.py
[2023-09-29T11:01:11.398+0000] {processor.py:839} INFO - DAG(s) dict_keys(['example_kubernetes_executor']) retrieved from /home/airflow/.local/lib/python3.8/site-packages/airflow/example_dags/example_kubernetes_executor.py
[2023-09-29T11:01:11.427+0000] {logging_mixin.py:151} INFO - [2023-09-29T11:01:11.427+0000] {dag.py:2915} INFO - Sync 1 DAGs
[2023-09-29T11:01:11.437+0000] {logging_mixin.py:151} INFO - [2023-09-29T11:01:11.437+0000] {dag.py:3696} INFO - Setting next_dagrun for example_kubernetes_executor to None, run_after=None
[2023-09-29T11:01:11.447+0000] {processor.py:179} INFO - Processing /home/airflow/.local/lib/python3.8/site-packages/airflow/example_dags/example_kubernetes_executor.py took 0.231 seconds
[2023-09-29T11:01:42.462+0000] {processor.py:157} INFO - Started process (PID=777) to work on /home/airflow/.local/lib/python3.8/site-packages/airflow/example_dags/example_kubernetes_executor.py
[2023-09-29T11:01:42.463+0000] {processor.py:829} INFO - Processing file /home/airflow/.local/lib/python3.8/site-packages/airflow/example_dags/example_kubernetes_executor.py for tasks to queue
[2023-09-29T11:01:42.465+0000] {logging_mixin.py:151} INFO - [2023-09-29T11:01:42.465+0000] {dagbag.py:539} INFO - Filling up the DagBag from /home/airflow/.local/lib/python3.8/site-packages/airflow/example_dags/example_kubernetes_executor.py
[2023-09-29T11:01:42.682+0000] {processor.py:839} INFO - DAG(s) dict_keys(['example_kubernetes_executor']) retrieved from /home/airflow/.local/lib/python3.8/site-packages/airflow/example_dags/example_kubernetes_executor.py
[2023-09-29T11:01:42.724+0000] {logging_mixin.py:151} INFO - [2023-09-29T11:01:42.724+0000] {dag.py:2915} INFO - Sync 1 DAGs
[2023-09-29T11:01:42.732+0000] {logging_mixin.py:151} INFO - [2023-09-29T11:01:42.732+0000] {dag.py:3696} INFO - Setting next_dagrun for example_kubernetes_executor to None, run_after=None
[2023-09-29T11:01:42.742+0000] {processor.py:179} INFO - Processing /home/airflow/.local/lib/python3.8/site-packages/airflow/example_dags/example_kubernetes_executor.py took 0.284 seconds
[2023-09-29T11:02:13.687+0000] {processor.py:157} INFO - Started process (PID=834) to work on /home/airflow/.local/lib/python3.8/site-packages/airflow/example_dags/example_kubernetes_executor.py
[2023-09-29T11:02:13.688+0000] {processor.py:829} INFO - Processing file /home/airflow/.local/lib/python3.8/site-packages/airflow/example_dags/example_kubernetes_executor.py for tasks to queue
[2023-09-29T11:02:13.695+0000] {logging_mixin.py:151} INFO - [2023-09-29T11:02:13.694+0000] {dagbag.py:539} INFO - Filling up the DagBag from /home/airflow/.local/lib/python3.8/site-packages/airflow/example_dags/example_kubernetes_executor.py
[2023-09-29T11:02:13.888+0000] {processor.py:839} INFO - DAG(s) dict_keys(['example_kubernetes_executor']) retrieved from /home/airflow/.local/lib/python3.8/site-packages/airflow/example_dags/example_kubernetes_executor.py
[2023-09-29T11:02:13.911+0000] {logging_mixin.py:151} INFO - [2023-09-29T11:02:13.911+0000] {dag.py:2915} INFO - Sync 1 DAGs
[2023-09-29T11:02:13.918+0000] {logging_mixin.py:151} INFO - [2023-09-29T11:02:13.918+0000] {dag.py:3696} INFO - Setting next_dagrun for example_kubernetes_executor to None, run_after=None
[2023-09-29T11:02:13.927+0000] {processor.py:179} INFO - Processing /home/airflow/.local/lib/python3.8/site-packages/airflow/example_dags/example_kubernetes_executor.py took 0.244 seconds
[2023-09-29T11:02:43.991+0000] {processor.py:157} INFO - Started process (PID=891) to work on /home/airflow/.local/lib/python3.8/site-packages/airflow/example_dags/example_kubernetes_executor.py
[2023-09-29T11:02:43.994+0000] {processor.py:829} INFO - Processing file /home/airflow/.local/lib/python3.8/site-packages/airflow/example_dags/example_kubernetes_executor.py for tasks to queue
[2023-09-29T11:02:43.997+0000] {logging_mixin.py:151} INFO - [2023-09-29T11:02:43.997+0000] {dagbag.py:539} INFO - Filling up the DagBag from /home/airflow/.local/lib/python3.8/site-packages/airflow/example_dags/example_kubernetes_executor.py
[2023-09-29T11:02:44.150+0000] {processor.py:839} INFO - DAG(s) dict_keys(['example_kubernetes_executor']) retrieved from /home/airflow/.local/lib/python3.8/site-packages/airflow/example_dags/example_kubernetes_executor.py
[2023-09-29T11:02:44.171+0000] {logging_mixin.py:151} INFO - [2023-09-29T11:02:44.171+0000] {dag.py:2915} INFO - Sync 1 DAGs
[2023-09-29T11:02:44.180+0000] {logging_mixin.py:151} INFO - [2023-09-29T11:02:44.179+0000] {dag.py:3696} INFO - Setting next_dagrun for example_kubernetes_executor to None, run_after=None
[2023-09-29T11:02:44.188+0000] {processor.py:179} INFO - Processing /home/airflow/.local/lib/python3.8/site-packages/airflow/example_dags/example_kubernetes_executor.py took 0.202 seconds
[2023-09-29T11:03:15.161+0000] {processor.py:157} INFO - Started process (PID=948) to work on /home/airflow/.local/lib/python3.8/site-packages/airflow/example_dags/example_kubernetes_executor.py
[2023-09-29T11:03:15.163+0000] {processor.py:829} INFO - Processing file /home/airflow/.local/lib/python3.8/site-packages/airflow/example_dags/example_kubernetes_executor.py for tasks to queue
[2023-09-29T11:03:15.165+0000] {logging_mixin.py:151} INFO - [2023-09-29T11:03:15.165+0000] {dagbag.py:539} INFO - Filling up the DagBag from /home/airflow/.local/lib/python3.8/site-packages/airflow/example_dags/example_kubernetes_executor.py
[2023-09-29T11:03:15.353+0000] {processor.py:839} INFO - DAG(s) dict_keys(['example_kubernetes_executor']) retrieved from /home/airflow/.local/lib/python3.8/site-packages/airflow/example_dags/example_kubernetes_executor.py
[2023-09-29T11:03:15.374+0000] {logging_mixin.py:151} INFO - [2023-09-29T11:03:15.374+0000] {dag.py:2915} INFO - Sync 1 DAGs
[2023-09-29T11:03:15.381+0000] {logging_mixin.py:151} INFO - [2023-09-29T11:03:15.381+0000] {dag.py:3696} INFO - Setting next_dagrun for example_kubernetes_executor to None, run_after=None
[2023-09-29T11:03:15.390+0000] {processor.py:179} INFO - Processing /home/airflow/.local/lib/python3.8/site-packages/airflow/example_dags/example_kubernetes_executor.py took 0.232 seconds
[2023-09-29T11:03:45.470+0000] {processor.py:157} INFO - Started process (PID=1005) to work on /home/airflow/.local/lib/python3.8/site-packages/airflow/example_dags/example_kubernetes_executor.py
[2023-09-29T11:03:45.472+0000] {processor.py:829} INFO - Processing file /home/airflow/.local/lib/python3.8/site-packages/airflow/example_dags/example_kubernetes_executor.py for tasks to queue
[2023-09-29T11:03:45.474+0000] {logging_mixin.py:151} INFO - [2023-09-29T11:03:45.473+0000] {dagbag.py:539} INFO - Filling up the DagBag from /home/airflow/.local/lib/python3.8/site-packages/airflow/example_dags/example_kubernetes_executor.py
[2023-09-29T11:03:45.626+0000] {processor.py:839} INFO - DAG(s) dict_keys(['example_kubernetes_executor']) retrieved from /home/airflow/.local/lib/python3.8/site-packages/airflow/example_dags/example_kubernetes_executor.py
[2023-09-29T11:03:45.651+0000] {logging_mixin.py:151} INFO - [2023-09-29T11:03:45.651+0000] {dag.py:2915} INFO - Sync 1 DAGs
[2023-09-29T11:03:45.658+0000] {logging_mixin.py:151} INFO - [2023-09-29T11:03:45.658+0000] {dag.py:3696} INFO - Setting next_dagrun for example_kubernetes_executor to None, run_after=None
[2023-09-29T11:03:45.667+0000] {processor.py:179} INFO - Processing /home/airflow/.local/lib/python3.8/site-packages/airflow/example_dags/example_kubernetes_executor.py took 0.199 seconds
[2023-09-29T11:04:16.708+0000] {processor.py:157} INFO - Started process (PID=1062) to work on /home/airflow/.local/lib/python3.8/site-packages/airflow/example_dags/example_kubernetes_executor.py
[2023-09-29T11:04:16.708+0000] {processor.py:829} INFO - Processing file /home/airflow/.local/lib/python3.8/site-packages/airflow/example_dags/example_kubernetes_executor.py for tasks to queue
[2023-09-29T11:04:16.710+0000] {logging_mixin.py:151} INFO - [2023-09-29T11:04:16.710+0000] {dagbag.py:539} INFO - Filling up the DagBag from /home/airflow/.local/lib/python3.8/site-packages/airflow/example_dags/example_kubernetes_executor.py
[2023-09-29T11:04:16.882+0000] {processor.py:839} INFO - DAG(s) dict_keys(['example_kubernetes_executor']) retrieved from /home/airflow/.local/lib/python3.8/site-packages/airflow/example_dags/example_kubernetes_executor.py
[2023-09-29T11:04:16.909+0000] {logging_mixin.py:151} INFO - [2023-09-29T11:04:16.909+0000] {dag.py:2915} INFO - Sync 1 DAGs
[2023-09-29T11:04:16.918+0000] {logging_mixin.py:151} INFO - [2023-09-29T11:04:16.918+0000] {dag.py:3696} INFO - Setting next_dagrun for example_kubernetes_executor to None, run_after=None
[2023-09-29T11:04:16.928+0000] {processor.py:179} INFO - Processing /home/airflow/.local/lib/python3.8/site-packages/airflow/example_dags/example_kubernetes_executor.py took 0.223 seconds
[2023-09-29T11:04:47.857+0000] {processor.py:157} INFO - Started process (PID=1119) to work on /home/airflow/.local/lib/python3.8/site-packages/airflow/example_dags/example_kubernetes_executor.py
[2023-09-29T11:04:47.858+0000] {processor.py:829} INFO - Processing file /home/airflow/.local/lib/python3.8/site-packages/airflow/example_dags/example_kubernetes_executor.py for tasks to queue
[2023-09-29T11:04:47.860+0000] {logging_mixin.py:151} INFO - [2023-09-29T11:04:47.860+0000] {dagbag.py:539} INFO - Filling up the DagBag from /home/airflow/.local/lib/python3.8/site-packages/airflow/example_dags/example_kubernetes_executor.py
[2023-09-29T11:04:48.017+0000] {processor.py:839} INFO - DAG(s) dict_keys(['example_kubernetes_executor']) retrieved from /home/airflow/.local/lib/python3.8/site-packages/airflow/example_dags/example_kubernetes_executor.py
[2023-09-29T11:04:48.042+0000] {logging_mixin.py:151} INFO - [2023-09-29T11:04:48.042+0000] {dag.py:2915} INFO - Sync 1 DAGs
[2023-09-29T11:04:48.048+0000] {logging_mixin.py:151} INFO - [2023-09-29T11:04:48.048+0000] {dag.py:3696} INFO - Setting next_dagrun for example_kubernetes_executor to None, run_after=None
[2023-09-29T11:04:48.059+0000] {processor.py:179} INFO - Processing /home/airflow/.local/lib/python3.8/site-packages/airflow/example_dags/example_kubernetes_executor.py took 0.205 seconds
[2023-09-29T11:05:18.856+0000] {processor.py:157} INFO - Started process (PID=1176) to work on /home/airflow/.local/lib/python3.8/site-packages/airflow/example_dags/example_kubernetes_executor.py
[2023-09-29T11:05:18.857+0000] {processor.py:829} INFO - Processing file /home/airflow/.local/lib/python3.8/site-packages/airflow/example_dags/example_kubernetes_executor.py for tasks to queue
[2023-09-29T11:05:18.859+0000] {logging_mixin.py:151} INFO - [2023-09-29T11:05:18.859+0000] {dagbag.py:539} INFO - Filling up the DagBag from /home/airflow/.local/lib/python3.8/site-packages/airflow/example_dags/example_kubernetes_executor.py
[2023-09-29T11:05:19.017+0000] {processor.py:839} INFO - DAG(s) dict_keys(['example_kubernetes_executor']) retrieved from /home/airflow/.local/lib/python3.8/site-packages/airflow/example_dags/example_kubernetes_executor.py
[2023-09-29T11:05:19.043+0000] {logging_mixin.py:151} INFO - [2023-09-29T11:05:19.043+0000] {dag.py:2915} INFO - Sync 1 DAGs
[2023-09-29T11:05:19.051+0000] {logging_mixin.py:151} INFO - [2023-09-29T11:05:19.051+0000] {dag.py:3696} INFO - Setting next_dagrun for example_kubernetes_executor to None, run_after=None
[2023-09-29T11:05:19.060+0000] {processor.py:179} INFO - Processing /home/airflow/.local/lib/python3.8/site-packages/airflow/example_dags/example_kubernetes_executor.py took 0.205 seconds
[2023-09-29T11:05:49.907+0000] {processor.py:157} INFO - Started process (PID=1233) to work on /home/airflow/.local/lib/python3.8/site-packages/airflow/example_dags/example_kubernetes_executor.py
[2023-09-29T11:05:49.908+0000] {processor.py:829} INFO - Processing file /home/airflow/.local/lib/python3.8/site-packages/airflow/example_dags/example_kubernetes_executor.py for tasks to queue
[2023-09-29T11:05:49.909+0000] {logging_mixin.py:151} INFO - [2023-09-29T11:05:49.909+0000] {dagbag.py:539} INFO - Filling up the DagBag from /home/airflow/.local/lib/python3.8/site-packages/airflow/example_dags/example_kubernetes_executor.py
[2023-09-29T11:05:50.084+0000] {processor.py:839} INFO - DAG(s) dict_keys(['example_kubernetes_executor']) retrieved from /home/airflow/.local/lib/python3.8/site-packages/airflow/example_dags/example_kubernetes_executor.py
[2023-09-29T11:05:50.109+0000] {logging_mixin.py:151} INFO - [2023-09-29T11:05:50.109+0000] {dag.py:2915} INFO - Sync 1 DAGs
[2023-09-29T11:05:50.117+0000] {logging_mixin.py:151} INFO - [2023-09-29T11:05:50.117+0000] {dag.py:3696} INFO - Setting next_dagrun for example_kubernetes_executor to None, run_after=None
[2023-09-29T11:05:50.126+0000] {processor.py:179} INFO - Processing /home/airflow/.local/lib/python3.8/site-packages/airflow/example_dags/example_kubernetes_executor.py took 0.220 seconds
