[2023-09-29T08:49:15.907+0000] {processor.py:157} INFO - Started process (PID=62) to work on /home/airflow/.local/lib/python3.8/site-packages/airflow/example_dags/example_subdag_operator.py
[2023-09-29T08:49:15.911+0000] {processor.py:829} INFO - Processing file /home/airflow/.local/lib/python3.8/site-packages/airflow/example_dags/example_subdag_operator.py for tasks to queue
[2023-09-29T08:49:15.919+0000] {logging_mixin.py:151} INFO - [2023-09-29T08:49:15.918+0000] {dagbag.py:539} INFO - Filling up the DagBag from /home/airflow/.local/lib/python3.8/site-packages/airflow/example_dags/example_subdag_operator.py
[2023-09-29T08:49:15.979+0000] {processor.py:839} INFO - DAG(s) dict_keys(['example_subdag_operator.section-1', 'example_subdag_operator.section-2', 'example_subdag_operator']) retrieved from /home/airflow/.local/lib/python3.8/site-packages/airflow/example_dags/example_subdag_operator.py
[2023-09-29T08:49:15.982+0000] {logging_mixin.py:151} INFO - [2023-09-29T08:49:15.982+0000] {dag.py:2915} INFO - Sync 3 DAGs
[2023-09-29T08:49:16.015+0000] {logging_mixin.py:151} INFO - [2023-09-29T08:49:16.014+0000] {dag.py:3696} INFO - Setting next_dagrun for example_subdag_operator to 2022-01-01T00:00:00+00:00, run_after=2022-01-01T00:00:00+00:00
[2023-09-29T08:49:16.017+0000] {logging_mixin.py:151} INFO - [2023-09-29T08:49:16.017+0000] {dag.py:3696} INFO - Setting next_dagrun for example_subdag_operator.section-1 to None, run_after=None
[2023-09-29T08:49:16.018+0000] {logging_mixin.py:151} INFO - [2023-09-29T08:49:16.018+0000] {dag.py:3696} INFO - Setting next_dagrun for example_subdag_operator.section-2 to None, run_after=None
[2023-09-29T08:49:16.025+0000] {logging_mixin.py:151} INFO - [2023-09-29T08:49:16.024+0000] {dag.py:2915} INFO - Sync 2 DAGs
[2023-09-29T08:49:16.031+0000] {logging_mixin.py:151} INFO - [2023-09-29T08:49:16.030+0000] {dag.py:3696} INFO - Setting next_dagrun for example_subdag_operator.section-1 to None, run_after=None
[2023-09-29T08:49:16.031+0000] {logging_mixin.py:151} INFO - [2023-09-29T08:49:16.031+0000] {dag.py:3696} INFO - Setting next_dagrun for example_subdag_operator.section-2 to None, run_after=None
[2023-09-29T08:49:16.043+0000] {processor.py:179} INFO - Processing /home/airflow/.local/lib/python3.8/site-packages/airflow/example_dags/example_subdag_operator.py took 0.140 seconds
[2023-09-29T08:49:46.548+0000] {processor.py:157} INFO - Started process (PID=119) to work on /home/airflow/.local/lib/python3.8/site-packages/airflow/example_dags/example_subdag_operator.py
[2023-09-29T08:49:46.549+0000] {processor.py:829} INFO - Processing file /home/airflow/.local/lib/python3.8/site-packages/airflow/example_dags/example_subdag_operator.py for tasks to queue
[2023-09-29T08:49:46.550+0000] {logging_mixin.py:151} INFO - [2023-09-29T08:49:46.550+0000] {dagbag.py:539} INFO - Filling up the DagBag from /home/airflow/.local/lib/python3.8/site-packages/airflow/example_dags/example_subdag_operator.py
[2023-09-29T08:49:46.562+0000] {processor.py:839} INFO - DAG(s) dict_keys(['example_subdag_operator.section-1', 'example_subdag_operator.section-2', 'example_subdag_operator']) retrieved from /home/airflow/.local/lib/python3.8/site-packages/airflow/example_dags/example_subdag_operator.py
[2023-09-29T08:49:46.569+0000] {logging_mixin.py:151} INFO - [2023-09-29T08:49:46.569+0000] {dag.py:2915} INFO - Sync 3 DAGs
[2023-09-29T08:49:46.582+0000] {logging_mixin.py:151} INFO - [2023-09-29T08:49:46.582+0000] {dag.py:3696} INFO - Setting next_dagrun for example_subdag_operator to 2022-01-01T00:00:00+00:00, run_after=2022-01-01T00:00:00+00:00
[2023-09-29T08:49:46.583+0000] {logging_mixin.py:151} INFO - [2023-09-29T08:49:46.583+0000] {dag.py:3696} INFO - Setting next_dagrun for example_subdag_operator.section-1 to None, run_after=None
[2023-09-29T08:49:46.584+0000] {logging_mixin.py:151} INFO - [2023-09-29T08:49:46.584+0000] {dag.py:3696} INFO - Setting next_dagrun for example_subdag_operator.section-2 to None, run_after=None
[2023-09-29T08:49:46.588+0000] {logging_mixin.py:151} INFO - [2023-09-29T08:49:46.588+0000] {dag.py:2915} INFO - Sync 2 DAGs
[2023-09-29T08:49:46.590+0000] {logging_mixin.py:151} INFO - [2023-09-29T08:49:46.590+0000] {dag.py:3696} INFO - Setting next_dagrun for example_subdag_operator.section-1 to None, run_after=None
[2023-09-29T08:49:46.591+0000] {logging_mixin.py:151} INFO - [2023-09-29T08:49:46.591+0000] {dag.py:3696} INFO - Setting next_dagrun for example_subdag_operator.section-2 to None, run_after=None
[2023-09-29T08:49:46.596+0000] {processor.py:179} INFO - Processing /home/airflow/.local/lib/python3.8/site-packages/airflow/example_dags/example_subdag_operator.py took 0.050 seconds
[2023-09-29T08:50:17.073+0000] {processor.py:157} INFO - Started process (PID=176) to work on /home/airflow/.local/lib/python3.8/site-packages/airflow/example_dags/example_subdag_operator.py
[2023-09-29T08:50:17.074+0000] {processor.py:829} INFO - Processing file /home/airflow/.local/lib/python3.8/site-packages/airflow/example_dags/example_subdag_operator.py for tasks to queue
[2023-09-29T08:50:17.075+0000] {logging_mixin.py:151} INFO - [2023-09-29T08:50:17.075+0000] {dagbag.py:539} INFO - Filling up the DagBag from /home/airflow/.local/lib/python3.8/site-packages/airflow/example_dags/example_subdag_operator.py
[2023-09-29T08:50:17.086+0000] {processor.py:839} INFO - DAG(s) dict_keys(['example_subdag_operator.section-1', 'example_subdag_operator.section-2', 'example_subdag_operator']) retrieved from /home/airflow/.local/lib/python3.8/site-packages/airflow/example_dags/example_subdag_operator.py
[2023-09-29T08:50:17.093+0000] {logging_mixin.py:151} INFO - [2023-09-29T08:50:17.093+0000] {dag.py:2915} INFO - Sync 3 DAGs
[2023-09-29T08:50:17.102+0000] {logging_mixin.py:151} INFO - [2023-09-29T08:50:17.102+0000] {dag.py:3696} INFO - Setting next_dagrun for example_subdag_operator to 2022-01-01T00:00:00+00:00, run_after=2022-01-01T00:00:00+00:00
[2023-09-29T08:50:17.103+0000] {logging_mixin.py:151} INFO - [2023-09-29T08:50:17.103+0000] {dag.py:3696} INFO - Setting next_dagrun for example_subdag_operator.section-1 to None, run_after=None
[2023-09-29T08:50:17.104+0000] {logging_mixin.py:151} INFO - [2023-09-29T08:50:17.104+0000] {dag.py:3696} INFO - Setting next_dagrun for example_subdag_operator.section-2 to None, run_after=None
[2023-09-29T08:50:17.107+0000] {logging_mixin.py:151} INFO - [2023-09-29T08:50:17.107+0000] {dag.py:2915} INFO - Sync 2 DAGs
[2023-09-29T08:50:17.109+0000] {logging_mixin.py:151} INFO - [2023-09-29T08:50:17.109+0000] {dag.py:3696} INFO - Setting next_dagrun for example_subdag_operator.section-1 to None, run_after=None
[2023-09-29T08:50:17.110+0000] {logging_mixin.py:151} INFO - [2023-09-29T08:50:17.109+0000] {dag.py:3696} INFO - Setting next_dagrun for example_subdag_operator.section-2 to None, run_after=None
[2023-09-29T08:50:17.114+0000] {processor.py:179} INFO - Processing /home/airflow/.local/lib/python3.8/site-packages/airflow/example_dags/example_subdag_operator.py took 0.043 seconds
[2023-09-29T08:50:47.405+0000] {processor.py:157} INFO - Started process (PID=233) to work on /home/airflow/.local/lib/python3.8/site-packages/airflow/example_dags/example_subdag_operator.py
[2023-09-29T08:50:47.405+0000] {processor.py:829} INFO - Processing file /home/airflow/.local/lib/python3.8/site-packages/airflow/example_dags/example_subdag_operator.py for tasks to queue
[2023-09-29T08:50:47.406+0000] {logging_mixin.py:151} INFO - [2023-09-29T08:50:47.406+0000] {dagbag.py:539} INFO - Filling up the DagBag from /home/airflow/.local/lib/python3.8/site-packages/airflow/example_dags/example_subdag_operator.py
[2023-09-29T08:50:47.418+0000] {processor.py:839} INFO - DAG(s) dict_keys(['example_subdag_operator.section-1', 'example_subdag_operator.section-2', 'example_subdag_operator']) retrieved from /home/airflow/.local/lib/python3.8/site-packages/airflow/example_dags/example_subdag_operator.py
[2023-09-29T08:50:47.424+0000] {logging_mixin.py:151} INFO - [2023-09-29T08:50:47.424+0000] {dag.py:2915} INFO - Sync 3 DAGs
[2023-09-29T08:50:47.434+0000] {logging_mixin.py:151} INFO - [2023-09-29T08:50:47.434+0000] {dag.py:3696} INFO - Setting next_dagrun for example_subdag_operator to 2022-01-01T00:00:00+00:00, run_after=2022-01-01T00:00:00+00:00
[2023-09-29T08:50:47.435+0000] {logging_mixin.py:151} INFO - [2023-09-29T08:50:47.435+0000] {dag.py:3696} INFO - Setting next_dagrun for example_subdag_operator.section-1 to None, run_after=None
[2023-09-29T08:50:47.436+0000] {logging_mixin.py:151} INFO - [2023-09-29T08:50:47.436+0000] {dag.py:3696} INFO - Setting next_dagrun for example_subdag_operator.section-2 to None, run_after=None
[2023-09-29T08:50:47.440+0000] {logging_mixin.py:151} INFO - [2023-09-29T08:50:47.440+0000] {dag.py:2915} INFO - Sync 2 DAGs
[2023-09-29T08:50:47.442+0000] {logging_mixin.py:151} INFO - [2023-09-29T08:50:47.442+0000] {dag.py:3696} INFO - Setting next_dagrun for example_subdag_operator.section-1 to None, run_after=None
[2023-09-29T08:50:47.443+0000] {logging_mixin.py:151} INFO - [2023-09-29T08:50:47.442+0000] {dag.py:3696} INFO - Setting next_dagrun for example_subdag_operator.section-2 to None, run_after=None
[2023-09-29T08:50:47.447+0000] {processor.py:179} INFO - Processing /home/airflow/.local/lib/python3.8/site-packages/airflow/example_dags/example_subdag_operator.py took 0.045 seconds
[2023-09-29T08:51:17.556+0000] {processor.py:157} INFO - Started process (PID=290) to work on /home/airflow/.local/lib/python3.8/site-packages/airflow/example_dags/example_subdag_operator.py
[2023-09-29T08:51:17.557+0000] {processor.py:829} INFO - Processing file /home/airflow/.local/lib/python3.8/site-packages/airflow/example_dags/example_subdag_operator.py for tasks to queue
[2023-09-29T08:51:17.559+0000] {logging_mixin.py:151} INFO - [2023-09-29T08:51:17.559+0000] {dagbag.py:539} INFO - Filling up the DagBag from /home/airflow/.local/lib/python3.8/site-packages/airflow/example_dags/example_subdag_operator.py
[2023-09-29T08:51:17.575+0000] {processor.py:839} INFO - DAG(s) dict_keys(['example_subdag_operator.section-1', 'example_subdag_operator.section-2', 'example_subdag_operator']) retrieved from /home/airflow/.local/lib/python3.8/site-packages/airflow/example_dags/example_subdag_operator.py
[2023-09-29T08:51:17.585+0000] {logging_mixin.py:151} INFO - [2023-09-29T08:51:17.585+0000] {dag.py:2915} INFO - Sync 3 DAGs
[2023-09-29T08:51:17.597+0000] {logging_mixin.py:151} INFO - [2023-09-29T08:51:17.597+0000] {dag.py:3696} INFO - Setting next_dagrun for example_subdag_operator to 2022-01-01T00:00:00+00:00, run_after=2022-01-01T00:00:00+00:00
[2023-09-29T08:51:17.599+0000] {logging_mixin.py:151} INFO - [2023-09-29T08:51:17.599+0000] {dag.py:3696} INFO - Setting next_dagrun for example_subdag_operator.section-1 to None, run_after=None
[2023-09-29T08:51:17.600+0000] {logging_mixin.py:151} INFO - [2023-09-29T08:51:17.599+0000] {dag.py:3696} INFO - Setting next_dagrun for example_subdag_operator.section-2 to None, run_after=None
[2023-09-29T08:51:17.604+0000] {logging_mixin.py:151} INFO - [2023-09-29T08:51:17.604+0000] {dag.py:2915} INFO - Sync 2 DAGs
[2023-09-29T08:51:17.607+0000] {logging_mixin.py:151} INFO - [2023-09-29T08:51:17.606+0000] {dag.py:3696} INFO - Setting next_dagrun for example_subdag_operator.section-1 to None, run_after=None
[2023-09-29T08:51:17.607+0000] {logging_mixin.py:151} INFO - [2023-09-29T08:51:17.607+0000] {dag.py:3696} INFO - Setting next_dagrun for example_subdag_operator.section-2 to None, run_after=None
[2023-09-29T08:51:17.612+0000] {processor.py:179} INFO - Processing /home/airflow/.local/lib/python3.8/site-packages/airflow/example_dags/example_subdag_operator.py took 0.057 seconds
[2023-09-29T08:51:48.778+0000] {processor.py:157} INFO - Started process (PID=347) to work on /home/airflow/.local/lib/python3.8/site-packages/airflow/example_dags/example_subdag_operator.py
[2023-09-29T08:51:48.779+0000] {processor.py:829} INFO - Processing file /home/airflow/.local/lib/python3.8/site-packages/airflow/example_dags/example_subdag_operator.py for tasks to queue
[2023-09-29T08:51:48.780+0000] {logging_mixin.py:151} INFO - [2023-09-29T08:51:48.780+0000] {dagbag.py:539} INFO - Filling up the DagBag from /home/airflow/.local/lib/python3.8/site-packages/airflow/example_dags/example_subdag_operator.py
[2023-09-29T08:51:48.792+0000] {processor.py:839} INFO - DAG(s) dict_keys(['example_subdag_operator.section-1', 'example_subdag_operator.section-2', 'example_subdag_operator']) retrieved from /home/airflow/.local/lib/python3.8/site-packages/airflow/example_dags/example_subdag_operator.py
[2023-09-29T08:51:48.799+0000] {logging_mixin.py:151} INFO - [2023-09-29T08:51:48.799+0000] {dag.py:2915} INFO - Sync 3 DAGs
[2023-09-29T08:51:48.808+0000] {logging_mixin.py:151} INFO - [2023-09-29T08:51:48.808+0000] {dag.py:3696} INFO - Setting next_dagrun for example_subdag_operator to 2022-01-01T00:00:00+00:00, run_after=2022-01-01T00:00:00+00:00
[2023-09-29T08:51:48.809+0000] {logging_mixin.py:151} INFO - [2023-09-29T08:51:48.809+0000] {dag.py:3696} INFO - Setting next_dagrun for example_subdag_operator.section-1 to None, run_after=None
[2023-09-29T08:51:48.810+0000] {logging_mixin.py:151} INFO - [2023-09-29T08:51:48.810+0000] {dag.py:3696} INFO - Setting next_dagrun for example_subdag_operator.section-2 to None, run_after=None
[2023-09-29T08:51:48.813+0000] {logging_mixin.py:151} INFO - [2023-09-29T08:51:48.813+0000] {dag.py:2915} INFO - Sync 2 DAGs
[2023-09-29T08:51:48.815+0000] {logging_mixin.py:151} INFO - [2023-09-29T08:51:48.815+0000] {dag.py:3696} INFO - Setting next_dagrun for example_subdag_operator.section-1 to None, run_after=None
[2023-09-29T08:51:48.815+0000] {logging_mixin.py:151} INFO - [2023-09-29T08:51:48.815+0000] {dag.py:3696} INFO - Setting next_dagrun for example_subdag_operator.section-2 to None, run_after=None
[2023-09-29T08:51:48.820+0000] {processor.py:179} INFO - Processing /home/airflow/.local/lib/python3.8/site-packages/airflow/example_dags/example_subdag_operator.py took 0.043 seconds
[2023-09-29T08:52:20.393+0000] {processor.py:157} INFO - Started process (PID=404) to work on /home/airflow/.local/lib/python3.8/site-packages/airflow/example_dags/example_subdag_operator.py
[2023-09-29T08:52:20.394+0000] {processor.py:829} INFO - Processing file /home/airflow/.local/lib/python3.8/site-packages/airflow/example_dags/example_subdag_operator.py for tasks to queue
[2023-09-29T08:52:20.395+0000] {logging_mixin.py:151} INFO - [2023-09-29T08:52:20.395+0000] {dagbag.py:539} INFO - Filling up the DagBag from /home/airflow/.local/lib/python3.8/site-packages/airflow/example_dags/example_subdag_operator.py
[2023-09-29T08:52:20.412+0000] {processor.py:839} INFO - DAG(s) dict_keys(['example_subdag_operator.section-1', 'example_subdag_operator.section-2', 'example_subdag_operator']) retrieved from /home/airflow/.local/lib/python3.8/site-packages/airflow/example_dags/example_subdag_operator.py
[2023-09-29T08:52:20.422+0000] {logging_mixin.py:151} INFO - [2023-09-29T08:52:20.422+0000] {dag.py:2915} INFO - Sync 3 DAGs
[2023-09-29T08:52:20.440+0000] {logging_mixin.py:151} INFO - [2023-09-29T08:52:20.440+0000] {dag.py:3696} INFO - Setting next_dagrun for example_subdag_operator to 2022-01-01T00:00:00+00:00, run_after=2022-01-01T00:00:00+00:00
[2023-09-29T08:52:20.442+0000] {logging_mixin.py:151} INFO - [2023-09-29T08:52:20.442+0000] {dag.py:3696} INFO - Setting next_dagrun for example_subdag_operator.section-1 to None, run_after=None
[2023-09-29T08:52:20.443+0000] {logging_mixin.py:151} INFO - [2023-09-29T08:52:20.443+0000] {dag.py:3696} INFO - Setting next_dagrun for example_subdag_operator.section-2 to None, run_after=None
[2023-09-29T08:52:20.447+0000] {logging_mixin.py:151} INFO - [2023-09-29T08:52:20.447+0000] {dag.py:2915} INFO - Sync 2 DAGs
[2023-09-29T08:52:20.450+0000] {logging_mixin.py:151} INFO - [2023-09-29T08:52:20.450+0000] {dag.py:3696} INFO - Setting next_dagrun for example_subdag_operator.section-1 to None, run_after=None
[2023-09-29T08:52:20.451+0000] {logging_mixin.py:151} INFO - [2023-09-29T08:52:20.450+0000] {dag.py:3696} INFO - Setting next_dagrun for example_subdag_operator.section-2 to None, run_after=None
[2023-09-29T08:52:20.455+0000] {processor.py:179} INFO - Processing /home/airflow/.local/lib/python3.8/site-packages/airflow/example_dags/example_subdag_operator.py took 0.064 seconds
[2023-09-29T08:52:50.521+0000] {processor.py:157} INFO - Started process (PID=461) to work on /home/airflow/.local/lib/python3.8/site-packages/airflow/example_dags/example_subdag_operator.py
[2023-09-29T08:52:50.523+0000] {processor.py:829} INFO - Processing file /home/airflow/.local/lib/python3.8/site-packages/airflow/example_dags/example_subdag_operator.py for tasks to queue
[2023-09-29T08:52:50.524+0000] {logging_mixin.py:151} INFO - [2023-09-29T08:52:50.524+0000] {dagbag.py:539} INFO - Filling up the DagBag from /home/airflow/.local/lib/python3.8/site-packages/airflow/example_dags/example_subdag_operator.py
[2023-09-29T08:52:50.537+0000] {processor.py:839} INFO - DAG(s) dict_keys(['example_subdag_operator.section-1', 'example_subdag_operator.section-2', 'example_subdag_operator']) retrieved from /home/airflow/.local/lib/python3.8/site-packages/airflow/example_dags/example_subdag_operator.py
[2023-09-29T08:52:50.544+0000] {logging_mixin.py:151} INFO - [2023-09-29T08:52:50.544+0000] {dag.py:2915} INFO - Sync 3 DAGs
[2023-09-29T08:52:50.555+0000] {logging_mixin.py:151} INFO - [2023-09-29T08:52:50.554+0000] {dag.py:3696} INFO - Setting next_dagrun for example_subdag_operator to 2022-01-01T00:00:00+00:00, run_after=2022-01-01T00:00:00+00:00
[2023-09-29T08:52:50.556+0000] {logging_mixin.py:151} INFO - [2023-09-29T08:52:50.556+0000] {dag.py:3696} INFO - Setting next_dagrun for example_subdag_operator.section-1 to None, run_after=None
[2023-09-29T08:52:50.557+0000] {logging_mixin.py:151} INFO - [2023-09-29T08:52:50.557+0000] {dag.py:3696} INFO - Setting next_dagrun for example_subdag_operator.section-2 to None, run_after=None
[2023-09-29T08:52:50.560+0000] {logging_mixin.py:151} INFO - [2023-09-29T08:52:50.560+0000] {dag.py:2915} INFO - Sync 2 DAGs
[2023-09-29T08:52:50.562+0000] {logging_mixin.py:151} INFO - [2023-09-29T08:52:50.562+0000] {dag.py:3696} INFO - Setting next_dagrun for example_subdag_operator.section-1 to None, run_after=None
[2023-09-29T08:52:50.562+0000] {logging_mixin.py:151} INFO - [2023-09-29T08:52:50.562+0000] {dag.py:3696} INFO - Setting next_dagrun for example_subdag_operator.section-2 to None, run_after=None
[2023-09-29T08:52:50.567+0000] {processor.py:179} INFO - Processing /home/airflow/.local/lib/python3.8/site-packages/airflow/example_dags/example_subdag_operator.py took 0.047 seconds
[2023-09-29T08:53:22.017+0000] {processor.py:157} INFO - Started process (PID=518) to work on /home/airflow/.local/lib/python3.8/site-packages/airflow/example_dags/example_subdag_operator.py
[2023-09-29T08:53:22.017+0000] {processor.py:829} INFO - Processing file /home/airflow/.local/lib/python3.8/site-packages/airflow/example_dags/example_subdag_operator.py for tasks to queue
[2023-09-29T08:53:22.018+0000] {logging_mixin.py:151} INFO - [2023-09-29T08:53:22.018+0000] {dagbag.py:539} INFO - Filling up the DagBag from /home/airflow/.local/lib/python3.8/site-packages/airflow/example_dags/example_subdag_operator.py
[2023-09-29T08:53:22.034+0000] {processor.py:839} INFO - DAG(s) dict_keys(['example_subdag_operator.section-1', 'example_subdag_operator.section-2', 'example_subdag_operator']) retrieved from /home/airflow/.local/lib/python3.8/site-packages/airflow/example_dags/example_subdag_operator.py
[2023-09-29T08:53:22.042+0000] {logging_mixin.py:151} INFO - [2023-09-29T08:53:22.042+0000] {dag.py:2915} INFO - Sync 3 DAGs
[2023-09-29T08:53:22.053+0000] {logging_mixin.py:151} INFO - [2023-09-29T08:53:22.053+0000] {dag.py:3696} INFO - Setting next_dagrun for example_subdag_operator to 2022-01-01T00:00:00+00:00, run_after=2022-01-01T00:00:00+00:00
[2023-09-29T08:53:22.055+0000] {logging_mixin.py:151} INFO - [2023-09-29T08:53:22.055+0000] {dag.py:3696} INFO - Setting next_dagrun for example_subdag_operator.section-1 to None, run_after=None
[2023-09-29T08:53:22.055+0000] {logging_mixin.py:151} INFO - [2023-09-29T08:53:22.055+0000] {dag.py:3696} INFO - Setting next_dagrun for example_subdag_operator.section-2 to None, run_after=None
[2023-09-29T08:53:22.059+0000] {logging_mixin.py:151} INFO - [2023-09-29T08:53:22.059+0000] {dag.py:2915} INFO - Sync 2 DAGs
[2023-09-29T08:53:22.061+0000] {logging_mixin.py:151} INFO - [2023-09-29T08:53:22.061+0000] {dag.py:3696} INFO - Setting next_dagrun for example_subdag_operator.section-1 to None, run_after=None
[2023-09-29T08:53:22.062+0000] {logging_mixin.py:151} INFO - [2023-09-29T08:53:22.062+0000] {dag.py:3696} INFO - Setting next_dagrun for example_subdag_operator.section-2 to None, run_after=None
[2023-09-29T08:53:22.066+0000] {processor.py:179} INFO - Processing /home/airflow/.local/lib/python3.8/site-packages/airflow/example_dags/example_subdag_operator.py took 0.051 seconds
[2023-09-29T08:53:52.469+0000] {processor.py:157} INFO - Started process (PID=575) to work on /home/airflow/.local/lib/python3.8/site-packages/airflow/example_dags/example_subdag_operator.py
[2023-09-29T08:53:52.470+0000] {processor.py:829} INFO - Processing file /home/airflow/.local/lib/python3.8/site-packages/airflow/example_dags/example_subdag_operator.py for tasks to queue
[2023-09-29T08:53:52.471+0000] {logging_mixin.py:151} INFO - [2023-09-29T08:53:52.471+0000] {dagbag.py:539} INFO - Filling up the DagBag from /home/airflow/.local/lib/python3.8/site-packages/airflow/example_dags/example_subdag_operator.py
[2023-09-29T08:53:52.492+0000] {processor.py:839} INFO - DAG(s) dict_keys(['example_subdag_operator.section-1', 'example_subdag_operator.section-2', 'example_subdag_operator']) retrieved from /home/airflow/.local/lib/python3.8/site-packages/airflow/example_dags/example_subdag_operator.py
[2023-09-29T08:53:52.501+0000] {logging_mixin.py:151} INFO - [2023-09-29T08:53:52.501+0000] {dag.py:2915} INFO - Sync 3 DAGs
[2023-09-29T08:53:52.519+0000] {logging_mixin.py:151} INFO - [2023-09-29T08:53:52.519+0000] {dag.py:3696} INFO - Setting next_dagrun for example_subdag_operator to 2022-01-01T00:00:00+00:00, run_after=2022-01-01T00:00:00+00:00
[2023-09-29T08:53:52.521+0000] {logging_mixin.py:151} INFO - [2023-09-29T08:53:52.521+0000] {dag.py:3696} INFO - Setting next_dagrun for example_subdag_operator.section-1 to None, run_after=None
[2023-09-29T08:53:52.522+0000] {logging_mixin.py:151} INFO - [2023-09-29T08:53:52.522+0000] {dag.py:3696} INFO - Setting next_dagrun for example_subdag_operator.section-2 to None, run_after=None
[2023-09-29T08:53:52.526+0000] {logging_mixin.py:151} INFO - [2023-09-29T08:53:52.526+0000] {dag.py:2915} INFO - Sync 2 DAGs
[2023-09-29T08:53:52.529+0000] {logging_mixin.py:151} INFO - [2023-09-29T08:53:52.529+0000] {dag.py:3696} INFO - Setting next_dagrun for example_subdag_operator.section-1 to None, run_after=None
[2023-09-29T08:53:52.529+0000] {logging_mixin.py:151} INFO - [2023-09-29T08:53:52.529+0000] {dag.py:3696} INFO - Setting next_dagrun for example_subdag_operator.section-2 to None, run_after=None
[2023-09-29T08:53:52.536+0000] {processor.py:179} INFO - Processing /home/airflow/.local/lib/python3.8/site-packages/airflow/example_dags/example_subdag_operator.py took 0.069 seconds
[2023-09-29T08:54:22.748+0000] {processor.py:157} INFO - Started process (PID=632) to work on /home/airflow/.local/lib/python3.8/site-packages/airflow/example_dags/example_subdag_operator.py
[2023-09-29T08:54:22.749+0000] {processor.py:829} INFO - Processing file /home/airflow/.local/lib/python3.8/site-packages/airflow/example_dags/example_subdag_operator.py for tasks to queue
[2023-09-29T08:54:22.750+0000] {logging_mixin.py:151} INFO - [2023-09-29T08:54:22.750+0000] {dagbag.py:539} INFO - Filling up the DagBag from /home/airflow/.local/lib/python3.8/site-packages/airflow/example_dags/example_subdag_operator.py
[2023-09-29T08:54:22.763+0000] {processor.py:839} INFO - DAG(s) dict_keys(['example_subdag_operator.section-1', 'example_subdag_operator.section-2', 'example_subdag_operator']) retrieved from /home/airflow/.local/lib/python3.8/site-packages/airflow/example_dags/example_subdag_operator.py
[2023-09-29T08:54:22.770+0000] {logging_mixin.py:151} INFO - [2023-09-29T08:54:22.770+0000] {dag.py:2915} INFO - Sync 3 DAGs
[2023-09-29T08:54:22.780+0000] {logging_mixin.py:151} INFO - [2023-09-29T08:54:22.780+0000] {dag.py:3696} INFO - Setting next_dagrun for example_subdag_operator to 2022-01-01T00:00:00+00:00, run_after=2022-01-01T00:00:00+00:00
[2023-09-29T08:54:22.782+0000] {logging_mixin.py:151} INFO - [2023-09-29T08:54:22.782+0000] {dag.py:3696} INFO - Setting next_dagrun for example_subdag_operator.section-1 to None, run_after=None
[2023-09-29T08:54:22.783+0000] {logging_mixin.py:151} INFO - [2023-09-29T08:54:22.782+0000] {dag.py:3696} INFO - Setting next_dagrun for example_subdag_operator.section-2 to None, run_after=None
[2023-09-29T08:54:22.786+0000] {logging_mixin.py:151} INFO - [2023-09-29T08:54:22.786+0000] {dag.py:2915} INFO - Sync 2 DAGs
[2023-09-29T08:54:22.788+0000] {logging_mixin.py:151} INFO - [2023-09-29T08:54:22.788+0000] {dag.py:3696} INFO - Setting next_dagrun for example_subdag_operator.section-1 to None, run_after=None
[2023-09-29T08:54:22.788+0000] {logging_mixin.py:151} INFO - [2023-09-29T08:54:22.788+0000] {dag.py:3696} INFO - Setting next_dagrun for example_subdag_operator.section-2 to None, run_after=None
[2023-09-29T08:54:22.792+0000] {processor.py:179} INFO - Processing /home/airflow/.local/lib/python3.8/site-packages/airflow/example_dags/example_subdag_operator.py took 0.046 seconds
[2023-09-29T08:54:53.165+0000] {processor.py:157} INFO - Started process (PID=689) to work on /home/airflow/.local/lib/python3.8/site-packages/airflow/example_dags/example_subdag_operator.py
[2023-09-29T08:54:53.166+0000] {processor.py:829} INFO - Processing file /home/airflow/.local/lib/python3.8/site-packages/airflow/example_dags/example_subdag_operator.py for tasks to queue
[2023-09-29T08:54:53.167+0000] {logging_mixin.py:151} INFO - [2023-09-29T08:54:53.167+0000] {dagbag.py:539} INFO - Filling up the DagBag from /home/airflow/.local/lib/python3.8/site-packages/airflow/example_dags/example_subdag_operator.py
[2023-09-29T08:54:53.205+0000] {processor.py:839} INFO - DAG(s) dict_keys(['example_subdag_operator.section-1', 'example_subdag_operator.section-2', 'example_subdag_operator']) retrieved from /home/airflow/.local/lib/python3.8/site-packages/airflow/example_dags/example_subdag_operator.py
[2023-09-29T08:54:53.235+0000] {logging_mixin.py:151} INFO - [2023-09-29T08:54:53.235+0000] {dag.py:2915} INFO - Sync 3 DAGs
[2023-09-29T08:54:53.269+0000] {logging_mixin.py:151} INFO - [2023-09-29T08:54:53.269+0000] {dag.py:3696} INFO - Setting next_dagrun for example_subdag_operator to 2022-01-01T00:00:00+00:00, run_after=2022-01-01T00:00:00+00:00
[2023-09-29T08:54:53.273+0000] {logging_mixin.py:151} INFO - [2023-09-29T08:54:53.273+0000] {dag.py:3696} INFO - Setting next_dagrun for example_subdag_operator.section-1 to None, run_after=None
[2023-09-29T08:54:53.274+0000] {logging_mixin.py:151} INFO - [2023-09-29T08:54:53.274+0000] {dag.py:3696} INFO - Setting next_dagrun for example_subdag_operator.section-2 to None, run_after=None
[2023-09-29T08:54:53.278+0000] {logging_mixin.py:151} INFO - [2023-09-29T08:54:53.278+0000] {dag.py:2915} INFO - Sync 2 DAGs
[2023-09-29T08:54:53.282+0000] {logging_mixin.py:151} INFO - [2023-09-29T08:54:53.282+0000] {dag.py:3696} INFO - Setting next_dagrun for example_subdag_operator.section-1 to None, run_after=None
[2023-09-29T08:54:53.282+0000] {logging_mixin.py:151} INFO - [2023-09-29T08:54:53.282+0000] {dag.py:3696} INFO - Setting next_dagrun for example_subdag_operator.section-2 to None, run_after=None
[2023-09-29T08:54:53.289+0000] {processor.py:179} INFO - Processing /home/airflow/.local/lib/python3.8/site-packages/airflow/example_dags/example_subdag_operator.py took 0.126 seconds
[2023-09-29T08:55:24.521+0000] {processor.py:157} INFO - Started process (PID=746) to work on /home/airflow/.local/lib/python3.8/site-packages/airflow/example_dags/example_subdag_operator.py
[2023-09-29T08:55:24.522+0000] {processor.py:829} INFO - Processing file /home/airflow/.local/lib/python3.8/site-packages/airflow/example_dags/example_subdag_operator.py for tasks to queue
[2023-09-29T08:55:24.523+0000] {logging_mixin.py:151} INFO - [2023-09-29T08:55:24.523+0000] {dagbag.py:539} INFO - Filling up the DagBag from /home/airflow/.local/lib/python3.8/site-packages/airflow/example_dags/example_subdag_operator.py
[2023-09-29T08:55:24.536+0000] {processor.py:839} INFO - DAG(s) dict_keys(['example_subdag_operator.section-1', 'example_subdag_operator.section-2', 'example_subdag_operator']) retrieved from /home/airflow/.local/lib/python3.8/site-packages/airflow/example_dags/example_subdag_operator.py
[2023-09-29T08:55:24.543+0000] {logging_mixin.py:151} INFO - [2023-09-29T08:55:24.543+0000] {dag.py:2915} INFO - Sync 3 DAGs
[2023-09-29T08:55:24.552+0000] {logging_mixin.py:151} INFO - [2023-09-29T08:55:24.552+0000] {dag.py:3696} INFO - Setting next_dagrun for example_subdag_operator to 2022-01-01T00:00:00+00:00, run_after=2022-01-01T00:00:00+00:00
[2023-09-29T08:55:24.553+0000] {logging_mixin.py:151} INFO - [2023-09-29T08:55:24.553+0000] {dag.py:3696} INFO - Setting next_dagrun for example_subdag_operator.section-1 to None, run_after=None
[2023-09-29T08:55:24.554+0000] {logging_mixin.py:151} INFO - [2023-09-29T08:55:24.554+0000] {dag.py:3696} INFO - Setting next_dagrun for example_subdag_operator.section-2 to None, run_after=None
[2023-09-29T08:55:24.557+0000] {logging_mixin.py:151} INFO - [2023-09-29T08:55:24.557+0000] {dag.py:2915} INFO - Sync 2 DAGs
[2023-09-29T08:55:24.559+0000] {logging_mixin.py:151} INFO - [2023-09-29T08:55:24.559+0000] {dag.py:3696} INFO - Setting next_dagrun for example_subdag_operator.section-1 to None, run_after=None
[2023-09-29T08:55:24.560+0000] {logging_mixin.py:151} INFO - [2023-09-29T08:55:24.560+0000] {dag.py:3696} INFO - Setting next_dagrun for example_subdag_operator.section-2 to None, run_after=None
[2023-09-29T08:55:24.564+0000] {processor.py:179} INFO - Processing /home/airflow/.local/lib/python3.8/site-packages/airflow/example_dags/example_subdag_operator.py took 0.045 seconds
[2023-09-29T08:55:55.585+0000] {processor.py:157} INFO - Started process (PID=803) to work on /home/airflow/.local/lib/python3.8/site-packages/airflow/example_dags/example_subdag_operator.py
[2023-09-29T08:55:55.585+0000] {processor.py:829} INFO - Processing file /home/airflow/.local/lib/python3.8/site-packages/airflow/example_dags/example_subdag_operator.py for tasks to queue
[2023-09-29T08:55:55.586+0000] {logging_mixin.py:151} INFO - [2023-09-29T08:55:55.586+0000] {dagbag.py:539} INFO - Filling up the DagBag from /home/airflow/.local/lib/python3.8/site-packages/airflow/example_dags/example_subdag_operator.py
[2023-09-29T08:55:55.598+0000] {processor.py:839} INFO - DAG(s) dict_keys(['example_subdag_operator.section-1', 'example_subdag_operator.section-2', 'example_subdag_operator']) retrieved from /home/airflow/.local/lib/python3.8/site-packages/airflow/example_dags/example_subdag_operator.py
[2023-09-29T08:55:55.605+0000] {logging_mixin.py:151} INFO - [2023-09-29T08:55:55.605+0000] {dag.py:2915} INFO - Sync 3 DAGs
[2023-09-29T08:55:55.615+0000] {logging_mixin.py:151} INFO - [2023-09-29T08:55:55.615+0000] {dag.py:3696} INFO - Setting next_dagrun for example_subdag_operator to 2022-01-01T00:00:00+00:00, run_after=2022-01-01T00:00:00+00:00
[2023-09-29T08:55:55.617+0000] {logging_mixin.py:151} INFO - [2023-09-29T08:55:55.617+0000] {dag.py:3696} INFO - Setting next_dagrun for example_subdag_operator.section-1 to None, run_after=None
[2023-09-29T08:55:55.618+0000] {logging_mixin.py:151} INFO - [2023-09-29T08:55:55.618+0000] {dag.py:3696} INFO - Setting next_dagrun for example_subdag_operator.section-2 to None, run_after=None
[2023-09-29T08:55:55.621+0000] {logging_mixin.py:151} INFO - [2023-09-29T08:55:55.621+0000] {dag.py:2915} INFO - Sync 2 DAGs
[2023-09-29T08:55:55.623+0000] {logging_mixin.py:151} INFO - [2023-09-29T08:55:55.623+0000] {dag.py:3696} INFO - Setting next_dagrun for example_subdag_operator.section-1 to None, run_after=None
[2023-09-29T08:55:55.624+0000] {logging_mixin.py:151} INFO - [2023-09-29T08:55:55.624+0000] {dag.py:3696} INFO - Setting next_dagrun for example_subdag_operator.section-2 to None, run_after=None
[2023-09-29T08:55:55.627+0000] {processor.py:179} INFO - Processing /home/airflow/.local/lib/python3.8/site-packages/airflow/example_dags/example_subdag_operator.py took 0.045 seconds
[2023-09-29T08:56:26.866+0000] {processor.py:157} INFO - Started process (PID=860) to work on /home/airflow/.local/lib/python3.8/site-packages/airflow/example_dags/example_subdag_operator.py
[2023-09-29T08:56:26.867+0000] {processor.py:829} INFO - Processing file /home/airflow/.local/lib/python3.8/site-packages/airflow/example_dags/example_subdag_operator.py for tasks to queue
[2023-09-29T08:56:26.868+0000] {logging_mixin.py:151} INFO - [2023-09-29T08:56:26.868+0000] {dagbag.py:539} INFO - Filling up the DagBag from /home/airflow/.local/lib/python3.8/site-packages/airflow/example_dags/example_subdag_operator.py
[2023-09-29T08:56:26.880+0000] {processor.py:839} INFO - DAG(s) dict_keys(['example_subdag_operator.section-1', 'example_subdag_operator.section-2', 'example_subdag_operator']) retrieved from /home/airflow/.local/lib/python3.8/site-packages/airflow/example_dags/example_subdag_operator.py
[2023-09-29T08:56:26.887+0000] {logging_mixin.py:151} INFO - [2023-09-29T08:56:26.886+0000] {dag.py:2915} INFO - Sync 3 DAGs
[2023-09-29T08:56:26.896+0000] {logging_mixin.py:151} INFO - [2023-09-29T08:56:26.896+0000] {dag.py:3696} INFO - Setting next_dagrun for example_subdag_operator to 2022-01-01T00:00:00+00:00, run_after=2022-01-01T00:00:00+00:00
[2023-09-29T08:56:26.897+0000] {logging_mixin.py:151} INFO - [2023-09-29T08:56:26.897+0000] {dag.py:3696} INFO - Setting next_dagrun for example_subdag_operator.section-1 to None, run_after=None
[2023-09-29T08:56:26.898+0000] {logging_mixin.py:151} INFO - [2023-09-29T08:56:26.898+0000] {dag.py:3696} INFO - Setting next_dagrun for example_subdag_operator.section-2 to None, run_after=None
[2023-09-29T08:56:26.901+0000] {logging_mixin.py:151} INFO - [2023-09-29T08:56:26.901+0000] {dag.py:2915} INFO - Sync 2 DAGs
[2023-09-29T08:56:26.903+0000] {logging_mixin.py:151} INFO - [2023-09-29T08:56:26.903+0000] {dag.py:3696} INFO - Setting next_dagrun for example_subdag_operator.section-1 to None, run_after=None
[2023-09-29T08:56:26.903+0000] {logging_mixin.py:151} INFO - [2023-09-29T08:56:26.903+0000] {dag.py:3696} INFO - Setting next_dagrun for example_subdag_operator.section-2 to None, run_after=None
[2023-09-29T08:56:26.907+0000] {processor.py:179} INFO - Processing /home/airflow/.local/lib/python3.8/site-packages/airflow/example_dags/example_subdag_operator.py took 0.044 seconds
[2023-09-29T10:55:02.108+0000] {processor.py:157} INFO - Started process (PID=62) to work on /home/airflow/.local/lib/python3.8/site-packages/airflow/example_dags/example_subdag_operator.py
[2023-09-29T10:55:02.117+0000] {processor.py:829} INFO - Processing file /home/airflow/.local/lib/python3.8/site-packages/airflow/example_dags/example_subdag_operator.py for tasks to queue
[2023-09-29T10:55:02.120+0000] {logging_mixin.py:151} INFO - [2023-09-29T10:55:02.120+0000] {dagbag.py:539} INFO - Filling up the DagBag from /home/airflow/.local/lib/python3.8/site-packages/airflow/example_dags/example_subdag_operator.py
[2023-09-29T10:55:02.152+0000] {processor.py:839} INFO - DAG(s) dict_keys(['example_subdag_operator.section-1', 'example_subdag_operator.section-2', 'example_subdag_operator']) retrieved from /home/airflow/.local/lib/python3.8/site-packages/airflow/example_dags/example_subdag_operator.py
[2023-09-29T10:55:02.171+0000] {logging_mixin.py:151} INFO - [2023-09-29T10:55:02.170+0000] {dag.py:2915} INFO - Sync 3 DAGs
[2023-09-29T10:55:02.206+0000] {logging_mixin.py:151} INFO - [2023-09-29T10:55:02.206+0000] {dag.py:3696} INFO - Setting next_dagrun for example_subdag_operator to 2022-01-01T00:00:00+00:00, run_after=2022-01-01T00:00:00+00:00
[2023-09-29T10:55:02.209+0000] {logging_mixin.py:151} INFO - [2023-09-29T10:55:02.209+0000] {dag.py:3696} INFO - Setting next_dagrun for example_subdag_operator.section-1 to None, run_after=None
[2023-09-29T10:55:02.210+0000] {logging_mixin.py:151} INFO - [2023-09-29T10:55:02.210+0000] {dag.py:3696} INFO - Setting next_dagrun for example_subdag_operator.section-2 to None, run_after=None
[2023-09-29T10:55:02.219+0000] {logging_mixin.py:151} INFO - [2023-09-29T10:55:02.219+0000] {dag.py:2915} INFO - Sync 2 DAGs
[2023-09-29T10:55:02.223+0000] {logging_mixin.py:151} INFO - [2023-09-29T10:55:02.223+0000] {dag.py:3696} INFO - Setting next_dagrun for example_subdag_operator.section-1 to None, run_after=None
[2023-09-29T10:55:02.224+0000] {logging_mixin.py:151} INFO - [2023-09-29T10:55:02.224+0000] {dag.py:3696} INFO - Setting next_dagrun for example_subdag_operator.section-2 to None, run_after=None
[2023-09-29T10:55:02.237+0000] {processor.py:179} INFO - Processing /home/airflow/.local/lib/python3.8/site-packages/airflow/example_dags/example_subdag_operator.py took 0.131 seconds
[2023-09-29T10:55:32.821+0000] {processor.py:157} INFO - Started process (PID=118) to work on /home/airflow/.local/lib/python3.8/site-packages/airflow/example_dags/example_subdag_operator.py
[2023-09-29T10:55:32.822+0000] {processor.py:829} INFO - Processing file /home/airflow/.local/lib/python3.8/site-packages/airflow/example_dags/example_subdag_operator.py for tasks to queue
[2023-09-29T10:55:32.823+0000] {logging_mixin.py:151} INFO - [2023-09-29T10:55:32.823+0000] {dagbag.py:539} INFO - Filling up the DagBag from /home/airflow/.local/lib/python3.8/site-packages/airflow/example_dags/example_subdag_operator.py
[2023-09-29T10:55:32.836+0000] {processor.py:839} INFO - DAG(s) dict_keys(['example_subdag_operator.section-1', 'example_subdag_operator.section-2', 'example_subdag_operator']) retrieved from /home/airflow/.local/lib/python3.8/site-packages/airflow/example_dags/example_subdag_operator.py
[2023-09-29T10:55:32.843+0000] {logging_mixin.py:151} INFO - [2023-09-29T10:55:32.842+0000] {dag.py:2915} INFO - Sync 3 DAGs
[2023-09-29T10:55:32.853+0000] {logging_mixin.py:151} INFO - [2023-09-29T10:55:32.853+0000] {dag.py:3696} INFO - Setting next_dagrun for example_subdag_operator to 2022-01-01T00:00:00+00:00, run_after=2022-01-01T00:00:00+00:00
[2023-09-29T10:55:32.856+0000] {logging_mixin.py:151} INFO - [2023-09-29T10:55:32.856+0000] {dag.py:3696} INFO - Setting next_dagrun for example_subdag_operator.section-1 to None, run_after=None
[2023-09-29T10:55:32.856+0000] {logging_mixin.py:151} INFO - [2023-09-29T10:55:32.856+0000] {dag.py:3696} INFO - Setting next_dagrun for example_subdag_operator.section-2 to None, run_after=None
[2023-09-29T10:55:32.861+0000] {logging_mixin.py:151} INFO - [2023-09-29T10:55:32.861+0000] {dag.py:2915} INFO - Sync 2 DAGs
[2023-09-29T10:55:32.864+0000] {logging_mixin.py:151} INFO - [2023-09-29T10:55:32.864+0000] {dag.py:3696} INFO - Setting next_dagrun for example_subdag_operator.section-1 to None, run_after=None
[2023-09-29T10:55:32.864+0000] {logging_mixin.py:151} INFO - [2023-09-29T10:55:32.864+0000] {dag.py:3696} INFO - Setting next_dagrun for example_subdag_operator.section-2 to None, run_after=None
[2023-09-29T10:55:32.869+0000] {processor.py:179} INFO - Processing /home/airflow/.local/lib/python3.8/site-packages/airflow/example_dags/example_subdag_operator.py took 0.050 seconds
[2023-09-29T10:56:03.998+0000] {processor.py:157} INFO - Started process (PID=175) to work on /home/airflow/.local/lib/python3.8/site-packages/airflow/example_dags/example_subdag_operator.py
[2023-09-29T10:56:03.999+0000] {processor.py:829} INFO - Processing file /home/airflow/.local/lib/python3.8/site-packages/airflow/example_dags/example_subdag_operator.py for tasks to queue
[2023-09-29T10:56:04.001+0000] {logging_mixin.py:151} INFO - [2023-09-29T10:56:04.001+0000] {dagbag.py:539} INFO - Filling up the DagBag from /home/airflow/.local/lib/python3.8/site-packages/airflow/example_dags/example_subdag_operator.py
[2023-09-29T10:56:04.015+0000] {processor.py:839} INFO - DAG(s) dict_keys(['example_subdag_operator.section-1', 'example_subdag_operator.section-2', 'example_subdag_operator']) retrieved from /home/airflow/.local/lib/python3.8/site-packages/airflow/example_dags/example_subdag_operator.py
[2023-09-29T10:56:04.024+0000] {logging_mixin.py:151} INFO - [2023-09-29T10:56:04.024+0000] {dag.py:2915} INFO - Sync 3 DAGs
[2023-09-29T10:56:04.039+0000] {logging_mixin.py:151} INFO - [2023-09-29T10:56:04.038+0000] {dag.py:3696} INFO - Setting next_dagrun for example_subdag_operator to 2022-01-01T00:00:00+00:00, run_after=2022-01-01T00:00:00+00:00
[2023-09-29T10:56:04.041+0000] {logging_mixin.py:151} INFO - [2023-09-29T10:56:04.041+0000] {dag.py:3696} INFO - Setting next_dagrun for example_subdag_operator.section-1 to None, run_after=None
[2023-09-29T10:56:04.042+0000] {logging_mixin.py:151} INFO - [2023-09-29T10:56:04.041+0000] {dag.py:3696} INFO - Setting next_dagrun for example_subdag_operator.section-2 to None, run_after=None
[2023-09-29T10:56:04.047+0000] {logging_mixin.py:151} INFO - [2023-09-29T10:56:04.047+0000] {dag.py:2915} INFO - Sync 2 DAGs
[2023-09-29T10:56:04.051+0000] {logging_mixin.py:151} INFO - [2023-09-29T10:56:04.051+0000] {dag.py:3696} INFO - Setting next_dagrun for example_subdag_operator.section-1 to None, run_after=None
[2023-09-29T10:56:04.054+0000] {logging_mixin.py:151} INFO - [2023-09-29T10:56:04.054+0000] {dag.py:3696} INFO - Setting next_dagrun for example_subdag_operator.section-2 to None, run_after=None
[2023-09-29T10:56:04.061+0000] {processor.py:179} INFO - Processing /home/airflow/.local/lib/python3.8/site-packages/airflow/example_dags/example_subdag_operator.py took 0.066 seconds
[2023-09-29T10:56:34.429+0000] {processor.py:157} INFO - Started process (PID=232) to work on /home/airflow/.local/lib/python3.8/site-packages/airflow/example_dags/example_subdag_operator.py
[2023-09-29T10:56:34.430+0000] {processor.py:829} INFO - Processing file /home/airflow/.local/lib/python3.8/site-packages/airflow/example_dags/example_subdag_operator.py for tasks to queue
[2023-09-29T10:56:34.431+0000] {logging_mixin.py:151} INFO - [2023-09-29T10:56:34.431+0000] {dagbag.py:539} INFO - Filling up the DagBag from /home/airflow/.local/lib/python3.8/site-packages/airflow/example_dags/example_subdag_operator.py
[2023-09-29T10:56:34.453+0000] {processor.py:839} INFO - DAG(s) dict_keys(['example_subdag_operator.section-1', 'example_subdag_operator.section-2', 'example_subdag_operator']) retrieved from /home/airflow/.local/lib/python3.8/site-packages/airflow/example_dags/example_subdag_operator.py
[2023-09-29T10:56:34.461+0000] {logging_mixin.py:151} INFO - [2023-09-29T10:56:34.461+0000] {dag.py:2915} INFO - Sync 3 DAGs
[2023-09-29T10:56:34.474+0000] {logging_mixin.py:151} INFO - [2023-09-29T10:56:34.474+0000] {dag.py:3696} INFO - Setting next_dagrun for example_subdag_operator to 2022-01-01T00:00:00+00:00, run_after=2022-01-01T00:00:00+00:00
[2023-09-29T10:56:34.476+0000] {logging_mixin.py:151} INFO - [2023-09-29T10:56:34.476+0000] {dag.py:3696} INFO - Setting next_dagrun for example_subdag_operator.section-1 to None, run_after=None
[2023-09-29T10:56:34.477+0000] {logging_mixin.py:151} INFO - [2023-09-29T10:56:34.477+0000] {dag.py:3696} INFO - Setting next_dagrun for example_subdag_operator.section-2 to None, run_after=None
[2023-09-29T10:56:34.481+0000] {logging_mixin.py:151} INFO - [2023-09-29T10:56:34.481+0000] {dag.py:2915} INFO - Sync 2 DAGs
[2023-09-29T10:56:34.484+0000] {logging_mixin.py:151} INFO - [2023-09-29T10:56:34.484+0000] {dag.py:3696} INFO - Setting next_dagrun for example_subdag_operator.section-1 to None, run_after=None
[2023-09-29T10:56:34.484+0000] {logging_mixin.py:151} INFO - [2023-09-29T10:56:34.484+0000] {dag.py:3696} INFO - Setting next_dagrun for example_subdag_operator.section-2 to None, run_after=None
[2023-09-29T10:56:34.489+0000] {processor.py:179} INFO - Processing /home/airflow/.local/lib/python3.8/site-packages/airflow/example_dags/example_subdag_operator.py took 0.062 seconds
[2023-09-29T10:57:04.932+0000] {processor.py:157} INFO - Started process (PID=290) to work on /home/airflow/.local/lib/python3.8/site-packages/airflow/example_dags/example_subdag_operator.py
[2023-09-29T10:57:04.933+0000] {processor.py:829} INFO - Processing file /home/airflow/.local/lib/python3.8/site-packages/airflow/example_dags/example_subdag_operator.py for tasks to queue
[2023-09-29T10:57:04.934+0000] {logging_mixin.py:151} INFO - [2023-09-29T10:57:04.934+0000] {dagbag.py:539} INFO - Filling up the DagBag from /home/airflow/.local/lib/python3.8/site-packages/airflow/example_dags/example_subdag_operator.py
[2023-09-29T10:57:04.948+0000] {processor.py:839} INFO - DAG(s) dict_keys(['example_subdag_operator.section-1', 'example_subdag_operator.section-2', 'example_subdag_operator']) retrieved from /home/airflow/.local/lib/python3.8/site-packages/airflow/example_dags/example_subdag_operator.py
[2023-09-29T10:57:04.957+0000] {logging_mixin.py:151} INFO - [2023-09-29T10:57:04.957+0000] {dag.py:2915} INFO - Sync 3 DAGs
[2023-09-29T10:57:04.968+0000] {logging_mixin.py:151} INFO - [2023-09-29T10:57:04.968+0000] {dag.py:3696} INFO - Setting next_dagrun for example_subdag_operator to 2022-01-01T00:00:00+00:00, run_after=2022-01-01T00:00:00+00:00
[2023-09-29T10:57:04.970+0000] {logging_mixin.py:151} INFO - [2023-09-29T10:57:04.970+0000] {dag.py:3696} INFO - Setting next_dagrun for example_subdag_operator.section-1 to None, run_after=None
[2023-09-29T10:57:04.972+0000] {logging_mixin.py:151} INFO - [2023-09-29T10:57:04.971+0000] {dag.py:3696} INFO - Setting next_dagrun for example_subdag_operator.section-2 to None, run_after=None
[2023-09-29T10:57:04.977+0000] {logging_mixin.py:151} INFO - [2023-09-29T10:57:04.977+0000] {dag.py:2915} INFO - Sync 2 DAGs
[2023-09-29T10:57:04.983+0000] {logging_mixin.py:151} INFO - [2023-09-29T10:57:04.983+0000] {dag.py:3696} INFO - Setting next_dagrun for example_subdag_operator.section-1 to None, run_after=None
[2023-09-29T10:57:04.983+0000] {logging_mixin.py:151} INFO - [2023-09-29T10:57:04.983+0000] {dag.py:3696} INFO - Setting next_dagrun for example_subdag_operator.section-2 to None, run_after=None
[2023-09-29T10:57:04.989+0000] {processor.py:179} INFO - Processing /home/airflow/.local/lib/python3.8/site-packages/airflow/example_dags/example_subdag_operator.py took 0.059 seconds
[2023-09-29T10:57:35.284+0000] {processor.py:157} INFO - Started process (PID=347) to work on /home/airflow/.local/lib/python3.8/site-packages/airflow/example_dags/example_subdag_operator.py
[2023-09-29T10:57:35.285+0000] {processor.py:829} INFO - Processing file /home/airflow/.local/lib/python3.8/site-packages/airflow/example_dags/example_subdag_operator.py for tasks to queue
[2023-09-29T10:57:35.286+0000] {logging_mixin.py:151} INFO - [2023-09-29T10:57:35.286+0000] {dagbag.py:539} INFO - Filling up the DagBag from /home/airflow/.local/lib/python3.8/site-packages/airflow/example_dags/example_subdag_operator.py
[2023-09-29T10:57:35.299+0000] {processor.py:839} INFO - DAG(s) dict_keys(['example_subdag_operator.section-1', 'example_subdag_operator.section-2', 'example_subdag_operator']) retrieved from /home/airflow/.local/lib/python3.8/site-packages/airflow/example_dags/example_subdag_operator.py
[2023-09-29T10:57:35.306+0000] {logging_mixin.py:151} INFO - [2023-09-29T10:57:35.306+0000] {dag.py:2915} INFO - Sync 3 DAGs
[2023-09-29T10:57:35.316+0000] {logging_mixin.py:151} INFO - [2023-09-29T10:57:35.316+0000] {dag.py:3696} INFO - Setting next_dagrun for example_subdag_operator to 2022-01-01T00:00:00+00:00, run_after=2022-01-01T00:00:00+00:00
[2023-09-29T10:57:35.317+0000] {logging_mixin.py:151} INFO - [2023-09-29T10:57:35.317+0000] {dag.py:3696} INFO - Setting next_dagrun for example_subdag_operator.section-1 to None, run_after=None
[2023-09-29T10:57:35.318+0000] {logging_mixin.py:151} INFO - [2023-09-29T10:57:35.318+0000] {dag.py:3696} INFO - Setting next_dagrun for example_subdag_operator.section-2 to None, run_after=None
[2023-09-29T10:57:35.321+0000] {logging_mixin.py:151} INFO - [2023-09-29T10:57:35.321+0000] {dag.py:2915} INFO - Sync 2 DAGs
[2023-09-29T10:57:35.323+0000] {logging_mixin.py:151} INFO - [2023-09-29T10:57:35.323+0000] {dag.py:3696} INFO - Setting next_dagrun for example_subdag_operator.section-1 to None, run_after=None
[2023-09-29T10:57:35.323+0000] {logging_mixin.py:151} INFO - [2023-09-29T10:57:35.323+0000] {dag.py:3696} INFO - Setting next_dagrun for example_subdag_operator.section-2 to None, run_after=None
[2023-09-29T10:57:35.328+0000] {processor.py:179} INFO - Processing /home/airflow/.local/lib/python3.8/site-packages/airflow/example_dags/example_subdag_operator.py took 0.046 seconds
[2023-09-29T10:58:06.449+0000] {processor.py:157} INFO - Started process (PID=404) to work on /home/airflow/.local/lib/python3.8/site-packages/airflow/example_dags/example_subdag_operator.py
[2023-09-29T10:58:06.449+0000] {processor.py:829} INFO - Processing file /home/airflow/.local/lib/python3.8/site-packages/airflow/example_dags/example_subdag_operator.py for tasks to queue
[2023-09-29T10:58:06.450+0000] {logging_mixin.py:151} INFO - [2023-09-29T10:58:06.450+0000] {dagbag.py:539} INFO - Filling up the DagBag from /home/airflow/.local/lib/python3.8/site-packages/airflow/example_dags/example_subdag_operator.py
[2023-09-29T10:58:06.463+0000] {processor.py:839} INFO - DAG(s) dict_keys(['example_subdag_operator.section-1', 'example_subdag_operator.section-2', 'example_subdag_operator']) retrieved from /home/airflow/.local/lib/python3.8/site-packages/airflow/example_dags/example_subdag_operator.py
[2023-09-29T10:58:06.469+0000] {logging_mixin.py:151} INFO - [2023-09-29T10:58:06.469+0000] {dag.py:2915} INFO - Sync 3 DAGs
[2023-09-29T10:58:06.478+0000] {logging_mixin.py:151} INFO - [2023-09-29T10:58:06.478+0000] {dag.py:3696} INFO - Setting next_dagrun for example_subdag_operator to 2022-01-01T00:00:00+00:00, run_after=2022-01-01T00:00:00+00:00
[2023-09-29T10:58:06.480+0000] {logging_mixin.py:151} INFO - [2023-09-29T10:58:06.480+0000] {dag.py:3696} INFO - Setting next_dagrun for example_subdag_operator.section-1 to None, run_after=None
[2023-09-29T10:58:06.480+0000] {logging_mixin.py:151} INFO - [2023-09-29T10:58:06.480+0000] {dag.py:3696} INFO - Setting next_dagrun for example_subdag_operator.section-2 to None, run_after=None
[2023-09-29T10:58:06.483+0000] {logging_mixin.py:151} INFO - [2023-09-29T10:58:06.483+0000] {dag.py:2915} INFO - Sync 2 DAGs
[2023-09-29T10:58:06.486+0000] {logging_mixin.py:151} INFO - [2023-09-29T10:58:06.485+0000] {dag.py:3696} INFO - Setting next_dagrun for example_subdag_operator.section-1 to None, run_after=None
[2023-09-29T10:58:06.486+0000] {logging_mixin.py:151} INFO - [2023-09-29T10:58:06.486+0000] {dag.py:3696} INFO - Setting next_dagrun for example_subdag_operator.section-2 to None, run_after=None
[2023-09-29T10:58:06.490+0000] {processor.py:179} INFO - Processing /home/airflow/.local/lib/python3.8/site-packages/airflow/example_dags/example_subdag_operator.py took 0.043 seconds
[2023-09-29T10:58:37.676+0000] {processor.py:157} INFO - Started process (PID=461) to work on /home/airflow/.local/lib/python3.8/site-packages/airflow/example_dags/example_subdag_operator.py
[2023-09-29T10:58:37.677+0000] {processor.py:829} INFO - Processing file /home/airflow/.local/lib/python3.8/site-packages/airflow/example_dags/example_subdag_operator.py for tasks to queue
[2023-09-29T10:58:37.678+0000] {logging_mixin.py:151} INFO - [2023-09-29T10:58:37.678+0000] {dagbag.py:539} INFO - Filling up the DagBag from /home/airflow/.local/lib/python3.8/site-packages/airflow/example_dags/example_subdag_operator.py
[2023-09-29T10:58:37.691+0000] {processor.py:839} INFO - DAG(s) dict_keys(['example_subdag_operator.section-1', 'example_subdag_operator.section-2', 'example_subdag_operator']) retrieved from /home/airflow/.local/lib/python3.8/site-packages/airflow/example_dags/example_subdag_operator.py
[2023-09-29T10:58:37.698+0000] {logging_mixin.py:151} INFO - [2023-09-29T10:58:37.698+0000] {dag.py:2915} INFO - Sync 3 DAGs
[2023-09-29T10:58:37.708+0000] {logging_mixin.py:151} INFO - [2023-09-29T10:58:37.708+0000] {dag.py:3696} INFO - Setting next_dagrun for example_subdag_operator to 2022-01-01T00:00:00+00:00, run_after=2022-01-01T00:00:00+00:00
[2023-09-29T10:58:37.710+0000] {logging_mixin.py:151} INFO - [2023-09-29T10:58:37.710+0000] {dag.py:3696} INFO - Setting next_dagrun for example_subdag_operator.section-1 to None, run_after=None
[2023-09-29T10:58:37.710+0000] {logging_mixin.py:151} INFO - [2023-09-29T10:58:37.710+0000] {dag.py:3696} INFO - Setting next_dagrun for example_subdag_operator.section-2 to None, run_after=None
[2023-09-29T10:58:37.713+0000] {logging_mixin.py:151} INFO - [2023-09-29T10:58:37.713+0000] {dag.py:2915} INFO - Sync 2 DAGs
[2023-09-29T10:58:37.715+0000] {logging_mixin.py:151} INFO - [2023-09-29T10:58:37.715+0000] {dag.py:3696} INFO - Setting next_dagrun for example_subdag_operator.section-1 to None, run_after=None
[2023-09-29T10:58:37.715+0000] {logging_mixin.py:151} INFO - [2023-09-29T10:58:37.715+0000] {dag.py:3696} INFO - Setting next_dagrun for example_subdag_operator.section-2 to None, run_after=None
[2023-09-29T10:58:37.719+0000] {processor.py:179} INFO - Processing /home/airflow/.local/lib/python3.8/site-packages/airflow/example_dags/example_subdag_operator.py took 0.046 seconds
[2023-09-29T10:59:08.847+0000] {processor.py:157} INFO - Started process (PID=518) to work on /home/airflow/.local/lib/python3.8/site-packages/airflow/example_dags/example_subdag_operator.py
[2023-09-29T10:59:08.847+0000] {processor.py:829} INFO - Processing file /home/airflow/.local/lib/python3.8/site-packages/airflow/example_dags/example_subdag_operator.py for tasks to queue
[2023-09-29T10:59:08.849+0000] {logging_mixin.py:151} INFO - [2023-09-29T10:59:08.848+0000] {dagbag.py:539} INFO - Filling up the DagBag from /home/airflow/.local/lib/python3.8/site-packages/airflow/example_dags/example_subdag_operator.py
[2023-09-29T10:59:08.860+0000] {processor.py:839} INFO - DAG(s) dict_keys(['example_subdag_operator.section-1', 'example_subdag_operator.section-2', 'example_subdag_operator']) retrieved from /home/airflow/.local/lib/python3.8/site-packages/airflow/example_dags/example_subdag_operator.py
[2023-09-29T10:59:08.867+0000] {logging_mixin.py:151} INFO - [2023-09-29T10:59:08.867+0000] {dag.py:2915} INFO - Sync 3 DAGs
[2023-09-29T10:59:08.878+0000] {logging_mixin.py:151} INFO - [2023-09-29T10:59:08.878+0000] {dag.py:3696} INFO - Setting next_dagrun for example_subdag_operator to 2022-01-01T00:00:00+00:00, run_after=2022-01-01T00:00:00+00:00
[2023-09-29T10:59:08.880+0000] {logging_mixin.py:151} INFO - [2023-09-29T10:59:08.880+0000] {dag.py:3696} INFO - Setting next_dagrun for example_subdag_operator.section-1 to None, run_after=None
[2023-09-29T10:59:08.881+0000] {logging_mixin.py:151} INFO - [2023-09-29T10:59:08.881+0000] {dag.py:3696} INFO - Setting next_dagrun for example_subdag_operator.section-2 to None, run_after=None
[2023-09-29T10:59:08.884+0000] {logging_mixin.py:151} INFO - [2023-09-29T10:59:08.884+0000] {dag.py:2915} INFO - Sync 2 DAGs
[2023-09-29T10:59:08.886+0000] {logging_mixin.py:151} INFO - [2023-09-29T10:59:08.886+0000] {dag.py:3696} INFO - Setting next_dagrun for example_subdag_operator.section-1 to None, run_after=None
[2023-09-29T10:59:08.886+0000] {logging_mixin.py:151} INFO - [2023-09-29T10:59:08.886+0000] {dag.py:3696} INFO - Setting next_dagrun for example_subdag_operator.section-2 to None, run_after=None
[2023-09-29T10:59:08.891+0000] {processor.py:179} INFO - Processing /home/airflow/.local/lib/python3.8/site-packages/airflow/example_dags/example_subdag_operator.py took 0.046 seconds
[2023-09-29T10:59:39.290+0000] {processor.py:157} INFO - Started process (PID=575) to work on /home/airflow/.local/lib/python3.8/site-packages/airflow/example_dags/example_subdag_operator.py
[2023-09-29T10:59:39.290+0000] {processor.py:829} INFO - Processing file /home/airflow/.local/lib/python3.8/site-packages/airflow/example_dags/example_subdag_operator.py for tasks to queue
[2023-09-29T10:59:39.292+0000] {logging_mixin.py:151} INFO - [2023-09-29T10:59:39.291+0000] {dagbag.py:539} INFO - Filling up the DagBag from /home/airflow/.local/lib/python3.8/site-packages/airflow/example_dags/example_subdag_operator.py
[2023-09-29T10:59:39.304+0000] {processor.py:839} INFO - DAG(s) dict_keys(['example_subdag_operator.section-1', 'example_subdag_operator.section-2', 'example_subdag_operator']) retrieved from /home/airflow/.local/lib/python3.8/site-packages/airflow/example_dags/example_subdag_operator.py
[2023-09-29T10:59:39.311+0000] {logging_mixin.py:151} INFO - [2023-09-29T10:59:39.311+0000] {dag.py:2915} INFO - Sync 3 DAGs
[2023-09-29T10:59:39.320+0000] {logging_mixin.py:151} INFO - [2023-09-29T10:59:39.320+0000] {dag.py:3696} INFO - Setting next_dagrun for example_subdag_operator to 2022-01-01T00:00:00+00:00, run_after=2022-01-01T00:00:00+00:00
[2023-09-29T10:59:39.321+0000] {logging_mixin.py:151} INFO - [2023-09-29T10:59:39.321+0000] {dag.py:3696} INFO - Setting next_dagrun for example_subdag_operator.section-1 to None, run_after=None
[2023-09-29T10:59:39.322+0000] {logging_mixin.py:151} INFO - [2023-09-29T10:59:39.322+0000] {dag.py:3696} INFO - Setting next_dagrun for example_subdag_operator.section-2 to None, run_after=None
[2023-09-29T10:59:39.325+0000] {logging_mixin.py:151} INFO - [2023-09-29T10:59:39.325+0000] {dag.py:2915} INFO - Sync 2 DAGs
[2023-09-29T10:59:39.327+0000] {logging_mixin.py:151} INFO - [2023-09-29T10:59:39.327+0000] {dag.py:3696} INFO - Setting next_dagrun for example_subdag_operator.section-1 to None, run_after=None
[2023-09-29T10:59:39.327+0000] {logging_mixin.py:151} INFO - [2023-09-29T10:59:39.327+0000] {dag.py:3696} INFO - Setting next_dagrun for example_subdag_operator.section-2 to None, run_after=None
[2023-09-29T10:59:39.331+0000] {processor.py:179} INFO - Processing /home/airflow/.local/lib/python3.8/site-packages/airflow/example_dags/example_subdag_operator.py took 0.043 seconds
[2023-09-29T11:00:10.598+0000] {processor.py:157} INFO - Started process (PID=632) to work on /home/airflow/.local/lib/python3.8/site-packages/airflow/example_dags/example_subdag_operator.py
[2023-09-29T11:00:10.599+0000] {processor.py:829} INFO - Processing file /home/airflow/.local/lib/python3.8/site-packages/airflow/example_dags/example_subdag_operator.py for tasks to queue
[2023-09-29T11:00:10.601+0000] {logging_mixin.py:151} INFO - [2023-09-29T11:00:10.601+0000] {dagbag.py:539} INFO - Filling up the DagBag from /home/airflow/.local/lib/python3.8/site-packages/airflow/example_dags/example_subdag_operator.py
[2023-09-29T11:00:10.617+0000] {processor.py:839} INFO - DAG(s) dict_keys(['example_subdag_operator.section-1', 'example_subdag_operator.section-2', 'example_subdag_operator']) retrieved from /home/airflow/.local/lib/python3.8/site-packages/airflow/example_dags/example_subdag_operator.py
[2023-09-29T11:00:10.634+0000] {logging_mixin.py:151} INFO - [2023-09-29T11:00:10.634+0000] {dag.py:2915} INFO - Sync 3 DAGs
[2023-09-29T11:00:10.646+0000] {logging_mixin.py:151} INFO - [2023-09-29T11:00:10.646+0000] {dag.py:3696} INFO - Setting next_dagrun for example_subdag_operator to 2022-01-01T00:00:00+00:00, run_after=2022-01-01T00:00:00+00:00
[2023-09-29T11:00:10.648+0000] {logging_mixin.py:151} INFO - [2023-09-29T11:00:10.647+0000] {dag.py:3696} INFO - Setting next_dagrun for example_subdag_operator.section-1 to None, run_after=None
[2023-09-29T11:00:10.648+0000] {logging_mixin.py:151} INFO - [2023-09-29T11:00:10.648+0000] {dag.py:3696} INFO - Setting next_dagrun for example_subdag_operator.section-2 to None, run_after=None
[2023-09-29T11:00:10.651+0000] {logging_mixin.py:151} INFO - [2023-09-29T11:00:10.651+0000] {dag.py:2915} INFO - Sync 2 DAGs
[2023-09-29T11:00:10.654+0000] {logging_mixin.py:151} INFO - [2023-09-29T11:00:10.654+0000] {dag.py:3696} INFO - Setting next_dagrun for example_subdag_operator.section-1 to None, run_after=None
[2023-09-29T11:00:10.654+0000] {logging_mixin.py:151} INFO - [2023-09-29T11:00:10.654+0000] {dag.py:3696} INFO - Setting next_dagrun for example_subdag_operator.section-2 to None, run_after=None
[2023-09-29T11:00:10.658+0000] {processor.py:179} INFO - Processing /home/airflow/.local/lib/python3.8/site-packages/airflow/example_dags/example_subdag_operator.py took 0.063 seconds
[2023-09-29T11:00:41.191+0000] {processor.py:157} INFO - Started process (PID=689) to work on /home/airflow/.local/lib/python3.8/site-packages/airflow/example_dags/example_subdag_operator.py
[2023-09-29T11:00:41.193+0000] {processor.py:829} INFO - Processing file /home/airflow/.local/lib/python3.8/site-packages/airflow/example_dags/example_subdag_operator.py for tasks to queue
[2023-09-29T11:00:41.196+0000] {logging_mixin.py:151} INFO - [2023-09-29T11:00:41.196+0000] {dagbag.py:539} INFO - Filling up the DagBag from /home/airflow/.local/lib/python3.8/site-packages/airflow/example_dags/example_subdag_operator.py
[2023-09-29T11:00:41.212+0000] {processor.py:839} INFO - DAG(s) dict_keys(['example_subdag_operator.section-1', 'example_subdag_operator.section-2', 'example_subdag_operator']) retrieved from /home/airflow/.local/lib/python3.8/site-packages/airflow/example_dags/example_subdag_operator.py
[2023-09-29T11:00:41.221+0000] {logging_mixin.py:151} INFO - [2023-09-29T11:00:41.221+0000] {dag.py:2915} INFO - Sync 3 DAGs
[2023-09-29T11:00:41.231+0000] {logging_mixin.py:151} INFO - [2023-09-29T11:00:41.230+0000] {dag.py:3696} INFO - Setting next_dagrun for example_subdag_operator to 2022-01-01T00:00:00+00:00, run_after=2022-01-01T00:00:00+00:00
[2023-09-29T11:00:41.233+0000] {logging_mixin.py:151} INFO - [2023-09-29T11:00:41.233+0000] {dag.py:3696} INFO - Setting next_dagrun for example_subdag_operator.section-1 to None, run_after=None
[2023-09-29T11:00:41.233+0000] {logging_mixin.py:151} INFO - [2023-09-29T11:00:41.233+0000] {dag.py:3696} INFO - Setting next_dagrun for example_subdag_operator.section-2 to None, run_after=None
[2023-09-29T11:00:41.236+0000] {logging_mixin.py:151} INFO - [2023-09-29T11:00:41.236+0000] {dag.py:2915} INFO - Sync 2 DAGs
[2023-09-29T11:00:41.239+0000] {logging_mixin.py:151} INFO - [2023-09-29T11:00:41.239+0000] {dag.py:3696} INFO - Setting next_dagrun for example_subdag_operator.section-1 to None, run_after=None
[2023-09-29T11:00:41.239+0000] {logging_mixin.py:151} INFO - [2023-09-29T11:00:41.239+0000] {dag.py:3696} INFO - Setting next_dagrun for example_subdag_operator.section-2 to None, run_after=None
[2023-09-29T11:00:41.243+0000] {processor.py:179} INFO - Processing /home/airflow/.local/lib/python3.8/site-packages/airflow/example_dags/example_subdag_operator.py took 0.056 seconds
[2023-09-29T11:01:12.272+0000] {processor.py:157} INFO - Started process (PID=746) to work on /home/airflow/.local/lib/python3.8/site-packages/airflow/example_dags/example_subdag_operator.py
[2023-09-29T11:01:12.273+0000] {processor.py:829} INFO - Processing file /home/airflow/.local/lib/python3.8/site-packages/airflow/example_dags/example_subdag_operator.py for tasks to queue
[2023-09-29T11:01:12.274+0000] {logging_mixin.py:151} INFO - [2023-09-29T11:01:12.274+0000] {dagbag.py:539} INFO - Filling up the DagBag from /home/airflow/.local/lib/python3.8/site-packages/airflow/example_dags/example_subdag_operator.py
[2023-09-29T11:01:12.287+0000] {processor.py:839} INFO - DAG(s) dict_keys(['example_subdag_operator.section-1', 'example_subdag_operator.section-2', 'example_subdag_operator']) retrieved from /home/airflow/.local/lib/python3.8/site-packages/airflow/example_dags/example_subdag_operator.py
[2023-09-29T11:01:12.294+0000] {logging_mixin.py:151} INFO - [2023-09-29T11:01:12.294+0000] {dag.py:2915} INFO - Sync 3 DAGs
[2023-09-29T11:01:12.303+0000] {logging_mixin.py:151} INFO - [2023-09-29T11:01:12.303+0000] {dag.py:3696} INFO - Setting next_dagrun for example_subdag_operator to 2022-01-01T00:00:00+00:00, run_after=2022-01-01T00:00:00+00:00
[2023-09-29T11:01:12.304+0000] {logging_mixin.py:151} INFO - [2023-09-29T11:01:12.304+0000] {dag.py:3696} INFO - Setting next_dagrun for example_subdag_operator.section-1 to None, run_after=None
[2023-09-29T11:01:12.305+0000] {logging_mixin.py:151} INFO - [2023-09-29T11:01:12.305+0000] {dag.py:3696} INFO - Setting next_dagrun for example_subdag_operator.section-2 to None, run_after=None
[2023-09-29T11:01:12.308+0000] {logging_mixin.py:151} INFO - [2023-09-29T11:01:12.308+0000] {dag.py:2915} INFO - Sync 2 DAGs
[2023-09-29T11:01:12.310+0000] {logging_mixin.py:151} INFO - [2023-09-29T11:01:12.310+0000] {dag.py:3696} INFO - Setting next_dagrun for example_subdag_operator.section-1 to None, run_after=None
[2023-09-29T11:01:12.310+0000] {logging_mixin.py:151} INFO - [2023-09-29T11:01:12.310+0000] {dag.py:3696} INFO - Setting next_dagrun for example_subdag_operator.section-2 to None, run_after=None
[2023-09-29T11:01:12.316+0000] {processor.py:179} INFO - Processing /home/airflow/.local/lib/python3.8/site-packages/airflow/example_dags/example_subdag_operator.py took 0.045 seconds
[2023-09-29T11:01:43.516+0000] {processor.py:157} INFO - Started process (PID=803) to work on /home/airflow/.local/lib/python3.8/site-packages/airflow/example_dags/example_subdag_operator.py
[2023-09-29T11:01:43.516+0000] {processor.py:829} INFO - Processing file /home/airflow/.local/lib/python3.8/site-packages/airflow/example_dags/example_subdag_operator.py for tasks to queue
[2023-09-29T11:01:43.518+0000] {logging_mixin.py:151} INFO - [2023-09-29T11:01:43.518+0000] {dagbag.py:539} INFO - Filling up the DagBag from /home/airflow/.local/lib/python3.8/site-packages/airflow/example_dags/example_subdag_operator.py
[2023-09-29T11:01:43.529+0000] {processor.py:839} INFO - DAG(s) dict_keys(['example_subdag_operator.section-1', 'example_subdag_operator.section-2', 'example_subdag_operator']) retrieved from /home/airflow/.local/lib/python3.8/site-packages/airflow/example_dags/example_subdag_operator.py
[2023-09-29T11:01:43.536+0000] {logging_mixin.py:151} INFO - [2023-09-29T11:01:43.536+0000] {dag.py:2915} INFO - Sync 3 DAGs
[2023-09-29T11:01:43.545+0000] {logging_mixin.py:151} INFO - [2023-09-29T11:01:43.545+0000] {dag.py:3696} INFO - Setting next_dagrun for example_subdag_operator to 2022-01-01T00:00:00+00:00, run_after=2022-01-01T00:00:00+00:00
[2023-09-29T11:01:43.547+0000] {logging_mixin.py:151} INFO - [2023-09-29T11:01:43.547+0000] {dag.py:3696} INFO - Setting next_dagrun for example_subdag_operator.section-1 to None, run_after=None
[2023-09-29T11:01:43.547+0000] {logging_mixin.py:151} INFO - [2023-09-29T11:01:43.547+0000] {dag.py:3696} INFO - Setting next_dagrun for example_subdag_operator.section-2 to None, run_after=None
[2023-09-29T11:01:43.550+0000] {logging_mixin.py:151} INFO - [2023-09-29T11:01:43.550+0000] {dag.py:2915} INFO - Sync 2 DAGs
[2023-09-29T11:01:43.552+0000] {logging_mixin.py:151} INFO - [2023-09-29T11:01:43.552+0000] {dag.py:3696} INFO - Setting next_dagrun for example_subdag_operator.section-1 to None, run_after=None
[2023-09-29T11:01:43.553+0000] {logging_mixin.py:151} INFO - [2023-09-29T11:01:43.552+0000] {dag.py:3696} INFO - Setting next_dagrun for example_subdag_operator.section-2 to None, run_after=None
[2023-09-29T11:01:43.557+0000] {processor.py:179} INFO - Processing /home/airflow/.local/lib/python3.8/site-packages/airflow/example_dags/example_subdag_operator.py took 0.043 seconds
[2023-09-29T11:02:14.662+0000] {processor.py:157} INFO - Started process (PID=860) to work on /home/airflow/.local/lib/python3.8/site-packages/airflow/example_dags/example_subdag_operator.py
[2023-09-29T11:02:14.662+0000] {processor.py:829} INFO - Processing file /home/airflow/.local/lib/python3.8/site-packages/airflow/example_dags/example_subdag_operator.py for tasks to queue
[2023-09-29T11:02:14.664+0000] {logging_mixin.py:151} INFO - [2023-09-29T11:02:14.663+0000] {dagbag.py:539} INFO - Filling up the DagBag from /home/airflow/.local/lib/python3.8/site-packages/airflow/example_dags/example_subdag_operator.py
[2023-09-29T11:02:14.676+0000] {processor.py:839} INFO - DAG(s) dict_keys(['example_subdag_operator.section-1', 'example_subdag_operator.section-2', 'example_subdag_operator']) retrieved from /home/airflow/.local/lib/python3.8/site-packages/airflow/example_dags/example_subdag_operator.py
[2023-09-29T11:02:14.683+0000] {logging_mixin.py:151} INFO - [2023-09-29T11:02:14.683+0000] {dag.py:2915} INFO - Sync 3 DAGs
[2023-09-29T11:02:14.693+0000] {logging_mixin.py:151} INFO - [2023-09-29T11:02:14.692+0000] {dag.py:3696} INFO - Setting next_dagrun for example_subdag_operator to 2022-01-01T00:00:00+00:00, run_after=2022-01-01T00:00:00+00:00
[2023-09-29T11:02:14.694+0000] {logging_mixin.py:151} INFO - [2023-09-29T11:02:14.694+0000] {dag.py:3696} INFO - Setting next_dagrun for example_subdag_operator.section-1 to None, run_after=None
[2023-09-29T11:02:14.694+0000] {logging_mixin.py:151} INFO - [2023-09-29T11:02:14.694+0000] {dag.py:3696} INFO - Setting next_dagrun for example_subdag_operator.section-2 to None, run_after=None
[2023-09-29T11:02:14.697+0000] {logging_mixin.py:151} INFO - [2023-09-29T11:02:14.697+0000] {dag.py:2915} INFO - Sync 2 DAGs
[2023-09-29T11:02:14.699+0000] {logging_mixin.py:151} INFO - [2023-09-29T11:02:14.699+0000] {dag.py:3696} INFO - Setting next_dagrun for example_subdag_operator.section-1 to None, run_after=None
[2023-09-29T11:02:14.700+0000] {logging_mixin.py:151} INFO - [2023-09-29T11:02:14.700+0000] {dag.py:3696} INFO - Setting next_dagrun for example_subdag_operator.section-2 to None, run_after=None
[2023-09-29T11:02:14.704+0000] {processor.py:179} INFO - Processing /home/airflow/.local/lib/python3.8/site-packages/airflow/example_dags/example_subdag_operator.py took 0.044 seconds
[2023-09-29T11:02:44.997+0000] {processor.py:157} INFO - Started process (PID=918) to work on /home/airflow/.local/lib/python3.8/site-packages/airflow/example_dags/example_subdag_operator.py
[2023-09-29T11:02:44.998+0000] {processor.py:829} INFO - Processing file /home/airflow/.local/lib/python3.8/site-packages/airflow/example_dags/example_subdag_operator.py for tasks to queue
[2023-09-29T11:02:44.999+0000] {logging_mixin.py:151} INFO - [2023-09-29T11:02:44.999+0000] {dagbag.py:539} INFO - Filling up the DagBag from /home/airflow/.local/lib/python3.8/site-packages/airflow/example_dags/example_subdag_operator.py
[2023-09-29T11:02:45.011+0000] {processor.py:839} INFO - DAG(s) dict_keys(['example_subdag_operator.section-1', 'example_subdag_operator.section-2', 'example_subdag_operator']) retrieved from /home/airflow/.local/lib/python3.8/site-packages/airflow/example_dags/example_subdag_operator.py
[2023-09-29T11:02:45.018+0000] {logging_mixin.py:151} INFO - [2023-09-29T11:02:45.018+0000] {dag.py:2915} INFO - Sync 3 DAGs
[2023-09-29T11:02:45.027+0000] {logging_mixin.py:151} INFO - [2023-09-29T11:02:45.027+0000] {dag.py:3696} INFO - Setting next_dagrun for example_subdag_operator to 2022-01-01T00:00:00+00:00, run_after=2022-01-01T00:00:00+00:00
[2023-09-29T11:02:45.029+0000] {logging_mixin.py:151} INFO - [2023-09-29T11:02:45.029+0000] {dag.py:3696} INFO - Setting next_dagrun for example_subdag_operator.section-1 to None, run_after=None
[2023-09-29T11:02:45.029+0000] {logging_mixin.py:151} INFO - [2023-09-29T11:02:45.029+0000] {dag.py:3696} INFO - Setting next_dagrun for example_subdag_operator.section-2 to None, run_after=None
[2023-09-29T11:02:45.033+0000] {logging_mixin.py:151} INFO - [2023-09-29T11:02:45.033+0000] {dag.py:2915} INFO - Sync 2 DAGs
[2023-09-29T11:02:45.035+0000] {logging_mixin.py:151} INFO - [2023-09-29T11:02:45.035+0000] {dag.py:3696} INFO - Setting next_dagrun for example_subdag_operator.section-1 to None, run_after=None
[2023-09-29T11:02:45.035+0000] {logging_mixin.py:151} INFO - [2023-09-29T11:02:45.035+0000] {dag.py:3696} INFO - Setting next_dagrun for example_subdag_operator.section-2 to None, run_after=None
[2023-09-29T11:02:45.040+0000] {processor.py:179} INFO - Processing /home/airflow/.local/lib/python3.8/site-packages/airflow/example_dags/example_subdag_operator.py took 0.045 seconds
[2023-09-29T11:03:16.178+0000] {processor.py:157} INFO - Started process (PID=974) to work on /home/airflow/.local/lib/python3.8/site-packages/airflow/example_dags/example_subdag_operator.py
[2023-09-29T11:03:16.179+0000] {processor.py:829} INFO - Processing file /home/airflow/.local/lib/python3.8/site-packages/airflow/example_dags/example_subdag_operator.py for tasks to queue
[2023-09-29T11:03:16.180+0000] {logging_mixin.py:151} INFO - [2023-09-29T11:03:16.180+0000] {dagbag.py:539} INFO - Filling up the DagBag from /home/airflow/.local/lib/python3.8/site-packages/airflow/example_dags/example_subdag_operator.py
[2023-09-29T11:03:16.192+0000] {processor.py:839} INFO - DAG(s) dict_keys(['example_subdag_operator.section-1', 'example_subdag_operator.section-2', 'example_subdag_operator']) retrieved from /home/airflow/.local/lib/python3.8/site-packages/airflow/example_dags/example_subdag_operator.py
[2023-09-29T11:03:16.199+0000] {logging_mixin.py:151} INFO - [2023-09-29T11:03:16.199+0000] {dag.py:2915} INFO - Sync 3 DAGs
[2023-09-29T11:03:16.208+0000] {logging_mixin.py:151} INFO - [2023-09-29T11:03:16.208+0000] {dag.py:3696} INFO - Setting next_dagrun for example_subdag_operator to 2022-01-01T00:00:00+00:00, run_after=2022-01-01T00:00:00+00:00
[2023-09-29T11:03:16.210+0000] {logging_mixin.py:151} INFO - [2023-09-29T11:03:16.210+0000] {dag.py:3696} INFO - Setting next_dagrun for example_subdag_operator.section-1 to None, run_after=None
[2023-09-29T11:03:16.210+0000] {logging_mixin.py:151} INFO - [2023-09-29T11:03:16.210+0000] {dag.py:3696} INFO - Setting next_dagrun for example_subdag_operator.section-2 to None, run_after=None
[2023-09-29T11:03:16.214+0000] {logging_mixin.py:151} INFO - [2023-09-29T11:03:16.213+0000] {dag.py:2915} INFO - Sync 2 DAGs
[2023-09-29T11:03:16.216+0000] {logging_mixin.py:151} INFO - [2023-09-29T11:03:16.216+0000] {dag.py:3696} INFO - Setting next_dagrun for example_subdag_operator.section-1 to None, run_after=None
[2023-09-29T11:03:16.216+0000] {logging_mixin.py:151} INFO - [2023-09-29T11:03:16.216+0000] {dag.py:3696} INFO - Setting next_dagrun for example_subdag_operator.section-2 to None, run_after=None
[2023-09-29T11:03:16.220+0000] {processor.py:179} INFO - Processing /home/airflow/.local/lib/python3.8/site-packages/airflow/example_dags/example_subdag_operator.py took 0.044 seconds
[2023-09-29T11:03:46.382+0000] {processor.py:157} INFO - Started process (PID=1031) to work on /home/airflow/.local/lib/python3.8/site-packages/airflow/example_dags/example_subdag_operator.py
[2023-09-29T11:03:46.382+0000] {processor.py:829} INFO - Processing file /home/airflow/.local/lib/python3.8/site-packages/airflow/example_dags/example_subdag_operator.py for tasks to queue
[2023-09-29T11:03:46.384+0000] {logging_mixin.py:151} INFO - [2023-09-29T11:03:46.383+0000] {dagbag.py:539} INFO - Filling up the DagBag from /home/airflow/.local/lib/python3.8/site-packages/airflow/example_dags/example_subdag_operator.py
[2023-09-29T11:03:46.396+0000] {processor.py:839} INFO - DAG(s) dict_keys(['example_subdag_operator.section-1', 'example_subdag_operator.section-2', 'example_subdag_operator']) retrieved from /home/airflow/.local/lib/python3.8/site-packages/airflow/example_dags/example_subdag_operator.py
[2023-09-29T11:03:46.404+0000] {logging_mixin.py:151} INFO - [2023-09-29T11:03:46.404+0000] {dag.py:2915} INFO - Sync 3 DAGs
[2023-09-29T11:03:46.413+0000] {logging_mixin.py:151} INFO - [2023-09-29T11:03:46.413+0000] {dag.py:3696} INFO - Setting next_dagrun for example_subdag_operator to 2022-01-01T00:00:00+00:00, run_after=2022-01-01T00:00:00+00:00
[2023-09-29T11:03:46.415+0000] {logging_mixin.py:151} INFO - [2023-09-29T11:03:46.415+0000] {dag.py:3696} INFO - Setting next_dagrun for example_subdag_operator.section-1 to None, run_after=None
[2023-09-29T11:03:46.416+0000] {logging_mixin.py:151} INFO - [2023-09-29T11:03:46.416+0000] {dag.py:3696} INFO - Setting next_dagrun for example_subdag_operator.section-2 to None, run_after=None
[2023-09-29T11:03:46.419+0000] {logging_mixin.py:151} INFO - [2023-09-29T11:03:46.419+0000] {dag.py:2915} INFO - Sync 2 DAGs
[2023-09-29T11:03:46.421+0000] {logging_mixin.py:151} INFO - [2023-09-29T11:03:46.421+0000] {dag.py:3696} INFO - Setting next_dagrun for example_subdag_operator.section-1 to None, run_after=None
[2023-09-29T11:03:46.421+0000] {logging_mixin.py:151} INFO - [2023-09-29T11:03:46.421+0000] {dag.py:3696} INFO - Setting next_dagrun for example_subdag_operator.section-2 to None, run_after=None
[2023-09-29T11:03:46.426+0000] {processor.py:179} INFO - Processing /home/airflow/.local/lib/python3.8/site-packages/airflow/example_dags/example_subdag_operator.py took 0.046 seconds
[2023-09-29T11:04:17.692+0000] {processor.py:157} INFO - Started process (PID=1088) to work on /home/airflow/.local/lib/python3.8/site-packages/airflow/example_dags/example_subdag_operator.py
[2023-09-29T11:04:17.692+0000] {processor.py:829} INFO - Processing file /home/airflow/.local/lib/python3.8/site-packages/airflow/example_dags/example_subdag_operator.py for tasks to queue
[2023-09-29T11:04:17.694+0000] {logging_mixin.py:151} INFO - [2023-09-29T11:04:17.693+0000] {dagbag.py:539} INFO - Filling up the DagBag from /home/airflow/.local/lib/python3.8/site-packages/airflow/example_dags/example_subdag_operator.py
[2023-09-29T11:04:17.707+0000] {processor.py:839} INFO - DAG(s) dict_keys(['example_subdag_operator.section-1', 'example_subdag_operator.section-2', 'example_subdag_operator']) retrieved from /home/airflow/.local/lib/python3.8/site-packages/airflow/example_dags/example_subdag_operator.py
[2023-09-29T11:04:17.714+0000] {logging_mixin.py:151} INFO - [2023-09-29T11:04:17.714+0000] {dag.py:2915} INFO - Sync 3 DAGs
[2023-09-29T11:04:17.726+0000] {logging_mixin.py:151} INFO - [2023-09-29T11:04:17.726+0000] {dag.py:3696} INFO - Setting next_dagrun for example_subdag_operator to 2022-01-01T00:00:00+00:00, run_after=2022-01-01T00:00:00+00:00
[2023-09-29T11:04:17.728+0000] {logging_mixin.py:151} INFO - [2023-09-29T11:04:17.728+0000] {dag.py:3696} INFO - Setting next_dagrun for example_subdag_operator.section-1 to None, run_after=None
[2023-09-29T11:04:17.728+0000] {logging_mixin.py:151} INFO - [2023-09-29T11:04:17.728+0000] {dag.py:3696} INFO - Setting next_dagrun for example_subdag_operator.section-2 to None, run_after=None
[2023-09-29T11:04:17.731+0000] {logging_mixin.py:151} INFO - [2023-09-29T11:04:17.731+0000] {dag.py:2915} INFO - Sync 2 DAGs
[2023-09-29T11:04:17.733+0000] {logging_mixin.py:151} INFO - [2023-09-29T11:04:17.733+0000] {dag.py:3696} INFO - Setting next_dagrun for example_subdag_operator.section-1 to None, run_after=None
[2023-09-29T11:04:17.733+0000] {logging_mixin.py:151} INFO - [2023-09-29T11:04:17.733+0000] {dag.py:3696} INFO - Setting next_dagrun for example_subdag_operator.section-2 to None, run_after=None
[2023-09-29T11:04:17.738+0000] {processor.py:179} INFO - Processing /home/airflow/.local/lib/python3.8/site-packages/airflow/example_dags/example_subdag_operator.py took 0.048 seconds
[2023-09-29T11:04:48.800+0000] {processor.py:157} INFO - Started process (PID=1145) to work on /home/airflow/.local/lib/python3.8/site-packages/airflow/example_dags/example_subdag_operator.py
[2023-09-29T11:04:48.800+0000] {processor.py:829} INFO - Processing file /home/airflow/.local/lib/python3.8/site-packages/airflow/example_dags/example_subdag_operator.py for tasks to queue
[2023-09-29T11:04:48.802+0000] {logging_mixin.py:151} INFO - [2023-09-29T11:04:48.802+0000] {dagbag.py:539} INFO - Filling up the DagBag from /home/airflow/.local/lib/python3.8/site-packages/airflow/example_dags/example_subdag_operator.py
[2023-09-29T11:04:48.813+0000] {processor.py:839} INFO - DAG(s) dict_keys(['example_subdag_operator.section-1', 'example_subdag_operator.section-2', 'example_subdag_operator']) retrieved from /home/airflow/.local/lib/python3.8/site-packages/airflow/example_dags/example_subdag_operator.py
[2023-09-29T11:04:48.820+0000] {logging_mixin.py:151} INFO - [2023-09-29T11:04:48.820+0000] {dag.py:2915} INFO - Sync 3 DAGs
[2023-09-29T11:04:48.829+0000] {logging_mixin.py:151} INFO - [2023-09-29T11:04:48.829+0000] {dag.py:3696} INFO - Setting next_dagrun for example_subdag_operator to 2022-01-01T00:00:00+00:00, run_after=2022-01-01T00:00:00+00:00
[2023-09-29T11:04:48.831+0000] {logging_mixin.py:151} INFO - [2023-09-29T11:04:48.831+0000] {dag.py:3696} INFO - Setting next_dagrun for example_subdag_operator.section-1 to None, run_after=None
[2023-09-29T11:04:48.832+0000] {logging_mixin.py:151} INFO - [2023-09-29T11:04:48.832+0000] {dag.py:3696} INFO - Setting next_dagrun for example_subdag_operator.section-2 to None, run_after=None
[2023-09-29T11:04:48.835+0000] {logging_mixin.py:151} INFO - [2023-09-29T11:04:48.835+0000] {dag.py:2915} INFO - Sync 2 DAGs
[2023-09-29T11:04:48.837+0000] {logging_mixin.py:151} INFO - [2023-09-29T11:04:48.837+0000] {dag.py:3696} INFO - Setting next_dagrun for example_subdag_operator.section-1 to None, run_after=None
[2023-09-29T11:04:48.837+0000] {logging_mixin.py:151} INFO - [2023-09-29T11:04:48.837+0000] {dag.py:3696} INFO - Setting next_dagrun for example_subdag_operator.section-2 to None, run_after=None
[2023-09-29T11:04:48.842+0000] {processor.py:179} INFO - Processing /home/airflow/.local/lib/python3.8/site-packages/airflow/example_dags/example_subdag_operator.py took 0.044 seconds
[2023-09-29T11:05:19.752+0000] {processor.py:157} INFO - Started process (PID=1202) to work on /home/airflow/.local/lib/python3.8/site-packages/airflow/example_dags/example_subdag_operator.py
[2023-09-29T11:05:19.752+0000] {processor.py:829} INFO - Processing file /home/airflow/.local/lib/python3.8/site-packages/airflow/example_dags/example_subdag_operator.py for tasks to queue
[2023-09-29T11:05:19.754+0000] {logging_mixin.py:151} INFO - [2023-09-29T11:05:19.753+0000] {dagbag.py:539} INFO - Filling up the DagBag from /home/airflow/.local/lib/python3.8/site-packages/airflow/example_dags/example_subdag_operator.py
[2023-09-29T11:05:19.765+0000] {processor.py:839} INFO - DAG(s) dict_keys(['example_subdag_operator.section-1', 'example_subdag_operator.section-2', 'example_subdag_operator']) retrieved from /home/airflow/.local/lib/python3.8/site-packages/airflow/example_dags/example_subdag_operator.py
[2023-09-29T11:05:19.772+0000] {logging_mixin.py:151} INFO - [2023-09-29T11:05:19.772+0000] {dag.py:2915} INFO - Sync 3 DAGs
[2023-09-29T11:05:19.782+0000] {logging_mixin.py:151} INFO - [2023-09-29T11:05:19.782+0000] {dag.py:3696} INFO - Setting next_dagrun for example_subdag_operator to 2022-01-01T00:00:00+00:00, run_after=2022-01-01T00:00:00+00:00
[2023-09-29T11:05:19.784+0000] {logging_mixin.py:151} INFO - [2023-09-29T11:05:19.784+0000] {dag.py:3696} INFO - Setting next_dagrun for example_subdag_operator.section-1 to None, run_after=None
[2023-09-29T11:05:19.785+0000] {logging_mixin.py:151} INFO - [2023-09-29T11:05:19.784+0000] {dag.py:3696} INFO - Setting next_dagrun for example_subdag_operator.section-2 to None, run_after=None
[2023-09-29T11:05:19.788+0000] {logging_mixin.py:151} INFO - [2023-09-29T11:05:19.788+0000] {dag.py:2915} INFO - Sync 2 DAGs
[2023-09-29T11:05:19.790+0000] {logging_mixin.py:151} INFO - [2023-09-29T11:05:19.790+0000] {dag.py:3696} INFO - Setting next_dagrun for example_subdag_operator.section-1 to None, run_after=None
[2023-09-29T11:05:19.790+0000] {logging_mixin.py:151} INFO - [2023-09-29T11:05:19.790+0000] {dag.py:3696} INFO - Setting next_dagrun for example_subdag_operator.section-2 to None, run_after=None
[2023-09-29T11:05:19.795+0000] {processor.py:179} INFO - Processing /home/airflow/.local/lib/python3.8/site-packages/airflow/example_dags/example_subdag_operator.py took 0.045 seconds
[2023-09-29T11:05:50.885+0000] {processor.py:157} INFO - Started process (PID=1259) to work on /home/airflow/.local/lib/python3.8/site-packages/airflow/example_dags/example_subdag_operator.py
[2023-09-29T11:05:50.886+0000] {processor.py:829} INFO - Processing file /home/airflow/.local/lib/python3.8/site-packages/airflow/example_dags/example_subdag_operator.py for tasks to queue
[2023-09-29T11:05:50.887+0000] {logging_mixin.py:151} INFO - [2023-09-29T11:05:50.887+0000] {dagbag.py:539} INFO - Filling up the DagBag from /home/airflow/.local/lib/python3.8/site-packages/airflow/example_dags/example_subdag_operator.py
[2023-09-29T11:05:50.898+0000] {processor.py:839} INFO - DAG(s) dict_keys(['example_subdag_operator.section-1', 'example_subdag_operator.section-2', 'example_subdag_operator']) retrieved from /home/airflow/.local/lib/python3.8/site-packages/airflow/example_dags/example_subdag_operator.py
[2023-09-29T11:05:50.905+0000] {logging_mixin.py:151} INFO - [2023-09-29T11:05:50.905+0000] {dag.py:2915} INFO - Sync 3 DAGs
[2023-09-29T11:05:50.915+0000] {logging_mixin.py:151} INFO - [2023-09-29T11:05:50.915+0000] {dag.py:3696} INFO - Setting next_dagrun for example_subdag_operator to 2022-01-01T00:00:00+00:00, run_after=2022-01-01T00:00:00+00:00
[2023-09-29T11:05:50.916+0000] {logging_mixin.py:151} INFO - [2023-09-29T11:05:50.916+0000] {dag.py:3696} INFO - Setting next_dagrun for example_subdag_operator.section-1 to None, run_after=None
[2023-09-29T11:05:50.917+0000] {logging_mixin.py:151} INFO - [2023-09-29T11:05:50.917+0000] {dag.py:3696} INFO - Setting next_dagrun for example_subdag_operator.section-2 to None, run_after=None
[2023-09-29T11:05:50.920+0000] {logging_mixin.py:151} INFO - [2023-09-29T11:05:50.920+0000] {dag.py:2915} INFO - Sync 2 DAGs
[2023-09-29T11:05:50.922+0000] {logging_mixin.py:151} INFO - [2023-09-29T11:05:50.922+0000] {dag.py:3696} INFO - Setting next_dagrun for example_subdag_operator.section-1 to None, run_after=None
[2023-09-29T11:05:50.922+0000] {logging_mixin.py:151} INFO - [2023-09-29T11:05:50.922+0000] {dag.py:3696} INFO - Setting next_dagrun for example_subdag_operator.section-2 to None, run_after=None
[2023-09-29T11:05:50.927+0000] {processor.py:179} INFO - Processing /home/airflow/.local/lib/python3.8/site-packages/airflow/example_dags/example_subdag_operator.py took 0.044 seconds
