[2023-09-29T08:49:16.565+0000] {processor.py:157} INFO - Started process (PID=68) to work on /home/airflow/.local/lib/python3.8/site-packages/airflow/example_dags/example_python_operator.py
[2023-09-29T08:49:16.567+0000] {processor.py:829} INFO - Processing file /home/airflow/.local/lib/python3.8/site-packages/airflow/example_dags/example_python_operator.py for tasks to queue
[2023-09-29T08:49:16.575+0000] {logging_mixin.py:151} INFO - [2023-09-29T08:49:16.575+0000] {dagbag.py:539} INFO - Filling up the DagBag from /home/airflow/.local/lib/python3.8/site-packages/airflow/example_dags/example_python_operator.py
[2023-09-29T08:49:16.610+0000] {processor.py:839} INFO - DAG(s) dict_keys(['example_python_operator']) retrieved from /home/airflow/.local/lib/python3.8/site-packages/airflow/example_dags/example_python_operator.py
[2023-09-29T08:49:16.627+0000] {logging_mixin.py:151} INFO - [2023-09-29T08:49:16.626+0000] {dag.py:2915} INFO - Sync 1 DAGs
[2023-09-29T08:49:16.646+0000] {logging_mixin.py:151} INFO - [2023-09-29T08:49:16.645+0000] {dag.py:3696} INFO - Setting next_dagrun for example_python_operator to None, run_after=None
[2023-09-29T08:49:16.678+0000] {processor.py:179} INFO - Processing /home/airflow/.local/lib/python3.8/site-packages/airflow/example_dags/example_python_operator.py took 0.124 seconds
[2023-09-29T08:49:46.752+0000] {processor.py:157} INFO - Started process (PID=125) to work on /home/airflow/.local/lib/python3.8/site-packages/airflow/example_dags/example_python_operator.py
[2023-09-29T08:49:46.753+0000] {processor.py:829} INFO - Processing file /home/airflow/.local/lib/python3.8/site-packages/airflow/example_dags/example_python_operator.py for tasks to queue
[2023-09-29T08:49:46.754+0000] {logging_mixin.py:151} INFO - [2023-09-29T08:49:46.754+0000] {dagbag.py:539} INFO - Filling up the DagBag from /home/airflow/.local/lib/python3.8/site-packages/airflow/example_dags/example_python_operator.py
[2023-09-29T08:49:46.762+0000] {processor.py:839} INFO - DAG(s) dict_keys(['example_python_operator']) retrieved from /home/airflow/.local/lib/python3.8/site-packages/airflow/example_dags/example_python_operator.py
[2023-09-29T08:49:46.834+0000] {logging_mixin.py:151} INFO - [2023-09-29T08:49:46.834+0000] {security.py:708} INFO - Not syncing DAG-level permissions for DAG 'DAG:example_python_operator' as access control is unset.
[2023-09-29T08:49:46.834+0000] {logging_mixin.py:151} INFO - [2023-09-29T08:49:46.834+0000] {dag.py:2915} INFO - Sync 1 DAGs
[2023-09-29T08:49:46.846+0000] {logging_mixin.py:151} INFO - [2023-09-29T08:49:46.846+0000] {dag.py:3696} INFO - Setting next_dagrun for example_python_operator to None, run_after=None
[2023-09-29T08:49:46.860+0000] {processor.py:179} INFO - Processing /home/airflow/.local/lib/python3.8/site-packages/airflow/example_dags/example_python_operator.py took 0.110 seconds
[2023-09-29T08:50:17.264+0000] {processor.py:157} INFO - Started process (PID=182) to work on /home/airflow/.local/lib/python3.8/site-packages/airflow/example_dags/example_python_operator.py
[2023-09-29T08:50:17.265+0000] {processor.py:829} INFO - Processing file /home/airflow/.local/lib/python3.8/site-packages/airflow/example_dags/example_python_operator.py for tasks to queue
[2023-09-29T08:50:17.266+0000] {logging_mixin.py:151} INFO - [2023-09-29T08:50:17.266+0000] {dagbag.py:539} INFO - Filling up the DagBag from /home/airflow/.local/lib/python3.8/site-packages/airflow/example_dags/example_python_operator.py
[2023-09-29T08:50:17.273+0000] {processor.py:839} INFO - DAG(s) dict_keys(['example_python_operator']) retrieved from /home/airflow/.local/lib/python3.8/site-packages/airflow/example_dags/example_python_operator.py
[2023-09-29T08:50:17.289+0000] {logging_mixin.py:151} INFO - [2023-09-29T08:50:17.288+0000] {dag.py:2915} INFO - Sync 1 DAGs
[2023-09-29T08:50:17.298+0000] {logging_mixin.py:151} INFO - [2023-09-29T08:50:17.298+0000] {dag.py:3696} INFO - Setting next_dagrun for example_python_operator to None, run_after=None
[2023-09-29T08:50:17.309+0000] {processor.py:179} INFO - Processing /home/airflow/.local/lib/python3.8/site-packages/airflow/example_dags/example_python_operator.py took 0.049 seconds
[2023-09-29T08:50:47.604+0000] {processor.py:157} INFO - Started process (PID=239) to work on /home/airflow/.local/lib/python3.8/site-packages/airflow/example_dags/example_python_operator.py
[2023-09-29T08:50:47.605+0000] {processor.py:829} INFO - Processing file /home/airflow/.local/lib/python3.8/site-packages/airflow/example_dags/example_python_operator.py for tasks to queue
[2023-09-29T08:50:47.607+0000] {logging_mixin.py:151} INFO - [2023-09-29T08:50:47.606+0000] {dagbag.py:539} INFO - Filling up the DagBag from /home/airflow/.local/lib/python3.8/site-packages/airflow/example_dags/example_python_operator.py
[2023-09-29T08:50:47.614+0000] {processor.py:839} INFO - DAG(s) dict_keys(['example_python_operator']) retrieved from /home/airflow/.local/lib/python3.8/site-packages/airflow/example_dags/example_python_operator.py
[2023-09-29T08:50:47.628+0000] {logging_mixin.py:151} INFO - [2023-09-29T08:50:47.628+0000] {dag.py:2915} INFO - Sync 1 DAGs
[2023-09-29T08:50:47.637+0000] {logging_mixin.py:151} INFO - [2023-09-29T08:50:47.637+0000] {dag.py:3696} INFO - Setting next_dagrun for example_python_operator to None, run_after=None
[2023-09-29T08:50:47.647+0000] {processor.py:179} INFO - Processing /home/airflow/.local/lib/python3.8/site-packages/airflow/example_dags/example_python_operator.py took 0.046 seconds
[2023-09-29T08:51:17.779+0000] {processor.py:157} INFO - Started process (PID=296) to work on /home/airflow/.local/lib/python3.8/site-packages/airflow/example_dags/example_python_operator.py
[2023-09-29T08:51:17.780+0000] {processor.py:829} INFO - Processing file /home/airflow/.local/lib/python3.8/site-packages/airflow/example_dags/example_python_operator.py for tasks to queue
[2023-09-29T08:51:17.782+0000] {logging_mixin.py:151} INFO - [2023-09-29T08:51:17.782+0000] {dagbag.py:539} INFO - Filling up the DagBag from /home/airflow/.local/lib/python3.8/site-packages/airflow/example_dags/example_python_operator.py
[2023-09-29T08:51:17.794+0000] {processor.py:839} INFO - DAG(s) dict_keys(['example_python_operator']) retrieved from /home/airflow/.local/lib/python3.8/site-packages/airflow/example_dags/example_python_operator.py
[2023-09-29T08:51:17.807+0000] {logging_mixin.py:151} INFO - [2023-09-29T08:51:17.807+0000] {dag.py:2915} INFO - Sync 1 DAGs
[2023-09-29T08:51:17.814+0000] {logging_mixin.py:151} INFO - [2023-09-29T08:51:17.814+0000] {dag.py:3696} INFO - Setting next_dagrun for example_python_operator to None, run_after=None
[2023-09-29T08:51:17.823+0000] {processor.py:179} INFO - Processing /home/airflow/.local/lib/python3.8/site-packages/airflow/example_dags/example_python_operator.py took 0.046 seconds
[2023-09-29T08:51:48.974+0000] {processor.py:157} INFO - Started process (PID=353) to work on /home/airflow/.local/lib/python3.8/site-packages/airflow/example_dags/example_python_operator.py
[2023-09-29T08:51:48.974+0000] {processor.py:829} INFO - Processing file /home/airflow/.local/lib/python3.8/site-packages/airflow/example_dags/example_python_operator.py for tasks to queue
[2023-09-29T08:51:48.976+0000] {logging_mixin.py:151} INFO - [2023-09-29T08:51:48.975+0000] {dagbag.py:539} INFO - Filling up the DagBag from /home/airflow/.local/lib/python3.8/site-packages/airflow/example_dags/example_python_operator.py
[2023-09-29T08:51:48.982+0000] {processor.py:839} INFO - DAG(s) dict_keys(['example_python_operator']) retrieved from /home/airflow/.local/lib/python3.8/site-packages/airflow/example_dags/example_python_operator.py
[2023-09-29T08:51:48.993+0000] {logging_mixin.py:151} INFO - [2023-09-29T08:51:48.993+0000] {dag.py:2915} INFO - Sync 1 DAGs
[2023-09-29T08:51:48.999+0000] {logging_mixin.py:151} INFO - [2023-09-29T08:51:48.999+0000] {dag.py:3696} INFO - Setting next_dagrun for example_python_operator to None, run_after=None
[2023-09-29T08:51:49.007+0000] {processor.py:179} INFO - Processing /home/airflow/.local/lib/python3.8/site-packages/airflow/example_dags/example_python_operator.py took 0.035 seconds
[2023-09-29T08:52:20.641+0000] {processor.py:157} INFO - Started process (PID=410) to work on /home/airflow/.local/lib/python3.8/site-packages/airflow/example_dags/example_python_operator.py
[2023-09-29T08:52:20.643+0000] {processor.py:829} INFO - Processing file /home/airflow/.local/lib/python3.8/site-packages/airflow/example_dags/example_python_operator.py for tasks to queue
[2023-09-29T08:52:20.644+0000] {logging_mixin.py:151} INFO - [2023-09-29T08:52:20.644+0000] {dagbag.py:539} INFO - Filling up the DagBag from /home/airflow/.local/lib/python3.8/site-packages/airflow/example_dags/example_python_operator.py
[2023-09-29T08:52:20.651+0000] {processor.py:839} INFO - DAG(s) dict_keys(['example_python_operator']) retrieved from /home/airflow/.local/lib/python3.8/site-packages/airflow/example_dags/example_python_operator.py
[2023-09-29T08:52:20.689+0000] {logging_mixin.py:151} INFO - [2023-09-29T08:52:20.688+0000] {dag.py:2915} INFO - Sync 1 DAGs
[2023-09-29T08:52:20.698+0000] {logging_mixin.py:151} INFO - [2023-09-29T08:52:20.697+0000] {dag.py:3696} INFO - Setting next_dagrun for example_python_operator to None, run_after=None
[2023-09-29T08:52:20.708+0000] {processor.py:179} INFO - Processing /home/airflow/.local/lib/python3.8/site-packages/airflow/example_dags/example_python_operator.py took 0.069 seconds
[2023-09-29T08:52:50.737+0000] {processor.py:157} INFO - Started process (PID=466) to work on /home/airflow/.local/lib/python3.8/site-packages/airflow/example_dags/example_python_operator.py
[2023-09-29T08:52:50.738+0000] {processor.py:829} INFO - Processing file /home/airflow/.local/lib/python3.8/site-packages/airflow/example_dags/example_python_operator.py for tasks to queue
[2023-09-29T08:52:50.739+0000] {logging_mixin.py:151} INFO - [2023-09-29T08:52:50.738+0000] {dagbag.py:539} INFO - Filling up the DagBag from /home/airflow/.local/lib/python3.8/site-packages/airflow/example_dags/example_python_operator.py
[2023-09-29T08:52:50.744+0000] {processor.py:839} INFO - DAG(s) dict_keys(['example_python_operator']) retrieved from /home/airflow/.local/lib/python3.8/site-packages/airflow/example_dags/example_python_operator.py
[2023-09-29T08:52:50.755+0000] {logging_mixin.py:151} INFO - [2023-09-29T08:52:50.755+0000] {dag.py:2915} INFO - Sync 1 DAGs
[2023-09-29T08:52:50.760+0000] {logging_mixin.py:151} INFO - [2023-09-29T08:52:50.760+0000] {dag.py:3696} INFO - Setting next_dagrun for example_python_operator to None, run_after=None
[2023-09-29T08:52:50.767+0000] {processor.py:179} INFO - Processing /home/airflow/.local/lib/python3.8/site-packages/airflow/example_dags/example_python_operator.py took 0.032 seconds
[2023-09-29T08:53:22.189+0000] {processor.py:157} INFO - Started process (PID=523) to work on /home/airflow/.local/lib/python3.8/site-packages/airflow/example_dags/example_python_operator.py
[2023-09-29T08:53:22.190+0000] {processor.py:829} INFO - Processing file /home/airflow/.local/lib/python3.8/site-packages/airflow/example_dags/example_python_operator.py for tasks to queue
[2023-09-29T08:53:22.192+0000] {logging_mixin.py:151} INFO - [2023-09-29T08:53:22.192+0000] {dagbag.py:539} INFO - Filling up the DagBag from /home/airflow/.local/lib/python3.8/site-packages/airflow/example_dags/example_python_operator.py
[2023-09-29T08:53:22.201+0000] {processor.py:839} INFO - DAG(s) dict_keys(['example_python_operator']) retrieved from /home/airflow/.local/lib/python3.8/site-packages/airflow/example_dags/example_python_operator.py
[2023-09-29T08:53:22.212+0000] {logging_mixin.py:151} INFO - [2023-09-29T08:53:22.212+0000] {dag.py:2915} INFO - Sync 1 DAGs
[2023-09-29T08:53:22.218+0000] {logging_mixin.py:151} INFO - [2023-09-29T08:53:22.218+0000] {dag.py:3696} INFO - Setting next_dagrun for example_python_operator to None, run_after=None
[2023-09-29T08:53:22.226+0000] {processor.py:179} INFO - Processing /home/airflow/.local/lib/python3.8/site-packages/airflow/example_dags/example_python_operator.py took 0.038 seconds
[2023-09-29T08:53:52.719+0000] {processor.py:157} INFO - Started process (PID=580) to work on /home/airflow/.local/lib/python3.8/site-packages/airflow/example_dags/example_python_operator.py
[2023-09-29T08:53:52.720+0000] {processor.py:829} INFO - Processing file /home/airflow/.local/lib/python3.8/site-packages/airflow/example_dags/example_python_operator.py for tasks to queue
[2023-09-29T08:53:52.721+0000] {logging_mixin.py:151} INFO - [2023-09-29T08:53:52.721+0000] {dagbag.py:539} INFO - Filling up the DagBag from /home/airflow/.local/lib/python3.8/site-packages/airflow/example_dags/example_python_operator.py
[2023-09-29T08:53:52.726+0000] {processor.py:839} INFO - DAG(s) dict_keys(['example_python_operator']) retrieved from /home/airflow/.local/lib/python3.8/site-packages/airflow/example_dags/example_python_operator.py
[2023-09-29T08:53:52.738+0000] {logging_mixin.py:151} INFO - [2023-09-29T08:53:52.738+0000] {dag.py:2915} INFO - Sync 1 DAGs
[2023-09-29T08:53:52.744+0000] {logging_mixin.py:151} INFO - [2023-09-29T08:53:52.743+0000] {dag.py:3696} INFO - Setting next_dagrun for example_python_operator to None, run_after=None
[2023-09-29T08:53:52.751+0000] {processor.py:179} INFO - Processing /home/airflow/.local/lib/python3.8/site-packages/airflow/example_dags/example_python_operator.py took 0.034 seconds
[2023-09-29T08:54:23.042+0000] {processor.py:157} INFO - Started process (PID=638) to work on /home/airflow/.local/lib/python3.8/site-packages/airflow/example_dags/example_python_operator.py
[2023-09-29T08:54:23.044+0000] {processor.py:829} INFO - Processing file /home/airflow/.local/lib/python3.8/site-packages/airflow/example_dags/example_python_operator.py for tasks to queue
[2023-09-29T08:54:23.045+0000] {logging_mixin.py:151} INFO - [2023-09-29T08:54:23.045+0000] {dagbag.py:539} INFO - Filling up the DagBag from /home/airflow/.local/lib/python3.8/site-packages/airflow/example_dags/example_python_operator.py
[2023-09-29T08:54:23.052+0000] {processor.py:839} INFO - DAG(s) dict_keys(['example_python_operator']) retrieved from /home/airflow/.local/lib/python3.8/site-packages/airflow/example_dags/example_python_operator.py
[2023-09-29T08:54:23.066+0000] {logging_mixin.py:151} INFO - [2023-09-29T08:54:23.066+0000] {dag.py:2915} INFO - Sync 1 DAGs
[2023-09-29T08:54:23.074+0000] {logging_mixin.py:151} INFO - [2023-09-29T08:54:23.074+0000] {dag.py:3696} INFO - Setting next_dagrun for example_python_operator to None, run_after=None
[2023-09-29T08:54:23.084+0000] {processor.py:179} INFO - Processing /home/airflow/.local/lib/python3.8/site-packages/airflow/example_dags/example_python_operator.py took 0.044 seconds
[2023-09-29T08:54:53.403+0000] {processor.py:157} INFO - Started process (PID=695) to work on /home/airflow/.local/lib/python3.8/site-packages/airflow/example_dags/example_python_operator.py
[2023-09-29T08:54:53.403+0000] {processor.py:829} INFO - Processing file /home/airflow/.local/lib/python3.8/site-packages/airflow/example_dags/example_python_operator.py for tasks to queue
[2023-09-29T08:54:53.405+0000] {logging_mixin.py:151} INFO - [2023-09-29T08:54:53.404+0000] {dagbag.py:539} INFO - Filling up the DagBag from /home/airflow/.local/lib/python3.8/site-packages/airflow/example_dags/example_python_operator.py
[2023-09-29T08:54:53.410+0000] {processor.py:839} INFO - DAG(s) dict_keys(['example_python_operator']) retrieved from /home/airflow/.local/lib/python3.8/site-packages/airflow/example_dags/example_python_operator.py
[2023-09-29T08:54:53.423+0000] {logging_mixin.py:151} INFO - [2023-09-29T08:54:53.423+0000] {dag.py:2915} INFO - Sync 1 DAGs
[2023-09-29T08:54:53.433+0000] {logging_mixin.py:151} INFO - [2023-09-29T08:54:53.433+0000] {dag.py:3696} INFO - Setting next_dagrun for example_python_operator to None, run_after=None
[2023-09-29T08:54:53.443+0000] {processor.py:179} INFO - Processing /home/airflow/.local/lib/python3.8/site-packages/airflow/example_dags/example_python_operator.py took 0.042 seconds
[2023-09-29T08:55:24.670+0000] {processor.py:157} INFO - Started process (PID=752) to work on /home/airflow/.local/lib/python3.8/site-packages/airflow/example_dags/example_python_operator.py
[2023-09-29T08:55:24.671+0000] {processor.py:829} INFO - Processing file /home/airflow/.local/lib/python3.8/site-packages/airflow/example_dags/example_python_operator.py for tasks to queue
[2023-09-29T08:55:24.673+0000] {logging_mixin.py:151} INFO - [2023-09-29T08:55:24.673+0000] {dagbag.py:539} INFO - Filling up the DagBag from /home/airflow/.local/lib/python3.8/site-packages/airflow/example_dags/example_python_operator.py
[2023-09-29T08:55:24.680+0000] {processor.py:839} INFO - DAG(s) dict_keys(['example_python_operator']) retrieved from /home/airflow/.local/lib/python3.8/site-packages/airflow/example_dags/example_python_operator.py
[2023-09-29T08:55:24.691+0000] {logging_mixin.py:151} INFO - [2023-09-29T08:55:24.691+0000] {dag.py:2915} INFO - Sync 1 DAGs
[2023-09-29T08:55:24.698+0000] {logging_mixin.py:151} INFO - [2023-09-29T08:55:24.698+0000] {dag.py:3696} INFO - Setting next_dagrun for example_python_operator to None, run_after=None
[2023-09-29T08:55:24.707+0000] {processor.py:179} INFO - Processing /home/airflow/.local/lib/python3.8/site-packages/airflow/example_dags/example_python_operator.py took 0.040 seconds
[2023-09-29T08:55:55.728+0000] {processor.py:157} INFO - Started process (PID=809) to work on /home/airflow/.local/lib/python3.8/site-packages/airflow/example_dags/example_python_operator.py
[2023-09-29T08:55:55.728+0000] {processor.py:829} INFO - Processing file /home/airflow/.local/lib/python3.8/site-packages/airflow/example_dags/example_python_operator.py for tasks to queue
[2023-09-29T08:55:55.729+0000] {logging_mixin.py:151} INFO - [2023-09-29T08:55:55.729+0000] {dagbag.py:539} INFO - Filling up the DagBag from /home/airflow/.local/lib/python3.8/site-packages/airflow/example_dags/example_python_operator.py
[2023-09-29T08:55:55.735+0000] {processor.py:839} INFO - DAG(s) dict_keys(['example_python_operator']) retrieved from /home/airflow/.local/lib/python3.8/site-packages/airflow/example_dags/example_python_operator.py
[2023-09-29T08:55:55.745+0000] {logging_mixin.py:151} INFO - [2023-09-29T08:55:55.745+0000] {dag.py:2915} INFO - Sync 1 DAGs
[2023-09-29T08:55:55.751+0000] {logging_mixin.py:151} INFO - [2023-09-29T08:55:55.751+0000] {dag.py:3696} INFO - Setting next_dagrun for example_python_operator to None, run_after=None
[2023-09-29T08:55:55.759+0000] {processor.py:179} INFO - Processing /home/airflow/.local/lib/python3.8/site-packages/airflow/example_dags/example_python_operator.py took 0.033 seconds
[2023-09-29T08:56:27.063+0000] {processor.py:157} INFO - Started process (PID=866) to work on /home/airflow/.local/lib/python3.8/site-packages/airflow/example_dags/example_python_operator.py
[2023-09-29T08:56:27.064+0000] {processor.py:829} INFO - Processing file /home/airflow/.local/lib/python3.8/site-packages/airflow/example_dags/example_python_operator.py for tasks to queue
[2023-09-29T08:56:27.065+0000] {logging_mixin.py:151} INFO - [2023-09-29T08:56:27.065+0000] {dagbag.py:539} INFO - Filling up the DagBag from /home/airflow/.local/lib/python3.8/site-packages/airflow/example_dags/example_python_operator.py
[2023-09-29T08:56:27.071+0000] {processor.py:839} INFO - DAG(s) dict_keys(['example_python_operator']) retrieved from /home/airflow/.local/lib/python3.8/site-packages/airflow/example_dags/example_python_operator.py
[2023-09-29T08:56:27.082+0000] {logging_mixin.py:151} INFO - [2023-09-29T08:56:27.082+0000] {dag.py:2915} INFO - Sync 1 DAGs
[2023-09-29T08:56:27.088+0000] {logging_mixin.py:151} INFO - [2023-09-29T08:56:27.088+0000] {dag.py:3696} INFO - Setting next_dagrun for example_python_operator to None, run_after=None
[2023-09-29T08:56:27.096+0000] {processor.py:179} INFO - Processing /home/airflow/.local/lib/python3.8/site-packages/airflow/example_dags/example_python_operator.py took 0.035 seconds
[2023-09-29T10:55:02.626+0000] {processor.py:157} INFO - Started process (PID=68) to work on /home/airflow/.local/lib/python3.8/site-packages/airflow/example_dags/example_python_operator.py
[2023-09-29T10:55:02.632+0000] {processor.py:829} INFO - Processing file /home/airflow/.local/lib/python3.8/site-packages/airflow/example_dags/example_python_operator.py for tasks to queue
[2023-09-29T10:55:02.634+0000] {logging_mixin.py:151} INFO - [2023-09-29T10:55:02.634+0000] {dagbag.py:539} INFO - Filling up the DagBag from /home/airflow/.local/lib/python3.8/site-packages/airflow/example_dags/example_python_operator.py
[2023-09-29T10:55:02.648+0000] {processor.py:839} INFO - DAG(s) dict_keys(['example_python_operator']) retrieved from /home/airflow/.local/lib/python3.8/site-packages/airflow/example_dags/example_python_operator.py
[2023-09-29T10:55:02.659+0000] {logging_mixin.py:151} INFO - [2023-09-29T10:55:02.658+0000] {dag.py:2915} INFO - Sync 1 DAGs
[2023-09-29T10:55:02.682+0000] {logging_mixin.py:151} INFO - [2023-09-29T10:55:02.682+0000] {dag.py:3696} INFO - Setting next_dagrun for example_python_operator to None, run_after=None
[2023-09-29T10:55:02.734+0000] {processor.py:179} INFO - Processing /home/airflow/.local/lib/python3.8/site-packages/airflow/example_dags/example_python_operator.py took 0.114 seconds
[2023-09-29T10:55:33.027+0000] {processor.py:157} INFO - Started process (PID=124) to work on /home/airflow/.local/lib/python3.8/site-packages/airflow/example_dags/example_python_operator.py
[2023-09-29T10:55:33.028+0000] {processor.py:829} INFO - Processing file /home/airflow/.local/lib/python3.8/site-packages/airflow/example_dags/example_python_operator.py for tasks to queue
[2023-09-29T10:55:33.029+0000] {logging_mixin.py:151} INFO - [2023-09-29T10:55:33.029+0000] {dagbag.py:539} INFO - Filling up the DagBag from /home/airflow/.local/lib/python3.8/site-packages/airflow/example_dags/example_python_operator.py
[2023-09-29T10:55:33.036+0000] {processor.py:839} INFO - DAG(s) dict_keys(['example_python_operator']) retrieved from /home/airflow/.local/lib/python3.8/site-packages/airflow/example_dags/example_python_operator.py
[2023-09-29T10:55:33.085+0000] {logging_mixin.py:151} INFO - [2023-09-29T10:55:33.085+0000] {security.py:708} INFO - Not syncing DAG-level permissions for DAG 'DAG:example_python_operator' as access control is unset.
[2023-09-29T10:55:33.085+0000] {logging_mixin.py:151} INFO - [2023-09-29T10:55:33.085+0000] {dag.py:2915} INFO - Sync 1 DAGs
[2023-09-29T10:55:33.090+0000] {logging_mixin.py:151} INFO - [2023-09-29T10:55:33.090+0000] {dag.py:3696} INFO - Setting next_dagrun for example_python_operator to None, run_after=None
[2023-09-29T10:55:33.098+0000] {processor.py:179} INFO - Processing /home/airflow/.local/lib/python3.8/site-packages/airflow/example_dags/example_python_operator.py took 0.072 seconds
[2023-09-29T10:56:04.255+0000] {processor.py:157} INFO - Started process (PID=181) to work on /home/airflow/.local/lib/python3.8/site-packages/airflow/example_dags/example_python_operator.py
[2023-09-29T10:56:04.256+0000] {processor.py:829} INFO - Processing file /home/airflow/.local/lib/python3.8/site-packages/airflow/example_dags/example_python_operator.py for tasks to queue
[2023-09-29T10:56:04.258+0000] {logging_mixin.py:151} INFO - [2023-09-29T10:56:04.258+0000] {dagbag.py:539} INFO - Filling up the DagBag from /home/airflow/.local/lib/python3.8/site-packages/airflow/example_dags/example_python_operator.py
[2023-09-29T10:56:04.264+0000] {processor.py:839} INFO - DAG(s) dict_keys(['example_python_operator']) retrieved from /home/airflow/.local/lib/python3.8/site-packages/airflow/example_dags/example_python_operator.py
[2023-09-29T10:56:04.277+0000] {logging_mixin.py:151} INFO - [2023-09-29T10:56:04.277+0000] {dag.py:2915} INFO - Sync 1 DAGs
[2023-09-29T10:56:04.285+0000] {logging_mixin.py:151} INFO - [2023-09-29T10:56:04.285+0000] {dag.py:3696} INFO - Setting next_dagrun for example_python_operator to None, run_after=None
[2023-09-29T10:56:04.294+0000] {processor.py:179} INFO - Processing /home/airflow/.local/lib/python3.8/site-packages/airflow/example_dags/example_python_operator.py took 0.040 seconds
[2023-09-29T10:56:34.722+0000] {processor.py:157} INFO - Started process (PID=238) to work on /home/airflow/.local/lib/python3.8/site-packages/airflow/example_dags/example_python_operator.py
[2023-09-29T10:56:34.724+0000] {processor.py:829} INFO - Processing file /home/airflow/.local/lib/python3.8/site-packages/airflow/example_dags/example_python_operator.py for tasks to queue
[2023-09-29T10:56:34.728+0000] {logging_mixin.py:151} INFO - [2023-09-29T10:56:34.727+0000] {dagbag.py:539} INFO - Filling up the DagBag from /home/airflow/.local/lib/python3.8/site-packages/airflow/example_dags/example_python_operator.py
[2023-09-29T10:56:34.747+0000] {processor.py:839} INFO - DAG(s) dict_keys(['example_python_operator']) retrieved from /home/airflow/.local/lib/python3.8/site-packages/airflow/example_dags/example_python_operator.py
[2023-09-29T10:56:34.767+0000] {logging_mixin.py:151} INFO - [2023-09-29T10:56:34.767+0000] {dag.py:2915} INFO - Sync 1 DAGs
[2023-09-29T10:56:34.774+0000] {logging_mixin.py:151} INFO - [2023-09-29T10:56:34.774+0000] {dag.py:3696} INFO - Setting next_dagrun for example_python_operator to None, run_after=None
[2023-09-29T10:56:34.789+0000] {processor.py:179} INFO - Processing /home/airflow/.local/lib/python3.8/site-packages/airflow/example_dags/example_python_operator.py took 0.074 seconds
[2023-09-29T10:57:05.100+0000] {processor.py:157} INFO - Started process (PID=295) to work on /home/airflow/.local/lib/python3.8/site-packages/airflow/example_dags/example_python_operator.py
[2023-09-29T10:57:05.101+0000] {processor.py:829} INFO - Processing file /home/airflow/.local/lib/python3.8/site-packages/airflow/example_dags/example_python_operator.py for tasks to queue
[2023-09-29T10:57:05.104+0000] {logging_mixin.py:151} INFO - [2023-09-29T10:57:05.103+0000] {dagbag.py:539} INFO - Filling up the DagBag from /home/airflow/.local/lib/python3.8/site-packages/airflow/example_dags/example_python_operator.py
[2023-09-29T10:57:05.110+0000] {processor.py:839} INFO - DAG(s) dict_keys(['example_python_operator']) retrieved from /home/airflow/.local/lib/python3.8/site-packages/airflow/example_dags/example_python_operator.py
[2023-09-29T10:57:05.123+0000] {logging_mixin.py:151} INFO - [2023-09-29T10:57:05.123+0000] {dag.py:2915} INFO - Sync 1 DAGs
[2023-09-29T10:57:05.132+0000] {logging_mixin.py:151} INFO - [2023-09-29T10:57:05.132+0000] {dag.py:3696} INFO - Setting next_dagrun for example_python_operator to None, run_after=None
[2023-09-29T10:57:05.150+0000] {processor.py:179} INFO - Processing /home/airflow/.local/lib/python3.8/site-packages/airflow/example_dags/example_python_operator.py took 0.052 seconds
[2023-09-29T10:57:35.407+0000] {processor.py:157} INFO - Started process (PID=352) to work on /home/airflow/.local/lib/python3.8/site-packages/airflow/example_dags/example_python_operator.py
[2023-09-29T10:57:35.408+0000] {processor.py:829} INFO - Processing file /home/airflow/.local/lib/python3.8/site-packages/airflow/example_dags/example_python_operator.py for tasks to queue
[2023-09-29T10:57:35.410+0000] {logging_mixin.py:151} INFO - [2023-09-29T10:57:35.410+0000] {dagbag.py:539} INFO - Filling up the DagBag from /home/airflow/.local/lib/python3.8/site-packages/airflow/example_dags/example_python_operator.py
[2023-09-29T10:57:35.417+0000] {processor.py:839} INFO - DAG(s) dict_keys(['example_python_operator']) retrieved from /home/airflow/.local/lib/python3.8/site-packages/airflow/example_dags/example_python_operator.py
[2023-09-29T10:57:35.428+0000] {logging_mixin.py:151} INFO - [2023-09-29T10:57:35.428+0000] {dag.py:2915} INFO - Sync 1 DAGs
[2023-09-29T10:57:35.433+0000] {logging_mixin.py:151} INFO - [2023-09-29T10:57:35.433+0000] {dag.py:3696} INFO - Setting next_dagrun for example_python_operator to None, run_after=None
[2023-09-29T10:57:35.441+0000] {processor.py:179} INFO - Processing /home/airflow/.local/lib/python3.8/site-packages/airflow/example_dags/example_python_operator.py took 0.035 seconds
[2023-09-29T10:58:06.677+0000] {processor.py:157} INFO - Started process (PID=410) to work on /home/airflow/.local/lib/python3.8/site-packages/airflow/example_dags/example_python_operator.py
[2023-09-29T10:58:06.679+0000] {processor.py:829} INFO - Processing file /home/airflow/.local/lib/python3.8/site-packages/airflow/example_dags/example_python_operator.py for tasks to queue
[2023-09-29T10:58:06.682+0000] {logging_mixin.py:151} INFO - [2023-09-29T10:58:06.681+0000] {dagbag.py:539} INFO - Filling up the DagBag from /home/airflow/.local/lib/python3.8/site-packages/airflow/example_dags/example_python_operator.py
[2023-09-29T10:58:06.688+0000] {processor.py:839} INFO - DAG(s) dict_keys(['example_python_operator']) retrieved from /home/airflow/.local/lib/python3.8/site-packages/airflow/example_dags/example_python_operator.py
[2023-09-29T10:58:06.701+0000] {logging_mixin.py:151} INFO - [2023-09-29T10:58:06.700+0000] {dag.py:2915} INFO - Sync 1 DAGs
[2023-09-29T10:58:06.707+0000] {logging_mixin.py:151} INFO - [2023-09-29T10:58:06.707+0000] {dag.py:3696} INFO - Setting next_dagrun for example_python_operator to None, run_after=None
[2023-09-29T10:58:06.714+0000] {processor.py:179} INFO - Processing /home/airflow/.local/lib/python3.8/site-packages/airflow/example_dags/example_python_operator.py took 0.047 seconds
[2023-09-29T10:58:37.818+0000] {processor.py:157} INFO - Started process (PID=467) to work on /home/airflow/.local/lib/python3.8/site-packages/airflow/example_dags/example_python_operator.py
[2023-09-29T10:58:37.819+0000] {processor.py:829} INFO - Processing file /home/airflow/.local/lib/python3.8/site-packages/airflow/example_dags/example_python_operator.py for tasks to queue
[2023-09-29T10:58:37.820+0000] {logging_mixin.py:151} INFO - [2023-09-29T10:58:37.820+0000] {dagbag.py:539} INFO - Filling up the DagBag from /home/airflow/.local/lib/python3.8/site-packages/airflow/example_dags/example_python_operator.py
[2023-09-29T10:58:37.831+0000] {processor.py:839} INFO - DAG(s) dict_keys(['example_python_operator']) retrieved from /home/airflow/.local/lib/python3.8/site-packages/airflow/example_dags/example_python_operator.py
[2023-09-29T10:58:37.843+0000] {logging_mixin.py:151} INFO - [2023-09-29T10:58:37.843+0000] {dag.py:2915} INFO - Sync 1 DAGs
[2023-09-29T10:58:37.849+0000] {logging_mixin.py:151} INFO - [2023-09-29T10:58:37.849+0000] {dag.py:3696} INFO - Setting next_dagrun for example_python_operator to None, run_after=None
[2023-09-29T10:58:37.857+0000] {processor.py:179} INFO - Processing /home/airflow/.local/lib/python3.8/site-packages/airflow/example_dags/example_python_operator.py took 0.041 seconds
[2023-09-29T10:59:09.042+0000] {processor.py:157} INFO - Started process (PID=524) to work on /home/airflow/.local/lib/python3.8/site-packages/airflow/example_dags/example_python_operator.py
[2023-09-29T10:59:09.043+0000] {processor.py:829} INFO - Processing file /home/airflow/.local/lib/python3.8/site-packages/airflow/example_dags/example_python_operator.py for tasks to queue
[2023-09-29T10:59:09.044+0000] {logging_mixin.py:151} INFO - [2023-09-29T10:59:09.044+0000] {dagbag.py:539} INFO - Filling up the DagBag from /home/airflow/.local/lib/python3.8/site-packages/airflow/example_dags/example_python_operator.py
[2023-09-29T10:59:09.050+0000] {processor.py:839} INFO - DAG(s) dict_keys(['example_python_operator']) retrieved from /home/airflow/.local/lib/python3.8/site-packages/airflow/example_dags/example_python_operator.py
[2023-09-29T10:59:09.061+0000] {logging_mixin.py:151} INFO - [2023-09-29T10:59:09.061+0000] {dag.py:2915} INFO - Sync 1 DAGs
[2023-09-29T10:59:09.066+0000] {logging_mixin.py:151} INFO - [2023-09-29T10:59:09.066+0000] {dag.py:3696} INFO - Setting next_dagrun for example_python_operator to None, run_after=None
[2023-09-29T10:59:09.074+0000] {processor.py:179} INFO - Processing /home/airflow/.local/lib/python3.8/site-packages/airflow/example_dags/example_python_operator.py took 0.033 seconds
[2023-09-29T10:59:39.426+0000] {processor.py:157} INFO - Started process (PID=581) to work on /home/airflow/.local/lib/python3.8/site-packages/airflow/example_dags/example_python_operator.py
[2023-09-29T10:59:39.427+0000] {processor.py:829} INFO - Processing file /home/airflow/.local/lib/python3.8/site-packages/airflow/example_dags/example_python_operator.py for tasks to queue
[2023-09-29T10:59:39.429+0000] {logging_mixin.py:151} INFO - [2023-09-29T10:59:39.428+0000] {dagbag.py:539} INFO - Filling up the DagBag from /home/airflow/.local/lib/python3.8/site-packages/airflow/example_dags/example_python_operator.py
[2023-09-29T10:59:39.434+0000] {processor.py:839} INFO - DAG(s) dict_keys(['example_python_operator']) retrieved from /home/airflow/.local/lib/python3.8/site-packages/airflow/example_dags/example_python_operator.py
[2023-09-29T10:59:39.445+0000] {logging_mixin.py:151} INFO - [2023-09-29T10:59:39.445+0000] {dag.py:2915} INFO - Sync 1 DAGs
[2023-09-29T10:59:39.451+0000] {logging_mixin.py:151} INFO - [2023-09-29T10:59:39.451+0000] {dag.py:3696} INFO - Setting next_dagrun for example_python_operator to None, run_after=None
[2023-09-29T10:59:39.458+0000] {processor.py:179} INFO - Processing /home/airflow/.local/lib/python3.8/site-packages/airflow/example_dags/example_python_operator.py took 0.034 seconds
[2023-09-29T11:00:10.824+0000] {processor.py:157} INFO - Started process (PID=638) to work on /home/airflow/.local/lib/python3.8/site-packages/airflow/example_dags/example_python_operator.py
[2023-09-29T11:00:10.825+0000] {processor.py:829} INFO - Processing file /home/airflow/.local/lib/python3.8/site-packages/airflow/example_dags/example_python_operator.py for tasks to queue
[2023-09-29T11:00:10.827+0000] {logging_mixin.py:151} INFO - [2023-09-29T11:00:10.827+0000] {dagbag.py:539} INFO - Filling up the DagBag from /home/airflow/.local/lib/python3.8/site-packages/airflow/example_dags/example_python_operator.py
[2023-09-29T11:00:10.843+0000] {processor.py:839} INFO - DAG(s) dict_keys(['example_python_operator']) retrieved from /home/airflow/.local/lib/python3.8/site-packages/airflow/example_dags/example_python_operator.py
[2023-09-29T11:00:10.859+0000] {logging_mixin.py:151} INFO - [2023-09-29T11:00:10.859+0000] {dag.py:2915} INFO - Sync 1 DAGs
[2023-09-29T11:00:10.873+0000] {logging_mixin.py:151} INFO - [2023-09-29T11:00:10.873+0000] {dag.py:3696} INFO - Setting next_dagrun for example_python_operator to None, run_after=None
[2023-09-29T11:00:11.028+0000] {processor.py:179} INFO - Processing /home/airflow/.local/lib/python3.8/site-packages/airflow/example_dags/example_python_operator.py took 0.207 seconds
[2023-09-29T11:00:41.339+0000] {processor.py:157} INFO - Started process (PID=695) to work on /home/airflow/.local/lib/python3.8/site-packages/airflow/example_dags/example_python_operator.py
[2023-09-29T11:00:41.340+0000] {processor.py:829} INFO - Processing file /home/airflow/.local/lib/python3.8/site-packages/airflow/example_dags/example_python_operator.py for tasks to queue
[2023-09-29T11:00:41.341+0000] {logging_mixin.py:151} INFO - [2023-09-29T11:00:41.341+0000] {dagbag.py:539} INFO - Filling up the DagBag from /home/airflow/.local/lib/python3.8/site-packages/airflow/example_dags/example_python_operator.py
[2023-09-29T11:00:41.347+0000] {processor.py:839} INFO - DAG(s) dict_keys(['example_python_operator']) retrieved from /home/airflow/.local/lib/python3.8/site-packages/airflow/example_dags/example_python_operator.py
[2023-09-29T11:00:41.358+0000] {logging_mixin.py:151} INFO - [2023-09-29T11:00:41.358+0000] {dag.py:2915} INFO - Sync 1 DAGs
[2023-09-29T11:00:41.363+0000] {logging_mixin.py:151} INFO - [2023-09-29T11:00:41.363+0000] {dag.py:3696} INFO - Setting next_dagrun for example_python_operator to None, run_after=None
[2023-09-29T11:00:41.371+0000] {processor.py:179} INFO - Processing /home/airflow/.local/lib/python3.8/site-packages/airflow/example_dags/example_python_operator.py took 0.034 seconds
[2023-09-29T11:01:12.472+0000] {processor.py:157} INFO - Started process (PID=752) to work on /home/airflow/.local/lib/python3.8/site-packages/airflow/example_dags/example_python_operator.py
[2023-09-29T11:01:12.473+0000] {processor.py:829} INFO - Processing file /home/airflow/.local/lib/python3.8/site-packages/airflow/example_dags/example_python_operator.py for tasks to queue
[2023-09-29T11:01:12.474+0000] {logging_mixin.py:151} INFO - [2023-09-29T11:01:12.474+0000] {dagbag.py:539} INFO - Filling up the DagBag from /home/airflow/.local/lib/python3.8/site-packages/airflow/example_dags/example_python_operator.py
[2023-09-29T11:01:12.480+0000] {processor.py:839} INFO - DAG(s) dict_keys(['example_python_operator']) retrieved from /home/airflow/.local/lib/python3.8/site-packages/airflow/example_dags/example_python_operator.py
[2023-09-29T11:01:12.491+0000] {logging_mixin.py:151} INFO - [2023-09-29T11:01:12.491+0000] {dag.py:2915} INFO - Sync 1 DAGs
[2023-09-29T11:01:12.497+0000] {logging_mixin.py:151} INFO - [2023-09-29T11:01:12.497+0000] {dag.py:3696} INFO - Setting next_dagrun for example_python_operator to None, run_after=None
[2023-09-29T11:01:12.505+0000] {processor.py:179} INFO - Processing /home/airflow/.local/lib/python3.8/site-packages/airflow/example_dags/example_python_operator.py took 0.034 seconds
[2023-09-29T11:01:43.718+0000] {processor.py:157} INFO - Started process (PID=809) to work on /home/airflow/.local/lib/python3.8/site-packages/airflow/example_dags/example_python_operator.py
[2023-09-29T11:01:43.719+0000] {processor.py:829} INFO - Processing file /home/airflow/.local/lib/python3.8/site-packages/airflow/example_dags/example_python_operator.py for tasks to queue
[2023-09-29T11:01:43.720+0000] {logging_mixin.py:151} INFO - [2023-09-29T11:01:43.720+0000] {dagbag.py:539} INFO - Filling up the DagBag from /home/airflow/.local/lib/python3.8/site-packages/airflow/example_dags/example_python_operator.py
[2023-09-29T11:01:43.729+0000] {processor.py:839} INFO - DAG(s) dict_keys(['example_python_operator']) retrieved from /home/airflow/.local/lib/python3.8/site-packages/airflow/example_dags/example_python_operator.py
[2023-09-29T11:01:43.745+0000] {logging_mixin.py:151} INFO - [2023-09-29T11:01:43.745+0000] {dag.py:2915} INFO - Sync 1 DAGs
[2023-09-29T11:01:43.751+0000] {logging_mixin.py:151} INFO - [2023-09-29T11:01:43.751+0000] {dag.py:3696} INFO - Setting next_dagrun for example_python_operator to None, run_after=None
[2023-09-29T11:01:43.760+0000] {processor.py:179} INFO - Processing /home/airflow/.local/lib/python3.8/site-packages/airflow/example_dags/example_python_operator.py took 0.044 seconds
[2023-09-29T11:02:14.822+0000] {processor.py:157} INFO - Started process (PID=866) to work on /home/airflow/.local/lib/python3.8/site-packages/airflow/example_dags/example_python_operator.py
[2023-09-29T11:02:14.823+0000] {processor.py:829} INFO - Processing file /home/airflow/.local/lib/python3.8/site-packages/airflow/example_dags/example_python_operator.py for tasks to queue
[2023-09-29T11:02:14.824+0000] {logging_mixin.py:151} INFO - [2023-09-29T11:02:14.824+0000] {dagbag.py:539} INFO - Filling up the DagBag from /home/airflow/.local/lib/python3.8/site-packages/airflow/example_dags/example_python_operator.py
[2023-09-29T11:02:14.831+0000] {processor.py:839} INFO - DAG(s) dict_keys(['example_python_operator']) retrieved from /home/airflow/.local/lib/python3.8/site-packages/airflow/example_dags/example_python_operator.py
[2023-09-29T11:02:14.843+0000] {logging_mixin.py:151} INFO - [2023-09-29T11:02:14.843+0000] {dag.py:2915} INFO - Sync 1 DAGs
[2023-09-29T11:02:14.849+0000] {logging_mixin.py:151} INFO - [2023-09-29T11:02:14.848+0000] {dag.py:3696} INFO - Setting next_dagrun for example_python_operator to None, run_after=None
[2023-09-29T11:02:14.857+0000] {processor.py:179} INFO - Processing /home/airflow/.local/lib/python3.8/site-packages/airflow/example_dags/example_python_operator.py took 0.037 seconds
[2023-09-29T11:02:45.101+0000] {processor.py:157} INFO - Started process (PID=923) to work on /home/airflow/.local/lib/python3.8/site-packages/airflow/example_dags/example_python_operator.py
[2023-09-29T11:02:45.101+0000] {processor.py:829} INFO - Processing file /home/airflow/.local/lib/python3.8/site-packages/airflow/example_dags/example_python_operator.py for tasks to queue
[2023-09-29T11:02:45.102+0000] {logging_mixin.py:151} INFO - [2023-09-29T11:02:45.102+0000] {dagbag.py:539} INFO - Filling up the DagBag from /home/airflow/.local/lib/python3.8/site-packages/airflow/example_dags/example_python_operator.py
[2023-09-29T11:02:45.108+0000] {processor.py:839} INFO - DAG(s) dict_keys(['example_python_operator']) retrieved from /home/airflow/.local/lib/python3.8/site-packages/airflow/example_dags/example_python_operator.py
[2023-09-29T11:02:45.120+0000] {logging_mixin.py:151} INFO - [2023-09-29T11:02:45.120+0000] {dag.py:2915} INFO - Sync 1 DAGs
[2023-09-29T11:02:45.127+0000] {logging_mixin.py:151} INFO - [2023-09-29T11:02:45.127+0000] {dag.py:3696} INFO - Setting next_dagrun for example_python_operator to None, run_after=None
[2023-09-29T11:02:45.138+0000] {processor.py:179} INFO - Processing /home/airflow/.local/lib/python3.8/site-packages/airflow/example_dags/example_python_operator.py took 0.040 seconds
[2023-09-29T11:03:16.448+0000] {processor.py:157} INFO - Started process (PID=980) to work on /home/airflow/.local/lib/python3.8/site-packages/airflow/example_dags/example_python_operator.py
[2023-09-29T11:03:16.449+0000] {processor.py:829} INFO - Processing file /home/airflow/.local/lib/python3.8/site-packages/airflow/example_dags/example_python_operator.py for tasks to queue
[2023-09-29T11:03:16.450+0000] {logging_mixin.py:151} INFO - [2023-09-29T11:03:16.450+0000] {dagbag.py:539} INFO - Filling up the DagBag from /home/airflow/.local/lib/python3.8/site-packages/airflow/example_dags/example_python_operator.py
[2023-09-29T11:03:16.457+0000] {processor.py:839} INFO - DAG(s) dict_keys(['example_python_operator']) retrieved from /home/airflow/.local/lib/python3.8/site-packages/airflow/example_dags/example_python_operator.py
[2023-09-29T11:03:16.475+0000] {logging_mixin.py:151} INFO - [2023-09-29T11:03:16.474+0000] {dag.py:2915} INFO - Sync 1 DAGs
[2023-09-29T11:03:16.482+0000] {logging_mixin.py:151} INFO - [2023-09-29T11:03:16.482+0000] {dag.py:3696} INFO - Setting next_dagrun for example_python_operator to None, run_after=None
[2023-09-29T11:03:16.491+0000] {processor.py:179} INFO - Processing /home/airflow/.local/lib/python3.8/site-packages/airflow/example_dags/example_python_operator.py took 0.045 seconds
[2023-09-29T11:03:46.659+0000] {processor.py:157} INFO - Started process (PID=1037) to work on /home/airflow/.local/lib/python3.8/site-packages/airflow/example_dags/example_python_operator.py
[2023-09-29T11:03:46.659+0000] {processor.py:829} INFO - Processing file /home/airflow/.local/lib/python3.8/site-packages/airflow/example_dags/example_python_operator.py for tasks to queue
[2023-09-29T11:03:46.660+0000] {logging_mixin.py:151} INFO - [2023-09-29T11:03:46.660+0000] {dagbag.py:539} INFO - Filling up the DagBag from /home/airflow/.local/lib/python3.8/site-packages/airflow/example_dags/example_python_operator.py
[2023-09-29T11:03:46.666+0000] {processor.py:839} INFO - DAG(s) dict_keys(['example_python_operator']) retrieved from /home/airflow/.local/lib/python3.8/site-packages/airflow/example_dags/example_python_operator.py
[2023-09-29T11:03:46.679+0000] {logging_mixin.py:151} INFO - [2023-09-29T11:03:46.679+0000] {dag.py:2915} INFO - Sync 1 DAGs
[2023-09-29T11:03:46.690+0000] {logging_mixin.py:151} INFO - [2023-09-29T11:03:46.690+0000] {dag.py:3696} INFO - Setting next_dagrun for example_python_operator to None, run_after=None
[2023-09-29T11:03:46.700+0000] {processor.py:179} INFO - Processing /home/airflow/.local/lib/python3.8/site-packages/airflow/example_dags/example_python_operator.py took 0.043 seconds
[2023-09-29T11:04:17.844+0000] {processor.py:157} INFO - Started process (PID=1094) to work on /home/airflow/.local/lib/python3.8/site-packages/airflow/example_dags/example_python_operator.py
[2023-09-29T11:04:17.845+0000] {processor.py:829} INFO - Processing file /home/airflow/.local/lib/python3.8/site-packages/airflow/example_dags/example_python_operator.py for tasks to queue
[2023-09-29T11:04:17.846+0000] {logging_mixin.py:151} INFO - [2023-09-29T11:04:17.846+0000] {dagbag.py:539} INFO - Filling up the DagBag from /home/airflow/.local/lib/python3.8/site-packages/airflow/example_dags/example_python_operator.py
[2023-09-29T11:04:17.851+0000] {processor.py:839} INFO - DAG(s) dict_keys(['example_python_operator']) retrieved from /home/airflow/.local/lib/python3.8/site-packages/airflow/example_dags/example_python_operator.py
[2023-09-29T11:04:17.862+0000] {logging_mixin.py:151} INFO - [2023-09-29T11:04:17.862+0000] {dag.py:2915} INFO - Sync 1 DAGs
[2023-09-29T11:04:17.868+0000] {logging_mixin.py:151} INFO - [2023-09-29T11:04:17.868+0000] {dag.py:3696} INFO - Setting next_dagrun for example_python_operator to None, run_after=None
[2023-09-29T11:04:17.876+0000] {processor.py:179} INFO - Processing /home/airflow/.local/lib/python3.8/site-packages/airflow/example_dags/example_python_operator.py took 0.034 seconds
[2023-09-29T11:04:48.997+0000] {processor.py:157} INFO - Started process (PID=1151) to work on /home/airflow/.local/lib/python3.8/site-packages/airflow/example_dags/example_python_operator.py
[2023-09-29T11:04:48.997+0000] {processor.py:829} INFO - Processing file /home/airflow/.local/lib/python3.8/site-packages/airflow/example_dags/example_python_operator.py for tasks to queue
[2023-09-29T11:04:48.998+0000] {logging_mixin.py:151} INFO - [2023-09-29T11:04:48.998+0000] {dagbag.py:539} INFO - Filling up the DagBag from /home/airflow/.local/lib/python3.8/site-packages/airflow/example_dags/example_python_operator.py
[2023-09-29T11:04:49.004+0000] {processor.py:839} INFO - DAG(s) dict_keys(['example_python_operator']) retrieved from /home/airflow/.local/lib/python3.8/site-packages/airflow/example_dags/example_python_operator.py
[2023-09-29T11:04:49.015+0000] {logging_mixin.py:151} INFO - [2023-09-29T11:04:49.015+0000] {dag.py:2915} INFO - Sync 1 DAGs
[2023-09-29T11:04:49.021+0000] {logging_mixin.py:151} INFO - [2023-09-29T11:04:49.021+0000] {dag.py:3696} INFO - Setting next_dagrun for example_python_operator to None, run_after=None
[2023-09-29T11:04:49.029+0000] {processor.py:179} INFO - Processing /home/airflow/.local/lib/python3.8/site-packages/airflow/example_dags/example_python_operator.py took 0.034 seconds
[2023-09-29T11:05:19.953+0000] {processor.py:157} INFO - Started process (PID=1208) to work on /home/airflow/.local/lib/python3.8/site-packages/airflow/example_dags/example_python_operator.py
[2023-09-29T11:05:19.954+0000] {processor.py:829} INFO - Processing file /home/airflow/.local/lib/python3.8/site-packages/airflow/example_dags/example_python_operator.py for tasks to queue
[2023-09-29T11:05:19.955+0000] {logging_mixin.py:151} INFO - [2023-09-29T11:05:19.955+0000] {dagbag.py:539} INFO - Filling up the DagBag from /home/airflow/.local/lib/python3.8/site-packages/airflow/example_dags/example_python_operator.py
[2023-09-29T11:05:19.961+0000] {processor.py:839} INFO - DAG(s) dict_keys(['example_python_operator']) retrieved from /home/airflow/.local/lib/python3.8/site-packages/airflow/example_dags/example_python_operator.py
[2023-09-29T11:05:19.972+0000] {logging_mixin.py:151} INFO - [2023-09-29T11:05:19.972+0000] {dag.py:2915} INFO - Sync 1 DAGs
[2023-09-29T11:05:19.977+0000] {logging_mixin.py:151} INFO - [2023-09-29T11:05:19.977+0000] {dag.py:3696} INFO - Setting next_dagrun for example_python_operator to None, run_after=None
[2023-09-29T11:05:19.985+0000] {processor.py:179} INFO - Processing /home/airflow/.local/lib/python3.8/site-packages/airflow/example_dags/example_python_operator.py took 0.034 seconds
[2023-09-29T11:05:51.083+0000] {processor.py:157} INFO - Started process (PID=1265) to work on /home/airflow/.local/lib/python3.8/site-packages/airflow/example_dags/example_python_operator.py
[2023-09-29T11:05:51.085+0000] {processor.py:829} INFO - Processing file /home/airflow/.local/lib/python3.8/site-packages/airflow/example_dags/example_python_operator.py for tasks to queue
[2023-09-29T11:05:51.087+0000] {logging_mixin.py:151} INFO - [2023-09-29T11:05:51.087+0000] {dagbag.py:539} INFO - Filling up the DagBag from /home/airflow/.local/lib/python3.8/site-packages/airflow/example_dags/example_python_operator.py
[2023-09-29T11:05:51.095+0000] {processor.py:839} INFO - DAG(s) dict_keys(['example_python_operator']) retrieved from /home/airflow/.local/lib/python3.8/site-packages/airflow/example_dags/example_python_operator.py
[2023-09-29T11:05:51.122+0000] {logging_mixin.py:151} INFO - [2023-09-29T11:05:51.122+0000] {dag.py:2915} INFO - Sync 1 DAGs
[2023-09-29T11:05:51.132+0000] {logging_mixin.py:151} INFO - [2023-09-29T11:05:51.132+0000] {dag.py:3696} INFO - Setting next_dagrun for example_python_operator to None, run_after=None
[2023-09-29T11:05:51.144+0000] {processor.py:179} INFO - Processing /home/airflow/.local/lib/python3.8/site-packages/airflow/example_dags/example_python_operator.py took 0.064 seconds
