[2023-09-29T08:49:14.616+0000] {processor.py:157} INFO - Started process (PID=50) to work on /home/airflow/.local/lib/python3.8/site-packages/airflow/example_dags/example_params_ui_tutorial.py
[2023-09-29T08:49:14.617+0000] {processor.py:829} INFO - Processing file /home/airflow/.local/lib/python3.8/site-packages/airflow/example_dags/example_params_ui_tutorial.py for tasks to queue
[2023-09-29T08:49:14.619+0000] {logging_mixin.py:151} INFO - [2023-09-29T08:49:14.618+0000] {dagbag.py:539} INFO - Filling up the DagBag from /home/airflow/.local/lib/python3.8/site-packages/airflow/example_dags/example_params_ui_tutorial.py
[2023-09-29T08:49:14.708+0000] {processor.py:839} INFO - DAG(s) dict_keys(['example_params_ui_tutorial']) retrieved from /home/airflow/.local/lib/python3.8/site-packages/airflow/example_dags/example_params_ui_tutorial.py
[2023-09-29T08:49:14.744+0000] {logging_mixin.py:151} INFO - [2023-09-29T08:49:14.744+0000] {dag.py:2915} INFO - Sync 1 DAGs
[2023-09-29T08:49:14.769+0000] {logging_mixin.py:151} INFO - [2023-09-29T08:49:14.769+0000] {dag.py:3696} INFO - Setting next_dagrun for example_params_ui_tutorial to None, run_after=None
[2023-09-29T08:49:14.786+0000] {processor.py:179} INFO - Processing /home/airflow/.local/lib/python3.8/site-packages/airflow/example_dags/example_params_ui_tutorial.py took 0.180 seconds
[2023-09-29T08:49:45.143+0000] {processor.py:157} INFO - Started process (PID=107) to work on /home/airflow/.local/lib/python3.8/site-packages/airflow/example_dags/example_params_ui_tutorial.py
[2023-09-29T08:49:45.144+0000] {processor.py:829} INFO - Processing file /home/airflow/.local/lib/python3.8/site-packages/airflow/example_dags/example_params_ui_tutorial.py for tasks to queue
[2023-09-29T08:49:45.145+0000] {logging_mixin.py:151} INFO - [2023-09-29T08:49:45.145+0000] {dagbag.py:539} INFO - Filling up the DagBag from /home/airflow/.local/lib/python3.8/site-packages/airflow/example_dags/example_params_ui_tutorial.py
[2023-09-29T08:49:45.164+0000] {processor.py:839} INFO - DAG(s) dict_keys(['example_params_ui_tutorial']) retrieved from /home/airflow/.local/lib/python3.8/site-packages/airflow/example_dags/example_params_ui_tutorial.py
[2023-09-29T08:49:45.187+0000] {logging_mixin.py:151} INFO - [2023-09-29T08:49:45.187+0000] {dag.py:2915} INFO - Sync 1 DAGs
[2023-09-29T08:49:45.197+0000] {logging_mixin.py:151} INFO - [2023-09-29T08:49:45.196+0000] {dag.py:3696} INFO - Setting next_dagrun for example_params_ui_tutorial to None, run_after=None
[2023-09-29T08:49:45.206+0000] {processor.py:179} INFO - Processing /home/airflow/.local/lib/python3.8/site-packages/airflow/example_dags/example_params_ui_tutorial.py took 0.065 seconds
[2023-09-29T08:50:15.749+0000] {processor.py:157} INFO - Started process (PID=164) to work on /home/airflow/.local/lib/python3.8/site-packages/airflow/example_dags/example_params_ui_tutorial.py
[2023-09-29T08:50:15.750+0000] {processor.py:829} INFO - Processing file /home/airflow/.local/lib/python3.8/site-packages/airflow/example_dags/example_params_ui_tutorial.py for tasks to queue
[2023-09-29T08:50:15.752+0000] {logging_mixin.py:151} INFO - [2023-09-29T08:50:15.752+0000] {dagbag.py:539} INFO - Filling up the DagBag from /home/airflow/.local/lib/python3.8/site-packages/airflow/example_dags/example_params_ui_tutorial.py
[2023-09-29T08:50:15.775+0000] {processor.py:839} INFO - DAG(s) dict_keys(['example_params_ui_tutorial']) retrieved from /home/airflow/.local/lib/python3.8/site-packages/airflow/example_dags/example_params_ui_tutorial.py
[2023-09-29T08:50:15.798+0000] {logging_mixin.py:151} INFO - [2023-09-29T08:50:15.798+0000] {dag.py:2915} INFO - Sync 1 DAGs
[2023-09-29T08:50:15.803+0000] {logging_mixin.py:151} INFO - [2023-09-29T08:50:15.803+0000] {dag.py:3696} INFO - Setting next_dagrun for example_params_ui_tutorial to None, run_after=None
[2023-09-29T08:50:15.811+0000] {processor.py:179} INFO - Processing /home/airflow/.local/lib/python3.8/site-packages/airflow/example_dags/example_params_ui_tutorial.py took 0.064 seconds
[2023-09-29T08:50:45.992+0000] {processor.py:157} INFO - Started process (PID=221) to work on /home/airflow/.local/lib/python3.8/site-packages/airflow/example_dags/example_params_ui_tutorial.py
[2023-09-29T08:50:45.993+0000] {processor.py:829} INFO - Processing file /home/airflow/.local/lib/python3.8/site-packages/airflow/example_dags/example_params_ui_tutorial.py for tasks to queue
[2023-09-29T08:50:45.994+0000] {logging_mixin.py:151} INFO - [2023-09-29T08:50:45.994+0000] {dagbag.py:539} INFO - Filling up the DagBag from /home/airflow/.local/lib/python3.8/site-packages/airflow/example_dags/example_params_ui_tutorial.py
[2023-09-29T08:50:46.011+0000] {processor.py:839} INFO - DAG(s) dict_keys(['example_params_ui_tutorial']) retrieved from /home/airflow/.local/lib/python3.8/site-packages/airflow/example_dags/example_params_ui_tutorial.py
[2023-09-29T08:50:46.033+0000] {logging_mixin.py:151} INFO - [2023-09-29T08:50:46.033+0000] {dag.py:2915} INFO - Sync 1 DAGs
[2023-09-29T08:50:46.038+0000] {logging_mixin.py:151} INFO - [2023-09-29T08:50:46.038+0000] {dag.py:3696} INFO - Setting next_dagrun for example_params_ui_tutorial to None, run_after=None
[2023-09-29T08:50:46.047+0000] {processor.py:179} INFO - Processing /home/airflow/.local/lib/python3.8/site-packages/airflow/example_dags/example_params_ui_tutorial.py took 0.057 seconds
[2023-09-29T08:51:17.209+0000] {processor.py:157} INFO - Started process (PID=278) to work on /home/airflow/.local/lib/python3.8/site-packages/airflow/example_dags/example_params_ui_tutorial.py
[2023-09-29T08:51:17.210+0000] {processor.py:829} INFO - Processing file /home/airflow/.local/lib/python3.8/site-packages/airflow/example_dags/example_params_ui_tutorial.py for tasks to queue
[2023-09-29T08:51:17.211+0000] {logging_mixin.py:151} INFO - [2023-09-29T08:51:17.211+0000] {dagbag.py:539} INFO - Filling up the DagBag from /home/airflow/.local/lib/python3.8/site-packages/airflow/example_dags/example_params_ui_tutorial.py
[2023-09-29T08:51:17.229+0000] {processor.py:839} INFO - DAG(s) dict_keys(['example_params_ui_tutorial']) retrieved from /home/airflow/.local/lib/python3.8/site-packages/airflow/example_dags/example_params_ui_tutorial.py
[2023-09-29T08:51:17.252+0000] {logging_mixin.py:151} INFO - [2023-09-29T08:51:17.252+0000] {dag.py:2915} INFO - Sync 1 DAGs
[2023-09-29T08:51:17.257+0000] {logging_mixin.py:151} INFO - [2023-09-29T08:51:17.257+0000] {dag.py:3696} INFO - Setting next_dagrun for example_params_ui_tutorial to None, run_after=None
[2023-09-29T08:51:17.265+0000] {processor.py:179} INFO - Processing /home/airflow/.local/lib/python3.8/site-packages/airflow/example_dags/example_params_ui_tutorial.py took 0.058 seconds
[2023-09-29T08:51:48.445+0000] {processor.py:157} INFO - Started process (PID=335) to work on /home/airflow/.local/lib/python3.8/site-packages/airflow/example_dags/example_params_ui_tutorial.py
[2023-09-29T08:51:48.445+0000] {processor.py:829} INFO - Processing file /home/airflow/.local/lib/python3.8/site-packages/airflow/example_dags/example_params_ui_tutorial.py for tasks to queue
[2023-09-29T08:51:48.446+0000] {logging_mixin.py:151} INFO - [2023-09-29T08:51:48.446+0000] {dagbag.py:539} INFO - Filling up the DagBag from /home/airflow/.local/lib/python3.8/site-packages/airflow/example_dags/example_params_ui_tutorial.py
[2023-09-29T08:51:48.464+0000] {processor.py:839} INFO - DAG(s) dict_keys(['example_params_ui_tutorial']) retrieved from /home/airflow/.local/lib/python3.8/site-packages/airflow/example_dags/example_params_ui_tutorial.py
[2023-09-29T08:51:48.486+0000] {logging_mixin.py:151} INFO - [2023-09-29T08:51:48.486+0000] {dag.py:2915} INFO - Sync 1 DAGs
[2023-09-29T08:51:48.492+0000] {logging_mixin.py:151} INFO - [2023-09-29T08:51:48.492+0000] {dag.py:3696} INFO - Setting next_dagrun for example_params_ui_tutorial to None, run_after=None
[2023-09-29T08:51:48.500+0000] {processor.py:179} INFO - Processing /home/airflow/.local/lib/python3.8/site-packages/airflow/example_dags/example_params_ui_tutorial.py took 0.057 seconds
[2023-09-29T08:52:20.024+0000] {processor.py:157} INFO - Started process (PID=392) to work on /home/airflow/.local/lib/python3.8/site-packages/airflow/example_dags/example_params_ui_tutorial.py
[2023-09-29T08:52:20.024+0000] {processor.py:829} INFO - Processing file /home/airflow/.local/lib/python3.8/site-packages/airflow/example_dags/example_params_ui_tutorial.py for tasks to queue
[2023-09-29T08:52:20.025+0000] {logging_mixin.py:151} INFO - [2023-09-29T08:52:20.025+0000] {dagbag.py:539} INFO - Filling up the DagBag from /home/airflow/.local/lib/python3.8/site-packages/airflow/example_dags/example_params_ui_tutorial.py
[2023-09-29T08:52:20.045+0000] {processor.py:839} INFO - DAG(s) dict_keys(['example_params_ui_tutorial']) retrieved from /home/airflow/.local/lib/python3.8/site-packages/airflow/example_dags/example_params_ui_tutorial.py
[2023-09-29T08:52:20.072+0000] {logging_mixin.py:151} INFO - [2023-09-29T08:52:20.072+0000] {dag.py:2915} INFO - Sync 1 DAGs
[2023-09-29T08:52:20.078+0000] {logging_mixin.py:151} INFO - [2023-09-29T08:52:20.078+0000] {dag.py:3696} INFO - Setting next_dagrun for example_params_ui_tutorial to None, run_after=None
[2023-09-29T08:52:20.087+0000] {processor.py:179} INFO - Processing /home/airflow/.local/lib/python3.8/site-packages/airflow/example_dags/example_params_ui_tutorial.py took 0.065 seconds
[2023-09-29T08:52:50.181+0000] {processor.py:157} INFO - Started process (PID=449) to work on /home/airflow/.local/lib/python3.8/site-packages/airflow/example_dags/example_params_ui_tutorial.py
[2023-09-29T08:52:50.182+0000] {processor.py:829} INFO - Processing file /home/airflow/.local/lib/python3.8/site-packages/airflow/example_dags/example_params_ui_tutorial.py for tasks to queue
[2023-09-29T08:52:50.183+0000] {logging_mixin.py:151} INFO - [2023-09-29T08:52:50.183+0000] {dagbag.py:539} INFO - Filling up the DagBag from /home/airflow/.local/lib/python3.8/site-packages/airflow/example_dags/example_params_ui_tutorial.py
[2023-09-29T08:52:50.200+0000] {processor.py:839} INFO - DAG(s) dict_keys(['example_params_ui_tutorial']) retrieved from /home/airflow/.local/lib/python3.8/site-packages/airflow/example_dags/example_params_ui_tutorial.py
[2023-09-29T08:52:50.223+0000] {logging_mixin.py:151} INFO - [2023-09-29T08:52:50.223+0000] {dag.py:2915} INFO - Sync 1 DAGs
[2023-09-29T08:52:50.229+0000] {logging_mixin.py:151} INFO - [2023-09-29T08:52:50.229+0000] {dag.py:3696} INFO - Setting next_dagrun for example_params_ui_tutorial to None, run_after=None
[2023-09-29T08:52:50.236+0000] {processor.py:179} INFO - Processing /home/airflow/.local/lib/python3.8/site-packages/airflow/example_dags/example_params_ui_tutorial.py took 0.057 seconds
[2023-09-29T08:53:21.672+0000] {processor.py:157} INFO - Started process (PID=506) to work on /home/airflow/.local/lib/python3.8/site-packages/airflow/example_dags/example_params_ui_tutorial.py
[2023-09-29T08:53:21.673+0000] {processor.py:829} INFO - Processing file /home/airflow/.local/lib/python3.8/site-packages/airflow/example_dags/example_params_ui_tutorial.py for tasks to queue
[2023-09-29T08:53:21.675+0000] {logging_mixin.py:151} INFO - [2023-09-29T08:53:21.675+0000] {dagbag.py:539} INFO - Filling up the DagBag from /home/airflow/.local/lib/python3.8/site-packages/airflow/example_dags/example_params_ui_tutorial.py
[2023-09-29T08:53:21.693+0000] {processor.py:839} INFO - DAG(s) dict_keys(['example_params_ui_tutorial']) retrieved from /home/airflow/.local/lib/python3.8/site-packages/airflow/example_dags/example_params_ui_tutorial.py
[2023-09-29T08:53:21.716+0000] {logging_mixin.py:151} INFO - [2023-09-29T08:53:21.716+0000] {dag.py:2915} INFO - Sync 1 DAGs
[2023-09-29T08:53:21.722+0000] {logging_mixin.py:151} INFO - [2023-09-29T08:53:21.722+0000] {dag.py:3696} INFO - Setting next_dagrun for example_params_ui_tutorial to None, run_after=None
[2023-09-29T08:53:21.729+0000] {processor.py:179} INFO - Processing /home/airflow/.local/lib/python3.8/site-packages/airflow/example_dags/example_params_ui_tutorial.py took 0.059 seconds
[2023-09-29T08:53:51.942+0000] {processor.py:157} INFO - Started process (PID=563) to work on /home/airflow/.local/lib/python3.8/site-packages/airflow/example_dags/example_params_ui_tutorial.py
[2023-09-29T08:53:51.943+0000] {processor.py:829} INFO - Processing file /home/airflow/.local/lib/python3.8/site-packages/airflow/example_dags/example_params_ui_tutorial.py for tasks to queue
[2023-09-29T08:53:51.945+0000] {logging_mixin.py:151} INFO - [2023-09-29T08:53:51.945+0000] {dagbag.py:539} INFO - Filling up the DagBag from /home/airflow/.local/lib/python3.8/site-packages/airflow/example_dags/example_params_ui_tutorial.py
[2023-09-29T08:53:51.971+0000] {processor.py:839} INFO - DAG(s) dict_keys(['example_params_ui_tutorial']) retrieved from /home/airflow/.local/lib/python3.8/site-packages/airflow/example_dags/example_params_ui_tutorial.py
[2023-09-29T08:53:52.004+0000] {logging_mixin.py:151} INFO - [2023-09-29T08:53:52.004+0000] {dag.py:2915} INFO - Sync 1 DAGs
[2023-09-29T08:53:52.011+0000] {logging_mixin.py:151} INFO - [2023-09-29T08:53:52.011+0000] {dag.py:3696} INFO - Setting next_dagrun for example_params_ui_tutorial to None, run_after=None
[2023-09-29T08:53:52.022+0000] {processor.py:179} INFO - Processing /home/airflow/.local/lib/python3.8/site-packages/airflow/example_dags/example_params_ui_tutorial.py took 0.082 seconds
[2023-09-29T08:54:22.373+0000] {processor.py:157} INFO - Started process (PID=620) to work on /home/airflow/.local/lib/python3.8/site-packages/airflow/example_dags/example_params_ui_tutorial.py
[2023-09-29T08:54:22.374+0000] {processor.py:829} INFO - Processing file /home/airflow/.local/lib/python3.8/site-packages/airflow/example_dags/example_params_ui_tutorial.py for tasks to queue
[2023-09-29T08:54:22.375+0000] {logging_mixin.py:151} INFO - [2023-09-29T08:54:22.375+0000] {dagbag.py:539} INFO - Filling up the DagBag from /home/airflow/.local/lib/python3.8/site-packages/airflow/example_dags/example_params_ui_tutorial.py
[2023-09-29T08:54:22.391+0000] {processor.py:839} INFO - DAG(s) dict_keys(['example_params_ui_tutorial']) retrieved from /home/airflow/.local/lib/python3.8/site-packages/airflow/example_dags/example_params_ui_tutorial.py
[2023-09-29T08:54:22.415+0000] {logging_mixin.py:151} INFO - [2023-09-29T08:54:22.415+0000] {dag.py:2915} INFO - Sync 1 DAGs
[2023-09-29T08:54:22.421+0000] {logging_mixin.py:151} INFO - [2023-09-29T08:54:22.421+0000] {dag.py:3696} INFO - Setting next_dagrun for example_params_ui_tutorial to None, run_after=None
[2023-09-29T08:54:22.428+0000] {processor.py:179} INFO - Processing /home/airflow/.local/lib/python3.8/site-packages/airflow/example_dags/example_params_ui_tutorial.py took 0.057 seconds
[2023-09-29T08:54:52.715+0000] {processor.py:157} INFO - Started process (PID=677) to work on /home/airflow/.local/lib/python3.8/site-packages/airflow/example_dags/example_params_ui_tutorial.py
[2023-09-29T08:54:52.716+0000] {processor.py:829} INFO - Processing file /home/airflow/.local/lib/python3.8/site-packages/airflow/example_dags/example_params_ui_tutorial.py for tasks to queue
[2023-09-29T08:54:52.717+0000] {logging_mixin.py:151} INFO - [2023-09-29T08:54:52.717+0000] {dagbag.py:539} INFO - Filling up the DagBag from /home/airflow/.local/lib/python3.8/site-packages/airflow/example_dags/example_params_ui_tutorial.py
[2023-09-29T08:54:52.734+0000] {processor.py:839} INFO - DAG(s) dict_keys(['example_params_ui_tutorial']) retrieved from /home/airflow/.local/lib/python3.8/site-packages/airflow/example_dags/example_params_ui_tutorial.py
[2023-09-29T08:54:52.757+0000] {logging_mixin.py:151} INFO - [2023-09-29T08:54:52.757+0000] {dag.py:2915} INFO - Sync 1 DAGs
[2023-09-29T08:54:52.763+0000] {logging_mixin.py:151} INFO - [2023-09-29T08:54:52.763+0000] {dag.py:3696} INFO - Setting next_dagrun for example_params_ui_tutorial to None, run_after=None
[2023-09-29T08:54:52.770+0000] {processor.py:179} INFO - Processing /home/airflow/.local/lib/python3.8/site-packages/airflow/example_dags/example_params_ui_tutorial.py took 0.057 seconds
[2023-09-29T08:55:23.970+0000] {processor.py:157} INFO - Started process (PID=734) to work on /home/airflow/.local/lib/python3.8/site-packages/airflow/example_dags/example_params_ui_tutorial.py
[2023-09-29T08:55:23.971+0000] {processor.py:829} INFO - Processing file /home/airflow/.local/lib/python3.8/site-packages/airflow/example_dags/example_params_ui_tutorial.py for tasks to queue
[2023-09-29T08:55:23.972+0000] {logging_mixin.py:151} INFO - [2023-09-29T08:55:23.972+0000] {dagbag.py:539} INFO - Filling up the DagBag from /home/airflow/.local/lib/python3.8/site-packages/airflow/example_dags/example_params_ui_tutorial.py
[2023-09-29T08:55:23.990+0000] {processor.py:839} INFO - DAG(s) dict_keys(['example_params_ui_tutorial']) retrieved from /home/airflow/.local/lib/python3.8/site-packages/airflow/example_dags/example_params_ui_tutorial.py
[2023-09-29T08:55:24.015+0000] {logging_mixin.py:151} INFO - [2023-09-29T08:55:24.015+0000] {dag.py:2915} INFO - Sync 1 DAGs
[2023-09-29T08:55:24.021+0000] {logging_mixin.py:151} INFO - [2023-09-29T08:55:24.021+0000] {dag.py:3696} INFO - Setting next_dagrun for example_params_ui_tutorial to None, run_after=None
[2023-09-29T08:55:24.030+0000] {processor.py:179} INFO - Processing /home/airflow/.local/lib/python3.8/site-packages/airflow/example_dags/example_params_ui_tutorial.py took 0.062 seconds
[2023-09-29T08:55:55.204+0000] {processor.py:157} INFO - Started process (PID=791) to work on /home/airflow/.local/lib/python3.8/site-packages/airflow/example_dags/example_params_ui_tutorial.py
[2023-09-29T08:55:55.204+0000] {processor.py:829} INFO - Processing file /home/airflow/.local/lib/python3.8/site-packages/airflow/example_dags/example_params_ui_tutorial.py for tasks to queue
[2023-09-29T08:55:55.205+0000] {logging_mixin.py:151} INFO - [2023-09-29T08:55:55.205+0000] {dagbag.py:539} INFO - Filling up the DagBag from /home/airflow/.local/lib/python3.8/site-packages/airflow/example_dags/example_params_ui_tutorial.py
[2023-09-29T08:55:55.226+0000] {processor.py:839} INFO - DAG(s) dict_keys(['example_params_ui_tutorial']) retrieved from /home/airflow/.local/lib/python3.8/site-packages/airflow/example_dags/example_params_ui_tutorial.py
[2023-09-29T08:55:55.249+0000] {logging_mixin.py:151} INFO - [2023-09-29T08:55:55.248+0000] {dag.py:2915} INFO - Sync 1 DAGs
[2023-09-29T08:55:55.254+0000] {logging_mixin.py:151} INFO - [2023-09-29T08:55:55.254+0000] {dag.py:3696} INFO - Setting next_dagrun for example_params_ui_tutorial to None, run_after=None
[2023-09-29T08:55:55.261+0000] {processor.py:179} INFO - Processing /home/airflow/.local/lib/python3.8/site-packages/airflow/example_dags/example_params_ui_tutorial.py took 0.060 seconds
[2023-09-29T08:56:26.513+0000] {processor.py:157} INFO - Started process (PID=848) to work on /home/airflow/.local/lib/python3.8/site-packages/airflow/example_dags/example_params_ui_tutorial.py
[2023-09-29T08:56:26.514+0000] {processor.py:829} INFO - Processing file /home/airflow/.local/lib/python3.8/site-packages/airflow/example_dags/example_params_ui_tutorial.py for tasks to queue
[2023-09-29T08:56:26.515+0000] {logging_mixin.py:151} INFO - [2023-09-29T08:56:26.515+0000] {dagbag.py:539} INFO - Filling up the DagBag from /home/airflow/.local/lib/python3.8/site-packages/airflow/example_dags/example_params_ui_tutorial.py
[2023-09-29T08:56:26.532+0000] {processor.py:839} INFO - DAG(s) dict_keys(['example_params_ui_tutorial']) retrieved from /home/airflow/.local/lib/python3.8/site-packages/airflow/example_dags/example_params_ui_tutorial.py
[2023-09-29T08:56:26.554+0000] {logging_mixin.py:151} INFO - [2023-09-29T08:56:26.554+0000] {dag.py:2915} INFO - Sync 1 DAGs
[2023-09-29T08:56:26.560+0000] {logging_mixin.py:151} INFO - [2023-09-29T08:56:26.560+0000] {dag.py:3696} INFO - Setting next_dagrun for example_params_ui_tutorial to None, run_after=None
[2023-09-29T08:56:26.567+0000] {processor.py:179} INFO - Processing /home/airflow/.local/lib/python3.8/site-packages/airflow/example_dags/example_params_ui_tutorial.py took 0.056 seconds
[2023-09-29T10:55:01.472+0000] {processor.py:157} INFO - Started process (PID=50) to work on /home/airflow/.local/lib/python3.8/site-packages/airflow/example_dags/example_params_ui_tutorial.py
[2023-09-29T10:55:01.474+0000] {processor.py:829} INFO - Processing file /home/airflow/.local/lib/python3.8/site-packages/airflow/example_dags/example_params_ui_tutorial.py for tasks to queue
[2023-09-29T10:55:01.476+0000] {logging_mixin.py:151} INFO - [2023-09-29T10:55:01.476+0000] {dagbag.py:539} INFO - Filling up the DagBag from /home/airflow/.local/lib/python3.8/site-packages/airflow/example_dags/example_params_ui_tutorial.py
[2023-09-29T10:55:01.537+0000] {processor.py:839} INFO - DAG(s) dict_keys(['example_params_ui_tutorial']) retrieved from /home/airflow/.local/lib/python3.8/site-packages/airflow/example_dags/example_params_ui_tutorial.py
[2023-09-29T10:55:01.549+0000] {logging_mixin.py:151} INFO - [2023-09-29T10:55:01.549+0000] {dag.py:2915} INFO - Sync 1 DAGs
[2023-09-29T10:55:01.561+0000] {logging_mixin.py:151} INFO - [2023-09-29T10:55:01.561+0000] {dag.py:3696} INFO - Setting next_dagrun for example_params_ui_tutorial to None, run_after=None
[2023-09-29T10:55:01.573+0000] {processor.py:179} INFO - Processing /home/airflow/.local/lib/python3.8/site-packages/airflow/example_dags/example_params_ui_tutorial.py took 0.103 seconds
[2023-09-29T10:55:32.447+0000] {processor.py:157} INFO - Started process (PID=106) to work on /home/airflow/.local/lib/python3.8/site-packages/airflow/example_dags/example_params_ui_tutorial.py
[2023-09-29T10:55:32.447+0000] {processor.py:829} INFO - Processing file /home/airflow/.local/lib/python3.8/site-packages/airflow/example_dags/example_params_ui_tutorial.py for tasks to queue
[2023-09-29T10:55:32.449+0000] {logging_mixin.py:151} INFO - [2023-09-29T10:55:32.449+0000] {dagbag.py:539} INFO - Filling up the DagBag from /home/airflow/.local/lib/python3.8/site-packages/airflow/example_dags/example_params_ui_tutorial.py
[2023-09-29T10:55:32.468+0000] {processor.py:839} INFO - DAG(s) dict_keys(['example_params_ui_tutorial']) retrieved from /home/airflow/.local/lib/python3.8/site-packages/airflow/example_dags/example_params_ui_tutorial.py
[2023-09-29T10:55:32.494+0000] {logging_mixin.py:151} INFO - [2023-09-29T10:55:32.493+0000] {dag.py:2915} INFO - Sync 1 DAGs
[2023-09-29T10:55:32.500+0000] {logging_mixin.py:151} INFO - [2023-09-29T10:55:32.500+0000] {dag.py:3696} INFO - Setting next_dagrun for example_params_ui_tutorial to None, run_after=None
[2023-09-29T10:55:32.507+0000] {processor.py:179} INFO - Processing /home/airflow/.local/lib/python3.8/site-packages/airflow/example_dags/example_params_ui_tutorial.py took 0.063 seconds
[2023-09-29T10:56:03.575+0000] {processor.py:157} INFO - Started process (PID=163) to work on /home/airflow/.local/lib/python3.8/site-packages/airflow/example_dags/example_params_ui_tutorial.py
[2023-09-29T10:56:03.576+0000] {processor.py:829} INFO - Processing file /home/airflow/.local/lib/python3.8/site-packages/airflow/example_dags/example_params_ui_tutorial.py for tasks to queue
[2023-09-29T10:56:03.577+0000] {logging_mixin.py:151} INFO - [2023-09-29T10:56:03.577+0000] {dagbag.py:539} INFO - Filling up the DagBag from /home/airflow/.local/lib/python3.8/site-packages/airflow/example_dags/example_params_ui_tutorial.py
[2023-09-29T10:56:03.595+0000] {processor.py:839} INFO - DAG(s) dict_keys(['example_params_ui_tutorial']) retrieved from /home/airflow/.local/lib/python3.8/site-packages/airflow/example_dags/example_params_ui_tutorial.py
[2023-09-29T10:56:03.618+0000] {logging_mixin.py:151} INFO - [2023-09-29T10:56:03.618+0000] {dag.py:2915} INFO - Sync 1 DAGs
[2023-09-29T10:56:03.624+0000] {logging_mixin.py:151} INFO - [2023-09-29T10:56:03.624+0000] {dag.py:3696} INFO - Setting next_dagrun for example_params_ui_tutorial to None, run_after=None
[2023-09-29T10:56:03.655+0000] {processor.py:179} INFO - Processing /home/airflow/.local/lib/python3.8/site-packages/airflow/example_dags/example_params_ui_tutorial.py took 0.081 seconds
[2023-09-29T10:56:34.013+0000] {processor.py:157} INFO - Started process (PID=220) to work on /home/airflow/.local/lib/python3.8/site-packages/airflow/example_dags/example_params_ui_tutorial.py
[2023-09-29T10:56:34.014+0000] {processor.py:829} INFO - Processing file /home/airflow/.local/lib/python3.8/site-packages/airflow/example_dags/example_params_ui_tutorial.py for tasks to queue
[2023-09-29T10:56:34.015+0000] {logging_mixin.py:151} INFO - [2023-09-29T10:56:34.015+0000] {dagbag.py:539} INFO - Filling up the DagBag from /home/airflow/.local/lib/python3.8/site-packages/airflow/example_dags/example_params_ui_tutorial.py
[2023-09-29T10:56:34.036+0000] {processor.py:839} INFO - DAG(s) dict_keys(['example_params_ui_tutorial']) retrieved from /home/airflow/.local/lib/python3.8/site-packages/airflow/example_dags/example_params_ui_tutorial.py
[2023-09-29T10:56:34.071+0000] {logging_mixin.py:151} INFO - [2023-09-29T10:56:34.071+0000] {dag.py:2915} INFO - Sync 1 DAGs
[2023-09-29T10:56:34.078+0000] {logging_mixin.py:151} INFO - [2023-09-29T10:56:34.078+0000] {dag.py:3696} INFO - Setting next_dagrun for example_params_ui_tutorial to None, run_after=None
[2023-09-29T10:56:34.099+0000] {processor.py:179} INFO - Processing /home/airflow/.local/lib/python3.8/site-packages/airflow/example_dags/example_params_ui_tutorial.py took 0.089 seconds
[2023-09-29T10:57:04.562+0000] {processor.py:157} INFO - Started process (PID=278) to work on /home/airflow/.local/lib/python3.8/site-packages/airflow/example_dags/example_params_ui_tutorial.py
[2023-09-29T10:57:04.563+0000] {processor.py:829} INFO - Processing file /home/airflow/.local/lib/python3.8/site-packages/airflow/example_dags/example_params_ui_tutorial.py for tasks to queue
[2023-09-29T10:57:04.564+0000] {logging_mixin.py:151} INFO - [2023-09-29T10:57:04.564+0000] {dagbag.py:539} INFO - Filling up the DagBag from /home/airflow/.local/lib/python3.8/site-packages/airflow/example_dags/example_params_ui_tutorial.py
[2023-09-29T10:57:04.581+0000] {processor.py:839} INFO - DAG(s) dict_keys(['example_params_ui_tutorial']) retrieved from /home/airflow/.local/lib/python3.8/site-packages/airflow/example_dags/example_params_ui_tutorial.py
[2023-09-29T10:57:04.604+0000] {logging_mixin.py:151} INFO - [2023-09-29T10:57:04.604+0000] {dag.py:2915} INFO - Sync 1 DAGs
[2023-09-29T10:57:04.609+0000] {logging_mixin.py:151} INFO - [2023-09-29T10:57:04.609+0000] {dag.py:3696} INFO - Setting next_dagrun for example_params_ui_tutorial to None, run_after=None
[2023-09-29T10:57:04.616+0000] {processor.py:179} INFO - Processing /home/airflow/.local/lib/python3.8/site-packages/airflow/example_dags/example_params_ui_tutorial.py took 0.056 seconds
[2023-09-29T10:57:34.928+0000] {processor.py:157} INFO - Started process (PID=335) to work on /home/airflow/.local/lib/python3.8/site-packages/airflow/example_dags/example_params_ui_tutorial.py
[2023-09-29T10:57:34.929+0000] {processor.py:829} INFO - Processing file /home/airflow/.local/lib/python3.8/site-packages/airflow/example_dags/example_params_ui_tutorial.py for tasks to queue
[2023-09-29T10:57:34.930+0000] {logging_mixin.py:151} INFO - [2023-09-29T10:57:34.930+0000] {dagbag.py:539} INFO - Filling up the DagBag from /home/airflow/.local/lib/python3.8/site-packages/airflow/example_dags/example_params_ui_tutorial.py
[2023-09-29T10:57:34.950+0000] {processor.py:839} INFO - DAG(s) dict_keys(['example_params_ui_tutorial']) retrieved from /home/airflow/.local/lib/python3.8/site-packages/airflow/example_dags/example_params_ui_tutorial.py
[2023-09-29T10:57:34.977+0000] {logging_mixin.py:151} INFO - [2023-09-29T10:57:34.977+0000] {dag.py:2915} INFO - Sync 1 DAGs
[2023-09-29T10:57:34.984+0000] {logging_mixin.py:151} INFO - [2023-09-29T10:57:34.984+0000] {dag.py:3696} INFO - Setting next_dagrun for example_params_ui_tutorial to None, run_after=None
[2023-09-29T10:57:34.993+0000] {processor.py:179} INFO - Processing /home/airflow/.local/lib/python3.8/site-packages/airflow/example_dags/example_params_ui_tutorial.py took 0.067 seconds
[2023-09-29T10:58:05.980+0000] {processor.py:157} INFO - Started process (PID=392) to work on /home/airflow/.local/lib/python3.8/site-packages/airflow/example_dags/example_params_ui_tutorial.py
[2023-09-29T10:58:05.981+0000] {processor.py:829} INFO - Processing file /home/airflow/.local/lib/python3.8/site-packages/airflow/example_dags/example_params_ui_tutorial.py for tasks to queue
[2023-09-29T10:58:05.983+0000] {logging_mixin.py:151} INFO - [2023-09-29T10:58:05.982+0000] {dagbag.py:539} INFO - Filling up the DagBag from /home/airflow/.local/lib/python3.8/site-packages/airflow/example_dags/example_params_ui_tutorial.py
[2023-09-29T10:58:06.000+0000] {processor.py:839} INFO - DAG(s) dict_keys(['example_params_ui_tutorial']) retrieved from /home/airflow/.local/lib/python3.8/site-packages/airflow/example_dags/example_params_ui_tutorial.py
[2023-09-29T10:58:06.022+0000] {logging_mixin.py:151} INFO - [2023-09-29T10:58:06.022+0000] {dag.py:2915} INFO - Sync 1 DAGs
[2023-09-29T10:58:06.028+0000] {logging_mixin.py:151} INFO - [2023-09-29T10:58:06.028+0000] {dag.py:3696} INFO - Setting next_dagrun for example_params_ui_tutorial to None, run_after=None
[2023-09-29T10:58:06.035+0000] {processor.py:179} INFO - Processing /home/airflow/.local/lib/python3.8/site-packages/airflow/example_dags/example_params_ui_tutorial.py took 0.057 seconds
[2023-09-29T10:58:37.248+0000] {processor.py:157} INFO - Started process (PID=449) to work on /home/airflow/.local/lib/python3.8/site-packages/airflow/example_dags/example_params_ui_tutorial.py
[2023-09-29T10:58:37.249+0000] {processor.py:829} INFO - Processing file /home/airflow/.local/lib/python3.8/site-packages/airflow/example_dags/example_params_ui_tutorial.py for tasks to queue
[2023-09-29T10:58:37.250+0000] {logging_mixin.py:151} INFO - [2023-09-29T10:58:37.250+0000] {dagbag.py:539} INFO - Filling up the DagBag from /home/airflow/.local/lib/python3.8/site-packages/airflow/example_dags/example_params_ui_tutorial.py
[2023-09-29T10:58:37.273+0000] {processor.py:839} INFO - DAG(s) dict_keys(['example_params_ui_tutorial']) retrieved from /home/airflow/.local/lib/python3.8/site-packages/airflow/example_dags/example_params_ui_tutorial.py
[2023-09-29T10:58:37.296+0000] {logging_mixin.py:151} INFO - [2023-09-29T10:58:37.296+0000] {dag.py:2915} INFO - Sync 1 DAGs
[2023-09-29T10:58:37.301+0000] {logging_mixin.py:151} INFO - [2023-09-29T10:58:37.301+0000] {dag.py:3696} INFO - Setting next_dagrun for example_params_ui_tutorial to None, run_after=None
[2023-09-29T10:58:37.308+0000] {processor.py:179} INFO - Processing /home/airflow/.local/lib/python3.8/site-packages/airflow/example_dags/example_params_ui_tutorial.py took 0.064 seconds
[2023-09-29T10:59:08.497+0000] {processor.py:157} INFO - Started process (PID=506) to work on /home/airflow/.local/lib/python3.8/site-packages/airflow/example_dags/example_params_ui_tutorial.py
[2023-09-29T10:59:08.497+0000] {processor.py:829} INFO - Processing file /home/airflow/.local/lib/python3.8/site-packages/airflow/example_dags/example_params_ui_tutorial.py for tasks to queue
[2023-09-29T10:59:08.499+0000] {logging_mixin.py:151} INFO - [2023-09-29T10:59:08.499+0000] {dagbag.py:539} INFO - Filling up the DagBag from /home/airflow/.local/lib/python3.8/site-packages/airflow/example_dags/example_params_ui_tutorial.py
[2023-09-29T10:59:08.516+0000] {processor.py:839} INFO - DAG(s) dict_keys(['example_params_ui_tutorial']) retrieved from /home/airflow/.local/lib/python3.8/site-packages/airflow/example_dags/example_params_ui_tutorial.py
[2023-09-29T10:59:08.538+0000] {logging_mixin.py:151} INFO - [2023-09-29T10:59:08.538+0000] {dag.py:2915} INFO - Sync 1 DAGs
[2023-09-29T10:59:08.544+0000] {logging_mixin.py:151} INFO - [2023-09-29T10:59:08.544+0000] {dag.py:3696} INFO - Setting next_dagrun for example_params_ui_tutorial to None, run_after=None
[2023-09-29T10:59:08.551+0000] {processor.py:179} INFO - Processing /home/airflow/.local/lib/python3.8/site-packages/airflow/example_dags/example_params_ui_tutorial.py took 0.056 seconds
[2023-09-29T10:59:38.888+0000] {processor.py:157} INFO - Started process (PID=563) to work on /home/airflow/.local/lib/python3.8/site-packages/airflow/example_dags/example_params_ui_tutorial.py
[2023-09-29T10:59:38.888+0000] {processor.py:829} INFO - Processing file /home/airflow/.local/lib/python3.8/site-packages/airflow/example_dags/example_params_ui_tutorial.py for tasks to queue
[2023-09-29T10:59:38.889+0000] {logging_mixin.py:151} INFO - [2023-09-29T10:59:38.889+0000] {dagbag.py:539} INFO - Filling up the DagBag from /home/airflow/.local/lib/python3.8/site-packages/airflow/example_dags/example_params_ui_tutorial.py
[2023-09-29T10:59:38.907+0000] {processor.py:839} INFO - DAG(s) dict_keys(['example_params_ui_tutorial']) retrieved from /home/airflow/.local/lib/python3.8/site-packages/airflow/example_dags/example_params_ui_tutorial.py
[2023-09-29T10:59:38.929+0000] {logging_mixin.py:151} INFO - [2023-09-29T10:59:38.929+0000] {dag.py:2915} INFO - Sync 1 DAGs
[2023-09-29T10:59:38.934+0000] {logging_mixin.py:151} INFO - [2023-09-29T10:59:38.934+0000] {dag.py:3696} INFO - Setting next_dagrun for example_params_ui_tutorial to None, run_after=None
[2023-09-29T10:59:38.942+0000] {processor.py:179} INFO - Processing /home/airflow/.local/lib/python3.8/site-packages/airflow/example_dags/example_params_ui_tutorial.py took 0.056 seconds
[2023-09-29T11:00:10.100+0000] {processor.py:157} INFO - Started process (PID=620) to work on /home/airflow/.local/lib/python3.8/site-packages/airflow/example_dags/example_params_ui_tutorial.py
[2023-09-29T11:00:10.101+0000] {processor.py:829} INFO - Processing file /home/airflow/.local/lib/python3.8/site-packages/airflow/example_dags/example_params_ui_tutorial.py for tasks to queue
[2023-09-29T11:00:10.102+0000] {logging_mixin.py:151} INFO - [2023-09-29T11:00:10.102+0000] {dagbag.py:539} INFO - Filling up the DagBag from /home/airflow/.local/lib/python3.8/site-packages/airflow/example_dags/example_params_ui_tutorial.py
[2023-09-29T11:00:10.132+0000] {processor.py:839} INFO - DAG(s) dict_keys(['example_params_ui_tutorial']) retrieved from /home/airflow/.local/lib/python3.8/site-packages/airflow/example_dags/example_params_ui_tutorial.py
[2023-09-29T11:00:10.158+0000] {logging_mixin.py:151} INFO - [2023-09-29T11:00:10.158+0000] {dag.py:2915} INFO - Sync 1 DAGs
[2023-09-29T11:00:10.165+0000] {logging_mixin.py:151} INFO - [2023-09-29T11:00:10.165+0000] {dag.py:3696} INFO - Setting next_dagrun for example_params_ui_tutorial to None, run_after=None
[2023-09-29T11:00:10.173+0000] {processor.py:179} INFO - Processing /home/airflow/.local/lib/python3.8/site-packages/airflow/example_dags/example_params_ui_tutorial.py took 0.074 seconds
[2023-09-29T11:00:40.762+0000] {processor.py:157} INFO - Started process (PID=677) to work on /home/airflow/.local/lib/python3.8/site-packages/airflow/example_dags/example_params_ui_tutorial.py
[2023-09-29T11:00:40.763+0000] {processor.py:829} INFO - Processing file /home/airflow/.local/lib/python3.8/site-packages/airflow/example_dags/example_params_ui_tutorial.py for tasks to queue
[2023-09-29T11:00:40.764+0000] {logging_mixin.py:151} INFO - [2023-09-29T11:00:40.764+0000] {dagbag.py:539} INFO - Filling up the DagBag from /home/airflow/.local/lib/python3.8/site-packages/airflow/example_dags/example_params_ui_tutorial.py
[2023-09-29T11:00:40.783+0000] {processor.py:839} INFO - DAG(s) dict_keys(['example_params_ui_tutorial']) retrieved from /home/airflow/.local/lib/python3.8/site-packages/airflow/example_dags/example_params_ui_tutorial.py
[2023-09-29T11:00:40.808+0000] {logging_mixin.py:151} INFO - [2023-09-29T11:00:40.808+0000] {dag.py:2915} INFO - Sync 1 DAGs
[2023-09-29T11:00:40.815+0000] {logging_mixin.py:151} INFO - [2023-09-29T11:00:40.815+0000] {dag.py:3696} INFO - Setting next_dagrun for example_params_ui_tutorial to None, run_after=None
[2023-09-29T11:00:40.823+0000] {processor.py:179} INFO - Processing /home/airflow/.local/lib/python3.8/site-packages/airflow/example_dags/example_params_ui_tutorial.py took 0.063 seconds
[2023-09-29T11:01:11.878+0000] {processor.py:157} INFO - Started process (PID=734) to work on /home/airflow/.local/lib/python3.8/site-packages/airflow/example_dags/example_params_ui_tutorial.py
[2023-09-29T11:01:11.879+0000] {processor.py:829} INFO - Processing file /home/airflow/.local/lib/python3.8/site-packages/airflow/example_dags/example_params_ui_tutorial.py for tasks to queue
[2023-09-29T11:01:11.880+0000] {logging_mixin.py:151} INFO - [2023-09-29T11:01:11.880+0000] {dagbag.py:539} INFO - Filling up the DagBag from /home/airflow/.local/lib/python3.8/site-packages/airflow/example_dags/example_params_ui_tutorial.py
[2023-09-29T11:01:11.897+0000] {processor.py:839} INFO - DAG(s) dict_keys(['example_params_ui_tutorial']) retrieved from /home/airflow/.local/lib/python3.8/site-packages/airflow/example_dags/example_params_ui_tutorial.py
[2023-09-29T11:01:11.931+0000] {logging_mixin.py:151} INFO - [2023-09-29T11:01:11.931+0000] {dag.py:2915} INFO - Sync 1 DAGs
[2023-09-29T11:01:11.943+0000] {logging_mixin.py:151} INFO - [2023-09-29T11:01:11.943+0000] {dag.py:3696} INFO - Setting next_dagrun for example_params_ui_tutorial to None, run_after=None
[2023-09-29T11:01:11.958+0000] {processor.py:179} INFO - Processing /home/airflow/.local/lib/python3.8/site-packages/airflow/example_dags/example_params_ui_tutorial.py took 0.082 seconds
[2023-09-29T11:01:43.168+0000] {processor.py:157} INFO - Started process (PID=791) to work on /home/airflow/.local/lib/python3.8/site-packages/airflow/example_dags/example_params_ui_tutorial.py
[2023-09-29T11:01:43.169+0000] {processor.py:829} INFO - Processing file /home/airflow/.local/lib/python3.8/site-packages/airflow/example_dags/example_params_ui_tutorial.py for tasks to queue
[2023-09-29T11:01:43.170+0000] {logging_mixin.py:151} INFO - [2023-09-29T11:01:43.170+0000] {dagbag.py:539} INFO - Filling up the DagBag from /home/airflow/.local/lib/python3.8/site-packages/airflow/example_dags/example_params_ui_tutorial.py
[2023-09-29T11:01:43.187+0000] {processor.py:839} INFO - DAG(s) dict_keys(['example_params_ui_tutorial']) retrieved from /home/airflow/.local/lib/python3.8/site-packages/airflow/example_dags/example_params_ui_tutorial.py
[2023-09-29T11:01:43.210+0000] {logging_mixin.py:151} INFO - [2023-09-29T11:01:43.210+0000] {dag.py:2915} INFO - Sync 1 DAGs
[2023-09-29T11:01:43.216+0000] {logging_mixin.py:151} INFO - [2023-09-29T11:01:43.216+0000] {dag.py:3696} INFO - Setting next_dagrun for example_params_ui_tutorial to None, run_after=None
[2023-09-29T11:01:43.223+0000] {processor.py:179} INFO - Processing /home/airflow/.local/lib/python3.8/site-packages/airflow/example_dags/example_params_ui_tutorial.py took 0.057 seconds
[2023-09-29T11:02:14.356+0000] {processor.py:157} INFO - Started process (PID=848) to work on /home/airflow/.local/lib/python3.8/site-packages/airflow/example_dags/example_params_ui_tutorial.py
[2023-09-29T11:02:14.357+0000] {processor.py:829} INFO - Processing file /home/airflow/.local/lib/python3.8/site-packages/airflow/example_dags/example_params_ui_tutorial.py for tasks to queue
[2023-09-29T11:02:14.358+0000] {logging_mixin.py:151} INFO - [2023-09-29T11:02:14.358+0000] {dagbag.py:539} INFO - Filling up the DagBag from /home/airflow/.local/lib/python3.8/site-packages/airflow/example_dags/example_params_ui_tutorial.py
[2023-09-29T11:02:14.376+0000] {processor.py:839} INFO - DAG(s) dict_keys(['example_params_ui_tutorial']) retrieved from /home/airflow/.local/lib/python3.8/site-packages/airflow/example_dags/example_params_ui_tutorial.py
[2023-09-29T11:02:14.398+0000] {logging_mixin.py:151} INFO - [2023-09-29T11:02:14.398+0000] {dag.py:2915} INFO - Sync 1 DAGs
[2023-09-29T11:02:14.403+0000] {logging_mixin.py:151} INFO - [2023-09-29T11:02:14.403+0000] {dag.py:3696} INFO - Setting next_dagrun for example_params_ui_tutorial to None, run_after=None
[2023-09-29T11:02:14.410+0000] {processor.py:179} INFO - Processing /home/airflow/.local/lib/python3.8/site-packages/airflow/example_dags/example_params_ui_tutorial.py took 0.055 seconds
[2023-09-29T11:02:44.591+0000] {processor.py:157} INFO - Started process (PID=906) to work on /home/airflow/.local/lib/python3.8/site-packages/airflow/example_dags/example_params_ui_tutorial.py
[2023-09-29T11:02:44.591+0000] {processor.py:829} INFO - Processing file /home/airflow/.local/lib/python3.8/site-packages/airflow/example_dags/example_params_ui_tutorial.py for tasks to queue
[2023-09-29T11:02:44.592+0000] {logging_mixin.py:151} INFO - [2023-09-29T11:02:44.592+0000] {dagbag.py:539} INFO - Filling up the DagBag from /home/airflow/.local/lib/python3.8/site-packages/airflow/example_dags/example_params_ui_tutorial.py
[2023-09-29T11:02:44.610+0000] {processor.py:839} INFO - DAG(s) dict_keys(['example_params_ui_tutorial']) retrieved from /home/airflow/.local/lib/python3.8/site-packages/airflow/example_dags/example_params_ui_tutorial.py
[2023-09-29T11:02:44.632+0000] {logging_mixin.py:151} INFO - [2023-09-29T11:02:44.632+0000] {dag.py:2915} INFO - Sync 1 DAGs
[2023-09-29T11:02:44.638+0000] {logging_mixin.py:151} INFO - [2023-09-29T11:02:44.638+0000] {dag.py:3696} INFO - Setting next_dagrun for example_params_ui_tutorial to None, run_after=None
[2023-09-29T11:02:44.646+0000] {processor.py:179} INFO - Processing /home/airflow/.local/lib/python3.8/site-packages/airflow/example_dags/example_params_ui_tutorial.py took 0.058 seconds
[2023-09-29T11:03:15.818+0000] {processor.py:157} INFO - Started process (PID=962) to work on /home/airflow/.local/lib/python3.8/site-packages/airflow/example_dags/example_params_ui_tutorial.py
[2023-09-29T11:03:15.819+0000] {processor.py:829} INFO - Processing file /home/airflow/.local/lib/python3.8/site-packages/airflow/example_dags/example_params_ui_tutorial.py for tasks to queue
[2023-09-29T11:03:15.820+0000] {logging_mixin.py:151} INFO - [2023-09-29T11:03:15.820+0000] {dagbag.py:539} INFO - Filling up the DagBag from /home/airflow/.local/lib/python3.8/site-packages/airflow/example_dags/example_params_ui_tutorial.py
[2023-09-29T11:03:15.838+0000] {processor.py:839} INFO - DAG(s) dict_keys(['example_params_ui_tutorial']) retrieved from /home/airflow/.local/lib/python3.8/site-packages/airflow/example_dags/example_params_ui_tutorial.py
[2023-09-29T11:03:15.865+0000] {logging_mixin.py:151} INFO - [2023-09-29T11:03:15.865+0000] {dag.py:2915} INFO - Sync 1 DAGs
[2023-09-29T11:03:15.871+0000] {logging_mixin.py:151} INFO - [2023-09-29T11:03:15.871+0000] {dag.py:3696} INFO - Setting next_dagrun for example_params_ui_tutorial to None, run_after=None
[2023-09-29T11:03:15.879+0000] {processor.py:179} INFO - Processing /home/airflow/.local/lib/python3.8/site-packages/airflow/example_dags/example_params_ui_tutorial.py took 0.062 seconds
[2023-09-29T11:03:46.026+0000] {processor.py:157} INFO - Started process (PID=1019) to work on /home/airflow/.local/lib/python3.8/site-packages/airflow/example_dags/example_params_ui_tutorial.py
[2023-09-29T11:03:46.027+0000] {processor.py:829} INFO - Processing file /home/airflow/.local/lib/python3.8/site-packages/airflow/example_dags/example_params_ui_tutorial.py for tasks to queue
[2023-09-29T11:03:46.028+0000] {logging_mixin.py:151} INFO - [2023-09-29T11:03:46.028+0000] {dagbag.py:539} INFO - Filling up the DagBag from /home/airflow/.local/lib/python3.8/site-packages/airflow/example_dags/example_params_ui_tutorial.py
[2023-09-29T11:03:46.046+0000] {processor.py:839} INFO - DAG(s) dict_keys(['example_params_ui_tutorial']) retrieved from /home/airflow/.local/lib/python3.8/site-packages/airflow/example_dags/example_params_ui_tutorial.py
[2023-09-29T11:03:46.070+0000] {logging_mixin.py:151} INFO - [2023-09-29T11:03:46.070+0000] {dag.py:2915} INFO - Sync 1 DAGs
[2023-09-29T11:03:46.076+0000] {logging_mixin.py:151} INFO - [2023-09-29T11:03:46.076+0000] {dag.py:3696} INFO - Setting next_dagrun for example_params_ui_tutorial to None, run_after=None
[2023-09-29T11:03:46.083+0000] {processor.py:179} INFO - Processing /home/airflow/.local/lib/python3.8/site-packages/airflow/example_dags/example_params_ui_tutorial.py took 0.059 seconds
[2023-09-29T11:04:17.376+0000] {processor.py:157} INFO - Started process (PID=1076) to work on /home/airflow/.local/lib/python3.8/site-packages/airflow/example_dags/example_params_ui_tutorial.py
[2023-09-29T11:04:17.376+0000] {processor.py:829} INFO - Processing file /home/airflow/.local/lib/python3.8/site-packages/airflow/example_dags/example_params_ui_tutorial.py for tasks to queue
[2023-09-29T11:04:17.377+0000] {logging_mixin.py:151} INFO - [2023-09-29T11:04:17.377+0000] {dagbag.py:539} INFO - Filling up the DagBag from /home/airflow/.local/lib/python3.8/site-packages/airflow/example_dags/example_params_ui_tutorial.py
[2023-09-29T11:04:17.394+0000] {processor.py:839} INFO - DAG(s) dict_keys(['example_params_ui_tutorial']) retrieved from /home/airflow/.local/lib/python3.8/site-packages/airflow/example_dags/example_params_ui_tutorial.py
[2023-09-29T11:04:17.415+0000] {logging_mixin.py:151} INFO - [2023-09-29T11:04:17.415+0000] {dag.py:2915} INFO - Sync 1 DAGs
[2023-09-29T11:04:17.420+0000] {logging_mixin.py:151} INFO - [2023-09-29T11:04:17.420+0000] {dag.py:3696} INFO - Setting next_dagrun for example_params_ui_tutorial to None, run_after=None
[2023-09-29T11:04:17.427+0000] {processor.py:179} INFO - Processing /home/airflow/.local/lib/python3.8/site-packages/airflow/example_dags/example_params_ui_tutorial.py took 0.053 seconds
[2023-09-29T11:04:48.450+0000] {processor.py:157} INFO - Started process (PID=1133) to work on /home/airflow/.local/lib/python3.8/site-packages/airflow/example_dags/example_params_ui_tutorial.py
[2023-09-29T11:04:48.451+0000] {processor.py:829} INFO - Processing file /home/airflow/.local/lib/python3.8/site-packages/airflow/example_dags/example_params_ui_tutorial.py for tasks to queue
[2023-09-29T11:04:48.452+0000] {logging_mixin.py:151} INFO - [2023-09-29T11:04:48.452+0000] {dagbag.py:539} INFO - Filling up the DagBag from /home/airflow/.local/lib/python3.8/site-packages/airflow/example_dags/example_params_ui_tutorial.py
[2023-09-29T11:04:48.469+0000] {processor.py:839} INFO - DAG(s) dict_keys(['example_params_ui_tutorial']) retrieved from /home/airflow/.local/lib/python3.8/site-packages/airflow/example_dags/example_params_ui_tutorial.py
[2023-09-29T11:04:48.491+0000] {logging_mixin.py:151} INFO - [2023-09-29T11:04:48.491+0000] {dag.py:2915} INFO - Sync 1 DAGs
[2023-09-29T11:04:48.497+0000] {logging_mixin.py:151} INFO - [2023-09-29T11:04:48.497+0000] {dag.py:3696} INFO - Setting next_dagrun for example_params_ui_tutorial to None, run_after=None
[2023-09-29T11:04:48.504+0000] {processor.py:179} INFO - Processing /home/airflow/.local/lib/python3.8/site-packages/airflow/example_dags/example_params_ui_tutorial.py took 0.056 seconds
[2023-09-29T11:05:19.412+0000] {processor.py:157} INFO - Started process (PID=1190) to work on /home/airflow/.local/lib/python3.8/site-packages/airflow/example_dags/example_params_ui_tutorial.py
[2023-09-29T11:05:19.412+0000] {processor.py:829} INFO - Processing file /home/airflow/.local/lib/python3.8/site-packages/airflow/example_dags/example_params_ui_tutorial.py for tasks to queue
[2023-09-29T11:05:19.414+0000] {logging_mixin.py:151} INFO - [2023-09-29T11:05:19.413+0000] {dagbag.py:539} INFO - Filling up the DagBag from /home/airflow/.local/lib/python3.8/site-packages/airflow/example_dags/example_params_ui_tutorial.py
[2023-09-29T11:05:19.431+0000] {processor.py:839} INFO - DAG(s) dict_keys(['example_params_ui_tutorial']) retrieved from /home/airflow/.local/lib/python3.8/site-packages/airflow/example_dags/example_params_ui_tutorial.py
[2023-09-29T11:05:19.453+0000] {logging_mixin.py:151} INFO - [2023-09-29T11:05:19.453+0000] {dag.py:2915} INFO - Sync 1 DAGs
[2023-09-29T11:05:19.458+0000] {logging_mixin.py:151} INFO - [2023-09-29T11:05:19.458+0000] {dag.py:3696} INFO - Setting next_dagrun for example_params_ui_tutorial to None, run_after=None
[2023-09-29T11:05:19.466+0000] {processor.py:179} INFO - Processing /home/airflow/.local/lib/python3.8/site-packages/airflow/example_dags/example_params_ui_tutorial.py took 0.056 seconds
[2023-09-29T11:05:50.505+0000] {processor.py:157} INFO - Started process (PID=1247) to work on /home/airflow/.local/lib/python3.8/site-packages/airflow/example_dags/example_params_ui_tutorial.py
[2023-09-29T11:05:50.506+0000] {processor.py:829} INFO - Processing file /home/airflow/.local/lib/python3.8/site-packages/airflow/example_dags/example_params_ui_tutorial.py for tasks to queue
[2023-09-29T11:05:50.507+0000] {logging_mixin.py:151} INFO - [2023-09-29T11:05:50.507+0000] {dagbag.py:539} INFO - Filling up the DagBag from /home/airflow/.local/lib/python3.8/site-packages/airflow/example_dags/example_params_ui_tutorial.py
[2023-09-29T11:05:50.526+0000] {processor.py:839} INFO - DAG(s) dict_keys(['example_params_ui_tutorial']) retrieved from /home/airflow/.local/lib/python3.8/site-packages/airflow/example_dags/example_params_ui_tutorial.py
[2023-09-29T11:05:50.548+0000] {logging_mixin.py:151} INFO - [2023-09-29T11:05:50.548+0000] {dag.py:2915} INFO - Sync 1 DAGs
[2023-09-29T11:05:50.555+0000] {logging_mixin.py:151} INFO - [2023-09-29T11:05:50.555+0000] {dag.py:3696} INFO - Setting next_dagrun for example_params_ui_tutorial to None, run_after=None
[2023-09-29T11:05:50.565+0000] {processor.py:179} INFO - Processing /home/airflow/.local/lib/python3.8/site-packages/airflow/example_dags/example_params_ui_tutorial.py took 0.062 seconds
