[2023-09-29T08:49:15.439+0000] {processor.py:157} INFO - Started process (PID=57) to work on /home/airflow/.local/lib/python3.8/site-packages/airflow/example_dags/example_sensors.py
[2023-09-29T08:49:15.440+0000] {processor.py:829} INFO - Processing file /home/airflow/.local/lib/python3.8/site-packages/airflow/example_dags/example_sensors.py for tasks to queue
[2023-09-29T08:49:15.444+0000] {logging_mixin.py:151} INFO - [2023-09-29T08:49:15.443+0000] {dagbag.py:539} INFO - Filling up the DagBag from /home/airflow/.local/lib/python3.8/site-packages/airflow/example_dags/example_sensors.py
[2023-09-29T08:49:15.479+0000] {processor.py:839} INFO - DAG(s) dict_keys(['example_sensors']) retrieved from /home/airflow/.local/lib/python3.8/site-packages/airflow/example_dags/example_sensors.py
[2023-09-29T08:49:15.507+0000] {logging_mixin.py:151} INFO - [2023-09-29T08:49:15.507+0000] {dag.py:2915} INFO - Sync 1 DAGs
[2023-09-29T08:49:15.528+0000] {logging_mixin.py:151} INFO - [2023-09-29T08:49:15.528+0000] {dag.py:3696} INFO - Setting next_dagrun for example_sensors to None, run_after=None
[2023-09-29T08:49:15.547+0000] {processor.py:179} INFO - Processing /home/airflow/.local/lib/python3.8/site-packages/airflow/example_dags/example_sensors.py took 0.110 seconds
[2023-09-29T08:49:46.446+0000] {processor.py:157} INFO - Started process (PID=114) to work on /home/airflow/.local/lib/python3.8/site-packages/airflow/example_dags/example_sensors.py
[2023-09-29T08:49:46.447+0000] {processor.py:829} INFO - Processing file /home/airflow/.local/lib/python3.8/site-packages/airflow/example_dags/example_sensors.py for tasks to queue
[2023-09-29T08:49:46.448+0000] {logging_mixin.py:151} INFO - [2023-09-29T08:49:46.448+0000] {dagbag.py:539} INFO - Filling up the DagBag from /home/airflow/.local/lib/python3.8/site-packages/airflow/example_dags/example_sensors.py
[2023-09-29T08:49:46.455+0000] {processor.py:839} INFO - DAG(s) dict_keys(['example_sensors']) retrieved from /home/airflow/.local/lib/python3.8/site-packages/airflow/example_dags/example_sensors.py
[2023-09-29T08:49:46.469+0000] {logging_mixin.py:151} INFO - [2023-09-29T08:49:46.469+0000] {dag.py:2915} INFO - Sync 1 DAGs
[2023-09-29T08:49:46.475+0000] {logging_mixin.py:151} INFO - [2023-09-29T08:49:46.475+0000] {dag.py:3696} INFO - Setting next_dagrun for example_sensors to None, run_after=None
[2023-09-29T08:49:46.484+0000] {processor.py:179} INFO - Processing /home/airflow/.local/lib/python3.8/site-packages/airflow/example_dags/example_sensors.py took 0.040 seconds
[2023-09-29T08:50:16.981+0000] {processor.py:157} INFO - Started process (PID=171) to work on /home/airflow/.local/lib/python3.8/site-packages/airflow/example_dags/example_sensors.py
[2023-09-29T08:50:16.981+0000] {processor.py:829} INFO - Processing file /home/airflow/.local/lib/python3.8/site-packages/airflow/example_dags/example_sensors.py for tasks to queue
[2023-09-29T08:50:16.983+0000] {logging_mixin.py:151} INFO - [2023-09-29T08:50:16.983+0000] {dagbag.py:539} INFO - Filling up the DagBag from /home/airflow/.local/lib/python3.8/site-packages/airflow/example_dags/example_sensors.py
[2023-09-29T08:50:16.988+0000] {processor.py:839} INFO - DAG(s) dict_keys(['example_sensors']) retrieved from /home/airflow/.local/lib/python3.8/site-packages/airflow/example_dags/example_sensors.py
[2023-09-29T08:50:17.000+0000] {logging_mixin.py:151} INFO - [2023-09-29T08:50:17.000+0000] {dag.py:2915} INFO - Sync 1 DAGs
[2023-09-29T08:50:17.006+0000] {logging_mixin.py:151} INFO - [2023-09-29T08:50:17.006+0000] {dag.py:3696} INFO - Setting next_dagrun for example_sensors to None, run_after=None
[2023-09-29T08:50:17.013+0000] {processor.py:179} INFO - Processing /home/airflow/.local/lib/python3.8/site-packages/airflow/example_dags/example_sensors.py took 0.034 seconds
[2023-09-29T08:50:47.306+0000] {processor.py:157} INFO - Started process (PID=228) to work on /home/airflow/.local/lib/python3.8/site-packages/airflow/example_dags/example_sensors.py
[2023-09-29T08:50:47.306+0000] {processor.py:829} INFO - Processing file /home/airflow/.local/lib/python3.8/site-packages/airflow/example_dags/example_sensors.py for tasks to queue
[2023-09-29T08:50:47.308+0000] {logging_mixin.py:151} INFO - [2023-09-29T08:50:47.308+0000] {dagbag.py:539} INFO - Filling up the DagBag from /home/airflow/.local/lib/python3.8/site-packages/airflow/example_dags/example_sensors.py
[2023-09-29T08:50:47.313+0000] {processor.py:839} INFO - DAG(s) dict_keys(['example_sensors']) retrieved from /home/airflow/.local/lib/python3.8/site-packages/airflow/example_dags/example_sensors.py
[2023-09-29T08:50:47.326+0000] {logging_mixin.py:151} INFO - [2023-09-29T08:50:47.326+0000] {dag.py:2915} INFO - Sync 1 DAGs
[2023-09-29T08:50:47.332+0000] {logging_mixin.py:151} INFO - [2023-09-29T08:50:47.332+0000] {dag.py:3696} INFO - Setting next_dagrun for example_sensors to None, run_after=None
[2023-09-29T08:50:47.341+0000] {processor.py:179} INFO - Processing /home/airflow/.local/lib/python3.8/site-packages/airflow/example_dags/example_sensors.py took 0.038 seconds
[2023-09-29T08:51:17.426+0000] {processor.py:157} INFO - Started process (PID=285) to work on /home/airflow/.local/lib/python3.8/site-packages/airflow/example_dags/example_sensors.py
[2023-09-29T08:51:17.426+0000] {processor.py:829} INFO - Processing file /home/airflow/.local/lib/python3.8/site-packages/airflow/example_dags/example_sensors.py for tasks to queue
[2023-09-29T08:51:17.427+0000] {logging_mixin.py:151} INFO - [2023-09-29T08:51:17.427+0000] {dagbag.py:539} INFO - Filling up the DagBag from /home/airflow/.local/lib/python3.8/site-packages/airflow/example_dags/example_sensors.py
[2023-09-29T08:51:17.432+0000] {processor.py:839} INFO - DAG(s) dict_keys(['example_sensors']) retrieved from /home/airflow/.local/lib/python3.8/site-packages/airflow/example_dags/example_sensors.py
[2023-09-29T08:51:17.444+0000] {logging_mixin.py:151} INFO - [2023-09-29T08:51:17.444+0000] {dag.py:2915} INFO - Sync 1 DAGs
[2023-09-29T08:51:17.449+0000] {logging_mixin.py:151} INFO - [2023-09-29T08:51:17.449+0000] {dag.py:3696} INFO - Setting next_dagrun for example_sensors to None, run_after=None
[2023-09-29T08:51:17.455+0000] {processor.py:179} INFO - Processing /home/airflow/.local/lib/python3.8/site-packages/airflow/example_dags/example_sensors.py took 0.032 seconds
[2023-09-29T08:51:48.649+0000] {processor.py:157} INFO - Started process (PID=342) to work on /home/airflow/.local/lib/python3.8/site-packages/airflow/example_dags/example_sensors.py
[2023-09-29T08:51:48.649+0000] {processor.py:829} INFO - Processing file /home/airflow/.local/lib/python3.8/site-packages/airflow/example_dags/example_sensors.py for tasks to queue
[2023-09-29T08:51:48.651+0000] {logging_mixin.py:151} INFO - [2023-09-29T08:51:48.650+0000] {dagbag.py:539} INFO - Filling up the DagBag from /home/airflow/.local/lib/python3.8/site-packages/airflow/example_dags/example_sensors.py
[2023-09-29T08:51:48.655+0000] {processor.py:839} INFO - DAG(s) dict_keys(['example_sensors']) retrieved from /home/airflow/.local/lib/python3.8/site-packages/airflow/example_dags/example_sensors.py
[2023-09-29T08:51:48.668+0000] {logging_mixin.py:151} INFO - [2023-09-29T08:51:48.668+0000] {dag.py:2915} INFO - Sync 1 DAGs
[2023-09-29T08:51:48.673+0000] {logging_mixin.py:151} INFO - [2023-09-29T08:51:48.673+0000] {dag.py:3696} INFO - Setting next_dagrun for example_sensors to None, run_after=None
[2023-09-29T08:51:48.680+0000] {processor.py:179} INFO - Processing /home/airflow/.local/lib/python3.8/site-packages/airflow/example_dags/example_sensors.py took 0.033 seconds
[2023-09-29T08:52:20.262+0000] {processor.py:157} INFO - Started process (PID=399) to work on /home/airflow/.local/lib/python3.8/site-packages/airflow/example_dags/example_sensors.py
[2023-09-29T08:52:20.263+0000] {processor.py:829} INFO - Processing file /home/airflow/.local/lib/python3.8/site-packages/airflow/example_dags/example_sensors.py for tasks to queue
[2023-09-29T08:52:20.264+0000] {logging_mixin.py:151} INFO - [2023-09-29T08:52:20.264+0000] {dagbag.py:539} INFO - Filling up the DagBag from /home/airflow/.local/lib/python3.8/site-packages/airflow/example_dags/example_sensors.py
[2023-09-29T08:52:20.269+0000] {processor.py:839} INFO - DAG(s) dict_keys(['example_sensors']) retrieved from /home/airflow/.local/lib/python3.8/site-packages/airflow/example_dags/example_sensors.py
[2023-09-29T08:52:20.281+0000] {logging_mixin.py:151} INFO - [2023-09-29T08:52:20.281+0000] {dag.py:2915} INFO - Sync 1 DAGs
[2023-09-29T08:52:20.286+0000] {logging_mixin.py:151} INFO - [2023-09-29T08:52:20.286+0000] {dag.py:3696} INFO - Setting next_dagrun for example_sensors to None, run_after=None
[2023-09-29T08:52:20.293+0000] {processor.py:179} INFO - Processing /home/airflow/.local/lib/python3.8/site-packages/airflow/example_dags/example_sensors.py took 0.032 seconds
[2023-09-29T08:52:50.392+0000] {processor.py:157} INFO - Started process (PID=456) to work on /home/airflow/.local/lib/python3.8/site-packages/airflow/example_dags/example_sensors.py
[2023-09-29T08:52:50.392+0000] {processor.py:829} INFO - Processing file /home/airflow/.local/lib/python3.8/site-packages/airflow/example_dags/example_sensors.py for tasks to queue
[2023-09-29T08:52:50.393+0000] {logging_mixin.py:151} INFO - [2023-09-29T08:52:50.393+0000] {dagbag.py:539} INFO - Filling up the DagBag from /home/airflow/.local/lib/python3.8/site-packages/airflow/example_dags/example_sensors.py
[2023-09-29T08:52:50.398+0000] {processor.py:839} INFO - DAG(s) dict_keys(['example_sensors']) retrieved from /home/airflow/.local/lib/python3.8/site-packages/airflow/example_dags/example_sensors.py
[2023-09-29T08:52:50.409+0000] {logging_mixin.py:151} INFO - [2023-09-29T08:52:50.409+0000] {dag.py:2915} INFO - Sync 1 DAGs
[2023-09-29T08:52:50.415+0000] {logging_mixin.py:151} INFO - [2023-09-29T08:52:50.414+0000] {dag.py:3696} INFO - Setting next_dagrun for example_sensors to None, run_after=None
[2023-09-29T08:52:50.421+0000] {processor.py:179} INFO - Processing /home/airflow/.local/lib/python3.8/site-packages/airflow/example_dags/example_sensors.py took 0.031 seconds
[2023-09-29T08:53:21.890+0000] {processor.py:157} INFO - Started process (PID=513) to work on /home/airflow/.local/lib/python3.8/site-packages/airflow/example_dags/example_sensors.py
[2023-09-29T08:53:21.891+0000] {processor.py:829} INFO - Processing file /home/airflow/.local/lib/python3.8/site-packages/airflow/example_dags/example_sensors.py for tasks to queue
[2023-09-29T08:53:21.892+0000] {logging_mixin.py:151} INFO - [2023-09-29T08:53:21.892+0000] {dagbag.py:539} INFO - Filling up the DagBag from /home/airflow/.local/lib/python3.8/site-packages/airflow/example_dags/example_sensors.py
[2023-09-29T08:53:21.897+0000] {processor.py:839} INFO - DAG(s) dict_keys(['example_sensors']) retrieved from /home/airflow/.local/lib/python3.8/site-packages/airflow/example_dags/example_sensors.py
[2023-09-29T08:53:21.908+0000] {logging_mixin.py:151} INFO - [2023-09-29T08:53:21.908+0000] {dag.py:2915} INFO - Sync 1 DAGs
[2023-09-29T08:53:21.913+0000] {logging_mixin.py:151} INFO - [2023-09-29T08:53:21.913+0000] {dag.py:3696} INFO - Setting next_dagrun for example_sensors to None, run_after=None
[2023-09-29T08:53:21.920+0000] {processor.py:179} INFO - Processing /home/airflow/.local/lib/python3.8/site-packages/airflow/example_dags/example_sensors.py took 0.032 seconds
[2023-09-29T08:53:52.202+0000] {processor.py:157} INFO - Started process (PID=570) to work on /home/airflow/.local/lib/python3.8/site-packages/airflow/example_dags/example_sensors.py
[2023-09-29T08:53:52.203+0000] {processor.py:829} INFO - Processing file /home/airflow/.local/lib/python3.8/site-packages/airflow/example_dags/example_sensors.py for tasks to queue
[2023-09-29T08:53:52.205+0000] {logging_mixin.py:151} INFO - [2023-09-29T08:53:52.205+0000] {dagbag.py:539} INFO - Filling up the DagBag from /home/airflow/.local/lib/python3.8/site-packages/airflow/example_dags/example_sensors.py
[2023-09-29T08:53:52.214+0000] {processor.py:839} INFO - DAG(s) dict_keys(['example_sensors']) retrieved from /home/airflow/.local/lib/python3.8/site-packages/airflow/example_dags/example_sensors.py
[2023-09-29T08:53:52.230+0000] {logging_mixin.py:151} INFO - [2023-09-29T08:53:52.230+0000] {dag.py:2915} INFO - Sync 1 DAGs
[2023-09-29T08:53:52.236+0000] {logging_mixin.py:151} INFO - [2023-09-29T08:53:52.236+0000] {dag.py:3696} INFO - Setting next_dagrun for example_sensors to None, run_after=None
[2023-09-29T08:53:52.245+0000] {processor.py:179} INFO - Processing /home/airflow/.local/lib/python3.8/site-packages/airflow/example_dags/example_sensors.py took 0.047 seconds
[2023-09-29T08:54:22.591+0000] {processor.py:157} INFO - Started process (PID=627) to work on /home/airflow/.local/lib/python3.8/site-packages/airflow/example_dags/example_sensors.py
[2023-09-29T08:54:22.592+0000] {processor.py:829} INFO - Processing file /home/airflow/.local/lib/python3.8/site-packages/airflow/example_dags/example_sensors.py for tasks to queue
[2023-09-29T08:54:22.593+0000] {logging_mixin.py:151} INFO - [2023-09-29T08:54:22.593+0000] {dagbag.py:539} INFO - Filling up the DagBag from /home/airflow/.local/lib/python3.8/site-packages/airflow/example_dags/example_sensors.py
[2023-09-29T08:54:22.598+0000] {processor.py:839} INFO - DAG(s) dict_keys(['example_sensors']) retrieved from /home/airflow/.local/lib/python3.8/site-packages/airflow/example_dags/example_sensors.py
[2023-09-29T08:54:22.609+0000] {logging_mixin.py:151} INFO - [2023-09-29T08:54:22.609+0000] {dag.py:2915} INFO - Sync 1 DAGs
[2023-09-29T08:54:22.614+0000] {logging_mixin.py:151} INFO - [2023-09-29T08:54:22.614+0000] {dag.py:3696} INFO - Setting next_dagrun for example_sensors to None, run_after=None
[2023-09-29T08:54:22.621+0000] {processor.py:179} INFO - Processing /home/airflow/.local/lib/python3.8/site-packages/airflow/example_dags/example_sensors.py took 0.032 seconds
[2023-09-29T08:54:52.932+0000] {processor.py:157} INFO - Started process (PID=684) to work on /home/airflow/.local/lib/python3.8/site-packages/airflow/example_dags/example_sensors.py
[2023-09-29T08:54:52.933+0000] {processor.py:829} INFO - Processing file /home/airflow/.local/lib/python3.8/site-packages/airflow/example_dags/example_sensors.py for tasks to queue
[2023-09-29T08:54:52.934+0000] {logging_mixin.py:151} INFO - [2023-09-29T08:54:52.934+0000] {dagbag.py:539} INFO - Filling up the DagBag from /home/airflow/.local/lib/python3.8/site-packages/airflow/example_dags/example_sensors.py
[2023-09-29T08:54:52.939+0000] {processor.py:839} INFO - DAG(s) dict_keys(['example_sensors']) retrieved from /home/airflow/.local/lib/python3.8/site-packages/airflow/example_dags/example_sensors.py
[2023-09-29T08:54:52.950+0000] {logging_mixin.py:151} INFO - [2023-09-29T08:54:52.950+0000] {dag.py:2915} INFO - Sync 1 DAGs
[2023-09-29T08:54:52.956+0000] {logging_mixin.py:151} INFO - [2023-09-29T08:54:52.955+0000] {dag.py:3696} INFO - Setting next_dagrun for example_sensors to None, run_after=None
[2023-09-29T08:54:52.963+0000] {processor.py:179} INFO - Processing /home/airflow/.local/lib/python3.8/site-packages/airflow/example_dags/example_sensors.py took 0.033 seconds
[2023-09-29T08:55:24.336+0000] {processor.py:157} INFO - Started process (PID=741) to work on /home/airflow/.local/lib/python3.8/site-packages/airflow/example_dags/example_sensors.py
[2023-09-29T08:55:24.337+0000] {processor.py:829} INFO - Processing file /home/airflow/.local/lib/python3.8/site-packages/airflow/example_dags/example_sensors.py for tasks to queue
[2023-09-29T08:55:24.338+0000] {logging_mixin.py:151} INFO - [2023-09-29T08:55:24.338+0000] {dagbag.py:539} INFO - Filling up the DagBag from /home/airflow/.local/lib/python3.8/site-packages/airflow/example_dags/example_sensors.py
[2023-09-29T08:55:24.343+0000] {processor.py:839} INFO - DAG(s) dict_keys(['example_sensors']) retrieved from /home/airflow/.local/lib/python3.8/site-packages/airflow/example_dags/example_sensors.py
[2023-09-29T08:55:24.355+0000] {logging_mixin.py:151} INFO - [2023-09-29T08:55:24.355+0000] {dag.py:2915} INFO - Sync 1 DAGs
[2023-09-29T08:55:24.360+0000] {logging_mixin.py:151} INFO - [2023-09-29T08:55:24.360+0000] {dag.py:3696} INFO - Setting next_dagrun for example_sensors to None, run_after=None
[2023-09-29T08:55:24.367+0000] {processor.py:179} INFO - Processing /home/airflow/.local/lib/python3.8/site-packages/airflow/example_dags/example_sensors.py took 0.033 seconds
[2023-09-29T08:55:55.410+0000] {processor.py:157} INFO - Started process (PID=798) to work on /home/airflow/.local/lib/python3.8/site-packages/airflow/example_dags/example_sensors.py
[2023-09-29T08:55:55.411+0000] {processor.py:829} INFO - Processing file /home/airflow/.local/lib/python3.8/site-packages/airflow/example_dags/example_sensors.py for tasks to queue
[2023-09-29T08:55:55.412+0000] {logging_mixin.py:151} INFO - [2023-09-29T08:55:55.412+0000] {dagbag.py:539} INFO - Filling up the DagBag from /home/airflow/.local/lib/python3.8/site-packages/airflow/example_dags/example_sensors.py
[2023-09-29T08:55:55.417+0000] {processor.py:839} INFO - DAG(s) dict_keys(['example_sensors']) retrieved from /home/airflow/.local/lib/python3.8/site-packages/airflow/example_dags/example_sensors.py
[2023-09-29T08:55:55.428+0000] {logging_mixin.py:151} INFO - [2023-09-29T08:55:55.428+0000] {dag.py:2915} INFO - Sync 1 DAGs
[2023-09-29T08:55:55.433+0000] {logging_mixin.py:151} INFO - [2023-09-29T08:55:55.433+0000] {dag.py:3696} INFO - Setting next_dagrun for example_sensors to None, run_after=None
[2023-09-29T08:55:55.440+0000] {processor.py:179} INFO - Processing /home/airflow/.local/lib/python3.8/site-packages/airflow/example_dags/example_sensors.py took 0.032 seconds
[2023-09-29T08:56:26.727+0000] {processor.py:157} INFO - Started process (PID=855) to work on /home/airflow/.local/lib/python3.8/site-packages/airflow/example_dags/example_sensors.py
[2023-09-29T08:56:26.727+0000] {processor.py:829} INFO - Processing file /home/airflow/.local/lib/python3.8/site-packages/airflow/example_dags/example_sensors.py for tasks to queue
[2023-09-29T08:56:26.728+0000] {logging_mixin.py:151} INFO - [2023-09-29T08:56:26.728+0000] {dagbag.py:539} INFO - Filling up the DagBag from /home/airflow/.local/lib/python3.8/site-packages/airflow/example_dags/example_sensors.py
[2023-09-29T08:56:26.733+0000] {processor.py:839} INFO - DAG(s) dict_keys(['example_sensors']) retrieved from /home/airflow/.local/lib/python3.8/site-packages/airflow/example_dags/example_sensors.py
[2023-09-29T08:56:26.745+0000] {logging_mixin.py:151} INFO - [2023-09-29T08:56:26.745+0000] {dag.py:2915} INFO - Sync 1 DAGs
[2023-09-29T08:56:26.750+0000] {logging_mixin.py:151} INFO - [2023-09-29T08:56:26.750+0000] {dag.py:3696} INFO - Setting next_dagrun for example_sensors to None, run_after=None
[2023-09-29T08:56:26.757+0000] {processor.py:179} INFO - Processing /home/airflow/.local/lib/python3.8/site-packages/airflow/example_dags/example_sensors.py took 0.032 seconds
[2023-09-29T10:55:01.858+0000] {processor.py:157} INFO - Started process (PID=57) to work on /home/airflow/.local/lib/python3.8/site-packages/airflow/example_dags/example_sensors.py
[2023-09-29T10:55:01.860+0000] {processor.py:829} INFO - Processing file /home/airflow/.local/lib/python3.8/site-packages/airflow/example_dags/example_sensors.py for tasks to queue
[2023-09-29T10:55:01.862+0000] {logging_mixin.py:151} INFO - [2023-09-29T10:55:01.861+0000] {dagbag.py:539} INFO - Filling up the DagBag from /home/airflow/.local/lib/python3.8/site-packages/airflow/example_dags/example_sensors.py
[2023-09-29T10:55:01.873+0000] {processor.py:839} INFO - DAG(s) dict_keys(['example_sensors']) retrieved from /home/airflow/.local/lib/python3.8/site-packages/airflow/example_dags/example_sensors.py
[2023-09-29T10:55:01.891+0000] {logging_mixin.py:151} INFO - [2023-09-29T10:55:01.890+0000] {dag.py:2915} INFO - Sync 1 DAGs
[2023-09-29T10:55:01.911+0000] {logging_mixin.py:151} INFO - [2023-09-29T10:55:01.911+0000] {dag.py:3696} INFO - Setting next_dagrun for example_sensors to None, run_after=None
[2023-09-29T10:55:01.922+0000] {processor.py:179} INFO - Processing /home/airflow/.local/lib/python3.8/site-packages/airflow/example_dags/example_sensors.py took 0.068 seconds
[2023-09-29T10:55:32.672+0000] {processor.py:157} INFO - Started process (PID=113) to work on /home/airflow/.local/lib/python3.8/site-packages/airflow/example_dags/example_sensors.py
[2023-09-29T10:55:32.673+0000] {processor.py:829} INFO - Processing file /home/airflow/.local/lib/python3.8/site-packages/airflow/example_dags/example_sensors.py for tasks to queue
[2023-09-29T10:55:32.674+0000] {logging_mixin.py:151} INFO - [2023-09-29T10:55:32.674+0000] {dagbag.py:539} INFO - Filling up the DagBag from /home/airflow/.local/lib/python3.8/site-packages/airflow/example_dags/example_sensors.py
[2023-09-29T10:55:32.679+0000] {processor.py:839} INFO - DAG(s) dict_keys(['example_sensors']) retrieved from /home/airflow/.local/lib/python3.8/site-packages/airflow/example_dags/example_sensors.py
[2023-09-29T10:55:32.691+0000] {logging_mixin.py:151} INFO - [2023-09-29T10:55:32.691+0000] {dag.py:2915} INFO - Sync 1 DAGs
[2023-09-29T10:55:32.698+0000] {logging_mixin.py:151} INFO - [2023-09-29T10:55:32.697+0000] {dag.py:3696} INFO - Setting next_dagrun for example_sensors to None, run_after=None
[2023-09-29T10:55:32.706+0000] {processor.py:179} INFO - Processing /home/airflow/.local/lib/python3.8/site-packages/airflow/example_dags/example_sensors.py took 0.037 seconds
[2023-09-29T10:56:03.854+0000] {processor.py:157} INFO - Started process (PID=170) to work on /home/airflow/.local/lib/python3.8/site-packages/airflow/example_dags/example_sensors.py
[2023-09-29T10:56:03.855+0000] {processor.py:829} INFO - Processing file /home/airflow/.local/lib/python3.8/site-packages/airflow/example_dags/example_sensors.py for tasks to queue
[2023-09-29T10:56:03.856+0000] {logging_mixin.py:151} INFO - [2023-09-29T10:56:03.856+0000] {dagbag.py:539} INFO - Filling up the DagBag from /home/airflow/.local/lib/python3.8/site-packages/airflow/example_dags/example_sensors.py
[2023-09-29T10:56:03.861+0000] {processor.py:839} INFO - DAG(s) dict_keys(['example_sensors']) retrieved from /home/airflow/.local/lib/python3.8/site-packages/airflow/example_dags/example_sensors.py
[2023-09-29T10:56:03.874+0000] {logging_mixin.py:151} INFO - [2023-09-29T10:56:03.874+0000] {dag.py:2915} INFO - Sync 1 DAGs
[2023-09-29T10:56:03.880+0000] {logging_mixin.py:151} INFO - [2023-09-29T10:56:03.879+0000] {dag.py:3696} INFO - Setting next_dagrun for example_sensors to None, run_after=None
[2023-09-29T10:56:03.888+0000] {processor.py:179} INFO - Processing /home/airflow/.local/lib/python3.8/site-packages/airflow/example_dags/example_sensors.py took 0.036 seconds
[2023-09-29T10:56:34.284+0000] {processor.py:157} INFO - Started process (PID=227) to work on /home/airflow/.local/lib/python3.8/site-packages/airflow/example_dags/example_sensors.py
[2023-09-29T10:56:34.285+0000] {processor.py:829} INFO - Processing file /home/airflow/.local/lib/python3.8/site-packages/airflow/example_dags/example_sensors.py for tasks to queue
[2023-09-29T10:56:34.286+0000] {logging_mixin.py:151} INFO - [2023-09-29T10:56:34.286+0000] {dagbag.py:539} INFO - Filling up the DagBag from /home/airflow/.local/lib/python3.8/site-packages/airflow/example_dags/example_sensors.py
[2023-09-29T10:56:34.293+0000] {processor.py:839} INFO - DAG(s) dict_keys(['example_sensors']) retrieved from /home/airflow/.local/lib/python3.8/site-packages/airflow/example_dags/example_sensors.py
[2023-09-29T10:56:34.311+0000] {logging_mixin.py:151} INFO - [2023-09-29T10:56:34.311+0000] {dag.py:2915} INFO - Sync 1 DAGs
[2023-09-29T10:56:34.318+0000] {logging_mixin.py:151} INFO - [2023-09-29T10:56:34.318+0000] {dag.py:3696} INFO - Setting next_dagrun for example_sensors to None, run_after=None
[2023-09-29T10:56:34.326+0000] {processor.py:179} INFO - Processing /home/airflow/.local/lib/python3.8/site-packages/airflow/example_dags/example_sensors.py took 0.045 seconds
[2023-09-29T10:57:04.795+0000] {processor.py:157} INFO - Started process (PID=285) to work on /home/airflow/.local/lib/python3.8/site-packages/airflow/example_dags/example_sensors.py
[2023-09-29T10:57:04.796+0000] {processor.py:829} INFO - Processing file /home/airflow/.local/lib/python3.8/site-packages/airflow/example_dags/example_sensors.py for tasks to queue
[2023-09-29T10:57:04.797+0000] {logging_mixin.py:151} INFO - [2023-09-29T10:57:04.797+0000] {dagbag.py:539} INFO - Filling up the DagBag from /home/airflow/.local/lib/python3.8/site-packages/airflow/example_dags/example_sensors.py
[2023-09-29T10:57:04.803+0000] {processor.py:839} INFO - DAG(s) dict_keys(['example_sensors']) retrieved from /home/airflow/.local/lib/python3.8/site-packages/airflow/example_dags/example_sensors.py
[2023-09-29T10:57:04.820+0000] {logging_mixin.py:151} INFO - [2023-09-29T10:57:04.820+0000] {dag.py:2915} INFO - Sync 1 DAGs
[2023-09-29T10:57:04.828+0000] {logging_mixin.py:151} INFO - [2023-09-29T10:57:04.828+0000] {dag.py:3696} INFO - Setting next_dagrun for example_sensors to None, run_after=None
[2023-09-29T10:57:04.839+0000] {processor.py:179} INFO - Processing /home/airflow/.local/lib/python3.8/site-packages/airflow/example_dags/example_sensors.py took 0.047 seconds
[2023-09-29T10:57:35.129+0000] {processor.py:157} INFO - Started process (PID=342) to work on /home/airflow/.local/lib/python3.8/site-packages/airflow/example_dags/example_sensors.py
[2023-09-29T10:57:35.130+0000] {processor.py:829} INFO - Processing file /home/airflow/.local/lib/python3.8/site-packages/airflow/example_dags/example_sensors.py for tasks to queue
[2023-09-29T10:57:35.131+0000] {logging_mixin.py:151} INFO - [2023-09-29T10:57:35.131+0000] {dagbag.py:539} INFO - Filling up the DagBag from /home/airflow/.local/lib/python3.8/site-packages/airflow/example_dags/example_sensors.py
[2023-09-29T10:57:35.136+0000] {processor.py:839} INFO - DAG(s) dict_keys(['example_sensors']) retrieved from /home/airflow/.local/lib/python3.8/site-packages/airflow/example_dags/example_sensors.py
[2023-09-29T10:57:35.149+0000] {logging_mixin.py:151} INFO - [2023-09-29T10:57:35.149+0000] {dag.py:2915} INFO - Sync 1 DAGs
[2023-09-29T10:57:35.155+0000] {logging_mixin.py:151} INFO - [2023-09-29T10:57:35.155+0000] {dag.py:3696} INFO - Setting next_dagrun for example_sensors to None, run_after=None
[2023-09-29T10:57:35.165+0000] {processor.py:179} INFO - Processing /home/airflow/.local/lib/python3.8/site-packages/airflow/example_dags/example_sensors.py took 0.037 seconds
[2023-09-29T10:58:06.211+0000] {processor.py:157} INFO - Started process (PID=399) to work on /home/airflow/.local/lib/python3.8/site-packages/airflow/example_dags/example_sensors.py
[2023-09-29T10:58:06.212+0000] {processor.py:829} INFO - Processing file /home/airflow/.local/lib/python3.8/site-packages/airflow/example_dags/example_sensors.py for tasks to queue
[2023-09-29T10:58:06.214+0000] {logging_mixin.py:151} INFO - [2023-09-29T10:58:06.214+0000] {dagbag.py:539} INFO - Filling up the DagBag from /home/airflow/.local/lib/python3.8/site-packages/airflow/example_dags/example_sensors.py
[2023-09-29T10:58:06.221+0000] {processor.py:839} INFO - DAG(s) dict_keys(['example_sensors']) retrieved from /home/airflow/.local/lib/python3.8/site-packages/airflow/example_dags/example_sensors.py
[2023-09-29T10:58:06.235+0000] {logging_mixin.py:151} INFO - [2023-09-29T10:58:06.234+0000] {dag.py:2915} INFO - Sync 1 DAGs
[2023-09-29T10:58:06.240+0000] {logging_mixin.py:151} INFO - [2023-09-29T10:58:06.240+0000] {dag.py:3696} INFO - Setting next_dagrun for example_sensors to None, run_after=None
[2023-09-29T10:58:06.247+0000] {processor.py:179} INFO - Processing /home/airflow/.local/lib/python3.8/site-packages/airflow/example_dags/example_sensors.py took 0.040 seconds
[2023-09-29T10:58:37.479+0000] {processor.py:157} INFO - Started process (PID=456) to work on /home/airflow/.local/lib/python3.8/site-packages/airflow/example_dags/example_sensors.py
[2023-09-29T10:58:37.480+0000] {processor.py:829} INFO - Processing file /home/airflow/.local/lib/python3.8/site-packages/airflow/example_dags/example_sensors.py for tasks to queue
[2023-09-29T10:58:37.481+0000] {logging_mixin.py:151} INFO - [2023-09-29T10:58:37.481+0000] {dagbag.py:539} INFO - Filling up the DagBag from /home/airflow/.local/lib/python3.8/site-packages/airflow/example_dags/example_sensors.py
[2023-09-29T10:58:37.486+0000] {processor.py:839} INFO - DAG(s) dict_keys(['example_sensors']) retrieved from /home/airflow/.local/lib/python3.8/site-packages/airflow/example_dags/example_sensors.py
[2023-09-29T10:58:37.498+0000] {logging_mixin.py:151} INFO - [2023-09-29T10:58:37.498+0000] {dag.py:2915} INFO - Sync 1 DAGs
[2023-09-29T10:58:37.503+0000] {logging_mixin.py:151} INFO - [2023-09-29T10:58:37.503+0000] {dag.py:3696} INFO - Setting next_dagrun for example_sensors to None, run_after=None
[2023-09-29T10:58:37.512+0000] {processor.py:179} INFO - Processing /home/airflow/.local/lib/python3.8/site-packages/airflow/example_dags/example_sensors.py took 0.035 seconds
[2023-09-29T10:59:08.707+0000] {processor.py:157} INFO - Started process (PID=513) to work on /home/airflow/.local/lib/python3.8/site-packages/airflow/example_dags/example_sensors.py
[2023-09-29T10:59:08.707+0000] {processor.py:829} INFO - Processing file /home/airflow/.local/lib/python3.8/site-packages/airflow/example_dags/example_sensors.py for tasks to queue
[2023-09-29T10:59:08.708+0000] {logging_mixin.py:151} INFO - [2023-09-29T10:59:08.708+0000] {dagbag.py:539} INFO - Filling up the DagBag from /home/airflow/.local/lib/python3.8/site-packages/airflow/example_dags/example_sensors.py
[2023-09-29T10:59:08.713+0000] {processor.py:839} INFO - DAG(s) dict_keys(['example_sensors']) retrieved from /home/airflow/.local/lib/python3.8/site-packages/airflow/example_dags/example_sensors.py
[2023-09-29T10:59:08.725+0000] {logging_mixin.py:151} INFO - [2023-09-29T10:59:08.725+0000] {dag.py:2915} INFO - Sync 1 DAGs
[2023-09-29T10:59:08.730+0000] {logging_mixin.py:151} INFO - [2023-09-29T10:59:08.730+0000] {dag.py:3696} INFO - Setting next_dagrun for example_sensors to None, run_after=None
[2023-09-29T10:59:08.738+0000] {processor.py:179} INFO - Processing /home/airflow/.local/lib/python3.8/site-packages/airflow/example_dags/example_sensors.py took 0.033 seconds
[2023-09-29T10:59:39.103+0000] {processor.py:157} INFO - Started process (PID=570) to work on /home/airflow/.local/lib/python3.8/site-packages/airflow/example_dags/example_sensors.py
[2023-09-29T10:59:39.104+0000] {processor.py:829} INFO - Processing file /home/airflow/.local/lib/python3.8/site-packages/airflow/example_dags/example_sensors.py for tasks to queue
[2023-09-29T10:59:39.105+0000] {logging_mixin.py:151} INFO - [2023-09-29T10:59:39.105+0000] {dagbag.py:539} INFO - Filling up the DagBag from /home/airflow/.local/lib/python3.8/site-packages/airflow/example_dags/example_sensors.py
[2023-09-29T10:59:39.110+0000] {processor.py:839} INFO - DAG(s) dict_keys(['example_sensors']) retrieved from /home/airflow/.local/lib/python3.8/site-packages/airflow/example_dags/example_sensors.py
[2023-09-29T10:59:39.121+0000] {logging_mixin.py:151} INFO - [2023-09-29T10:59:39.121+0000] {dag.py:2915} INFO - Sync 1 DAGs
[2023-09-29T10:59:39.126+0000] {logging_mixin.py:151} INFO - [2023-09-29T10:59:39.126+0000] {dag.py:3696} INFO - Setting next_dagrun for example_sensors to None, run_after=None
[2023-09-29T10:59:39.133+0000] {processor.py:179} INFO - Processing /home/airflow/.local/lib/python3.8/site-packages/airflow/example_dags/example_sensors.py took 0.031 seconds
[2023-09-29T11:00:10.331+0000] {processor.py:157} INFO - Started process (PID=627) to work on /home/airflow/.local/lib/python3.8/site-packages/airflow/example_dags/example_sensors.py
[2023-09-29T11:00:10.332+0000] {processor.py:829} INFO - Processing file /home/airflow/.local/lib/python3.8/site-packages/airflow/example_dags/example_sensors.py for tasks to queue
[2023-09-29T11:00:10.333+0000] {logging_mixin.py:151} INFO - [2023-09-29T11:00:10.333+0000] {dagbag.py:539} INFO - Filling up the DagBag from /home/airflow/.local/lib/python3.8/site-packages/airflow/example_dags/example_sensors.py
[2023-09-29T11:00:10.338+0000] {processor.py:839} INFO - DAG(s) dict_keys(['example_sensors']) retrieved from /home/airflow/.local/lib/python3.8/site-packages/airflow/example_dags/example_sensors.py
[2023-09-29T11:00:10.350+0000] {logging_mixin.py:151} INFO - [2023-09-29T11:00:10.350+0000] {dag.py:2915} INFO - Sync 1 DAGs
[2023-09-29T11:00:10.356+0000] {logging_mixin.py:151} INFO - [2023-09-29T11:00:10.356+0000] {dag.py:3696} INFO - Setting next_dagrun for example_sensors to None, run_after=None
[2023-09-29T11:00:10.363+0000] {processor.py:179} INFO - Processing /home/airflow/.local/lib/python3.8/site-packages/airflow/example_dags/example_sensors.py took 0.034 seconds
[2023-09-29T11:00:40.977+0000] {processor.py:157} INFO - Started process (PID=684) to work on /home/airflow/.local/lib/python3.8/site-packages/airflow/example_dags/example_sensors.py
[2023-09-29T11:00:40.978+0000] {processor.py:829} INFO - Processing file /home/airflow/.local/lib/python3.8/site-packages/airflow/example_dags/example_sensors.py for tasks to queue
[2023-09-29T11:00:40.979+0000] {logging_mixin.py:151} INFO - [2023-09-29T11:00:40.979+0000] {dagbag.py:539} INFO - Filling up the DagBag from /home/airflow/.local/lib/python3.8/site-packages/airflow/example_dags/example_sensors.py
[2023-09-29T11:00:40.984+0000] {processor.py:839} INFO - DAG(s) dict_keys(['example_sensors']) retrieved from /home/airflow/.local/lib/python3.8/site-packages/airflow/example_dags/example_sensors.py
[2023-09-29T11:00:40.995+0000] {logging_mixin.py:151} INFO - [2023-09-29T11:00:40.995+0000] {dag.py:2915} INFO - Sync 1 DAGs
[2023-09-29T11:00:41.000+0000] {logging_mixin.py:151} INFO - [2023-09-29T11:00:41.000+0000] {dag.py:3696} INFO - Setting next_dagrun for example_sensors to None, run_after=None
[2023-09-29T11:00:41.007+0000] {processor.py:179} INFO - Processing /home/airflow/.local/lib/python3.8/site-packages/airflow/example_dags/example_sensors.py took 0.031 seconds
[2023-09-29T11:01:12.140+0000] {processor.py:157} INFO - Started process (PID=741) to work on /home/airflow/.local/lib/python3.8/site-packages/airflow/example_dags/example_sensors.py
[2023-09-29T11:01:12.141+0000] {processor.py:829} INFO - Processing file /home/airflow/.local/lib/python3.8/site-packages/airflow/example_dags/example_sensors.py for tasks to queue
[2023-09-29T11:01:12.142+0000] {logging_mixin.py:151} INFO - [2023-09-29T11:01:12.142+0000] {dagbag.py:539} INFO - Filling up the DagBag from /home/airflow/.local/lib/python3.8/site-packages/airflow/example_dags/example_sensors.py
[2023-09-29T11:01:12.147+0000] {processor.py:839} INFO - DAG(s) dict_keys(['example_sensors']) retrieved from /home/airflow/.local/lib/python3.8/site-packages/airflow/example_dags/example_sensors.py
[2023-09-29T11:01:12.159+0000] {logging_mixin.py:151} INFO - [2023-09-29T11:01:12.159+0000] {dag.py:2915} INFO - Sync 1 DAGs
[2023-09-29T11:01:12.165+0000] {logging_mixin.py:151} INFO - [2023-09-29T11:01:12.165+0000] {dag.py:3696} INFO - Setting next_dagrun for example_sensors to None, run_after=None
[2023-09-29T11:01:12.172+0000] {processor.py:179} INFO - Processing /home/airflow/.local/lib/python3.8/site-packages/airflow/example_dags/example_sensors.py took 0.034 seconds
[2023-09-29T11:01:43.386+0000] {processor.py:157} INFO - Started process (PID=798) to work on /home/airflow/.local/lib/python3.8/site-packages/airflow/example_dags/example_sensors.py
[2023-09-29T11:01:43.387+0000] {processor.py:829} INFO - Processing file /home/airflow/.local/lib/python3.8/site-packages/airflow/example_dags/example_sensors.py for tasks to queue
[2023-09-29T11:01:43.388+0000] {logging_mixin.py:151} INFO - [2023-09-29T11:01:43.388+0000] {dagbag.py:539} INFO - Filling up the DagBag from /home/airflow/.local/lib/python3.8/site-packages/airflow/example_dags/example_sensors.py
[2023-09-29T11:01:43.393+0000] {processor.py:839} INFO - DAG(s) dict_keys(['example_sensors']) retrieved from /home/airflow/.local/lib/python3.8/site-packages/airflow/example_dags/example_sensors.py
[2023-09-29T11:01:43.405+0000] {logging_mixin.py:151} INFO - [2023-09-29T11:01:43.405+0000] {dag.py:2915} INFO - Sync 1 DAGs
[2023-09-29T11:01:43.410+0000] {logging_mixin.py:151} INFO - [2023-09-29T11:01:43.410+0000] {dag.py:3696} INFO - Setting next_dagrun for example_sensors to None, run_after=None
[2023-09-29T11:01:43.417+0000] {processor.py:179} INFO - Processing /home/airflow/.local/lib/python3.8/site-packages/airflow/example_dags/example_sensors.py took 0.033 seconds
[2023-09-29T11:02:14.552+0000] {processor.py:157} INFO - Started process (PID=855) to work on /home/airflow/.local/lib/python3.8/site-packages/airflow/example_dags/example_sensors.py
[2023-09-29T11:02:14.552+0000] {processor.py:829} INFO - Processing file /home/airflow/.local/lib/python3.8/site-packages/airflow/example_dags/example_sensors.py for tasks to queue
[2023-09-29T11:02:14.553+0000] {logging_mixin.py:151} INFO - [2023-09-29T11:02:14.553+0000] {dagbag.py:539} INFO - Filling up the DagBag from /home/airflow/.local/lib/python3.8/site-packages/airflow/example_dags/example_sensors.py
[2023-09-29T11:02:14.558+0000] {processor.py:839} INFO - DAG(s) dict_keys(['example_sensors']) retrieved from /home/airflow/.local/lib/python3.8/site-packages/airflow/example_dags/example_sensors.py
[2023-09-29T11:02:14.570+0000] {logging_mixin.py:151} INFO - [2023-09-29T11:02:14.570+0000] {dag.py:2915} INFO - Sync 1 DAGs
[2023-09-29T11:02:14.576+0000] {logging_mixin.py:151} INFO - [2023-09-29T11:02:14.576+0000] {dag.py:3696} INFO - Setting next_dagrun for example_sensors to None, run_after=None
[2023-09-29T11:02:14.583+0000] {processor.py:179} INFO - Processing /home/airflow/.local/lib/python3.8/site-packages/airflow/example_dags/example_sensors.py took 0.033 seconds
[2023-09-29T11:02:44.805+0000] {processor.py:157} INFO - Started process (PID=913) to work on /home/airflow/.local/lib/python3.8/site-packages/airflow/example_dags/example_sensors.py
[2023-09-29T11:02:44.806+0000] {processor.py:829} INFO - Processing file /home/airflow/.local/lib/python3.8/site-packages/airflow/example_dags/example_sensors.py for tasks to queue
[2023-09-29T11:02:44.807+0000] {logging_mixin.py:151} INFO - [2023-09-29T11:02:44.807+0000] {dagbag.py:539} INFO - Filling up the DagBag from /home/airflow/.local/lib/python3.8/site-packages/airflow/example_dags/example_sensors.py
[2023-09-29T11:02:44.812+0000] {processor.py:839} INFO - DAG(s) dict_keys(['example_sensors']) retrieved from /home/airflow/.local/lib/python3.8/site-packages/airflow/example_dags/example_sensors.py
[2023-09-29T11:02:44.824+0000] {logging_mixin.py:151} INFO - [2023-09-29T11:02:44.823+0000] {dag.py:2915} INFO - Sync 1 DAGs
[2023-09-29T11:02:44.829+0000] {logging_mixin.py:151} INFO - [2023-09-29T11:02:44.829+0000] {dag.py:3696} INFO - Setting next_dagrun for example_sensors to None, run_after=None
[2023-09-29T11:02:44.837+0000] {processor.py:179} INFO - Processing /home/airflow/.local/lib/python3.8/site-packages/airflow/example_dags/example_sensors.py took 0.034 seconds
[2023-09-29T11:03:16.045+0000] {processor.py:157} INFO - Started process (PID=969) to work on /home/airflow/.local/lib/python3.8/site-packages/airflow/example_dags/example_sensors.py
[2023-09-29T11:03:16.046+0000] {processor.py:829} INFO - Processing file /home/airflow/.local/lib/python3.8/site-packages/airflow/example_dags/example_sensors.py for tasks to queue
[2023-09-29T11:03:16.047+0000] {logging_mixin.py:151} INFO - [2023-09-29T11:03:16.047+0000] {dagbag.py:539} INFO - Filling up the DagBag from /home/airflow/.local/lib/python3.8/site-packages/airflow/example_dags/example_sensors.py
[2023-09-29T11:03:16.052+0000] {processor.py:839} INFO - DAG(s) dict_keys(['example_sensors']) retrieved from /home/airflow/.local/lib/python3.8/site-packages/airflow/example_dags/example_sensors.py
[2023-09-29T11:03:16.064+0000] {logging_mixin.py:151} INFO - [2023-09-29T11:03:16.063+0000] {dag.py:2915} INFO - Sync 1 DAGs
[2023-09-29T11:03:16.069+0000] {logging_mixin.py:151} INFO - [2023-09-29T11:03:16.069+0000] {dag.py:3696} INFO - Setting next_dagrun for example_sensors to None, run_after=None
[2023-09-29T11:03:16.075+0000] {processor.py:179} INFO - Processing /home/airflow/.local/lib/python3.8/site-packages/airflow/example_dags/example_sensors.py took 0.032 seconds
[2023-09-29T11:03:46.245+0000] {processor.py:157} INFO - Started process (PID=1026) to work on /home/airflow/.local/lib/python3.8/site-packages/airflow/example_dags/example_sensors.py
[2023-09-29T11:03:46.245+0000] {processor.py:829} INFO - Processing file /home/airflow/.local/lib/python3.8/site-packages/airflow/example_dags/example_sensors.py for tasks to queue
[2023-09-29T11:03:46.247+0000] {logging_mixin.py:151} INFO - [2023-09-29T11:03:46.246+0000] {dagbag.py:539} INFO - Filling up the DagBag from /home/airflow/.local/lib/python3.8/site-packages/airflow/example_dags/example_sensors.py
[2023-09-29T11:03:46.251+0000] {processor.py:839} INFO - DAG(s) dict_keys(['example_sensors']) retrieved from /home/airflow/.local/lib/python3.8/site-packages/airflow/example_dags/example_sensors.py
[2023-09-29T11:03:46.263+0000] {logging_mixin.py:151} INFO - [2023-09-29T11:03:46.263+0000] {dag.py:2915} INFO - Sync 1 DAGs
[2023-09-29T11:03:46.268+0000] {logging_mixin.py:151} INFO - [2023-09-29T11:03:46.268+0000] {dag.py:3696} INFO - Setting next_dagrun for example_sensors to None, run_after=None
[2023-09-29T11:03:46.275+0000] {processor.py:179} INFO - Processing /home/airflow/.local/lib/python3.8/site-packages/airflow/example_dags/example_sensors.py took 0.032 seconds
[2023-09-29T11:04:17.578+0000] {processor.py:157} INFO - Started process (PID=1083) to work on /home/airflow/.local/lib/python3.8/site-packages/airflow/example_dags/example_sensors.py
[2023-09-29T11:04:17.579+0000] {processor.py:829} INFO - Processing file /home/airflow/.local/lib/python3.8/site-packages/airflow/example_dags/example_sensors.py for tasks to queue
[2023-09-29T11:04:17.580+0000] {logging_mixin.py:151} INFO - [2023-09-29T11:04:17.580+0000] {dagbag.py:539} INFO - Filling up the DagBag from /home/airflow/.local/lib/python3.8/site-packages/airflow/example_dags/example_sensors.py
[2023-09-29T11:04:17.585+0000] {processor.py:839} INFO - DAG(s) dict_keys(['example_sensors']) retrieved from /home/airflow/.local/lib/python3.8/site-packages/airflow/example_dags/example_sensors.py
[2023-09-29T11:04:17.597+0000] {logging_mixin.py:151} INFO - [2023-09-29T11:04:17.597+0000] {dag.py:2915} INFO - Sync 1 DAGs
[2023-09-29T11:04:17.603+0000] {logging_mixin.py:151} INFO - [2023-09-29T11:04:17.603+0000] {dag.py:3696} INFO - Setting next_dagrun for example_sensors to None, run_after=None
[2023-09-29T11:04:17.611+0000] {processor.py:179} INFO - Processing /home/airflow/.local/lib/python3.8/site-packages/airflow/example_dags/example_sensors.py took 0.034 seconds
[2023-09-29T11:04:48.657+0000] {processor.py:157} INFO - Started process (PID=1140) to work on /home/airflow/.local/lib/python3.8/site-packages/airflow/example_dags/example_sensors.py
[2023-09-29T11:04:48.658+0000] {processor.py:829} INFO - Processing file /home/airflow/.local/lib/python3.8/site-packages/airflow/example_dags/example_sensors.py for tasks to queue
[2023-09-29T11:04:48.659+0000] {logging_mixin.py:151} INFO - [2023-09-29T11:04:48.659+0000] {dagbag.py:539} INFO - Filling up the DagBag from /home/airflow/.local/lib/python3.8/site-packages/airflow/example_dags/example_sensors.py
[2023-09-29T11:04:48.665+0000] {processor.py:839} INFO - DAG(s) dict_keys(['example_sensors']) retrieved from /home/airflow/.local/lib/python3.8/site-packages/airflow/example_dags/example_sensors.py
[2023-09-29T11:04:48.679+0000] {logging_mixin.py:151} INFO - [2023-09-29T11:04:48.679+0000] {dag.py:2915} INFO - Sync 1 DAGs
[2023-09-29T11:04:48.684+0000] {logging_mixin.py:151} INFO - [2023-09-29T11:04:48.684+0000] {dag.py:3696} INFO - Setting next_dagrun for example_sensors to None, run_after=None
[2023-09-29T11:04:48.691+0000] {processor.py:179} INFO - Processing /home/airflow/.local/lib/python3.8/site-packages/airflow/example_dags/example_sensors.py took 0.036 seconds
[2023-09-29T11:05:19.617+0000] {processor.py:157} INFO - Started process (PID=1197) to work on /home/airflow/.local/lib/python3.8/site-packages/airflow/example_dags/example_sensors.py
[2023-09-29T11:05:19.618+0000] {processor.py:829} INFO - Processing file /home/airflow/.local/lib/python3.8/site-packages/airflow/example_dags/example_sensors.py for tasks to queue
[2023-09-29T11:05:19.619+0000] {logging_mixin.py:151} INFO - [2023-09-29T11:05:19.619+0000] {dagbag.py:539} INFO - Filling up the DagBag from /home/airflow/.local/lib/python3.8/site-packages/airflow/example_dags/example_sensors.py
[2023-09-29T11:05:19.624+0000] {processor.py:839} INFO - DAG(s) dict_keys(['example_sensors']) retrieved from /home/airflow/.local/lib/python3.8/site-packages/airflow/example_dags/example_sensors.py
[2023-09-29T11:05:19.635+0000] {logging_mixin.py:151} INFO - [2023-09-29T11:05:19.635+0000] {dag.py:2915} INFO - Sync 1 DAGs
[2023-09-29T11:05:19.640+0000] {logging_mixin.py:151} INFO - [2023-09-29T11:05:19.640+0000] {dag.py:3696} INFO - Setting next_dagrun for example_sensors to None, run_after=None
[2023-09-29T11:05:19.647+0000] {processor.py:179} INFO - Processing /home/airflow/.local/lib/python3.8/site-packages/airflow/example_dags/example_sensors.py took 0.032 seconds
[2023-09-29T11:05:50.744+0000] {processor.py:157} INFO - Started process (PID=1254) to work on /home/airflow/.local/lib/python3.8/site-packages/airflow/example_dags/example_sensors.py
[2023-09-29T11:05:50.745+0000] {processor.py:829} INFO - Processing file /home/airflow/.local/lib/python3.8/site-packages/airflow/example_dags/example_sensors.py for tasks to queue
[2023-09-29T11:05:50.746+0000] {logging_mixin.py:151} INFO - [2023-09-29T11:05:50.746+0000] {dagbag.py:539} INFO - Filling up the DagBag from /home/airflow/.local/lib/python3.8/site-packages/airflow/example_dags/example_sensors.py
[2023-09-29T11:05:50.751+0000] {processor.py:839} INFO - DAG(s) dict_keys(['example_sensors']) retrieved from /home/airflow/.local/lib/python3.8/site-packages/airflow/example_dags/example_sensors.py
[2023-09-29T11:05:50.763+0000] {logging_mixin.py:151} INFO - [2023-09-29T11:05:50.763+0000] {dag.py:2915} INFO - Sync 1 DAGs
[2023-09-29T11:05:50.771+0000] {logging_mixin.py:151} INFO - [2023-09-29T11:05:50.771+0000] {dag.py:3696} INFO - Setting next_dagrun for example_sensors to None, run_after=None
[2023-09-29T11:05:50.779+0000] {processor.py:179} INFO - Processing /home/airflow/.local/lib/python3.8/site-packages/airflow/example_dags/example_sensors.py took 0.037 seconds
