[2023-09-29T08:49:13.877+0000] {processor.py:157} INFO - Started process (PID=39) to work on /home/airflow/.local/lib/python3.8/site-packages/airflow/example_dags/example_branch_operator.py
[2023-09-29T08:49:13.878+0000] {processor.py:829} INFO - Processing file /home/airflow/.local/lib/python3.8/site-packages/airflow/example_dags/example_branch_operator.py for tasks to queue
[2023-09-29T08:49:13.880+0000] {logging_mixin.py:151} INFO - [2023-09-29T08:49:13.880+0000] {dagbag.py:539} INFO - Filling up the DagBag from /home/airflow/.local/lib/python3.8/site-packages/airflow/example_dags/example_branch_operator.py
[2023-09-29T08:49:13.889+0000] {processor.py:839} INFO - DAG(s) dict_keys(['example_branch_operator']) retrieved from /home/airflow/.local/lib/python3.8/site-packages/airflow/example_dags/example_branch_operator.py
[2023-09-29T08:49:13.903+0000] {logging_mixin.py:151} INFO - [2023-09-29T08:49:13.903+0000] {dag.py:2915} INFO - Sync 1 DAGs
[2023-09-29T08:49:13.920+0000] {logging_mixin.py:151} INFO - [2023-09-29T08:49:13.920+0000] {dag.py:3696} INFO - Setting next_dagrun for example_branch_operator to 2023-09-28T00:00:00+00:00, run_after=2023-09-29T00:00:00+00:00
[2023-09-29T08:49:13.932+0000] {processor.py:179} INFO - Processing /home/airflow/.local/lib/python3.8/site-packages/airflow/example_dags/example_branch_operator.py took 0.058 seconds
[2023-09-29T08:49:44.727+0000] {processor.py:157} INFO - Started process (PID=96) to work on /home/airflow/.local/lib/python3.8/site-packages/airflow/example_dags/example_branch_operator.py
[2023-09-29T08:49:44.728+0000] {processor.py:829} INFO - Processing file /home/airflow/.local/lib/python3.8/site-packages/airflow/example_dags/example_branch_operator.py for tasks to queue
[2023-09-29T08:49:44.729+0000] {logging_mixin.py:151} INFO - [2023-09-29T08:49:44.729+0000] {dagbag.py:539} INFO - Filling up the DagBag from /home/airflow/.local/lib/python3.8/site-packages/airflow/example_dags/example_branch_operator.py
[2023-09-29T08:49:44.735+0000] {processor.py:839} INFO - DAG(s) dict_keys(['example_branch_operator']) retrieved from /home/airflow/.local/lib/python3.8/site-packages/airflow/example_dags/example_branch_operator.py
[2023-09-29T08:49:44.746+0000] {logging_mixin.py:151} INFO - [2023-09-29T08:49:44.746+0000] {dag.py:2915} INFO - Sync 1 DAGs
[2023-09-29T08:49:44.756+0000] {logging_mixin.py:151} INFO - [2023-09-29T08:49:44.756+0000] {dag.py:3696} INFO - Setting next_dagrun for example_branch_operator to 2023-09-28T00:00:00+00:00, run_after=2023-09-29T00:00:00+00:00
[2023-09-29T08:49:44.763+0000] {processor.py:179} INFO - Processing /home/airflow/.local/lib/python3.8/site-packages/airflow/example_dags/example_branch_operator.py took 0.038 seconds
[2023-09-29T08:50:15.247+0000] {processor.py:157} INFO - Started process (PID=152) to work on /home/airflow/.local/lib/python3.8/site-packages/airflow/example_dags/example_branch_operator.py
[2023-09-29T08:50:15.248+0000] {processor.py:829} INFO - Processing file /home/airflow/.local/lib/python3.8/site-packages/airflow/example_dags/example_branch_operator.py for tasks to queue
[2023-09-29T08:50:15.250+0000] {logging_mixin.py:151} INFO - [2023-09-29T08:50:15.250+0000] {dagbag.py:539} INFO - Filling up the DagBag from /home/airflow/.local/lib/python3.8/site-packages/airflow/example_dags/example_branch_operator.py
[2023-09-29T08:50:15.256+0000] {processor.py:839} INFO - DAG(s) dict_keys(['example_branch_operator']) retrieved from /home/airflow/.local/lib/python3.8/site-packages/airflow/example_dags/example_branch_operator.py
[2023-09-29T08:50:15.270+0000] {logging_mixin.py:151} INFO - [2023-09-29T08:50:15.269+0000] {dag.py:2915} INFO - Sync 1 DAGs
[2023-09-29T08:50:15.281+0000] {logging_mixin.py:151} INFO - [2023-09-29T08:50:15.281+0000] {dag.py:3696} INFO - Setting next_dagrun for example_branch_operator to 2023-09-28T00:00:00+00:00, run_after=2023-09-29T00:00:00+00:00
[2023-09-29T08:50:15.289+0000] {processor.py:179} INFO - Processing /home/airflow/.local/lib/python3.8/site-packages/airflow/example_dags/example_branch_operator.py took 0.045 seconds
[2023-09-29T08:50:45.669+0000] {processor.py:157} INFO - Started process (PID=210) to work on /home/airflow/.local/lib/python3.8/site-packages/airflow/example_dags/example_branch_operator.py
[2023-09-29T08:50:45.669+0000] {processor.py:829} INFO - Processing file /home/airflow/.local/lib/python3.8/site-packages/airflow/example_dags/example_branch_operator.py for tasks to queue
[2023-09-29T08:50:45.672+0000] {logging_mixin.py:151} INFO - [2023-09-29T08:50:45.671+0000] {dagbag.py:539} INFO - Filling up the DagBag from /home/airflow/.local/lib/python3.8/site-packages/airflow/example_dags/example_branch_operator.py
[2023-09-29T08:50:45.678+0000] {processor.py:839} INFO - DAG(s) dict_keys(['example_branch_operator']) retrieved from /home/airflow/.local/lib/python3.8/site-packages/airflow/example_dags/example_branch_operator.py
[2023-09-29T08:50:45.691+0000] {logging_mixin.py:151} INFO - [2023-09-29T08:50:45.691+0000] {dag.py:2915} INFO - Sync 1 DAGs
[2023-09-29T08:50:45.701+0000] {logging_mixin.py:151} INFO - [2023-09-29T08:50:45.701+0000] {dag.py:3696} INFO - Setting next_dagrun for example_branch_operator to 2023-09-28T00:00:00+00:00, run_after=2023-09-29T00:00:00+00:00
[2023-09-29T08:50:45.709+0000] {processor.py:179} INFO - Processing /home/airflow/.local/lib/python3.8/site-packages/airflow/example_dags/example_branch_operator.py took 0.042 seconds
[2023-09-29T08:51:16.819+0000] {processor.py:157} INFO - Started process (PID=267) to work on /home/airflow/.local/lib/python3.8/site-packages/airflow/example_dags/example_branch_operator.py
[2023-09-29T08:51:16.819+0000] {processor.py:829} INFO - Processing file /home/airflow/.local/lib/python3.8/site-packages/airflow/example_dags/example_branch_operator.py for tasks to queue
[2023-09-29T08:51:16.820+0000] {logging_mixin.py:151} INFO - [2023-09-29T08:51:16.820+0000] {dagbag.py:539} INFO - Filling up the DagBag from /home/airflow/.local/lib/python3.8/site-packages/airflow/example_dags/example_branch_operator.py
[2023-09-29T08:51:16.825+0000] {processor.py:839} INFO - DAG(s) dict_keys(['example_branch_operator']) retrieved from /home/airflow/.local/lib/python3.8/site-packages/airflow/example_dags/example_branch_operator.py
[2023-09-29T08:51:16.836+0000] {logging_mixin.py:151} INFO - [2023-09-29T08:51:16.836+0000] {dag.py:2915} INFO - Sync 1 DAGs
[2023-09-29T08:51:16.847+0000] {logging_mixin.py:151} INFO - [2023-09-29T08:51:16.847+0000] {dag.py:3696} INFO - Setting next_dagrun for example_branch_operator to 2023-09-28T00:00:00+00:00, run_after=2023-09-29T00:00:00+00:00
[2023-09-29T08:51:16.855+0000] {processor.py:179} INFO - Processing /home/airflow/.local/lib/python3.8/site-packages/airflow/example_dags/example_branch_operator.py took 0.039 seconds
[2023-09-29T08:51:48.113+0000] {processor.py:157} INFO - Started process (PID=324) to work on /home/airflow/.local/lib/python3.8/site-packages/airflow/example_dags/example_branch_operator.py
[2023-09-29T08:51:48.113+0000] {processor.py:829} INFO - Processing file /home/airflow/.local/lib/python3.8/site-packages/airflow/example_dags/example_branch_operator.py for tasks to queue
[2023-09-29T08:51:48.114+0000] {logging_mixin.py:151} INFO - [2023-09-29T08:51:48.114+0000] {dagbag.py:539} INFO - Filling up the DagBag from /home/airflow/.local/lib/python3.8/site-packages/airflow/example_dags/example_branch_operator.py
[2023-09-29T08:51:48.119+0000] {processor.py:839} INFO - DAG(s) dict_keys(['example_branch_operator']) retrieved from /home/airflow/.local/lib/python3.8/site-packages/airflow/example_dags/example_branch_operator.py
[2023-09-29T08:51:48.131+0000] {logging_mixin.py:151} INFO - [2023-09-29T08:51:48.131+0000] {dag.py:2915} INFO - Sync 1 DAGs
[2023-09-29T08:51:48.143+0000] {logging_mixin.py:151} INFO - [2023-09-29T08:51:48.143+0000] {dag.py:3696} INFO - Setting next_dagrun for example_branch_operator to 2023-09-28T00:00:00+00:00, run_after=2023-09-29T00:00:00+00:00
[2023-09-29T08:51:48.153+0000] {processor.py:179} INFO - Processing /home/airflow/.local/lib/python3.8/site-packages/airflow/example_dags/example_branch_operator.py took 0.042 seconds
[2023-09-29T08:52:19.444+0000] {processor.py:157} INFO - Started process (PID=381) to work on /home/airflow/.local/lib/python3.8/site-packages/airflow/example_dags/example_branch_operator.py
[2023-09-29T08:52:19.444+0000] {processor.py:829} INFO - Processing file /home/airflow/.local/lib/python3.8/site-packages/airflow/example_dags/example_branch_operator.py for tasks to queue
[2023-09-29T08:52:19.446+0000] {logging_mixin.py:151} INFO - [2023-09-29T08:52:19.446+0000] {dagbag.py:539} INFO - Filling up the DagBag from /home/airflow/.local/lib/python3.8/site-packages/airflow/example_dags/example_branch_operator.py
[2023-09-29T08:52:19.452+0000] {processor.py:839} INFO - DAG(s) dict_keys(['example_branch_operator']) retrieved from /home/airflow/.local/lib/python3.8/site-packages/airflow/example_dags/example_branch_operator.py
[2023-09-29T08:52:19.467+0000] {logging_mixin.py:151} INFO - [2023-09-29T08:52:19.467+0000] {dag.py:2915} INFO - Sync 1 DAGs
[2023-09-29T08:52:19.479+0000] {logging_mixin.py:151} INFO - [2023-09-29T08:52:19.479+0000] {dag.py:3696} INFO - Setting next_dagrun for example_branch_operator to 2023-09-28T00:00:00+00:00, run_after=2023-09-29T00:00:00+00:00
[2023-09-29T08:52:19.488+0000] {processor.py:179} INFO - Processing /home/airflow/.local/lib/python3.8/site-packages/airflow/example_dags/example_branch_operator.py took 0.047 seconds
[2023-09-29T08:52:49.821+0000] {processor.py:157} INFO - Started process (PID=438) to work on /home/airflow/.local/lib/python3.8/site-packages/airflow/example_dags/example_branch_operator.py
[2023-09-29T08:52:49.822+0000] {processor.py:829} INFO - Processing file /home/airflow/.local/lib/python3.8/site-packages/airflow/example_dags/example_branch_operator.py for tasks to queue
[2023-09-29T08:52:49.823+0000] {logging_mixin.py:151} INFO - [2023-09-29T08:52:49.823+0000] {dagbag.py:539} INFO - Filling up the DagBag from /home/airflow/.local/lib/python3.8/site-packages/airflow/example_dags/example_branch_operator.py
[2023-09-29T08:52:49.828+0000] {processor.py:839} INFO - DAG(s) dict_keys(['example_branch_operator']) retrieved from /home/airflow/.local/lib/python3.8/site-packages/airflow/example_dags/example_branch_operator.py
[2023-09-29T08:52:49.839+0000] {logging_mixin.py:151} INFO - [2023-09-29T08:52:49.839+0000] {dag.py:2915} INFO - Sync 1 DAGs
[2023-09-29T08:52:49.849+0000] {logging_mixin.py:151} INFO - [2023-09-29T08:52:49.849+0000] {dag.py:3696} INFO - Setting next_dagrun for example_branch_operator to 2023-09-28T00:00:00+00:00, run_after=2023-09-29T00:00:00+00:00
[2023-09-29T08:52:49.857+0000] {processor.py:179} INFO - Processing /home/airflow/.local/lib/python3.8/site-packages/airflow/example_dags/example_branch_operator.py took 0.038 seconds
[2023-09-29T08:53:21.068+0000] {processor.py:157} INFO - Started process (PID=495) to work on /home/airflow/.local/lib/python3.8/site-packages/airflow/example_dags/example_branch_operator.py
[2023-09-29T08:53:21.071+0000] {processor.py:829} INFO - Processing file /home/airflow/.local/lib/python3.8/site-packages/airflow/example_dags/example_branch_operator.py for tasks to queue
[2023-09-29T08:53:21.073+0000] {logging_mixin.py:151} INFO - [2023-09-29T08:53:21.073+0000] {dagbag.py:539} INFO - Filling up the DagBag from /home/airflow/.local/lib/python3.8/site-packages/airflow/example_dags/example_branch_operator.py
[2023-09-29T08:53:21.081+0000] {processor.py:839} INFO - DAG(s) dict_keys(['example_branch_operator']) retrieved from /home/airflow/.local/lib/python3.8/site-packages/airflow/example_dags/example_branch_operator.py
[2023-09-29T08:53:21.133+0000] {logging_mixin.py:151} INFO - [2023-09-29T08:53:21.132+0000] {dag.py:2915} INFO - Sync 1 DAGs
[2023-09-29T08:53:21.173+0000] {logging_mixin.py:151} INFO - [2023-09-29T08:53:21.172+0000] {dag.py:3696} INFO - Setting next_dagrun for example_branch_operator to 2023-09-28T00:00:00+00:00, run_after=2023-09-29T00:00:00+00:00
[2023-09-29T08:53:21.200+0000] {processor.py:179} INFO - Processing /home/airflow/.local/lib/python3.8/site-packages/airflow/example_dags/example_branch_operator.py took 0.136 seconds
[2023-09-29T08:53:51.558+0000] {processor.py:157} INFO - Started process (PID=552) to work on /home/airflow/.local/lib/python3.8/site-packages/airflow/example_dags/example_branch_operator.py
[2023-09-29T08:53:51.559+0000] {processor.py:829} INFO - Processing file /home/airflow/.local/lib/python3.8/site-packages/airflow/example_dags/example_branch_operator.py for tasks to queue
[2023-09-29T08:53:51.562+0000] {logging_mixin.py:151} INFO - [2023-09-29T08:53:51.561+0000] {dagbag.py:539} INFO - Filling up the DagBag from /home/airflow/.local/lib/python3.8/site-packages/airflow/example_dags/example_branch_operator.py
[2023-09-29T08:53:51.568+0000] {processor.py:839} INFO - DAG(s) dict_keys(['example_branch_operator']) retrieved from /home/airflow/.local/lib/python3.8/site-packages/airflow/example_dags/example_branch_operator.py
[2023-09-29T08:53:51.582+0000] {logging_mixin.py:151} INFO - [2023-09-29T08:53:51.582+0000] {dag.py:2915} INFO - Sync 1 DAGs
[2023-09-29T08:53:51.594+0000] {logging_mixin.py:151} INFO - [2023-09-29T08:53:51.594+0000] {dag.py:3696} INFO - Setting next_dagrun for example_branch_operator to 2023-09-28T00:00:00+00:00, run_after=2023-09-29T00:00:00+00:00
[2023-09-29T08:53:51.602+0000] {processor.py:179} INFO - Processing /home/airflow/.local/lib/python3.8/site-packages/airflow/example_dags/example_branch_operator.py took 0.046 seconds
[2023-09-29T08:54:22.012+0000] {processor.py:157} INFO - Started process (PID=608) to work on /home/airflow/.local/lib/python3.8/site-packages/airflow/example_dags/example_branch_operator.py
[2023-09-29T08:54:22.013+0000] {processor.py:829} INFO - Processing file /home/airflow/.local/lib/python3.8/site-packages/airflow/example_dags/example_branch_operator.py for tasks to queue
[2023-09-29T08:54:22.014+0000] {logging_mixin.py:151} INFO - [2023-09-29T08:54:22.014+0000] {dagbag.py:539} INFO - Filling up the DagBag from /home/airflow/.local/lib/python3.8/site-packages/airflow/example_dags/example_branch_operator.py
[2023-09-29T08:54:22.019+0000] {processor.py:839} INFO - DAG(s) dict_keys(['example_branch_operator']) retrieved from /home/airflow/.local/lib/python3.8/site-packages/airflow/example_dags/example_branch_operator.py
[2023-09-29T08:54:22.030+0000] {logging_mixin.py:151} INFO - [2023-09-29T08:54:22.030+0000] {dag.py:2915} INFO - Sync 1 DAGs
[2023-09-29T08:54:22.041+0000] {logging_mixin.py:151} INFO - [2023-09-29T08:54:22.041+0000] {dag.py:3696} INFO - Setting next_dagrun for example_branch_operator to 2023-09-28T00:00:00+00:00, run_after=2023-09-29T00:00:00+00:00
[2023-09-29T08:54:22.048+0000] {processor.py:179} INFO - Processing /home/airflow/.local/lib/python3.8/site-packages/airflow/example_dags/example_branch_operator.py took 0.038 seconds
[2023-09-29T08:54:52.401+0000] {processor.py:157} INFO - Started process (PID=666) to work on /home/airflow/.local/lib/python3.8/site-packages/airflow/example_dags/example_branch_operator.py
[2023-09-29T08:54:52.402+0000] {processor.py:829} INFO - Processing file /home/airflow/.local/lib/python3.8/site-packages/airflow/example_dags/example_branch_operator.py for tasks to queue
[2023-09-29T08:54:52.403+0000] {logging_mixin.py:151} INFO - [2023-09-29T08:54:52.403+0000] {dagbag.py:539} INFO - Filling up the DagBag from /home/airflow/.local/lib/python3.8/site-packages/airflow/example_dags/example_branch_operator.py
[2023-09-29T08:54:52.408+0000] {processor.py:839} INFO - DAG(s) dict_keys(['example_branch_operator']) retrieved from /home/airflow/.local/lib/python3.8/site-packages/airflow/example_dags/example_branch_operator.py
[2023-09-29T08:54:52.419+0000] {logging_mixin.py:151} INFO - [2023-09-29T08:54:52.419+0000] {dag.py:2915} INFO - Sync 1 DAGs
[2023-09-29T08:54:52.430+0000] {logging_mixin.py:151} INFO - [2023-09-29T08:54:52.430+0000] {dag.py:3696} INFO - Setting next_dagrun for example_branch_operator to 2023-09-28T00:00:00+00:00, run_after=2023-09-29T00:00:00+00:00
[2023-09-29T08:54:52.438+0000] {processor.py:179} INFO - Processing /home/airflow/.local/lib/python3.8/site-packages/airflow/example_dags/example_branch_operator.py took 0.039 seconds
[2023-09-29T08:55:23.599+0000] {processor.py:157} INFO - Started process (PID=723) to work on /home/airflow/.local/lib/python3.8/site-packages/airflow/example_dags/example_branch_operator.py
[2023-09-29T08:55:23.600+0000] {processor.py:829} INFO - Processing file /home/airflow/.local/lib/python3.8/site-packages/airflow/example_dags/example_branch_operator.py for tasks to queue
[2023-09-29T08:55:23.601+0000] {logging_mixin.py:151} INFO - [2023-09-29T08:55:23.601+0000] {dagbag.py:539} INFO - Filling up the DagBag from /home/airflow/.local/lib/python3.8/site-packages/airflow/example_dags/example_branch_operator.py
[2023-09-29T08:55:23.605+0000] {processor.py:839} INFO - DAG(s) dict_keys(['example_branch_operator']) retrieved from /home/airflow/.local/lib/python3.8/site-packages/airflow/example_dags/example_branch_operator.py
[2023-09-29T08:55:23.616+0000] {logging_mixin.py:151} INFO - [2023-09-29T08:55:23.616+0000] {dag.py:2915} INFO - Sync 1 DAGs
[2023-09-29T08:55:23.626+0000] {logging_mixin.py:151} INFO - [2023-09-29T08:55:23.626+0000] {dag.py:3696} INFO - Setting next_dagrun for example_branch_operator to 2023-09-28T00:00:00+00:00, run_after=2023-09-29T00:00:00+00:00
[2023-09-29T08:55:23.633+0000] {processor.py:179} INFO - Processing /home/airflow/.local/lib/python3.8/site-packages/airflow/example_dags/example_branch_operator.py took 0.036 seconds
[2023-09-29T08:55:54.899+0000] {processor.py:157} INFO - Started process (PID=780) to work on /home/airflow/.local/lib/python3.8/site-packages/airflow/example_dags/example_branch_operator.py
[2023-09-29T08:55:54.899+0000] {processor.py:829} INFO - Processing file /home/airflow/.local/lib/python3.8/site-packages/airflow/example_dags/example_branch_operator.py for tasks to queue
[2023-09-29T08:55:54.900+0000] {logging_mixin.py:151} INFO - [2023-09-29T08:55:54.900+0000] {dagbag.py:539} INFO - Filling up the DagBag from /home/airflow/.local/lib/python3.8/site-packages/airflow/example_dags/example_branch_operator.py
[2023-09-29T08:55:54.906+0000] {processor.py:839} INFO - DAG(s) dict_keys(['example_branch_operator']) retrieved from /home/airflow/.local/lib/python3.8/site-packages/airflow/example_dags/example_branch_operator.py
[2023-09-29T08:55:54.918+0000] {logging_mixin.py:151} INFO - [2023-09-29T08:55:54.917+0000] {dag.py:2915} INFO - Sync 1 DAGs
[2023-09-29T08:55:54.927+0000] {logging_mixin.py:151} INFO - [2023-09-29T08:55:54.927+0000] {dag.py:3696} INFO - Setting next_dagrun for example_branch_operator to 2023-09-28T00:00:00+00:00, run_after=2023-09-29T00:00:00+00:00
[2023-09-29T08:55:54.934+0000] {processor.py:179} INFO - Processing /home/airflow/.local/lib/python3.8/site-packages/airflow/example_dags/example_branch_operator.py took 0.038 seconds
[2023-09-29T08:56:26.147+0000] {processor.py:157} INFO - Started process (PID=837) to work on /home/airflow/.local/lib/python3.8/site-packages/airflow/example_dags/example_branch_operator.py
[2023-09-29T08:56:26.148+0000] {processor.py:829} INFO - Processing file /home/airflow/.local/lib/python3.8/site-packages/airflow/example_dags/example_branch_operator.py for tasks to queue
[2023-09-29T08:56:26.149+0000] {logging_mixin.py:151} INFO - [2023-09-29T08:56:26.149+0000] {dagbag.py:539} INFO - Filling up the DagBag from /home/airflow/.local/lib/python3.8/site-packages/airflow/example_dags/example_branch_operator.py
[2023-09-29T08:56:26.155+0000] {processor.py:839} INFO - DAG(s) dict_keys(['example_branch_operator']) retrieved from /home/airflow/.local/lib/python3.8/site-packages/airflow/example_dags/example_branch_operator.py
[2023-09-29T08:56:26.171+0000] {logging_mixin.py:151} INFO - [2023-09-29T08:56:26.170+0000] {dag.py:2915} INFO - Sync 1 DAGs
[2023-09-29T08:56:26.181+0000] {logging_mixin.py:151} INFO - [2023-09-29T08:56:26.181+0000] {dag.py:3696} INFO - Setting next_dagrun for example_branch_operator to 2023-09-28T00:00:00+00:00, run_after=2023-09-29T00:00:00+00:00
[2023-09-29T08:56:26.188+0000] {processor.py:179} INFO - Processing /home/airflow/.local/lib/python3.8/site-packages/airflow/example_dags/example_branch_operator.py took 0.043 seconds
[2023-09-29T10:55:00.864+0000] {processor.py:157} INFO - Started process (PID=39) to work on /home/airflow/.local/lib/python3.8/site-packages/airflow/example_dags/example_branch_operator.py
[2023-09-29T10:55:00.867+0000] {processor.py:829} INFO - Processing file /home/airflow/.local/lib/python3.8/site-packages/airflow/example_dags/example_branch_operator.py for tasks to queue
[2023-09-29T10:55:00.868+0000] {logging_mixin.py:151} INFO - [2023-09-29T10:55:00.868+0000] {dagbag.py:539} INFO - Filling up the DagBag from /home/airflow/.local/lib/python3.8/site-packages/airflow/example_dags/example_branch_operator.py
[2023-09-29T10:55:00.876+0000] {processor.py:839} INFO - DAG(s) dict_keys(['example_branch_operator']) retrieved from /home/airflow/.local/lib/python3.8/site-packages/airflow/example_dags/example_branch_operator.py
[2023-09-29T10:55:00.883+0000] {logging_mixin.py:151} INFO - [2023-09-29T10:55:00.883+0000] {dag.py:2915} INFO - Sync 1 DAGs
[2023-09-29T10:55:00.896+0000] {logging_mixin.py:151} INFO - [2023-09-29T10:55:00.896+0000] {dag.py:3696} INFO - Setting next_dagrun for example_branch_operator to 2023-09-28T00:00:00+00:00, run_after=2023-09-29T00:00:00+00:00
[2023-09-29T10:55:00.907+0000] {processor.py:179} INFO - Processing /home/airflow/.local/lib/python3.8/site-packages/airflow/example_dags/example_branch_operator.py took 0.047 seconds
[2023-09-29T10:55:32.090+0000] {processor.py:157} INFO - Started process (PID=95) to work on /home/airflow/.local/lib/python3.8/site-packages/airflow/example_dags/example_branch_operator.py
[2023-09-29T10:55:32.091+0000] {processor.py:829} INFO - Processing file /home/airflow/.local/lib/python3.8/site-packages/airflow/example_dags/example_branch_operator.py for tasks to queue
[2023-09-29T10:55:32.092+0000] {logging_mixin.py:151} INFO - [2023-09-29T10:55:32.092+0000] {dagbag.py:539} INFO - Filling up the DagBag from /home/airflow/.local/lib/python3.8/site-packages/airflow/example_dags/example_branch_operator.py
[2023-09-29T10:55:32.098+0000] {processor.py:839} INFO - DAG(s) dict_keys(['example_branch_operator']) retrieved from /home/airflow/.local/lib/python3.8/site-packages/airflow/example_dags/example_branch_operator.py
[2023-09-29T10:55:32.111+0000] {logging_mixin.py:151} INFO - [2023-09-29T10:55:32.111+0000] {dag.py:2915} INFO - Sync 1 DAGs
[2023-09-29T10:55:32.122+0000] {logging_mixin.py:151} INFO - [2023-09-29T10:55:32.122+0000] {dag.py:3696} INFO - Setting next_dagrun for example_branch_operator to 2023-09-28T00:00:00+00:00, run_after=2023-09-29T00:00:00+00:00
[2023-09-29T10:55:32.129+0000] {processor.py:179} INFO - Processing /home/airflow/.local/lib/python3.8/site-packages/airflow/example_dags/example_branch_operator.py took 0.041 seconds
[2023-09-29T10:56:03.207+0000] {processor.py:157} INFO - Started process (PID=152) to work on /home/airflow/.local/lib/python3.8/site-packages/airflow/example_dags/example_branch_operator.py
[2023-09-29T10:56:03.208+0000] {processor.py:829} INFO - Processing file /home/airflow/.local/lib/python3.8/site-packages/airflow/example_dags/example_branch_operator.py for tasks to queue
[2023-09-29T10:56:03.209+0000] {logging_mixin.py:151} INFO - [2023-09-29T10:56:03.209+0000] {dagbag.py:539} INFO - Filling up the DagBag from /home/airflow/.local/lib/python3.8/site-packages/airflow/example_dags/example_branch_operator.py
[2023-09-29T10:56:03.215+0000] {processor.py:839} INFO - DAG(s) dict_keys(['example_branch_operator']) retrieved from /home/airflow/.local/lib/python3.8/site-packages/airflow/example_dags/example_branch_operator.py
[2023-09-29T10:56:03.226+0000] {logging_mixin.py:151} INFO - [2023-09-29T10:56:03.226+0000] {dag.py:2915} INFO - Sync 1 DAGs
[2023-09-29T10:56:03.236+0000] {logging_mixin.py:151} INFO - [2023-09-29T10:56:03.236+0000] {dag.py:3696} INFO - Setting next_dagrun for example_branch_operator to 2023-09-28T00:00:00+00:00, run_after=2023-09-29T00:00:00+00:00
[2023-09-29T10:56:03.244+0000] {processor.py:179} INFO - Processing /home/airflow/.local/lib/python3.8/site-packages/airflow/example_dags/example_branch_operator.py took 0.038 seconds
[2023-09-29T10:56:33.722+0000] {processor.py:157} INFO - Started process (PID=209) to work on /home/airflow/.local/lib/python3.8/site-packages/airflow/example_dags/example_branch_operator.py
[2023-09-29T10:56:33.724+0000] {processor.py:829} INFO - Processing file /home/airflow/.local/lib/python3.8/site-packages/airflow/example_dags/example_branch_operator.py for tasks to queue
[2023-09-29T10:56:33.725+0000] {logging_mixin.py:151} INFO - [2023-09-29T10:56:33.725+0000] {dagbag.py:539} INFO - Filling up the DagBag from /home/airflow/.local/lib/python3.8/site-packages/airflow/example_dags/example_branch_operator.py
[2023-09-29T10:56:33.731+0000] {processor.py:839} INFO - DAG(s) dict_keys(['example_branch_operator']) retrieved from /home/airflow/.local/lib/python3.8/site-packages/airflow/example_dags/example_branch_operator.py
[2023-09-29T10:56:33.743+0000] {logging_mixin.py:151} INFO - [2023-09-29T10:56:33.743+0000] {dag.py:2915} INFO - Sync 1 DAGs
[2023-09-29T10:56:33.753+0000] {logging_mixin.py:151} INFO - [2023-09-29T10:56:33.753+0000] {dag.py:3696} INFO - Setting next_dagrun for example_branch_operator to 2023-09-28T00:00:00+00:00, run_after=2023-09-29T00:00:00+00:00
[2023-09-29T10:56:33.762+0000] {processor.py:179} INFO - Processing /home/airflow/.local/lib/python3.8/site-packages/airflow/example_dags/example_branch_operator.py took 0.043 seconds
[2023-09-29T10:57:04.233+0000] {processor.py:157} INFO - Started process (PID=267) to work on /home/airflow/.local/lib/python3.8/site-packages/airflow/example_dags/example_branch_operator.py
[2023-09-29T10:57:04.234+0000] {processor.py:829} INFO - Processing file /home/airflow/.local/lib/python3.8/site-packages/airflow/example_dags/example_branch_operator.py for tasks to queue
[2023-09-29T10:57:04.236+0000] {logging_mixin.py:151} INFO - [2023-09-29T10:57:04.235+0000] {dagbag.py:539} INFO - Filling up the DagBag from /home/airflow/.local/lib/python3.8/site-packages/airflow/example_dags/example_branch_operator.py
[2023-09-29T10:57:04.241+0000] {processor.py:839} INFO - DAG(s) dict_keys(['example_branch_operator']) retrieved from /home/airflow/.local/lib/python3.8/site-packages/airflow/example_dags/example_branch_operator.py
[2023-09-29T10:57:04.258+0000] {logging_mixin.py:151} INFO - [2023-09-29T10:57:04.258+0000] {dag.py:2915} INFO - Sync 1 DAGs
[2023-09-29T10:57:04.273+0000] {logging_mixin.py:151} INFO - [2023-09-29T10:57:04.273+0000] {dag.py:3696} INFO - Setting next_dagrun for example_branch_operator to 2023-09-28T00:00:00+00:00, run_after=2023-09-29T00:00:00+00:00
[2023-09-29T10:57:04.282+0000] {processor.py:179} INFO - Processing /home/airflow/.local/lib/python3.8/site-packages/airflow/example_dags/example_branch_operator.py took 0.051 seconds
[2023-09-29T10:57:34.612+0000] {processor.py:157} INFO - Started process (PID=324) to work on /home/airflow/.local/lib/python3.8/site-packages/airflow/example_dags/example_branch_operator.py
[2023-09-29T10:57:34.613+0000] {processor.py:829} INFO - Processing file /home/airflow/.local/lib/python3.8/site-packages/airflow/example_dags/example_branch_operator.py for tasks to queue
[2023-09-29T10:57:34.614+0000] {logging_mixin.py:151} INFO - [2023-09-29T10:57:34.614+0000] {dagbag.py:539} INFO - Filling up the DagBag from /home/airflow/.local/lib/python3.8/site-packages/airflow/example_dags/example_branch_operator.py
[2023-09-29T10:57:34.620+0000] {processor.py:839} INFO - DAG(s) dict_keys(['example_branch_operator']) retrieved from /home/airflow/.local/lib/python3.8/site-packages/airflow/example_dags/example_branch_operator.py
[2023-09-29T10:57:34.631+0000] {logging_mixin.py:151} INFO - [2023-09-29T10:57:34.631+0000] {dag.py:2915} INFO - Sync 1 DAGs
[2023-09-29T10:57:34.642+0000] {logging_mixin.py:151} INFO - [2023-09-29T10:57:34.641+0000] {dag.py:3696} INFO - Setting next_dagrun for example_branch_operator to 2023-09-28T00:00:00+00:00, run_after=2023-09-29T00:00:00+00:00
[2023-09-29T10:57:34.649+0000] {processor.py:179} INFO - Processing /home/airflow/.local/lib/python3.8/site-packages/airflow/example_dags/example_branch_operator.py took 0.039 seconds
[2023-09-29T10:58:05.622+0000] {processor.py:157} INFO - Started process (PID=381) to work on /home/airflow/.local/lib/python3.8/site-packages/airflow/example_dags/example_branch_operator.py
[2023-09-29T10:58:05.623+0000] {processor.py:829} INFO - Processing file /home/airflow/.local/lib/python3.8/site-packages/airflow/example_dags/example_branch_operator.py for tasks to queue
[2023-09-29T10:58:05.624+0000] {logging_mixin.py:151} INFO - [2023-09-29T10:58:05.624+0000] {dagbag.py:539} INFO - Filling up the DagBag from /home/airflow/.local/lib/python3.8/site-packages/airflow/example_dags/example_branch_operator.py
[2023-09-29T10:58:05.630+0000] {processor.py:839} INFO - DAG(s) dict_keys(['example_branch_operator']) retrieved from /home/airflow/.local/lib/python3.8/site-packages/airflow/example_dags/example_branch_operator.py
[2023-09-29T10:58:05.648+0000] {logging_mixin.py:151} INFO - [2023-09-29T10:58:05.648+0000] {dag.py:2915} INFO - Sync 1 DAGs
[2023-09-29T10:58:05.661+0000] {logging_mixin.py:151} INFO - [2023-09-29T10:58:05.661+0000] {dag.py:3696} INFO - Setting next_dagrun for example_branch_operator to 2023-09-28T00:00:00+00:00, run_after=2023-09-29T00:00:00+00:00
[2023-09-29T10:58:05.668+0000] {processor.py:179} INFO - Processing /home/airflow/.local/lib/python3.8/site-packages/airflow/example_dags/example_branch_operator.py took 0.049 seconds
[2023-09-29T10:58:36.907+0000] {processor.py:157} INFO - Started process (PID=438) to work on /home/airflow/.local/lib/python3.8/site-packages/airflow/example_dags/example_branch_operator.py
[2023-09-29T10:58:36.908+0000] {processor.py:829} INFO - Processing file /home/airflow/.local/lib/python3.8/site-packages/airflow/example_dags/example_branch_operator.py for tasks to queue
[2023-09-29T10:58:36.909+0000] {logging_mixin.py:151} INFO - [2023-09-29T10:58:36.909+0000] {dagbag.py:539} INFO - Filling up the DagBag from /home/airflow/.local/lib/python3.8/site-packages/airflow/example_dags/example_branch_operator.py
[2023-09-29T10:58:36.914+0000] {processor.py:839} INFO - DAG(s) dict_keys(['example_branch_operator']) retrieved from /home/airflow/.local/lib/python3.8/site-packages/airflow/example_dags/example_branch_operator.py
[2023-09-29T10:58:36.927+0000] {logging_mixin.py:151} INFO - [2023-09-29T10:58:36.927+0000] {dag.py:2915} INFO - Sync 1 DAGs
[2023-09-29T10:58:36.937+0000] {logging_mixin.py:151} INFO - [2023-09-29T10:58:36.937+0000] {dag.py:3696} INFO - Setting next_dagrun for example_branch_operator to 2023-09-28T00:00:00+00:00, run_after=2023-09-29T00:00:00+00:00
[2023-09-29T10:58:36.945+0000] {processor.py:179} INFO - Processing /home/airflow/.local/lib/python3.8/site-packages/airflow/example_dags/example_branch_operator.py took 0.040 seconds
[2023-09-29T10:59:08.134+0000] {processor.py:157} INFO - Started process (PID=495) to work on /home/airflow/.local/lib/python3.8/site-packages/airflow/example_dags/example_branch_operator.py
[2023-09-29T10:59:08.135+0000] {processor.py:829} INFO - Processing file /home/airflow/.local/lib/python3.8/site-packages/airflow/example_dags/example_branch_operator.py for tasks to queue
[2023-09-29T10:59:08.136+0000] {logging_mixin.py:151} INFO - [2023-09-29T10:59:08.136+0000] {dagbag.py:539} INFO - Filling up the DagBag from /home/airflow/.local/lib/python3.8/site-packages/airflow/example_dags/example_branch_operator.py
[2023-09-29T10:59:08.141+0000] {processor.py:839} INFO - DAG(s) dict_keys(['example_branch_operator']) retrieved from /home/airflow/.local/lib/python3.8/site-packages/airflow/example_dags/example_branch_operator.py
[2023-09-29T10:59:08.153+0000] {logging_mixin.py:151} INFO - [2023-09-29T10:59:08.153+0000] {dag.py:2915} INFO - Sync 1 DAGs
[2023-09-29T10:59:08.163+0000] {logging_mixin.py:151} INFO - [2023-09-29T10:59:08.163+0000] {dag.py:3696} INFO - Setting next_dagrun for example_branch_operator to 2023-09-28T00:00:00+00:00, run_after=2023-09-29T00:00:00+00:00
[2023-09-29T10:59:08.170+0000] {processor.py:179} INFO - Processing /home/airflow/.local/lib/python3.8/site-packages/airflow/example_dags/example_branch_operator.py took 0.038 seconds
[2023-09-29T10:59:38.612+0000] {processor.py:157} INFO - Started process (PID=552) to work on /home/airflow/.local/lib/python3.8/site-packages/airflow/example_dags/example_branch_operator.py
[2023-09-29T10:59:38.614+0000] {processor.py:829} INFO - Processing file /home/airflow/.local/lib/python3.8/site-packages/airflow/example_dags/example_branch_operator.py for tasks to queue
[2023-09-29T10:59:38.615+0000] {logging_mixin.py:151} INFO - [2023-09-29T10:59:38.615+0000] {dagbag.py:539} INFO - Filling up the DagBag from /home/airflow/.local/lib/python3.8/site-packages/airflow/example_dags/example_branch_operator.py
[2023-09-29T10:59:38.620+0000] {processor.py:839} INFO - DAG(s) dict_keys(['example_branch_operator']) retrieved from /home/airflow/.local/lib/python3.8/site-packages/airflow/example_dags/example_branch_operator.py
[2023-09-29T10:59:38.632+0000] {logging_mixin.py:151} INFO - [2023-09-29T10:59:38.632+0000] {dag.py:2915} INFO - Sync 1 DAGs
[2023-09-29T10:59:38.643+0000] {logging_mixin.py:151} INFO - [2023-09-29T10:59:38.643+0000] {dag.py:3696} INFO - Setting next_dagrun for example_branch_operator to 2023-09-28T00:00:00+00:00, run_after=2023-09-29T00:00:00+00:00
[2023-09-29T10:59:38.650+0000] {processor.py:179} INFO - Processing /home/airflow/.local/lib/python3.8/site-packages/airflow/example_dags/example_branch_operator.py took 0.040 seconds
[2023-09-29T11:00:09.703+0000] {processor.py:157} INFO - Started process (PID=609) to work on /home/airflow/.local/lib/python3.8/site-packages/airflow/example_dags/example_branch_operator.py
[2023-09-29T11:00:09.704+0000] {processor.py:829} INFO - Processing file /home/airflow/.local/lib/python3.8/site-packages/airflow/example_dags/example_branch_operator.py for tasks to queue
[2023-09-29T11:00:09.705+0000] {logging_mixin.py:151} INFO - [2023-09-29T11:00:09.705+0000] {dagbag.py:539} INFO - Filling up the DagBag from /home/airflow/.local/lib/python3.8/site-packages/airflow/example_dags/example_branch_operator.py
[2023-09-29T11:00:09.712+0000] {processor.py:839} INFO - DAG(s) dict_keys(['example_branch_operator']) retrieved from /home/airflow/.local/lib/python3.8/site-packages/airflow/example_dags/example_branch_operator.py
[2023-09-29T11:00:09.725+0000] {logging_mixin.py:151} INFO - [2023-09-29T11:00:09.724+0000] {dag.py:2915} INFO - Sync 1 DAGs
[2023-09-29T11:00:09.734+0000] {logging_mixin.py:151} INFO - [2023-09-29T11:00:09.734+0000] {dag.py:3696} INFO - Setting next_dagrun for example_branch_operator to 2023-09-28T00:00:00+00:00, run_after=2023-09-29T00:00:00+00:00
[2023-09-29T11:00:09.742+0000] {processor.py:179} INFO - Processing /home/airflow/.local/lib/python3.8/site-packages/airflow/example_dags/example_branch_operator.py took 0.041 seconds
[2023-09-29T11:00:40.369+0000] {processor.py:157} INFO - Started process (PID=666) to work on /home/airflow/.local/lib/python3.8/site-packages/airflow/example_dags/example_branch_operator.py
[2023-09-29T11:00:40.370+0000] {processor.py:829} INFO - Processing file /home/airflow/.local/lib/python3.8/site-packages/airflow/example_dags/example_branch_operator.py for tasks to queue
[2023-09-29T11:00:40.371+0000] {logging_mixin.py:151} INFO - [2023-09-29T11:00:40.371+0000] {dagbag.py:539} INFO - Filling up the DagBag from /home/airflow/.local/lib/python3.8/site-packages/airflow/example_dags/example_branch_operator.py
[2023-09-29T11:00:40.376+0000] {processor.py:839} INFO - DAG(s) dict_keys(['example_branch_operator']) retrieved from /home/airflow/.local/lib/python3.8/site-packages/airflow/example_dags/example_branch_operator.py
[2023-09-29T11:00:40.389+0000] {logging_mixin.py:151} INFO - [2023-09-29T11:00:40.389+0000] {dag.py:2915} INFO - Sync 1 DAGs
[2023-09-29T11:00:40.404+0000] {logging_mixin.py:151} INFO - [2023-09-29T11:00:40.404+0000] {dag.py:3696} INFO - Setting next_dagrun for example_branch_operator to 2023-09-28T00:00:00+00:00, run_after=2023-09-29T00:00:00+00:00
[2023-09-29T11:00:40.414+0000] {processor.py:179} INFO - Processing /home/airflow/.local/lib/python3.8/site-packages/airflow/example_dags/example_branch_operator.py took 0.047 seconds
[2023-09-29T11:01:11.499+0000] {processor.py:157} INFO - Started process (PID=723) to work on /home/airflow/.local/lib/python3.8/site-packages/airflow/example_dags/example_branch_operator.py
[2023-09-29T11:01:11.500+0000] {processor.py:829} INFO - Processing file /home/airflow/.local/lib/python3.8/site-packages/airflow/example_dags/example_branch_operator.py for tasks to queue
[2023-09-29T11:01:11.501+0000] {logging_mixin.py:151} INFO - [2023-09-29T11:01:11.501+0000] {dagbag.py:539} INFO - Filling up the DagBag from /home/airflow/.local/lib/python3.8/site-packages/airflow/example_dags/example_branch_operator.py
[2023-09-29T11:01:11.506+0000] {processor.py:839} INFO - DAG(s) dict_keys(['example_branch_operator']) retrieved from /home/airflow/.local/lib/python3.8/site-packages/airflow/example_dags/example_branch_operator.py
[2023-09-29T11:01:11.517+0000] {logging_mixin.py:151} INFO - [2023-09-29T11:01:11.517+0000] {dag.py:2915} INFO - Sync 1 DAGs
[2023-09-29T11:01:11.529+0000] {logging_mixin.py:151} INFO - [2023-09-29T11:01:11.529+0000] {dag.py:3696} INFO - Setting next_dagrun for example_branch_operator to 2023-09-28T00:00:00+00:00, run_after=2023-09-29T00:00:00+00:00
[2023-09-29T11:01:11.538+0000] {processor.py:179} INFO - Processing /home/airflow/.local/lib/python3.8/site-packages/airflow/example_dags/example_branch_operator.py took 0.041 seconds
[2023-09-29T11:01:42.802+0000] {processor.py:157} INFO - Started process (PID=780) to work on /home/airflow/.local/lib/python3.8/site-packages/airflow/example_dags/example_branch_operator.py
[2023-09-29T11:01:42.803+0000] {processor.py:829} INFO - Processing file /home/airflow/.local/lib/python3.8/site-packages/airflow/example_dags/example_branch_operator.py for tasks to queue
[2023-09-29T11:01:42.805+0000] {logging_mixin.py:151} INFO - [2023-09-29T11:01:42.805+0000] {dagbag.py:539} INFO - Filling up the DagBag from /home/airflow/.local/lib/python3.8/site-packages/airflow/example_dags/example_branch_operator.py
[2023-09-29T11:01:42.810+0000] {processor.py:839} INFO - DAG(s) dict_keys(['example_branch_operator']) retrieved from /home/airflow/.local/lib/python3.8/site-packages/airflow/example_dags/example_branch_operator.py
[2023-09-29T11:01:42.823+0000] {logging_mixin.py:151} INFO - [2023-09-29T11:01:42.822+0000] {dag.py:2915} INFO - Sync 1 DAGs
[2023-09-29T11:01:42.834+0000] {logging_mixin.py:151} INFO - [2023-09-29T11:01:42.833+0000] {dag.py:3696} INFO - Setting next_dagrun for example_branch_operator to 2023-09-28T00:00:00+00:00, run_after=2023-09-29T00:00:00+00:00
[2023-09-29T11:01:42.842+0000] {processor.py:179} INFO - Processing /home/airflow/.local/lib/python3.8/site-packages/airflow/example_dags/example_branch_operator.py took 0.042 seconds
[2023-09-29T11:02:13.977+0000] {processor.py:157} INFO - Started process (PID=837) to work on /home/airflow/.local/lib/python3.8/site-packages/airflow/example_dags/example_branch_operator.py
[2023-09-29T11:02:13.978+0000] {processor.py:829} INFO - Processing file /home/airflow/.local/lib/python3.8/site-packages/airflow/example_dags/example_branch_operator.py for tasks to queue
[2023-09-29T11:02:13.980+0000] {logging_mixin.py:151} INFO - [2023-09-29T11:02:13.979+0000] {dagbag.py:539} INFO - Filling up the DagBag from /home/airflow/.local/lib/python3.8/site-packages/airflow/example_dags/example_branch_operator.py
[2023-09-29T11:02:13.985+0000] {processor.py:839} INFO - DAG(s) dict_keys(['example_branch_operator']) retrieved from /home/airflow/.local/lib/python3.8/site-packages/airflow/example_dags/example_branch_operator.py
[2023-09-29T11:02:13.997+0000] {logging_mixin.py:151} INFO - [2023-09-29T11:02:13.997+0000] {dag.py:2915} INFO - Sync 1 DAGs
[2023-09-29T11:02:14.008+0000] {logging_mixin.py:151} INFO - [2023-09-29T11:02:14.008+0000] {dag.py:3696} INFO - Setting next_dagrun for example_branch_operator to 2023-09-28T00:00:00+00:00, run_after=2023-09-29T00:00:00+00:00
[2023-09-29T11:02:14.017+0000] {processor.py:179} INFO - Processing /home/airflow/.local/lib/python3.8/site-packages/airflow/example_dags/example_branch_operator.py took 0.041 seconds
[2023-09-29T11:02:44.265+0000] {processor.py:157} INFO - Started process (PID=895) to work on /home/airflow/.local/lib/python3.8/site-packages/airflow/example_dags/example_branch_operator.py
[2023-09-29T11:02:44.266+0000] {processor.py:829} INFO - Processing file /home/airflow/.local/lib/python3.8/site-packages/airflow/example_dags/example_branch_operator.py for tasks to queue
[2023-09-29T11:02:44.268+0000] {logging_mixin.py:151} INFO - [2023-09-29T11:02:44.268+0000] {dagbag.py:539} INFO - Filling up the DagBag from /home/airflow/.local/lib/python3.8/site-packages/airflow/example_dags/example_branch_operator.py
[2023-09-29T11:02:44.279+0000] {processor.py:839} INFO - DAG(s) dict_keys(['example_branch_operator']) retrieved from /home/airflow/.local/lib/python3.8/site-packages/airflow/example_dags/example_branch_operator.py
[2023-09-29T11:02:44.294+0000] {logging_mixin.py:151} INFO - [2023-09-29T11:02:44.294+0000] {dag.py:2915} INFO - Sync 1 DAGs
[2023-09-29T11:02:44.307+0000] {logging_mixin.py:151} INFO - [2023-09-29T11:02:44.307+0000] {dag.py:3696} INFO - Setting next_dagrun for example_branch_operator to 2023-09-28T00:00:00+00:00, run_after=2023-09-29T00:00:00+00:00
[2023-09-29T11:02:44.316+0000] {processor.py:179} INFO - Processing /home/airflow/.local/lib/python3.8/site-packages/airflow/example_dags/example_branch_operator.py took 0.053 seconds
[2023-09-29T11:03:15.451+0000] {processor.py:157} INFO - Started process (PID=951) to work on /home/airflow/.local/lib/python3.8/site-packages/airflow/example_dags/example_branch_operator.py
[2023-09-29T11:03:15.451+0000] {processor.py:829} INFO - Processing file /home/airflow/.local/lib/python3.8/site-packages/airflow/example_dags/example_branch_operator.py for tasks to queue
[2023-09-29T11:03:15.453+0000] {logging_mixin.py:151} INFO - [2023-09-29T11:03:15.453+0000] {dagbag.py:539} INFO - Filling up the DagBag from /home/airflow/.local/lib/python3.8/site-packages/airflow/example_dags/example_branch_operator.py
[2023-09-29T11:03:15.458+0000] {processor.py:839} INFO - DAG(s) dict_keys(['example_branch_operator']) retrieved from /home/airflow/.local/lib/python3.8/site-packages/airflow/example_dags/example_branch_operator.py
[2023-09-29T11:03:15.470+0000] {logging_mixin.py:151} INFO - [2023-09-29T11:03:15.470+0000] {dag.py:2915} INFO - Sync 1 DAGs
[2023-09-29T11:03:15.481+0000] {logging_mixin.py:151} INFO - [2023-09-29T11:03:15.481+0000] {dag.py:3696} INFO - Setting next_dagrun for example_branch_operator to 2023-09-28T00:00:00+00:00, run_after=2023-09-29T00:00:00+00:00
[2023-09-29T11:03:15.490+0000] {processor.py:179} INFO - Processing /home/airflow/.local/lib/python3.8/site-packages/airflow/example_dags/example_branch_operator.py took 0.042 seconds
[2023-09-29T11:03:45.712+0000] {processor.py:157} INFO - Started process (PID=1008) to work on /home/airflow/.local/lib/python3.8/site-packages/airflow/example_dags/example_branch_operator.py
[2023-09-29T11:03:45.713+0000] {processor.py:829} INFO - Processing file /home/airflow/.local/lib/python3.8/site-packages/airflow/example_dags/example_branch_operator.py for tasks to queue
[2023-09-29T11:03:45.714+0000] {logging_mixin.py:151} INFO - [2023-09-29T11:03:45.714+0000] {dagbag.py:539} INFO - Filling up the DagBag from /home/airflow/.local/lib/python3.8/site-packages/airflow/example_dags/example_branch_operator.py
[2023-09-29T11:03:45.719+0000] {processor.py:839} INFO - DAG(s) dict_keys(['example_branch_operator']) retrieved from /home/airflow/.local/lib/python3.8/site-packages/airflow/example_dags/example_branch_operator.py
[2023-09-29T11:03:45.731+0000] {logging_mixin.py:151} INFO - [2023-09-29T11:03:45.731+0000] {dag.py:2915} INFO - Sync 1 DAGs
[2023-09-29T11:03:45.741+0000] {logging_mixin.py:151} INFO - [2023-09-29T11:03:45.741+0000] {dag.py:3696} INFO - Setting next_dagrun for example_branch_operator to 2023-09-28T00:00:00+00:00, run_after=2023-09-29T00:00:00+00:00
[2023-09-29T11:03:45.749+0000] {processor.py:179} INFO - Processing /home/airflow/.local/lib/python3.8/site-packages/airflow/example_dags/example_branch_operator.py took 0.038 seconds
[2023-09-29T11:04:16.977+0000] {processor.py:157} INFO - Started process (PID=1065) to work on /home/airflow/.local/lib/python3.8/site-packages/airflow/example_dags/example_branch_operator.py
[2023-09-29T11:04:16.979+0000] {processor.py:829} INFO - Processing file /home/airflow/.local/lib/python3.8/site-packages/airflow/example_dags/example_branch_operator.py for tasks to queue
[2023-09-29T11:04:16.980+0000] {logging_mixin.py:151} INFO - [2023-09-29T11:04:16.980+0000] {dagbag.py:539} INFO - Filling up the DagBag from /home/airflow/.local/lib/python3.8/site-packages/airflow/example_dags/example_branch_operator.py
[2023-09-29T11:04:16.985+0000] {processor.py:839} INFO - DAG(s) dict_keys(['example_branch_operator']) retrieved from /home/airflow/.local/lib/python3.8/site-packages/airflow/example_dags/example_branch_operator.py
[2023-09-29T11:04:16.996+0000] {logging_mixin.py:151} INFO - [2023-09-29T11:04:16.996+0000] {dag.py:2915} INFO - Sync 1 DAGs
[2023-09-29T11:04:17.008+0000] {logging_mixin.py:151} INFO - [2023-09-29T11:04:17.008+0000] {dag.py:3696} INFO - Setting next_dagrun for example_branch_operator to 2023-09-28T00:00:00+00:00, run_after=2023-09-29T00:00:00+00:00
[2023-09-29T11:04:17.016+0000] {processor.py:179} INFO - Processing /home/airflow/.local/lib/python3.8/site-packages/airflow/example_dags/example_branch_operator.py took 0.040 seconds
[2023-09-29T11:04:48.099+0000] {processor.py:157} INFO - Started process (PID=1122) to work on /home/airflow/.local/lib/python3.8/site-packages/airflow/example_dags/example_branch_operator.py
[2023-09-29T11:04:48.100+0000] {processor.py:829} INFO - Processing file /home/airflow/.local/lib/python3.8/site-packages/airflow/example_dags/example_branch_operator.py for tasks to queue
[2023-09-29T11:04:48.101+0000] {logging_mixin.py:151} INFO - [2023-09-29T11:04:48.101+0000] {dagbag.py:539} INFO - Filling up the DagBag from /home/airflow/.local/lib/python3.8/site-packages/airflow/example_dags/example_branch_operator.py
[2023-09-29T11:04:48.106+0000] {processor.py:839} INFO - DAG(s) dict_keys(['example_branch_operator']) retrieved from /home/airflow/.local/lib/python3.8/site-packages/airflow/example_dags/example_branch_operator.py
[2023-09-29T11:04:48.117+0000] {logging_mixin.py:151} INFO - [2023-09-29T11:04:48.117+0000] {dag.py:2915} INFO - Sync 1 DAGs
[2023-09-29T11:04:48.127+0000] {logging_mixin.py:151} INFO - [2023-09-29T11:04:48.126+0000] {dag.py:3696} INFO - Setting next_dagrun for example_branch_operator to 2023-09-28T00:00:00+00:00, run_after=2023-09-29T00:00:00+00:00
[2023-09-29T11:04:48.134+0000] {processor.py:179} INFO - Processing /home/airflow/.local/lib/python3.8/site-packages/airflow/example_dags/example_branch_operator.py took 0.036 seconds
[2023-09-29T11:05:19.108+0000] {processor.py:157} INFO - Started process (PID=1179) to work on /home/airflow/.local/lib/python3.8/site-packages/airflow/example_dags/example_branch_operator.py
[2023-09-29T11:05:19.109+0000] {processor.py:829} INFO - Processing file /home/airflow/.local/lib/python3.8/site-packages/airflow/example_dags/example_branch_operator.py for tasks to queue
[2023-09-29T11:05:19.110+0000] {logging_mixin.py:151} INFO - [2023-09-29T11:05:19.110+0000] {dagbag.py:539} INFO - Filling up the DagBag from /home/airflow/.local/lib/python3.8/site-packages/airflow/example_dags/example_branch_operator.py
[2023-09-29T11:05:19.116+0000] {processor.py:839} INFO - DAG(s) dict_keys(['example_branch_operator']) retrieved from /home/airflow/.local/lib/python3.8/site-packages/airflow/example_dags/example_branch_operator.py
[2023-09-29T11:05:19.127+0000] {logging_mixin.py:151} INFO - [2023-09-29T11:05:19.127+0000] {dag.py:2915} INFO - Sync 1 DAGs
[2023-09-29T11:05:19.137+0000] {logging_mixin.py:151} INFO - [2023-09-29T11:05:19.137+0000] {dag.py:3696} INFO - Setting next_dagrun for example_branch_operator to 2023-09-28T00:00:00+00:00, run_after=2023-09-29T00:00:00+00:00
[2023-09-29T11:05:19.144+0000] {processor.py:179} INFO - Processing /home/airflow/.local/lib/python3.8/site-packages/airflow/example_dags/example_branch_operator.py took 0.038 seconds
[2023-09-29T11:05:50.179+0000] {processor.py:157} INFO - Started process (PID=1236) to work on /home/airflow/.local/lib/python3.8/site-packages/airflow/example_dags/example_branch_operator.py
[2023-09-29T11:05:50.180+0000] {processor.py:829} INFO - Processing file /home/airflow/.local/lib/python3.8/site-packages/airflow/example_dags/example_branch_operator.py for tasks to queue
[2023-09-29T11:05:50.182+0000] {logging_mixin.py:151} INFO - [2023-09-29T11:05:50.181+0000] {dagbag.py:539} INFO - Filling up the DagBag from /home/airflow/.local/lib/python3.8/site-packages/airflow/example_dags/example_branch_operator.py
[2023-09-29T11:05:50.189+0000] {processor.py:839} INFO - DAG(s) dict_keys(['example_branch_operator']) retrieved from /home/airflow/.local/lib/python3.8/site-packages/airflow/example_dags/example_branch_operator.py
[2023-09-29T11:05:50.203+0000] {logging_mixin.py:151} INFO - [2023-09-29T11:05:50.203+0000] {dag.py:2915} INFO - Sync 1 DAGs
[2023-09-29T11:05:50.214+0000] {logging_mixin.py:151} INFO - [2023-09-29T11:05:50.213+0000] {dag.py:3696} INFO - Setting next_dagrun for example_branch_operator to 2023-09-28T00:00:00+00:00, run_after=2023-09-29T00:00:00+00:00
[2023-09-29T11:05:50.222+0000] {processor.py:179} INFO - Processing /home/airflow/.local/lib/python3.8/site-packages/airflow/example_dags/example_branch_operator.py took 0.044 seconds
