[2023-09-29T08:49:15.192+0000] {processor.py:157} INFO - Started process (PID=55) to work on /home/airflow/.local/lib/python3.8/site-packages/airflow/example_dags/example_latest_only_with_trigger.py
[2023-09-29T08:49:15.197+0000] {processor.py:829} INFO - Processing file /home/airflow/.local/lib/python3.8/site-packages/airflow/example_dags/example_latest_only_with_trigger.py for tasks to queue
[2023-09-29T08:49:15.201+0000] {logging_mixin.py:151} INFO - [2023-09-29T08:49:15.200+0000] {dagbag.py:539} INFO - Filling up the DagBag from /home/airflow/.local/lib/python3.8/site-packages/airflow/example_dags/example_latest_only_with_trigger.py
[2023-09-29T08:49:15.211+0000] {processor.py:839} INFO - DAG(s) dict_keys(['latest_only_with_trigger']) retrieved from /home/airflow/.local/lib/python3.8/site-packages/airflow/example_dags/example_latest_only_with_trigger.py
[2023-09-29T08:49:15.248+0000] {logging_mixin.py:151} INFO - [2023-09-29T08:49:15.247+0000] {dag.py:2915} INFO - Sync 1 DAGs
[2023-09-29T08:49:15.297+0000] {logging_mixin.py:151} INFO - [2023-09-29T08:49:15.296+0000] {dag.py:3696} INFO - Setting next_dagrun for latest_only_with_trigger to 2023-09-29T04:49:15.296223+00:00, run_after=2023-09-29T08:49:15.296223+00:00
[2023-09-29T08:49:15.325+0000] {processor.py:179} INFO - Processing /home/airflow/.local/lib/python3.8/site-packages/airflow/example_dags/example_latest_only_with_trigger.py took 0.182 seconds
[2023-09-29T08:49:46.324+0000] {processor.py:157} INFO - Started process (PID=112) to work on /home/airflow/.local/lib/python3.8/site-packages/airflow/example_dags/example_latest_only_with_trigger.py
[2023-09-29T08:49:46.325+0000] {processor.py:829} INFO - Processing file /home/airflow/.local/lib/python3.8/site-packages/airflow/example_dags/example_latest_only_with_trigger.py for tasks to queue
[2023-09-29T08:49:46.328+0000] {logging_mixin.py:151} INFO - [2023-09-29T08:49:46.328+0000] {dagbag.py:539} INFO - Filling up the DagBag from /home/airflow/.local/lib/python3.8/site-packages/airflow/example_dags/example_latest_only_with_trigger.py
[2023-09-29T08:49:46.335+0000] {processor.py:839} INFO - DAG(s) dict_keys(['latest_only_with_trigger']) retrieved from /home/airflow/.local/lib/python3.8/site-packages/airflow/example_dags/example_latest_only_with_trigger.py
[2023-09-29T08:49:46.353+0000] {logging_mixin.py:151} INFO - [2023-09-29T08:49:46.353+0000] {dag.py:2915} INFO - Sync 1 DAGs
[2023-09-29T08:49:46.373+0000] {logging_mixin.py:151} INFO - [2023-09-29T08:49:46.373+0000] {dag.py:3696} INFO - Setting next_dagrun for latest_only_with_trigger to 2023-09-29T04:49:46.373448+00:00, run_after=2023-09-29T08:49:46.373448+00:00
[2023-09-29T08:49:46.383+0000] {processor.py:179} INFO - Processing /home/airflow/.local/lib/python3.8/site-packages/airflow/example_dags/example_latest_only_with_trigger.py took 0.063 seconds
[2023-09-29T08:50:16.878+0000] {processor.py:157} INFO - Started process (PID=169) to work on /home/airflow/.local/lib/python3.8/site-packages/airflow/example_dags/example_latest_only_with_trigger.py
[2023-09-29T08:50:16.880+0000] {processor.py:829} INFO - Processing file /home/airflow/.local/lib/python3.8/site-packages/airflow/example_dags/example_latest_only_with_trigger.py for tasks to queue
[2023-09-29T08:50:16.882+0000] {logging_mixin.py:151} INFO - [2023-09-29T08:50:16.882+0000] {dagbag.py:539} INFO - Filling up the DagBag from /home/airflow/.local/lib/python3.8/site-packages/airflow/example_dags/example_latest_only_with_trigger.py
[2023-09-29T08:50:16.888+0000] {processor.py:839} INFO - DAG(s) dict_keys(['latest_only_with_trigger']) retrieved from /home/airflow/.local/lib/python3.8/site-packages/airflow/example_dags/example_latest_only_with_trigger.py
[2023-09-29T08:50:16.904+0000] {logging_mixin.py:151} INFO - [2023-09-29T08:50:16.904+0000] {dag.py:2915} INFO - Sync 1 DAGs
[2023-09-29T08:50:16.916+0000] {logging_mixin.py:151} INFO - [2023-09-29T08:50:16.916+0000] {dag.py:3696} INFO - Setting next_dagrun for latest_only_with_trigger to 2023-09-29T04:50:16.916725+00:00, run_after=2023-09-29T08:50:16.916725+00:00
[2023-09-29T08:50:16.924+0000] {processor.py:179} INFO - Processing /home/airflow/.local/lib/python3.8/site-packages/airflow/example_dags/example_latest_only_with_trigger.py took 0.051 seconds
[2023-09-29T08:50:47.170+0000] {processor.py:157} INFO - Started process (PID=226) to work on /home/airflow/.local/lib/python3.8/site-packages/airflow/example_dags/example_latest_only_with_trigger.py
[2023-09-29T08:50:47.174+0000] {processor.py:829} INFO - Processing file /home/airflow/.local/lib/python3.8/site-packages/airflow/example_dags/example_latest_only_with_trigger.py for tasks to queue
[2023-09-29T08:50:47.178+0000] {logging_mixin.py:151} INFO - [2023-09-29T08:50:47.178+0000] {dagbag.py:539} INFO - Filling up the DagBag from /home/airflow/.local/lib/python3.8/site-packages/airflow/example_dags/example_latest_only_with_trigger.py
[2023-09-29T08:50:47.185+0000] {processor.py:839} INFO - DAG(s) dict_keys(['latest_only_with_trigger']) retrieved from /home/airflow/.local/lib/python3.8/site-packages/airflow/example_dags/example_latest_only_with_trigger.py
[2023-09-29T08:50:47.203+0000] {logging_mixin.py:151} INFO - [2023-09-29T08:50:47.203+0000] {dag.py:2915} INFO - Sync 1 DAGs
[2023-09-29T08:50:47.216+0000] {logging_mixin.py:151} INFO - [2023-09-29T08:50:47.215+0000] {dag.py:3696} INFO - Setting next_dagrun for latest_only_with_trigger to 2023-09-29T04:50:47.215791+00:00, run_after=2023-09-29T08:50:47.215791+00:00
[2023-09-29T08:50:47.227+0000] {processor.py:179} INFO - Processing /home/airflow/.local/lib/python3.8/site-packages/airflow/example_dags/example_latest_only_with_trigger.py took 0.061 seconds
[2023-09-29T08:51:17.374+0000] {processor.py:157} INFO - Started process (PID=283) to work on /home/airflow/.local/lib/python3.8/site-packages/airflow/example_dags/example_latest_only_with_trigger.py
[2023-09-29T08:51:17.375+0000] {processor.py:829} INFO - Processing file /home/airflow/.local/lib/python3.8/site-packages/airflow/example_dags/example_latest_only_with_trigger.py for tasks to queue
[2023-09-29T08:51:17.376+0000] {logging_mixin.py:151} INFO - [2023-09-29T08:51:17.376+0000] {dagbag.py:539} INFO - Filling up the DagBag from /home/airflow/.local/lib/python3.8/site-packages/airflow/example_dags/example_latest_only_with_trigger.py
[2023-09-29T08:51:17.380+0000] {processor.py:839} INFO - DAG(s) dict_keys(['latest_only_with_trigger']) retrieved from /home/airflow/.local/lib/python3.8/site-packages/airflow/example_dags/example_latest_only_with_trigger.py
[2023-09-29T08:51:17.390+0000] {logging_mixin.py:151} INFO - [2023-09-29T08:51:17.390+0000] {dag.py:2915} INFO - Sync 1 DAGs
[2023-09-29T08:51:17.402+0000] {logging_mixin.py:151} INFO - [2023-09-29T08:51:17.402+0000] {dag.py:3696} INFO - Setting next_dagrun for latest_only_with_trigger to 2023-09-29T04:51:17.402324+00:00, run_after=2023-09-29T08:51:17.402324+00:00
[2023-09-29T08:51:17.412+0000] {processor.py:179} INFO - Processing /home/airflow/.local/lib/python3.8/site-packages/airflow/example_dags/example_latest_only_with_trigger.py took 0.040 seconds
[2023-09-29T08:51:48.602+0000] {processor.py:157} INFO - Started process (PID=340) to work on /home/airflow/.local/lib/python3.8/site-packages/airflow/example_dags/example_latest_only_with_trigger.py
[2023-09-29T08:51:48.603+0000] {processor.py:829} INFO - Processing file /home/airflow/.local/lib/python3.8/site-packages/airflow/example_dags/example_latest_only_with_trigger.py for tasks to queue
[2023-09-29T08:51:48.604+0000] {logging_mixin.py:151} INFO - [2023-09-29T08:51:48.604+0000] {dagbag.py:539} INFO - Filling up the DagBag from /home/airflow/.local/lib/python3.8/site-packages/airflow/example_dags/example_latest_only_with_trigger.py
[2023-09-29T08:51:48.607+0000] {processor.py:839} INFO - DAG(s) dict_keys(['latest_only_with_trigger']) retrieved from /home/airflow/.local/lib/python3.8/site-packages/airflow/example_dags/example_latest_only_with_trigger.py
[2023-09-29T08:51:48.618+0000] {logging_mixin.py:151} INFO - [2023-09-29T08:51:48.618+0000] {dag.py:2915} INFO - Sync 1 DAGs
[2023-09-29T08:51:48.627+0000] {logging_mixin.py:151} INFO - [2023-09-29T08:51:48.627+0000] {dag.py:3696} INFO - Setting next_dagrun for latest_only_with_trigger to 2023-09-29T04:51:48.627465+00:00, run_after=2023-09-29T08:51:48.627465+00:00
[2023-09-29T08:51:48.636+0000] {processor.py:179} INFO - Processing /home/airflow/.local/lib/python3.8/site-packages/airflow/example_dags/example_latest_only_with_trigger.py took 0.036 seconds
[2023-09-29T08:52:20.209+0000] {processor.py:157} INFO - Started process (PID=397) to work on /home/airflow/.local/lib/python3.8/site-packages/airflow/example_dags/example_latest_only_with_trigger.py
[2023-09-29T08:52:20.210+0000] {processor.py:829} INFO - Processing file /home/airflow/.local/lib/python3.8/site-packages/airflow/example_dags/example_latest_only_with_trigger.py for tasks to queue
[2023-09-29T08:52:20.212+0000] {logging_mixin.py:151} INFO - [2023-09-29T08:52:20.212+0000] {dagbag.py:539} INFO - Filling up the DagBag from /home/airflow/.local/lib/python3.8/site-packages/airflow/example_dags/example_latest_only_with_trigger.py
[2023-09-29T08:52:20.216+0000] {processor.py:839} INFO - DAG(s) dict_keys(['latest_only_with_trigger']) retrieved from /home/airflow/.local/lib/python3.8/site-packages/airflow/example_dags/example_latest_only_with_trigger.py
[2023-09-29T08:52:20.231+0000] {logging_mixin.py:151} INFO - [2023-09-29T08:52:20.231+0000] {dag.py:2915} INFO - Sync 1 DAGs
[2023-09-29T08:52:20.242+0000] {logging_mixin.py:151} INFO - [2023-09-29T08:52:20.242+0000] {dag.py:3696} INFO - Setting next_dagrun for latest_only_with_trigger to 2023-09-29T04:52:20.242715+00:00, run_after=2023-09-29T08:52:20.242715+00:00
[2023-09-29T08:52:20.251+0000] {processor.py:179} INFO - Processing /home/airflow/.local/lib/python3.8/site-packages/airflow/example_dags/example_latest_only_with_trigger.py took 0.044 seconds
[2023-09-29T08:52:50.348+0000] {processor.py:157} INFO - Started process (PID=454) to work on /home/airflow/.local/lib/python3.8/site-packages/airflow/example_dags/example_latest_only_with_trigger.py
[2023-09-29T08:52:50.349+0000] {processor.py:829} INFO - Processing file /home/airflow/.local/lib/python3.8/site-packages/airflow/example_dags/example_latest_only_with_trigger.py for tasks to queue
[2023-09-29T08:52:50.350+0000] {logging_mixin.py:151} INFO - [2023-09-29T08:52:50.350+0000] {dagbag.py:539} INFO - Filling up the DagBag from /home/airflow/.local/lib/python3.8/site-packages/airflow/example_dags/example_latest_only_with_trigger.py
[2023-09-29T08:52:50.353+0000] {processor.py:839} INFO - DAG(s) dict_keys(['latest_only_with_trigger']) retrieved from /home/airflow/.local/lib/python3.8/site-packages/airflow/example_dags/example_latest_only_with_trigger.py
[2023-09-29T08:52:50.363+0000] {logging_mixin.py:151} INFO - [2023-09-29T08:52:50.363+0000] {dag.py:2915} INFO - Sync 1 DAGs
[2023-09-29T08:52:50.373+0000] {logging_mixin.py:151} INFO - [2023-09-29T08:52:50.373+0000] {dag.py:3696} INFO - Setting next_dagrun for latest_only_with_trigger to 2023-09-29T04:52:50.373194+00:00, run_after=2023-09-29T08:52:50.373194+00:00
[2023-09-29T08:52:50.380+0000] {processor.py:179} INFO - Processing /home/airflow/.local/lib/python3.8/site-packages/airflow/example_dags/example_latest_only_with_trigger.py took 0.034 seconds
[2023-09-29T08:53:21.847+0000] {processor.py:157} INFO - Started process (PID=511) to work on /home/airflow/.local/lib/python3.8/site-packages/airflow/example_dags/example_latest_only_with_trigger.py
[2023-09-29T08:53:21.847+0000] {processor.py:829} INFO - Processing file /home/airflow/.local/lib/python3.8/site-packages/airflow/example_dags/example_latest_only_with_trigger.py for tasks to queue
[2023-09-29T08:53:21.849+0000] {logging_mixin.py:151} INFO - [2023-09-29T08:53:21.848+0000] {dagbag.py:539} INFO - Filling up the DagBag from /home/airflow/.local/lib/python3.8/site-packages/airflow/example_dags/example_latest_only_with_trigger.py
[2023-09-29T08:53:21.852+0000] {processor.py:839} INFO - DAG(s) dict_keys(['latest_only_with_trigger']) retrieved from /home/airflow/.local/lib/python3.8/site-packages/airflow/example_dags/example_latest_only_with_trigger.py
[2023-09-29T08:53:21.862+0000] {logging_mixin.py:151} INFO - [2023-09-29T08:53:21.862+0000] {dag.py:2915} INFO - Sync 1 DAGs
[2023-09-29T08:53:21.872+0000] {logging_mixin.py:151} INFO - [2023-09-29T08:53:21.872+0000] {dag.py:3696} INFO - Setting next_dagrun for latest_only_with_trigger to 2023-09-29T04:53:21.872547+00:00, run_after=2023-09-29T08:53:21.872547+00:00
[2023-09-29T08:53:21.879+0000] {processor.py:179} INFO - Processing /home/airflow/.local/lib/python3.8/site-packages/airflow/example_dags/example_latest_only_with_trigger.py took 0.035 seconds
[2023-09-29T08:53:52.127+0000] {processor.py:157} INFO - Started process (PID=568) to work on /home/airflow/.local/lib/python3.8/site-packages/airflow/example_dags/example_latest_only_with_trigger.py
[2023-09-29T08:53:52.129+0000] {processor.py:829} INFO - Processing file /home/airflow/.local/lib/python3.8/site-packages/airflow/example_dags/example_latest_only_with_trigger.py for tasks to queue
[2023-09-29T08:53:52.131+0000] {logging_mixin.py:151} INFO - [2023-09-29T08:53:52.130+0000] {dagbag.py:539} INFO - Filling up the DagBag from /home/airflow/.local/lib/python3.8/site-packages/airflow/example_dags/example_latest_only_with_trigger.py
[2023-09-29T08:53:52.137+0000] {processor.py:839} INFO - DAG(s) dict_keys(['latest_only_with_trigger']) retrieved from /home/airflow/.local/lib/python3.8/site-packages/airflow/example_dags/example_latest_only_with_trigger.py
[2023-09-29T08:53:52.152+0000] {logging_mixin.py:151} INFO - [2023-09-29T08:53:52.152+0000] {dag.py:2915} INFO - Sync 1 DAGs
[2023-09-29T08:53:52.167+0000] {logging_mixin.py:151} INFO - [2023-09-29T08:53:52.166+0000] {dag.py:3696} INFO - Setting next_dagrun for latest_only_with_trigger to 2023-09-29T04:53:52.166706+00:00, run_after=2023-09-29T08:53:52.166706+00:00
[2023-09-29T08:53:52.178+0000] {processor.py:179} INFO - Processing /home/airflow/.local/lib/python3.8/site-packages/airflow/example_dags/example_latest_only_with_trigger.py took 0.054 seconds
[2023-09-29T08:54:22.545+0000] {processor.py:157} INFO - Started process (PID=625) to work on /home/airflow/.local/lib/python3.8/site-packages/airflow/example_dags/example_latest_only_with_trigger.py
[2023-09-29T08:54:22.546+0000] {processor.py:829} INFO - Processing file /home/airflow/.local/lib/python3.8/site-packages/airflow/example_dags/example_latest_only_with_trigger.py for tasks to queue
[2023-09-29T08:54:22.547+0000] {logging_mixin.py:151} INFO - [2023-09-29T08:54:22.547+0000] {dagbag.py:539} INFO - Filling up the DagBag from /home/airflow/.local/lib/python3.8/site-packages/airflow/example_dags/example_latest_only_with_trigger.py
[2023-09-29T08:54:22.550+0000] {processor.py:839} INFO - DAG(s) dict_keys(['latest_only_with_trigger']) retrieved from /home/airflow/.local/lib/python3.8/site-packages/airflow/example_dags/example_latest_only_with_trigger.py
[2023-09-29T08:54:22.561+0000] {logging_mixin.py:151} INFO - [2023-09-29T08:54:22.561+0000] {dag.py:2915} INFO - Sync 1 DAGs
[2023-09-29T08:54:22.572+0000] {logging_mixin.py:151} INFO - [2023-09-29T08:54:22.571+0000] {dag.py:3696} INFO - Setting next_dagrun for latest_only_with_trigger to 2023-09-29T04:54:22.571783+00:00, run_after=2023-09-29T08:54:22.571783+00:00
[2023-09-29T08:54:22.579+0000] {processor.py:179} INFO - Processing /home/airflow/.local/lib/python3.8/site-packages/airflow/example_dags/example_latest_only_with_trigger.py took 0.036 seconds
[2023-09-29T08:54:52.889+0000] {processor.py:157} INFO - Started process (PID=682) to work on /home/airflow/.local/lib/python3.8/site-packages/airflow/example_dags/example_latest_only_with_trigger.py
[2023-09-29T08:54:52.889+0000] {processor.py:829} INFO - Processing file /home/airflow/.local/lib/python3.8/site-packages/airflow/example_dags/example_latest_only_with_trigger.py for tasks to queue
[2023-09-29T08:54:52.890+0000] {logging_mixin.py:151} INFO - [2023-09-29T08:54:52.890+0000] {dagbag.py:539} INFO - Filling up the DagBag from /home/airflow/.local/lib/python3.8/site-packages/airflow/example_dags/example_latest_only_with_trigger.py
[2023-09-29T08:54:52.893+0000] {processor.py:839} INFO - DAG(s) dict_keys(['latest_only_with_trigger']) retrieved from /home/airflow/.local/lib/python3.8/site-packages/airflow/example_dags/example_latest_only_with_trigger.py
[2023-09-29T08:54:52.903+0000] {logging_mixin.py:151} INFO - [2023-09-29T08:54:52.903+0000] {dag.py:2915} INFO - Sync 1 DAGs
[2023-09-29T08:54:52.912+0000] {logging_mixin.py:151} INFO - [2023-09-29T08:54:52.912+0000] {dag.py:3696} INFO - Setting next_dagrun for latest_only_with_trigger to 2023-09-29T04:54:52.912490+00:00, run_after=2023-09-29T08:54:52.912490+00:00
[2023-09-29T08:54:52.919+0000] {processor.py:179} INFO - Processing /home/airflow/.local/lib/python3.8/site-packages/airflow/example_dags/example_latest_only_with_trigger.py took 0.032 seconds
[2023-09-29T08:55:24.278+0000] {processor.py:157} INFO - Started process (PID=739) to work on /home/airflow/.local/lib/python3.8/site-packages/airflow/example_dags/example_latest_only_with_trigger.py
[2023-09-29T08:55:24.279+0000] {processor.py:829} INFO - Processing file /home/airflow/.local/lib/python3.8/site-packages/airflow/example_dags/example_latest_only_with_trigger.py for tasks to queue
[2023-09-29T08:55:24.281+0000] {logging_mixin.py:151} INFO - [2023-09-29T08:55:24.280+0000] {dagbag.py:539} INFO - Filling up the DagBag from /home/airflow/.local/lib/python3.8/site-packages/airflow/example_dags/example_latest_only_with_trigger.py
[2023-09-29T08:55:24.285+0000] {processor.py:839} INFO - DAG(s) dict_keys(['latest_only_with_trigger']) retrieved from /home/airflow/.local/lib/python3.8/site-packages/airflow/example_dags/example_latest_only_with_trigger.py
[2023-09-29T08:55:24.306+0000] {logging_mixin.py:151} INFO - [2023-09-29T08:55:24.306+0000] {dag.py:2915} INFO - Sync 1 DAGs
[2023-09-29T08:55:24.316+0000] {logging_mixin.py:151} INFO - [2023-09-29T08:55:24.316+0000] {dag.py:3696} INFO - Setting next_dagrun for latest_only_with_trigger to 2023-09-29T04:55:24.316422+00:00, run_after=2023-09-29T08:55:24.316422+00:00
[2023-09-29T08:55:24.325+0000] {processor.py:179} INFO - Processing /home/airflow/.local/lib/python3.8/site-packages/airflow/example_dags/example_latest_only_with_trigger.py took 0.050 seconds
[2023-09-29T08:55:55.367+0000] {processor.py:157} INFO - Started process (PID=796) to work on /home/airflow/.local/lib/python3.8/site-packages/airflow/example_dags/example_latest_only_with_trigger.py
[2023-09-29T08:55:55.368+0000] {processor.py:829} INFO - Processing file /home/airflow/.local/lib/python3.8/site-packages/airflow/example_dags/example_latest_only_with_trigger.py for tasks to queue
[2023-09-29T08:55:55.369+0000] {logging_mixin.py:151} INFO - [2023-09-29T08:55:55.369+0000] {dagbag.py:539} INFO - Filling up the DagBag from /home/airflow/.local/lib/python3.8/site-packages/airflow/example_dags/example_latest_only_with_trigger.py
[2023-09-29T08:55:55.372+0000] {processor.py:839} INFO - DAG(s) dict_keys(['latest_only_with_trigger']) retrieved from /home/airflow/.local/lib/python3.8/site-packages/airflow/example_dags/example_latest_only_with_trigger.py
[2023-09-29T08:55:55.382+0000] {logging_mixin.py:151} INFO - [2023-09-29T08:55:55.381+0000] {dag.py:2915} INFO - Sync 1 DAGs
[2023-09-29T08:55:55.390+0000] {logging_mixin.py:151} INFO - [2023-09-29T08:55:55.390+0000] {dag.py:3696} INFO - Setting next_dagrun for latest_only_with_trigger to 2023-09-29T04:55:55.390512+00:00, run_after=2023-09-29T08:55:55.390512+00:00
[2023-09-29T08:55:55.397+0000] {processor.py:179} INFO - Processing /home/airflow/.local/lib/python3.8/site-packages/airflow/example_dags/example_latest_only_with_trigger.py took 0.031 seconds
[2023-09-29T08:56:26.683+0000] {processor.py:157} INFO - Started process (PID=853) to work on /home/airflow/.local/lib/python3.8/site-packages/airflow/example_dags/example_latest_only_with_trigger.py
[2023-09-29T08:56:26.684+0000] {processor.py:829} INFO - Processing file /home/airflow/.local/lib/python3.8/site-packages/airflow/example_dags/example_latest_only_with_trigger.py for tasks to queue
[2023-09-29T08:56:26.685+0000] {logging_mixin.py:151} INFO - [2023-09-29T08:56:26.685+0000] {dagbag.py:539} INFO - Filling up the DagBag from /home/airflow/.local/lib/python3.8/site-packages/airflow/example_dags/example_latest_only_with_trigger.py
[2023-09-29T08:56:26.688+0000] {processor.py:839} INFO - DAG(s) dict_keys(['latest_only_with_trigger']) retrieved from /home/airflow/.local/lib/python3.8/site-packages/airflow/example_dags/example_latest_only_with_trigger.py
[2023-09-29T08:56:26.699+0000] {logging_mixin.py:151} INFO - [2023-09-29T08:56:26.699+0000] {dag.py:2915} INFO - Sync 1 DAGs
[2023-09-29T08:56:26.708+0000] {logging_mixin.py:151} INFO - [2023-09-29T08:56:26.708+0000] {dag.py:3696} INFO - Setting next_dagrun for latest_only_with_trigger to 2023-09-29T04:56:26.708554+00:00, run_after=2023-09-29T08:56:26.708554+00:00
[2023-09-29T08:56:26.716+0000] {processor.py:179} INFO - Processing /home/airflow/.local/lib/python3.8/site-packages/airflow/example_dags/example_latest_only_with_trigger.py took 0.034 seconds
[2023-09-29T10:55:01.756+0000] {processor.py:157} INFO - Started process (PID=55) to work on /home/airflow/.local/lib/python3.8/site-packages/airflow/example_dags/example_latest_only_with_trigger.py
[2023-09-29T10:55:01.758+0000] {processor.py:829} INFO - Processing file /home/airflow/.local/lib/python3.8/site-packages/airflow/example_dags/example_latest_only_with_trigger.py for tasks to queue
[2023-09-29T10:55:01.759+0000] {logging_mixin.py:151} INFO - [2023-09-29T10:55:01.759+0000] {dagbag.py:539} INFO - Filling up the DagBag from /home/airflow/.local/lib/python3.8/site-packages/airflow/example_dags/example_latest_only_with_trigger.py
[2023-09-29T10:55:01.766+0000] {processor.py:839} INFO - DAG(s) dict_keys(['latest_only_with_trigger']) retrieved from /home/airflow/.local/lib/python3.8/site-packages/airflow/example_dags/example_latest_only_with_trigger.py
[2023-09-29T10:55:01.782+0000] {logging_mixin.py:151} INFO - [2023-09-29T10:55:01.782+0000] {dag.py:2915} INFO - Sync 1 DAGs
[2023-09-29T10:55:01.798+0000] {logging_mixin.py:151} INFO - [2023-09-29T10:55:01.797+0000] {dag.py:3696} INFO - Setting next_dagrun for latest_only_with_trigger to 2023-09-29T06:55:01.797765+00:00, run_after=2023-09-29T10:55:01.797765+00:00
[2023-09-29T10:55:01.820+0000] {processor.py:179} INFO - Processing /home/airflow/.local/lib/python3.8/site-packages/airflow/example_dags/example_latest_only_with_trigger.py took 0.067 seconds
[2023-09-29T10:55:32.626+0000] {processor.py:157} INFO - Started process (PID=111) to work on /home/airflow/.local/lib/python3.8/site-packages/airflow/example_dags/example_latest_only_with_trigger.py
[2023-09-29T10:55:32.627+0000] {processor.py:829} INFO - Processing file /home/airflow/.local/lib/python3.8/site-packages/airflow/example_dags/example_latest_only_with_trigger.py for tasks to queue
[2023-09-29T10:55:32.628+0000] {logging_mixin.py:151} INFO - [2023-09-29T10:55:32.628+0000] {dagbag.py:539} INFO - Filling up the DagBag from /home/airflow/.local/lib/python3.8/site-packages/airflow/example_dags/example_latest_only_with_trigger.py
[2023-09-29T10:55:32.631+0000] {processor.py:839} INFO - DAG(s) dict_keys(['latest_only_with_trigger']) retrieved from /home/airflow/.local/lib/python3.8/site-packages/airflow/example_dags/example_latest_only_with_trigger.py
[2023-09-29T10:55:32.642+0000] {logging_mixin.py:151} INFO - [2023-09-29T10:55:32.642+0000] {dag.py:2915} INFO - Sync 1 DAGs
[2023-09-29T10:55:32.652+0000] {logging_mixin.py:151} INFO - [2023-09-29T10:55:32.652+0000] {dag.py:3696} INFO - Setting next_dagrun for latest_only_with_trigger to 2023-09-29T06:55:32.652236+00:00, run_after=2023-09-29T10:55:32.652236+00:00
[2023-09-29T10:55:32.659+0000] {processor.py:179} INFO - Processing /home/airflow/.local/lib/python3.8/site-packages/airflow/example_dags/example_latest_only_with_trigger.py took 0.035 seconds
[2023-09-29T10:56:03.804+0000] {processor.py:157} INFO - Started process (PID=168) to work on /home/airflow/.local/lib/python3.8/site-packages/airflow/example_dags/example_latest_only_with_trigger.py
[2023-09-29T10:56:03.805+0000] {processor.py:829} INFO - Processing file /home/airflow/.local/lib/python3.8/site-packages/airflow/example_dags/example_latest_only_with_trigger.py for tasks to queue
[2023-09-29T10:56:03.807+0000] {logging_mixin.py:151} INFO - [2023-09-29T10:56:03.807+0000] {dagbag.py:539} INFO - Filling up the DagBag from /home/airflow/.local/lib/python3.8/site-packages/airflow/example_dags/example_latest_only_with_trigger.py
[2023-09-29T10:56:03.810+0000] {processor.py:839} INFO - DAG(s) dict_keys(['latest_only_with_trigger']) retrieved from /home/airflow/.local/lib/python3.8/site-packages/airflow/example_dags/example_latest_only_with_trigger.py
[2023-09-29T10:56:03.822+0000] {logging_mixin.py:151} INFO - [2023-09-29T10:56:03.822+0000] {dag.py:2915} INFO - Sync 1 DAGs
[2023-09-29T10:56:03.833+0000] {logging_mixin.py:151} INFO - [2023-09-29T10:56:03.833+0000] {dag.py:3696} INFO - Setting next_dagrun for latest_only_with_trigger to 2023-09-29T06:56:03.833479+00:00, run_after=2023-09-29T10:56:03.833479+00:00
[2023-09-29T10:56:03.842+0000] {processor.py:179} INFO - Processing /home/airflow/.local/lib/python3.8/site-packages/airflow/example_dags/example_latest_only_with_trigger.py took 0.039 seconds
[2023-09-29T10:56:34.196+0000] {processor.py:157} INFO - Started process (PID=225) to work on /home/airflow/.local/lib/python3.8/site-packages/airflow/example_dags/example_latest_only_with_trigger.py
[2023-09-29T10:56:34.197+0000] {processor.py:829} INFO - Processing file /home/airflow/.local/lib/python3.8/site-packages/airflow/example_dags/example_latest_only_with_trigger.py for tasks to queue
[2023-09-29T10:56:34.199+0000] {logging_mixin.py:151} INFO - [2023-09-29T10:56:34.198+0000] {dagbag.py:539} INFO - Filling up the DagBag from /home/airflow/.local/lib/python3.8/site-packages/airflow/example_dags/example_latest_only_with_trigger.py
[2023-09-29T10:56:34.205+0000] {processor.py:839} INFO - DAG(s) dict_keys(['latest_only_with_trigger']) retrieved from /home/airflow/.local/lib/python3.8/site-packages/airflow/example_dags/example_latest_only_with_trigger.py
[2023-09-29T10:56:34.228+0000] {logging_mixin.py:151} INFO - [2023-09-29T10:56:34.228+0000] {dag.py:2915} INFO - Sync 1 DAGs
[2023-09-29T10:56:34.242+0000] {logging_mixin.py:151} INFO - [2023-09-29T10:56:34.242+0000] {dag.py:3696} INFO - Setting next_dagrun for latest_only_with_trigger to 2023-09-29T06:56:34.241929+00:00, run_after=2023-09-29T10:56:34.241929+00:00
[2023-09-29T10:56:34.262+0000] {processor.py:179} INFO - Processing /home/airflow/.local/lib/python3.8/site-packages/airflow/example_dags/example_latest_only_with_trigger.py took 0.068 seconds
[2023-09-29T10:57:04.743+0000] {processor.py:157} INFO - Started process (PID=283) to work on /home/airflow/.local/lib/python3.8/site-packages/airflow/example_dags/example_latest_only_with_trigger.py
[2023-09-29T10:57:04.743+0000] {processor.py:829} INFO - Processing file /home/airflow/.local/lib/python3.8/site-packages/airflow/example_dags/example_latest_only_with_trigger.py for tasks to queue
[2023-09-29T10:57:04.745+0000] {logging_mixin.py:151} INFO - [2023-09-29T10:57:04.744+0000] {dagbag.py:539} INFO - Filling up the DagBag from /home/airflow/.local/lib/python3.8/site-packages/airflow/example_dags/example_latest_only_with_trigger.py
[2023-09-29T10:57:04.748+0000] {processor.py:839} INFO - DAG(s) dict_keys(['latest_only_with_trigger']) retrieved from /home/airflow/.local/lib/python3.8/site-packages/airflow/example_dags/example_latest_only_with_trigger.py
[2023-09-29T10:57:04.761+0000] {logging_mixin.py:151} INFO - [2023-09-29T10:57:04.760+0000] {dag.py:2915} INFO - Sync 1 DAGs
[2023-09-29T10:57:04.771+0000] {logging_mixin.py:151} INFO - [2023-09-29T10:57:04.771+0000] {dag.py:3696} INFO - Setting next_dagrun for latest_only_with_trigger to 2023-09-29T06:57:04.771724+00:00, run_after=2023-09-29T10:57:04.771724+00:00
[2023-09-29T10:57:04.780+0000] {processor.py:179} INFO - Processing /home/airflow/.local/lib/python3.8/site-packages/airflow/example_dags/example_latest_only_with_trigger.py took 0.040 seconds
[2023-09-29T10:57:35.084+0000] {processor.py:157} INFO - Started process (PID=340) to work on /home/airflow/.local/lib/python3.8/site-packages/airflow/example_dags/example_latest_only_with_trigger.py
[2023-09-29T10:57:35.085+0000] {processor.py:829} INFO - Processing file /home/airflow/.local/lib/python3.8/site-packages/airflow/example_dags/example_latest_only_with_trigger.py for tasks to queue
[2023-09-29T10:57:35.086+0000] {logging_mixin.py:151} INFO - [2023-09-29T10:57:35.086+0000] {dagbag.py:539} INFO - Filling up the DagBag from /home/airflow/.local/lib/python3.8/site-packages/airflow/example_dags/example_latest_only_with_trigger.py
[2023-09-29T10:57:35.089+0000] {processor.py:839} INFO - DAG(s) dict_keys(['latest_only_with_trigger']) retrieved from /home/airflow/.local/lib/python3.8/site-packages/airflow/example_dags/example_latest_only_with_trigger.py
[2023-09-29T10:57:35.100+0000] {logging_mixin.py:151} INFO - [2023-09-29T10:57:35.100+0000] {dag.py:2915} INFO - Sync 1 DAGs
[2023-09-29T10:57:35.110+0000] {logging_mixin.py:151} INFO - [2023-09-29T10:57:35.110+0000] {dag.py:3696} INFO - Setting next_dagrun for latest_only_with_trigger to 2023-09-29T06:57:35.110320+00:00, run_after=2023-09-29T10:57:35.110320+00:00
[2023-09-29T10:57:35.118+0000] {processor.py:179} INFO - Processing /home/airflow/.local/lib/python3.8/site-packages/airflow/example_dags/example_latest_only_with_trigger.py took 0.036 seconds
[2023-09-29T10:58:06.149+0000] {processor.py:157} INFO - Started process (PID=397) to work on /home/airflow/.local/lib/python3.8/site-packages/airflow/example_dags/example_latest_only_with_trigger.py
[2023-09-29T10:58:06.150+0000] {processor.py:829} INFO - Processing file /home/airflow/.local/lib/python3.8/site-packages/airflow/example_dags/example_latest_only_with_trigger.py for tasks to queue
[2023-09-29T10:58:06.152+0000] {logging_mixin.py:151} INFO - [2023-09-29T10:58:06.152+0000] {dagbag.py:539} INFO - Filling up the DagBag from /home/airflow/.local/lib/python3.8/site-packages/airflow/example_dags/example_latest_only_with_trigger.py
[2023-09-29T10:58:06.158+0000] {processor.py:839} INFO - DAG(s) dict_keys(['latest_only_with_trigger']) retrieved from /home/airflow/.local/lib/python3.8/site-packages/airflow/example_dags/example_latest_only_with_trigger.py
[2023-09-29T10:58:06.176+0000] {logging_mixin.py:151} INFO - [2023-09-29T10:58:06.176+0000] {dag.py:2915} INFO - Sync 1 DAGs
[2023-09-29T10:58:06.186+0000] {logging_mixin.py:151} INFO - [2023-09-29T10:58:06.186+0000] {dag.py:3696} INFO - Setting next_dagrun for latest_only_with_trigger to 2023-09-29T06:58:06.186207+00:00, run_after=2023-09-29T10:58:06.186207+00:00
[2023-09-29T10:58:06.193+0000] {processor.py:179} INFO - Processing /home/airflow/.local/lib/python3.8/site-packages/airflow/example_dags/example_latest_only_with_trigger.py took 0.048 seconds
[2023-09-29T10:58:37.422+0000] {processor.py:157} INFO - Started process (PID=454) to work on /home/airflow/.local/lib/python3.8/site-packages/airflow/example_dags/example_latest_only_with_trigger.py
[2023-09-29T10:58:37.423+0000] {processor.py:829} INFO - Processing file /home/airflow/.local/lib/python3.8/site-packages/airflow/example_dags/example_latest_only_with_trigger.py for tasks to queue
[2023-09-29T10:58:37.425+0000] {logging_mixin.py:151} INFO - [2023-09-29T10:58:37.425+0000] {dagbag.py:539} INFO - Filling up the DagBag from /home/airflow/.local/lib/python3.8/site-packages/airflow/example_dags/example_latest_only_with_trigger.py
[2023-09-29T10:58:37.429+0000] {processor.py:839} INFO - DAG(s) dict_keys(['latest_only_with_trigger']) retrieved from /home/airflow/.local/lib/python3.8/site-packages/airflow/example_dags/example_latest_only_with_trigger.py
[2023-09-29T10:58:37.443+0000] {logging_mixin.py:151} INFO - [2023-09-29T10:58:37.443+0000] {dag.py:2915} INFO - Sync 1 DAGs
[2023-09-29T10:58:37.454+0000] {logging_mixin.py:151} INFO - [2023-09-29T10:58:37.454+0000] {dag.py:3696} INFO - Setting next_dagrun for latest_only_with_trigger to 2023-09-29T06:58:37.454317+00:00, run_after=2023-09-29T10:58:37.454317+00:00
[2023-09-29T10:58:37.464+0000] {processor.py:179} INFO - Processing /home/airflow/.local/lib/python3.8/site-packages/airflow/example_dags/example_latest_only_with_trigger.py took 0.045 seconds
[2023-09-29T10:59:08.663+0000] {processor.py:157} INFO - Started process (PID=511) to work on /home/airflow/.local/lib/python3.8/site-packages/airflow/example_dags/example_latest_only_with_trigger.py
[2023-09-29T10:59:08.663+0000] {processor.py:829} INFO - Processing file /home/airflow/.local/lib/python3.8/site-packages/airflow/example_dags/example_latest_only_with_trigger.py for tasks to queue
[2023-09-29T10:59:08.664+0000] {logging_mixin.py:151} INFO - [2023-09-29T10:59:08.664+0000] {dagbag.py:539} INFO - Filling up the DagBag from /home/airflow/.local/lib/python3.8/site-packages/airflow/example_dags/example_latest_only_with_trigger.py
[2023-09-29T10:59:08.668+0000] {processor.py:839} INFO - DAG(s) dict_keys(['latest_only_with_trigger']) retrieved from /home/airflow/.local/lib/python3.8/site-packages/airflow/example_dags/example_latest_only_with_trigger.py
[2023-09-29T10:59:08.678+0000] {logging_mixin.py:151} INFO - [2023-09-29T10:59:08.678+0000] {dag.py:2915} INFO - Sync 1 DAGs
[2023-09-29T10:59:08.688+0000] {logging_mixin.py:151} INFO - [2023-09-29T10:59:08.688+0000] {dag.py:3696} INFO - Setting next_dagrun for latest_only_with_trigger to 2023-09-29T06:59:08.687896+00:00, run_after=2023-09-29T10:59:08.687896+00:00
[2023-09-29T10:59:08.695+0000] {processor.py:179} INFO - Processing /home/airflow/.local/lib/python3.8/site-packages/airflow/example_dags/example_latest_only_with_trigger.py took 0.034 seconds
[2023-09-29T10:59:39.059+0000] {processor.py:157} INFO - Started process (PID=568) to work on /home/airflow/.local/lib/python3.8/site-packages/airflow/example_dags/example_latest_only_with_trigger.py
[2023-09-29T10:59:39.060+0000] {processor.py:829} INFO - Processing file /home/airflow/.local/lib/python3.8/site-packages/airflow/example_dags/example_latest_only_with_trigger.py for tasks to queue
[2023-09-29T10:59:39.061+0000] {logging_mixin.py:151} INFO - [2023-09-29T10:59:39.061+0000] {dagbag.py:539} INFO - Filling up the DagBag from /home/airflow/.local/lib/python3.8/site-packages/airflow/example_dags/example_latest_only_with_trigger.py
[2023-09-29T10:59:39.064+0000] {processor.py:839} INFO - DAG(s) dict_keys(['latest_only_with_trigger']) retrieved from /home/airflow/.local/lib/python3.8/site-packages/airflow/example_dags/example_latest_only_with_trigger.py
[2023-09-29T10:59:39.075+0000] {logging_mixin.py:151} INFO - [2023-09-29T10:59:39.075+0000] {dag.py:2915} INFO - Sync 1 DAGs
[2023-09-29T10:59:39.084+0000] {logging_mixin.py:151} INFO - [2023-09-29T10:59:39.084+0000] {dag.py:3696} INFO - Setting next_dagrun for latest_only_with_trigger to 2023-09-29T06:59:39.084004+00:00, run_after=2023-09-29T10:59:39.084004+00:00
[2023-09-29T10:59:39.090+0000] {processor.py:179} INFO - Processing /home/airflow/.local/lib/python3.8/site-packages/airflow/example_dags/example_latest_only_with_trigger.py took 0.033 seconds
[2023-09-29T11:00:10.247+0000] {processor.py:157} INFO - Started process (PID=625) to work on /home/airflow/.local/lib/python3.8/site-packages/airflow/example_dags/example_latest_only_with_trigger.py
[2023-09-29T11:00:10.248+0000] {processor.py:829} INFO - Processing file /home/airflow/.local/lib/python3.8/site-packages/airflow/example_dags/example_latest_only_with_trigger.py for tasks to queue
[2023-09-29T11:00:10.249+0000] {logging_mixin.py:151} INFO - [2023-09-29T11:00:10.249+0000] {dagbag.py:539} INFO - Filling up the DagBag from /home/airflow/.local/lib/python3.8/site-packages/airflow/example_dags/example_latest_only_with_trigger.py
[2023-09-29T11:00:10.252+0000] {processor.py:839} INFO - DAG(s) dict_keys(['latest_only_with_trigger']) retrieved from /home/airflow/.local/lib/python3.8/site-packages/airflow/example_dags/example_latest_only_with_trigger.py
[2023-09-29T11:00:10.262+0000] {logging_mixin.py:151} INFO - [2023-09-29T11:00:10.262+0000] {dag.py:2915} INFO - Sync 1 DAGs
[2023-09-29T11:00:10.271+0000] {logging_mixin.py:151} INFO - [2023-09-29T11:00:10.271+0000] {dag.py:3696} INFO - Setting next_dagrun for latest_only_with_trigger to 2023-09-29T07:00:10.271285+00:00, run_after=2023-09-29T11:00:10.271285+00:00
[2023-09-29T11:00:10.279+0000] {processor.py:179} INFO - Processing /home/airflow/.local/lib/python3.8/site-packages/airflow/example_dags/example_latest_only_with_trigger.py took 0.033 seconds
[2023-09-29T11:00:40.934+0000] {processor.py:157} INFO - Started process (PID=682) to work on /home/airflow/.local/lib/python3.8/site-packages/airflow/example_dags/example_latest_only_with_trigger.py
[2023-09-29T11:00:40.934+0000] {processor.py:829} INFO - Processing file /home/airflow/.local/lib/python3.8/site-packages/airflow/example_dags/example_latest_only_with_trigger.py for tasks to queue
[2023-09-29T11:00:40.936+0000] {logging_mixin.py:151} INFO - [2023-09-29T11:00:40.936+0000] {dagbag.py:539} INFO - Filling up the DagBag from /home/airflow/.local/lib/python3.8/site-packages/airflow/example_dags/example_latest_only_with_trigger.py
[2023-09-29T11:00:40.939+0000] {processor.py:839} INFO - DAG(s) dict_keys(['latest_only_with_trigger']) retrieved from /home/airflow/.local/lib/python3.8/site-packages/airflow/example_dags/example_latest_only_with_trigger.py
[2023-09-29T11:00:40.949+0000] {logging_mixin.py:151} INFO - [2023-09-29T11:00:40.949+0000] {dag.py:2915} INFO - Sync 1 DAGs
[2023-09-29T11:00:40.959+0000] {logging_mixin.py:151} INFO - [2023-09-29T11:00:40.959+0000] {dag.py:3696} INFO - Setting next_dagrun for latest_only_with_trigger to 2023-09-29T07:00:40.959075+00:00, run_after=2023-09-29T11:00:40.959075+00:00
[2023-09-29T11:00:40.966+0000] {processor.py:179} INFO - Processing /home/airflow/.local/lib/python3.8/site-packages/airflow/example_dags/example_latest_only_with_trigger.py took 0.035 seconds
[2023-09-29T11:01:12.082+0000] {processor.py:157} INFO - Started process (PID=739) to work on /home/airflow/.local/lib/python3.8/site-packages/airflow/example_dags/example_latest_only_with_trigger.py
[2023-09-29T11:01:12.083+0000] {processor.py:829} INFO - Processing file /home/airflow/.local/lib/python3.8/site-packages/airflow/example_dags/example_latest_only_with_trigger.py for tasks to queue
[2023-09-29T11:01:12.084+0000] {logging_mixin.py:151} INFO - [2023-09-29T11:01:12.084+0000] {dagbag.py:539} INFO - Filling up the DagBag from /home/airflow/.local/lib/python3.8/site-packages/airflow/example_dags/example_latest_only_with_trigger.py
[2023-09-29T11:01:12.087+0000] {processor.py:839} INFO - DAG(s) dict_keys(['latest_only_with_trigger']) retrieved from /home/airflow/.local/lib/python3.8/site-packages/airflow/example_dags/example_latest_only_with_trigger.py
[2023-09-29T11:01:12.100+0000] {logging_mixin.py:151} INFO - [2023-09-29T11:01:12.100+0000] {dag.py:2915} INFO - Sync 1 DAGs
[2023-09-29T11:01:12.116+0000] {logging_mixin.py:151} INFO - [2023-09-29T11:01:12.116+0000] {dag.py:3696} INFO - Setting next_dagrun for latest_only_with_trigger to 2023-09-29T07:01:12.115919+00:00, run_after=2023-09-29T11:01:12.115919+00:00
[2023-09-29T11:01:12.126+0000] {processor.py:179} INFO - Processing /home/airflow/.local/lib/python3.8/site-packages/airflow/example_dags/example_latest_only_with_trigger.py took 0.046 seconds
[2023-09-29T11:01:43.338+0000] {processor.py:157} INFO - Started process (PID=796) to work on /home/airflow/.local/lib/python3.8/site-packages/airflow/example_dags/example_latest_only_with_trigger.py
[2023-09-29T11:01:43.339+0000] {processor.py:829} INFO - Processing file /home/airflow/.local/lib/python3.8/site-packages/airflow/example_dags/example_latest_only_with_trigger.py for tasks to queue
[2023-09-29T11:01:43.340+0000] {logging_mixin.py:151} INFO - [2023-09-29T11:01:43.340+0000] {dagbag.py:539} INFO - Filling up the DagBag from /home/airflow/.local/lib/python3.8/site-packages/airflow/example_dags/example_latest_only_with_trigger.py
[2023-09-29T11:01:43.343+0000] {processor.py:839} INFO - DAG(s) dict_keys(['latest_only_with_trigger']) retrieved from /home/airflow/.local/lib/python3.8/site-packages/airflow/example_dags/example_latest_only_with_trigger.py
[2023-09-29T11:01:43.354+0000] {logging_mixin.py:151} INFO - [2023-09-29T11:01:43.354+0000] {dag.py:2915} INFO - Sync 1 DAGs
[2023-09-29T11:01:43.366+0000] {logging_mixin.py:151} INFO - [2023-09-29T11:01:43.366+0000] {dag.py:3696} INFO - Setting next_dagrun for latest_only_with_trigger to 2023-09-29T07:01:43.365865+00:00, run_after=2023-09-29T11:01:43.365865+00:00
[2023-09-29T11:01:43.374+0000] {processor.py:179} INFO - Processing /home/airflow/.local/lib/python3.8/site-packages/airflow/example_dags/example_latest_only_with_trigger.py took 0.038 seconds
[2023-09-29T11:02:14.508+0000] {processor.py:157} INFO - Started process (PID=853) to work on /home/airflow/.local/lib/python3.8/site-packages/airflow/example_dags/example_latest_only_with_trigger.py
[2023-09-29T11:02:14.508+0000] {processor.py:829} INFO - Processing file /home/airflow/.local/lib/python3.8/site-packages/airflow/example_dags/example_latest_only_with_trigger.py for tasks to queue
[2023-09-29T11:02:14.509+0000] {logging_mixin.py:151} INFO - [2023-09-29T11:02:14.509+0000] {dagbag.py:539} INFO - Filling up the DagBag from /home/airflow/.local/lib/python3.8/site-packages/airflow/example_dags/example_latest_only_with_trigger.py
[2023-09-29T11:02:14.513+0000] {processor.py:839} INFO - DAG(s) dict_keys(['latest_only_with_trigger']) retrieved from /home/airflow/.local/lib/python3.8/site-packages/airflow/example_dags/example_latest_only_with_trigger.py
[2023-09-29T11:02:14.523+0000] {logging_mixin.py:151} INFO - [2023-09-29T11:02:14.523+0000] {dag.py:2915} INFO - Sync 1 DAGs
[2023-09-29T11:02:14.533+0000] {logging_mixin.py:151} INFO - [2023-09-29T11:02:14.533+0000] {dag.py:3696} INFO - Setting next_dagrun for latest_only_with_trigger to 2023-09-29T07:02:14.533073+00:00, run_after=2023-09-29T11:02:14.533073+00:00
[2023-09-29T11:02:14.540+0000] {processor.py:179} INFO - Processing /home/airflow/.local/lib/python3.8/site-packages/airflow/example_dags/example_latest_only_with_trigger.py took 0.034 seconds
[2023-09-29T11:02:44.755+0000] {processor.py:157} INFO - Started process (PID=911) to work on /home/airflow/.local/lib/python3.8/site-packages/airflow/example_dags/example_latest_only_with_trigger.py
[2023-09-29T11:02:44.756+0000] {processor.py:829} INFO - Processing file /home/airflow/.local/lib/python3.8/site-packages/airflow/example_dags/example_latest_only_with_trigger.py for tasks to queue
[2023-09-29T11:02:44.757+0000] {logging_mixin.py:151} INFO - [2023-09-29T11:02:44.757+0000] {dagbag.py:539} INFO - Filling up the DagBag from /home/airflow/.local/lib/python3.8/site-packages/airflow/example_dags/example_latest_only_with_trigger.py
[2023-09-29T11:02:44.760+0000] {processor.py:839} INFO - DAG(s) dict_keys(['latest_only_with_trigger']) retrieved from /home/airflow/.local/lib/python3.8/site-packages/airflow/example_dags/example_latest_only_with_trigger.py
[2023-09-29T11:02:44.770+0000] {logging_mixin.py:151} INFO - [2023-09-29T11:02:44.770+0000] {dag.py:2915} INFO - Sync 1 DAGs
[2023-09-29T11:02:44.784+0000] {logging_mixin.py:151} INFO - [2023-09-29T11:02:44.783+0000] {dag.py:3696} INFO - Setting next_dagrun for latest_only_with_trigger to 2023-09-29T07:02:44.783351+00:00, run_after=2023-09-29T11:02:44.783351+00:00
[2023-09-29T11:02:44.791+0000] {processor.py:179} INFO - Processing /home/airflow/.local/lib/python3.8/site-packages/airflow/example_dags/example_latest_only_with_trigger.py took 0.038 seconds
[2023-09-29T11:03:15.990+0000] {processor.py:157} INFO - Started process (PID=967) to work on /home/airflow/.local/lib/python3.8/site-packages/airflow/example_dags/example_latest_only_with_trigger.py
[2023-09-29T11:03:15.991+0000] {processor.py:829} INFO - Processing file /home/airflow/.local/lib/python3.8/site-packages/airflow/example_dags/example_latest_only_with_trigger.py for tasks to queue
[2023-09-29T11:03:15.993+0000] {logging_mixin.py:151} INFO - [2023-09-29T11:03:15.993+0000] {dagbag.py:539} INFO - Filling up the DagBag from /home/airflow/.local/lib/python3.8/site-packages/airflow/example_dags/example_latest_only_with_trigger.py
[2023-09-29T11:03:15.999+0000] {processor.py:839} INFO - DAG(s) dict_keys(['latest_only_with_trigger']) retrieved from /home/airflow/.local/lib/python3.8/site-packages/airflow/example_dags/example_latest_only_with_trigger.py
[2023-09-29T11:03:16.012+0000] {logging_mixin.py:151} INFO - [2023-09-29T11:03:16.012+0000] {dag.py:2915} INFO - Sync 1 DAGs
[2023-09-29T11:03:16.024+0000] {logging_mixin.py:151} INFO - [2023-09-29T11:03:16.024+0000] {dag.py:3696} INFO - Setting next_dagrun for latest_only_with_trigger to 2023-09-29T07:03:16.024430+00:00, run_after=2023-09-29T11:03:16.024430+00:00
[2023-09-29T11:03:16.033+0000] {processor.py:179} INFO - Processing /home/airflow/.local/lib/python3.8/site-packages/airflow/example_dags/example_latest_only_with_trigger.py took 0.045 seconds
[2023-09-29T11:03:46.198+0000] {processor.py:157} INFO - Started process (PID=1024) to work on /home/airflow/.local/lib/python3.8/site-packages/airflow/example_dags/example_latest_only_with_trigger.py
[2023-09-29T11:03:46.199+0000] {processor.py:829} INFO - Processing file /home/airflow/.local/lib/python3.8/site-packages/airflow/example_dags/example_latest_only_with_trigger.py for tasks to queue
[2023-09-29T11:03:46.200+0000] {logging_mixin.py:151} INFO - [2023-09-29T11:03:46.200+0000] {dagbag.py:539} INFO - Filling up the DagBag from /home/airflow/.local/lib/python3.8/site-packages/airflow/example_dags/example_latest_only_with_trigger.py
[2023-09-29T11:03:46.203+0000] {processor.py:839} INFO - DAG(s) dict_keys(['latest_only_with_trigger']) retrieved from /home/airflow/.local/lib/python3.8/site-packages/airflow/example_dags/example_latest_only_with_trigger.py
[2023-09-29T11:03:46.215+0000] {logging_mixin.py:151} INFO - [2023-09-29T11:03:46.215+0000] {dag.py:2915} INFO - Sync 1 DAGs
[2023-09-29T11:03:46.225+0000] {logging_mixin.py:151} INFO - [2023-09-29T11:03:46.225+0000] {dag.py:3696} INFO - Setting next_dagrun for latest_only_with_trigger to 2023-09-29T07:03:46.225586+00:00, run_after=2023-09-29T11:03:46.225586+00:00
[2023-09-29T11:03:46.233+0000] {processor.py:179} INFO - Processing /home/airflow/.local/lib/python3.8/site-packages/airflow/example_dags/example_latest_only_with_trigger.py took 0.037 seconds
[2023-09-29T11:04:17.531+0000] {processor.py:157} INFO - Started process (PID=1081) to work on /home/airflow/.local/lib/python3.8/site-packages/airflow/example_dags/example_latest_only_with_trigger.py
[2023-09-29T11:04:17.532+0000] {processor.py:829} INFO - Processing file /home/airflow/.local/lib/python3.8/site-packages/airflow/example_dags/example_latest_only_with_trigger.py for tasks to queue
[2023-09-29T11:04:17.534+0000] {logging_mixin.py:151} INFO - [2023-09-29T11:04:17.534+0000] {dagbag.py:539} INFO - Filling up the DagBag from /home/airflow/.local/lib/python3.8/site-packages/airflow/example_dags/example_latest_only_with_trigger.py
[2023-09-29T11:04:17.538+0000] {processor.py:839} INFO - DAG(s) dict_keys(['latest_only_with_trigger']) retrieved from /home/airflow/.local/lib/python3.8/site-packages/airflow/example_dags/example_latest_only_with_trigger.py
[2023-09-29T11:04:17.549+0000] {logging_mixin.py:151} INFO - [2023-09-29T11:04:17.549+0000] {dag.py:2915} INFO - Sync 1 DAGs
[2023-09-29T11:04:17.559+0000] {logging_mixin.py:151} INFO - [2023-09-29T11:04:17.559+0000] {dag.py:3696} INFO - Setting next_dagrun for latest_only_with_trigger to 2023-09-29T07:04:17.559535+00:00, run_after=2023-09-29T11:04:17.559535+00:00
[2023-09-29T11:04:17.567+0000] {processor.py:179} INFO - Processing /home/airflow/.local/lib/python3.8/site-packages/airflow/example_dags/example_latest_only_with_trigger.py took 0.039 seconds
[2023-09-29T11:04:48.611+0000] {processor.py:157} INFO - Started process (PID=1138) to work on /home/airflow/.local/lib/python3.8/site-packages/airflow/example_dags/example_latest_only_with_trigger.py
[2023-09-29T11:04:48.612+0000] {processor.py:829} INFO - Processing file /home/airflow/.local/lib/python3.8/site-packages/airflow/example_dags/example_latest_only_with_trigger.py for tasks to queue
[2023-09-29T11:04:48.613+0000] {logging_mixin.py:151} INFO - [2023-09-29T11:04:48.613+0000] {dagbag.py:539} INFO - Filling up the DagBag from /home/airflow/.local/lib/python3.8/site-packages/airflow/example_dags/example_latest_only_with_trigger.py
[2023-09-29T11:04:48.616+0000] {processor.py:839} INFO - DAG(s) dict_keys(['latest_only_with_trigger']) retrieved from /home/airflow/.local/lib/python3.8/site-packages/airflow/example_dags/example_latest_only_with_trigger.py
[2023-09-29T11:04:48.627+0000] {logging_mixin.py:151} INFO - [2023-09-29T11:04:48.627+0000] {dag.py:2915} INFO - Sync 1 DAGs
[2023-09-29T11:04:48.636+0000] {logging_mixin.py:151} INFO - [2023-09-29T11:04:48.636+0000] {dag.py:3696} INFO - Setting next_dagrun for latest_only_with_trigger to 2023-09-29T07:04:48.636295+00:00, run_after=2023-09-29T11:04:48.636295+00:00
[2023-09-29T11:04:48.644+0000] {processor.py:179} INFO - Processing /home/airflow/.local/lib/python3.8/site-packages/airflow/example_dags/example_latest_only_with_trigger.py took 0.035 seconds
[2023-09-29T11:05:19.574+0000] {processor.py:157} INFO - Started process (PID=1195) to work on /home/airflow/.local/lib/python3.8/site-packages/airflow/example_dags/example_latest_only_with_trigger.py
[2023-09-29T11:05:19.575+0000] {processor.py:829} INFO - Processing file /home/airflow/.local/lib/python3.8/site-packages/airflow/example_dags/example_latest_only_with_trigger.py for tasks to queue
[2023-09-29T11:05:19.576+0000] {logging_mixin.py:151} INFO - [2023-09-29T11:05:19.576+0000] {dagbag.py:539} INFO - Filling up the DagBag from /home/airflow/.local/lib/python3.8/site-packages/airflow/example_dags/example_latest_only_with_trigger.py
[2023-09-29T11:05:19.579+0000] {processor.py:839} INFO - DAG(s) dict_keys(['latest_only_with_trigger']) retrieved from /home/airflow/.local/lib/python3.8/site-packages/airflow/example_dags/example_latest_only_with_trigger.py
[2023-09-29T11:05:19.589+0000] {logging_mixin.py:151} INFO - [2023-09-29T11:05:19.589+0000] {dag.py:2915} INFO - Sync 1 DAGs
[2023-09-29T11:05:19.597+0000] {logging_mixin.py:151} INFO - [2023-09-29T11:05:19.597+0000] {dag.py:3696} INFO - Setting next_dagrun for latest_only_with_trigger to 2023-09-29T07:05:19.597767+00:00, run_after=2023-09-29T11:05:19.597767+00:00
[2023-09-29T11:05:19.604+0000] {processor.py:179} INFO - Processing /home/airflow/.local/lib/python3.8/site-packages/airflow/example_dags/example_latest_only_with_trigger.py took 0.032 seconds
[2023-09-29T11:05:50.691+0000] {processor.py:157} INFO - Started process (PID=1252) to work on /home/airflow/.local/lib/python3.8/site-packages/airflow/example_dags/example_latest_only_with_trigger.py
[2023-09-29T11:05:50.692+0000] {processor.py:829} INFO - Processing file /home/airflow/.local/lib/python3.8/site-packages/airflow/example_dags/example_latest_only_with_trigger.py for tasks to queue
[2023-09-29T11:05:50.693+0000] {logging_mixin.py:151} INFO - [2023-09-29T11:05:50.693+0000] {dagbag.py:539} INFO - Filling up the DagBag from /home/airflow/.local/lib/python3.8/site-packages/airflow/example_dags/example_latest_only_with_trigger.py
[2023-09-29T11:05:50.697+0000] {processor.py:839} INFO - DAG(s) dict_keys(['latest_only_with_trigger']) retrieved from /home/airflow/.local/lib/python3.8/site-packages/airflow/example_dags/example_latest_only_with_trigger.py
[2023-09-29T11:05:50.710+0000] {logging_mixin.py:151} INFO - [2023-09-29T11:05:50.710+0000] {dag.py:2915} INFO - Sync 1 DAGs
[2023-09-29T11:05:50.723+0000] {logging_mixin.py:151} INFO - [2023-09-29T11:05:50.723+0000] {dag.py:3696} INFO - Setting next_dagrun for latest_only_with_trigger to 2023-09-29T07:05:50.723307+00:00, run_after=2023-09-29T11:05:50.723307+00:00
[2023-09-29T11:05:50.732+0000] {processor.py:179} INFO - Processing /home/airflow/.local/lib/python3.8/site-packages/airflow/example_dags/example_latest_only_with_trigger.py took 0.044 seconds
