[2023-09-29T08:49:14.857+0000] {processor.py:157} INFO - Started process (PID=53) to work on /home/airflow/.local/lib/python3.8/site-packages/airflow/example_dags/example_setup_teardown.py
[2023-09-29T08:49:14.863+0000] {processor.py:829} INFO - Processing file /home/airflow/.local/lib/python3.8/site-packages/airflow/example_dags/example_setup_teardown.py for tasks to queue
[2023-09-29T08:49:14.867+0000] {logging_mixin.py:151} INFO - [2023-09-29T08:49:14.867+0000] {dagbag.py:539} INFO - Filling up the DagBag from /home/airflow/.local/lib/python3.8/site-packages/airflow/example_dags/example_setup_teardown.py
[2023-09-29T08:49:14.891+0000] {processor.py:839} INFO - DAG(s) dict_keys(['example_setup_teardown']) retrieved from /home/airflow/.local/lib/python3.8/site-packages/airflow/example_dags/example_setup_teardown.py
[2023-09-29T08:49:14.962+0000] {logging_mixin.py:151} INFO - [2023-09-29T08:49:14.961+0000] {dag.py:2915} INFO - Sync 1 DAGs
[2023-09-29T08:49:15.010+0000] {logging_mixin.py:151} INFO - [2023-09-29T08:49:15.009+0000] {dag.py:3696} INFO - Setting next_dagrun for example_setup_teardown to 2023-09-28T08:49:15.009054+00:00, run_after=2023-09-29T08:49:15.009054+00:00
[2023-09-29T08:49:15.038+0000] {processor.py:179} INFO - Processing /home/airflow/.local/lib/python3.8/site-packages/airflow/example_dags/example_setup_teardown.py took 0.189 seconds
[2023-09-29T08:49:45.236+0000] {processor.py:157} INFO - Started process (PID=110) to work on /home/airflow/.local/lib/python3.8/site-packages/airflow/example_dags/example_setup_teardown.py
[2023-09-29T08:49:45.237+0000] {processor.py:829} INFO - Processing file /home/airflow/.local/lib/python3.8/site-packages/airflow/example_dags/example_setup_teardown.py for tasks to queue
[2023-09-29T08:49:45.238+0000] {logging_mixin.py:151} INFO - [2023-09-29T08:49:45.238+0000] {dagbag.py:539} INFO - Filling up the DagBag from /home/airflow/.local/lib/python3.8/site-packages/airflow/example_dags/example_setup_teardown.py
[2023-09-29T08:49:45.242+0000] {processor.py:839} INFO - DAG(s) dict_keys(['example_setup_teardown']) retrieved from /home/airflow/.local/lib/python3.8/site-packages/airflow/example_dags/example_setup_teardown.py
[2023-09-29T08:49:45.252+0000] {logging_mixin.py:151} INFO - [2023-09-29T08:49:45.252+0000] {dag.py:2915} INFO - Sync 1 DAGs
[2023-09-29T08:49:45.262+0000] {logging_mixin.py:151} INFO - [2023-09-29T08:49:45.262+0000] {dag.py:3696} INFO - Setting next_dagrun for example_setup_teardown to 2023-09-28T08:49:45.262193+00:00, run_after=2023-09-29T08:49:45.262193+00:00
[2023-09-29T08:49:45.270+0000] {processor.py:179} INFO - Processing /home/airflow/.local/lib/python3.8/site-packages/airflow/example_dags/example_setup_teardown.py took 0.037 seconds
[2023-09-29T08:50:15.828+0000] {processor.py:157} INFO - Started process (PID=167) to work on /home/airflow/.local/lib/python3.8/site-packages/airflow/example_dags/example_setup_teardown.py
[2023-09-29T08:50:15.829+0000] {processor.py:829} INFO - Processing file /home/airflow/.local/lib/python3.8/site-packages/airflow/example_dags/example_setup_teardown.py for tasks to queue
[2023-09-29T08:50:15.830+0000] {logging_mixin.py:151} INFO - [2023-09-29T08:50:15.830+0000] {dagbag.py:539} INFO - Filling up the DagBag from /home/airflow/.local/lib/python3.8/site-packages/airflow/example_dags/example_setup_teardown.py
[2023-09-29T08:50:15.835+0000] {processor.py:839} INFO - DAG(s) dict_keys(['example_setup_teardown']) retrieved from /home/airflow/.local/lib/python3.8/site-packages/airflow/example_dags/example_setup_teardown.py
[2023-09-29T08:50:15.848+0000] {logging_mixin.py:151} INFO - [2023-09-29T08:50:15.848+0000] {dag.py:2915} INFO - Sync 1 DAGs
[2023-09-29T08:50:15.860+0000] {logging_mixin.py:151} INFO - [2023-09-29T08:50:15.859+0000] {dag.py:3696} INFO - Setting next_dagrun for example_setup_teardown to 2023-09-28T08:50:15.859767+00:00, run_after=2023-09-29T08:50:15.859767+00:00
[2023-09-29T08:50:15.868+0000] {processor.py:179} INFO - Processing /home/airflow/.local/lib/python3.8/site-packages/airflow/example_dags/example_setup_teardown.py took 0.043 seconds
[2023-09-29T08:50:46.127+0000] {processor.py:157} INFO - Started process (PID=224) to work on /home/airflow/.local/lib/python3.8/site-packages/airflow/example_dags/example_setup_teardown.py
[2023-09-29T08:50:46.128+0000] {processor.py:829} INFO - Processing file /home/airflow/.local/lib/python3.8/site-packages/airflow/example_dags/example_setup_teardown.py for tasks to queue
[2023-09-29T08:50:46.129+0000] {logging_mixin.py:151} INFO - [2023-09-29T08:50:46.129+0000] {dagbag.py:539} INFO - Filling up the DagBag from /home/airflow/.local/lib/python3.8/site-packages/airflow/example_dags/example_setup_teardown.py
[2023-09-29T08:50:46.132+0000] {processor.py:839} INFO - DAG(s) dict_keys(['example_setup_teardown']) retrieved from /home/airflow/.local/lib/python3.8/site-packages/airflow/example_dags/example_setup_teardown.py
[2023-09-29T08:50:46.143+0000] {logging_mixin.py:151} INFO - [2023-09-29T08:50:46.143+0000] {dag.py:2915} INFO - Sync 1 DAGs
[2023-09-29T08:50:46.158+0000] {logging_mixin.py:151} INFO - [2023-09-29T08:50:46.157+0000] {dag.py:3696} INFO - Setting next_dagrun for example_setup_teardown to 2023-09-28T08:50:46.157725+00:00, run_after=2023-09-29T08:50:46.157725+00:00
[2023-09-29T08:50:46.168+0000] {processor.py:179} INFO - Processing /home/airflow/.local/lib/python3.8/site-packages/airflow/example_dags/example_setup_teardown.py took 0.043 seconds
[2023-09-29T08:51:17.290+0000] {processor.py:157} INFO - Started process (PID=281) to work on /home/airflow/.local/lib/python3.8/site-packages/airflow/example_dags/example_setup_teardown.py
[2023-09-29T08:51:17.291+0000] {processor.py:829} INFO - Processing file /home/airflow/.local/lib/python3.8/site-packages/airflow/example_dags/example_setup_teardown.py for tasks to queue
[2023-09-29T08:51:17.292+0000] {logging_mixin.py:151} INFO - [2023-09-29T08:51:17.292+0000] {dagbag.py:539} INFO - Filling up the DagBag from /home/airflow/.local/lib/python3.8/site-packages/airflow/example_dags/example_setup_teardown.py
[2023-09-29T08:51:17.296+0000] {processor.py:839} INFO - DAG(s) dict_keys(['example_setup_teardown']) retrieved from /home/airflow/.local/lib/python3.8/site-packages/airflow/example_dags/example_setup_teardown.py
[2023-09-29T08:51:17.305+0000] {logging_mixin.py:151} INFO - [2023-09-29T08:51:17.305+0000] {dag.py:2915} INFO - Sync 1 DAGs
[2023-09-29T08:51:17.315+0000] {logging_mixin.py:151} INFO - [2023-09-29T08:51:17.315+0000] {dag.py:3696} INFO - Setting next_dagrun for example_setup_teardown to 2023-09-28T08:51:17.315018+00:00, run_after=2023-09-29T08:51:17.315018+00:00
[2023-09-29T08:51:17.323+0000] {processor.py:179} INFO - Processing /home/airflow/.local/lib/python3.8/site-packages/airflow/example_dags/example_setup_teardown.py took 0.035 seconds
[2023-09-29T08:51:48.512+0000] {processor.py:157} INFO - Started process (PID=338) to work on /home/airflow/.local/lib/python3.8/site-packages/airflow/example_dags/example_setup_teardown.py
[2023-09-29T08:51:48.513+0000] {processor.py:829} INFO - Processing file /home/airflow/.local/lib/python3.8/site-packages/airflow/example_dags/example_setup_teardown.py for tasks to queue
[2023-09-29T08:51:48.514+0000] {logging_mixin.py:151} INFO - [2023-09-29T08:51:48.514+0000] {dagbag.py:539} INFO - Filling up the DagBag from /home/airflow/.local/lib/python3.8/site-packages/airflow/example_dags/example_setup_teardown.py
[2023-09-29T08:51:48.518+0000] {processor.py:839} INFO - DAG(s) dict_keys(['example_setup_teardown']) retrieved from /home/airflow/.local/lib/python3.8/site-packages/airflow/example_dags/example_setup_teardown.py
[2023-09-29T08:51:48.528+0000] {logging_mixin.py:151} INFO - [2023-09-29T08:51:48.528+0000] {dag.py:2915} INFO - Sync 1 DAGs
[2023-09-29T08:51:48.538+0000] {logging_mixin.py:151} INFO - [2023-09-29T08:51:48.538+0000] {dag.py:3696} INFO - Setting next_dagrun for example_setup_teardown to 2023-09-28T08:51:48.538325+00:00, run_after=2023-09-29T08:51:48.538325+00:00
[2023-09-29T08:51:48.546+0000] {processor.py:179} INFO - Processing /home/airflow/.local/lib/python3.8/site-packages/airflow/example_dags/example_setup_teardown.py took 0.036 seconds
[2023-09-29T08:52:20.114+0000] {processor.py:157} INFO - Started process (PID=395) to work on /home/airflow/.local/lib/python3.8/site-packages/airflow/example_dags/example_setup_teardown.py
[2023-09-29T08:52:20.115+0000] {processor.py:829} INFO - Processing file /home/airflow/.local/lib/python3.8/site-packages/airflow/example_dags/example_setup_teardown.py for tasks to queue
[2023-09-29T08:52:20.116+0000] {logging_mixin.py:151} INFO - [2023-09-29T08:52:20.116+0000] {dagbag.py:539} INFO - Filling up the DagBag from /home/airflow/.local/lib/python3.8/site-packages/airflow/example_dags/example_setup_teardown.py
[2023-09-29T08:52:20.120+0000] {processor.py:839} INFO - DAG(s) dict_keys(['example_setup_teardown']) retrieved from /home/airflow/.local/lib/python3.8/site-packages/airflow/example_dags/example_setup_teardown.py
[2023-09-29T08:52:20.130+0000] {logging_mixin.py:151} INFO - [2023-09-29T08:52:20.130+0000] {dag.py:2915} INFO - Sync 1 DAGs
[2023-09-29T08:52:20.140+0000] {logging_mixin.py:151} INFO - [2023-09-29T08:52:20.140+0000] {dag.py:3696} INFO - Setting next_dagrun for example_setup_teardown to 2023-09-28T08:52:20.140592+00:00, run_after=2023-09-29T08:52:20.140592+00:00
[2023-09-29T08:52:20.149+0000] {processor.py:179} INFO - Processing /home/airflow/.local/lib/python3.8/site-packages/airflow/example_dags/example_setup_teardown.py took 0.037 seconds
[2023-09-29T08:52:50.262+0000] {processor.py:157} INFO - Started process (PID=452) to work on /home/airflow/.local/lib/python3.8/site-packages/airflow/example_dags/example_setup_teardown.py
[2023-09-29T08:52:50.262+0000] {processor.py:829} INFO - Processing file /home/airflow/.local/lib/python3.8/site-packages/airflow/example_dags/example_setup_teardown.py for tasks to queue
[2023-09-29T08:52:50.264+0000] {logging_mixin.py:151} INFO - [2023-09-29T08:52:50.263+0000] {dagbag.py:539} INFO - Filling up the DagBag from /home/airflow/.local/lib/python3.8/site-packages/airflow/example_dags/example_setup_teardown.py
[2023-09-29T08:52:50.267+0000] {processor.py:839} INFO - DAG(s) dict_keys(['example_setup_teardown']) retrieved from /home/airflow/.local/lib/python3.8/site-packages/airflow/example_dags/example_setup_teardown.py
[2023-09-29T08:52:50.277+0000] {logging_mixin.py:151} INFO - [2023-09-29T08:52:50.277+0000] {dag.py:2915} INFO - Sync 1 DAGs
[2023-09-29T08:52:50.287+0000] {logging_mixin.py:151} INFO - [2023-09-29T08:52:50.287+0000] {dag.py:3696} INFO - Setting next_dagrun for example_setup_teardown to 2023-09-28T08:52:50.287662+00:00, run_after=2023-09-29T08:52:50.287662+00:00
[2023-09-29T08:52:50.295+0000] {processor.py:179} INFO - Processing /home/airflow/.local/lib/python3.8/site-packages/airflow/example_dags/example_setup_teardown.py took 0.035 seconds
[2023-09-29T08:53:21.756+0000] {processor.py:157} INFO - Started process (PID=509) to work on /home/airflow/.local/lib/python3.8/site-packages/airflow/example_dags/example_setup_teardown.py
[2023-09-29T08:53:21.757+0000] {processor.py:829} INFO - Processing file /home/airflow/.local/lib/python3.8/site-packages/airflow/example_dags/example_setup_teardown.py for tasks to queue
[2023-09-29T08:53:21.759+0000] {logging_mixin.py:151} INFO - [2023-09-29T08:53:21.758+0000] {dagbag.py:539} INFO - Filling up the DagBag from /home/airflow/.local/lib/python3.8/site-packages/airflow/example_dags/example_setup_teardown.py
[2023-09-29T08:53:21.765+0000] {processor.py:839} INFO - DAG(s) dict_keys(['example_setup_teardown']) retrieved from /home/airflow/.local/lib/python3.8/site-packages/airflow/example_dags/example_setup_teardown.py
[2023-09-29T08:53:21.775+0000] {logging_mixin.py:151} INFO - [2023-09-29T08:53:21.775+0000] {dag.py:2915} INFO - Sync 1 DAGs
[2023-09-29T08:53:21.787+0000] {logging_mixin.py:151} INFO - [2023-09-29T08:53:21.787+0000] {dag.py:3696} INFO - Setting next_dagrun for example_setup_teardown to 2023-09-28T08:53:21.786999+00:00, run_after=2023-09-29T08:53:21.786999+00:00
[2023-09-29T08:53:21.795+0000] {processor.py:179} INFO - Processing /home/airflow/.local/lib/python3.8/site-packages/airflow/example_dags/example_setup_teardown.py took 0.041 seconds
[2023-09-29T08:53:52.039+0000] {processor.py:157} INFO - Started process (PID=566) to work on /home/airflow/.local/lib/python3.8/site-packages/airflow/example_dags/example_setup_teardown.py
[2023-09-29T08:53:52.040+0000] {processor.py:829} INFO - Processing file /home/airflow/.local/lib/python3.8/site-packages/airflow/example_dags/example_setup_teardown.py for tasks to queue
[2023-09-29T08:53:52.042+0000] {logging_mixin.py:151} INFO - [2023-09-29T08:53:52.041+0000] {dagbag.py:539} INFO - Filling up the DagBag from /home/airflow/.local/lib/python3.8/site-packages/airflow/example_dags/example_setup_teardown.py
[2023-09-29T08:53:52.047+0000] {processor.py:839} INFO - DAG(s) dict_keys(['example_setup_teardown']) retrieved from /home/airflow/.local/lib/python3.8/site-packages/airflow/example_dags/example_setup_teardown.py
[2023-09-29T08:53:52.062+0000] {logging_mixin.py:151} INFO - [2023-09-29T08:53:52.062+0000] {dag.py:2915} INFO - Sync 1 DAGs
[2023-09-29T08:53:52.072+0000] {logging_mixin.py:151} INFO - [2023-09-29T08:53:52.072+0000] {dag.py:3696} INFO - Setting next_dagrun for example_setup_teardown to 2023-09-28T08:53:52.072305+00:00, run_after=2023-09-29T08:53:52.072305+00:00
[2023-09-29T08:53:52.081+0000] {processor.py:179} INFO - Processing /home/airflow/.local/lib/python3.8/site-packages/airflow/example_dags/example_setup_teardown.py took 0.044 seconds
[2023-09-29T08:54:22.453+0000] {processor.py:157} INFO - Started process (PID=623) to work on /home/airflow/.local/lib/python3.8/site-packages/airflow/example_dags/example_setup_teardown.py
[2023-09-29T08:54:22.454+0000] {processor.py:829} INFO - Processing file /home/airflow/.local/lib/python3.8/site-packages/airflow/example_dags/example_setup_teardown.py for tasks to queue
[2023-09-29T08:54:22.455+0000] {logging_mixin.py:151} INFO - [2023-09-29T08:54:22.455+0000] {dagbag.py:539} INFO - Filling up the DagBag from /home/airflow/.local/lib/python3.8/site-packages/airflow/example_dags/example_setup_teardown.py
[2023-09-29T08:54:22.460+0000] {processor.py:839} INFO - DAG(s) dict_keys(['example_setup_teardown']) retrieved from /home/airflow/.local/lib/python3.8/site-packages/airflow/example_dags/example_setup_teardown.py
[2023-09-29T08:54:22.472+0000] {logging_mixin.py:151} INFO - [2023-09-29T08:54:22.471+0000] {dag.py:2915} INFO - Sync 1 DAGs
[2023-09-29T08:54:22.482+0000] {logging_mixin.py:151} INFO - [2023-09-29T08:54:22.482+0000] {dag.py:3696} INFO - Setting next_dagrun for example_setup_teardown to 2023-09-28T08:54:22.482051+00:00, run_after=2023-09-29T08:54:22.482051+00:00
[2023-09-29T08:54:22.490+0000] {processor.py:179} INFO - Processing /home/airflow/.local/lib/python3.8/site-packages/airflow/example_dags/example_setup_teardown.py took 0.039 seconds
[2023-09-29T08:54:52.835+0000] {processor.py:157} INFO - Started process (PID=680) to work on /home/airflow/.local/lib/python3.8/site-packages/airflow/example_dags/example_setup_teardown.py
[2023-09-29T08:54:52.836+0000] {processor.py:829} INFO - Processing file /home/airflow/.local/lib/python3.8/site-packages/airflow/example_dags/example_setup_teardown.py for tasks to queue
[2023-09-29T08:54:52.837+0000] {logging_mixin.py:151} INFO - [2023-09-29T08:54:52.837+0000] {dagbag.py:539} INFO - Filling up the DagBag from /home/airflow/.local/lib/python3.8/site-packages/airflow/example_dags/example_setup_teardown.py
[2023-09-29T08:54:52.843+0000] {processor.py:839} INFO - DAG(s) dict_keys(['example_setup_teardown']) retrieved from /home/airflow/.local/lib/python3.8/site-packages/airflow/example_dags/example_setup_teardown.py
[2023-09-29T08:54:52.858+0000] {logging_mixin.py:151} INFO - [2023-09-29T08:54:52.858+0000] {dag.py:2915} INFO - Sync 1 DAGs
[2023-09-29T08:54:52.870+0000] {logging_mixin.py:151} INFO - [2023-09-29T08:54:52.870+0000] {dag.py:3696} INFO - Setting next_dagrun for example_setup_teardown to 2023-09-28T08:54:52.870581+00:00, run_after=2023-09-29T08:54:52.870581+00:00
[2023-09-29T08:54:52.878+0000] {processor.py:179} INFO - Processing /home/airflow/.local/lib/python3.8/site-packages/airflow/example_dags/example_setup_teardown.py took 0.045 seconds
[2023-09-29T08:55:24.057+0000] {processor.py:157} INFO - Started process (PID=737) to work on /home/airflow/.local/lib/python3.8/site-packages/airflow/example_dags/example_setup_teardown.py
[2023-09-29T08:55:24.057+0000] {processor.py:829} INFO - Processing file /home/airflow/.local/lib/python3.8/site-packages/airflow/example_dags/example_setup_teardown.py for tasks to queue
[2023-09-29T08:55:24.059+0000] {logging_mixin.py:151} INFO - [2023-09-29T08:55:24.059+0000] {dagbag.py:539} INFO - Filling up the DagBag from /home/airflow/.local/lib/python3.8/site-packages/airflow/example_dags/example_setup_teardown.py
[2023-09-29T08:55:24.066+0000] {processor.py:839} INFO - DAG(s) dict_keys(['example_setup_teardown']) retrieved from /home/airflow/.local/lib/python3.8/site-packages/airflow/example_dags/example_setup_teardown.py
[2023-09-29T08:55:24.082+0000] {logging_mixin.py:151} INFO - [2023-09-29T08:55:24.081+0000] {dag.py:2915} INFO - Sync 1 DAGs
[2023-09-29T08:55:24.099+0000] {logging_mixin.py:151} INFO - [2023-09-29T08:55:24.098+0000] {dag.py:3696} INFO - Setting next_dagrun for example_setup_teardown to 2023-09-28T08:55:24.098733+00:00, run_after=2023-09-29T08:55:24.098733+00:00
[2023-09-29T08:55:24.132+0000] {processor.py:179} INFO - Processing /home/airflow/.local/lib/python3.8/site-packages/airflow/example_dags/example_setup_teardown.py took 0.077 seconds
[2023-09-29T08:55:55.321+0000] {processor.py:157} INFO - Started process (PID=794) to work on /home/airflow/.local/lib/python3.8/site-packages/airflow/example_dags/example_setup_teardown.py
[2023-09-29T08:55:55.322+0000] {processor.py:829} INFO - Processing file /home/airflow/.local/lib/python3.8/site-packages/airflow/example_dags/example_setup_teardown.py for tasks to queue
[2023-09-29T08:55:55.323+0000] {logging_mixin.py:151} INFO - [2023-09-29T08:55:55.323+0000] {dagbag.py:539} INFO - Filling up the DagBag from /home/airflow/.local/lib/python3.8/site-packages/airflow/example_dags/example_setup_teardown.py
[2023-09-29T08:55:55.328+0000] {processor.py:839} INFO - DAG(s) dict_keys(['example_setup_teardown']) retrieved from /home/airflow/.local/lib/python3.8/site-packages/airflow/example_dags/example_setup_teardown.py
[2023-09-29T08:55:55.339+0000] {logging_mixin.py:151} INFO - [2023-09-29T08:55:55.339+0000] {dag.py:2915} INFO - Sync 1 DAGs
[2023-09-29T08:55:55.348+0000] {logging_mixin.py:151} INFO - [2023-09-29T08:55:55.348+0000] {dag.py:3696} INFO - Setting next_dagrun for example_setup_teardown to 2023-09-28T08:55:55.348531+00:00, run_after=2023-09-29T08:55:55.348531+00:00
[2023-09-29T08:55:55.356+0000] {processor.py:179} INFO - Processing /home/airflow/.local/lib/python3.8/site-packages/airflow/example_dags/example_setup_teardown.py took 0.038 seconds
[2023-09-29T08:56:26.598+0000] {processor.py:157} INFO - Started process (PID=851) to work on /home/airflow/.local/lib/python3.8/site-packages/airflow/example_dags/example_setup_teardown.py
[2023-09-29T08:56:26.598+0000] {processor.py:829} INFO - Processing file /home/airflow/.local/lib/python3.8/site-packages/airflow/example_dags/example_setup_teardown.py for tasks to queue
[2023-09-29T08:56:26.599+0000] {logging_mixin.py:151} INFO - [2023-09-29T08:56:26.599+0000] {dagbag.py:539} INFO - Filling up the DagBag from /home/airflow/.local/lib/python3.8/site-packages/airflow/example_dags/example_setup_teardown.py
[2023-09-29T08:56:26.603+0000] {processor.py:839} INFO - DAG(s) dict_keys(['example_setup_teardown']) retrieved from /home/airflow/.local/lib/python3.8/site-packages/airflow/example_dags/example_setup_teardown.py
[2023-09-29T08:56:26.613+0000] {logging_mixin.py:151} INFO - [2023-09-29T08:56:26.613+0000] {dag.py:2915} INFO - Sync 1 DAGs
[2023-09-29T08:56:26.622+0000] {logging_mixin.py:151} INFO - [2023-09-29T08:56:26.622+0000] {dag.py:3696} INFO - Setting next_dagrun for example_setup_teardown to 2023-09-28T08:56:26.622422+00:00, run_after=2023-09-29T08:56:26.622422+00:00
[2023-09-29T08:56:26.631+0000] {processor.py:179} INFO - Processing /home/airflow/.local/lib/python3.8/site-packages/airflow/example_dags/example_setup_teardown.py took 0.035 seconds
[2023-09-29T10:55:01.646+0000] {processor.py:157} INFO - Started process (PID=53) to work on /home/airflow/.local/lib/python3.8/site-packages/airflow/example_dags/example_setup_teardown.py
[2023-09-29T10:55:01.654+0000] {processor.py:829} INFO - Processing file /home/airflow/.local/lib/python3.8/site-packages/airflow/example_dags/example_setup_teardown.py for tasks to queue
[2023-09-29T10:55:01.659+0000] {logging_mixin.py:151} INFO - [2023-09-29T10:55:01.659+0000] {dagbag.py:539} INFO - Filling up the DagBag from /home/airflow/.local/lib/python3.8/site-packages/airflow/example_dags/example_setup_teardown.py
[2023-09-29T10:55:01.682+0000] {processor.py:839} INFO - DAG(s) dict_keys(['example_setup_teardown']) retrieved from /home/airflow/.local/lib/python3.8/site-packages/airflow/example_dags/example_setup_teardown.py
[2023-09-29T10:55:01.697+0000] {logging_mixin.py:151} INFO - [2023-09-29T10:55:01.697+0000] {dag.py:2915} INFO - Sync 1 DAGs
[2023-09-29T10:55:01.727+0000] {logging_mixin.py:151} INFO - [2023-09-29T10:55:01.727+0000] {dag.py:3696} INFO - Setting next_dagrun for example_setup_teardown to 2023-09-28T10:55:01.726767+00:00, run_after=2023-09-29T10:55:01.726767+00:00
[2023-09-29T10:55:01.738+0000] {processor.py:179} INFO - Processing /home/airflow/.local/lib/python3.8/site-packages/airflow/example_dags/example_setup_teardown.py took 0.105 seconds
[2023-09-29T10:55:32.531+0000] {processor.py:157} INFO - Started process (PID=109) to work on /home/airflow/.local/lib/python3.8/site-packages/airflow/example_dags/example_setup_teardown.py
[2023-09-29T10:55:32.531+0000] {processor.py:829} INFO - Processing file /home/airflow/.local/lib/python3.8/site-packages/airflow/example_dags/example_setup_teardown.py for tasks to queue
[2023-09-29T10:55:32.533+0000] {logging_mixin.py:151} INFO - [2023-09-29T10:55:32.532+0000] {dagbag.py:539} INFO - Filling up the DagBag from /home/airflow/.local/lib/python3.8/site-packages/airflow/example_dags/example_setup_teardown.py
[2023-09-29T10:55:32.536+0000] {processor.py:839} INFO - DAG(s) dict_keys(['example_setup_teardown']) retrieved from /home/airflow/.local/lib/python3.8/site-packages/airflow/example_dags/example_setup_teardown.py
[2023-09-29T10:55:32.546+0000] {logging_mixin.py:151} INFO - [2023-09-29T10:55:32.546+0000] {dag.py:2915} INFO - Sync 1 DAGs
[2023-09-29T10:55:32.556+0000] {logging_mixin.py:151} INFO - [2023-09-29T10:55:32.556+0000] {dag.py:3696} INFO - Setting next_dagrun for example_setup_teardown to 2023-09-28T10:55:32.556353+00:00, run_after=2023-09-29T10:55:32.556353+00:00
[2023-09-29T10:55:32.564+0000] {processor.py:179} INFO - Processing /home/airflow/.local/lib/python3.8/site-packages/airflow/example_dags/example_setup_teardown.py took 0.035 seconds
[2023-09-29T10:56:03.696+0000] {processor.py:157} INFO - Started process (PID=166) to work on /home/airflow/.local/lib/python3.8/site-packages/airflow/example_dags/example_setup_teardown.py
[2023-09-29T10:56:03.697+0000] {processor.py:829} INFO - Processing file /home/airflow/.local/lib/python3.8/site-packages/airflow/example_dags/example_setup_teardown.py for tasks to queue
[2023-09-29T10:56:03.698+0000] {logging_mixin.py:151} INFO - [2023-09-29T10:56:03.698+0000] {dagbag.py:539} INFO - Filling up the DagBag from /home/airflow/.local/lib/python3.8/site-packages/airflow/example_dags/example_setup_teardown.py
[2023-09-29T10:56:03.707+0000] {processor.py:839} INFO - DAG(s) dict_keys(['example_setup_teardown']) retrieved from /home/airflow/.local/lib/python3.8/site-packages/airflow/example_dags/example_setup_teardown.py
[2023-09-29T10:56:03.720+0000] {logging_mixin.py:151} INFO - [2023-09-29T10:56:03.720+0000] {dag.py:2915} INFO - Sync 1 DAGs
[2023-09-29T10:56:03.734+0000] {logging_mixin.py:151} INFO - [2023-09-29T10:56:03.734+0000] {dag.py:3696} INFO - Setting next_dagrun for example_setup_teardown to 2023-09-28T10:56:03.734148+00:00, run_after=2023-09-29T10:56:03.734148+00:00
[2023-09-29T10:56:03.743+0000] {processor.py:179} INFO - Processing /home/airflow/.local/lib/python3.8/site-packages/airflow/example_dags/example_setup_teardown.py took 0.049 seconds
[2023-09-29T10:56:34.117+0000] {processor.py:157} INFO - Started process (PID=223) to work on /home/airflow/.local/lib/python3.8/site-packages/airflow/example_dags/example_setup_teardown.py
[2023-09-29T10:56:34.118+0000] {processor.py:829} INFO - Processing file /home/airflow/.local/lib/python3.8/site-packages/airflow/example_dags/example_setup_teardown.py for tasks to queue
[2023-09-29T10:56:34.121+0000] {logging_mixin.py:151} INFO - [2023-09-29T10:56:34.121+0000] {dagbag.py:539} INFO - Filling up the DagBag from /home/airflow/.local/lib/python3.8/site-packages/airflow/example_dags/example_setup_teardown.py
[2023-09-29T10:56:34.126+0000] {processor.py:839} INFO - DAG(s) dict_keys(['example_setup_teardown']) retrieved from /home/airflow/.local/lib/python3.8/site-packages/airflow/example_dags/example_setup_teardown.py
[2023-09-29T10:56:34.139+0000] {logging_mixin.py:151} INFO - [2023-09-29T10:56:34.139+0000] {dag.py:2915} INFO - Sync 1 DAGs
[2023-09-29T10:56:34.155+0000] {logging_mixin.py:151} INFO - [2023-09-29T10:56:34.155+0000] {dag.py:3696} INFO - Setting next_dagrun for example_setup_teardown to 2023-09-28T10:56:34.155106+00:00, run_after=2023-09-29T10:56:34.155106+00:00
[2023-09-29T10:56:34.169+0000] {processor.py:179} INFO - Processing /home/airflow/.local/lib/python3.8/site-packages/airflow/example_dags/example_setup_teardown.py took 0.054 seconds
[2023-09-29T10:57:04.687+0000] {processor.py:157} INFO - Started process (PID=281) to work on /home/airflow/.local/lib/python3.8/site-packages/airflow/example_dags/example_setup_teardown.py
[2023-09-29T10:57:04.688+0000] {processor.py:829} INFO - Processing file /home/airflow/.local/lib/python3.8/site-packages/airflow/example_dags/example_setup_teardown.py for tasks to queue
[2023-09-29T10:57:04.690+0000] {logging_mixin.py:151} INFO - [2023-09-29T10:57:04.690+0000] {dagbag.py:539} INFO - Filling up the DagBag from /home/airflow/.local/lib/python3.8/site-packages/airflow/example_dags/example_setup_teardown.py
[2023-09-29T10:57:04.696+0000] {processor.py:839} INFO - DAG(s) dict_keys(['example_setup_teardown']) retrieved from /home/airflow/.local/lib/python3.8/site-packages/airflow/example_dags/example_setup_teardown.py
[2023-09-29T10:57:04.708+0000] {logging_mixin.py:151} INFO - [2023-09-29T10:57:04.708+0000] {dag.py:2915} INFO - Sync 1 DAGs
[2023-09-29T10:57:04.721+0000] {logging_mixin.py:151} INFO - [2023-09-29T10:57:04.721+0000] {dag.py:3696} INFO - Setting next_dagrun for example_setup_teardown to 2023-09-28T10:57:04.721448+00:00, run_after=2023-09-29T10:57:04.721448+00:00
[2023-09-29T10:57:04.730+0000] {processor.py:179} INFO - Processing /home/airflow/.local/lib/python3.8/site-packages/airflow/example_dags/example_setup_teardown.py took 0.046 seconds
[2023-09-29T10:57:35.016+0000] {processor.py:157} INFO - Started process (PID=338) to work on /home/airflow/.local/lib/python3.8/site-packages/airflow/example_dags/example_setup_teardown.py
[2023-09-29T10:57:35.023+0000] {processor.py:829} INFO - Processing file /home/airflow/.local/lib/python3.8/site-packages/airflow/example_dags/example_setup_teardown.py for tasks to queue
[2023-09-29T10:57:35.026+0000] {logging_mixin.py:151} INFO - [2023-09-29T10:57:35.025+0000] {dagbag.py:539} INFO - Filling up the DagBag from /home/airflow/.local/lib/python3.8/site-packages/airflow/example_dags/example_setup_teardown.py
[2023-09-29T10:57:35.031+0000] {processor.py:839} INFO - DAG(s) dict_keys(['example_setup_teardown']) retrieved from /home/airflow/.local/lib/python3.8/site-packages/airflow/example_dags/example_setup_teardown.py
[2023-09-29T10:57:35.050+0000] {logging_mixin.py:151} INFO - [2023-09-29T10:57:35.050+0000] {dag.py:2915} INFO - Sync 1 DAGs
[2023-09-29T10:57:35.062+0000] {logging_mixin.py:151} INFO - [2023-09-29T10:57:35.062+0000] {dag.py:3696} INFO - Setting next_dagrun for example_setup_teardown to 2023-09-28T10:57:35.062423+00:00, run_after=2023-09-29T10:57:35.062423+00:00
[2023-09-29T10:57:35.071+0000] {processor.py:179} INFO - Processing /home/airflow/.local/lib/python3.8/site-packages/airflow/example_dags/example_setup_teardown.py took 0.058 seconds
[2023-09-29T10:58:06.060+0000] {processor.py:157} INFO - Started process (PID=395) to work on /home/airflow/.local/lib/python3.8/site-packages/airflow/example_dags/example_setup_teardown.py
[2023-09-29T10:58:06.061+0000] {processor.py:829} INFO - Processing file /home/airflow/.local/lib/python3.8/site-packages/airflow/example_dags/example_setup_teardown.py for tasks to queue
[2023-09-29T10:58:06.062+0000] {logging_mixin.py:151} INFO - [2023-09-29T10:58:06.062+0000] {dagbag.py:539} INFO - Filling up the DagBag from /home/airflow/.local/lib/python3.8/site-packages/airflow/example_dags/example_setup_teardown.py
[2023-09-29T10:58:06.066+0000] {processor.py:839} INFO - DAG(s) dict_keys(['example_setup_teardown']) retrieved from /home/airflow/.local/lib/python3.8/site-packages/airflow/example_dags/example_setup_teardown.py
[2023-09-29T10:58:06.076+0000] {logging_mixin.py:151} INFO - [2023-09-29T10:58:06.075+0000] {dag.py:2915} INFO - Sync 1 DAGs
[2023-09-29T10:58:06.085+0000] {logging_mixin.py:151} INFO - [2023-09-29T10:58:06.085+0000] {dag.py:3696} INFO - Setting next_dagrun for example_setup_teardown to 2023-09-28T10:58:06.085211+00:00, run_after=2023-09-29T10:58:06.085211+00:00
[2023-09-29T10:58:06.092+0000] {processor.py:179} INFO - Processing /home/airflow/.local/lib/python3.8/site-packages/airflow/example_dags/example_setup_teardown.py took 0.033 seconds
[2023-09-29T10:58:37.372+0000] {processor.py:157} INFO - Started process (PID=452) to work on /home/airflow/.local/lib/python3.8/site-packages/airflow/example_dags/example_setup_teardown.py
[2023-09-29T10:58:37.373+0000] {processor.py:829} INFO - Processing file /home/airflow/.local/lib/python3.8/site-packages/airflow/example_dags/example_setup_teardown.py for tasks to queue
[2023-09-29T10:58:37.374+0000] {logging_mixin.py:151} INFO - [2023-09-29T10:58:37.374+0000] {dagbag.py:539} INFO - Filling up the DagBag from /home/airflow/.local/lib/python3.8/site-packages/airflow/example_dags/example_setup_teardown.py
[2023-09-29T10:58:37.378+0000] {processor.py:839} INFO - DAG(s) dict_keys(['example_setup_teardown']) retrieved from /home/airflow/.local/lib/python3.8/site-packages/airflow/example_dags/example_setup_teardown.py
[2023-09-29T10:58:37.388+0000] {logging_mixin.py:151} INFO - [2023-09-29T10:58:37.388+0000] {dag.py:2915} INFO - Sync 1 DAGs
[2023-09-29T10:58:37.398+0000] {logging_mixin.py:151} INFO - [2023-09-29T10:58:37.398+0000] {dag.py:3696} INFO - Setting next_dagrun for example_setup_teardown to 2023-09-28T10:58:37.397961+00:00, run_after=2023-09-29T10:58:37.397961+00:00
[2023-09-29T10:58:37.407+0000] {processor.py:179} INFO - Processing /home/airflow/.local/lib/python3.8/site-packages/airflow/example_dags/example_setup_teardown.py took 0.036 seconds
[2023-09-29T10:59:08.574+0000] {processor.py:157} INFO - Started process (PID=509) to work on /home/airflow/.local/lib/python3.8/site-packages/airflow/example_dags/example_setup_teardown.py
[2023-09-29T10:59:08.575+0000] {processor.py:829} INFO - Processing file /home/airflow/.local/lib/python3.8/site-packages/airflow/example_dags/example_setup_teardown.py for tasks to queue
[2023-09-29T10:59:08.576+0000] {logging_mixin.py:151} INFO - [2023-09-29T10:59:08.576+0000] {dagbag.py:539} INFO - Filling up the DagBag from /home/airflow/.local/lib/python3.8/site-packages/airflow/example_dags/example_setup_teardown.py
[2023-09-29T10:59:08.581+0000] {processor.py:839} INFO - DAG(s) dict_keys(['example_setup_teardown']) retrieved from /home/airflow/.local/lib/python3.8/site-packages/airflow/example_dags/example_setup_teardown.py
[2023-09-29T10:59:08.593+0000] {logging_mixin.py:151} INFO - [2023-09-29T10:59:08.593+0000] {dag.py:2915} INFO - Sync 1 DAGs
[2023-09-29T10:59:08.603+0000] {logging_mixin.py:151} INFO - [2023-09-29T10:59:08.603+0000] {dag.py:3696} INFO - Setting next_dagrun for example_setup_teardown to 2023-09-28T10:59:08.602851+00:00, run_after=2023-09-29T10:59:08.602851+00:00
[2023-09-29T10:59:08.610+0000] {processor.py:179} INFO - Processing /home/airflow/.local/lib/python3.8/site-packages/airflow/example_dags/example_setup_teardown.py took 0.037 seconds
[2023-09-29T10:59:39.005+0000] {processor.py:157} INFO - Started process (PID=566) to work on /home/airflow/.local/lib/python3.8/site-packages/airflow/example_dags/example_setup_teardown.py
[2023-09-29T10:59:39.006+0000] {processor.py:829} INFO - Processing file /home/airflow/.local/lib/python3.8/site-packages/airflow/example_dags/example_setup_teardown.py for tasks to queue
[2023-09-29T10:59:39.007+0000] {logging_mixin.py:151} INFO - [2023-09-29T10:59:39.007+0000] {dagbag.py:539} INFO - Filling up the DagBag from /home/airflow/.local/lib/python3.8/site-packages/airflow/example_dags/example_setup_teardown.py
[2023-09-29T10:59:39.012+0000] {processor.py:839} INFO - DAG(s) dict_keys(['example_setup_teardown']) retrieved from /home/airflow/.local/lib/python3.8/site-packages/airflow/example_dags/example_setup_teardown.py
[2023-09-29T10:59:39.028+0000] {logging_mixin.py:151} INFO - [2023-09-29T10:59:39.028+0000] {dag.py:2915} INFO - Sync 1 DAGs
[2023-09-29T10:59:39.039+0000] {logging_mixin.py:151} INFO - [2023-09-29T10:59:39.039+0000] {dag.py:3696} INFO - Setting next_dagrun for example_setup_teardown to 2023-09-28T10:59:39.039478+00:00, run_after=2023-09-29T10:59:39.039478+00:00
[2023-09-29T10:59:39.047+0000] {processor.py:179} INFO - Processing /home/airflow/.local/lib/python3.8/site-packages/airflow/example_dags/example_setup_teardown.py took 0.044 seconds
[2023-09-29T11:00:10.197+0000] {processor.py:157} INFO - Started process (PID=623) to work on /home/airflow/.local/lib/python3.8/site-packages/airflow/example_dags/example_setup_teardown.py
[2023-09-29T11:00:10.197+0000] {processor.py:829} INFO - Processing file /home/airflow/.local/lib/python3.8/site-packages/airflow/example_dags/example_setup_teardown.py for tasks to queue
[2023-09-29T11:00:10.199+0000] {logging_mixin.py:151} INFO - [2023-09-29T11:00:10.199+0000] {dagbag.py:539} INFO - Filling up the DagBag from /home/airflow/.local/lib/python3.8/site-packages/airflow/example_dags/example_setup_teardown.py
[2023-09-29T11:00:10.202+0000] {processor.py:839} INFO - DAG(s) dict_keys(['example_setup_teardown']) retrieved from /home/airflow/.local/lib/python3.8/site-packages/airflow/example_dags/example_setup_teardown.py
[2023-09-29T11:00:10.213+0000] {logging_mixin.py:151} INFO - [2023-09-29T11:00:10.213+0000] {dag.py:2915} INFO - Sync 1 DAGs
[2023-09-29T11:00:10.223+0000] {logging_mixin.py:151} INFO - [2023-09-29T11:00:10.223+0000] {dag.py:3696} INFO - Setting next_dagrun for example_setup_teardown to 2023-09-28T11:00:10.223418+00:00, run_after=2023-09-29T11:00:10.223418+00:00
[2023-09-29T11:00:10.230+0000] {processor.py:179} INFO - Processing /home/airflow/.local/lib/python3.8/site-packages/airflow/example_dags/example_setup_teardown.py took 0.035 seconds
[2023-09-29T11:00:40.852+0000] {processor.py:157} INFO - Started process (PID=680) to work on /home/airflow/.local/lib/python3.8/site-packages/airflow/example_dags/example_setup_teardown.py
[2023-09-29T11:00:40.852+0000] {processor.py:829} INFO - Processing file /home/airflow/.local/lib/python3.8/site-packages/airflow/example_dags/example_setup_teardown.py for tasks to queue
[2023-09-29T11:00:40.854+0000] {logging_mixin.py:151} INFO - [2023-09-29T11:00:40.853+0000] {dagbag.py:539} INFO - Filling up the DagBag from /home/airflow/.local/lib/python3.8/site-packages/airflow/example_dags/example_setup_teardown.py
[2023-09-29T11:00:40.857+0000] {processor.py:839} INFO - DAG(s) dict_keys(['example_setup_teardown']) retrieved from /home/airflow/.local/lib/python3.8/site-packages/airflow/example_dags/example_setup_teardown.py
[2023-09-29T11:00:40.867+0000] {logging_mixin.py:151} INFO - [2023-09-29T11:00:40.867+0000] {dag.py:2915} INFO - Sync 1 DAGs
[2023-09-29T11:00:40.876+0000] {logging_mixin.py:151} INFO - [2023-09-29T11:00:40.876+0000] {dag.py:3696} INFO - Setting next_dagrun for example_setup_teardown to 2023-09-28T11:00:40.876181+00:00, run_after=2023-09-29T11:00:40.876181+00:00
[2023-09-29T11:00:40.884+0000] {processor.py:179} INFO - Processing /home/airflow/.local/lib/python3.8/site-packages/airflow/example_dags/example_setup_teardown.py took 0.034 seconds
[2023-09-29T11:01:11.988+0000] {processor.py:157} INFO - Started process (PID=737) to work on /home/airflow/.local/lib/python3.8/site-packages/airflow/example_dags/example_setup_teardown.py
[2023-09-29T11:01:11.988+0000] {processor.py:829} INFO - Processing file /home/airflow/.local/lib/python3.8/site-packages/airflow/example_dags/example_setup_teardown.py for tasks to queue
[2023-09-29T11:01:11.990+0000] {logging_mixin.py:151} INFO - [2023-09-29T11:01:11.990+0000] {dagbag.py:539} INFO - Filling up the DagBag from /home/airflow/.local/lib/python3.8/site-packages/airflow/example_dags/example_setup_teardown.py
[2023-09-29T11:01:11.994+0000] {processor.py:839} INFO - DAG(s) dict_keys(['example_setup_teardown']) retrieved from /home/airflow/.local/lib/python3.8/site-packages/airflow/example_dags/example_setup_teardown.py
[2023-09-29T11:01:12.005+0000] {logging_mixin.py:151} INFO - [2023-09-29T11:01:12.005+0000] {dag.py:2915} INFO - Sync 1 DAGs
[2023-09-29T11:01:12.015+0000] {logging_mixin.py:151} INFO - [2023-09-29T11:01:12.015+0000] {dag.py:3696} INFO - Setting next_dagrun for example_setup_teardown to 2023-09-28T11:01:12.015237+00:00, run_after=2023-09-29T11:01:12.015237+00:00
[2023-09-29T11:01:12.023+0000] {processor.py:179} INFO - Processing /home/airflow/.local/lib/python3.8/site-packages/airflow/example_dags/example_setup_teardown.py took 0.038 seconds
[2023-09-29T11:01:43.248+0000] {processor.py:157} INFO - Started process (PID=794) to work on /home/airflow/.local/lib/python3.8/site-packages/airflow/example_dags/example_setup_teardown.py
[2023-09-29T11:01:43.248+0000] {processor.py:829} INFO - Processing file /home/airflow/.local/lib/python3.8/site-packages/airflow/example_dags/example_setup_teardown.py for tasks to queue
[2023-09-29T11:01:43.250+0000] {logging_mixin.py:151} INFO - [2023-09-29T11:01:43.249+0000] {dagbag.py:539} INFO - Filling up the DagBag from /home/airflow/.local/lib/python3.8/site-packages/airflow/example_dags/example_setup_teardown.py
[2023-09-29T11:01:43.253+0000] {processor.py:839} INFO - DAG(s) dict_keys(['example_setup_teardown']) retrieved from /home/airflow/.local/lib/python3.8/site-packages/airflow/example_dags/example_setup_teardown.py
[2023-09-29T11:01:43.263+0000] {logging_mixin.py:151} INFO - [2023-09-29T11:01:43.263+0000] {dag.py:2915} INFO - Sync 1 DAGs
[2023-09-29T11:01:43.272+0000] {logging_mixin.py:151} INFO - [2023-09-29T11:01:43.272+0000] {dag.py:3696} INFO - Setting next_dagrun for example_setup_teardown to 2023-09-28T11:01:43.272338+00:00, run_after=2023-09-29T11:01:43.272338+00:00
[2023-09-29T11:01:43.279+0000] {processor.py:179} INFO - Processing /home/airflow/.local/lib/python3.8/site-packages/airflow/example_dags/example_setup_teardown.py took 0.033 seconds
[2023-09-29T11:02:14.463+0000] {processor.py:157} INFO - Started process (PID=851) to work on /home/airflow/.local/lib/python3.8/site-packages/airflow/example_dags/example_setup_teardown.py
[2023-09-29T11:02:14.464+0000] {processor.py:829} INFO - Processing file /home/airflow/.local/lib/python3.8/site-packages/airflow/example_dags/example_setup_teardown.py for tasks to queue
[2023-09-29T11:02:14.465+0000] {logging_mixin.py:151} INFO - [2023-09-29T11:02:14.465+0000] {dagbag.py:539} INFO - Filling up the DagBag from /home/airflow/.local/lib/python3.8/site-packages/airflow/example_dags/example_setup_teardown.py
[2023-09-29T11:02:14.469+0000] {processor.py:839} INFO - DAG(s) dict_keys(['example_setup_teardown']) retrieved from /home/airflow/.local/lib/python3.8/site-packages/airflow/example_dags/example_setup_teardown.py
[2023-09-29T11:02:14.479+0000] {logging_mixin.py:151} INFO - [2023-09-29T11:02:14.479+0000] {dag.py:2915} INFO - Sync 1 DAGs
[2023-09-29T11:02:14.490+0000] {logging_mixin.py:151} INFO - [2023-09-29T11:02:14.489+0000] {dag.py:3696} INFO - Setting next_dagrun for example_setup_teardown to 2023-09-28T11:02:14.489827+00:00, run_after=2023-09-29T11:02:14.489827+00:00
[2023-09-29T11:02:14.497+0000] {processor.py:179} INFO - Processing /home/airflow/.local/lib/python3.8/site-packages/airflow/example_dags/example_setup_teardown.py took 0.035 seconds
[2023-09-29T11:02:44.711+0000] {processor.py:157} INFO - Started process (PID=909) to work on /home/airflow/.local/lib/python3.8/site-packages/airflow/example_dags/example_setup_teardown.py
[2023-09-29T11:02:44.711+0000] {processor.py:829} INFO - Processing file /home/airflow/.local/lib/python3.8/site-packages/airflow/example_dags/example_setup_teardown.py for tasks to queue
[2023-09-29T11:02:44.712+0000] {logging_mixin.py:151} INFO - [2023-09-29T11:02:44.712+0000] {dagbag.py:539} INFO - Filling up the DagBag from /home/airflow/.local/lib/python3.8/site-packages/airflow/example_dags/example_setup_teardown.py
[2023-09-29T11:02:44.716+0000] {processor.py:839} INFO - DAG(s) dict_keys(['example_setup_teardown']) retrieved from /home/airflow/.local/lib/python3.8/site-packages/airflow/example_dags/example_setup_teardown.py
[2023-09-29T11:02:44.727+0000] {logging_mixin.py:151} INFO - [2023-09-29T11:02:44.726+0000] {dag.py:2915} INFO - Sync 1 DAGs
[2023-09-29T11:02:44.736+0000] {logging_mixin.py:151} INFO - [2023-09-29T11:02:44.736+0000] {dag.py:3696} INFO - Setting next_dagrun for example_setup_teardown to 2023-09-28T11:02:44.736143+00:00, run_after=2023-09-29T11:02:44.736143+00:00
[2023-09-29T11:02:44.744+0000] {processor.py:179} INFO - Processing /home/airflow/.local/lib/python3.8/site-packages/airflow/example_dags/example_setup_teardown.py took 0.035 seconds
[2023-09-29T11:03:15.900+0000] {processor.py:157} INFO - Started process (PID=965) to work on /home/airflow/.local/lib/python3.8/site-packages/airflow/example_dags/example_setup_teardown.py
[2023-09-29T11:03:15.900+0000] {processor.py:829} INFO - Processing file /home/airflow/.local/lib/python3.8/site-packages/airflow/example_dags/example_setup_teardown.py for tasks to queue
[2023-09-29T11:03:15.902+0000] {logging_mixin.py:151} INFO - [2023-09-29T11:03:15.901+0000] {dagbag.py:539} INFO - Filling up the DagBag from /home/airflow/.local/lib/python3.8/site-packages/airflow/example_dags/example_setup_teardown.py
[2023-09-29T11:03:15.905+0000] {processor.py:839} INFO - DAG(s) dict_keys(['example_setup_teardown']) retrieved from /home/airflow/.local/lib/python3.8/site-packages/airflow/example_dags/example_setup_teardown.py
[2023-09-29T11:03:15.915+0000] {logging_mixin.py:151} INFO - [2023-09-29T11:03:15.915+0000] {dag.py:2915} INFO - Sync 1 DAGs
[2023-09-29T11:03:15.925+0000] {logging_mixin.py:151} INFO - [2023-09-29T11:03:15.924+0000] {dag.py:3696} INFO - Setting next_dagrun for example_setup_teardown to 2023-09-28T11:03:15.924818+00:00, run_after=2023-09-29T11:03:15.924818+00:00
[2023-09-29T11:03:15.933+0000] {processor.py:179} INFO - Processing /home/airflow/.local/lib/python3.8/site-packages/airflow/example_dags/example_setup_teardown.py took 0.035 seconds
[2023-09-29T11:03:46.095+0000] {processor.py:157} INFO - Started process (PID=1022) to work on /home/airflow/.local/lib/python3.8/site-packages/airflow/example_dags/example_setup_teardown.py
[2023-09-29T11:03:46.096+0000] {processor.py:829} INFO - Processing file /home/airflow/.local/lib/python3.8/site-packages/airflow/example_dags/example_setup_teardown.py for tasks to queue
[2023-09-29T11:03:46.097+0000] {logging_mixin.py:151} INFO - [2023-09-29T11:03:46.097+0000] {dagbag.py:539} INFO - Filling up the DagBag from /home/airflow/.local/lib/python3.8/site-packages/airflow/example_dags/example_setup_teardown.py
[2023-09-29T11:03:46.101+0000] {processor.py:839} INFO - DAG(s) dict_keys(['example_setup_teardown']) retrieved from /home/airflow/.local/lib/python3.8/site-packages/airflow/example_dags/example_setup_teardown.py
[2023-09-29T11:03:46.111+0000] {logging_mixin.py:151} INFO - [2023-09-29T11:03:46.111+0000] {dag.py:2915} INFO - Sync 1 DAGs
[2023-09-29T11:03:46.124+0000] {logging_mixin.py:151} INFO - [2023-09-29T11:03:46.124+0000] {dag.py:3696} INFO - Setting next_dagrun for example_setup_teardown to 2023-09-28T11:03:46.124519+00:00, run_after=2023-09-29T11:03:46.124519+00:00
[2023-09-29T11:03:46.136+0000] {processor.py:179} INFO - Processing /home/airflow/.local/lib/python3.8/site-packages/airflow/example_dags/example_setup_teardown.py took 0.043 seconds
[2023-09-29T11:04:17.481+0000] {processor.py:157} INFO - Started process (PID=1079) to work on /home/airflow/.local/lib/python3.8/site-packages/airflow/example_dags/example_setup_teardown.py
[2023-09-29T11:04:17.482+0000] {processor.py:829} INFO - Processing file /home/airflow/.local/lib/python3.8/site-packages/airflow/example_dags/example_setup_teardown.py for tasks to queue
[2023-09-29T11:04:17.483+0000] {logging_mixin.py:151} INFO - [2023-09-29T11:04:17.483+0000] {dagbag.py:539} INFO - Filling up the DagBag from /home/airflow/.local/lib/python3.8/site-packages/airflow/example_dags/example_setup_teardown.py
[2023-09-29T11:04:17.487+0000] {processor.py:839} INFO - DAG(s) dict_keys(['example_setup_teardown']) retrieved from /home/airflow/.local/lib/python3.8/site-packages/airflow/example_dags/example_setup_teardown.py
[2023-09-29T11:04:17.497+0000] {logging_mixin.py:151} INFO - [2023-09-29T11:04:17.497+0000] {dag.py:2915} INFO - Sync 1 DAGs
[2023-09-29T11:04:17.507+0000] {logging_mixin.py:151} INFO - [2023-09-29T11:04:17.507+0000] {dag.py:3696} INFO - Setting next_dagrun for example_setup_teardown to 2023-09-28T11:04:17.507435+00:00, run_after=2023-09-29T11:04:17.507435+00:00
[2023-09-29T11:04:17.515+0000] {processor.py:179} INFO - Processing /home/airflow/.local/lib/python3.8/site-packages/airflow/example_dags/example_setup_teardown.py took 0.035 seconds
[2023-09-29T11:04:48.528+0000] {processor.py:157} INFO - Started process (PID=1136) to work on /home/airflow/.local/lib/python3.8/site-packages/airflow/example_dags/example_setup_teardown.py
[2023-09-29T11:04:48.529+0000] {processor.py:829} INFO - Processing file /home/airflow/.local/lib/python3.8/site-packages/airflow/example_dags/example_setup_teardown.py for tasks to queue
[2023-09-29T11:04:48.530+0000] {logging_mixin.py:151} INFO - [2023-09-29T11:04:48.530+0000] {dagbag.py:539} INFO - Filling up the DagBag from /home/airflow/.local/lib/python3.8/site-packages/airflow/example_dags/example_setup_teardown.py
[2023-09-29T11:04:48.534+0000] {processor.py:839} INFO - DAG(s) dict_keys(['example_setup_teardown']) retrieved from /home/airflow/.local/lib/python3.8/site-packages/airflow/example_dags/example_setup_teardown.py
[2023-09-29T11:04:48.543+0000] {logging_mixin.py:151} INFO - [2023-09-29T11:04:48.543+0000] {dag.py:2915} INFO - Sync 1 DAGs
[2023-09-29T11:04:48.552+0000] {logging_mixin.py:151} INFO - [2023-09-29T11:04:48.552+0000] {dag.py:3696} INFO - Setting next_dagrun for example_setup_teardown to 2023-09-28T11:04:48.552076+00:00, run_after=2023-09-29T11:04:48.552076+00:00
[2023-09-29T11:04:48.559+0000] {processor.py:179} INFO - Processing /home/airflow/.local/lib/python3.8/site-packages/airflow/example_dags/example_setup_teardown.py took 0.033 seconds
[2023-09-29T11:05:19.530+0000] {processor.py:157} INFO - Started process (PID=1193) to work on /home/airflow/.local/lib/python3.8/site-packages/airflow/example_dags/example_setup_teardown.py
[2023-09-29T11:05:19.531+0000] {processor.py:829} INFO - Processing file /home/airflow/.local/lib/python3.8/site-packages/airflow/example_dags/example_setup_teardown.py for tasks to queue
[2023-09-29T11:05:19.533+0000] {logging_mixin.py:151} INFO - [2023-09-29T11:05:19.533+0000] {dagbag.py:539} INFO - Filling up the DagBag from /home/airflow/.local/lib/python3.8/site-packages/airflow/example_dags/example_setup_teardown.py
[2023-09-29T11:05:19.537+0000] {processor.py:839} INFO - DAG(s) dict_keys(['example_setup_teardown']) retrieved from /home/airflow/.local/lib/python3.8/site-packages/airflow/example_dags/example_setup_teardown.py
[2023-09-29T11:05:19.547+0000] {logging_mixin.py:151} INFO - [2023-09-29T11:05:19.547+0000] {dag.py:2915} INFO - Sync 1 DAGs
[2023-09-29T11:05:19.556+0000] {logging_mixin.py:151} INFO - [2023-09-29T11:05:19.556+0000] {dag.py:3696} INFO - Setting next_dagrun for example_setup_teardown to 2023-09-28T11:05:19.556369+00:00, run_after=2023-09-29T11:05:19.556369+00:00
[2023-09-29T11:05:19.564+0000] {processor.py:179} INFO - Processing /home/airflow/.local/lib/python3.8/site-packages/airflow/example_dags/example_setup_teardown.py took 0.036 seconds
[2023-09-29T11:05:50.579+0000] {processor.py:157} INFO - Started process (PID=1250) to work on /home/airflow/.local/lib/python3.8/site-packages/airflow/example_dags/example_setup_teardown.py
[2023-09-29T11:05:50.580+0000] {processor.py:829} INFO - Processing file /home/airflow/.local/lib/python3.8/site-packages/airflow/example_dags/example_setup_teardown.py for tasks to queue
[2023-09-29T11:05:50.581+0000] {logging_mixin.py:151} INFO - [2023-09-29T11:05:50.581+0000] {dagbag.py:539} INFO - Filling up the DagBag from /home/airflow/.local/lib/python3.8/site-packages/airflow/example_dags/example_setup_teardown.py
[2023-09-29T11:05:50.585+0000] {processor.py:839} INFO - DAG(s) dict_keys(['example_setup_teardown']) retrieved from /home/airflow/.local/lib/python3.8/site-packages/airflow/example_dags/example_setup_teardown.py
[2023-09-29T11:05:50.595+0000] {logging_mixin.py:151} INFO - [2023-09-29T11:05:50.595+0000] {dag.py:2915} INFO - Sync 1 DAGs
[2023-09-29T11:05:50.605+0000] {logging_mixin.py:151} INFO - [2023-09-29T11:05:50.604+0000] {dag.py:3696} INFO - Setting next_dagrun for example_setup_teardown to 2023-09-28T11:05:50.604835+00:00, run_after=2023-09-29T11:05:50.604835+00:00
[2023-09-29T11:05:50.612+0000] {processor.py:179} INFO - Processing /home/airflow/.local/lib/python3.8/site-packages/airflow/example_dags/example_setup_teardown.py took 0.035 seconds
