[2023-09-29T08:49:14.401+0000] {processor.py:157} INFO - Started process (PID=48) to work on /home/airflow/.local/lib/python3.8/site-packages/airflow/example_dags/example_trigger_target_dag.py
[2023-09-29T08:49:14.403+0000] {processor.py:829} INFO - Processing file /home/airflow/.local/lib/python3.8/site-packages/airflow/example_dags/example_trigger_target_dag.py for tasks to queue
[2023-09-29T08:49:14.408+0000] {logging_mixin.py:151} INFO - [2023-09-29T08:49:14.407+0000] {dagbag.py:539} INFO - Filling up the DagBag from /home/airflow/.local/lib/python3.8/site-packages/airflow/example_dags/example_trigger_target_dag.py
[2023-09-29T08:49:14.437+0000] {processor.py:839} INFO - DAG(s) dict_keys(['example_trigger_target_dag']) retrieved from /home/airflow/.local/lib/python3.8/site-packages/airflow/example_dags/example_trigger_target_dag.py
[2023-09-29T08:49:14.459+0000] {logging_mixin.py:151} INFO - [2023-09-29T08:49:14.458+0000] {dag.py:2915} INFO - Sync 1 DAGs
[2023-09-29T08:49:14.492+0000] {logging_mixin.py:151} INFO - [2023-09-29T08:49:14.492+0000] {dag.py:3696} INFO - Setting next_dagrun for example_trigger_target_dag to None, run_after=None
[2023-09-29T08:49:14.529+0000] {processor.py:179} INFO - Processing /home/airflow/.local/lib/python3.8/site-packages/airflow/example_dags/example_trigger_target_dag.py took 0.141 seconds
[2023-09-29T08:49:45.100+0000] {processor.py:157} INFO - Started process (PID=105) to work on /home/airflow/.local/lib/python3.8/site-packages/airflow/example_dags/example_trigger_target_dag.py
[2023-09-29T08:49:45.101+0000] {processor.py:829} INFO - Processing file /home/airflow/.local/lib/python3.8/site-packages/airflow/example_dags/example_trigger_target_dag.py for tasks to queue
[2023-09-29T08:49:45.102+0000] {logging_mixin.py:151} INFO - [2023-09-29T08:49:45.102+0000] {dagbag.py:539} INFO - Filling up the DagBag from /home/airflow/.local/lib/python3.8/site-packages/airflow/example_dags/example_trigger_target_dag.py
[2023-09-29T08:49:45.105+0000] {processor.py:839} INFO - DAG(s) dict_keys(['example_trigger_target_dag']) retrieved from /home/airflow/.local/lib/python3.8/site-packages/airflow/example_dags/example_trigger_target_dag.py
[2023-09-29T08:49:45.115+0000] {logging_mixin.py:151} INFO - [2023-09-29T08:49:45.115+0000] {dag.py:2915} INFO - Sync 1 DAGs
[2023-09-29T08:49:45.120+0000] {logging_mixin.py:151} INFO - [2023-09-29T08:49:45.120+0000] {dag.py:3696} INFO - Setting next_dagrun for example_trigger_target_dag to None, run_after=None
[2023-09-29T08:49:45.127+0000] {processor.py:179} INFO - Processing /home/airflow/.local/lib/python3.8/site-packages/airflow/example_dags/example_trigger_target_dag.py took 0.029 seconds
[2023-09-29T08:50:15.705+0000] {processor.py:157} INFO - Started process (PID=162) to work on /home/airflow/.local/lib/python3.8/site-packages/airflow/example_dags/example_trigger_target_dag.py
[2023-09-29T08:50:15.706+0000] {processor.py:829} INFO - Processing file /home/airflow/.local/lib/python3.8/site-packages/airflow/example_dags/example_trigger_target_dag.py for tasks to queue
[2023-09-29T08:50:15.708+0000] {logging_mixin.py:151} INFO - [2023-09-29T08:50:15.708+0000] {dagbag.py:539} INFO - Filling up the DagBag from /home/airflow/.local/lib/python3.8/site-packages/airflow/example_dags/example_trigger_target_dag.py
[2023-09-29T08:50:15.712+0000] {processor.py:839} INFO - DAG(s) dict_keys(['example_trigger_target_dag']) retrieved from /home/airflow/.local/lib/python3.8/site-packages/airflow/example_dags/example_trigger_target_dag.py
[2023-09-29T08:50:15.724+0000] {logging_mixin.py:151} INFO - [2023-09-29T08:50:15.724+0000] {dag.py:2915} INFO - Sync 1 DAGs
[2023-09-29T08:50:15.730+0000] {logging_mixin.py:151} INFO - [2023-09-29T08:50:15.730+0000] {dag.py:3696} INFO - Setting next_dagrun for example_trigger_target_dag to None, run_after=None
[2023-09-29T08:50:15.737+0000] {processor.py:179} INFO - Processing /home/airflow/.local/lib/python3.8/site-packages/airflow/example_dags/example_trigger_target_dag.py took 0.034 seconds
[2023-09-29T08:50:45.952+0000] {processor.py:157} INFO - Started process (PID=219) to work on /home/airflow/.local/lib/python3.8/site-packages/airflow/example_dags/example_trigger_target_dag.py
[2023-09-29T08:50:45.953+0000] {processor.py:829} INFO - Processing file /home/airflow/.local/lib/python3.8/site-packages/airflow/example_dags/example_trigger_target_dag.py for tasks to queue
[2023-09-29T08:50:45.954+0000] {logging_mixin.py:151} INFO - [2023-09-29T08:50:45.954+0000] {dagbag.py:539} INFO - Filling up the DagBag from /home/airflow/.local/lib/python3.8/site-packages/airflow/example_dags/example_trigger_target_dag.py
[2023-09-29T08:50:45.958+0000] {processor.py:839} INFO - DAG(s) dict_keys(['example_trigger_target_dag']) retrieved from /home/airflow/.local/lib/python3.8/site-packages/airflow/example_dags/example_trigger_target_dag.py
[2023-09-29T08:50:45.967+0000] {logging_mixin.py:151} INFO - [2023-09-29T08:50:45.967+0000] {dag.py:2915} INFO - Sync 1 DAGs
[2023-09-29T08:50:45.973+0000] {logging_mixin.py:151} INFO - [2023-09-29T08:50:45.973+0000] {dag.py:3696} INFO - Setting next_dagrun for example_trigger_target_dag to None, run_after=None
[2023-09-29T08:50:45.980+0000] {processor.py:179} INFO - Processing /home/airflow/.local/lib/python3.8/site-packages/airflow/example_dags/example_trigger_target_dag.py took 0.030 seconds
[2023-09-29T08:51:17.155+0000] {processor.py:157} INFO - Started process (PID=276) to work on /home/airflow/.local/lib/python3.8/site-packages/airflow/example_dags/example_trigger_target_dag.py
[2023-09-29T08:51:17.157+0000] {processor.py:829} INFO - Processing file /home/airflow/.local/lib/python3.8/site-packages/airflow/example_dags/example_trigger_target_dag.py for tasks to queue
[2023-09-29T08:51:17.158+0000] {logging_mixin.py:151} INFO - [2023-09-29T08:51:17.158+0000] {dagbag.py:539} INFO - Filling up the DagBag from /home/airflow/.local/lib/python3.8/site-packages/airflow/example_dags/example_trigger_target_dag.py
[2023-09-29T08:51:17.162+0000] {processor.py:839} INFO - DAG(s) dict_keys(['example_trigger_target_dag']) retrieved from /home/airflow/.local/lib/python3.8/site-packages/airflow/example_dags/example_trigger_target_dag.py
[2023-09-29T08:51:17.179+0000] {logging_mixin.py:151} INFO - [2023-09-29T08:51:17.179+0000] {dag.py:2915} INFO - Sync 1 DAGs
[2023-09-29T08:51:17.186+0000] {logging_mixin.py:151} INFO - [2023-09-29T08:51:17.186+0000] {dag.py:3696} INFO - Setting next_dagrun for example_trigger_target_dag to None, run_after=None
[2023-09-29T08:51:17.193+0000] {processor.py:179} INFO - Processing /home/airflow/.local/lib/python3.8/site-packages/airflow/example_dags/example_trigger_target_dag.py took 0.041 seconds
[2023-09-29T08:51:48.404+0000] {processor.py:157} INFO - Started process (PID=333) to work on /home/airflow/.local/lib/python3.8/site-packages/airflow/example_dags/example_trigger_target_dag.py
[2023-09-29T08:51:48.405+0000] {processor.py:829} INFO - Processing file /home/airflow/.local/lib/python3.8/site-packages/airflow/example_dags/example_trigger_target_dag.py for tasks to queue
[2023-09-29T08:51:48.406+0000] {logging_mixin.py:151} INFO - [2023-09-29T08:51:48.406+0000] {dagbag.py:539} INFO - Filling up the DagBag from /home/airflow/.local/lib/python3.8/site-packages/airflow/example_dags/example_trigger_target_dag.py
[2023-09-29T08:51:48.409+0000] {processor.py:839} INFO - DAG(s) dict_keys(['example_trigger_target_dag']) retrieved from /home/airflow/.local/lib/python3.8/site-packages/airflow/example_dags/example_trigger_target_dag.py
[2023-09-29T08:51:48.419+0000] {logging_mixin.py:151} INFO - [2023-09-29T08:51:48.419+0000] {dag.py:2915} INFO - Sync 1 DAGs
[2023-09-29T08:51:48.425+0000] {logging_mixin.py:151} INFO - [2023-09-29T08:51:48.425+0000] {dag.py:3696} INFO - Setting next_dagrun for example_trigger_target_dag to None, run_after=None
[2023-09-29T08:51:48.432+0000] {processor.py:179} INFO - Processing /home/airflow/.local/lib/python3.8/site-packages/airflow/example_dags/example_trigger_target_dag.py took 0.030 seconds
[2023-09-29T08:52:19.974+0000] {processor.py:157} INFO - Started process (PID=390) to work on /home/airflow/.local/lib/python3.8/site-packages/airflow/example_dags/example_trigger_target_dag.py
[2023-09-29T08:52:19.974+0000] {processor.py:829} INFO - Processing file /home/airflow/.local/lib/python3.8/site-packages/airflow/example_dags/example_trigger_target_dag.py for tasks to queue
[2023-09-29T08:52:19.975+0000] {logging_mixin.py:151} INFO - [2023-09-29T08:52:19.975+0000] {dagbag.py:539} INFO - Filling up the DagBag from /home/airflow/.local/lib/python3.8/site-packages/airflow/example_dags/example_trigger_target_dag.py
[2023-09-29T08:52:19.979+0000] {processor.py:839} INFO - DAG(s) dict_keys(['example_trigger_target_dag']) retrieved from /home/airflow/.local/lib/python3.8/site-packages/airflow/example_dags/example_trigger_target_dag.py
[2023-09-29T08:52:19.990+0000] {logging_mixin.py:151} INFO - [2023-09-29T08:52:19.990+0000] {dag.py:2915} INFO - Sync 1 DAGs
[2023-09-29T08:52:19.996+0000] {logging_mixin.py:151} INFO - [2023-09-29T08:52:19.996+0000] {dag.py:3696} INFO - Setting next_dagrun for example_trigger_target_dag to None, run_after=None
[2023-09-29T08:52:20.003+0000] {processor.py:179} INFO - Processing /home/airflow/.local/lib/python3.8/site-packages/airflow/example_dags/example_trigger_target_dag.py took 0.031 seconds
[2023-09-29T08:52:50.139+0000] {processor.py:157} INFO - Started process (PID=447) to work on /home/airflow/.local/lib/python3.8/site-packages/airflow/example_dags/example_trigger_target_dag.py
[2023-09-29T08:52:50.140+0000] {processor.py:829} INFO - Processing file /home/airflow/.local/lib/python3.8/site-packages/airflow/example_dags/example_trigger_target_dag.py for tasks to queue
[2023-09-29T08:52:50.141+0000] {logging_mixin.py:151} INFO - [2023-09-29T08:52:50.141+0000] {dagbag.py:539} INFO - Filling up the DagBag from /home/airflow/.local/lib/python3.8/site-packages/airflow/example_dags/example_trigger_target_dag.py
[2023-09-29T08:52:50.144+0000] {processor.py:839} INFO - DAG(s) dict_keys(['example_trigger_target_dag']) retrieved from /home/airflow/.local/lib/python3.8/site-packages/airflow/example_dags/example_trigger_target_dag.py
[2023-09-29T08:52:50.153+0000] {logging_mixin.py:151} INFO - [2023-09-29T08:52:50.153+0000] {dag.py:2915} INFO - Sync 1 DAGs
[2023-09-29T08:52:50.159+0000] {logging_mixin.py:151} INFO - [2023-09-29T08:52:50.159+0000] {dag.py:3696} INFO - Setting next_dagrun for example_trigger_target_dag to None, run_after=None
[2023-09-29T08:52:50.165+0000] {processor.py:179} INFO - Processing /home/airflow/.local/lib/python3.8/site-packages/airflow/example_dags/example_trigger_target_dag.py took 0.028 seconds
[2023-09-29T08:53:21.631+0000] {processor.py:157} INFO - Started process (PID=504) to work on /home/airflow/.local/lib/python3.8/site-packages/airflow/example_dags/example_trigger_target_dag.py
[2023-09-29T08:53:21.632+0000] {processor.py:829} INFO - Processing file /home/airflow/.local/lib/python3.8/site-packages/airflow/example_dags/example_trigger_target_dag.py for tasks to queue
[2023-09-29T08:53:21.633+0000] {logging_mixin.py:151} INFO - [2023-09-29T08:53:21.633+0000] {dagbag.py:539} INFO - Filling up the DagBag from /home/airflow/.local/lib/python3.8/site-packages/airflow/example_dags/example_trigger_target_dag.py
[2023-09-29T08:53:21.636+0000] {processor.py:839} INFO - DAG(s) dict_keys(['example_trigger_target_dag']) retrieved from /home/airflow/.local/lib/python3.8/site-packages/airflow/example_dags/example_trigger_target_dag.py
[2023-09-29T08:53:21.646+0000] {logging_mixin.py:151} INFO - [2023-09-29T08:53:21.646+0000] {dag.py:2915} INFO - Sync 1 DAGs
[2023-09-29T08:53:21.651+0000] {logging_mixin.py:151} INFO - [2023-09-29T08:53:21.651+0000] {dag.py:3696} INFO - Setting next_dagrun for example_trigger_target_dag to None, run_after=None
[2023-09-29T08:53:21.658+0000] {processor.py:179} INFO - Processing /home/airflow/.local/lib/python3.8/site-packages/airflow/example_dags/example_trigger_target_dag.py took 0.029 seconds
[2023-09-29T08:53:51.876+0000] {processor.py:157} INFO - Started process (PID=561) to work on /home/airflow/.local/lib/python3.8/site-packages/airflow/example_dags/example_trigger_target_dag.py
[2023-09-29T08:53:51.877+0000] {processor.py:829} INFO - Processing file /home/airflow/.local/lib/python3.8/site-packages/airflow/example_dags/example_trigger_target_dag.py for tasks to queue
[2023-09-29T08:53:51.879+0000] {logging_mixin.py:151} INFO - [2023-09-29T08:53:51.879+0000] {dagbag.py:539} INFO - Filling up the DagBag from /home/airflow/.local/lib/python3.8/site-packages/airflow/example_dags/example_trigger_target_dag.py
[2023-09-29T08:53:51.884+0000] {processor.py:839} INFO - DAG(s) dict_keys(['example_trigger_target_dag']) retrieved from /home/airflow/.local/lib/python3.8/site-packages/airflow/example_dags/example_trigger_target_dag.py
[2023-09-29T08:53:51.906+0000] {logging_mixin.py:151} INFO - [2023-09-29T08:53:51.906+0000] {dag.py:2915} INFO - Sync 1 DAGs
[2023-09-29T08:53:51.914+0000] {logging_mixin.py:151} INFO - [2023-09-29T08:53:51.914+0000] {dag.py:3696} INFO - Setting next_dagrun for example_trigger_target_dag to None, run_after=None
[2023-09-29T08:53:51.923+0000] {processor.py:179} INFO - Processing /home/airflow/.local/lib/python3.8/site-packages/airflow/example_dags/example_trigger_target_dag.py took 0.048 seconds
[2023-09-29T08:54:22.334+0000] {processor.py:157} INFO - Started process (PID=618) to work on /home/airflow/.local/lib/python3.8/site-packages/airflow/example_dags/example_trigger_target_dag.py
[2023-09-29T08:54:22.334+0000] {processor.py:829} INFO - Processing file /home/airflow/.local/lib/python3.8/site-packages/airflow/example_dags/example_trigger_target_dag.py for tasks to queue
[2023-09-29T08:54:22.335+0000] {logging_mixin.py:151} INFO - [2023-09-29T08:54:22.335+0000] {dagbag.py:539} INFO - Filling up the DagBag from /home/airflow/.local/lib/python3.8/site-packages/airflow/example_dags/example_trigger_target_dag.py
[2023-09-29T08:54:22.339+0000] {processor.py:839} INFO - DAG(s) dict_keys(['example_trigger_target_dag']) retrieved from /home/airflow/.local/lib/python3.8/site-packages/airflow/example_dags/example_trigger_target_dag.py
[2023-09-29T08:54:22.348+0000] {logging_mixin.py:151} INFO - [2023-09-29T08:54:22.347+0000] {dag.py:2915} INFO - Sync 1 DAGs
[2023-09-29T08:54:22.353+0000] {logging_mixin.py:151} INFO - [2023-09-29T08:54:22.353+0000] {dag.py:3696} INFO - Setting next_dagrun for example_trigger_target_dag to None, run_after=None
[2023-09-29T08:54:22.360+0000] {processor.py:179} INFO - Processing /home/airflow/.local/lib/python3.8/site-packages/airflow/example_dags/example_trigger_target_dag.py took 0.028 seconds
[2023-09-29T08:54:52.675+0000] {processor.py:157} INFO - Started process (PID=675) to work on /home/airflow/.local/lib/python3.8/site-packages/airflow/example_dags/example_trigger_target_dag.py
[2023-09-29T08:54:52.675+0000] {processor.py:829} INFO - Processing file /home/airflow/.local/lib/python3.8/site-packages/airflow/example_dags/example_trigger_target_dag.py for tasks to queue
[2023-09-29T08:54:52.677+0000] {logging_mixin.py:151} INFO - [2023-09-29T08:54:52.676+0000] {dagbag.py:539} INFO - Filling up the DagBag from /home/airflow/.local/lib/python3.8/site-packages/airflow/example_dags/example_trigger_target_dag.py
[2023-09-29T08:54:52.680+0000] {processor.py:839} INFO - DAG(s) dict_keys(['example_trigger_target_dag']) retrieved from /home/airflow/.local/lib/python3.8/site-packages/airflow/example_dags/example_trigger_target_dag.py
[2023-09-29T08:54:52.690+0000] {logging_mixin.py:151} INFO - [2023-09-29T08:54:52.690+0000] {dag.py:2915} INFO - Sync 1 DAGs
[2023-09-29T08:54:52.695+0000] {logging_mixin.py:151} INFO - [2023-09-29T08:54:52.695+0000] {dag.py:3696} INFO - Setting next_dagrun for example_trigger_target_dag to None, run_after=None
[2023-09-29T08:54:52.703+0000] {processor.py:179} INFO - Processing /home/airflow/.local/lib/python3.8/site-packages/airflow/example_dags/example_trigger_target_dag.py took 0.030 seconds
[2023-09-29T08:55:23.927+0000] {processor.py:157} INFO - Started process (PID=732) to work on /home/airflow/.local/lib/python3.8/site-packages/airflow/example_dags/example_trigger_target_dag.py
[2023-09-29T08:55:23.927+0000] {processor.py:829} INFO - Processing file /home/airflow/.local/lib/python3.8/site-packages/airflow/example_dags/example_trigger_target_dag.py for tasks to queue
[2023-09-29T08:55:23.929+0000] {logging_mixin.py:151} INFO - [2023-09-29T08:55:23.929+0000] {dagbag.py:539} INFO - Filling up the DagBag from /home/airflow/.local/lib/python3.8/site-packages/airflow/example_dags/example_trigger_target_dag.py
[2023-09-29T08:55:23.932+0000] {processor.py:839} INFO - DAG(s) dict_keys(['example_trigger_target_dag']) retrieved from /home/airflow/.local/lib/python3.8/site-packages/airflow/example_dags/example_trigger_target_dag.py
[2023-09-29T08:55:23.943+0000] {logging_mixin.py:151} INFO - [2023-09-29T08:55:23.943+0000] {dag.py:2915} INFO - Sync 1 DAGs
[2023-09-29T08:55:23.948+0000] {logging_mixin.py:151} INFO - [2023-09-29T08:55:23.948+0000] {dag.py:3696} INFO - Setting next_dagrun for example_trigger_target_dag to None, run_after=None
[2023-09-29T08:55:23.956+0000] {processor.py:179} INFO - Processing /home/airflow/.local/lib/python3.8/site-packages/airflow/example_dags/example_trigger_target_dag.py took 0.031 seconds
[2023-09-29T08:55:55.163+0000] {processor.py:157} INFO - Started process (PID=789) to work on /home/airflow/.local/lib/python3.8/site-packages/airflow/example_dags/example_trigger_target_dag.py
[2023-09-29T08:55:55.163+0000] {processor.py:829} INFO - Processing file /home/airflow/.local/lib/python3.8/site-packages/airflow/example_dags/example_trigger_target_dag.py for tasks to queue
[2023-09-29T08:55:55.164+0000] {logging_mixin.py:151} INFO - [2023-09-29T08:55:55.164+0000] {dagbag.py:539} INFO - Filling up the DagBag from /home/airflow/.local/lib/python3.8/site-packages/airflow/example_dags/example_trigger_target_dag.py
[2023-09-29T08:55:55.168+0000] {processor.py:839} INFO - DAG(s) dict_keys(['example_trigger_target_dag']) retrieved from /home/airflow/.local/lib/python3.8/site-packages/airflow/example_dags/example_trigger_target_dag.py
[2023-09-29T08:55:55.179+0000] {logging_mixin.py:151} INFO - [2023-09-29T08:55:55.179+0000] {dag.py:2915} INFO - Sync 1 DAGs
[2023-09-29T08:55:55.185+0000] {logging_mixin.py:151} INFO - [2023-09-29T08:55:55.185+0000] {dag.py:3696} INFO - Setting next_dagrun for example_trigger_target_dag to None, run_after=None
[2023-09-29T08:55:55.192+0000] {processor.py:179} INFO - Processing /home/airflow/.local/lib/python3.8/site-packages/airflow/example_dags/example_trigger_target_dag.py took 0.031 seconds
[2023-09-29T08:56:26.473+0000] {processor.py:157} INFO - Started process (PID=846) to work on /home/airflow/.local/lib/python3.8/site-packages/airflow/example_dags/example_trigger_target_dag.py
[2023-09-29T08:56:26.474+0000] {processor.py:829} INFO - Processing file /home/airflow/.local/lib/python3.8/site-packages/airflow/example_dags/example_trigger_target_dag.py for tasks to queue
[2023-09-29T08:56:26.475+0000] {logging_mixin.py:151} INFO - [2023-09-29T08:56:26.475+0000] {dagbag.py:539} INFO - Filling up the DagBag from /home/airflow/.local/lib/python3.8/site-packages/airflow/example_dags/example_trigger_target_dag.py
[2023-09-29T08:56:26.478+0000] {processor.py:839} INFO - DAG(s) dict_keys(['example_trigger_target_dag']) retrieved from /home/airflow/.local/lib/python3.8/site-packages/airflow/example_dags/example_trigger_target_dag.py
[2023-09-29T08:56:26.488+0000] {logging_mixin.py:151} INFO - [2023-09-29T08:56:26.488+0000] {dag.py:2915} INFO - Sync 1 DAGs
[2023-09-29T08:56:26.493+0000] {logging_mixin.py:151} INFO - [2023-09-29T08:56:26.493+0000] {dag.py:3696} INFO - Setting next_dagrun for example_trigger_target_dag to None, run_after=None
[2023-09-29T08:56:26.500+0000] {processor.py:179} INFO - Processing /home/airflow/.local/lib/python3.8/site-packages/airflow/example_dags/example_trigger_target_dag.py took 0.029 seconds
[2023-09-29T10:55:01.399+0000] {processor.py:157} INFO - Started process (PID=48) to work on /home/airflow/.local/lib/python3.8/site-packages/airflow/example_dags/example_trigger_target_dag.py
[2023-09-29T10:55:01.405+0000] {processor.py:829} INFO - Processing file /home/airflow/.local/lib/python3.8/site-packages/airflow/example_dags/example_trigger_target_dag.py for tasks to queue
[2023-09-29T10:55:01.407+0000] {logging_mixin.py:151} INFO - [2023-09-29T10:55:01.407+0000] {dagbag.py:539} INFO - Filling up the DagBag from /home/airflow/.local/lib/python3.8/site-packages/airflow/example_dags/example_trigger_target_dag.py
[2023-09-29T10:55:01.414+0000] {processor.py:839} INFO - DAG(s) dict_keys(['example_trigger_target_dag']) retrieved from /home/airflow/.local/lib/python3.8/site-packages/airflow/example_dags/example_trigger_target_dag.py
[2023-09-29T10:55:01.424+0000] {logging_mixin.py:151} INFO - [2023-09-29T10:55:01.424+0000] {dag.py:2915} INFO - Sync 1 DAGs
[2023-09-29T10:55:01.436+0000] {logging_mixin.py:151} INFO - [2023-09-29T10:55:01.436+0000] {dag.py:3696} INFO - Setting next_dagrun for example_trigger_target_dag to None, run_after=None
[2023-09-29T10:55:01.449+0000] {processor.py:179} INFO - Processing /home/airflow/.local/lib/python3.8/site-packages/airflow/example_dags/example_trigger_target_dag.py took 0.052 seconds
[2023-09-29T10:55:32.394+0000] {processor.py:157} INFO - Started process (PID=104) to work on /home/airflow/.local/lib/python3.8/site-packages/airflow/example_dags/example_trigger_target_dag.py
[2023-09-29T10:55:32.395+0000] {processor.py:829} INFO - Processing file /home/airflow/.local/lib/python3.8/site-packages/airflow/example_dags/example_trigger_target_dag.py for tasks to queue
[2023-09-29T10:55:32.397+0000] {logging_mixin.py:151} INFO - [2023-09-29T10:55:32.396+0000] {dagbag.py:539} INFO - Filling up the DagBag from /home/airflow/.local/lib/python3.8/site-packages/airflow/example_dags/example_trigger_target_dag.py
[2023-09-29T10:55:32.401+0000] {processor.py:839} INFO - DAG(s) dict_keys(['example_trigger_target_dag']) retrieved from /home/airflow/.local/lib/python3.8/site-packages/airflow/example_dags/example_trigger_target_dag.py
[2023-09-29T10:55:32.412+0000] {logging_mixin.py:151} INFO - [2023-09-29T10:55:32.412+0000] {dag.py:2915} INFO - Sync 1 DAGs
[2023-09-29T10:55:32.418+0000] {logging_mixin.py:151} INFO - [2023-09-29T10:55:32.418+0000] {dag.py:3696} INFO - Setting next_dagrun for example_trigger_target_dag to None, run_after=None
[2023-09-29T10:55:32.427+0000] {processor.py:179} INFO - Processing /home/airflow/.local/lib/python3.8/site-packages/airflow/example_dags/example_trigger_target_dag.py took 0.035 seconds
[2023-09-29T10:56:03.533+0000] {processor.py:157} INFO - Started process (PID=161) to work on /home/airflow/.local/lib/python3.8/site-packages/airflow/example_dags/example_trigger_target_dag.py
[2023-09-29T10:56:03.534+0000] {processor.py:829} INFO - Processing file /home/airflow/.local/lib/python3.8/site-packages/airflow/example_dags/example_trigger_target_dag.py for tasks to queue
[2023-09-29T10:56:03.535+0000] {logging_mixin.py:151} INFO - [2023-09-29T10:56:03.535+0000] {dagbag.py:539} INFO - Filling up the DagBag from /home/airflow/.local/lib/python3.8/site-packages/airflow/example_dags/example_trigger_target_dag.py
[2023-09-29T10:56:03.538+0000] {processor.py:839} INFO - DAG(s) dict_keys(['example_trigger_target_dag']) retrieved from /home/airflow/.local/lib/python3.8/site-packages/airflow/example_dags/example_trigger_target_dag.py
[2023-09-29T10:56:03.548+0000] {logging_mixin.py:151} INFO - [2023-09-29T10:56:03.547+0000] {dag.py:2915} INFO - Sync 1 DAGs
[2023-09-29T10:56:03.553+0000] {logging_mixin.py:151} INFO - [2023-09-29T10:56:03.553+0000] {dag.py:3696} INFO - Setting next_dagrun for example_trigger_target_dag to None, run_after=None
[2023-09-29T10:56:03.561+0000] {processor.py:179} INFO - Processing /home/airflow/.local/lib/python3.8/site-packages/airflow/example_dags/example_trigger_target_dag.py took 0.029 seconds
[2023-09-29T10:56:33.931+0000] {processor.py:157} INFO - Started process (PID=218) to work on /home/airflow/.local/lib/python3.8/site-packages/airflow/example_dags/example_trigger_target_dag.py
[2023-09-29T10:56:33.932+0000] {processor.py:829} INFO - Processing file /home/airflow/.local/lib/python3.8/site-packages/airflow/example_dags/example_trigger_target_dag.py for tasks to queue
[2023-09-29T10:56:33.933+0000] {logging_mixin.py:151} INFO - [2023-09-29T10:56:33.933+0000] {dagbag.py:539} INFO - Filling up the DagBag from /home/airflow/.local/lib/python3.8/site-packages/airflow/example_dags/example_trigger_target_dag.py
[2023-09-29T10:56:33.936+0000] {processor.py:839} INFO - DAG(s) dict_keys(['example_trigger_target_dag']) retrieved from /home/airflow/.local/lib/python3.8/site-packages/airflow/example_dags/example_trigger_target_dag.py
[2023-09-29T10:56:33.945+0000] {logging_mixin.py:151} INFO - [2023-09-29T10:56:33.945+0000] {dag.py:2915} INFO - Sync 1 DAGs
[2023-09-29T10:56:33.951+0000] {logging_mixin.py:151} INFO - [2023-09-29T10:56:33.951+0000] {dag.py:3696} INFO - Setting next_dagrun for example_trigger_target_dag to None, run_after=None
[2023-09-29T10:56:33.958+0000] {processor.py:179} INFO - Processing /home/airflow/.local/lib/python3.8/site-packages/airflow/example_dags/example_trigger_target_dag.py took 0.029 seconds
[2023-09-29T10:57:04.517+0000] {processor.py:157} INFO - Started process (PID=276) to work on /home/airflow/.local/lib/python3.8/site-packages/airflow/example_dags/example_trigger_target_dag.py
[2023-09-29T10:57:04.518+0000] {processor.py:829} INFO - Processing file /home/airflow/.local/lib/python3.8/site-packages/airflow/example_dags/example_trigger_target_dag.py for tasks to queue
[2023-09-29T10:57:04.519+0000] {logging_mixin.py:151} INFO - [2023-09-29T10:57:04.519+0000] {dagbag.py:539} INFO - Filling up the DagBag from /home/airflow/.local/lib/python3.8/site-packages/airflow/example_dags/example_trigger_target_dag.py
[2023-09-29T10:57:04.523+0000] {processor.py:839} INFO - DAG(s) dict_keys(['example_trigger_target_dag']) retrieved from /home/airflow/.local/lib/python3.8/site-packages/airflow/example_dags/example_trigger_target_dag.py
[2023-09-29T10:57:04.535+0000] {logging_mixin.py:151} INFO - [2023-09-29T10:57:04.535+0000] {dag.py:2915} INFO - Sync 1 DAGs
[2023-09-29T10:57:04.541+0000] {logging_mixin.py:151} INFO - [2023-09-29T10:57:04.541+0000] {dag.py:3696} INFO - Setting next_dagrun for example_trigger_target_dag to None, run_after=None
[2023-09-29T10:57:04.549+0000] {processor.py:179} INFO - Processing /home/airflow/.local/lib/python3.8/site-packages/airflow/example_dags/example_trigger_target_dag.py took 0.034 seconds
[2023-09-29T10:57:34.848+0000] {processor.py:157} INFO - Started process (PID=333) to work on /home/airflow/.local/lib/python3.8/site-packages/airflow/example_dags/example_trigger_target_dag.py
[2023-09-29T10:57:34.849+0000] {processor.py:829} INFO - Processing file /home/airflow/.local/lib/python3.8/site-packages/airflow/example_dags/example_trigger_target_dag.py for tasks to queue
[2023-09-29T10:57:34.850+0000] {logging_mixin.py:151} INFO - [2023-09-29T10:57:34.850+0000] {dagbag.py:539} INFO - Filling up the DagBag from /home/airflow/.local/lib/python3.8/site-packages/airflow/example_dags/example_trigger_target_dag.py
[2023-09-29T10:57:34.853+0000] {processor.py:839} INFO - DAG(s) dict_keys(['example_trigger_target_dag']) retrieved from /home/airflow/.local/lib/python3.8/site-packages/airflow/example_dags/example_trigger_target_dag.py
[2023-09-29T10:57:34.863+0000] {logging_mixin.py:151} INFO - [2023-09-29T10:57:34.863+0000] {dag.py:2915} INFO - Sync 1 DAGs
[2023-09-29T10:57:34.868+0000] {logging_mixin.py:151} INFO - [2023-09-29T10:57:34.868+0000] {dag.py:3696} INFO - Setting next_dagrun for example_trigger_target_dag to None, run_after=None
[2023-09-29T10:57:34.876+0000] {processor.py:179} INFO - Processing /home/airflow/.local/lib/python3.8/site-packages/airflow/example_dags/example_trigger_target_dag.py took 0.029 seconds
[2023-09-29T10:58:05.940+0000] {processor.py:157} INFO - Started process (PID=390) to work on /home/airflow/.local/lib/python3.8/site-packages/airflow/example_dags/example_trigger_target_dag.py
[2023-09-29T10:58:05.941+0000] {processor.py:829} INFO - Processing file /home/airflow/.local/lib/python3.8/site-packages/airflow/example_dags/example_trigger_target_dag.py for tasks to queue
[2023-09-29T10:58:05.942+0000] {logging_mixin.py:151} INFO - [2023-09-29T10:58:05.942+0000] {dagbag.py:539} INFO - Filling up the DagBag from /home/airflow/.local/lib/python3.8/site-packages/airflow/example_dags/example_trigger_target_dag.py
[2023-09-29T10:58:05.945+0000] {processor.py:839} INFO - DAG(s) dict_keys(['example_trigger_target_dag']) retrieved from /home/airflow/.local/lib/python3.8/site-packages/airflow/example_dags/example_trigger_target_dag.py
[2023-09-29T10:58:05.955+0000] {logging_mixin.py:151} INFO - [2023-09-29T10:58:05.955+0000] {dag.py:2915} INFO - Sync 1 DAGs
[2023-09-29T10:58:05.960+0000] {logging_mixin.py:151} INFO - [2023-09-29T10:58:05.960+0000] {dag.py:3696} INFO - Setting next_dagrun for example_trigger_target_dag to None, run_after=None
[2023-09-29T10:58:05.967+0000] {processor.py:179} INFO - Processing /home/airflow/.local/lib/python3.8/site-packages/airflow/example_dags/example_trigger_target_dag.py took 0.029 seconds
[2023-09-29T10:58:37.201+0000] {processor.py:157} INFO - Started process (PID=447) to work on /home/airflow/.local/lib/python3.8/site-packages/airflow/example_dags/example_trigger_target_dag.py
[2023-09-29T10:58:37.202+0000] {processor.py:829} INFO - Processing file /home/airflow/.local/lib/python3.8/site-packages/airflow/example_dags/example_trigger_target_dag.py for tasks to queue
[2023-09-29T10:58:37.203+0000] {logging_mixin.py:151} INFO - [2023-09-29T10:58:37.203+0000] {dagbag.py:539} INFO - Filling up the DagBag from /home/airflow/.local/lib/python3.8/site-packages/airflow/example_dags/example_trigger_target_dag.py
[2023-09-29T10:58:37.206+0000] {processor.py:839} INFO - DAG(s) dict_keys(['example_trigger_target_dag']) retrieved from /home/airflow/.local/lib/python3.8/site-packages/airflow/example_dags/example_trigger_target_dag.py
[2023-09-29T10:58:37.216+0000] {logging_mixin.py:151} INFO - [2023-09-29T10:58:37.216+0000] {dag.py:2915} INFO - Sync 1 DAGs
[2023-09-29T10:58:37.222+0000] {logging_mixin.py:151} INFO - [2023-09-29T10:58:37.222+0000] {dag.py:3696} INFO - Setting next_dagrun for example_trigger_target_dag to None, run_after=None
[2023-09-29T10:58:37.230+0000] {processor.py:179} INFO - Processing /home/airflow/.local/lib/python3.8/site-packages/airflow/example_dags/example_trigger_target_dag.py took 0.030 seconds
[2023-09-29T10:59:08.457+0000] {processor.py:157} INFO - Started process (PID=504) to work on /home/airflow/.local/lib/python3.8/site-packages/airflow/example_dags/example_trigger_target_dag.py
[2023-09-29T10:59:08.458+0000] {processor.py:829} INFO - Processing file /home/airflow/.local/lib/python3.8/site-packages/airflow/example_dags/example_trigger_target_dag.py for tasks to queue
[2023-09-29T10:59:08.459+0000] {logging_mixin.py:151} INFO - [2023-09-29T10:59:08.459+0000] {dagbag.py:539} INFO - Filling up the DagBag from /home/airflow/.local/lib/python3.8/site-packages/airflow/example_dags/example_trigger_target_dag.py
[2023-09-29T10:59:08.462+0000] {processor.py:839} INFO - DAG(s) dict_keys(['example_trigger_target_dag']) retrieved from /home/airflow/.local/lib/python3.8/site-packages/airflow/example_dags/example_trigger_target_dag.py
[2023-09-29T10:59:08.471+0000] {logging_mixin.py:151} INFO - [2023-09-29T10:59:08.471+0000] {dag.py:2915} INFO - Sync 1 DAGs
[2023-09-29T10:59:08.476+0000] {logging_mixin.py:151} INFO - [2023-09-29T10:59:08.476+0000] {dag.py:3696} INFO - Setting next_dagrun for example_trigger_target_dag to None, run_after=None
[2023-09-29T10:59:08.483+0000] {processor.py:179} INFO - Processing /home/airflow/.local/lib/python3.8/site-packages/airflow/example_dags/example_trigger_target_dag.py took 0.028 seconds
[2023-09-29T10:59:38.848+0000] {processor.py:157} INFO - Started process (PID=561) to work on /home/airflow/.local/lib/python3.8/site-packages/airflow/example_dags/example_trigger_target_dag.py
[2023-09-29T10:59:38.849+0000] {processor.py:829} INFO - Processing file /home/airflow/.local/lib/python3.8/site-packages/airflow/example_dags/example_trigger_target_dag.py for tasks to queue
[2023-09-29T10:59:38.850+0000] {logging_mixin.py:151} INFO - [2023-09-29T10:59:38.850+0000] {dagbag.py:539} INFO - Filling up the DagBag from /home/airflow/.local/lib/python3.8/site-packages/airflow/example_dags/example_trigger_target_dag.py
[2023-09-29T10:59:38.853+0000] {processor.py:839} INFO - DAG(s) dict_keys(['example_trigger_target_dag']) retrieved from /home/airflow/.local/lib/python3.8/site-packages/airflow/example_dags/example_trigger_target_dag.py
[2023-09-29T10:59:38.863+0000] {logging_mixin.py:151} INFO - [2023-09-29T10:59:38.863+0000] {dag.py:2915} INFO - Sync 1 DAGs
[2023-09-29T10:59:38.869+0000] {logging_mixin.py:151} INFO - [2023-09-29T10:59:38.869+0000] {dag.py:3696} INFO - Setting next_dagrun for example_trigger_target_dag to None, run_after=None
[2023-09-29T10:59:38.876+0000] {processor.py:179} INFO - Processing /home/airflow/.local/lib/python3.8/site-packages/airflow/example_dags/example_trigger_target_dag.py took 0.029 seconds
[2023-09-29T11:00:10.052+0000] {processor.py:157} INFO - Started process (PID=618) to work on /home/airflow/.local/lib/python3.8/site-packages/airflow/example_dags/example_trigger_target_dag.py
[2023-09-29T11:00:10.053+0000] {processor.py:829} INFO - Processing file /home/airflow/.local/lib/python3.8/site-packages/airflow/example_dags/example_trigger_target_dag.py for tasks to queue
[2023-09-29T11:00:10.054+0000] {logging_mixin.py:151} INFO - [2023-09-29T11:00:10.054+0000] {dagbag.py:539} INFO - Filling up the DagBag from /home/airflow/.local/lib/python3.8/site-packages/airflow/example_dags/example_trigger_target_dag.py
[2023-09-29T11:00:10.058+0000] {processor.py:839} INFO - DAG(s) dict_keys(['example_trigger_target_dag']) retrieved from /home/airflow/.local/lib/python3.8/site-packages/airflow/example_dags/example_trigger_target_dag.py
[2023-09-29T11:00:10.070+0000] {logging_mixin.py:151} INFO - [2023-09-29T11:00:10.070+0000] {dag.py:2915} INFO - Sync 1 DAGs
[2023-09-29T11:00:10.077+0000] {logging_mixin.py:151} INFO - [2023-09-29T11:00:10.077+0000] {dag.py:3696} INFO - Setting next_dagrun for example_trigger_target_dag to None, run_after=None
[2023-09-29T11:00:10.085+0000] {processor.py:179} INFO - Processing /home/airflow/.local/lib/python3.8/site-packages/airflow/example_dags/example_trigger_target_dag.py took 0.035 seconds
[2023-09-29T11:00:40.720+0000] {processor.py:157} INFO - Started process (PID=675) to work on /home/airflow/.local/lib/python3.8/site-packages/airflow/example_dags/example_trigger_target_dag.py
[2023-09-29T11:00:40.720+0000] {processor.py:829} INFO - Processing file /home/airflow/.local/lib/python3.8/site-packages/airflow/example_dags/example_trigger_target_dag.py for tasks to queue
[2023-09-29T11:00:40.722+0000] {logging_mixin.py:151} INFO - [2023-09-29T11:00:40.722+0000] {dagbag.py:539} INFO - Filling up the DagBag from /home/airflow/.local/lib/python3.8/site-packages/airflow/example_dags/example_trigger_target_dag.py
[2023-09-29T11:00:40.725+0000] {processor.py:839} INFO - DAG(s) dict_keys(['example_trigger_target_dag']) retrieved from /home/airflow/.local/lib/python3.8/site-packages/airflow/example_dags/example_trigger_target_dag.py
[2023-09-29T11:00:40.734+0000] {logging_mixin.py:151} INFO - [2023-09-29T11:00:40.734+0000] {dag.py:2915} INFO - Sync 1 DAGs
[2023-09-29T11:00:40.739+0000] {logging_mixin.py:151} INFO - [2023-09-29T11:00:40.739+0000] {dag.py:3696} INFO - Setting next_dagrun for example_trigger_target_dag to None, run_after=None
[2023-09-29T11:00:40.747+0000] {processor.py:179} INFO - Processing /home/airflow/.local/lib/python3.8/site-packages/airflow/example_dags/example_trigger_target_dag.py took 0.029 seconds
[2023-09-29T11:01:11.834+0000] {processor.py:157} INFO - Started process (PID=732) to work on /home/airflow/.local/lib/python3.8/site-packages/airflow/example_dags/example_trigger_target_dag.py
[2023-09-29T11:01:11.835+0000] {processor.py:829} INFO - Processing file /home/airflow/.local/lib/python3.8/site-packages/airflow/example_dags/example_trigger_target_dag.py for tasks to queue
[2023-09-29T11:01:11.836+0000] {logging_mixin.py:151} INFO - [2023-09-29T11:01:11.836+0000] {dagbag.py:539} INFO - Filling up the DagBag from /home/airflow/.local/lib/python3.8/site-packages/airflow/example_dags/example_trigger_target_dag.py
[2023-09-29T11:01:11.840+0000] {processor.py:839} INFO - DAG(s) dict_keys(['example_trigger_target_dag']) retrieved from /home/airflow/.local/lib/python3.8/site-packages/airflow/example_dags/example_trigger_target_dag.py
[2023-09-29T11:01:11.850+0000] {logging_mixin.py:151} INFO - [2023-09-29T11:01:11.850+0000] {dag.py:2915} INFO - Sync 1 DAGs
[2023-09-29T11:01:11.855+0000] {logging_mixin.py:151} INFO - [2023-09-29T11:01:11.855+0000] {dag.py:3696} INFO - Setting next_dagrun for example_trigger_target_dag to None, run_after=None
[2023-09-29T11:01:11.863+0000] {processor.py:179} INFO - Processing /home/airflow/.local/lib/python3.8/site-packages/airflow/example_dags/example_trigger_target_dag.py took 0.031 seconds
[2023-09-29T11:01:43.129+0000] {processor.py:157} INFO - Started process (PID=789) to work on /home/airflow/.local/lib/python3.8/site-packages/airflow/example_dags/example_trigger_target_dag.py
[2023-09-29T11:01:43.129+0000] {processor.py:829} INFO - Processing file /home/airflow/.local/lib/python3.8/site-packages/airflow/example_dags/example_trigger_target_dag.py for tasks to queue
[2023-09-29T11:01:43.131+0000] {logging_mixin.py:151} INFO - [2023-09-29T11:01:43.130+0000] {dagbag.py:539} INFO - Filling up the DagBag from /home/airflow/.local/lib/python3.8/site-packages/airflow/example_dags/example_trigger_target_dag.py
[2023-09-29T11:01:43.134+0000] {processor.py:839} INFO - DAG(s) dict_keys(['example_trigger_target_dag']) retrieved from /home/airflow/.local/lib/python3.8/site-packages/airflow/example_dags/example_trigger_target_dag.py
[2023-09-29T11:01:43.143+0000] {logging_mixin.py:151} INFO - [2023-09-29T11:01:43.143+0000] {dag.py:2915} INFO - Sync 1 DAGs
[2023-09-29T11:01:43.148+0000] {logging_mixin.py:151} INFO - [2023-09-29T11:01:43.148+0000] {dag.py:3696} INFO - Setting next_dagrun for example_trigger_target_dag to None, run_after=None
[2023-09-29T11:01:43.155+0000] {processor.py:179} INFO - Processing /home/airflow/.local/lib/python3.8/site-packages/airflow/example_dags/example_trigger_target_dag.py took 0.028 seconds
[2023-09-29T11:02:14.312+0000] {processor.py:157} INFO - Started process (PID=846) to work on /home/airflow/.local/lib/python3.8/site-packages/airflow/example_dags/example_trigger_target_dag.py
[2023-09-29T11:02:14.313+0000] {processor.py:829} INFO - Processing file /home/airflow/.local/lib/python3.8/site-packages/airflow/example_dags/example_trigger_target_dag.py for tasks to queue
[2023-09-29T11:02:14.315+0000] {logging_mixin.py:151} INFO - [2023-09-29T11:02:14.315+0000] {dagbag.py:539} INFO - Filling up the DagBag from /home/airflow/.local/lib/python3.8/site-packages/airflow/example_dags/example_trigger_target_dag.py
[2023-09-29T11:02:14.320+0000] {processor.py:839} INFO - DAG(s) dict_keys(['example_trigger_target_dag']) retrieved from /home/airflow/.local/lib/python3.8/site-packages/airflow/example_dags/example_trigger_target_dag.py
[2023-09-29T11:02:14.331+0000] {logging_mixin.py:151} INFO - [2023-09-29T11:02:14.331+0000] {dag.py:2915} INFO - Sync 1 DAGs
[2023-09-29T11:02:14.337+0000] {logging_mixin.py:151} INFO - [2023-09-29T11:02:14.337+0000] {dag.py:3696} INFO - Setting next_dagrun for example_trigger_target_dag to None, run_after=None
[2023-09-29T11:02:14.345+0000] {processor.py:179} INFO - Processing /home/airflow/.local/lib/python3.8/site-packages/airflow/example_dags/example_trigger_target_dag.py took 0.035 seconds
[2023-09-29T11:02:44.551+0000] {processor.py:157} INFO - Started process (PID=904) to work on /home/airflow/.local/lib/python3.8/site-packages/airflow/example_dags/example_trigger_target_dag.py
[2023-09-29T11:02:44.552+0000] {processor.py:829} INFO - Processing file /home/airflow/.local/lib/python3.8/site-packages/airflow/example_dags/example_trigger_target_dag.py for tasks to queue
[2023-09-29T11:02:44.553+0000] {logging_mixin.py:151} INFO - [2023-09-29T11:02:44.553+0000] {dagbag.py:539} INFO - Filling up the DagBag from /home/airflow/.local/lib/python3.8/site-packages/airflow/example_dags/example_trigger_target_dag.py
[2023-09-29T11:02:44.556+0000] {processor.py:839} INFO - DAG(s) dict_keys(['example_trigger_target_dag']) retrieved from /home/airflow/.local/lib/python3.8/site-packages/airflow/example_dags/example_trigger_target_dag.py
[2023-09-29T11:02:44.566+0000] {logging_mixin.py:151} INFO - [2023-09-29T11:02:44.566+0000] {dag.py:2915} INFO - Sync 1 DAGs
[2023-09-29T11:02:44.571+0000] {logging_mixin.py:151} INFO - [2023-09-29T11:02:44.571+0000] {dag.py:3696} INFO - Setting next_dagrun for example_trigger_target_dag to None, run_after=None
[2023-09-29T11:02:44.578+0000] {processor.py:179} INFO - Processing /home/airflow/.local/lib/python3.8/site-packages/airflow/example_dags/example_trigger_target_dag.py took 0.029 seconds
[2023-09-29T11:03:15.778+0000] {processor.py:157} INFO - Started process (PID=960) to work on /home/airflow/.local/lib/python3.8/site-packages/airflow/example_dags/example_trigger_target_dag.py
[2023-09-29T11:03:15.779+0000] {processor.py:829} INFO - Processing file /home/airflow/.local/lib/python3.8/site-packages/airflow/example_dags/example_trigger_target_dag.py for tasks to queue
[2023-09-29T11:03:15.780+0000] {logging_mixin.py:151} INFO - [2023-09-29T11:03:15.780+0000] {dagbag.py:539} INFO - Filling up the DagBag from /home/airflow/.local/lib/python3.8/site-packages/airflow/example_dags/example_trigger_target_dag.py
[2023-09-29T11:03:15.783+0000] {processor.py:839} INFO - DAG(s) dict_keys(['example_trigger_target_dag']) retrieved from /home/airflow/.local/lib/python3.8/site-packages/airflow/example_dags/example_trigger_target_dag.py
[2023-09-29T11:03:15.792+0000] {logging_mixin.py:151} INFO - [2023-09-29T11:03:15.792+0000] {dag.py:2915} INFO - Sync 1 DAGs
[2023-09-29T11:03:15.798+0000] {logging_mixin.py:151} INFO - [2023-09-29T11:03:15.798+0000] {dag.py:3696} INFO - Setting next_dagrun for example_trigger_target_dag to None, run_after=None
[2023-09-29T11:03:15.805+0000] {processor.py:179} INFO - Processing /home/airflow/.local/lib/python3.8/site-packages/airflow/example_dags/example_trigger_target_dag.py took 0.028 seconds
[2023-09-29T11:03:45.986+0000] {processor.py:157} INFO - Started process (PID=1017) to work on /home/airflow/.local/lib/python3.8/site-packages/airflow/example_dags/example_trigger_target_dag.py
[2023-09-29T11:03:45.987+0000] {processor.py:829} INFO - Processing file /home/airflow/.local/lib/python3.8/site-packages/airflow/example_dags/example_trigger_target_dag.py for tasks to queue
[2023-09-29T11:03:45.988+0000] {logging_mixin.py:151} INFO - [2023-09-29T11:03:45.988+0000] {dagbag.py:539} INFO - Filling up the DagBag from /home/airflow/.local/lib/python3.8/site-packages/airflow/example_dags/example_trigger_target_dag.py
[2023-09-29T11:03:45.991+0000] {processor.py:839} INFO - DAG(s) dict_keys(['example_trigger_target_dag']) retrieved from /home/airflow/.local/lib/python3.8/site-packages/airflow/example_dags/example_trigger_target_dag.py
[2023-09-29T11:03:46.001+0000] {logging_mixin.py:151} INFO - [2023-09-29T11:03:46.001+0000] {dag.py:2915} INFO - Sync 1 DAGs
[2023-09-29T11:03:46.007+0000] {logging_mixin.py:151} INFO - [2023-09-29T11:03:46.007+0000] {dag.py:3696} INFO - Setting next_dagrun for example_trigger_target_dag to None, run_after=None
[2023-09-29T11:03:46.014+0000] {processor.py:179} INFO - Processing /home/airflow/.local/lib/python3.8/site-packages/airflow/example_dags/example_trigger_target_dag.py took 0.030 seconds
[2023-09-29T11:04:17.336+0000] {processor.py:157} INFO - Started process (PID=1074) to work on /home/airflow/.local/lib/python3.8/site-packages/airflow/example_dags/example_trigger_target_dag.py
[2023-09-29T11:04:17.336+0000] {processor.py:829} INFO - Processing file /home/airflow/.local/lib/python3.8/site-packages/airflow/example_dags/example_trigger_target_dag.py for tasks to queue
[2023-09-29T11:04:17.338+0000] {logging_mixin.py:151} INFO - [2023-09-29T11:04:17.337+0000] {dagbag.py:539} INFO - Filling up the DagBag from /home/airflow/.local/lib/python3.8/site-packages/airflow/example_dags/example_trigger_target_dag.py
[2023-09-29T11:04:17.341+0000] {processor.py:839} INFO - DAG(s) dict_keys(['example_trigger_target_dag']) retrieved from /home/airflow/.local/lib/python3.8/site-packages/airflow/example_dags/example_trigger_target_dag.py
[2023-09-29T11:04:17.351+0000] {logging_mixin.py:151} INFO - [2023-09-29T11:04:17.351+0000] {dag.py:2915} INFO - Sync 1 DAGs
[2023-09-29T11:04:17.357+0000] {logging_mixin.py:151} INFO - [2023-09-29T11:04:17.357+0000] {dag.py:3696} INFO - Setting next_dagrun for example_trigger_target_dag to None, run_after=None
[2023-09-29T11:04:17.364+0000] {processor.py:179} INFO - Processing /home/airflow/.local/lib/python3.8/site-packages/airflow/example_dags/example_trigger_target_dag.py took 0.031 seconds
[2023-09-29T11:04:48.411+0000] {processor.py:157} INFO - Started process (PID=1131) to work on /home/airflow/.local/lib/python3.8/site-packages/airflow/example_dags/example_trigger_target_dag.py
[2023-09-29T11:04:48.412+0000] {processor.py:829} INFO - Processing file /home/airflow/.local/lib/python3.8/site-packages/airflow/example_dags/example_trigger_target_dag.py for tasks to queue
[2023-09-29T11:04:48.413+0000] {logging_mixin.py:151} INFO - [2023-09-29T11:04:48.413+0000] {dagbag.py:539} INFO - Filling up the DagBag from /home/airflow/.local/lib/python3.8/site-packages/airflow/example_dags/example_trigger_target_dag.py
[2023-09-29T11:04:48.417+0000] {processor.py:839} INFO - DAG(s) dict_keys(['example_trigger_target_dag']) retrieved from /home/airflow/.local/lib/python3.8/site-packages/airflow/example_dags/example_trigger_target_dag.py
[2023-09-29T11:04:48.426+0000] {logging_mixin.py:151} INFO - [2023-09-29T11:04:48.426+0000] {dag.py:2915} INFO - Sync 1 DAGs
[2023-09-29T11:04:48.431+0000] {logging_mixin.py:151} INFO - [2023-09-29T11:04:48.431+0000] {dag.py:3696} INFO - Setting next_dagrun for example_trigger_target_dag to None, run_after=None
[2023-09-29T11:04:48.437+0000] {processor.py:179} INFO - Processing /home/airflow/.local/lib/python3.8/site-packages/airflow/example_dags/example_trigger_target_dag.py took 0.028 seconds
[2023-09-29T11:05:19.368+0000] {processor.py:157} INFO - Started process (PID=1188) to work on /home/airflow/.local/lib/python3.8/site-packages/airflow/example_dags/example_trigger_target_dag.py
[2023-09-29T11:05:19.369+0000] {processor.py:829} INFO - Processing file /home/airflow/.local/lib/python3.8/site-packages/airflow/example_dags/example_trigger_target_dag.py for tasks to queue
[2023-09-29T11:05:19.370+0000] {logging_mixin.py:151} INFO - [2023-09-29T11:05:19.370+0000] {dagbag.py:539} INFO - Filling up the DagBag from /home/airflow/.local/lib/python3.8/site-packages/airflow/example_dags/example_trigger_target_dag.py
[2023-09-29T11:05:19.374+0000] {processor.py:839} INFO - DAG(s) dict_keys(['example_trigger_target_dag']) retrieved from /home/airflow/.local/lib/python3.8/site-packages/airflow/example_dags/example_trigger_target_dag.py
[2023-09-29T11:05:19.384+0000] {logging_mixin.py:151} INFO - [2023-09-29T11:05:19.383+0000] {dag.py:2915} INFO - Sync 1 DAGs
[2023-09-29T11:05:19.391+0000] {logging_mixin.py:151} INFO - [2023-09-29T11:05:19.391+0000] {dag.py:3696} INFO - Setting next_dagrun for example_trigger_target_dag to None, run_after=None
[2023-09-29T11:05:19.399+0000] {processor.py:179} INFO - Processing /home/airflow/.local/lib/python3.8/site-packages/airflow/example_dags/example_trigger_target_dag.py took 0.033 seconds
[2023-09-29T11:05:50.453+0000] {processor.py:157} INFO - Started process (PID=1245) to work on /home/airflow/.local/lib/python3.8/site-packages/airflow/example_dags/example_trigger_target_dag.py
[2023-09-29T11:05:50.454+0000] {processor.py:829} INFO - Processing file /home/airflow/.local/lib/python3.8/site-packages/airflow/example_dags/example_trigger_target_dag.py for tasks to queue
[2023-09-29T11:05:50.455+0000] {logging_mixin.py:151} INFO - [2023-09-29T11:05:50.455+0000] {dagbag.py:539} INFO - Filling up the DagBag from /home/airflow/.local/lib/python3.8/site-packages/airflow/example_dags/example_trigger_target_dag.py
[2023-09-29T11:05:50.459+0000] {processor.py:839} INFO - DAG(s) dict_keys(['example_trigger_target_dag']) retrieved from /home/airflow/.local/lib/python3.8/site-packages/airflow/example_dags/example_trigger_target_dag.py
[2023-09-29T11:05:50.473+0000] {logging_mixin.py:151} INFO - [2023-09-29T11:05:50.473+0000] {dag.py:2915} INFO - Sync 1 DAGs
[2023-09-29T11:05:50.483+0000] {logging_mixin.py:151} INFO - [2023-09-29T11:05:50.483+0000] {dag.py:3696} INFO - Setting next_dagrun for example_trigger_target_dag to None, run_after=None
[2023-09-29T11:05:50.492+0000] {processor.py:179} INFO - Processing /home/airflow/.local/lib/python3.8/site-packages/airflow/example_dags/example_trigger_target_dag.py took 0.040 seconds
