[2023-09-29T08:49:15.054+0000] {processor.py:157} INFO - Started process (PID=54) to work on /home/airflow/.local/lib/python3.8/site-packages/airflow/example_dags/example_skip_dag.py
[2023-09-29T08:49:15.059+0000] {processor.py:829} INFO - Processing file /home/airflow/.local/lib/python3.8/site-packages/airflow/example_dags/example_skip_dag.py for tasks to queue
[2023-09-29T08:49:15.062+0000] {logging_mixin.py:151} INFO - [2023-09-29T08:49:15.062+0000] {dagbag.py:539} INFO - Filling up the DagBag from /home/airflow/.local/lib/python3.8/site-packages/airflow/example_dags/example_skip_dag.py
[2023-09-29T08:49:15.074+0000] {processor.py:839} INFO - DAG(s) dict_keys(['example_skip_dag']) retrieved from /home/airflow/.local/lib/python3.8/site-packages/airflow/example_dags/example_skip_dag.py
[2023-09-29T08:49:15.093+0000] {logging_mixin.py:151} INFO - [2023-09-29T08:49:15.092+0000] {dag.py:2915} INFO - Sync 1 DAGs
[2023-09-29T08:49:15.222+0000] {logging_mixin.py:151} INFO - [2023-09-29T08:49:15.221+0000] {dag.py:3696} INFO - Setting next_dagrun for example_skip_dag to 2023-09-28T08:49:15.220364+00:00, run_after=2023-09-29T08:49:15.220364+00:00
[2023-09-29T08:49:15.321+0000] {processor.py:179} INFO - Processing /home/airflow/.local/lib/python3.8/site-packages/airflow/example_dags/example_skip_dag.py took 0.273 seconds
[2023-09-29T08:49:46.319+0000] {processor.py:157} INFO - Started process (PID=111) to work on /home/airflow/.local/lib/python3.8/site-packages/airflow/example_dags/example_skip_dag.py
[2023-09-29T08:49:46.322+0000] {processor.py:829} INFO - Processing file /home/airflow/.local/lib/python3.8/site-packages/airflow/example_dags/example_skip_dag.py for tasks to queue
[2023-09-29T08:49:46.325+0000] {logging_mixin.py:151} INFO - [2023-09-29T08:49:46.324+0000] {dagbag.py:539} INFO - Filling up the DagBag from /home/airflow/.local/lib/python3.8/site-packages/airflow/example_dags/example_skip_dag.py
[2023-09-29T08:49:46.333+0000] {processor.py:839} INFO - DAG(s) dict_keys(['example_skip_dag']) retrieved from /home/airflow/.local/lib/python3.8/site-packages/airflow/example_dags/example_skip_dag.py
[2023-09-29T08:49:46.353+0000] {logging_mixin.py:151} INFO - [2023-09-29T08:49:46.353+0000] {dag.py:2915} INFO - Sync 1 DAGs
[2023-09-29T08:49:46.368+0000] {logging_mixin.py:151} INFO - [2023-09-29T08:49:46.368+0000] {dag.py:3696} INFO - Setting next_dagrun for example_skip_dag to 2023-09-28T08:49:46.368217+00:00, run_after=2023-09-29T08:49:46.368217+00:00
[2023-09-29T08:49:46.378+0000] {processor.py:179} INFO - Processing /home/airflow/.local/lib/python3.8/site-packages/airflow/example_dags/example_skip_dag.py took 0.064 seconds
[2023-09-29T08:50:16.871+0000] {processor.py:157} INFO - Started process (PID=168) to work on /home/airflow/.local/lib/python3.8/site-packages/airflow/example_dags/example_skip_dag.py
[2023-09-29T08:50:16.873+0000] {processor.py:829} INFO - Processing file /home/airflow/.local/lib/python3.8/site-packages/airflow/example_dags/example_skip_dag.py for tasks to queue
[2023-09-29T08:50:16.877+0000] {logging_mixin.py:151} INFO - [2023-09-29T08:50:16.876+0000] {dagbag.py:539} INFO - Filling up the DagBag from /home/airflow/.local/lib/python3.8/site-packages/airflow/example_dags/example_skip_dag.py
[2023-09-29T08:50:16.885+0000] {processor.py:839} INFO - DAG(s) dict_keys(['example_skip_dag']) retrieved from /home/airflow/.local/lib/python3.8/site-packages/airflow/example_dags/example_skip_dag.py
[2023-09-29T08:50:16.904+0000] {logging_mixin.py:151} INFO - [2023-09-29T08:50:16.904+0000] {dag.py:2915} INFO - Sync 1 DAGs
[2023-09-29T08:50:16.916+0000] {logging_mixin.py:151} INFO - [2023-09-29T08:50:16.916+0000] {dag.py:3696} INFO - Setting next_dagrun for example_skip_dag to 2023-09-28T08:50:16.916723+00:00, run_after=2023-09-29T08:50:16.916723+00:00
[2023-09-29T08:50:16.924+0000] {processor.py:179} INFO - Processing /home/airflow/.local/lib/python3.8/site-packages/airflow/example_dags/example_skip_dag.py took 0.060 seconds
[2023-09-29T08:50:47.165+0000] {processor.py:157} INFO - Started process (PID=225) to work on /home/airflow/.local/lib/python3.8/site-packages/airflow/example_dags/example_skip_dag.py
[2023-09-29T08:50:47.171+0000] {processor.py:829} INFO - Processing file /home/airflow/.local/lib/python3.8/site-packages/airflow/example_dags/example_skip_dag.py for tasks to queue
[2023-09-29T08:50:47.177+0000] {logging_mixin.py:151} INFO - [2023-09-29T08:50:47.176+0000] {dagbag.py:539} INFO - Filling up the DagBag from /home/airflow/.local/lib/python3.8/site-packages/airflow/example_dags/example_skip_dag.py
[2023-09-29T08:50:47.185+0000] {processor.py:839} INFO - DAG(s) dict_keys(['example_skip_dag']) retrieved from /home/airflow/.local/lib/python3.8/site-packages/airflow/example_dags/example_skip_dag.py
[2023-09-29T08:50:47.203+0000] {logging_mixin.py:151} INFO - [2023-09-29T08:50:47.203+0000] {dag.py:2915} INFO - Sync 1 DAGs
[2023-09-29T08:50:47.216+0000] {logging_mixin.py:151} INFO - [2023-09-29T08:50:47.216+0000] {dag.py:3696} INFO - Setting next_dagrun for example_skip_dag to 2023-09-28T08:50:47.216480+00:00, run_after=2023-09-29T08:50:47.216480+00:00
[2023-09-29T08:50:47.227+0000] {processor.py:179} INFO - Processing /home/airflow/.local/lib/python3.8/site-packages/airflow/example_dags/example_skip_dag.py took 0.068 seconds
[2023-09-29T08:51:17.332+0000] {processor.py:157} INFO - Started process (PID=282) to work on /home/airflow/.local/lib/python3.8/site-packages/airflow/example_dags/example_skip_dag.py
[2023-09-29T08:51:17.332+0000] {processor.py:829} INFO - Processing file /home/airflow/.local/lib/python3.8/site-packages/airflow/example_dags/example_skip_dag.py for tasks to queue
[2023-09-29T08:51:17.333+0000] {logging_mixin.py:151} INFO - [2023-09-29T08:51:17.333+0000] {dagbag.py:539} INFO - Filling up the DagBag from /home/airflow/.local/lib/python3.8/site-packages/airflow/example_dags/example_skip_dag.py
[2023-09-29T08:51:17.337+0000] {processor.py:839} INFO - DAG(s) dict_keys(['example_skip_dag']) retrieved from /home/airflow/.local/lib/python3.8/site-packages/airflow/example_dags/example_skip_dag.py
[2023-09-29T08:51:17.348+0000] {logging_mixin.py:151} INFO - [2023-09-29T08:51:17.348+0000] {dag.py:2915} INFO - Sync 1 DAGs
[2023-09-29T08:51:17.357+0000] {logging_mixin.py:151} INFO - [2023-09-29T08:51:17.357+0000] {dag.py:3696} INFO - Setting next_dagrun for example_skip_dag to 2023-09-28T08:51:17.357101+00:00, run_after=2023-09-29T08:51:17.357101+00:00
[2023-09-29T08:51:17.364+0000] {processor.py:179} INFO - Processing /home/airflow/.local/lib/python3.8/site-packages/airflow/example_dags/example_skip_dag.py took 0.034 seconds
[2023-09-29T08:51:48.557+0000] {processor.py:157} INFO - Started process (PID=339) to work on /home/airflow/.local/lib/python3.8/site-packages/airflow/example_dags/example_skip_dag.py
[2023-09-29T08:51:48.558+0000] {processor.py:829} INFO - Processing file /home/airflow/.local/lib/python3.8/site-packages/airflow/example_dags/example_skip_dag.py for tasks to queue
[2023-09-29T08:51:48.559+0000] {logging_mixin.py:151} INFO - [2023-09-29T08:51:48.559+0000] {dagbag.py:539} INFO - Filling up the DagBag from /home/airflow/.local/lib/python3.8/site-packages/airflow/example_dags/example_skip_dag.py
[2023-09-29T08:51:48.563+0000] {processor.py:839} INFO - DAG(s) dict_keys(['example_skip_dag']) retrieved from /home/airflow/.local/lib/python3.8/site-packages/airflow/example_dags/example_skip_dag.py
[2023-09-29T08:51:48.574+0000] {logging_mixin.py:151} INFO - [2023-09-29T08:51:48.574+0000] {dag.py:2915} INFO - Sync 1 DAGs
[2023-09-29T08:51:48.583+0000] {logging_mixin.py:151} INFO - [2023-09-29T08:51:48.583+0000] {dag.py:3696} INFO - Setting next_dagrun for example_skip_dag to 2023-09-28T08:51:48.583212+00:00, run_after=2023-09-29T08:51:48.583212+00:00
[2023-09-29T08:51:48.591+0000] {processor.py:179} INFO - Processing /home/airflow/.local/lib/python3.8/site-packages/airflow/example_dags/example_skip_dag.py took 0.035 seconds
[2023-09-29T08:52:20.160+0000] {processor.py:157} INFO - Started process (PID=396) to work on /home/airflow/.local/lib/python3.8/site-packages/airflow/example_dags/example_skip_dag.py
[2023-09-29T08:52:20.161+0000] {processor.py:829} INFO - Processing file /home/airflow/.local/lib/python3.8/site-packages/airflow/example_dags/example_skip_dag.py for tasks to queue
[2023-09-29T08:52:20.162+0000] {logging_mixin.py:151} INFO - [2023-09-29T08:52:20.162+0000] {dagbag.py:539} INFO - Filling up the DagBag from /home/airflow/.local/lib/python3.8/site-packages/airflow/example_dags/example_skip_dag.py
[2023-09-29T08:52:20.166+0000] {processor.py:839} INFO - DAG(s) dict_keys(['example_skip_dag']) retrieved from /home/airflow/.local/lib/python3.8/site-packages/airflow/example_dags/example_skip_dag.py
[2023-09-29T08:52:20.178+0000] {logging_mixin.py:151} INFO - [2023-09-29T08:52:20.177+0000] {dag.py:2915} INFO - Sync 1 DAGs
[2023-09-29T08:52:20.187+0000] {logging_mixin.py:151} INFO - [2023-09-29T08:52:20.187+0000] {dag.py:3696} INFO - Setting next_dagrun for example_skip_dag to 2023-09-28T08:52:20.187309+00:00, run_after=2023-09-29T08:52:20.187309+00:00
[2023-09-29T08:52:20.195+0000] {processor.py:179} INFO - Processing /home/airflow/.local/lib/python3.8/site-packages/airflow/example_dags/example_skip_dag.py took 0.037 seconds
[2023-09-29T08:52:50.306+0000] {processor.py:157} INFO - Started process (PID=453) to work on /home/airflow/.local/lib/python3.8/site-packages/airflow/example_dags/example_skip_dag.py
[2023-09-29T08:52:50.307+0000] {processor.py:829} INFO - Processing file /home/airflow/.local/lib/python3.8/site-packages/airflow/example_dags/example_skip_dag.py for tasks to queue
[2023-09-29T08:52:50.308+0000] {logging_mixin.py:151} INFO - [2023-09-29T08:52:50.308+0000] {dagbag.py:539} INFO - Filling up the DagBag from /home/airflow/.local/lib/python3.8/site-packages/airflow/example_dags/example_skip_dag.py
[2023-09-29T08:52:50.311+0000] {processor.py:839} INFO - DAG(s) dict_keys(['example_skip_dag']) retrieved from /home/airflow/.local/lib/python3.8/site-packages/airflow/example_dags/example_skip_dag.py
[2023-09-29T08:52:50.322+0000] {logging_mixin.py:151} INFO - [2023-09-29T08:52:50.322+0000] {dag.py:2915} INFO - Sync 1 DAGs
[2023-09-29T08:52:50.331+0000] {logging_mixin.py:151} INFO - [2023-09-29T08:52:50.331+0000] {dag.py:3696} INFO - Setting next_dagrun for example_skip_dag to 2023-09-28T08:52:50.331182+00:00, run_after=2023-09-29T08:52:50.331182+00:00
[2023-09-29T08:52:50.338+0000] {processor.py:179} INFO - Processing /home/airflow/.local/lib/python3.8/site-packages/airflow/example_dags/example_skip_dag.py took 0.033 seconds
[2023-09-29T08:53:21.806+0000] {processor.py:157} INFO - Started process (PID=510) to work on /home/airflow/.local/lib/python3.8/site-packages/airflow/example_dags/example_skip_dag.py
[2023-09-29T08:53:21.807+0000] {processor.py:829} INFO - Processing file /home/airflow/.local/lib/python3.8/site-packages/airflow/example_dags/example_skip_dag.py for tasks to queue
[2023-09-29T08:53:21.808+0000] {logging_mixin.py:151} INFO - [2023-09-29T08:53:21.808+0000] {dagbag.py:539} INFO - Filling up the DagBag from /home/airflow/.local/lib/python3.8/site-packages/airflow/example_dags/example_skip_dag.py
[2023-09-29T08:53:21.811+0000] {processor.py:839} INFO - DAG(s) dict_keys(['example_skip_dag']) retrieved from /home/airflow/.local/lib/python3.8/site-packages/airflow/example_dags/example_skip_dag.py
[2023-09-29T08:53:21.821+0000] {logging_mixin.py:151} INFO - [2023-09-29T08:53:21.821+0000] {dag.py:2915} INFO - Sync 1 DAGs
[2023-09-29T08:53:21.830+0000] {logging_mixin.py:151} INFO - [2023-09-29T08:53:21.830+0000] {dag.py:3696} INFO - Setting next_dagrun for example_skip_dag to 2023-09-28T08:53:21.830218+00:00, run_after=2023-09-29T08:53:21.830218+00:00
[2023-09-29T08:53:21.836+0000] {processor.py:179} INFO - Processing /home/airflow/.local/lib/python3.8/site-packages/airflow/example_dags/example_skip_dag.py took 0.032 seconds
[2023-09-29T08:53:52.095+0000] {processor.py:157} INFO - Started process (PID=567) to work on /home/airflow/.local/lib/python3.8/site-packages/airflow/example_dags/example_skip_dag.py
[2023-09-29T08:53:52.096+0000] {processor.py:829} INFO - Processing file /home/airflow/.local/lib/python3.8/site-packages/airflow/example_dags/example_skip_dag.py for tasks to queue
[2023-09-29T08:53:52.099+0000] {logging_mixin.py:151} INFO - [2023-09-29T08:53:52.098+0000] {dagbag.py:539} INFO - Filling up the DagBag from /home/airflow/.local/lib/python3.8/site-packages/airflow/example_dags/example_skip_dag.py
[2023-09-29T08:53:52.107+0000] {processor.py:839} INFO - DAG(s) dict_keys(['example_skip_dag']) retrieved from /home/airflow/.local/lib/python3.8/site-packages/airflow/example_dags/example_skip_dag.py
[2023-09-29T08:53:52.134+0000] {logging_mixin.py:151} INFO - [2023-09-29T08:53:52.134+0000] {dag.py:2915} INFO - Sync 1 DAGs
[2023-09-29T08:53:52.151+0000] {logging_mixin.py:151} INFO - [2023-09-29T08:53:52.151+0000] {dag.py:3696} INFO - Setting next_dagrun for example_skip_dag to 2023-09-28T08:53:52.150813+00:00, run_after=2023-09-29T08:53:52.150813+00:00
[2023-09-29T08:53:52.161+0000] {processor.py:179} INFO - Processing /home/airflow/.local/lib/python3.8/site-packages/airflow/example_dags/example_skip_dag.py took 0.068 seconds
[2023-09-29T08:54:22.502+0000] {processor.py:157} INFO - Started process (PID=624) to work on /home/airflow/.local/lib/python3.8/site-packages/airflow/example_dags/example_skip_dag.py
[2023-09-29T08:54:22.503+0000] {processor.py:829} INFO - Processing file /home/airflow/.local/lib/python3.8/site-packages/airflow/example_dags/example_skip_dag.py for tasks to queue
[2023-09-29T08:54:22.504+0000] {logging_mixin.py:151} INFO - [2023-09-29T08:54:22.504+0000] {dagbag.py:539} INFO - Filling up the DagBag from /home/airflow/.local/lib/python3.8/site-packages/airflow/example_dags/example_skip_dag.py
[2023-09-29T08:54:22.509+0000] {processor.py:839} INFO - DAG(s) dict_keys(['example_skip_dag']) retrieved from /home/airflow/.local/lib/python3.8/site-packages/airflow/example_dags/example_skip_dag.py
[2023-09-29T08:54:22.520+0000] {logging_mixin.py:151} INFO - [2023-09-29T08:54:22.520+0000] {dag.py:2915} INFO - Sync 1 DAGs
[2023-09-29T08:54:22.529+0000] {logging_mixin.py:151} INFO - [2023-09-29T08:54:22.528+0000] {dag.py:3696} INFO - Setting next_dagrun for example_skip_dag to 2023-09-28T08:54:22.528855+00:00, run_after=2023-09-29T08:54:22.528855+00:00
[2023-09-29T08:54:22.535+0000] {processor.py:179} INFO - Processing /home/airflow/.local/lib/python3.8/site-packages/airflow/example_dags/example_skip_dag.py took 0.035 seconds
[2023-09-29T08:54:52.838+0000] {processor.py:157} INFO - Started process (PID=681) to work on /home/airflow/.local/lib/python3.8/site-packages/airflow/example_dags/example_skip_dag.py
[2023-09-29T08:54:52.839+0000] {processor.py:829} INFO - Processing file /home/airflow/.local/lib/python3.8/site-packages/airflow/example_dags/example_skip_dag.py for tasks to queue
[2023-09-29T08:54:52.841+0000] {logging_mixin.py:151} INFO - [2023-09-29T08:54:52.841+0000] {dagbag.py:539} INFO - Filling up the DagBag from /home/airflow/.local/lib/python3.8/site-packages/airflow/example_dags/example_skip_dag.py
[2023-09-29T08:54:52.845+0000] {processor.py:839} INFO - DAG(s) dict_keys(['example_skip_dag']) retrieved from /home/airflow/.local/lib/python3.8/site-packages/airflow/example_dags/example_skip_dag.py
[2023-09-29T08:54:52.859+0000] {logging_mixin.py:151} INFO - [2023-09-29T08:54:52.859+0000] {dag.py:2915} INFO - Sync 1 DAGs
[2023-09-29T08:54:52.870+0000] {logging_mixin.py:151} INFO - [2023-09-29T08:54:52.870+0000] {dag.py:3696} INFO - Setting next_dagrun for example_skip_dag to 2023-09-28T08:54:52.870582+00:00, run_after=2023-09-29T08:54:52.870582+00:00
[2023-09-29T08:54:52.878+0000] {processor.py:179} INFO - Processing /home/airflow/.local/lib/python3.8/site-packages/airflow/example_dags/example_skip_dag.py took 0.042 seconds
[2023-09-29T08:55:24.154+0000] {processor.py:157} INFO - Started process (PID=738) to work on /home/airflow/.local/lib/python3.8/site-packages/airflow/example_dags/example_skip_dag.py
[2023-09-29T08:55:24.155+0000] {processor.py:829} INFO - Processing file /home/airflow/.local/lib/python3.8/site-packages/airflow/example_dags/example_skip_dag.py for tasks to queue
[2023-09-29T08:55:24.156+0000] {logging_mixin.py:151} INFO - [2023-09-29T08:55:24.156+0000] {dagbag.py:539} INFO - Filling up the DagBag from /home/airflow/.local/lib/python3.8/site-packages/airflow/example_dags/example_skip_dag.py
[2023-09-29T08:55:24.161+0000] {processor.py:839} INFO - DAG(s) dict_keys(['example_skip_dag']) retrieved from /home/airflow/.local/lib/python3.8/site-packages/airflow/example_dags/example_skip_dag.py
[2023-09-29T08:55:24.192+0000] {logging_mixin.py:151} INFO - [2023-09-29T08:55:24.192+0000] {dag.py:2915} INFO - Sync 1 DAGs
[2023-09-29T08:55:24.242+0000] {logging_mixin.py:151} INFO - [2023-09-29T08:55:24.242+0000] {dag.py:3696} INFO - Setting next_dagrun for example_skip_dag to 2023-09-28T08:55:24.240878+00:00, run_after=2023-09-29T08:55:24.240878+00:00
[2023-09-29T08:55:24.254+0000] {processor.py:179} INFO - Processing /home/airflow/.local/lib/python3.8/site-packages/airflow/example_dags/example_skip_dag.py took 0.104 seconds
[2023-09-29T08:55:55.324+0000] {processor.py:157} INFO - Started process (PID=795) to work on /home/airflow/.local/lib/python3.8/site-packages/airflow/example_dags/example_skip_dag.py
[2023-09-29T08:55:55.325+0000] {processor.py:829} INFO - Processing file /home/airflow/.local/lib/python3.8/site-packages/airflow/example_dags/example_skip_dag.py for tasks to queue
[2023-09-29T08:55:55.327+0000] {logging_mixin.py:151} INFO - [2023-09-29T08:55:55.327+0000] {dagbag.py:539} INFO - Filling up the DagBag from /home/airflow/.local/lib/python3.8/site-packages/airflow/example_dags/example_skip_dag.py
[2023-09-29T08:55:55.330+0000] {processor.py:839} INFO - DAG(s) dict_keys(['example_skip_dag']) retrieved from /home/airflow/.local/lib/python3.8/site-packages/airflow/example_dags/example_skip_dag.py
[2023-09-29T08:55:55.340+0000] {logging_mixin.py:151} INFO - [2023-09-29T08:55:55.340+0000] {dag.py:2915} INFO - Sync 1 DAGs
[2023-09-29T08:55:55.349+0000] {logging_mixin.py:151} INFO - [2023-09-29T08:55:55.349+0000] {dag.py:3696} INFO - Setting next_dagrun for example_skip_dag to 2023-09-28T08:55:55.349333+00:00, run_after=2023-09-29T08:55:55.349333+00:00
[2023-09-29T08:55:55.356+0000] {processor.py:179} INFO - Processing /home/airflow/.local/lib/python3.8/site-packages/airflow/example_dags/example_skip_dag.py took 0.034 seconds
[2023-09-29T08:56:26.642+0000] {processor.py:157} INFO - Started process (PID=852) to work on /home/airflow/.local/lib/python3.8/site-packages/airflow/example_dags/example_skip_dag.py
[2023-09-29T08:56:26.643+0000] {processor.py:829} INFO - Processing file /home/airflow/.local/lib/python3.8/site-packages/airflow/example_dags/example_skip_dag.py for tasks to queue
[2023-09-29T08:56:26.644+0000] {logging_mixin.py:151} INFO - [2023-09-29T08:56:26.644+0000] {dagbag.py:539} INFO - Filling up the DagBag from /home/airflow/.local/lib/python3.8/site-packages/airflow/example_dags/example_skip_dag.py
[2023-09-29T08:56:26.647+0000] {processor.py:839} INFO - DAG(s) dict_keys(['example_skip_dag']) retrieved from /home/airflow/.local/lib/python3.8/site-packages/airflow/example_dags/example_skip_dag.py
[2023-09-29T08:56:26.657+0000] {logging_mixin.py:151} INFO - [2023-09-29T08:56:26.657+0000] {dag.py:2915} INFO - Sync 1 DAGs
[2023-09-29T08:56:26.666+0000] {logging_mixin.py:151} INFO - [2023-09-29T08:56:26.665+0000] {dag.py:3696} INFO - Setting next_dagrun for example_skip_dag to 2023-09-28T08:56:26.665872+00:00, run_after=2023-09-29T08:56:26.665872+00:00
[2023-09-29T08:56:26.672+0000] {processor.py:179} INFO - Processing /home/airflow/.local/lib/python3.8/site-packages/airflow/example_dags/example_skip_dag.py took 0.032 seconds
[2023-09-29T10:55:01.696+0000] {processor.py:157} INFO - Started process (PID=54) to work on /home/airflow/.local/lib/python3.8/site-packages/airflow/example_dags/example_skip_dag.py
[2023-09-29T10:55:01.701+0000] {processor.py:829} INFO - Processing file /home/airflow/.local/lib/python3.8/site-packages/airflow/example_dags/example_skip_dag.py for tasks to queue
[2023-09-29T10:55:01.703+0000] {logging_mixin.py:151} INFO - [2023-09-29T10:55:01.703+0000] {dagbag.py:539} INFO - Filling up the DagBag from /home/airflow/.local/lib/python3.8/site-packages/airflow/example_dags/example_skip_dag.py
[2023-09-29T10:55:01.719+0000] {processor.py:839} INFO - DAG(s) dict_keys(['example_skip_dag']) retrieved from /home/airflow/.local/lib/python3.8/site-packages/airflow/example_dags/example_skip_dag.py
[2023-09-29T10:55:01.739+0000] {logging_mixin.py:151} INFO - [2023-09-29T10:55:01.739+0000] {dag.py:2915} INFO - Sync 1 DAGs
[2023-09-29T10:55:01.753+0000] {logging_mixin.py:151} INFO - [2023-09-29T10:55:01.753+0000] {dag.py:3696} INFO - Setting next_dagrun for example_skip_dag to 2023-09-28T10:55:01.753564+00:00, run_after=2023-09-29T10:55:01.753564+00:00
[2023-09-29T10:55:01.763+0000] {processor.py:179} INFO - Processing /home/airflow/.local/lib/python3.8/site-packages/airflow/example_dags/example_skip_dag.py took 0.071 seconds
[2023-09-29T10:55:32.575+0000] {processor.py:157} INFO - Started process (PID=110) to work on /home/airflow/.local/lib/python3.8/site-packages/airflow/example_dags/example_skip_dag.py
[2023-09-29T10:55:32.576+0000] {processor.py:829} INFO - Processing file /home/airflow/.local/lib/python3.8/site-packages/airflow/example_dags/example_skip_dag.py for tasks to queue
[2023-09-29T10:55:32.577+0000] {logging_mixin.py:151} INFO - [2023-09-29T10:55:32.577+0000] {dagbag.py:539} INFO - Filling up the DagBag from /home/airflow/.local/lib/python3.8/site-packages/airflow/example_dags/example_skip_dag.py
[2023-09-29T10:55:32.582+0000] {processor.py:839} INFO - DAG(s) dict_keys(['example_skip_dag']) retrieved from /home/airflow/.local/lib/python3.8/site-packages/airflow/example_dags/example_skip_dag.py
[2023-09-29T10:55:32.597+0000] {logging_mixin.py:151} INFO - [2023-09-29T10:55:32.597+0000] {dag.py:2915} INFO - Sync 1 DAGs
[2023-09-29T10:55:32.607+0000] {logging_mixin.py:151} INFO - [2023-09-29T10:55:32.607+0000] {dag.py:3696} INFO - Setting next_dagrun for example_skip_dag to 2023-09-28T10:55:32.607421+00:00, run_after=2023-09-29T10:55:32.607421+00:00
[2023-09-29T10:55:32.615+0000] {processor.py:179} INFO - Processing /home/airflow/.local/lib/python3.8/site-packages/airflow/example_dags/example_skip_dag.py took 0.042 seconds
[2023-09-29T10:56:03.755+0000] {processor.py:157} INFO - Started process (PID=167) to work on /home/airflow/.local/lib/python3.8/site-packages/airflow/example_dags/example_skip_dag.py
[2023-09-29T10:56:03.756+0000] {processor.py:829} INFO - Processing file /home/airflow/.local/lib/python3.8/site-packages/airflow/example_dags/example_skip_dag.py for tasks to queue
[2023-09-29T10:56:03.759+0000] {logging_mixin.py:151} INFO - [2023-09-29T10:56:03.759+0000] {dagbag.py:539} INFO - Filling up the DagBag from /home/airflow/.local/lib/python3.8/site-packages/airflow/example_dags/example_skip_dag.py
[2023-09-29T10:56:03.763+0000] {processor.py:839} INFO - DAG(s) dict_keys(['example_skip_dag']) retrieved from /home/airflow/.local/lib/python3.8/site-packages/airflow/example_dags/example_skip_dag.py
[2023-09-29T10:56:03.776+0000] {logging_mixin.py:151} INFO - [2023-09-29T10:56:03.775+0000] {dag.py:2915} INFO - Sync 1 DAGs
[2023-09-29T10:56:03.785+0000] {logging_mixin.py:151} INFO - [2023-09-29T10:56:03.785+0000] {dag.py:3696} INFO - Setting next_dagrun for example_skip_dag to 2023-09-28T10:56:03.785122+00:00, run_after=2023-09-29T10:56:03.785122+00:00
[2023-09-29T10:56:03.793+0000] {processor.py:179} INFO - Processing /home/airflow/.local/lib/python3.8/site-packages/airflow/example_dags/example_skip_dag.py took 0.039 seconds
[2023-09-29T10:56:34.176+0000] {processor.py:157} INFO - Started process (PID=224) to work on /home/airflow/.local/lib/python3.8/site-packages/airflow/example_dags/example_skip_dag.py
[2023-09-29T10:56:34.178+0000] {processor.py:829} INFO - Processing file /home/airflow/.local/lib/python3.8/site-packages/airflow/example_dags/example_skip_dag.py for tasks to queue
[2023-09-29T10:56:34.181+0000] {logging_mixin.py:151} INFO - [2023-09-29T10:56:34.181+0000] {dagbag.py:539} INFO - Filling up the DagBag from /home/airflow/.local/lib/python3.8/site-packages/airflow/example_dags/example_skip_dag.py
[2023-09-29T10:56:34.188+0000] {processor.py:839} INFO - DAG(s) dict_keys(['example_skip_dag']) retrieved from /home/airflow/.local/lib/python3.8/site-packages/airflow/example_dags/example_skip_dag.py
[2023-09-29T10:56:34.210+0000] {logging_mixin.py:151} INFO - [2023-09-29T10:56:34.209+0000] {dag.py:2915} INFO - Sync 1 DAGs
[2023-09-29T10:56:34.228+0000] {logging_mixin.py:151} INFO - [2023-09-29T10:56:34.228+0000] {dag.py:3696} INFO - Setting next_dagrun for example_skip_dag to 2023-09-28T10:56:34.228486+00:00, run_after=2023-09-29T10:56:34.228486+00:00
[2023-09-29T10:56:34.238+0000] {processor.py:179} INFO - Processing /home/airflow/.local/lib/python3.8/site-packages/airflow/example_dags/example_skip_dag.py took 0.070 seconds
[2023-09-29T10:57:04.709+0000] {processor.py:157} INFO - Started process (PID=282) to work on /home/airflow/.local/lib/python3.8/site-packages/airflow/example_dags/example_skip_dag.py
[2023-09-29T10:57:04.710+0000] {processor.py:829} INFO - Processing file /home/airflow/.local/lib/python3.8/site-packages/airflow/example_dags/example_skip_dag.py for tasks to queue
[2023-09-29T10:57:04.712+0000] {logging_mixin.py:151} INFO - [2023-09-29T10:57:04.712+0000] {dagbag.py:539} INFO - Filling up the DagBag from /home/airflow/.local/lib/python3.8/site-packages/airflow/example_dags/example_skip_dag.py
[2023-09-29T10:57:04.716+0000] {processor.py:839} INFO - DAG(s) dict_keys(['example_skip_dag']) retrieved from /home/airflow/.local/lib/python3.8/site-packages/airflow/example_dags/example_skip_dag.py
[2023-09-29T10:57:04.729+0000] {logging_mixin.py:151} INFO - [2023-09-29T10:57:04.729+0000] {dag.py:2915} INFO - Sync 1 DAGs
[2023-09-29T10:57:04.740+0000] {logging_mixin.py:151} INFO - [2023-09-29T10:57:04.740+0000] {dag.py:3696} INFO - Setting next_dagrun for example_skip_dag to 2023-09-28T10:57:04.740044+00:00, run_after=2023-09-29T10:57:04.740044+00:00
[2023-09-29T10:57:04.748+0000] {processor.py:179} INFO - Processing /home/airflow/.local/lib/python3.8/site-packages/airflow/example_dags/example_skip_dag.py took 0.042 seconds
[2023-09-29T10:57:35.064+0000] {processor.py:157} INFO - Started process (PID=339) to work on /home/airflow/.local/lib/python3.8/site-packages/airflow/example_dags/example_skip_dag.py
[2023-09-29T10:57:35.065+0000] {processor.py:829} INFO - Processing file /home/airflow/.local/lib/python3.8/site-packages/airflow/example_dags/example_skip_dag.py for tasks to queue
[2023-09-29T10:57:35.067+0000] {logging_mixin.py:151} INFO - [2023-09-29T10:57:35.067+0000] {dagbag.py:539} INFO - Filling up the DagBag from /home/airflow/.local/lib/python3.8/site-packages/airflow/example_dags/example_skip_dag.py
[2023-09-29T10:57:35.071+0000] {processor.py:839} INFO - DAG(s) dict_keys(['example_skip_dag']) retrieved from /home/airflow/.local/lib/python3.8/site-packages/airflow/example_dags/example_skip_dag.py
[2023-09-29T10:57:35.082+0000] {logging_mixin.py:151} INFO - [2023-09-29T10:57:35.082+0000] {dag.py:2915} INFO - Sync 1 DAGs
[2023-09-29T10:57:35.093+0000] {logging_mixin.py:151} INFO - [2023-09-29T10:57:35.093+0000] {dag.py:3696} INFO - Setting next_dagrun for example_skip_dag to 2023-09-28T10:57:35.092921+00:00, run_after=2023-09-29T10:57:35.092921+00:00
[2023-09-29T10:57:35.100+0000] {processor.py:179} INFO - Processing /home/airflow/.local/lib/python3.8/site-packages/airflow/example_dags/example_skip_dag.py took 0.039 seconds
[2023-09-29T10:58:06.102+0000] {processor.py:157} INFO - Started process (PID=396) to work on /home/airflow/.local/lib/python3.8/site-packages/airflow/example_dags/example_skip_dag.py
[2023-09-29T10:58:06.102+0000] {processor.py:829} INFO - Processing file /home/airflow/.local/lib/python3.8/site-packages/airflow/example_dags/example_skip_dag.py for tasks to queue
[2023-09-29T10:58:06.103+0000] {logging_mixin.py:151} INFO - [2023-09-29T10:58:06.103+0000] {dagbag.py:539} INFO - Filling up the DagBag from /home/airflow/.local/lib/python3.8/site-packages/airflow/example_dags/example_skip_dag.py
[2023-09-29T10:58:06.107+0000] {processor.py:839} INFO - DAG(s) dict_keys(['example_skip_dag']) retrieved from /home/airflow/.local/lib/python3.8/site-packages/airflow/example_dags/example_skip_dag.py
[2023-09-29T10:58:06.117+0000] {logging_mixin.py:151} INFO - [2023-09-29T10:58:06.117+0000] {dag.py:2915} INFO - Sync 1 DAGs
[2023-09-29T10:58:06.127+0000] {logging_mixin.py:151} INFO - [2023-09-29T10:58:06.127+0000] {dag.py:3696} INFO - Setting next_dagrun for example_skip_dag to 2023-09-28T10:58:06.127501+00:00, run_after=2023-09-29T10:58:06.127501+00:00
[2023-09-29T10:58:06.135+0000] {processor.py:179} INFO - Processing /home/airflow/.local/lib/python3.8/site-packages/airflow/example_dags/example_skip_dag.py took 0.035 seconds
[2023-09-29T10:58:37.375+0000] {processor.py:157} INFO - Started process (PID=453) to work on /home/airflow/.local/lib/python3.8/site-packages/airflow/example_dags/example_skip_dag.py
[2023-09-29T10:58:37.375+0000] {processor.py:829} INFO - Processing file /home/airflow/.local/lib/python3.8/site-packages/airflow/example_dags/example_skip_dag.py for tasks to queue
[2023-09-29T10:58:37.376+0000] {logging_mixin.py:151} INFO - [2023-09-29T10:58:37.376+0000] {dagbag.py:539} INFO - Filling up the DagBag from /home/airflow/.local/lib/python3.8/site-packages/airflow/example_dags/example_skip_dag.py
[2023-09-29T10:58:37.380+0000] {processor.py:839} INFO - DAG(s) dict_keys(['example_skip_dag']) retrieved from /home/airflow/.local/lib/python3.8/site-packages/airflow/example_dags/example_skip_dag.py
[2023-09-29T10:58:37.389+0000] {logging_mixin.py:151} INFO - [2023-09-29T10:58:37.389+0000] {dag.py:2915} INFO - Sync 1 DAGs
[2023-09-29T10:58:37.398+0000] {logging_mixin.py:151} INFO - [2023-09-29T10:58:37.398+0000] {dag.py:3696} INFO - Setting next_dagrun for example_skip_dag to 2023-09-28T10:58:37.398531+00:00, run_after=2023-09-29T10:58:37.398531+00:00
[2023-09-29T10:58:37.410+0000] {processor.py:179} INFO - Processing /home/airflow/.local/lib/python3.8/site-packages/airflow/example_dags/example_skip_dag.py took 0.037 seconds
[2023-09-29T10:59:08.621+0000] {processor.py:157} INFO - Started process (PID=510) to work on /home/airflow/.local/lib/python3.8/site-packages/airflow/example_dags/example_skip_dag.py
[2023-09-29T10:59:08.622+0000] {processor.py:829} INFO - Processing file /home/airflow/.local/lib/python3.8/site-packages/airflow/example_dags/example_skip_dag.py for tasks to queue
[2023-09-29T10:59:08.623+0000] {logging_mixin.py:151} INFO - [2023-09-29T10:59:08.623+0000] {dagbag.py:539} INFO - Filling up the DagBag from /home/airflow/.local/lib/python3.8/site-packages/airflow/example_dags/example_skip_dag.py
[2023-09-29T10:59:08.627+0000] {processor.py:839} INFO - DAG(s) dict_keys(['example_skip_dag']) retrieved from /home/airflow/.local/lib/python3.8/site-packages/airflow/example_dags/example_skip_dag.py
[2023-09-29T10:59:08.637+0000] {logging_mixin.py:151} INFO - [2023-09-29T10:59:08.637+0000] {dag.py:2915} INFO - Sync 1 DAGs
[2023-09-29T10:59:08.646+0000] {logging_mixin.py:151} INFO - [2023-09-29T10:59:08.646+0000] {dag.py:3696} INFO - Setting next_dagrun for example_skip_dag to 2023-09-28T10:59:08.646066+00:00, run_after=2023-09-29T10:59:08.646066+00:00
[2023-09-29T10:59:08.652+0000] {processor.py:179} INFO - Processing /home/airflow/.local/lib/python3.8/site-packages/airflow/example_dags/example_skip_dag.py took 0.033 seconds
[2023-09-29T10:59:39.008+0000] {processor.py:157} INFO - Started process (PID=567) to work on /home/airflow/.local/lib/python3.8/site-packages/airflow/example_dags/example_skip_dag.py
[2023-09-29T10:59:39.009+0000] {processor.py:829} INFO - Processing file /home/airflow/.local/lib/python3.8/site-packages/airflow/example_dags/example_skip_dag.py for tasks to queue
[2023-09-29T10:59:39.010+0000] {logging_mixin.py:151} INFO - [2023-09-29T10:59:39.010+0000] {dagbag.py:539} INFO - Filling up the DagBag from /home/airflow/.local/lib/python3.8/site-packages/airflow/example_dags/example_skip_dag.py
[2023-09-29T10:59:39.015+0000] {processor.py:839} INFO - DAG(s) dict_keys(['example_skip_dag']) retrieved from /home/airflow/.local/lib/python3.8/site-packages/airflow/example_dags/example_skip_dag.py
[2023-09-29T10:59:39.029+0000] {logging_mixin.py:151} INFO - [2023-09-29T10:59:39.029+0000] {dag.py:2915} INFO - Sync 1 DAGs
[2023-09-29T10:59:39.039+0000] {logging_mixin.py:151} INFO - [2023-09-29T10:59:39.039+0000] {dag.py:3696} INFO - Setting next_dagrun for example_skip_dag to 2023-09-28T10:59:39.039464+00:00, run_after=2023-09-29T10:59:39.039464+00:00
[2023-09-29T10:59:39.047+0000] {processor.py:179} INFO - Processing /home/airflow/.local/lib/python3.8/site-packages/airflow/example_dags/example_skip_dag.py took 0.041 seconds
[2023-09-29T11:00:10.242+0000] {processor.py:157} INFO - Started process (PID=624) to work on /home/airflow/.local/lib/python3.8/site-packages/airflow/example_dags/example_skip_dag.py
[2023-09-29T11:00:10.242+0000] {processor.py:829} INFO - Processing file /home/airflow/.local/lib/python3.8/site-packages/airflow/example_dags/example_skip_dag.py for tasks to queue
[2023-09-29T11:00:10.244+0000] {logging_mixin.py:151} INFO - [2023-09-29T11:00:10.243+0000] {dagbag.py:539} INFO - Filling up the DagBag from /home/airflow/.local/lib/python3.8/site-packages/airflow/example_dags/example_skip_dag.py
[2023-09-29T11:00:10.247+0000] {processor.py:839} INFO - DAG(s) dict_keys(['example_skip_dag']) retrieved from /home/airflow/.local/lib/python3.8/site-packages/airflow/example_dags/example_skip_dag.py
[2023-09-29T11:00:10.258+0000] {logging_mixin.py:151} INFO - [2023-09-29T11:00:10.258+0000] {dag.py:2915} INFO - Sync 1 DAGs
[2023-09-29T11:00:10.267+0000] {logging_mixin.py:151} INFO - [2023-09-29T11:00:10.267+0000] {dag.py:3696} INFO - Setting next_dagrun for example_skip_dag to 2023-09-28T11:00:10.267707+00:00, run_after=2023-09-29T11:00:10.267707+00:00
[2023-09-29T11:00:10.275+0000] {processor.py:179} INFO - Processing /home/airflow/.local/lib/python3.8/site-packages/airflow/example_dags/example_skip_dag.py took 0.035 seconds
[2023-09-29T11:00:40.892+0000] {processor.py:157} INFO - Started process (PID=681) to work on /home/airflow/.local/lib/python3.8/site-packages/airflow/example_dags/example_skip_dag.py
[2023-09-29T11:00:40.893+0000] {processor.py:829} INFO - Processing file /home/airflow/.local/lib/python3.8/site-packages/airflow/example_dags/example_skip_dag.py for tasks to queue
[2023-09-29T11:00:40.894+0000] {logging_mixin.py:151} INFO - [2023-09-29T11:00:40.894+0000] {dagbag.py:539} INFO - Filling up the DagBag from /home/airflow/.local/lib/python3.8/site-packages/airflow/example_dags/example_skip_dag.py
[2023-09-29T11:00:40.897+0000] {processor.py:839} INFO - DAG(s) dict_keys(['example_skip_dag']) retrieved from /home/airflow/.local/lib/python3.8/site-packages/airflow/example_dags/example_skip_dag.py
[2023-09-29T11:00:40.907+0000] {logging_mixin.py:151} INFO - [2023-09-29T11:00:40.907+0000] {dag.py:2915} INFO - Sync 1 DAGs
[2023-09-29T11:00:40.916+0000] {logging_mixin.py:151} INFO - [2023-09-29T11:00:40.916+0000] {dag.py:3696} INFO - Setting next_dagrun for example_skip_dag to 2023-09-28T11:00:40.916472+00:00, run_after=2023-09-29T11:00:40.916472+00:00
[2023-09-29T11:00:40.923+0000] {processor.py:179} INFO - Processing /home/airflow/.local/lib/python3.8/site-packages/airflow/example_dags/example_skip_dag.py took 0.033 seconds
[2023-09-29T11:01:12.034+0000] {processor.py:157} INFO - Started process (PID=738) to work on /home/airflow/.local/lib/python3.8/site-packages/airflow/example_dags/example_skip_dag.py
[2023-09-29T11:01:12.035+0000] {processor.py:829} INFO - Processing file /home/airflow/.local/lib/python3.8/site-packages/airflow/example_dags/example_skip_dag.py for tasks to queue
[2023-09-29T11:01:12.036+0000] {logging_mixin.py:151} INFO - [2023-09-29T11:01:12.036+0000] {dagbag.py:539} INFO - Filling up the DagBag from /home/airflow/.local/lib/python3.8/site-packages/airflow/example_dags/example_skip_dag.py
[2023-09-29T11:01:12.040+0000] {processor.py:839} INFO - DAG(s) dict_keys(['example_skip_dag']) retrieved from /home/airflow/.local/lib/python3.8/site-packages/airflow/example_dags/example_skip_dag.py
[2023-09-29T11:01:12.051+0000] {logging_mixin.py:151} INFO - [2023-09-29T11:01:12.051+0000] {dag.py:2915} INFO - Sync 1 DAGs
[2023-09-29T11:01:12.060+0000] {logging_mixin.py:151} INFO - [2023-09-29T11:01:12.060+0000] {dag.py:3696} INFO - Setting next_dagrun for example_skip_dag to 2023-09-28T11:01:12.059905+00:00, run_after=2023-09-29T11:01:12.059905+00:00
[2023-09-29T11:01:12.070+0000] {processor.py:179} INFO - Processing /home/airflow/.local/lib/python3.8/site-packages/airflow/example_dags/example_skip_dag.py took 0.038 seconds
[2023-09-29T11:01:43.289+0000] {processor.py:157} INFO - Started process (PID=795) to work on /home/airflow/.local/lib/python3.8/site-packages/airflow/example_dags/example_skip_dag.py
[2023-09-29T11:01:43.290+0000] {processor.py:829} INFO - Processing file /home/airflow/.local/lib/python3.8/site-packages/airflow/example_dags/example_skip_dag.py for tasks to queue
[2023-09-29T11:01:43.291+0000] {logging_mixin.py:151} INFO - [2023-09-29T11:01:43.291+0000] {dagbag.py:539} INFO - Filling up the DagBag from /home/airflow/.local/lib/python3.8/site-packages/airflow/example_dags/example_skip_dag.py
[2023-09-29T11:01:43.295+0000] {processor.py:839} INFO - DAG(s) dict_keys(['example_skip_dag']) retrieved from /home/airflow/.local/lib/python3.8/site-packages/airflow/example_dags/example_skip_dag.py
[2023-09-29T11:01:43.307+0000] {logging_mixin.py:151} INFO - [2023-09-29T11:01:43.307+0000] {dag.py:2915} INFO - Sync 1 DAGs
[2023-09-29T11:01:43.319+0000] {logging_mixin.py:151} INFO - [2023-09-29T11:01:43.319+0000] {dag.py:3696} INFO - Setting next_dagrun for example_skip_dag to 2023-09-28T11:01:43.318933+00:00, run_after=2023-09-29T11:01:43.318933+00:00
[2023-09-29T11:01:43.326+0000] {processor.py:179} INFO - Processing /home/airflow/.local/lib/python3.8/site-packages/airflow/example_dags/example_skip_dag.py took 0.038 seconds
[2023-09-29T11:02:14.479+0000] {processor.py:157} INFO - Started process (PID=852) to work on /home/airflow/.local/lib/python3.8/site-packages/airflow/example_dags/example_skip_dag.py
[2023-09-29T11:02:14.480+0000] {processor.py:829} INFO - Processing file /home/airflow/.local/lib/python3.8/site-packages/airflow/example_dags/example_skip_dag.py for tasks to queue
[2023-09-29T11:02:14.481+0000] {logging_mixin.py:151} INFO - [2023-09-29T11:02:14.481+0000] {dagbag.py:539} INFO - Filling up the DagBag from /home/airflow/.local/lib/python3.8/site-packages/airflow/example_dags/example_skip_dag.py
[2023-09-29T11:02:14.485+0000] {processor.py:839} INFO - DAG(s) dict_keys(['example_skip_dag']) retrieved from /home/airflow/.local/lib/python3.8/site-packages/airflow/example_dags/example_skip_dag.py
[2023-09-29T11:02:14.496+0000] {logging_mixin.py:151} INFO - [2023-09-29T11:02:14.495+0000] {dag.py:2915} INFO - Sync 1 DAGs
[2023-09-29T11:02:14.505+0000] {logging_mixin.py:151} INFO - [2023-09-29T11:02:14.505+0000] {dag.py:3696} INFO - Setting next_dagrun for example_skip_dag to 2023-09-28T11:02:14.505654+00:00, run_after=2023-09-29T11:02:14.505654+00:00
[2023-09-29T11:02:14.513+0000] {processor.py:179} INFO - Processing /home/airflow/.local/lib/python3.8/site-packages/airflow/example_dags/example_skip_dag.py took 0.035 seconds
[2023-09-29T11:02:44.713+0000] {processor.py:157} INFO - Started process (PID=910) to work on /home/airflow/.local/lib/python3.8/site-packages/airflow/example_dags/example_skip_dag.py
[2023-09-29T11:02:44.714+0000] {processor.py:829} INFO - Processing file /home/airflow/.local/lib/python3.8/site-packages/airflow/example_dags/example_skip_dag.py for tasks to queue
[2023-09-29T11:02:44.715+0000] {logging_mixin.py:151} INFO - [2023-09-29T11:02:44.715+0000] {dagbag.py:539} INFO - Filling up the DagBag from /home/airflow/.local/lib/python3.8/site-packages/airflow/example_dags/example_skip_dag.py
[2023-09-29T11:02:44.718+0000] {processor.py:839} INFO - DAG(s) dict_keys(['example_skip_dag']) retrieved from /home/airflow/.local/lib/python3.8/site-packages/airflow/example_dags/example_skip_dag.py
[2023-09-29T11:02:44.728+0000] {logging_mixin.py:151} INFO - [2023-09-29T11:02:44.728+0000] {dag.py:2915} INFO - Sync 1 DAGs
[2023-09-29T11:02:44.737+0000] {logging_mixin.py:151} INFO - [2023-09-29T11:02:44.737+0000] {dag.py:3696} INFO - Setting next_dagrun for example_skip_dag to 2023-09-28T11:02:44.737083+00:00, run_after=2023-09-29T11:02:44.737083+00:00
[2023-09-29T11:02:44.744+0000] {processor.py:179} INFO - Processing /home/airflow/.local/lib/python3.8/site-packages/airflow/example_dags/example_skip_dag.py took 0.033 seconds
[2023-09-29T11:03:15.947+0000] {processor.py:157} INFO - Started process (PID=966) to work on /home/airflow/.local/lib/python3.8/site-packages/airflow/example_dags/example_skip_dag.py
[2023-09-29T11:03:15.948+0000] {processor.py:829} INFO - Processing file /home/airflow/.local/lib/python3.8/site-packages/airflow/example_dags/example_skip_dag.py for tasks to queue
[2023-09-29T11:03:15.949+0000] {logging_mixin.py:151} INFO - [2023-09-29T11:03:15.949+0000] {dagbag.py:539} INFO - Filling up the DagBag from /home/airflow/.local/lib/python3.8/site-packages/airflow/example_dags/example_skip_dag.py
[2023-09-29T11:03:15.953+0000] {processor.py:839} INFO - DAG(s) dict_keys(['example_skip_dag']) retrieved from /home/airflow/.local/lib/python3.8/site-packages/airflow/example_dags/example_skip_dag.py
[2023-09-29T11:03:15.963+0000] {logging_mixin.py:151} INFO - [2023-09-29T11:03:15.963+0000] {dag.py:2915} INFO - Sync 1 DAGs
[2023-09-29T11:03:15.972+0000] {logging_mixin.py:151} INFO - [2023-09-29T11:03:15.972+0000] {dag.py:3696} INFO - Setting next_dagrun for example_skip_dag to 2023-09-28T11:03:15.971998+00:00, run_after=2023-09-29T11:03:15.971998+00:00
[2023-09-29T11:03:15.979+0000] {processor.py:179} INFO - Processing /home/airflow/.local/lib/python3.8/site-packages/airflow/example_dags/example_skip_dag.py took 0.033 seconds
[2023-09-29T11:03:46.150+0000] {processor.py:157} INFO - Started process (PID=1023) to work on /home/airflow/.local/lib/python3.8/site-packages/airflow/example_dags/example_skip_dag.py
[2023-09-29T11:03:46.150+0000] {processor.py:829} INFO - Processing file /home/airflow/.local/lib/python3.8/site-packages/airflow/example_dags/example_skip_dag.py for tasks to queue
[2023-09-29T11:03:46.152+0000] {logging_mixin.py:151} INFO - [2023-09-29T11:03:46.152+0000] {dagbag.py:539} INFO - Filling up the DagBag from /home/airflow/.local/lib/python3.8/site-packages/airflow/example_dags/example_skip_dag.py
[2023-09-29T11:03:46.156+0000] {processor.py:839} INFO - DAG(s) dict_keys(['example_skip_dag']) retrieved from /home/airflow/.local/lib/python3.8/site-packages/airflow/example_dags/example_skip_dag.py
[2023-09-29T11:03:46.168+0000] {logging_mixin.py:151} INFO - [2023-09-29T11:03:46.168+0000] {dag.py:2915} INFO - Sync 1 DAGs
[2023-09-29T11:03:46.178+0000] {logging_mixin.py:151} INFO - [2023-09-29T11:03:46.178+0000] {dag.py:3696} INFO - Setting next_dagrun for example_skip_dag to 2023-09-28T11:03:46.177889+00:00, run_after=2023-09-29T11:03:46.177889+00:00
[2023-09-29T11:03:46.187+0000] {processor.py:179} INFO - Processing /home/airflow/.local/lib/python3.8/site-packages/airflow/example_dags/example_skip_dag.py took 0.039 seconds
[2023-09-29T11:04:17.496+0000] {processor.py:157} INFO - Started process (PID=1080) to work on /home/airflow/.local/lib/python3.8/site-packages/airflow/example_dags/example_skip_dag.py
[2023-09-29T11:04:17.497+0000] {processor.py:829} INFO - Processing file /home/airflow/.local/lib/python3.8/site-packages/airflow/example_dags/example_skip_dag.py for tasks to queue
[2023-09-29T11:04:17.498+0000] {logging_mixin.py:151} INFO - [2023-09-29T11:04:17.498+0000] {dagbag.py:539} INFO - Filling up the DagBag from /home/airflow/.local/lib/python3.8/site-packages/airflow/example_dags/example_skip_dag.py
[2023-09-29T11:04:17.502+0000] {processor.py:839} INFO - DAG(s) dict_keys(['example_skip_dag']) retrieved from /home/airflow/.local/lib/python3.8/site-packages/airflow/example_dags/example_skip_dag.py
[2023-09-29T11:04:17.512+0000] {logging_mixin.py:151} INFO - [2023-09-29T11:04:17.512+0000] {dag.py:2915} INFO - Sync 1 DAGs
[2023-09-29T11:04:17.525+0000] {logging_mixin.py:151} INFO - [2023-09-29T11:04:17.524+0000] {dag.py:3696} INFO - Setting next_dagrun for example_skip_dag to 2023-09-28T11:04:17.524558+00:00, run_after=2023-09-29T11:04:17.524558+00:00
[2023-09-29T11:04:17.536+0000] {processor.py:179} INFO - Processing /home/airflow/.local/lib/python3.8/site-packages/airflow/example_dags/example_skip_dag.py took 0.041 seconds
[2023-09-29T11:04:48.570+0000] {processor.py:157} INFO - Started process (PID=1137) to work on /home/airflow/.local/lib/python3.8/site-packages/airflow/example_dags/example_skip_dag.py
[2023-09-29T11:04:48.570+0000] {processor.py:829} INFO - Processing file /home/airflow/.local/lib/python3.8/site-packages/airflow/example_dags/example_skip_dag.py for tasks to queue
[2023-09-29T11:04:48.572+0000] {logging_mixin.py:151} INFO - [2023-09-29T11:04:48.571+0000] {dagbag.py:539} INFO - Filling up the DagBag from /home/airflow/.local/lib/python3.8/site-packages/airflow/example_dags/example_skip_dag.py
[2023-09-29T11:04:48.575+0000] {processor.py:839} INFO - DAG(s) dict_keys(['example_skip_dag']) retrieved from /home/airflow/.local/lib/python3.8/site-packages/airflow/example_dags/example_skip_dag.py
[2023-09-29T11:04:48.585+0000] {logging_mixin.py:151} INFO - [2023-09-29T11:04:48.585+0000] {dag.py:2915} INFO - Sync 1 DAGs
[2023-09-29T11:04:48.594+0000] {logging_mixin.py:151} INFO - [2023-09-29T11:04:48.594+0000] {dag.py:3696} INFO - Setting next_dagrun for example_skip_dag to 2023-09-28T11:04:48.593966+00:00, run_after=2023-09-29T11:04:48.593966+00:00
[2023-09-29T11:04:48.601+0000] {processor.py:179} INFO - Processing /home/airflow/.local/lib/python3.8/site-packages/airflow/example_dags/example_skip_dag.py took 0.033 seconds
[2023-09-29T11:05:19.534+0000] {processor.py:157} INFO - Started process (PID=1194) to work on /home/airflow/.local/lib/python3.8/site-packages/airflow/example_dags/example_skip_dag.py
[2023-09-29T11:05:19.535+0000] {processor.py:829} INFO - Processing file /home/airflow/.local/lib/python3.8/site-packages/airflow/example_dags/example_skip_dag.py for tasks to queue
[2023-09-29T11:05:19.536+0000] {logging_mixin.py:151} INFO - [2023-09-29T11:05:19.536+0000] {dagbag.py:539} INFO - Filling up the DagBag from /home/airflow/.local/lib/python3.8/site-packages/airflow/example_dags/example_skip_dag.py
[2023-09-29T11:05:19.539+0000] {processor.py:839} INFO - DAG(s) dict_keys(['example_skip_dag']) retrieved from /home/airflow/.local/lib/python3.8/site-packages/airflow/example_dags/example_skip_dag.py
[2023-09-29T11:05:19.549+0000] {logging_mixin.py:151} INFO - [2023-09-29T11:05:19.549+0000] {dag.py:2915} INFO - Sync 1 DAGs
[2023-09-29T11:05:19.558+0000] {logging_mixin.py:151} INFO - [2023-09-29T11:05:19.557+0000] {dag.py:3696} INFO - Setting next_dagrun for example_skip_dag to 2023-09-28T11:05:19.557832+00:00, run_after=2023-09-29T11:05:19.557832+00:00
[2023-09-29T11:05:19.565+0000] {processor.py:179} INFO - Processing /home/airflow/.local/lib/python3.8/site-packages/airflow/example_dags/example_skip_dag.py took 0.034 seconds
[2023-09-29T11:05:50.623+0000] {processor.py:157} INFO - Started process (PID=1251) to work on /home/airflow/.local/lib/python3.8/site-packages/airflow/example_dags/example_skip_dag.py
[2023-09-29T11:05:50.624+0000] {processor.py:829} INFO - Processing file /home/airflow/.local/lib/python3.8/site-packages/airflow/example_dags/example_skip_dag.py for tasks to queue
[2023-09-29T11:05:50.625+0000] {logging_mixin.py:151} INFO - [2023-09-29T11:05:50.625+0000] {dagbag.py:539} INFO - Filling up the DagBag from /home/airflow/.local/lib/python3.8/site-packages/airflow/example_dags/example_skip_dag.py
[2023-09-29T11:05:50.629+0000] {processor.py:839} INFO - DAG(s) dict_keys(['example_skip_dag']) retrieved from /home/airflow/.local/lib/python3.8/site-packages/airflow/example_dags/example_skip_dag.py
[2023-09-29T11:05:50.642+0000] {logging_mixin.py:151} INFO - [2023-09-29T11:05:50.642+0000] {dag.py:2915} INFO - Sync 1 DAGs
[2023-09-29T11:05:50.657+0000] {logging_mixin.py:151} INFO - [2023-09-29T11:05:50.657+0000] {dag.py:3696} INFO - Setting next_dagrun for example_skip_dag to 2023-09-28T11:05:50.657076+00:00, run_after=2023-09-29T11:05:50.657076+00:00
[2023-09-29T11:05:50.672+0000] {processor.py:179} INFO - Processing /home/airflow/.local/lib/python3.8/site-packages/airflow/example_dags/example_skip_dag.py took 0.050 seconds
