[2023-09-29T08:49:12.685+0000] {processor.py:157} INFO - Started process (PID=34) to work on /home/airflow/.local/lib/python3.8/site-packages/airflow/example_dags/example_branch_day_of_week_operator.py
[2023-09-29T08:49:12.687+0000] {processor.py:829} INFO - Processing file /home/airflow/.local/lib/python3.8/site-packages/airflow/example_dags/example_branch_day_of_week_operator.py for tasks to queue
[2023-09-29T08:49:12.689+0000] {logging_mixin.py:151} INFO - [2023-09-29T08:49:12.689+0000] {dagbag.py:539} INFO - Filling up the DagBag from /home/airflow/.local/lib/python3.8/site-packages/airflow/example_dags/example_branch_day_of_week_operator.py
[2023-09-29T08:49:12.695+0000] {processor.py:839} INFO - DAG(s) dict_keys(['example_weekday_branch_operator']) retrieved from /home/airflow/.local/lib/python3.8/site-packages/airflow/example_dags/example_branch_day_of_week_operator.py
[2023-09-29T08:49:12.703+0000] {logging_mixin.py:151} INFO - [2023-09-29T08:49:12.703+0000] {dag.py:2915} INFO - Sync 1 DAGs
[2023-09-29T08:49:12.720+0000] {logging_mixin.py:151} INFO - [2023-09-29T08:49:12.720+0000] {dag.py:3696} INFO - Setting next_dagrun for example_weekday_branch_operator to 2023-09-28T00:00:00+00:00, run_after=2023-09-29T00:00:00+00:00
[2023-09-29T08:49:12.729+0000] {processor.py:179} INFO - Processing /home/airflow/.local/lib/python3.8/site-packages/airflow/example_dags/example_branch_day_of_week_operator.py took 0.047 seconds
[2023-09-29T08:49:43.153+0000] {processor.py:157} INFO - Started process (PID=89) to work on /home/airflow/.local/lib/python3.8/site-packages/airflow/example_dags/example_branch_day_of_week_operator.py
[2023-09-29T08:49:43.154+0000] {processor.py:829} INFO - Processing file /home/airflow/.local/lib/python3.8/site-packages/airflow/example_dags/example_branch_day_of_week_operator.py for tasks to queue
[2023-09-29T08:49:43.155+0000] {logging_mixin.py:151} INFO - [2023-09-29T08:49:43.155+0000] {dagbag.py:539} INFO - Filling up the DagBag from /home/airflow/.local/lib/python3.8/site-packages/airflow/example_dags/example_branch_day_of_week_operator.py
[2023-09-29T08:49:43.159+0000] {processor.py:839} INFO - DAG(s) dict_keys(['example_weekday_branch_operator']) retrieved from /home/airflow/.local/lib/python3.8/site-packages/airflow/example_dags/example_branch_day_of_week_operator.py
[2023-09-29T08:49:43.177+0000] {logging_mixin.py:151} INFO - [2023-09-29T08:49:43.177+0000] {dag.py:2915} INFO - Sync 1 DAGs
[2023-09-29T08:49:43.189+0000] {logging_mixin.py:151} INFO - [2023-09-29T08:49:43.188+0000] {dag.py:3696} INFO - Setting next_dagrun for example_weekday_branch_operator to 2023-09-28T00:00:00+00:00, run_after=2023-09-29T00:00:00+00:00
[2023-09-29T08:49:43.197+0000] {processor.py:179} INFO - Processing /home/airflow/.local/lib/python3.8/site-packages/airflow/example_dags/example_branch_day_of_week_operator.py took 0.047 seconds
[2023-09-29T08:50:13.848+0000] {processor.py:157} INFO - Started process (PID=146) to work on /home/airflow/.local/lib/python3.8/site-packages/airflow/example_dags/example_branch_day_of_week_operator.py
[2023-09-29T08:50:13.849+0000] {processor.py:829} INFO - Processing file /home/airflow/.local/lib/python3.8/site-packages/airflow/example_dags/example_branch_day_of_week_operator.py for tasks to queue
[2023-09-29T08:50:13.850+0000] {logging_mixin.py:151} INFO - [2023-09-29T08:50:13.850+0000] {dagbag.py:539} INFO - Filling up the DagBag from /home/airflow/.local/lib/python3.8/site-packages/airflow/example_dags/example_branch_day_of_week_operator.py
[2023-09-29T08:50:13.854+0000] {processor.py:839} INFO - DAG(s) dict_keys(['example_weekday_branch_operator']) retrieved from /home/airflow/.local/lib/python3.8/site-packages/airflow/example_dags/example_branch_day_of_week_operator.py
[2023-09-29T08:50:13.864+0000] {logging_mixin.py:151} INFO - [2023-09-29T08:50:13.864+0000] {dag.py:2915} INFO - Sync 1 DAGs
[2023-09-29T08:50:13.875+0000] {logging_mixin.py:151} INFO - [2023-09-29T08:50:13.875+0000] {dag.py:3696} INFO - Setting next_dagrun for example_weekday_branch_operator to 2023-09-28T00:00:00+00:00, run_after=2023-09-29T00:00:00+00:00
[2023-09-29T08:50:13.881+0000] {processor.py:179} INFO - Processing /home/airflow/.local/lib/python3.8/site-packages/airflow/example_dags/example_branch_day_of_week_operator.py took 0.035 seconds
[2023-09-29T08:50:44.109+0000] {processor.py:157} INFO - Started process (PID=203) to work on /home/airflow/.local/lib/python3.8/site-packages/airflow/example_dags/example_branch_day_of_week_operator.py
[2023-09-29T08:50:44.110+0000] {processor.py:829} INFO - Processing file /home/airflow/.local/lib/python3.8/site-packages/airflow/example_dags/example_branch_day_of_week_operator.py for tasks to queue
[2023-09-29T08:50:44.111+0000] {logging_mixin.py:151} INFO - [2023-09-29T08:50:44.111+0000] {dagbag.py:539} INFO - Filling up the DagBag from /home/airflow/.local/lib/python3.8/site-packages/airflow/example_dags/example_branch_day_of_week_operator.py
[2023-09-29T08:50:44.119+0000] {processor.py:839} INFO - DAG(s) dict_keys(['example_weekday_branch_operator']) retrieved from /home/airflow/.local/lib/python3.8/site-packages/airflow/example_dags/example_branch_day_of_week_operator.py
[2023-09-29T08:50:44.147+0000] {logging_mixin.py:151} INFO - [2023-09-29T08:50:44.146+0000] {dag.py:2915} INFO - Sync 1 DAGs
[2023-09-29T08:50:44.159+0000] {logging_mixin.py:151} INFO - [2023-09-29T08:50:44.159+0000] {dag.py:3696} INFO - Setting next_dagrun for example_weekday_branch_operator to 2023-09-28T00:00:00+00:00, run_after=2023-09-29T00:00:00+00:00
[2023-09-29T08:50:44.170+0000] {processor.py:179} INFO - Processing /home/airflow/.local/lib/python3.8/site-packages/airflow/example_dags/example_branch_day_of_week_operator.py took 0.063 seconds
[2023-09-29T08:51:14.342+0000] {processor.py:157} INFO - Started process (PID=260) to work on /home/airflow/.local/lib/python3.8/site-packages/airflow/example_dags/example_branch_day_of_week_operator.py
[2023-09-29T08:51:14.343+0000] {processor.py:829} INFO - Processing file /home/airflow/.local/lib/python3.8/site-packages/airflow/example_dags/example_branch_day_of_week_operator.py for tasks to queue
[2023-09-29T08:51:14.344+0000] {logging_mixin.py:151} INFO - [2023-09-29T08:51:14.344+0000] {dagbag.py:539} INFO - Filling up the DagBag from /home/airflow/.local/lib/python3.8/site-packages/airflow/example_dags/example_branch_day_of_week_operator.py
[2023-09-29T08:51:14.348+0000] {processor.py:839} INFO - DAG(s) dict_keys(['example_weekday_branch_operator']) retrieved from /home/airflow/.local/lib/python3.8/site-packages/airflow/example_dags/example_branch_day_of_week_operator.py
[2023-09-29T08:51:14.364+0000] {logging_mixin.py:151} INFO - [2023-09-29T08:51:14.364+0000] {dag.py:2915} INFO - Sync 1 DAGs
[2023-09-29T08:51:14.375+0000] {logging_mixin.py:151} INFO - [2023-09-29T08:51:14.375+0000] {dag.py:3696} INFO - Setting next_dagrun for example_weekday_branch_operator to 2023-09-28T00:00:00+00:00, run_after=2023-09-29T00:00:00+00:00
[2023-09-29T08:51:14.382+0000] {processor.py:179} INFO - Processing /home/airflow/.local/lib/python3.8/site-packages/airflow/example_dags/example_branch_day_of_week_operator.py took 0.043 seconds
[2023-09-29T08:51:44.637+0000] {processor.py:157} INFO - Started process (PID=317) to work on /home/airflow/.local/lib/python3.8/site-packages/airflow/example_dags/example_branch_day_of_week_operator.py
[2023-09-29T08:51:44.638+0000] {processor.py:829} INFO - Processing file /home/airflow/.local/lib/python3.8/site-packages/airflow/example_dags/example_branch_day_of_week_operator.py for tasks to queue
[2023-09-29T08:51:44.639+0000] {logging_mixin.py:151} INFO - [2023-09-29T08:51:44.639+0000] {dagbag.py:539} INFO - Filling up the DagBag from /home/airflow/.local/lib/python3.8/site-packages/airflow/example_dags/example_branch_day_of_week_operator.py
[2023-09-29T08:51:44.643+0000] {processor.py:839} INFO - DAG(s) dict_keys(['example_weekday_branch_operator']) retrieved from /home/airflow/.local/lib/python3.8/site-packages/airflow/example_dags/example_branch_day_of_week_operator.py
[2023-09-29T08:51:44.655+0000] {logging_mixin.py:151} INFO - [2023-09-29T08:51:44.654+0000] {dag.py:2915} INFO - Sync 1 DAGs
[2023-09-29T08:51:44.665+0000] {logging_mixin.py:151} INFO - [2023-09-29T08:51:44.665+0000] {dag.py:3696} INFO - Setting next_dagrun for example_weekday_branch_operator to 2023-09-28T00:00:00+00:00, run_after=2023-09-29T00:00:00+00:00
[2023-09-29T08:51:44.672+0000] {processor.py:179} INFO - Processing /home/airflow/.local/lib/python3.8/site-packages/airflow/example_dags/example_branch_day_of_week_operator.py took 0.037 seconds
[2023-09-29T08:52:14.952+0000] {processor.py:157} INFO - Started process (PID=374) to work on /home/airflow/.local/lib/python3.8/site-packages/airflow/example_dags/example_branch_day_of_week_operator.py
[2023-09-29T08:52:14.952+0000] {processor.py:829} INFO - Processing file /home/airflow/.local/lib/python3.8/site-packages/airflow/example_dags/example_branch_day_of_week_operator.py for tasks to queue
[2023-09-29T08:52:14.954+0000] {logging_mixin.py:151} INFO - [2023-09-29T08:52:14.954+0000] {dagbag.py:539} INFO - Filling up the DagBag from /home/airflow/.local/lib/python3.8/site-packages/airflow/example_dags/example_branch_day_of_week_operator.py
[2023-09-29T08:52:14.958+0000] {processor.py:839} INFO - DAG(s) dict_keys(['example_weekday_branch_operator']) retrieved from /home/airflow/.local/lib/python3.8/site-packages/airflow/example_dags/example_branch_day_of_week_operator.py
[2023-09-29T08:52:14.969+0000] {logging_mixin.py:151} INFO - [2023-09-29T08:52:14.969+0000] {dag.py:2915} INFO - Sync 1 DAGs
[2023-09-29T08:52:14.980+0000] {logging_mixin.py:151} INFO - [2023-09-29T08:52:14.979+0000] {dag.py:3696} INFO - Setting next_dagrun for example_weekday_branch_operator to 2023-09-28T00:00:00+00:00, run_after=2023-09-29T00:00:00+00:00
[2023-09-29T08:52:14.987+0000] {processor.py:179} INFO - Processing /home/airflow/.local/lib/python3.8/site-packages/airflow/example_dags/example_branch_day_of_week_operator.py took 0.038 seconds
[2023-09-29T08:52:45.441+0000] {processor.py:157} INFO - Started process (PID=431) to work on /home/airflow/.local/lib/python3.8/site-packages/airflow/example_dags/example_branch_day_of_week_operator.py
[2023-09-29T08:52:45.442+0000] {processor.py:829} INFO - Processing file /home/airflow/.local/lib/python3.8/site-packages/airflow/example_dags/example_branch_day_of_week_operator.py for tasks to queue
[2023-09-29T08:52:45.443+0000] {logging_mixin.py:151} INFO - [2023-09-29T08:52:45.443+0000] {dagbag.py:539} INFO - Filling up the DagBag from /home/airflow/.local/lib/python3.8/site-packages/airflow/example_dags/example_branch_day_of_week_operator.py
[2023-09-29T08:52:45.448+0000] {processor.py:839} INFO - DAG(s) dict_keys(['example_weekday_branch_operator']) retrieved from /home/airflow/.local/lib/python3.8/site-packages/airflow/example_dags/example_branch_day_of_week_operator.py
[2023-09-29T08:52:45.463+0000] {logging_mixin.py:151} INFO - [2023-09-29T08:52:45.462+0000] {dag.py:2915} INFO - Sync 1 DAGs
[2023-09-29T08:52:45.472+0000] {logging_mixin.py:151} INFO - [2023-09-29T08:52:45.472+0000] {dag.py:3696} INFO - Setting next_dagrun for example_weekday_branch_operator to 2023-09-28T00:00:00+00:00, run_after=2023-09-29T00:00:00+00:00
[2023-09-29T08:52:45.480+0000] {processor.py:179} INFO - Processing /home/airflow/.local/lib/python3.8/site-packages/airflow/example_dags/example_branch_day_of_week_operator.py took 0.040 seconds
[2023-09-29T08:53:15.761+0000] {processor.py:157} INFO - Started process (PID=488) to work on /home/airflow/.local/lib/python3.8/site-packages/airflow/example_dags/example_branch_day_of_week_operator.py
[2023-09-29T08:53:15.762+0000] {processor.py:829} INFO - Processing file /home/airflow/.local/lib/python3.8/site-packages/airflow/example_dags/example_branch_day_of_week_operator.py for tasks to queue
[2023-09-29T08:53:15.763+0000] {logging_mixin.py:151} INFO - [2023-09-29T08:53:15.763+0000] {dagbag.py:539} INFO - Filling up the DagBag from /home/airflow/.local/lib/python3.8/site-packages/airflow/example_dags/example_branch_day_of_week_operator.py
[2023-09-29T08:53:15.767+0000] {processor.py:839} INFO - DAG(s) dict_keys(['example_weekday_branch_operator']) retrieved from /home/airflow/.local/lib/python3.8/site-packages/airflow/example_dags/example_branch_day_of_week_operator.py
[2023-09-29T08:53:15.780+0000] {logging_mixin.py:151} INFO - [2023-09-29T08:53:15.780+0000] {dag.py:2915} INFO - Sync 1 DAGs
[2023-09-29T08:53:15.791+0000] {logging_mixin.py:151} INFO - [2023-09-29T08:53:15.790+0000] {dag.py:3696} INFO - Setting next_dagrun for example_weekday_branch_operator to 2023-09-28T00:00:00+00:00, run_after=2023-09-29T00:00:00+00:00
[2023-09-29T08:53:15.798+0000] {processor.py:179} INFO - Processing /home/airflow/.local/lib/python3.8/site-packages/airflow/example_dags/example_branch_day_of_week_operator.py took 0.039 seconds
[2023-09-29T08:53:45.961+0000] {processor.py:157} INFO - Started process (PID=545) to work on /home/airflow/.local/lib/python3.8/site-packages/airflow/example_dags/example_branch_day_of_week_operator.py
[2023-09-29T08:53:45.961+0000] {processor.py:829} INFO - Processing file /home/airflow/.local/lib/python3.8/site-packages/airflow/example_dags/example_branch_day_of_week_operator.py for tasks to queue
[2023-09-29T08:53:45.963+0000] {logging_mixin.py:151} INFO - [2023-09-29T08:53:45.963+0000] {dagbag.py:539} INFO - Filling up the DagBag from /home/airflow/.local/lib/python3.8/site-packages/airflow/example_dags/example_branch_day_of_week_operator.py
[2023-09-29T08:53:45.966+0000] {processor.py:839} INFO - DAG(s) dict_keys(['example_weekday_branch_operator']) retrieved from /home/airflow/.local/lib/python3.8/site-packages/airflow/example_dags/example_branch_day_of_week_operator.py
[2023-09-29T08:53:45.978+0000] {logging_mixin.py:151} INFO - [2023-09-29T08:53:45.978+0000] {dag.py:2915} INFO - Sync 1 DAGs
[2023-09-29T08:53:45.987+0000] {logging_mixin.py:151} INFO - [2023-09-29T08:53:45.987+0000] {dag.py:3696} INFO - Setting next_dagrun for example_weekday_branch_operator to 2023-09-28T00:00:00+00:00, run_after=2023-09-29T00:00:00+00:00
[2023-09-29T08:53:45.994+0000] {processor.py:179} INFO - Processing /home/airflow/.local/lib/python3.8/site-packages/airflow/example_dags/example_branch_day_of_week_operator.py took 0.035 seconds
[2023-09-29T08:54:16.566+0000] {processor.py:157} INFO - Started process (PID=602) to work on /home/airflow/.local/lib/python3.8/site-packages/airflow/example_dags/example_branch_day_of_week_operator.py
[2023-09-29T08:54:16.567+0000] {processor.py:829} INFO - Processing file /home/airflow/.local/lib/python3.8/site-packages/airflow/example_dags/example_branch_day_of_week_operator.py for tasks to queue
[2023-09-29T08:54:16.568+0000] {logging_mixin.py:151} INFO - [2023-09-29T08:54:16.568+0000] {dagbag.py:539} INFO - Filling up the DagBag from /home/airflow/.local/lib/python3.8/site-packages/airflow/example_dags/example_branch_day_of_week_operator.py
[2023-09-29T08:54:16.572+0000] {processor.py:839} INFO - DAG(s) dict_keys(['example_weekday_branch_operator']) retrieved from /home/airflow/.local/lib/python3.8/site-packages/airflow/example_dags/example_branch_day_of_week_operator.py
[2023-09-29T08:54:16.586+0000] {logging_mixin.py:151} INFO - [2023-09-29T08:54:16.586+0000] {dag.py:2915} INFO - Sync 1 DAGs
[2023-09-29T08:54:16.597+0000] {logging_mixin.py:151} INFO - [2023-09-29T08:54:16.597+0000] {dag.py:3696} INFO - Setting next_dagrun for example_weekday_branch_operator to 2023-09-28T00:00:00+00:00, run_after=2023-09-29T00:00:00+00:00
[2023-09-29T08:54:16.603+0000] {processor.py:179} INFO - Processing /home/airflow/.local/lib/python3.8/site-packages/airflow/example_dags/example_branch_day_of_week_operator.py took 0.039 seconds
[2023-09-29T08:54:46.962+0000] {processor.py:157} INFO - Started process (PID=659) to work on /home/airflow/.local/lib/python3.8/site-packages/airflow/example_dags/example_branch_day_of_week_operator.py
[2023-09-29T08:54:46.963+0000] {processor.py:829} INFO - Processing file /home/airflow/.local/lib/python3.8/site-packages/airflow/example_dags/example_branch_day_of_week_operator.py for tasks to queue
[2023-09-29T08:54:46.965+0000] {logging_mixin.py:151} INFO - [2023-09-29T08:54:46.965+0000] {dagbag.py:539} INFO - Filling up the DagBag from /home/airflow/.local/lib/python3.8/site-packages/airflow/example_dags/example_branch_day_of_week_operator.py
[2023-09-29T08:54:46.970+0000] {processor.py:839} INFO - DAG(s) dict_keys(['example_weekday_branch_operator']) retrieved from /home/airflow/.local/lib/python3.8/site-packages/airflow/example_dags/example_branch_day_of_week_operator.py
[2023-09-29T08:54:46.982+0000] {logging_mixin.py:151} INFO - [2023-09-29T08:54:46.982+0000] {dag.py:2915} INFO - Sync 1 DAGs
[2023-09-29T08:54:46.991+0000] {logging_mixin.py:151} INFO - [2023-09-29T08:54:46.991+0000] {dag.py:3696} INFO - Setting next_dagrun for example_weekday_branch_operator to 2023-09-28T00:00:00+00:00, run_after=2023-09-29T00:00:00+00:00
[2023-09-29T08:54:46.997+0000] {processor.py:179} INFO - Processing /home/airflow/.local/lib/python3.8/site-packages/airflow/example_dags/example_branch_day_of_week_operator.py took 0.038 seconds
[2023-09-29T08:55:17.137+0000] {processor.py:157} INFO - Started process (PID=716) to work on /home/airflow/.local/lib/python3.8/site-packages/airflow/example_dags/example_branch_day_of_week_operator.py
[2023-09-29T08:55:17.138+0000] {processor.py:829} INFO - Processing file /home/airflow/.local/lib/python3.8/site-packages/airflow/example_dags/example_branch_day_of_week_operator.py for tasks to queue
[2023-09-29T08:55:17.139+0000] {logging_mixin.py:151} INFO - [2023-09-29T08:55:17.139+0000] {dagbag.py:539} INFO - Filling up the DagBag from /home/airflow/.local/lib/python3.8/site-packages/airflow/example_dags/example_branch_day_of_week_operator.py
[2023-09-29T08:55:17.143+0000] {processor.py:839} INFO - DAG(s) dict_keys(['example_weekday_branch_operator']) retrieved from /home/airflow/.local/lib/python3.8/site-packages/airflow/example_dags/example_branch_day_of_week_operator.py
[2023-09-29T08:55:17.155+0000] {logging_mixin.py:151} INFO - [2023-09-29T08:55:17.155+0000] {dag.py:2915} INFO - Sync 1 DAGs
[2023-09-29T08:55:17.167+0000] {logging_mixin.py:151} INFO - [2023-09-29T08:55:17.167+0000] {dag.py:3696} INFO - Setting next_dagrun for example_weekday_branch_operator to 2023-09-28T00:00:00+00:00, run_after=2023-09-29T00:00:00+00:00
[2023-09-29T08:55:17.174+0000] {processor.py:179} INFO - Processing /home/airflow/.local/lib/python3.8/site-packages/airflow/example_dags/example_branch_day_of_week_operator.py took 0.039 seconds
[2023-09-29T08:55:47.322+0000] {processor.py:157} INFO - Started process (PID=773) to work on /home/airflow/.local/lib/python3.8/site-packages/airflow/example_dags/example_branch_day_of_week_operator.py
[2023-09-29T08:55:47.322+0000] {processor.py:829} INFO - Processing file /home/airflow/.local/lib/python3.8/site-packages/airflow/example_dags/example_branch_day_of_week_operator.py for tasks to queue
[2023-09-29T08:55:47.324+0000] {logging_mixin.py:151} INFO - [2023-09-29T08:55:47.324+0000] {dagbag.py:539} INFO - Filling up the DagBag from /home/airflow/.local/lib/python3.8/site-packages/airflow/example_dags/example_branch_day_of_week_operator.py
[2023-09-29T08:55:47.328+0000] {processor.py:839} INFO - DAG(s) dict_keys(['example_weekday_branch_operator']) retrieved from /home/airflow/.local/lib/python3.8/site-packages/airflow/example_dags/example_branch_day_of_week_operator.py
[2023-09-29T08:55:47.339+0000] {logging_mixin.py:151} INFO - [2023-09-29T08:55:47.339+0000] {dag.py:2915} INFO - Sync 1 DAGs
[2023-09-29T08:55:47.349+0000] {logging_mixin.py:151} INFO - [2023-09-29T08:55:47.349+0000] {dag.py:3696} INFO - Setting next_dagrun for example_weekday_branch_operator to 2023-09-28T00:00:00+00:00, run_after=2023-09-29T00:00:00+00:00
[2023-09-29T08:55:47.356+0000] {processor.py:179} INFO - Processing /home/airflow/.local/lib/python3.8/site-packages/airflow/example_dags/example_branch_day_of_week_operator.py took 0.036 seconds
[2023-09-29T08:56:17.617+0000] {processor.py:157} INFO - Started process (PID=830) to work on /home/airflow/.local/lib/python3.8/site-packages/airflow/example_dags/example_branch_day_of_week_operator.py
[2023-09-29T08:56:17.617+0000] {processor.py:829} INFO - Processing file /home/airflow/.local/lib/python3.8/site-packages/airflow/example_dags/example_branch_day_of_week_operator.py for tasks to queue
[2023-09-29T08:56:17.619+0000] {logging_mixin.py:151} INFO - [2023-09-29T08:56:17.619+0000] {dagbag.py:539} INFO - Filling up the DagBag from /home/airflow/.local/lib/python3.8/site-packages/airflow/example_dags/example_branch_day_of_week_operator.py
[2023-09-29T08:56:17.623+0000] {processor.py:839} INFO - DAG(s) dict_keys(['example_weekday_branch_operator']) retrieved from /home/airflow/.local/lib/python3.8/site-packages/airflow/example_dags/example_branch_day_of_week_operator.py
[2023-09-29T08:56:17.634+0000] {logging_mixin.py:151} INFO - [2023-09-29T08:56:17.634+0000] {dag.py:2915} INFO - Sync 1 DAGs
[2023-09-29T08:56:17.644+0000] {logging_mixin.py:151} INFO - [2023-09-29T08:56:17.643+0000] {dag.py:3696} INFO - Setting next_dagrun for example_weekday_branch_operator to 2023-09-28T00:00:00+00:00, run_after=2023-09-29T00:00:00+00:00
[2023-09-29T08:56:17.650+0000] {processor.py:179} INFO - Processing /home/airflow/.local/lib/python3.8/site-packages/airflow/example_dags/example_branch_day_of_week_operator.py took 0.036 seconds
[2023-09-29T10:54:59.915+0000] {processor.py:157} INFO - Started process (PID=34) to work on /home/airflow/.local/lib/python3.8/site-packages/airflow/example_dags/example_branch_day_of_week_operator.py
[2023-09-29T10:54:59.919+0000] {processor.py:829} INFO - Processing file /home/airflow/.local/lib/python3.8/site-packages/airflow/example_dags/example_branch_day_of_week_operator.py for tasks to queue
[2023-09-29T10:54:59.921+0000] {logging_mixin.py:151} INFO - [2023-09-29T10:54:59.921+0000] {dagbag.py:539} INFO - Filling up the DagBag from /home/airflow/.local/lib/python3.8/site-packages/airflow/example_dags/example_branch_day_of_week_operator.py
[2023-09-29T10:54:59.933+0000] {processor.py:839} INFO - DAG(s) dict_keys(['example_weekday_branch_operator']) retrieved from /home/airflow/.local/lib/python3.8/site-packages/airflow/example_dags/example_branch_day_of_week_operator.py
[2023-09-29T10:54:59.948+0000] {logging_mixin.py:151} INFO - [2023-09-29T10:54:59.948+0000] {dag.py:2915} INFO - Sync 1 DAGs
[2023-09-29T10:54:59.966+0000] {logging_mixin.py:151} INFO - [2023-09-29T10:54:59.966+0000] {dag.py:3696} INFO - Setting next_dagrun for example_weekday_branch_operator to 2023-09-28T00:00:00+00:00, run_after=2023-09-29T00:00:00+00:00
[2023-09-29T10:54:59.980+0000] {processor.py:179} INFO - Processing /home/airflow/.local/lib/python3.8/site-packages/airflow/example_dags/example_branch_day_of_week_operator.py took 0.066 seconds
[2023-09-29T10:55:30.479+0000] {processor.py:157} INFO - Started process (PID=88) to work on /home/airflow/.local/lib/python3.8/site-packages/airflow/example_dags/example_branch_day_of_week_operator.py
[2023-09-29T10:55:30.480+0000] {processor.py:829} INFO - Processing file /home/airflow/.local/lib/python3.8/site-packages/airflow/example_dags/example_branch_day_of_week_operator.py for tasks to queue
[2023-09-29T10:55:30.481+0000] {logging_mixin.py:151} INFO - [2023-09-29T10:55:30.481+0000] {dagbag.py:539} INFO - Filling up the DagBag from /home/airflow/.local/lib/python3.8/site-packages/airflow/example_dags/example_branch_day_of_week_operator.py
[2023-09-29T10:55:30.486+0000] {processor.py:839} INFO - DAG(s) dict_keys(['example_weekday_branch_operator']) retrieved from /home/airflow/.local/lib/python3.8/site-packages/airflow/example_dags/example_branch_day_of_week_operator.py
[2023-09-29T10:55:30.496+0000] {logging_mixin.py:151} INFO - [2023-09-29T10:55:30.496+0000] {dag.py:2915} INFO - Sync 1 DAGs
[2023-09-29T10:55:30.506+0000] {logging_mixin.py:151} INFO - [2023-09-29T10:55:30.506+0000] {dag.py:3696} INFO - Setting next_dagrun for example_weekday_branch_operator to 2023-09-28T00:00:00+00:00, run_after=2023-09-29T00:00:00+00:00
[2023-09-29T10:55:30.514+0000] {processor.py:179} INFO - Processing /home/airflow/.local/lib/python3.8/site-packages/airflow/example_dags/example_branch_day_of_week_operator.py took 0.037 seconds
[2023-09-29T10:56:00.806+0000] {processor.py:157} INFO - Started process (PID=145) to work on /home/airflow/.local/lib/python3.8/site-packages/airflow/example_dags/example_branch_day_of_week_operator.py
[2023-09-29T10:56:00.807+0000] {processor.py:829} INFO - Processing file /home/airflow/.local/lib/python3.8/site-packages/airflow/example_dags/example_branch_day_of_week_operator.py for tasks to queue
[2023-09-29T10:56:00.808+0000] {logging_mixin.py:151} INFO - [2023-09-29T10:56:00.808+0000] {dagbag.py:539} INFO - Filling up the DagBag from /home/airflow/.local/lib/python3.8/site-packages/airflow/example_dags/example_branch_day_of_week_operator.py
[2023-09-29T10:56:00.812+0000] {processor.py:839} INFO - DAG(s) dict_keys(['example_weekday_branch_operator']) retrieved from /home/airflow/.local/lib/python3.8/site-packages/airflow/example_dags/example_branch_day_of_week_operator.py
[2023-09-29T10:56:00.827+0000] {logging_mixin.py:151} INFO - [2023-09-29T10:56:00.827+0000] {dag.py:2915} INFO - Sync 1 DAGs
[2023-09-29T10:56:00.839+0000] {logging_mixin.py:151} INFO - [2023-09-29T10:56:00.839+0000] {dag.py:3696} INFO - Setting next_dagrun for example_weekday_branch_operator to 2023-09-28T00:00:00+00:00, run_after=2023-09-29T00:00:00+00:00
[2023-09-29T10:56:00.848+0000] {processor.py:179} INFO - Processing /home/airflow/.local/lib/python3.8/site-packages/airflow/example_dags/example_branch_day_of_week_operator.py took 0.045 seconds
[2023-09-29T10:56:31.079+0000] {processor.py:157} INFO - Started process (PID=202) to work on /home/airflow/.local/lib/python3.8/site-packages/airflow/example_dags/example_branch_day_of_week_operator.py
[2023-09-29T10:56:31.080+0000] {processor.py:829} INFO - Processing file /home/airflow/.local/lib/python3.8/site-packages/airflow/example_dags/example_branch_day_of_week_operator.py for tasks to queue
[2023-09-29T10:56:31.081+0000] {logging_mixin.py:151} INFO - [2023-09-29T10:56:31.081+0000] {dagbag.py:539} INFO - Filling up the DagBag from /home/airflow/.local/lib/python3.8/site-packages/airflow/example_dags/example_branch_day_of_week_operator.py
[2023-09-29T10:56:31.085+0000] {processor.py:839} INFO - DAG(s) dict_keys(['example_weekday_branch_operator']) retrieved from /home/airflow/.local/lib/python3.8/site-packages/airflow/example_dags/example_branch_day_of_week_operator.py
[2023-09-29T10:56:31.096+0000] {logging_mixin.py:151} INFO - [2023-09-29T10:56:31.095+0000] {dag.py:2915} INFO - Sync 1 DAGs
[2023-09-29T10:56:31.110+0000] {logging_mixin.py:151} INFO - [2023-09-29T10:56:31.110+0000] {dag.py:3696} INFO - Setting next_dagrun for example_weekday_branch_operator to 2023-09-28T00:00:00+00:00, run_after=2023-09-29T00:00:00+00:00
[2023-09-29T10:56:31.118+0000] {processor.py:179} INFO - Processing /home/airflow/.local/lib/python3.8/site-packages/airflow/example_dags/example_branch_day_of_week_operator.py took 0.040 seconds
[2023-09-29T10:57:01.691+0000] {processor.py:157} INFO - Started process (PID=260) to work on /home/airflow/.local/lib/python3.8/site-packages/airflow/example_dags/example_branch_day_of_week_operator.py
[2023-09-29T10:57:01.693+0000] {processor.py:829} INFO - Processing file /home/airflow/.local/lib/python3.8/site-packages/airflow/example_dags/example_branch_day_of_week_operator.py for tasks to queue
[2023-09-29T10:57:01.694+0000] {logging_mixin.py:151} INFO - [2023-09-29T10:57:01.694+0000] {dagbag.py:539} INFO - Filling up the DagBag from /home/airflow/.local/lib/python3.8/site-packages/airflow/example_dags/example_branch_day_of_week_operator.py
[2023-09-29T10:57:01.704+0000] {processor.py:839} INFO - DAG(s) dict_keys(['example_weekday_branch_operator']) retrieved from /home/airflow/.local/lib/python3.8/site-packages/airflow/example_dags/example_branch_day_of_week_operator.py
[2023-09-29T10:57:01.722+0000] {logging_mixin.py:151} INFO - [2023-09-29T10:57:01.722+0000] {dag.py:2915} INFO - Sync 1 DAGs
[2023-09-29T10:57:01.737+0000] {logging_mixin.py:151} INFO - [2023-09-29T10:57:01.737+0000] {dag.py:3696} INFO - Setting next_dagrun for example_weekday_branch_operator to 2023-09-28T00:00:00+00:00, run_after=2023-09-29T00:00:00+00:00
[2023-09-29T10:57:01.746+0000] {processor.py:179} INFO - Processing /home/airflow/.local/lib/python3.8/site-packages/airflow/example_dags/example_branch_day_of_week_operator.py took 0.058 seconds
[2023-09-29T10:57:32.114+0000] {processor.py:157} INFO - Started process (PID=317) to work on /home/airflow/.local/lib/python3.8/site-packages/airflow/example_dags/example_branch_day_of_week_operator.py
[2023-09-29T10:57:32.114+0000] {processor.py:829} INFO - Processing file /home/airflow/.local/lib/python3.8/site-packages/airflow/example_dags/example_branch_day_of_week_operator.py for tasks to queue
[2023-09-29T10:57:32.116+0000] {logging_mixin.py:151} INFO - [2023-09-29T10:57:32.116+0000] {dagbag.py:539} INFO - Filling up the DagBag from /home/airflow/.local/lib/python3.8/site-packages/airflow/example_dags/example_branch_day_of_week_operator.py
[2023-09-29T10:57:32.121+0000] {processor.py:839} INFO - DAG(s) dict_keys(['example_weekday_branch_operator']) retrieved from /home/airflow/.local/lib/python3.8/site-packages/airflow/example_dags/example_branch_day_of_week_operator.py
[2023-09-29T10:57:32.145+0000] {logging_mixin.py:151} INFO - [2023-09-29T10:57:32.145+0000] {dag.py:2915} INFO - Sync 1 DAGs
[2023-09-29T10:57:32.157+0000] {logging_mixin.py:151} INFO - [2023-09-29T10:57:32.157+0000] {dag.py:3696} INFO - Setting next_dagrun for example_weekday_branch_operator to 2023-09-28T00:00:00+00:00, run_after=2023-09-29T00:00:00+00:00
[2023-09-29T10:57:32.164+0000] {processor.py:179} INFO - Processing /home/airflow/.local/lib/python3.8/site-packages/airflow/example_dags/example_branch_day_of_week_operator.py took 0.052 seconds
[2023-09-29T10:58:02.253+0000] {processor.py:157} INFO - Started process (PID=374) to work on /home/airflow/.local/lib/python3.8/site-packages/airflow/example_dags/example_branch_day_of_week_operator.py
[2023-09-29T10:58:02.254+0000] {processor.py:829} INFO - Processing file /home/airflow/.local/lib/python3.8/site-packages/airflow/example_dags/example_branch_day_of_week_operator.py for tasks to queue
[2023-09-29T10:58:02.256+0000] {logging_mixin.py:151} INFO - [2023-09-29T10:58:02.256+0000] {dagbag.py:539} INFO - Filling up the DagBag from /home/airflow/.local/lib/python3.8/site-packages/airflow/example_dags/example_branch_day_of_week_operator.py
[2023-09-29T10:58:02.264+0000] {processor.py:839} INFO - DAG(s) dict_keys(['example_weekday_branch_operator']) retrieved from /home/airflow/.local/lib/python3.8/site-packages/airflow/example_dags/example_branch_day_of_week_operator.py
[2023-09-29T10:58:02.277+0000] {logging_mixin.py:151} INFO - [2023-09-29T10:58:02.277+0000] {dag.py:2915} INFO - Sync 1 DAGs
[2023-09-29T10:58:02.286+0000] {logging_mixin.py:151} INFO - [2023-09-29T10:58:02.286+0000] {dag.py:3696} INFO - Setting next_dagrun for example_weekday_branch_operator to 2023-09-28T00:00:00+00:00, run_after=2023-09-29T00:00:00+00:00
[2023-09-29T10:58:02.293+0000] {processor.py:179} INFO - Processing /home/airflow/.local/lib/python3.8/site-packages/airflow/example_dags/example_branch_day_of_week_operator.py took 0.041 seconds
[2023-09-29T10:58:32.432+0000] {processor.py:157} INFO - Started process (PID=431) to work on /home/airflow/.local/lib/python3.8/site-packages/airflow/example_dags/example_branch_day_of_week_operator.py
[2023-09-29T10:58:32.433+0000] {processor.py:829} INFO - Processing file /home/airflow/.local/lib/python3.8/site-packages/airflow/example_dags/example_branch_day_of_week_operator.py for tasks to queue
[2023-09-29T10:58:32.435+0000] {logging_mixin.py:151} INFO - [2023-09-29T10:58:32.435+0000] {dagbag.py:539} INFO - Filling up the DagBag from /home/airflow/.local/lib/python3.8/site-packages/airflow/example_dags/example_branch_day_of_week_operator.py
[2023-09-29T10:58:32.442+0000] {processor.py:839} INFO - DAG(s) dict_keys(['example_weekday_branch_operator']) retrieved from /home/airflow/.local/lib/python3.8/site-packages/airflow/example_dags/example_branch_day_of_week_operator.py
[2023-09-29T10:58:32.455+0000] {logging_mixin.py:151} INFO - [2023-09-29T10:58:32.455+0000] {dag.py:2915} INFO - Sync 1 DAGs
[2023-09-29T10:58:32.466+0000] {logging_mixin.py:151} INFO - [2023-09-29T10:58:32.466+0000] {dag.py:3696} INFO - Setting next_dagrun for example_weekday_branch_operator to 2023-09-28T00:00:00+00:00, run_after=2023-09-29T00:00:00+00:00
[2023-09-29T10:58:32.473+0000] {processor.py:179} INFO - Processing /home/airflow/.local/lib/python3.8/site-packages/airflow/example_dags/example_branch_day_of_week_operator.py took 0.043 seconds
[2023-09-29T10:59:02.667+0000] {processor.py:157} INFO - Started process (PID=488) to work on /home/airflow/.local/lib/python3.8/site-packages/airflow/example_dags/example_branch_day_of_week_operator.py
[2023-09-29T10:59:02.668+0000] {processor.py:829} INFO - Processing file /home/airflow/.local/lib/python3.8/site-packages/airflow/example_dags/example_branch_day_of_week_operator.py for tasks to queue
[2023-09-29T10:59:02.670+0000] {logging_mixin.py:151} INFO - [2023-09-29T10:59:02.669+0000] {dagbag.py:539} INFO - Filling up the DagBag from /home/airflow/.local/lib/python3.8/site-packages/airflow/example_dags/example_branch_day_of_week_operator.py
[2023-09-29T10:59:02.675+0000] {processor.py:839} INFO - DAG(s) dict_keys(['example_weekday_branch_operator']) retrieved from /home/airflow/.local/lib/python3.8/site-packages/airflow/example_dags/example_branch_day_of_week_operator.py
[2023-09-29T10:59:02.690+0000] {logging_mixin.py:151} INFO - [2023-09-29T10:59:02.690+0000] {dag.py:2915} INFO - Sync 1 DAGs
[2023-09-29T10:59:02.700+0000] {logging_mixin.py:151} INFO - [2023-09-29T10:59:02.700+0000] {dag.py:3696} INFO - Setting next_dagrun for example_weekday_branch_operator to 2023-09-28T00:00:00+00:00, run_after=2023-09-29T00:00:00+00:00
[2023-09-29T10:59:02.707+0000] {processor.py:179} INFO - Processing /home/airflow/.local/lib/python3.8/site-packages/airflow/example_dags/example_branch_day_of_week_operator.py took 0.042 seconds
[2023-09-29T10:59:32.943+0000] {processor.py:157} INFO - Started process (PID=545) to work on /home/airflow/.local/lib/python3.8/site-packages/airflow/example_dags/example_branch_day_of_week_operator.py
[2023-09-29T10:59:32.944+0000] {processor.py:829} INFO - Processing file /home/airflow/.local/lib/python3.8/site-packages/airflow/example_dags/example_branch_day_of_week_operator.py for tasks to queue
[2023-09-29T10:59:32.946+0000] {logging_mixin.py:151} INFO - [2023-09-29T10:59:32.945+0000] {dagbag.py:539} INFO - Filling up the DagBag from /home/airflow/.local/lib/python3.8/site-packages/airflow/example_dags/example_branch_day_of_week_operator.py
[2023-09-29T10:59:32.950+0000] {processor.py:839} INFO - DAG(s) dict_keys(['example_weekday_branch_operator']) retrieved from /home/airflow/.local/lib/python3.8/site-packages/airflow/example_dags/example_branch_day_of_week_operator.py
[2023-09-29T10:59:32.961+0000] {logging_mixin.py:151} INFO - [2023-09-29T10:59:32.961+0000] {dag.py:2915} INFO - Sync 1 DAGs
[2023-09-29T10:59:32.971+0000] {logging_mixin.py:151} INFO - [2023-09-29T10:59:32.971+0000] {dag.py:3696} INFO - Setting next_dagrun for example_weekday_branch_operator to 2023-09-28T00:00:00+00:00, run_after=2023-09-29T00:00:00+00:00
[2023-09-29T10:59:32.979+0000] {processor.py:179} INFO - Processing /home/airflow/.local/lib/python3.8/site-packages/airflow/example_dags/example_branch_day_of_week_operator.py took 0.037 seconds
[2023-09-29T11:00:03.162+0000] {processor.py:157} INFO - Started process (PID=602) to work on /home/airflow/.local/lib/python3.8/site-packages/airflow/example_dags/example_branch_day_of_week_operator.py
[2023-09-29T11:00:03.163+0000] {processor.py:829} INFO - Processing file /home/airflow/.local/lib/python3.8/site-packages/airflow/example_dags/example_branch_day_of_week_operator.py for tasks to queue
[2023-09-29T11:00:03.164+0000] {logging_mixin.py:151} INFO - [2023-09-29T11:00:03.164+0000] {dagbag.py:539} INFO - Filling up the DagBag from /home/airflow/.local/lib/python3.8/site-packages/airflow/example_dags/example_branch_day_of_week_operator.py
[2023-09-29T11:00:03.168+0000] {processor.py:839} INFO - DAG(s) dict_keys(['example_weekday_branch_operator']) retrieved from /home/airflow/.local/lib/python3.8/site-packages/airflow/example_dags/example_branch_day_of_week_operator.py
[2023-09-29T11:00:03.180+0000] {logging_mixin.py:151} INFO - [2023-09-29T11:00:03.180+0000] {dag.py:2915} INFO - Sync 1 DAGs
[2023-09-29T11:00:03.190+0000] {logging_mixin.py:151} INFO - [2023-09-29T11:00:03.189+0000] {dag.py:3696} INFO - Setting next_dagrun for example_weekday_branch_operator to 2023-09-28T00:00:00+00:00, run_after=2023-09-29T00:00:00+00:00
[2023-09-29T11:00:03.196+0000] {processor.py:179} INFO - Processing /home/airflow/.local/lib/python3.8/site-packages/airflow/example_dags/example_branch_day_of_week_operator.py took 0.036 seconds
[2023-09-29T11:00:33.848+0000] {processor.py:157} INFO - Started process (PID=659) to work on /home/airflow/.local/lib/python3.8/site-packages/airflow/example_dags/example_branch_day_of_week_operator.py
[2023-09-29T11:00:33.849+0000] {processor.py:829} INFO - Processing file /home/airflow/.local/lib/python3.8/site-packages/airflow/example_dags/example_branch_day_of_week_operator.py for tasks to queue
[2023-09-29T11:00:33.851+0000] {logging_mixin.py:151} INFO - [2023-09-29T11:00:33.850+0000] {dagbag.py:539} INFO - Filling up the DagBag from /home/airflow/.local/lib/python3.8/site-packages/airflow/example_dags/example_branch_day_of_week_operator.py
[2023-09-29T11:00:33.854+0000] {processor.py:839} INFO - DAG(s) dict_keys(['example_weekday_branch_operator']) retrieved from /home/airflow/.local/lib/python3.8/site-packages/airflow/example_dags/example_branch_day_of_week_operator.py
[2023-09-29T11:00:33.866+0000] {logging_mixin.py:151} INFO - [2023-09-29T11:00:33.866+0000] {dag.py:2915} INFO - Sync 1 DAGs
[2023-09-29T11:00:33.876+0000] {logging_mixin.py:151} INFO - [2023-09-29T11:00:33.876+0000] {dag.py:3696} INFO - Setting next_dagrun for example_weekday_branch_operator to 2023-09-28T00:00:00+00:00, run_after=2023-09-29T00:00:00+00:00
[2023-09-29T11:00:33.883+0000] {processor.py:179} INFO - Processing /home/airflow/.local/lib/python3.8/site-packages/airflow/example_dags/example_branch_day_of_week_operator.py took 0.036 seconds
[2023-09-29T11:01:04.054+0000] {processor.py:157} INFO - Started process (PID=716) to work on /home/airflow/.local/lib/python3.8/site-packages/airflow/example_dags/example_branch_day_of_week_operator.py
[2023-09-29T11:01:04.054+0000] {processor.py:829} INFO - Processing file /home/airflow/.local/lib/python3.8/site-packages/airflow/example_dags/example_branch_day_of_week_operator.py for tasks to queue
[2023-09-29T11:01:04.056+0000] {logging_mixin.py:151} INFO - [2023-09-29T11:01:04.056+0000] {dagbag.py:539} INFO - Filling up the DagBag from /home/airflow/.local/lib/python3.8/site-packages/airflow/example_dags/example_branch_day_of_week_operator.py
[2023-09-29T11:01:04.062+0000] {processor.py:839} INFO - DAG(s) dict_keys(['example_weekday_branch_operator']) retrieved from /home/airflow/.local/lib/python3.8/site-packages/airflow/example_dags/example_branch_day_of_week_operator.py
[2023-09-29T11:01:04.077+0000] {logging_mixin.py:151} INFO - [2023-09-29T11:01:04.077+0000] {dag.py:2915} INFO - Sync 1 DAGs
[2023-09-29T11:01:04.088+0000] {logging_mixin.py:151} INFO - [2023-09-29T11:01:04.088+0000] {dag.py:3696} INFO - Setting next_dagrun for example_weekday_branch_operator to 2023-09-28T00:00:00+00:00, run_after=2023-09-29T00:00:00+00:00
[2023-09-29T11:01:04.095+0000] {processor.py:179} INFO - Processing /home/airflow/.local/lib/python3.8/site-packages/airflow/example_dags/example_branch_day_of_week_operator.py took 0.043 seconds
[2023-09-29T11:01:34.280+0000] {processor.py:157} INFO - Started process (PID=773) to work on /home/airflow/.local/lib/python3.8/site-packages/airflow/example_dags/example_branch_day_of_week_operator.py
[2023-09-29T11:01:34.282+0000] {processor.py:829} INFO - Processing file /home/airflow/.local/lib/python3.8/site-packages/airflow/example_dags/example_branch_day_of_week_operator.py for tasks to queue
[2023-09-29T11:01:34.283+0000] {logging_mixin.py:151} INFO - [2023-09-29T11:01:34.283+0000] {dagbag.py:539} INFO - Filling up the DagBag from /home/airflow/.local/lib/python3.8/site-packages/airflow/example_dags/example_branch_day_of_week_operator.py
[2023-09-29T11:01:34.289+0000] {processor.py:839} INFO - DAG(s) dict_keys(['example_weekday_branch_operator']) retrieved from /home/airflow/.local/lib/python3.8/site-packages/airflow/example_dags/example_branch_day_of_week_operator.py
[2023-09-29T11:01:34.300+0000] {logging_mixin.py:151} INFO - [2023-09-29T11:01:34.300+0000] {dag.py:2915} INFO - Sync 1 DAGs
[2023-09-29T11:01:34.310+0000] {logging_mixin.py:151} INFO - [2023-09-29T11:01:34.309+0000] {dag.py:3696} INFO - Setting next_dagrun for example_weekday_branch_operator to 2023-09-28T00:00:00+00:00, run_after=2023-09-29T00:00:00+00:00
[2023-09-29T11:01:34.317+0000] {processor.py:179} INFO - Processing /home/airflow/.local/lib/python3.8/site-packages/airflow/example_dags/example_branch_day_of_week_operator.py took 0.040 seconds
[2023-09-29T11:02:04.500+0000] {processor.py:157} INFO - Started process (PID=830) to work on /home/airflow/.local/lib/python3.8/site-packages/airflow/example_dags/example_branch_day_of_week_operator.py
[2023-09-29T11:02:04.501+0000] {processor.py:829} INFO - Processing file /home/airflow/.local/lib/python3.8/site-packages/airflow/example_dags/example_branch_day_of_week_operator.py for tasks to queue
[2023-09-29T11:02:04.504+0000] {logging_mixin.py:151} INFO - [2023-09-29T11:02:04.503+0000] {dagbag.py:539} INFO - Filling up the DagBag from /home/airflow/.local/lib/python3.8/site-packages/airflow/example_dags/example_branch_day_of_week_operator.py
[2023-09-29T11:02:04.511+0000] {processor.py:839} INFO - DAG(s) dict_keys(['example_weekday_branch_operator']) retrieved from /home/airflow/.local/lib/python3.8/site-packages/airflow/example_dags/example_branch_day_of_week_operator.py
[2023-09-29T11:02:04.526+0000] {logging_mixin.py:151} INFO - [2023-09-29T11:02:04.526+0000] {dag.py:2915} INFO - Sync 1 DAGs
[2023-09-29T11:02:04.537+0000] {logging_mixin.py:151} INFO - [2023-09-29T11:02:04.537+0000] {dag.py:3696} INFO - Setting next_dagrun for example_weekday_branch_operator to 2023-09-28T00:00:00+00:00, run_after=2023-09-29T00:00:00+00:00
[2023-09-29T11:02:04.548+0000] {processor.py:179} INFO - Processing /home/airflow/.local/lib/python3.8/site-packages/airflow/example_dags/example_branch_day_of_week_operator.py took 0.049 seconds
[2023-09-29T11:02:34.815+0000] {processor.py:157} INFO - Started process (PID=888) to work on /home/airflow/.local/lib/python3.8/site-packages/airflow/example_dags/example_branch_day_of_week_operator.py
[2023-09-29T11:02:34.816+0000] {processor.py:829} INFO - Processing file /home/airflow/.local/lib/python3.8/site-packages/airflow/example_dags/example_branch_day_of_week_operator.py for tasks to queue
[2023-09-29T11:02:34.817+0000] {logging_mixin.py:151} INFO - [2023-09-29T11:02:34.817+0000] {dagbag.py:539} INFO - Filling up the DagBag from /home/airflow/.local/lib/python3.8/site-packages/airflow/example_dags/example_branch_day_of_week_operator.py
[2023-09-29T11:02:34.821+0000] {processor.py:839} INFO - DAG(s) dict_keys(['example_weekday_branch_operator']) retrieved from /home/airflow/.local/lib/python3.8/site-packages/airflow/example_dags/example_branch_day_of_week_operator.py
[2023-09-29T11:02:34.832+0000] {logging_mixin.py:151} INFO - [2023-09-29T11:02:34.832+0000] {dag.py:2915} INFO - Sync 1 DAGs
[2023-09-29T11:02:34.843+0000] {logging_mixin.py:151} INFO - [2023-09-29T11:02:34.843+0000] {dag.py:3696} INFO - Setting next_dagrun for example_weekday_branch_operator to 2023-09-28T00:00:00+00:00, run_after=2023-09-29T00:00:00+00:00
[2023-09-29T11:02:34.850+0000] {processor.py:179} INFO - Processing /home/airflow/.local/lib/python3.8/site-packages/airflow/example_dags/example_branch_day_of_week_operator.py took 0.037 seconds
[2023-09-29T11:03:04.980+0000] {processor.py:157} INFO - Started process (PID=944) to work on /home/airflow/.local/lib/python3.8/site-packages/airflow/example_dags/example_branch_day_of_week_operator.py
[2023-09-29T11:03:04.981+0000] {processor.py:829} INFO - Processing file /home/airflow/.local/lib/python3.8/site-packages/airflow/example_dags/example_branch_day_of_week_operator.py for tasks to queue
[2023-09-29T11:03:04.982+0000] {logging_mixin.py:151} INFO - [2023-09-29T11:03:04.982+0000] {dagbag.py:539} INFO - Filling up the DagBag from /home/airflow/.local/lib/python3.8/site-packages/airflow/example_dags/example_branch_day_of_week_operator.py
[2023-09-29T11:03:04.986+0000] {processor.py:839} INFO - DAG(s) dict_keys(['example_weekday_branch_operator']) retrieved from /home/airflow/.local/lib/python3.8/site-packages/airflow/example_dags/example_branch_day_of_week_operator.py
[2023-09-29T11:03:04.998+0000] {logging_mixin.py:151} INFO - [2023-09-29T11:03:04.998+0000] {dag.py:2915} INFO - Sync 1 DAGs
[2023-09-29T11:03:05.008+0000] {logging_mixin.py:151} INFO - [2023-09-29T11:03:05.008+0000] {dag.py:3696} INFO - Setting next_dagrun for example_weekday_branch_operator to 2023-09-28T00:00:00+00:00, run_after=2023-09-29T00:00:00+00:00
[2023-09-29T11:03:05.014+0000] {processor.py:179} INFO - Processing /home/airflow/.local/lib/python3.8/site-packages/airflow/example_dags/example_branch_day_of_week_operator.py took 0.036 seconds
[2023-09-29T11:03:35.206+0000] {processor.py:157} INFO - Started process (PID=1001) to work on /home/airflow/.local/lib/python3.8/site-packages/airflow/example_dags/example_branch_day_of_week_operator.py
[2023-09-29T11:03:35.206+0000] {processor.py:829} INFO - Processing file /home/airflow/.local/lib/python3.8/site-packages/airflow/example_dags/example_branch_day_of_week_operator.py for tasks to queue
[2023-09-29T11:03:35.208+0000] {logging_mixin.py:151} INFO - [2023-09-29T11:03:35.207+0000] {dagbag.py:539} INFO - Filling up the DagBag from /home/airflow/.local/lib/python3.8/site-packages/airflow/example_dags/example_branch_day_of_week_operator.py
[2023-09-29T11:03:35.212+0000] {processor.py:839} INFO - DAG(s) dict_keys(['example_weekday_branch_operator']) retrieved from /home/airflow/.local/lib/python3.8/site-packages/airflow/example_dags/example_branch_day_of_week_operator.py
[2023-09-29T11:03:35.222+0000] {logging_mixin.py:151} INFO - [2023-09-29T11:03:35.222+0000] {dag.py:2915} INFO - Sync 1 DAGs
[2023-09-29T11:03:35.232+0000] {logging_mixin.py:151} INFO - [2023-09-29T11:03:35.232+0000] {dag.py:3696} INFO - Setting next_dagrun for example_weekday_branch_operator to 2023-09-28T00:00:00+00:00, run_after=2023-09-29T00:00:00+00:00
[2023-09-29T11:03:35.239+0000] {processor.py:179} INFO - Processing /home/airflow/.local/lib/python3.8/site-packages/airflow/example_dags/example_branch_day_of_week_operator.py took 0.035 seconds
[2023-09-29T11:04:05.467+0000] {processor.py:157} INFO - Started process (PID=1058) to work on /home/airflow/.local/lib/python3.8/site-packages/airflow/example_dags/example_branch_day_of_week_operator.py
[2023-09-29T11:04:05.468+0000] {processor.py:829} INFO - Processing file /home/airflow/.local/lib/python3.8/site-packages/airflow/example_dags/example_branch_day_of_week_operator.py for tasks to queue
[2023-09-29T11:04:05.469+0000] {logging_mixin.py:151} INFO - [2023-09-29T11:04:05.469+0000] {dagbag.py:539} INFO - Filling up the DagBag from /home/airflow/.local/lib/python3.8/site-packages/airflow/example_dags/example_branch_day_of_week_operator.py
[2023-09-29T11:04:05.473+0000] {processor.py:839} INFO - DAG(s) dict_keys(['example_weekday_branch_operator']) retrieved from /home/airflow/.local/lib/python3.8/site-packages/airflow/example_dags/example_branch_day_of_week_operator.py
[2023-09-29T11:04:05.485+0000] {logging_mixin.py:151} INFO - [2023-09-29T11:04:05.485+0000] {dag.py:2915} INFO - Sync 1 DAGs
[2023-09-29T11:04:05.495+0000] {logging_mixin.py:151} INFO - [2023-09-29T11:04:05.495+0000] {dag.py:3696} INFO - Setting next_dagrun for example_weekday_branch_operator to 2023-09-28T00:00:00+00:00, run_after=2023-09-29T00:00:00+00:00
[2023-09-29T11:04:05.502+0000] {processor.py:179} INFO - Processing /home/airflow/.local/lib/python3.8/site-packages/airflow/example_dags/example_branch_day_of_week_operator.py took 0.037 seconds
[2023-09-29T11:04:35.631+0000] {processor.py:157} INFO - Started process (PID=1115) to work on /home/airflow/.local/lib/python3.8/site-packages/airflow/example_dags/example_branch_day_of_week_operator.py
[2023-09-29T11:04:35.632+0000] {processor.py:829} INFO - Processing file /home/airflow/.local/lib/python3.8/site-packages/airflow/example_dags/example_branch_day_of_week_operator.py for tasks to queue
[2023-09-29T11:04:35.633+0000] {logging_mixin.py:151} INFO - [2023-09-29T11:04:35.633+0000] {dagbag.py:539} INFO - Filling up the DagBag from /home/airflow/.local/lib/python3.8/site-packages/airflow/example_dags/example_branch_day_of_week_operator.py
[2023-09-29T11:04:35.638+0000] {processor.py:839} INFO - DAG(s) dict_keys(['example_weekday_branch_operator']) retrieved from /home/airflow/.local/lib/python3.8/site-packages/airflow/example_dags/example_branch_day_of_week_operator.py
[2023-09-29T11:04:35.653+0000] {logging_mixin.py:151} INFO - [2023-09-29T11:04:35.653+0000] {dag.py:2915} INFO - Sync 1 DAGs
[2023-09-29T11:04:35.665+0000] {logging_mixin.py:151} INFO - [2023-09-29T11:04:35.665+0000] {dag.py:3696} INFO - Setting next_dagrun for example_weekday_branch_operator to 2023-09-28T00:00:00+00:00, run_after=2023-09-29T00:00:00+00:00
[2023-09-29T11:04:35.674+0000] {processor.py:179} INFO - Processing /home/airflow/.local/lib/python3.8/site-packages/airflow/example_dags/example_branch_day_of_week_operator.py took 0.045 seconds
[2023-09-29T11:05:06.662+0000] {processor.py:157} INFO - Started process (PID=1172) to work on /home/airflow/.local/lib/python3.8/site-packages/airflow/example_dags/example_branch_day_of_week_operator.py
[2023-09-29T11:05:06.665+0000] {processor.py:829} INFO - Processing file /home/airflow/.local/lib/python3.8/site-packages/airflow/example_dags/example_branch_day_of_week_operator.py for tasks to queue
[2023-09-29T11:05:06.667+0000] {logging_mixin.py:151} INFO - [2023-09-29T11:05:06.667+0000] {dagbag.py:539} INFO - Filling up the DagBag from /home/airflow/.local/lib/python3.8/site-packages/airflow/example_dags/example_branch_day_of_week_operator.py
[2023-09-29T11:05:06.672+0000] {processor.py:839} INFO - DAG(s) dict_keys(['example_weekday_branch_operator']) retrieved from /home/airflow/.local/lib/python3.8/site-packages/airflow/example_dags/example_branch_day_of_week_operator.py
[2023-09-29T11:05:06.684+0000] {logging_mixin.py:151} INFO - [2023-09-29T11:05:06.684+0000] {dag.py:2915} INFO - Sync 1 DAGs
[2023-09-29T11:05:06.693+0000] {logging_mixin.py:151} INFO - [2023-09-29T11:05:06.693+0000] {dag.py:3696} INFO - Setting next_dagrun for example_weekday_branch_operator to 2023-09-28T00:00:00+00:00, run_after=2023-09-29T00:00:00+00:00
[2023-09-29T11:05:06.700+0000] {processor.py:179} INFO - Processing /home/airflow/.local/lib/python3.8/site-packages/airflow/example_dags/example_branch_day_of_week_operator.py took 0.041 seconds
[2023-09-29T11:05:37.580+0000] {processor.py:157} INFO - Started process (PID=1229) to work on /home/airflow/.local/lib/python3.8/site-packages/airflow/example_dags/example_branch_day_of_week_operator.py
[2023-09-29T11:05:37.581+0000] {processor.py:829} INFO - Processing file /home/airflow/.local/lib/python3.8/site-packages/airflow/example_dags/example_branch_day_of_week_operator.py for tasks to queue
[2023-09-29T11:05:37.582+0000] {logging_mixin.py:151} INFO - [2023-09-29T11:05:37.582+0000] {dagbag.py:539} INFO - Filling up the DagBag from /home/airflow/.local/lib/python3.8/site-packages/airflow/example_dags/example_branch_day_of_week_operator.py
[2023-09-29T11:05:37.586+0000] {processor.py:839} INFO - DAG(s) dict_keys(['example_weekday_branch_operator']) retrieved from /home/airflow/.local/lib/python3.8/site-packages/airflow/example_dags/example_branch_day_of_week_operator.py
[2023-09-29T11:05:37.599+0000] {logging_mixin.py:151} INFO - [2023-09-29T11:05:37.599+0000] {dag.py:2915} INFO - Sync 1 DAGs
[2023-09-29T11:05:37.610+0000] {logging_mixin.py:151} INFO - [2023-09-29T11:05:37.610+0000] {dag.py:3696} INFO - Setting next_dagrun for example_weekday_branch_operator to 2023-09-28T00:00:00+00:00, run_after=2023-09-29T00:00:00+00:00
[2023-09-29T11:05:37.618+0000] {processor.py:179} INFO - Processing /home/airflow/.local/lib/python3.8/site-packages/airflow/example_dags/example_branch_day_of_week_operator.py took 0.040 seconds
