[2023-09-29T08:49:14.014+0000] {processor.py:157} INFO - Started process (PID=42) to work on /home/airflow/.local/lib/python3.8/site-packages/airflow/example_dags/example_short_circuit_decorator.py
[2023-09-29T08:49:14.015+0000] {processor.py:829} INFO - Processing file /home/airflow/.local/lib/python3.8/site-packages/airflow/example_dags/example_short_circuit_decorator.py for tasks to queue
[2023-09-29T08:49:14.017+0000] {logging_mixin.py:151} INFO - [2023-09-29T08:49:14.017+0000] {dagbag.py:539} INFO - Filling up the DagBag from /home/airflow/.local/lib/python3.8/site-packages/airflow/example_dags/example_short_circuit_decorator.py
[2023-09-29T08:49:14.026+0000] {processor.py:839} INFO - DAG(s) dict_keys(['example_short_circuit_decorator']) retrieved from /home/airflow/.local/lib/python3.8/site-packages/airflow/example_dags/example_short_circuit_decorator.py
[2023-09-29T08:49:14.049+0000] {logging_mixin.py:151} INFO - [2023-09-29T08:49:14.049+0000] {dag.py:2915} INFO - Sync 1 DAGs
[2023-09-29T08:49:14.078+0000] {logging_mixin.py:151} INFO - [2023-09-29T08:49:14.078+0000] {dag.py:3696} INFO - Setting next_dagrun for example_short_circuit_decorator to 2023-09-28T08:49:14.078471+00:00, run_after=2023-09-29T08:49:14.078471+00:00
[2023-09-29T08:49:14.142+0000] {processor.py:179} INFO - Processing /home/airflow/.local/lib/python3.8/site-packages/airflow/example_dags/example_short_circuit_decorator.py took 0.130 seconds
[2023-09-29T08:49:44.884+0000] {processor.py:157} INFO - Started process (PID=99) to work on /home/airflow/.local/lib/python3.8/site-packages/airflow/example_dags/example_short_circuit_decorator.py
[2023-09-29T08:49:44.885+0000] {processor.py:829} INFO - Processing file /home/airflow/.local/lib/python3.8/site-packages/airflow/example_dags/example_short_circuit_decorator.py for tasks to queue
[2023-09-29T08:49:44.886+0000] {logging_mixin.py:151} INFO - [2023-09-29T08:49:44.886+0000] {dagbag.py:539} INFO - Filling up the DagBag from /home/airflow/.local/lib/python3.8/site-packages/airflow/example_dags/example_short_circuit_decorator.py
[2023-09-29T08:49:44.892+0000] {processor.py:839} INFO - DAG(s) dict_keys(['example_short_circuit_decorator']) retrieved from /home/airflow/.local/lib/python3.8/site-packages/airflow/example_dags/example_short_circuit_decorator.py
[2023-09-29T08:49:44.904+0000] {logging_mixin.py:151} INFO - [2023-09-29T08:49:44.904+0000] {dag.py:2915} INFO - Sync 1 DAGs
[2023-09-29T08:49:44.913+0000] {logging_mixin.py:151} INFO - [2023-09-29T08:49:44.913+0000] {dag.py:3696} INFO - Setting next_dagrun for example_short_circuit_decorator to 2023-09-28T08:49:44.913467+00:00, run_after=2023-09-29T08:49:44.913467+00:00
[2023-09-29T08:49:44.922+0000] {processor.py:179} INFO - Processing /home/airflow/.local/lib/python3.8/site-packages/airflow/example_dags/example_short_circuit_decorator.py took 0.039 seconds
[2023-09-29T08:50:15.464+0000] {processor.py:157} INFO - Started process (PID=156) to work on /home/airflow/.local/lib/python3.8/site-packages/airflow/example_dags/example_short_circuit_decorator.py
[2023-09-29T08:50:15.465+0000] {processor.py:829} INFO - Processing file /home/airflow/.local/lib/python3.8/site-packages/airflow/example_dags/example_short_circuit_decorator.py for tasks to queue
[2023-09-29T08:50:15.466+0000] {logging_mixin.py:151} INFO - [2023-09-29T08:50:15.466+0000] {dagbag.py:539} INFO - Filling up the DagBag from /home/airflow/.local/lib/python3.8/site-packages/airflow/example_dags/example_short_circuit_decorator.py
[2023-09-29T08:50:15.471+0000] {processor.py:839} INFO - DAG(s) dict_keys(['example_short_circuit_decorator']) retrieved from /home/airflow/.local/lib/python3.8/site-packages/airflow/example_dags/example_short_circuit_decorator.py
[2023-09-29T08:50:15.484+0000] {logging_mixin.py:151} INFO - [2023-09-29T08:50:15.484+0000] {dag.py:2915} INFO - Sync 1 DAGs
[2023-09-29T08:50:15.495+0000] {logging_mixin.py:151} INFO - [2023-09-29T08:50:15.495+0000] {dag.py:3696} INFO - Setting next_dagrun for example_short_circuit_decorator to 2023-09-28T08:50:15.494619+00:00, run_after=2023-09-29T08:50:15.494619+00:00
[2023-09-29T08:50:15.508+0000] {processor.py:179} INFO - Processing /home/airflow/.local/lib/python3.8/site-packages/airflow/example_dags/example_short_circuit_decorator.py took 0.046 seconds
[2023-09-29T08:50:45.812+0000] {processor.py:157} INFO - Started process (PID=213) to work on /home/airflow/.local/lib/python3.8/site-packages/airflow/example_dags/example_short_circuit_decorator.py
[2023-09-29T08:50:45.813+0000] {processor.py:829} INFO - Processing file /home/airflow/.local/lib/python3.8/site-packages/airflow/example_dags/example_short_circuit_decorator.py for tasks to queue
[2023-09-29T08:50:45.814+0000] {logging_mixin.py:151} INFO - [2023-09-29T08:50:45.814+0000] {dagbag.py:539} INFO - Filling up the DagBag from /home/airflow/.local/lib/python3.8/site-packages/airflow/example_dags/example_short_circuit_decorator.py
[2023-09-29T08:50:45.820+0000] {processor.py:839} INFO - DAG(s) dict_keys(['example_short_circuit_decorator']) retrieved from /home/airflow/.local/lib/python3.8/site-packages/airflow/example_dags/example_short_circuit_decorator.py
[2023-09-29T08:50:45.835+0000] {logging_mixin.py:151} INFO - [2023-09-29T08:50:45.835+0000] {dag.py:2915} INFO - Sync 1 DAGs
[2023-09-29T08:50:45.845+0000] {logging_mixin.py:151} INFO - [2023-09-29T08:50:45.845+0000] {dag.py:3696} INFO - Setting next_dagrun for example_short_circuit_decorator to 2023-09-28T08:50:45.845365+00:00, run_after=2023-09-29T08:50:45.845365+00:00
[2023-09-29T08:50:45.852+0000] {processor.py:179} INFO - Processing /home/airflow/.local/lib/python3.8/site-packages/airflow/example_dags/example_short_circuit_decorator.py took 0.043 seconds
[2023-09-29T08:51:16.967+0000] {processor.py:157} INFO - Started process (PID=270) to work on /home/airflow/.local/lib/python3.8/site-packages/airflow/example_dags/example_short_circuit_decorator.py
[2023-09-29T08:51:16.968+0000] {processor.py:829} INFO - Processing file /home/airflow/.local/lib/python3.8/site-packages/airflow/example_dags/example_short_circuit_decorator.py for tasks to queue
[2023-09-29T08:51:16.969+0000] {logging_mixin.py:151} INFO - [2023-09-29T08:51:16.969+0000] {dagbag.py:539} INFO - Filling up the DagBag from /home/airflow/.local/lib/python3.8/site-packages/airflow/example_dags/example_short_circuit_decorator.py
[2023-09-29T08:51:16.974+0000] {processor.py:839} INFO - DAG(s) dict_keys(['example_short_circuit_decorator']) retrieved from /home/airflow/.local/lib/python3.8/site-packages/airflow/example_dags/example_short_circuit_decorator.py
[2023-09-29T08:51:16.985+0000] {logging_mixin.py:151} INFO - [2023-09-29T08:51:16.984+0000] {dag.py:2915} INFO - Sync 1 DAGs
[2023-09-29T08:51:16.993+0000] {logging_mixin.py:151} INFO - [2023-09-29T08:51:16.993+0000] {dag.py:3696} INFO - Setting next_dagrun for example_short_circuit_decorator to 2023-09-28T08:51:16.993643+00:00, run_after=2023-09-29T08:51:16.993643+00:00
[2023-09-29T08:51:17.001+0000] {processor.py:179} INFO - Processing /home/airflow/.local/lib/python3.8/site-packages/airflow/example_dags/example_short_circuit_decorator.py took 0.035 seconds
[2023-09-29T08:51:48.265+0000] {processor.py:157} INFO - Started process (PID=327) to work on /home/airflow/.local/lib/python3.8/site-packages/airflow/example_dags/example_short_circuit_decorator.py
[2023-09-29T08:51:48.266+0000] {processor.py:829} INFO - Processing file /home/airflow/.local/lib/python3.8/site-packages/airflow/example_dags/example_short_circuit_decorator.py for tasks to queue
[2023-09-29T08:51:48.267+0000] {logging_mixin.py:151} INFO - [2023-09-29T08:51:48.267+0000] {dagbag.py:539} INFO - Filling up the DagBag from /home/airflow/.local/lib/python3.8/site-packages/airflow/example_dags/example_short_circuit_decorator.py
[2023-09-29T08:51:48.272+0000] {processor.py:839} INFO - DAG(s) dict_keys(['example_short_circuit_decorator']) retrieved from /home/airflow/.local/lib/python3.8/site-packages/airflow/example_dags/example_short_circuit_decorator.py
[2023-09-29T08:51:48.283+0000] {logging_mixin.py:151} INFO - [2023-09-29T08:51:48.283+0000] {dag.py:2915} INFO - Sync 1 DAGs
[2023-09-29T08:51:48.293+0000] {logging_mixin.py:151} INFO - [2023-09-29T08:51:48.293+0000] {dag.py:3696} INFO - Setting next_dagrun for example_short_circuit_decorator to 2023-09-28T08:51:48.293039+00:00, run_after=2023-09-29T08:51:48.293039+00:00
[2023-09-29T08:51:48.300+0000] {processor.py:179} INFO - Processing /home/airflow/.local/lib/python3.8/site-packages/airflow/example_dags/example_short_circuit_decorator.py took 0.037 seconds
[2023-09-29T08:52:19.658+0000] {processor.py:157} INFO - Started process (PID=384) to work on /home/airflow/.local/lib/python3.8/site-packages/airflow/example_dags/example_short_circuit_decorator.py
[2023-09-29T08:52:19.659+0000] {processor.py:829} INFO - Processing file /home/airflow/.local/lib/python3.8/site-packages/airflow/example_dags/example_short_circuit_decorator.py for tasks to queue
[2023-09-29T08:52:19.660+0000] {logging_mixin.py:151} INFO - [2023-09-29T08:52:19.660+0000] {dagbag.py:539} INFO - Filling up the DagBag from /home/airflow/.local/lib/python3.8/site-packages/airflow/example_dags/example_short_circuit_decorator.py
[2023-09-29T08:52:19.666+0000] {processor.py:839} INFO - DAG(s) dict_keys(['example_short_circuit_decorator']) retrieved from /home/airflow/.local/lib/python3.8/site-packages/airflow/example_dags/example_short_circuit_decorator.py
[2023-09-29T08:52:19.678+0000] {logging_mixin.py:151} INFO - [2023-09-29T08:52:19.678+0000] {dag.py:2915} INFO - Sync 1 DAGs
[2023-09-29T08:52:19.688+0000] {logging_mixin.py:151} INFO - [2023-09-29T08:52:19.687+0000] {dag.py:3696} INFO - Setting next_dagrun for example_short_circuit_decorator to 2023-09-28T08:52:19.687757+00:00, run_after=2023-09-29T08:52:19.687757+00:00
[2023-09-29T08:52:19.695+0000] {processor.py:179} INFO - Processing /home/airflow/.local/lib/python3.8/site-packages/airflow/example_dags/example_short_circuit_decorator.py took 0.039 seconds
[2023-09-29T08:52:49.953+0000] {processor.py:157} INFO - Started process (PID=441) to work on /home/airflow/.local/lib/python3.8/site-packages/airflow/example_dags/example_short_circuit_decorator.py
[2023-09-29T08:52:49.954+0000] {processor.py:829} INFO - Processing file /home/airflow/.local/lib/python3.8/site-packages/airflow/example_dags/example_short_circuit_decorator.py for tasks to queue
[2023-09-29T08:52:49.955+0000] {logging_mixin.py:151} INFO - [2023-09-29T08:52:49.955+0000] {dagbag.py:539} INFO - Filling up the DagBag from /home/airflow/.local/lib/python3.8/site-packages/airflow/example_dags/example_short_circuit_decorator.py
[2023-09-29T08:52:49.960+0000] {processor.py:839} INFO - DAG(s) dict_keys(['example_short_circuit_decorator']) retrieved from /home/airflow/.local/lib/python3.8/site-packages/airflow/example_dags/example_short_circuit_decorator.py
[2023-09-29T08:52:49.970+0000] {logging_mixin.py:151} INFO - [2023-09-29T08:52:49.970+0000] {dag.py:2915} INFO - Sync 1 DAGs
[2023-09-29T08:52:49.979+0000] {logging_mixin.py:151} INFO - [2023-09-29T08:52:49.979+0000] {dag.py:3696} INFO - Setting next_dagrun for example_short_circuit_decorator to 2023-09-28T08:52:49.979213+00:00, run_after=2023-09-29T08:52:49.979213+00:00
[2023-09-29T08:52:49.986+0000] {processor.py:179} INFO - Processing /home/airflow/.local/lib/python3.8/site-packages/airflow/example_dags/example_short_circuit_decorator.py took 0.035 seconds
[2023-09-29T08:53:21.410+0000] {processor.py:157} INFO - Started process (PID=498) to work on /home/airflow/.local/lib/python3.8/site-packages/airflow/example_dags/example_short_circuit_decorator.py
[2023-09-29T08:53:21.411+0000] {processor.py:829} INFO - Processing file /home/airflow/.local/lib/python3.8/site-packages/airflow/example_dags/example_short_circuit_decorator.py for tasks to queue
[2023-09-29T08:53:21.412+0000] {logging_mixin.py:151} INFO - [2023-09-29T08:53:21.412+0000] {dagbag.py:539} INFO - Filling up the DagBag from /home/airflow/.local/lib/python3.8/site-packages/airflow/example_dags/example_short_circuit_decorator.py
[2023-09-29T08:53:21.424+0000] {processor.py:839} INFO - DAG(s) dict_keys(['example_short_circuit_decorator']) retrieved from /home/airflow/.local/lib/python3.8/site-packages/airflow/example_dags/example_short_circuit_decorator.py
[2023-09-29T08:53:21.439+0000] {logging_mixin.py:151} INFO - [2023-09-29T08:53:21.439+0000] {dag.py:2915} INFO - Sync 1 DAGs
[2023-09-29T08:53:21.450+0000] {logging_mixin.py:151} INFO - [2023-09-29T08:53:21.450+0000] {dag.py:3696} INFO - Setting next_dagrun for example_short_circuit_decorator to 2023-09-28T08:53:21.450278+00:00, run_after=2023-09-29T08:53:21.450278+00:00
[2023-09-29T08:53:21.458+0000] {processor.py:179} INFO - Processing /home/airflow/.local/lib/python3.8/site-packages/airflow/example_dags/example_short_circuit_decorator.py took 0.050 seconds
[2023-09-29T08:53:51.723+0000] {processor.py:157} INFO - Started process (PID=555) to work on /home/airflow/.local/lib/python3.8/site-packages/airflow/example_dags/example_short_circuit_decorator.py
[2023-09-29T08:53:51.724+0000] {processor.py:829} INFO - Processing file /home/airflow/.local/lib/python3.8/site-packages/airflow/example_dags/example_short_circuit_decorator.py for tasks to queue
[2023-09-29T08:53:51.725+0000] {logging_mixin.py:151} INFO - [2023-09-29T08:53:51.725+0000] {dagbag.py:539} INFO - Filling up the DagBag from /home/airflow/.local/lib/python3.8/site-packages/airflow/example_dags/example_short_circuit_decorator.py
[2023-09-29T08:53:51.731+0000] {processor.py:839} INFO - DAG(s) dict_keys(['example_short_circuit_decorator']) retrieved from /home/airflow/.local/lib/python3.8/site-packages/airflow/example_dags/example_short_circuit_decorator.py
[2023-09-29T08:53:51.744+0000] {logging_mixin.py:151} INFO - [2023-09-29T08:53:51.743+0000] {dag.py:2915} INFO - Sync 1 DAGs
[2023-09-29T08:53:51.754+0000] {logging_mixin.py:151} INFO - [2023-09-29T08:53:51.754+0000] {dag.py:3696} INFO - Setting next_dagrun for example_short_circuit_decorator to 2023-09-28T08:53:51.754355+00:00, run_after=2023-09-29T08:53:51.754355+00:00
[2023-09-29T08:53:51.762+0000] {processor.py:179} INFO - Processing /home/airflow/.local/lib/python3.8/site-packages/airflow/example_dags/example_short_circuit_decorator.py took 0.040 seconds
[2023-09-29T08:54:22.146+0000] {processor.py:157} INFO - Started process (PID=612) to work on /home/airflow/.local/lib/python3.8/site-packages/airflow/example_dags/example_short_circuit_decorator.py
[2023-09-29T08:54:22.147+0000] {processor.py:829} INFO - Processing file /home/airflow/.local/lib/python3.8/site-packages/airflow/example_dags/example_short_circuit_decorator.py for tasks to queue
[2023-09-29T08:54:22.148+0000] {logging_mixin.py:151} INFO - [2023-09-29T08:54:22.148+0000] {dagbag.py:539} INFO - Filling up the DagBag from /home/airflow/.local/lib/python3.8/site-packages/airflow/example_dags/example_short_circuit_decorator.py
[2023-09-29T08:54:22.152+0000] {processor.py:839} INFO - DAG(s) dict_keys(['example_short_circuit_decorator']) retrieved from /home/airflow/.local/lib/python3.8/site-packages/airflow/example_dags/example_short_circuit_decorator.py
[2023-09-29T08:54:22.164+0000] {logging_mixin.py:151} INFO - [2023-09-29T08:54:22.164+0000] {dag.py:2915} INFO - Sync 1 DAGs
[2023-09-29T08:54:22.174+0000] {logging_mixin.py:151} INFO - [2023-09-29T08:54:22.174+0000] {dag.py:3696} INFO - Setting next_dagrun for example_short_circuit_decorator to 2023-09-28T08:54:22.173950+00:00, run_after=2023-09-29T08:54:22.173950+00:00
[2023-09-29T08:54:22.182+0000] {processor.py:179} INFO - Processing /home/airflow/.local/lib/python3.8/site-packages/airflow/example_dags/example_short_circuit_decorator.py took 0.037 seconds
[2023-09-29T08:54:52.538+0000] {processor.py:157} INFO - Started process (PID=669) to work on /home/airflow/.local/lib/python3.8/site-packages/airflow/example_dags/example_short_circuit_decorator.py
[2023-09-29T08:54:52.539+0000] {processor.py:829} INFO - Processing file /home/airflow/.local/lib/python3.8/site-packages/airflow/example_dags/example_short_circuit_decorator.py for tasks to queue
[2023-09-29T08:54:52.540+0000] {logging_mixin.py:151} INFO - [2023-09-29T08:54:52.540+0000] {dagbag.py:539} INFO - Filling up the DagBag from /home/airflow/.local/lib/python3.8/site-packages/airflow/example_dags/example_short_circuit_decorator.py
[2023-09-29T08:54:52.545+0000] {processor.py:839} INFO - DAG(s) dict_keys(['example_short_circuit_decorator']) retrieved from /home/airflow/.local/lib/python3.8/site-packages/airflow/example_dags/example_short_circuit_decorator.py
[2023-09-29T08:54:52.556+0000] {logging_mixin.py:151} INFO - [2023-09-29T08:54:52.556+0000] {dag.py:2915} INFO - Sync 1 DAGs
[2023-09-29T08:54:52.566+0000] {logging_mixin.py:151} INFO - [2023-09-29T08:54:52.566+0000] {dag.py:3696} INFO - Setting next_dagrun for example_short_circuit_decorator to 2023-09-28T08:54:52.566422+00:00, run_after=2023-09-29T08:54:52.566422+00:00
[2023-09-29T08:54:52.573+0000] {processor.py:179} INFO - Processing /home/airflow/.local/lib/python3.8/site-packages/airflow/example_dags/example_short_circuit_decorator.py took 0.037 seconds
[2023-09-29T08:55:23.739+0000] {processor.py:157} INFO - Started process (PID=726) to work on /home/airflow/.local/lib/python3.8/site-packages/airflow/example_dags/example_short_circuit_decorator.py
[2023-09-29T08:55:23.740+0000] {processor.py:829} INFO - Processing file /home/airflow/.local/lib/python3.8/site-packages/airflow/example_dags/example_short_circuit_decorator.py for tasks to queue
[2023-09-29T08:55:23.741+0000] {logging_mixin.py:151} INFO - [2023-09-29T08:55:23.741+0000] {dagbag.py:539} INFO - Filling up the DagBag from /home/airflow/.local/lib/python3.8/site-packages/airflow/example_dags/example_short_circuit_decorator.py
[2023-09-29T08:55:23.746+0000] {processor.py:839} INFO - DAG(s) dict_keys(['example_short_circuit_decorator']) retrieved from /home/airflow/.local/lib/python3.8/site-packages/airflow/example_dags/example_short_circuit_decorator.py
[2023-09-29T08:55:23.756+0000] {logging_mixin.py:151} INFO - [2023-09-29T08:55:23.756+0000] {dag.py:2915} INFO - Sync 1 DAGs
[2023-09-29T08:55:23.765+0000] {logging_mixin.py:151} INFO - [2023-09-29T08:55:23.765+0000] {dag.py:3696} INFO - Setting next_dagrun for example_short_circuit_decorator to 2023-09-28T08:55:23.765266+00:00, run_after=2023-09-29T08:55:23.765266+00:00
[2023-09-29T08:55:23.773+0000] {processor.py:179} INFO - Processing /home/airflow/.local/lib/python3.8/site-packages/airflow/example_dags/example_short_circuit_decorator.py took 0.035 seconds
[2023-09-29T08:55:55.031+0000] {processor.py:157} INFO - Started process (PID=783) to work on /home/airflow/.local/lib/python3.8/site-packages/airflow/example_dags/example_short_circuit_decorator.py
[2023-09-29T08:55:55.031+0000] {processor.py:829} INFO - Processing file /home/airflow/.local/lib/python3.8/site-packages/airflow/example_dags/example_short_circuit_decorator.py for tasks to queue
[2023-09-29T08:55:55.032+0000] {logging_mixin.py:151} INFO - [2023-09-29T08:55:55.032+0000] {dagbag.py:539} INFO - Filling up the DagBag from /home/airflow/.local/lib/python3.8/site-packages/airflow/example_dags/example_short_circuit_decorator.py
[2023-09-29T08:55:55.037+0000] {processor.py:839} INFO - DAG(s) dict_keys(['example_short_circuit_decorator']) retrieved from /home/airflow/.local/lib/python3.8/site-packages/airflow/example_dags/example_short_circuit_decorator.py
[2023-09-29T08:55:55.048+0000] {logging_mixin.py:151} INFO - [2023-09-29T08:55:55.048+0000] {dag.py:2915} INFO - Sync 1 DAGs
[2023-09-29T08:55:55.058+0000] {logging_mixin.py:151} INFO - [2023-09-29T08:55:55.058+0000] {dag.py:3696} INFO - Setting next_dagrun for example_short_circuit_decorator to 2023-09-28T08:55:55.057944+00:00, run_after=2023-09-29T08:55:55.057944+00:00
[2023-09-29T08:55:55.065+0000] {processor.py:179} INFO - Processing /home/airflow/.local/lib/python3.8/site-packages/airflow/example_dags/example_short_circuit_decorator.py took 0.036 seconds
[2023-09-29T08:56:26.284+0000] {processor.py:157} INFO - Started process (PID=840) to work on /home/airflow/.local/lib/python3.8/site-packages/airflow/example_dags/example_short_circuit_decorator.py
[2023-09-29T08:56:26.285+0000] {processor.py:829} INFO - Processing file /home/airflow/.local/lib/python3.8/site-packages/airflow/example_dags/example_short_circuit_decorator.py for tasks to queue
[2023-09-29T08:56:26.286+0000] {logging_mixin.py:151} INFO - [2023-09-29T08:56:26.286+0000] {dagbag.py:539} INFO - Filling up the DagBag from /home/airflow/.local/lib/python3.8/site-packages/airflow/example_dags/example_short_circuit_decorator.py
[2023-09-29T08:56:26.291+0000] {processor.py:839} INFO - DAG(s) dict_keys(['example_short_circuit_decorator']) retrieved from /home/airflow/.local/lib/python3.8/site-packages/airflow/example_dags/example_short_circuit_decorator.py
[2023-09-29T08:56:26.301+0000] {logging_mixin.py:151} INFO - [2023-09-29T08:56:26.301+0000] {dag.py:2915} INFO - Sync 1 DAGs
[2023-09-29T08:56:26.310+0000] {logging_mixin.py:151} INFO - [2023-09-29T08:56:26.310+0000] {dag.py:3696} INFO - Setting next_dagrun for example_short_circuit_decorator to 2023-09-28T08:56:26.310366+00:00, run_after=2023-09-29T08:56:26.310366+00:00
[2023-09-29T08:56:26.317+0000] {processor.py:179} INFO - Processing /home/airflow/.local/lib/python3.8/site-packages/airflow/example_dags/example_short_circuit_decorator.py took 0.035 seconds
[2023-09-29T10:55:00.990+0000] {processor.py:157} INFO - Started process (PID=42) to work on /home/airflow/.local/lib/python3.8/site-packages/airflow/example_dags/example_short_circuit_decorator.py
[2023-09-29T10:55:00.993+0000] {processor.py:829} INFO - Processing file /home/airflow/.local/lib/python3.8/site-packages/airflow/example_dags/example_short_circuit_decorator.py for tasks to queue
[2023-09-29T10:55:00.995+0000] {logging_mixin.py:151} INFO - [2023-09-29T10:55:00.995+0000] {dagbag.py:539} INFO - Filling up the DagBag from /home/airflow/.local/lib/python3.8/site-packages/airflow/example_dags/example_short_circuit_decorator.py
[2023-09-29T10:55:01.003+0000] {processor.py:839} INFO - DAG(s) dict_keys(['example_short_circuit_decorator']) retrieved from /home/airflow/.local/lib/python3.8/site-packages/airflow/example_dags/example_short_circuit_decorator.py
[2023-09-29T10:55:01.011+0000] {logging_mixin.py:151} INFO - [2023-09-29T10:55:01.011+0000] {dag.py:2915} INFO - Sync 1 DAGs
[2023-09-29T10:55:01.024+0000] {logging_mixin.py:151} INFO - [2023-09-29T10:55:01.024+0000] {dag.py:3696} INFO - Setting next_dagrun for example_short_circuit_decorator to 2023-09-28T10:55:01.024165+00:00, run_after=2023-09-29T10:55:01.024165+00:00
[2023-09-29T10:55:01.036+0000] {processor.py:179} INFO - Processing /home/airflow/.local/lib/python3.8/site-packages/airflow/example_dags/example_short_circuit_decorator.py took 0.049 seconds
[2023-09-29T10:55:32.226+0000] {processor.py:157} INFO - Started process (PID=98) to work on /home/airflow/.local/lib/python3.8/site-packages/airflow/example_dags/example_short_circuit_decorator.py
[2023-09-29T10:55:32.227+0000] {processor.py:829} INFO - Processing file /home/airflow/.local/lib/python3.8/site-packages/airflow/example_dags/example_short_circuit_decorator.py for tasks to queue
[2023-09-29T10:55:32.229+0000] {logging_mixin.py:151} INFO - [2023-09-29T10:55:32.229+0000] {dagbag.py:539} INFO - Filling up the DagBag from /home/airflow/.local/lib/python3.8/site-packages/airflow/example_dags/example_short_circuit_decorator.py
[2023-09-29T10:55:32.239+0000] {processor.py:839} INFO - DAG(s) dict_keys(['example_short_circuit_decorator']) retrieved from /home/airflow/.local/lib/python3.8/site-packages/airflow/example_dags/example_short_circuit_decorator.py
[2023-09-29T10:55:32.253+0000] {logging_mixin.py:151} INFO - [2023-09-29T10:55:32.253+0000] {dag.py:2915} INFO - Sync 1 DAGs
[2023-09-29T10:55:32.264+0000] {logging_mixin.py:151} INFO - [2023-09-29T10:55:32.264+0000] {dag.py:3696} INFO - Setting next_dagrun for example_short_circuit_decorator to 2023-09-28T10:55:32.264479+00:00, run_after=2023-09-29T10:55:32.264479+00:00
[2023-09-29T10:55:32.274+0000] {processor.py:179} INFO - Processing /home/airflow/.local/lib/python3.8/site-packages/airflow/example_dags/example_short_circuit_decorator.py took 0.047 seconds
[2023-09-29T10:56:03.348+0000] {processor.py:157} INFO - Started process (PID=155) to work on /home/airflow/.local/lib/python3.8/site-packages/airflow/example_dags/example_short_circuit_decorator.py
[2023-09-29T10:56:03.349+0000] {processor.py:829} INFO - Processing file /home/airflow/.local/lib/python3.8/site-packages/airflow/example_dags/example_short_circuit_decorator.py for tasks to queue
[2023-09-29T10:56:03.350+0000] {logging_mixin.py:151} INFO - [2023-09-29T10:56:03.350+0000] {dagbag.py:539} INFO - Filling up the DagBag from /home/airflow/.local/lib/python3.8/site-packages/airflow/example_dags/example_short_circuit_decorator.py
[2023-09-29T10:56:03.355+0000] {processor.py:839} INFO - DAG(s) dict_keys(['example_short_circuit_decorator']) retrieved from /home/airflow/.local/lib/python3.8/site-packages/airflow/example_dags/example_short_circuit_decorator.py
[2023-09-29T10:56:03.368+0000] {logging_mixin.py:151} INFO - [2023-09-29T10:56:03.368+0000] {dag.py:2915} INFO - Sync 1 DAGs
[2023-09-29T10:56:03.377+0000] {logging_mixin.py:151} INFO - [2023-09-29T10:56:03.377+0000] {dag.py:3696} INFO - Setting next_dagrun for example_short_circuit_decorator to 2023-09-28T10:56:03.377365+00:00, run_after=2023-09-29T10:56:03.377365+00:00
[2023-09-29T10:56:03.384+0000] {processor.py:179} INFO - Processing /home/airflow/.local/lib/python3.8/site-packages/airflow/example_dags/example_short_circuit_decorator.py took 0.037 seconds
[2023-09-29T10:56:33.796+0000] {processor.py:157} INFO - Started process (PID=212) to work on /home/airflow/.local/lib/python3.8/site-packages/airflow/example_dags/example_short_circuit_decorator.py
[2023-09-29T10:56:33.797+0000] {processor.py:829} INFO - Processing file /home/airflow/.local/lib/python3.8/site-packages/airflow/example_dags/example_short_circuit_decorator.py for tasks to queue
[2023-09-29T10:56:33.798+0000] {logging_mixin.py:151} INFO - [2023-09-29T10:56:33.798+0000] {dagbag.py:539} INFO - Filling up the DagBag from /home/airflow/.local/lib/python3.8/site-packages/airflow/example_dags/example_short_circuit_decorator.py
[2023-09-29T10:56:33.804+0000] {processor.py:839} INFO - DAG(s) dict_keys(['example_short_circuit_decorator']) retrieved from /home/airflow/.local/lib/python3.8/site-packages/airflow/example_dags/example_short_circuit_decorator.py
[2023-09-29T10:56:33.815+0000] {logging_mixin.py:151} INFO - [2023-09-29T10:56:33.815+0000] {dag.py:2915} INFO - Sync 1 DAGs
[2023-09-29T10:56:33.824+0000] {logging_mixin.py:151} INFO - [2023-09-29T10:56:33.824+0000] {dag.py:3696} INFO - Setting next_dagrun for example_short_circuit_decorator to 2023-09-28T10:56:33.824422+00:00, run_after=2023-09-29T10:56:33.824422+00:00
[2023-09-29T10:56:33.832+0000] {processor.py:179} INFO - Processing /home/airflow/.local/lib/python3.8/site-packages/airflow/example_dags/example_short_circuit_decorator.py took 0.037 seconds
[2023-09-29T10:57:04.314+0000] {processor.py:157} INFO - Started process (PID=270) to work on /home/airflow/.local/lib/python3.8/site-packages/airflow/example_dags/example_short_circuit_decorator.py
[2023-09-29T10:57:04.315+0000] {processor.py:829} INFO - Processing file /home/airflow/.local/lib/python3.8/site-packages/airflow/example_dags/example_short_circuit_decorator.py for tasks to queue
[2023-09-29T10:57:04.316+0000] {logging_mixin.py:151} INFO - [2023-09-29T10:57:04.316+0000] {dagbag.py:539} INFO - Filling up the DagBag from /home/airflow/.local/lib/python3.8/site-packages/airflow/example_dags/example_short_circuit_decorator.py
[2023-09-29T10:57:04.322+0000] {processor.py:839} INFO - DAG(s) dict_keys(['example_short_circuit_decorator']) retrieved from /home/airflow/.local/lib/python3.8/site-packages/airflow/example_dags/example_short_circuit_decorator.py
[2023-09-29T10:57:04.335+0000] {logging_mixin.py:151} INFO - [2023-09-29T10:57:04.335+0000] {dag.py:2915} INFO - Sync 1 DAGs
[2023-09-29T10:57:04.346+0000] {logging_mixin.py:151} INFO - [2023-09-29T10:57:04.345+0000] {dag.py:3696} INFO - Setting next_dagrun for example_short_circuit_decorator to 2023-09-28T10:57:04.345791+00:00, run_after=2023-09-29T10:57:04.345791+00:00
[2023-09-29T10:57:04.355+0000] {processor.py:179} INFO - Processing /home/airflow/.local/lib/python3.8/site-packages/airflow/example_dags/example_short_circuit_decorator.py took 0.043 seconds
[2023-09-29T10:57:34.708+0000] {processor.py:157} INFO - Started process (PID=327) to work on /home/airflow/.local/lib/python3.8/site-packages/airflow/example_dags/example_short_circuit_decorator.py
[2023-09-29T10:57:34.709+0000] {processor.py:829} INFO - Processing file /home/airflow/.local/lib/python3.8/site-packages/airflow/example_dags/example_short_circuit_decorator.py for tasks to queue
[2023-09-29T10:57:34.711+0000] {logging_mixin.py:151} INFO - [2023-09-29T10:57:34.710+0000] {dagbag.py:539} INFO - Filling up the DagBag from /home/airflow/.local/lib/python3.8/site-packages/airflow/example_dags/example_short_circuit_decorator.py
[2023-09-29T10:57:34.716+0000] {processor.py:839} INFO - DAG(s) dict_keys(['example_short_circuit_decorator']) retrieved from /home/airflow/.local/lib/python3.8/site-packages/airflow/example_dags/example_short_circuit_decorator.py
[2023-09-29T10:57:34.729+0000] {logging_mixin.py:151} INFO - [2023-09-29T10:57:34.728+0000] {dag.py:2915} INFO - Sync 1 DAGs
[2023-09-29T10:57:34.739+0000] {logging_mixin.py:151} INFO - [2023-09-29T10:57:34.739+0000] {dag.py:3696} INFO - Setting next_dagrun for example_short_circuit_decorator to 2023-09-28T10:57:34.739554+00:00, run_after=2023-09-29T10:57:34.739554+00:00
[2023-09-29T10:57:34.747+0000] {processor.py:179} INFO - Processing /home/airflow/.local/lib/python3.8/site-packages/airflow/example_dags/example_short_circuit_decorator.py took 0.041 seconds
[2023-09-29T10:58:05.761+0000] {processor.py:157} INFO - Started process (PID=384) to work on /home/airflow/.local/lib/python3.8/site-packages/airflow/example_dags/example_short_circuit_decorator.py
[2023-09-29T10:58:05.761+0000] {processor.py:829} INFO - Processing file /home/airflow/.local/lib/python3.8/site-packages/airflow/example_dags/example_short_circuit_decorator.py for tasks to queue
[2023-09-29T10:58:05.763+0000] {logging_mixin.py:151} INFO - [2023-09-29T10:58:05.762+0000] {dagbag.py:539} INFO - Filling up the DagBag from /home/airflow/.local/lib/python3.8/site-packages/airflow/example_dags/example_short_circuit_decorator.py
[2023-09-29T10:58:05.767+0000] {processor.py:839} INFO - DAG(s) dict_keys(['example_short_circuit_decorator']) retrieved from /home/airflow/.local/lib/python3.8/site-packages/airflow/example_dags/example_short_circuit_decorator.py
[2023-09-29T10:58:05.778+0000] {logging_mixin.py:151} INFO - [2023-09-29T10:58:05.778+0000] {dag.py:2915} INFO - Sync 1 DAGs
[2023-09-29T10:58:05.787+0000] {logging_mixin.py:151} INFO - [2023-09-29T10:58:05.787+0000] {dag.py:3696} INFO - Setting next_dagrun for example_short_circuit_decorator to 2023-09-28T10:58:05.787056+00:00, run_after=2023-09-29T10:58:05.787056+00:00
[2023-09-29T10:58:05.794+0000] {processor.py:179} INFO - Processing /home/airflow/.local/lib/python3.8/site-packages/airflow/example_dags/example_short_circuit_decorator.py took 0.035 seconds
[2023-09-29T10:58:37.062+0000] {processor.py:157} INFO - Started process (PID=441) to work on /home/airflow/.local/lib/python3.8/site-packages/airflow/example_dags/example_short_circuit_decorator.py
[2023-09-29T10:58:37.063+0000] {processor.py:829} INFO - Processing file /home/airflow/.local/lib/python3.8/site-packages/airflow/example_dags/example_short_circuit_decorator.py for tasks to queue
[2023-09-29T10:58:37.064+0000] {logging_mixin.py:151} INFO - [2023-09-29T10:58:37.064+0000] {dagbag.py:539} INFO - Filling up the DagBag from /home/airflow/.local/lib/python3.8/site-packages/airflow/example_dags/example_short_circuit_decorator.py
[2023-09-29T10:58:37.069+0000] {processor.py:839} INFO - DAG(s) dict_keys(['example_short_circuit_decorator']) retrieved from /home/airflow/.local/lib/python3.8/site-packages/airflow/example_dags/example_short_circuit_decorator.py
[2023-09-29T10:58:37.080+0000] {logging_mixin.py:151} INFO - [2023-09-29T10:58:37.080+0000] {dag.py:2915} INFO - Sync 1 DAGs
[2023-09-29T10:58:37.090+0000] {logging_mixin.py:151} INFO - [2023-09-29T10:58:37.090+0000] {dag.py:3696} INFO - Setting next_dagrun for example_short_circuit_decorator to 2023-09-28T10:58:37.090569+00:00, run_after=2023-09-29T10:58:37.090569+00:00
[2023-09-29T10:58:37.098+0000] {processor.py:179} INFO - Processing /home/airflow/.local/lib/python3.8/site-packages/airflow/example_dags/example_short_circuit_decorator.py took 0.039 seconds
[2023-09-29T10:59:08.268+0000] {processor.py:157} INFO - Started process (PID=498) to work on /home/airflow/.local/lib/python3.8/site-packages/airflow/example_dags/example_short_circuit_decorator.py
[2023-09-29T10:59:08.269+0000] {processor.py:829} INFO - Processing file /home/airflow/.local/lib/python3.8/site-packages/airflow/example_dags/example_short_circuit_decorator.py for tasks to queue
[2023-09-29T10:59:08.271+0000] {logging_mixin.py:151} INFO - [2023-09-29T10:59:08.271+0000] {dagbag.py:539} INFO - Filling up the DagBag from /home/airflow/.local/lib/python3.8/site-packages/airflow/example_dags/example_short_circuit_decorator.py
[2023-09-29T10:59:08.279+0000] {processor.py:839} INFO - DAG(s) dict_keys(['example_short_circuit_decorator']) retrieved from /home/airflow/.local/lib/python3.8/site-packages/airflow/example_dags/example_short_circuit_decorator.py
[2023-09-29T10:59:08.291+0000] {logging_mixin.py:151} INFO - [2023-09-29T10:59:08.290+0000] {dag.py:2915} INFO - Sync 1 DAGs
[2023-09-29T10:59:08.299+0000] {logging_mixin.py:151} INFO - [2023-09-29T10:59:08.299+0000] {dag.py:3696} INFO - Setting next_dagrun for example_short_circuit_decorator to 2023-09-28T10:59:08.299609+00:00, run_after=2023-09-29T10:59:08.299609+00:00
[2023-09-29T10:59:08.306+0000] {processor.py:179} INFO - Processing /home/airflow/.local/lib/python3.8/site-packages/airflow/example_dags/example_short_circuit_decorator.py took 0.041 seconds
[2023-09-29T10:59:38.709+0000] {processor.py:157} INFO - Started process (PID=555) to work on /home/airflow/.local/lib/python3.8/site-packages/airflow/example_dags/example_short_circuit_decorator.py
[2023-09-29T10:59:38.710+0000] {processor.py:829} INFO - Processing file /home/airflow/.local/lib/python3.8/site-packages/airflow/example_dags/example_short_circuit_decorator.py for tasks to queue
[2023-09-29T10:59:38.711+0000] {logging_mixin.py:151} INFO - [2023-09-29T10:59:38.711+0000] {dagbag.py:539} INFO - Filling up the DagBag from /home/airflow/.local/lib/python3.8/site-packages/airflow/example_dags/example_short_circuit_decorator.py
[2023-09-29T10:59:38.716+0000] {processor.py:839} INFO - DAG(s) dict_keys(['example_short_circuit_decorator']) retrieved from /home/airflow/.local/lib/python3.8/site-packages/airflow/example_dags/example_short_circuit_decorator.py
[2023-09-29T10:59:38.727+0000] {logging_mixin.py:151} INFO - [2023-09-29T10:59:38.727+0000] {dag.py:2915} INFO - Sync 1 DAGs
[2023-09-29T10:59:38.736+0000] {logging_mixin.py:151} INFO - [2023-09-29T10:59:38.736+0000] {dag.py:3696} INFO - Setting next_dagrun for example_short_circuit_decorator to 2023-09-28T10:59:38.736664+00:00, run_after=2023-09-29T10:59:38.736664+00:00
[2023-09-29T10:59:38.744+0000] {processor.py:179} INFO - Processing /home/airflow/.local/lib/python3.8/site-packages/airflow/example_dags/example_short_circuit_decorator.py took 0.036 seconds
[2023-09-29T11:00:09.856+0000] {processor.py:157} INFO - Started process (PID=612) to work on /home/airflow/.local/lib/python3.8/site-packages/airflow/example_dags/example_short_circuit_decorator.py
[2023-09-29T11:00:09.857+0000] {processor.py:829} INFO - Processing file /home/airflow/.local/lib/python3.8/site-packages/airflow/example_dags/example_short_circuit_decorator.py for tasks to queue
[2023-09-29T11:00:09.858+0000] {logging_mixin.py:151} INFO - [2023-09-29T11:00:09.858+0000] {dagbag.py:539} INFO - Filling up the DagBag from /home/airflow/.local/lib/python3.8/site-packages/airflow/example_dags/example_short_circuit_decorator.py
[2023-09-29T11:00:09.864+0000] {processor.py:839} INFO - DAG(s) dict_keys(['example_short_circuit_decorator']) retrieved from /home/airflow/.local/lib/python3.8/site-packages/airflow/example_dags/example_short_circuit_decorator.py
[2023-09-29T11:00:09.875+0000] {logging_mixin.py:151} INFO - [2023-09-29T11:00:09.875+0000] {dag.py:2915} INFO - Sync 1 DAGs
[2023-09-29T11:00:09.885+0000] {logging_mixin.py:151} INFO - [2023-09-29T11:00:09.885+0000] {dag.py:3696} INFO - Setting next_dagrun for example_short_circuit_decorator to 2023-09-28T11:00:09.885582+00:00, run_after=2023-09-29T11:00:09.885582+00:00
[2023-09-29T11:00:09.892+0000] {processor.py:179} INFO - Processing /home/airflow/.local/lib/python3.8/site-packages/airflow/example_dags/example_short_circuit_decorator.py took 0.038 seconds
[2023-09-29T11:00:40.536+0000] {processor.py:157} INFO - Started process (PID=669) to work on /home/airflow/.local/lib/python3.8/site-packages/airflow/example_dags/example_short_circuit_decorator.py
[2023-09-29T11:00:40.536+0000] {processor.py:829} INFO - Processing file /home/airflow/.local/lib/python3.8/site-packages/airflow/example_dags/example_short_circuit_decorator.py for tasks to queue
[2023-09-29T11:00:40.538+0000] {logging_mixin.py:151} INFO - [2023-09-29T11:00:40.537+0000] {dagbag.py:539} INFO - Filling up the DagBag from /home/airflow/.local/lib/python3.8/site-packages/airflow/example_dags/example_short_circuit_decorator.py
[2023-09-29T11:00:40.543+0000] {processor.py:839} INFO - DAG(s) dict_keys(['example_short_circuit_decorator']) retrieved from /home/airflow/.local/lib/python3.8/site-packages/airflow/example_dags/example_short_circuit_decorator.py
[2023-09-29T11:00:40.554+0000] {logging_mixin.py:151} INFO - [2023-09-29T11:00:40.554+0000] {dag.py:2915} INFO - Sync 1 DAGs
[2023-09-29T11:00:40.564+0000] {logging_mixin.py:151} INFO - [2023-09-29T11:00:40.563+0000] {dag.py:3696} INFO - Setting next_dagrun for example_short_circuit_decorator to 2023-09-28T11:00:40.563812+00:00, run_after=2023-09-29T11:00:40.563812+00:00
[2023-09-29T11:00:40.571+0000] {processor.py:179} INFO - Processing /home/airflow/.local/lib/python3.8/site-packages/airflow/example_dags/example_short_circuit_decorator.py took 0.037 seconds
[2023-09-29T11:01:11.653+0000] {processor.py:157} INFO - Started process (PID=726) to work on /home/airflow/.local/lib/python3.8/site-packages/airflow/example_dags/example_short_circuit_decorator.py
[2023-09-29T11:01:11.653+0000] {processor.py:829} INFO - Processing file /home/airflow/.local/lib/python3.8/site-packages/airflow/example_dags/example_short_circuit_decorator.py for tasks to queue
[2023-09-29T11:01:11.654+0000] {logging_mixin.py:151} INFO - [2023-09-29T11:01:11.654+0000] {dagbag.py:539} INFO - Filling up the DagBag from /home/airflow/.local/lib/python3.8/site-packages/airflow/example_dags/example_short_circuit_decorator.py
[2023-09-29T11:01:11.659+0000] {processor.py:839} INFO - DAG(s) dict_keys(['example_short_circuit_decorator']) retrieved from /home/airflow/.local/lib/python3.8/site-packages/airflow/example_dags/example_short_circuit_decorator.py
[2023-09-29T11:01:11.670+0000] {logging_mixin.py:151} INFO - [2023-09-29T11:01:11.670+0000] {dag.py:2915} INFO - Sync 1 DAGs
[2023-09-29T11:01:11.679+0000] {logging_mixin.py:151} INFO - [2023-09-29T11:01:11.679+0000] {dag.py:3696} INFO - Setting next_dagrun for example_short_circuit_decorator to 2023-09-28T11:01:11.679042+00:00, run_after=2023-09-29T11:01:11.679042+00:00
[2023-09-29T11:01:11.685+0000] {processor.py:179} INFO - Processing /home/airflow/.local/lib/python3.8/site-packages/airflow/example_dags/example_short_circuit_decorator.py took 0.034 seconds
[2023-09-29T11:01:42.950+0000] {processor.py:157} INFO - Started process (PID=783) to work on /home/airflow/.local/lib/python3.8/site-packages/airflow/example_dags/example_short_circuit_decorator.py
[2023-09-29T11:01:42.950+0000] {processor.py:829} INFO - Processing file /home/airflow/.local/lib/python3.8/site-packages/airflow/example_dags/example_short_circuit_decorator.py for tasks to queue
[2023-09-29T11:01:42.951+0000] {logging_mixin.py:151} INFO - [2023-09-29T11:01:42.951+0000] {dagbag.py:539} INFO - Filling up the DagBag from /home/airflow/.local/lib/python3.8/site-packages/airflow/example_dags/example_short_circuit_decorator.py
[2023-09-29T11:01:42.956+0000] {processor.py:839} INFO - DAG(s) dict_keys(['example_short_circuit_decorator']) retrieved from /home/airflow/.local/lib/python3.8/site-packages/airflow/example_dags/example_short_circuit_decorator.py
[2023-09-29T11:01:42.967+0000] {logging_mixin.py:151} INFO - [2023-09-29T11:01:42.967+0000] {dag.py:2915} INFO - Sync 1 DAGs
[2023-09-29T11:01:42.976+0000] {logging_mixin.py:151} INFO - [2023-09-29T11:01:42.976+0000] {dag.py:3696} INFO - Setting next_dagrun for example_short_circuit_decorator to 2023-09-28T11:01:42.976225+00:00, run_after=2023-09-29T11:01:42.976225+00:00
[2023-09-29T11:01:42.983+0000] {processor.py:179} INFO - Processing /home/airflow/.local/lib/python3.8/site-packages/airflow/example_dags/example_short_circuit_decorator.py took 0.035 seconds
[2023-09-29T11:02:14.116+0000] {processor.py:157} INFO - Started process (PID=840) to work on /home/airflow/.local/lib/python3.8/site-packages/airflow/example_dags/example_short_circuit_decorator.py
[2023-09-29T11:02:14.117+0000] {processor.py:829} INFO - Processing file /home/airflow/.local/lib/python3.8/site-packages/airflow/example_dags/example_short_circuit_decorator.py for tasks to queue
[2023-09-29T11:02:14.118+0000] {logging_mixin.py:151} INFO - [2023-09-29T11:02:14.118+0000] {dagbag.py:539} INFO - Filling up the DagBag from /home/airflow/.local/lib/python3.8/site-packages/airflow/example_dags/example_short_circuit_decorator.py
[2023-09-29T11:02:14.123+0000] {processor.py:839} INFO - DAG(s) dict_keys(['example_short_circuit_decorator']) retrieved from /home/airflow/.local/lib/python3.8/site-packages/airflow/example_dags/example_short_circuit_decorator.py
[2023-09-29T11:02:14.133+0000] {logging_mixin.py:151} INFO - [2023-09-29T11:02:14.133+0000] {dag.py:2915} INFO - Sync 1 DAGs
[2023-09-29T11:02:14.142+0000] {logging_mixin.py:151} INFO - [2023-09-29T11:02:14.142+0000] {dag.py:3696} INFO - Setting next_dagrun for example_short_circuit_decorator to 2023-09-28T11:02:14.142050+00:00, run_after=2023-09-29T11:02:14.142050+00:00
[2023-09-29T11:02:14.149+0000] {processor.py:179} INFO - Processing /home/airflow/.local/lib/python3.8/site-packages/airflow/example_dags/example_short_circuit_decorator.py took 0.035 seconds
[2023-09-29T11:02:44.416+0000] {processor.py:157} INFO - Started process (PID=898) to work on /home/airflow/.local/lib/python3.8/site-packages/airflow/example_dags/example_short_circuit_decorator.py
[2023-09-29T11:02:44.417+0000] {processor.py:829} INFO - Processing file /home/airflow/.local/lib/python3.8/site-packages/airflow/example_dags/example_short_circuit_decorator.py for tasks to queue
[2023-09-29T11:02:44.418+0000] {logging_mixin.py:151} INFO - [2023-09-29T11:02:44.418+0000] {dagbag.py:539} INFO - Filling up the DagBag from /home/airflow/.local/lib/python3.8/site-packages/airflow/example_dags/example_short_circuit_decorator.py
[2023-09-29T11:02:44.423+0000] {processor.py:839} INFO - DAG(s) dict_keys(['example_short_circuit_decorator']) retrieved from /home/airflow/.local/lib/python3.8/site-packages/airflow/example_dags/example_short_circuit_decorator.py
[2023-09-29T11:02:44.434+0000] {logging_mixin.py:151} INFO - [2023-09-29T11:02:44.434+0000] {dag.py:2915} INFO - Sync 1 DAGs
[2023-09-29T11:02:44.444+0000] {logging_mixin.py:151} INFO - [2023-09-29T11:02:44.444+0000] {dag.py:3696} INFO - Setting next_dagrun for example_short_circuit_decorator to 2023-09-28T11:02:44.444343+00:00, run_after=2023-09-29T11:02:44.444343+00:00
[2023-09-29T11:02:44.452+0000] {processor.py:179} INFO - Processing /home/airflow/.local/lib/python3.8/site-packages/airflow/example_dags/example_short_circuit_decorator.py took 0.038 seconds
[2023-09-29T11:03:15.592+0000] {processor.py:157} INFO - Started process (PID=954) to work on /home/airflow/.local/lib/python3.8/site-packages/airflow/example_dags/example_short_circuit_decorator.py
[2023-09-29T11:03:15.592+0000] {processor.py:829} INFO - Processing file /home/airflow/.local/lib/python3.8/site-packages/airflow/example_dags/example_short_circuit_decorator.py for tasks to queue
[2023-09-29T11:03:15.594+0000] {logging_mixin.py:151} INFO - [2023-09-29T11:03:15.594+0000] {dagbag.py:539} INFO - Filling up the DagBag from /home/airflow/.local/lib/python3.8/site-packages/airflow/example_dags/example_short_circuit_decorator.py
[2023-09-29T11:03:15.599+0000] {processor.py:839} INFO - DAG(s) dict_keys(['example_short_circuit_decorator']) retrieved from /home/airflow/.local/lib/python3.8/site-packages/airflow/example_dags/example_short_circuit_decorator.py
[2023-09-29T11:03:15.611+0000] {logging_mixin.py:151} INFO - [2023-09-29T11:03:15.611+0000] {dag.py:2915} INFO - Sync 1 DAGs
[2023-09-29T11:03:15.621+0000] {logging_mixin.py:151} INFO - [2023-09-29T11:03:15.621+0000] {dag.py:3696} INFO - Setting next_dagrun for example_short_circuit_decorator to 2023-09-28T11:03:15.621370+00:00, run_after=2023-09-29T11:03:15.621370+00:00
[2023-09-29T11:03:15.628+0000] {processor.py:179} INFO - Processing /home/airflow/.local/lib/python3.8/site-packages/airflow/example_dags/example_short_circuit_decorator.py took 0.039 seconds
[2023-09-29T11:03:45.841+0000] {processor.py:157} INFO - Started process (PID=1011) to work on /home/airflow/.local/lib/python3.8/site-packages/airflow/example_dags/example_short_circuit_decorator.py
[2023-09-29T11:03:45.842+0000] {processor.py:829} INFO - Processing file /home/airflow/.local/lib/python3.8/site-packages/airflow/example_dags/example_short_circuit_decorator.py for tasks to queue
[2023-09-29T11:03:45.843+0000] {logging_mixin.py:151} INFO - [2023-09-29T11:03:45.843+0000] {dagbag.py:539} INFO - Filling up the DagBag from /home/airflow/.local/lib/python3.8/site-packages/airflow/example_dags/example_short_circuit_decorator.py
[2023-09-29T11:03:45.848+0000] {processor.py:839} INFO - DAG(s) dict_keys(['example_short_circuit_decorator']) retrieved from /home/airflow/.local/lib/python3.8/site-packages/airflow/example_dags/example_short_circuit_decorator.py
[2023-09-29T11:03:45.859+0000] {logging_mixin.py:151} INFO - [2023-09-29T11:03:45.859+0000] {dag.py:2915} INFO - Sync 1 DAGs
[2023-09-29T11:03:45.869+0000] {logging_mixin.py:151} INFO - [2023-09-29T11:03:45.868+0000] {dag.py:3696} INFO - Setting next_dagrun for example_short_circuit_decorator to 2023-09-28T11:03:45.868796+00:00, run_after=2023-09-29T11:03:45.868796+00:00
[2023-09-29T11:03:45.876+0000] {processor.py:179} INFO - Processing /home/airflow/.local/lib/python3.8/site-packages/airflow/example_dags/example_short_circuit_decorator.py took 0.037 seconds
[2023-09-29T11:04:17.117+0000] {processor.py:157} INFO - Started process (PID=1068) to work on /home/airflow/.local/lib/python3.8/site-packages/airflow/example_dags/example_short_circuit_decorator.py
[2023-09-29T11:04:17.118+0000] {processor.py:829} INFO - Processing file /home/airflow/.local/lib/python3.8/site-packages/airflow/example_dags/example_short_circuit_decorator.py for tasks to queue
[2023-09-29T11:04:17.119+0000] {logging_mixin.py:151} INFO - [2023-09-29T11:04:17.119+0000] {dagbag.py:539} INFO - Filling up the DagBag from /home/airflow/.local/lib/python3.8/site-packages/airflow/example_dags/example_short_circuit_decorator.py
[2023-09-29T11:04:17.127+0000] {processor.py:839} INFO - DAG(s) dict_keys(['example_short_circuit_decorator']) retrieved from /home/airflow/.local/lib/python3.8/site-packages/airflow/example_dags/example_short_circuit_decorator.py
[2023-09-29T11:04:17.146+0000] {logging_mixin.py:151} INFO - [2023-09-29T11:04:17.146+0000] {dag.py:2915} INFO - Sync 1 DAGs
[2023-09-29T11:04:17.157+0000] {logging_mixin.py:151} INFO - [2023-09-29T11:04:17.157+0000] {dag.py:3696} INFO - Setting next_dagrun for example_short_circuit_decorator to 2023-09-28T11:04:17.157637+00:00, run_after=2023-09-29T11:04:17.157637+00:00
[2023-09-29T11:04:17.165+0000] {processor.py:179} INFO - Processing /home/airflow/.local/lib/python3.8/site-packages/airflow/example_dags/example_short_circuit_decorator.py took 0.050 seconds
[2023-09-29T11:04:48.228+0000] {processor.py:157} INFO - Started process (PID=1125) to work on /home/airflow/.local/lib/python3.8/site-packages/airflow/example_dags/example_short_circuit_decorator.py
[2023-09-29T11:04:48.229+0000] {processor.py:829} INFO - Processing file /home/airflow/.local/lib/python3.8/site-packages/airflow/example_dags/example_short_circuit_decorator.py for tasks to queue
[2023-09-29T11:04:48.230+0000] {logging_mixin.py:151} INFO - [2023-09-29T11:04:48.230+0000] {dagbag.py:539} INFO - Filling up the DagBag from /home/airflow/.local/lib/python3.8/site-packages/airflow/example_dags/example_short_circuit_decorator.py
[2023-09-29T11:04:48.235+0000] {processor.py:839} INFO - DAG(s) dict_keys(['example_short_circuit_decorator']) retrieved from /home/airflow/.local/lib/python3.8/site-packages/airflow/example_dags/example_short_circuit_decorator.py
[2023-09-29T11:04:48.246+0000] {logging_mixin.py:151} INFO - [2023-09-29T11:04:48.245+0000] {dag.py:2915} INFO - Sync 1 DAGs
[2023-09-29T11:04:48.254+0000] {logging_mixin.py:151} INFO - [2023-09-29T11:04:48.254+0000] {dag.py:3696} INFO - Setting next_dagrun for example_short_circuit_decorator to 2023-09-28T11:04:48.254447+00:00, run_after=2023-09-29T11:04:48.254447+00:00
[2023-09-29T11:04:48.261+0000] {processor.py:179} INFO - Processing /home/airflow/.local/lib/python3.8/site-packages/airflow/example_dags/example_short_circuit_decorator.py took 0.034 seconds
[2023-09-29T11:05:19.235+0000] {processor.py:157} INFO - Started process (PID=1182) to work on /home/airflow/.local/lib/python3.8/site-packages/airflow/example_dags/example_short_circuit_decorator.py
[2023-09-29T11:05:19.235+0000] {processor.py:829} INFO - Processing file /home/airflow/.local/lib/python3.8/site-packages/airflow/example_dags/example_short_circuit_decorator.py for tasks to queue
[2023-09-29T11:05:19.236+0000] {logging_mixin.py:151} INFO - [2023-09-29T11:05:19.236+0000] {dagbag.py:539} INFO - Filling up the DagBag from /home/airflow/.local/lib/python3.8/site-packages/airflow/example_dags/example_short_circuit_decorator.py
[2023-09-29T11:05:19.242+0000] {processor.py:839} INFO - DAG(s) dict_keys(['example_short_circuit_decorator']) retrieved from /home/airflow/.local/lib/python3.8/site-packages/airflow/example_dags/example_short_circuit_decorator.py
[2023-09-29T11:05:19.253+0000] {logging_mixin.py:151} INFO - [2023-09-29T11:05:19.253+0000] {dag.py:2915} INFO - Sync 1 DAGs
[2023-09-29T11:05:19.262+0000] {logging_mixin.py:151} INFO - [2023-09-29T11:05:19.262+0000] {dag.py:3696} INFO - Setting next_dagrun for example_short_circuit_decorator to 2023-09-28T11:05:19.262508+00:00, run_after=2023-09-29T11:05:19.262508+00:00
[2023-09-29T11:05:19.269+0000] {processor.py:179} INFO - Processing /home/airflow/.local/lib/python3.8/site-packages/airflow/example_dags/example_short_circuit_decorator.py took 0.037 seconds
[2023-09-29T11:05:50.318+0000] {processor.py:157} INFO - Started process (PID=1239) to work on /home/airflow/.local/lib/python3.8/site-packages/airflow/example_dags/example_short_circuit_decorator.py
[2023-09-29T11:05:50.318+0000] {processor.py:829} INFO - Processing file /home/airflow/.local/lib/python3.8/site-packages/airflow/example_dags/example_short_circuit_decorator.py for tasks to queue
[2023-09-29T11:05:50.320+0000] {logging_mixin.py:151} INFO - [2023-09-29T11:05:50.319+0000] {dagbag.py:539} INFO - Filling up the DagBag from /home/airflow/.local/lib/python3.8/site-packages/airflow/example_dags/example_short_circuit_decorator.py
[2023-09-29T11:05:50.324+0000] {processor.py:839} INFO - DAG(s) dict_keys(['example_short_circuit_decorator']) retrieved from /home/airflow/.local/lib/python3.8/site-packages/airflow/example_dags/example_short_circuit_decorator.py
[2023-09-29T11:05:50.335+0000] {logging_mixin.py:151} INFO - [2023-09-29T11:05:50.335+0000] {dag.py:2915} INFO - Sync 1 DAGs
[2023-09-29T11:05:50.345+0000] {logging_mixin.py:151} INFO - [2023-09-29T11:05:50.345+0000] {dag.py:3696} INFO - Setting next_dagrun for example_short_circuit_decorator to 2023-09-28T11:05:50.345242+00:00, run_after=2023-09-29T11:05:50.345242+00:00
[2023-09-29T11:05:50.352+0000] {processor.py:179} INFO - Processing /home/airflow/.local/lib/python3.8/site-packages/airflow/example_dags/example_short_circuit_decorator.py took 0.037 seconds
