[2023-09-28T11:23:18.520+0000] {processor.py:157} INFO - Started process (PID=30) to work on /opt/airflow/dags/first_dag.py
[2023-09-28T11:23:18.520+0000] {processor.py:829} INFO - Processing file /opt/airflow/dags/first_dag.py for tasks to queue
[2023-09-28T11:23:18.523+0000] {logging_mixin.py:151} INFO - [2023-09-28T11:23:18.523+0000] {dagbag.py:539} INFO - Filling up the DagBag from /opt/airflow/dags/first_dag.py
[2023-09-28T11:23:18.545+0000] {processor.py:839} INFO - DAG(s) dict_keys(['my_dag']) retrieved from /opt/airflow/dags/first_dag.py
[2023-09-28T11:23:18.695+0000] {logging_mixin.py:151} INFO - [2023-09-28T11:23:18.695+0000] {manager.py:499} INFO - Created Permission View: %s
[2023-09-28T11:23:18.704+0000] {logging_mixin.py:151} INFO - [2023-09-28T11:23:18.704+0000] {manager.py:499} INFO - Created Permission View: %s
[2023-09-28T11:23:18.711+0000] {logging_mixin.py:151} INFO - [2023-09-28T11:23:18.711+0000] {manager.py:499} INFO - Created Permission View: %s
[2023-09-28T11:23:18.711+0000] {logging_mixin.py:151} INFO - [2023-09-28T11:23:18.711+0000] {security.py:708} INFO - Not syncing DAG-level permissions for DAG 'DAG:my_dag' as access control is unset.
[2023-09-28T11:23:18.711+0000] {logging_mixin.py:151} INFO - [2023-09-28T11:23:18.711+0000] {dag.py:2915} INFO - Sync 1 DAGs
[2023-09-28T11:23:18.720+0000] {logging_mixin.py:151} INFO - [2023-09-28T11:23:18.719+0000] {dag.py:2937} INFO - Creating ORM DAG for my_dag
[2023-09-28T11:23:18.727+0000] {logging_mixin.py:151} INFO - [2023-09-28T11:23:18.726+0000] {dag.py:3696} INFO - Setting next_dagrun for my_dag to 2023-09-27T00:00:00+00:00, run_after=2023-09-28T00:00:00+00:00
[2023-09-28T11:23:18.736+0000] {processor.py:179} INFO - Processing /opt/airflow/dags/first_dag.py took 0.219 seconds
[2023-09-28T11:23:49.709+0000] {processor.py:157} INFO - Started process (PID=86) to work on /opt/airflow/dags/first_dag.py
[2023-09-28T11:23:49.711+0000] {processor.py:829} INFO - Processing file /opt/airflow/dags/first_dag.py for tasks to queue
[2023-09-28T11:23:49.716+0000] {logging_mixin.py:151} INFO - [2023-09-28T11:23:49.715+0000] {dagbag.py:539} INFO - Filling up the DagBag from /opt/airflow/dags/first_dag.py
[2023-09-28T11:23:49.738+0000] {processor.py:839} INFO - DAG(s) dict_keys(['my_dag']) retrieved from /opt/airflow/dags/first_dag.py
[2023-09-28T11:23:49.759+0000] {logging_mixin.py:151} INFO - [2023-09-28T11:23:49.759+0000] {dag.py:2915} INFO - Sync 1 DAGs
[2023-09-28T11:23:49.776+0000] {logging_mixin.py:151} INFO - [2023-09-28T11:23:49.776+0000] {dag.py:3696} INFO - Setting next_dagrun for my_dag to 2023-09-27T00:00:00+00:00, run_after=2023-09-28T00:00:00+00:00
[2023-09-28T11:23:49.785+0000] {processor.py:179} INFO - Processing /opt/airflow/dags/first_dag.py took 0.085 seconds
[2023-09-28T11:24:19.936+0000] {processor.py:157} INFO - Started process (PID=143) to work on /opt/airflow/dags/first_dag.py
[2023-09-28T11:24:19.938+0000] {processor.py:829} INFO - Processing file /opt/airflow/dags/first_dag.py for tasks to queue
[2023-09-28T11:24:19.943+0000] {logging_mixin.py:151} INFO - [2023-09-28T11:24:19.942+0000] {dagbag.py:539} INFO - Filling up the DagBag from /opt/airflow/dags/first_dag.py
[2023-09-28T11:24:19.962+0000] {processor.py:839} INFO - DAG(s) dict_keys(['my_dag']) retrieved from /opt/airflow/dags/first_dag.py
[2023-09-28T11:24:19.979+0000] {logging_mixin.py:151} INFO - [2023-09-28T11:24:19.979+0000] {dag.py:2915} INFO - Sync 1 DAGs
[2023-09-28T11:24:19.994+0000] {logging_mixin.py:151} INFO - [2023-09-28T11:24:19.994+0000] {dag.py:3696} INFO - Setting next_dagrun for my_dag to 2023-09-27T00:00:00+00:00, run_after=2023-09-28T00:00:00+00:00
[2023-09-28T11:24:20.002+0000] {processor.py:179} INFO - Processing /opt/airflow/dags/first_dag.py took 0.074 seconds
